[2025-05-20T03:29:54.899+0000] {local_task_job_runner.py:123} INFO - ::group::Pre task execution logs
[2025-05-20T03:29:54.904+0000] {taskinstance.py:2612} INFO - Dependencies all met for dep_context=non-requeueable deps ti=<TaskInstance: kafka_to_minio_to_spark.kafka_producer scheduled__2025-05-20T01:00:00+00:00 [queued]>
[2025-05-20T03:29:54.907+0000] {taskinstance.py:2612} INFO - Dependencies all met for dep_context=requeueable deps ti=<TaskInstance: kafka_to_minio_to_spark.kafka_producer scheduled__2025-05-20T01:00:00+00:00 [queued]>
[2025-05-20T03:29:54.907+0000] {taskinstance.py:2865} INFO - Starting attempt 2 of 3
[2025-05-20T03:29:54.910+0000] {taskinstance.py:2888} INFO - Executing <Task(PythonOperator): kafka_producer> on 2025-05-20 01:00:00+00:00
[2025-05-20T03:29:54.912+0000] {standard_task_runner.py:72} INFO - Started process 64 to run task
[2025-05-20T03:29:54.914+0000] {standard_task_runner.py:104} INFO - Running: ['***', 'tasks', 'run', 'kafka_to_minio_to_spark', 'kafka_producer', 'scheduled__2025-05-20T01:00:00+00:00', '--job-id', '115', '--raw', '--subdir', 'DAGS_FOLDER/testlog_ml.py', '--cfg-path', '/tmp/tmpme158j95']
[2025-05-20T03:29:54.915+0000] {standard_task_runner.py:105} INFO - Job 115: Subtask kafka_producer
[2025-05-20T03:29:54.933+0000] {task_command.py:467} INFO - Running <TaskInstance: kafka_to_minio_to_spark.kafka_producer scheduled__2025-05-20T01:00:00+00:00 [running]> on host 84baf2b9d738
[2025-05-20T03:29:55.030+0000] {taskinstance.py:3131} INFO - Exporting env vars: AIRFLOW_CTX_DAG_OWNER='***' AIRFLOW_CTX_DAG_ID='kafka_to_minio_to_spark' AIRFLOW_CTX_TASK_ID='kafka_producer' AIRFLOW_CTX_EXECUTION_DATE='2025-05-20T01:00:00+00:00' AIRFLOW_CTX_TRY_NUMBER='2' AIRFLOW_CTX_DAG_RUN_ID='scheduled__2025-05-20T01:00:00+00:00'
[2025-05-20T03:29:55.031+0000] {taskinstance.py:731} INFO - ::endgroup::
[2025-05-20T03:29:55.041+0000] {conn.py:396} INFO - <BrokerConnection client_id=kafka-python-producer-1, node_id=bootstrap-0 host=host.docker.internal:9092 <connecting> [IPv4 ('192.168.65.254', 9092)]>: connecting to host.docker.internal:9092 [('192.168.65.254', 9092) IPv4]
[2025-05-20T03:29:55.044+0000] {conn.py:618} INFO - <BrokerConnection client_id=kafka-python-producer-1, node_id=bootstrap-0 host=host.docker.internal:9092 <checking_api_versions_recv> [IPv4 ('192.168.65.254', 9092)]>: Broker version identified as 2.6
[2025-05-20T03:29:55.044+0000] {conn.py:457} INFO - <BrokerConnection client_id=kafka-python-producer-1, node_id=bootstrap-0 host=host.docker.internal:9092 <connected> [IPv4 ('192.168.65.254', 9092)]>: Connection complete.
[2025-05-20T03:29:55.151+0000] {conn.py:396} INFO - <BrokerConnection client_id=kafka-python-producer-1, node_id=1 host=172.16.24.224:9092 <connecting> [IPv4 ('172.16.24.224', 9092)]>: connecting to 172.16.24.224:9092 [('172.16.24.224', 9092) IPv4]
[2025-05-20T03:29:55.152+0000] {conn.py:457} INFO - <BrokerConnection client_id=kafka-python-producer-1, node_id=1 host=172.16.24.224:9092 <connected> [IPv4 ('172.16.24.224', 9092)]>: Connection complete.
[2025-05-20T03:29:55.152+0000] {conn.py:945} INFO - <BrokerConnection client_id=kafka-python-producer-1, node_id=bootstrap-0 host=host.docker.internal:9092 <connected> [IPv4 ('192.168.65.254', 9092)]>: Closing connection. 
[2025-05-20T03:29:55.157+0000] {logging_mixin.py:190} INFO - 💌message is sending....
[2025-05-20T03:29:55.208+0000] {logging_mixin.py:190} INFO - 💌message is sending....
[2025-05-20T03:29:55.262+0000] {logging_mixin.py:190} INFO - 💌message is sending....
[2025-05-20T03:29:55.315+0000] {logging_mixin.py:190} INFO - 💌message is sending....
[2025-05-20T03:29:55.371+0000] {logging_mixin.py:190} INFO - 💌message is sending....
[2025-05-20T03:29:55.427+0000] {logging_mixin.py:190} INFO - 💌message is sending....
[2025-05-20T03:29:55.482+0000] {logging_mixin.py:190} INFO - 💌message is sending....
[2025-05-20T03:29:55.541+0000] {logging_mixin.py:190} INFO - 💌message is sending....
[2025-05-20T03:29:55.596+0000] {logging_mixin.py:190} INFO - 💌message is sending....
[2025-05-20T03:29:55.650+0000] {logging_mixin.py:190} INFO - 💌message is sending....
[2025-05-20T03:29:55.710+0000] {logging_mixin.py:190} INFO - 💌message is sending....
[2025-05-20T03:29:55.768+0000] {logging_mixin.py:190} INFO - 💌message is sending....
[2025-05-20T03:29:55.824+0000] {logging_mixin.py:190} INFO - 💌message is sending....
[2025-05-20T03:29:55.880+0000] {logging_mixin.py:190} INFO - 💌message is sending....
[2025-05-20T03:29:55.934+0000] {logging_mixin.py:190} INFO - 💌message is sending....
[2025-05-20T03:29:55.990+0000] {logging_mixin.py:190} INFO - 💌message is sending....
[2025-05-20T03:29:56.047+0000] {logging_mixin.py:190} INFO - 💌message is sending....
[2025-05-20T03:29:56.105+0000] {logging_mixin.py:190} INFO - 💌message is sending....
[2025-05-20T03:29:56.161+0000] {logging_mixin.py:190} INFO - 💌message is sending....
[2025-05-20T03:29:56.216+0000] {logging_mixin.py:190} INFO - 💌message is sending....
[2025-05-20T03:29:56.272+0000] {logging_mixin.py:190} INFO - 💌message is sending....
[2025-05-20T03:29:56.325+0000] {logging_mixin.py:190} INFO - 💌message is sending....
[2025-05-20T03:29:56.381+0000] {logging_mixin.py:190} INFO - 💌message is sending....
[2025-05-20T03:29:56.438+0000] {logging_mixin.py:190} INFO - 💌message is sending....
[2025-05-20T03:29:56.491+0000] {logging_mixin.py:190} INFO - 💌message is sending....
[2025-05-20T03:29:56.548+0000] {logging_mixin.py:190} INFO - 💌message is sending....
[2025-05-20T03:29:56.602+0000] {logging_mixin.py:190} INFO - 💌message is sending....
[2025-05-20T03:29:56.667+0000] {logging_mixin.py:190} INFO - 💌message is sending....
[2025-05-20T03:29:56.721+0000] {logging_mixin.py:190} INFO - 💌message is sending....
[2025-05-20T03:29:56.777+0000] {logging_mixin.py:190} INFO - 💌message is sending....
[2025-05-20T03:29:56.832+0000] {logging_mixin.py:190} INFO - 💌message is sending....
[2025-05-20T03:29:56.884+0000] {logging_mixin.py:190} INFO - 💌message is sending....
[2025-05-20T03:29:56.936+0000] {logging_mixin.py:190} INFO - 💌message is sending....
[2025-05-20T03:29:56.988+0000] {logging_mixin.py:190} INFO - 💌message is sending....
[2025-05-20T03:29:57.039+0000] {logging_mixin.py:190} INFO - 💌message is sending....
[2025-05-20T03:29:57.091+0000] {logging_mixin.py:190} INFO - 💌message is sending....
[2025-05-20T03:29:57.142+0000] {logging_mixin.py:190} INFO - 💌message is sending....
[2025-05-20T03:29:57.194+0000] {logging_mixin.py:190} INFO - 💌message is sending....
[2025-05-20T03:29:57.245+0000] {logging_mixin.py:190} INFO - 💌message is sending....
[2025-05-20T03:29:57.297+0000] {logging_mixin.py:190} INFO - 💌message is sending....
[2025-05-20T03:29:57.349+0000] {logging_mixin.py:190} INFO - 💌message is sending....
[2025-05-20T03:29:57.403+0000] {logging_mixin.py:190} INFO - 💌message is sending....
[2025-05-20T03:29:57.455+0000] {logging_mixin.py:190} INFO - 💌message is sending....
[2025-05-20T03:29:57.507+0000] {logging_mixin.py:190} INFO - 💌message is sending....
[2025-05-20T03:29:57.559+0000] {logging_mixin.py:190} INFO - 💌message is sending....
[2025-05-20T03:29:57.612+0000] {logging_mixin.py:190} INFO - 💌message is sending....
[2025-05-20T03:29:57.665+0000] {logging_mixin.py:190} INFO - 💌message is sending....
[2025-05-20T03:29:57.716+0000] {logging_mixin.py:190} INFO - 💌message is sending....
[2025-05-20T03:29:57.768+0000] {logging_mixin.py:190} INFO - 💌message is sending....
[2025-05-20T03:29:57.819+0000] {logging_mixin.py:190} INFO - 💌message is sending....
[2025-05-20T03:29:57.871+0000] {logging_mixin.py:190} INFO - 💌message is sending....
[2025-05-20T03:29:57.922+0000] {logging_mixin.py:190} INFO - 💌message is sending....
[2025-05-20T03:29:57.975+0000] {logging_mixin.py:190} INFO - 💌message is sending....
[2025-05-20T03:29:58.027+0000] {logging_mixin.py:190} INFO - 💌message is sending....
[2025-05-20T03:29:58.078+0000] {logging_mixin.py:190} INFO - 💌message is sending....
[2025-05-20T03:29:58.130+0000] {logging_mixin.py:190} INFO - 💌message is sending....
[2025-05-20T03:29:58.182+0000] {logging_mixin.py:190} INFO - 💌message is sending....
[2025-05-20T03:29:58.235+0000] {logging_mixin.py:190} INFO - 💌message is sending....
[2025-05-20T03:29:58.286+0000] {logging_mixin.py:190} INFO - 💌message is sending....
[2025-05-20T03:29:58.337+0000] {logging_mixin.py:190} INFO - 💌message is sending....
[2025-05-20T03:29:58.389+0000] {logging_mixin.py:190} INFO - 💌message is sending....
[2025-05-20T03:29:58.442+0000] {logging_mixin.py:190} INFO - 💌message is sending....
[2025-05-20T03:29:58.499+0000] {logging_mixin.py:190} INFO - 💌message is sending....
[2025-05-20T03:29:58.555+0000] {logging_mixin.py:190} INFO - 💌message is sending....
[2025-05-20T03:29:58.610+0000] {logging_mixin.py:190} INFO - 💌message is sending....
[2025-05-20T03:29:58.667+0000] {logging_mixin.py:190} INFO - 💌message is sending....
[2025-05-20T03:29:58.727+0000] {logging_mixin.py:190} INFO - 💌message is sending....
[2025-05-20T03:29:58.783+0000] {logging_mixin.py:190} INFO - 💌message is sending....
[2025-05-20T03:29:58.838+0000] {logging_mixin.py:190} INFO - 💌message is sending....
[2025-05-20T03:29:58.898+0000] {logging_mixin.py:190} INFO - 💌message is sending....
[2025-05-20T03:29:58.955+0000] {logging_mixin.py:190} INFO - 💌message is sending....
[2025-05-20T03:29:59.010+0000] {logging_mixin.py:190} INFO - 💌message is sending....
[2025-05-20T03:29:59.071+0000] {logging_mixin.py:190} INFO - 💌message is sending....
[2025-05-20T03:29:59.126+0000] {logging_mixin.py:190} INFO - 💌message is sending....
[2025-05-20T03:29:59.182+0000] {logging_mixin.py:190} INFO - 💌message is sending....
[2025-05-20T03:29:59.237+0000] {logging_mixin.py:190} INFO - 💌message is sending....
[2025-05-20T03:29:59.291+0000] {logging_mixin.py:190} INFO - 💌message is sending....
[2025-05-20T03:29:59.346+0000] {logging_mixin.py:190} INFO - 💌message is sending....
[2025-05-20T03:29:59.398+0000] {logging_mixin.py:190} INFO - 💌message is sending....
[2025-05-20T03:29:59.451+0000] {logging_mixin.py:190} INFO - 💌message is sending....
[2025-05-20T03:29:59.505+0000] {logging_mixin.py:190} INFO - 💌message is sending....
[2025-05-20T03:29:59.561+0000] {logging_mixin.py:190} INFO - 💌message is sending....
[2025-05-20T03:29:59.615+0000] {logging_mixin.py:190} INFO - 💌message is sending....
[2025-05-20T03:29:59.668+0000] {logging_mixin.py:190} INFO - 💌message is sending....
[2025-05-20T03:29:59.722+0000] {logging_mixin.py:190} INFO - 💌message is sending....
[2025-05-20T03:29:59.774+0000] {logging_mixin.py:190} INFO - 💌message is sending....
[2025-05-20T03:29:59.831+0000] {logging_mixin.py:190} INFO - 💌message is sending....
[2025-05-20T03:29:59.887+0000] {logging_mixin.py:190} INFO - 💌message is sending....
[2025-05-20T03:29:59.941+0000] {logging_mixin.py:190} INFO - 💌message is sending....
[2025-05-20T03:29:59.993+0000] {logging_mixin.py:190} INFO - 💌message is sending....
[2025-05-20T03:30:00.046+0000] {logging_mixin.py:190} INFO - 💌message is sending....
[2025-05-20T03:30:00.101+0000] {logging_mixin.py:190} INFO - 💌message is sending....
[2025-05-20T03:30:00.153+0000] {logging_mixin.py:190} INFO - 💌message is sending....
[2025-05-20T03:30:00.208+0000] {logging_mixin.py:190} INFO - 💌message is sending....
[2025-05-20T03:30:00.261+0000] {logging_mixin.py:190} INFO - 💌message is sending....
[2025-05-20T03:30:00.316+0000] {logging_mixin.py:190} INFO - 💌message is sending....
[2025-05-20T03:30:00.370+0000] {logging_mixin.py:190} INFO - 💌message is sending....
[2025-05-20T03:30:00.423+0000] {logging_mixin.py:190} INFO - 💌message is sending....
[2025-05-20T03:30:00.477+0000] {logging_mixin.py:190} INFO - 💌message is sending....
[2025-05-20T03:30:00.533+0000] {logging_mixin.py:190} INFO - 💌message is sending....
[2025-05-20T03:30:00.586+0000] {logging_mixin.py:190} INFO - 💌message is sending....
[2025-05-20T03:30:00.639+0000] {logging_mixin.py:190} INFO - 💌message is sending....
[2025-05-20T03:30:00.693+0000] {logging_mixin.py:190} INFO - 💌message is sending....
[2025-05-20T03:30:00.746+0000] {logging_mixin.py:190} INFO - 💌message is sending....
[2025-05-20T03:30:00.800+0000] {logging_mixin.py:190} INFO - 💌message is sending....
[2025-05-20T03:30:00.851+0000] {logging_mixin.py:190} INFO - 💌message is sending....
[2025-05-20T03:30:00.904+0000] {logging_mixin.py:190} INFO - 💌message is sending....
[2025-05-20T03:30:00.957+0000] {logging_mixin.py:190} INFO - 💌message is sending....
[2025-05-20T03:30:01.014+0000] {logging_mixin.py:190} INFO - 💌message is sending....
[2025-05-20T03:30:01.071+0000] {logging_mixin.py:190} INFO - 💌message is sending....
[2025-05-20T03:30:01.129+0000] {logging_mixin.py:190} INFO - 💌message is sending....
[2025-05-20T03:30:01.185+0000] {logging_mixin.py:190} INFO - 💌message is sending....
[2025-05-20T03:30:01.240+0000] {logging_mixin.py:190} INFO - 💌message is sending....
[2025-05-20T03:30:01.295+0000] {logging_mixin.py:190} INFO - 💌message is sending....
[2025-05-20T03:30:01.348+0000] {logging_mixin.py:190} INFO - 💌message is sending....
[2025-05-20T03:30:01.402+0000] {logging_mixin.py:190} INFO - 💌message is sending....
[2025-05-20T03:30:01.457+0000] {logging_mixin.py:190} INFO - 💌message is sending....
[2025-05-20T03:30:01.514+0000] {logging_mixin.py:190} INFO - 💌message is sending....
[2025-05-20T03:30:01.571+0000] {logging_mixin.py:190} INFO - 💌message is sending....
[2025-05-20T03:30:01.627+0000] {logging_mixin.py:190} INFO - 💌message is sending....
[2025-05-20T03:30:01.682+0000] {logging_mixin.py:190} INFO - 💌message is sending....
[2025-05-20T03:30:01.736+0000] {logging_mixin.py:190} INFO - 💌message is sending....
[2025-05-20T03:30:01.791+0000] {logging_mixin.py:190} INFO - 💌message is sending....
[2025-05-20T03:30:01.849+0000] {logging_mixin.py:190} INFO - 💌message is sending....
[2025-05-20T03:30:01.907+0000] {logging_mixin.py:190} INFO - 💌message is sending....
[2025-05-20T03:30:01.962+0000] {logging_mixin.py:190} INFO - 💌message is sending....
[2025-05-20T03:30:02.021+0000] {logging_mixin.py:190} INFO - 💌message is sending....
[2025-05-20T03:30:02.077+0000] {logging_mixin.py:190} INFO - 💌message is sending....
[2025-05-20T03:30:02.131+0000] {logging_mixin.py:190} INFO - 💌message is sending....
[2025-05-20T03:30:02.187+0000] {logging_mixin.py:190} INFO - 💌message is sending....
[2025-05-20T03:30:02.243+0000] {logging_mixin.py:190} INFO - 💌message is sending....
[2025-05-20T03:30:02.297+0000] {logging_mixin.py:190} INFO - 💌message is sending....
[2025-05-20T03:30:02.349+0000] {logging_mixin.py:190} INFO - 💌message is sending....
[2025-05-20T03:30:02.402+0000] {logging_mixin.py:190} INFO - 💌message is sending....
[2025-05-20T03:30:02.456+0000] {logging_mixin.py:190} INFO - 💌message is sending....
[2025-05-20T03:30:02.510+0000] {logging_mixin.py:190} INFO - 💌message is sending....
[2025-05-20T03:30:02.566+0000] {logging_mixin.py:190} INFO - 💌message is sending....
[2025-05-20T03:30:02.622+0000] {logging_mixin.py:190} INFO - 💌message is sending....
[2025-05-20T03:30:02.681+0000] {logging_mixin.py:190} INFO - 💌message is sending....
[2025-05-20T03:30:02.739+0000] {logging_mixin.py:190} INFO - 💌message is sending....
[2025-05-20T03:30:02.798+0000] {logging_mixin.py:190} INFO - 💌message is sending....
[2025-05-20T03:30:02.855+0000] {logging_mixin.py:190} INFO - 💌message is sending....
[2025-05-20T03:30:02.913+0000] {logging_mixin.py:190} INFO - 💌message is sending....
[2025-05-20T03:30:02.968+0000] {logging_mixin.py:190} INFO - 💌message is sending....
[2025-05-20T03:30:03.025+0000] {logging_mixin.py:190} INFO - 💌message is sending....
[2025-05-20T03:30:03.080+0000] {logging_mixin.py:190} INFO - 💌message is sending....
[2025-05-20T03:30:03.136+0000] {logging_mixin.py:190} INFO - 💌message is sending....
[2025-05-20T03:30:03.193+0000] {logging_mixin.py:190} INFO - 💌message is sending....
[2025-05-20T03:30:03.249+0000] {logging_mixin.py:190} INFO - 💌message is sending....
[2025-05-20T03:30:03.306+0000] {logging_mixin.py:190} INFO - 💌message is sending....
[2025-05-20T03:30:03.361+0000] {logging_mixin.py:190} INFO - 💌message is sending....
[2025-05-20T03:30:03.414+0000] {logging_mixin.py:190} INFO - 💌message is sending....
[2025-05-20T03:30:03.467+0000] {logging_mixin.py:190} INFO - 💌message is sending....
[2025-05-20T03:30:03.521+0000] {logging_mixin.py:190} INFO - 💌message is sending....
[2025-05-20T03:30:03.575+0000] {logging_mixin.py:190} INFO - 💌message is sending....
[2025-05-20T03:30:03.627+0000] {logging_mixin.py:190} INFO - 💌message is sending....
[2025-05-20T03:30:03.681+0000] {logging_mixin.py:190} INFO - 💌message is sending....
[2025-05-20T03:30:03.734+0000] {logging_mixin.py:190} INFO - 💌message is sending....
[2025-05-20T03:30:03.788+0000] {logging_mixin.py:190} INFO - 💌message is sending....
[2025-05-20T03:30:03.841+0000] {logging_mixin.py:190} INFO - 💌message is sending....
[2025-05-20T03:30:03.893+0000] {logging_mixin.py:190} INFO - 💌message is sending....
[2025-05-20T03:30:03.946+0000] {logging_mixin.py:190} INFO - 💌message is sending....
[2025-05-20T03:30:04.004+0000] {logging_mixin.py:190} INFO - 💌message is sending....
[2025-05-20T03:30:04.060+0000] {logging_mixin.py:190} INFO - 💌message is sending....
[2025-05-20T03:30:04.116+0000] {logging_mixin.py:190} INFO - 💌message is sending....
[2025-05-20T03:30:04.171+0000] {logging_mixin.py:190} INFO - 💌message is sending....
[2025-05-20T03:30:04.224+0000] {logging_mixin.py:190} INFO - 💌message is sending....
[2025-05-20T03:30:04.277+0000] {logging_mixin.py:190} INFO - 💌message is sending....
[2025-05-20T03:30:04.330+0000] {logging_mixin.py:190} INFO - 💌message is sending....
[2025-05-20T03:30:04.383+0000] {logging_mixin.py:190} INFO - 💌message is sending....
[2025-05-20T03:30:04.436+0000] {logging_mixin.py:190} INFO - 💌message is sending....
[2025-05-20T03:30:04.487+0000] {logging_mixin.py:190} INFO - 💌message is sending....
[2025-05-20T03:30:04.538+0000] {logging_mixin.py:190} INFO - 💌message is sending....
[2025-05-20T03:30:04.590+0000] {logging_mixin.py:190} INFO - 💌message is sending....
[2025-05-20T03:30:04.643+0000] {logging_mixin.py:190} INFO - 💌message is sending....
[2025-05-20T03:30:04.695+0000] {logging_mixin.py:190} INFO - 💌message is sending....
[2025-05-20T03:30:04.747+0000] {logging_mixin.py:190} INFO - 💌message is sending....
[2025-05-20T03:30:04.798+0000] {logging_mixin.py:190} INFO - 💌message is sending....
[2025-05-20T03:30:04.854+0000] {logging_mixin.py:190} INFO - 💌message is sending....
[2025-05-20T03:30:04.909+0000] {logging_mixin.py:190} INFO - 💌message is sending....
[2025-05-20T03:30:04.966+0000] {logging_mixin.py:190} INFO - 💌message is sending....
[2025-05-20T03:30:05.018+0000] {logging_mixin.py:190} INFO - 💌message is sending....
[2025-05-20T03:30:05.069+0000] {logging_mixin.py:190} INFO - 💌message is sending....
[2025-05-20T03:30:05.123+0000] {logging_mixin.py:190} INFO - 💌message is sending....
[2025-05-20T03:30:05.179+0000] {logging_mixin.py:190} INFO - 💌message is sending....
[2025-05-20T03:30:05.234+0000] {logging_mixin.py:190} INFO - 💌message is sending....
[2025-05-20T03:30:05.289+0000] {logging_mixin.py:190} INFO - 💌message is sending....
[2025-05-20T03:30:05.342+0000] {logging_mixin.py:190} INFO - 💌message is sending....
[2025-05-20T03:30:05.396+0000] {logging_mixin.py:190} INFO - 💌message is sending....
[2025-05-20T03:30:05.449+0000] {logging_mixin.py:190} INFO - 💌message is sending....
[2025-05-20T03:30:05.507+0000] {logging_mixin.py:190} INFO - 💌message is sending....
[2025-05-20T03:30:05.561+0000] {logging_mixin.py:190} INFO - 💌message is sending....
[2025-05-20T03:30:05.618+0000] {logging_mixin.py:190} INFO - 💌message is sending....
[2025-05-20T03:30:05.672+0000] {logging_mixin.py:190} INFO - 💌message is sending....
[2025-05-20T03:30:05.733+0000] {logging_mixin.py:190} INFO - 💌message is sending....
[2025-05-20T03:30:05.789+0000] {logging_mixin.py:190} INFO - 💌message is sending....
[2025-05-20T03:30:05.847+0000] {logging_mixin.py:190} INFO - 💌message is sending....
[2025-05-20T03:30:05.901+0000] {logging_mixin.py:190} INFO - 💌message is sending....
[2025-05-20T03:30:05.956+0000] {logging_mixin.py:190} INFO - 💌message is sending....
[2025-05-20T03:30:06.011+0000] {logging_mixin.py:190} INFO - 💌message is sending....
[2025-05-20T03:30:06.065+0000] {logging_mixin.py:190} INFO - 💌message is sending....
[2025-05-20T03:30:06.119+0000] {logging_mixin.py:190} INFO - 💌message is sending....
[2025-05-20T03:30:06.174+0000] {logging_mixin.py:190} INFO - 💌message is sending....
[2025-05-20T03:30:06.230+0000] {logging_mixin.py:190} INFO - 💌message is sending....
[2025-05-20T03:30:06.284+0000] {logging_mixin.py:190} INFO - 💌message is sending....
[2025-05-20T03:30:06.339+0000] {logging_mixin.py:190} INFO - 💌message is sending....
[2025-05-20T03:30:06.393+0000] {logging_mixin.py:190} INFO - 💌message is sending....
[2025-05-20T03:30:06.447+0000] {logging_mixin.py:190} INFO - 💌message is sending....
[2025-05-20T03:30:06.501+0000] {logging_mixin.py:190} INFO - 💌message is sending....
[2025-05-20T03:30:06.557+0000] {logging_mixin.py:190} INFO - 💌message is sending....
[2025-05-20T03:30:06.611+0000] {logging_mixin.py:190} INFO - 💌message is sending....
[2025-05-20T03:30:06.664+0000] {logging_mixin.py:190} INFO - 💌message is sending....
[2025-05-20T03:30:06.716+0000] {logging_mixin.py:190} INFO - 💌message is sending....
[2025-05-20T03:30:06.771+0000] {logging_mixin.py:190} INFO - 💌message is sending....
[2025-05-20T03:30:06.827+0000] {logging_mixin.py:190} INFO - 💌message is sending....
[2025-05-20T03:30:06.883+0000] {logging_mixin.py:190} INFO - 💌message is sending....
[2025-05-20T03:30:06.937+0000] {logging_mixin.py:190} INFO - 💌message is sending....
[2025-05-20T03:30:06.991+0000] {logging_mixin.py:190} INFO - 💌message is sending....
[2025-05-20T03:30:07.048+0000] {logging_mixin.py:190} INFO - 💌message is sending....
[2025-05-20T03:30:07.100+0000] {logging_mixin.py:190} INFO - 💌message is sending....
[2025-05-20T03:30:07.156+0000] {logging_mixin.py:190} INFO - 💌message is sending....
[2025-05-20T03:30:07.210+0000] {logging_mixin.py:190} INFO - 💌message is sending....
[2025-05-20T03:30:07.262+0000] {logging_mixin.py:190} INFO - 💌message is sending....
[2025-05-20T03:30:07.314+0000] {logging_mixin.py:190} INFO - 💌message is sending....
[2025-05-20T03:30:07.365+0000] {logging_mixin.py:190} INFO - 💌message is sending....
[2025-05-20T03:30:07.416+0000] {logging_mixin.py:190} INFO - 💌message is sending....
[2025-05-20T03:30:07.468+0000] {logging_mixin.py:190} INFO - 💌message is sending....
[2025-05-20T03:30:07.521+0000] {logging_mixin.py:190} INFO - 💌message is sending....
[2025-05-20T03:30:07.572+0000] {logging_mixin.py:190} INFO - 💌message is sending....
[2025-05-20T03:30:07.629+0000] {logging_mixin.py:190} INFO - 💌message is sending....
[2025-05-20T03:30:07.686+0000] {logging_mixin.py:190} INFO - 💌message is sending....
[2025-05-20T03:30:07.741+0000] {logging_mixin.py:190} INFO - 💌message is sending....
[2025-05-20T03:30:07.794+0000] {logging_mixin.py:190} INFO - 💌message is sending....
[2025-05-20T03:30:07.845+0000] {logging_mixin.py:190} INFO - 💌message is sending....
[2025-05-20T03:30:07.898+0000] {logging_mixin.py:190} INFO - 💌message is sending....
[2025-05-20T03:30:07.950+0000] {logging_mixin.py:190} INFO - 💌message is sending....
[2025-05-20T03:30:08.002+0000] {logging_mixin.py:190} INFO - 💌message is sending....
[2025-05-20T03:30:08.055+0000] {logging_mixin.py:190} INFO - 💌message is sending....
[2025-05-20T03:30:08.108+0000] {logging_mixin.py:190} INFO - 💌message is sending....
[2025-05-20T03:30:08.162+0000] {logging_mixin.py:190} INFO - 💌message is sending....
[2025-05-20T03:30:08.216+0000] {logging_mixin.py:190} INFO - 💌message is sending....
[2025-05-20T03:30:08.272+0000] {logging_mixin.py:190} INFO - 💌message is sending....
[2025-05-20T03:30:08.327+0000] {logging_mixin.py:190} INFO - 💌message is sending....
[2025-05-20T03:30:08.382+0000] {logging_mixin.py:190} INFO - 💌message is sending....
[2025-05-20T03:30:08.434+0000] {logging_mixin.py:190} INFO - 💌message is sending....
[2025-05-20T03:30:08.489+0000] {logging_mixin.py:190} INFO - 💌message is sending....
[2025-05-20T03:30:08.546+0000] {logging_mixin.py:190} INFO - 💌message is sending....
[2025-05-20T03:30:08.602+0000] {logging_mixin.py:190} INFO - 💌message is sending....
[2025-05-20T03:30:08.661+0000] {logging_mixin.py:190} INFO - 💌message is sending....
[2025-05-20T03:30:08.715+0000] {logging_mixin.py:190} INFO - 💌message is sending....
[2025-05-20T03:30:08.772+0000] {logging_mixin.py:190} INFO - 💌message is sending....
[2025-05-20T03:30:08.827+0000] {logging_mixin.py:190} INFO - 💌message is sending....
[2025-05-20T03:30:08.884+0000] {logging_mixin.py:190} INFO - 💌message is sending....
[2025-05-20T03:30:08.939+0000] {logging_mixin.py:190} INFO - 💌message is sending....
[2025-05-20T03:30:08.995+0000] {logging_mixin.py:190} INFO - 💌message is sending....
[2025-05-20T03:30:09.052+0000] {logging_mixin.py:190} INFO - 💌message is sending....
[2025-05-20T03:30:09.107+0000] {logging_mixin.py:190} INFO - 💌message is sending....
[2025-05-20T03:30:09.163+0000] {logging_mixin.py:190} INFO - 💌message is sending....
[2025-05-20T03:30:09.217+0000] {logging_mixin.py:190} INFO - 💌message is sending....
[2025-05-20T03:30:09.273+0000] {logging_mixin.py:190} INFO - 💌message is sending....
[2025-05-20T03:30:09.327+0000] {logging_mixin.py:190} INFO - 💌message is sending....
[2025-05-20T03:30:09.383+0000] {logging_mixin.py:190} INFO - 💌message is sending....
[2025-05-20T03:30:09.439+0000] {logging_mixin.py:190} INFO - 💌message is sending....
[2025-05-20T03:30:09.493+0000] {logging_mixin.py:190} INFO - 💌message is sending....
[2025-05-20T03:30:09.549+0000] {logging_mixin.py:190} INFO - 💌message is sending....
[2025-05-20T03:30:09.609+0000] {logging_mixin.py:190} INFO - 💌message is sending....
[2025-05-20T03:30:09.665+0000] {logging_mixin.py:190} INFO - 💌message is sending....
[2025-05-20T03:30:09.717+0000] {logging_mixin.py:190} INFO - 💌message is sending....
[2025-05-20T03:30:09.770+0000] {logging_mixin.py:190} INFO - 💌message is sending....
[2025-05-20T03:30:09.823+0000] {logging_mixin.py:190} INFO - 💌message is sending....
[2025-05-20T03:30:09.876+0000] {logging_mixin.py:190} INFO - 💌message is sending....
[2025-05-20T03:30:09.929+0000] {logging_mixin.py:190} INFO - 💌message is sending....
[2025-05-20T03:30:09.983+0000] {logging_mixin.py:190} INFO - 💌message is sending....
[2025-05-20T03:30:10.038+0000] {logging_mixin.py:190} INFO - 💌message is sending....
[2025-05-20T03:30:10.099+0000] {logging_mixin.py:190} INFO - 💌message is sending....
[2025-05-20T03:30:10.155+0000] {logging_mixin.py:190} INFO - 💌message is sending....
[2025-05-20T03:30:10.209+0000] {logging_mixin.py:190} INFO - 💌message is sending....
[2025-05-20T03:30:10.264+0000] {logging_mixin.py:190} INFO - 💌message is sending....
[2025-05-20T03:30:10.319+0000] {logging_mixin.py:190} INFO - 💌message is sending....
[2025-05-20T03:30:10.372+0000] {logging_mixin.py:190} INFO - 💌message is sending....
[2025-05-20T03:30:10.426+0000] {logging_mixin.py:190} INFO - 💌message is sending....
[2025-05-20T03:30:10.480+0000] {logging_mixin.py:190} INFO - 💌message is sending....
[2025-05-20T03:30:10.535+0000] {logging_mixin.py:190} INFO - 💌message is sending....
[2025-05-20T03:30:10.591+0000] {logging_mixin.py:190} INFO - 💌message is sending....
[2025-05-20T03:30:10.647+0000] {logging_mixin.py:190} INFO - 💌message is sending....
[2025-05-20T03:30:10.704+0000] {logging_mixin.py:190} INFO - 💌message is sending....
[2025-05-20T03:30:10.759+0000] {logging_mixin.py:190} INFO - 💌message is sending....
[2025-05-20T03:30:10.814+0000] {logging_mixin.py:190} INFO - 💌message is sending....
[2025-05-20T03:30:10.871+0000] {logging_mixin.py:190} INFO - 💌message is sending....
[2025-05-20T03:30:10.928+0000] {logging_mixin.py:190} INFO - 💌message is sending....
[2025-05-20T03:30:10.984+0000] {logging_mixin.py:190} INFO - 💌message is sending....
[2025-05-20T03:30:11.044+0000] {logging_mixin.py:190} INFO - 💌message is sending....
[2025-05-20T03:30:11.099+0000] {logging_mixin.py:190} INFO - 💌message is sending....
[2025-05-20T03:30:11.154+0000] {logging_mixin.py:190} INFO - 💌message is sending....
[2025-05-20T03:30:11.209+0000] {logging_mixin.py:190} INFO - 💌message is sending....
[2025-05-20T03:30:11.264+0000] {logging_mixin.py:190} INFO - 💌message is sending....
[2025-05-20T03:30:11.323+0000] {logging_mixin.py:190} INFO - 💌message is sending....
[2025-05-20T03:30:11.377+0000] {logging_mixin.py:190} INFO - 💌message is sending....
[2025-05-20T03:30:11.431+0000] {logging_mixin.py:190} INFO - 💌message is sending....
[2025-05-20T03:30:11.485+0000] {logging_mixin.py:190} INFO - 💌message is sending....
[2025-05-20T03:30:11.541+0000] {logging_mixin.py:190} INFO - 💌message is sending....
[2025-05-20T03:30:11.596+0000] {logging_mixin.py:190} INFO - 💌message is sending....
[2025-05-20T03:30:11.654+0000] {logging_mixin.py:190} INFO - 💌message is sending....
[2025-05-20T03:30:11.709+0000] {logging_mixin.py:190} INFO - 💌message is sending....
[2025-05-20T03:30:11.764+0000] {logging_mixin.py:190} INFO - 💌message is sending....
[2025-05-20T03:30:11.819+0000] {logging_mixin.py:190} INFO - 💌message is sending....
[2025-05-20T03:30:11.873+0000] {logging_mixin.py:190} INFO - 💌message is sending....
[2025-05-20T03:30:11.932+0000] {logging_mixin.py:190} INFO - 💌message is sending....
[2025-05-20T03:30:11.987+0000] {logging_mixin.py:190} INFO - 💌message is sending....
[2025-05-20T03:30:12.044+0000] {logging_mixin.py:190} INFO - 💌message is sending....
[2025-05-20T03:30:12.103+0000] {logging_mixin.py:190} INFO - 💌message is sending....
[2025-05-20T03:30:12.157+0000] {logging_mixin.py:190} INFO - 💌message is sending....
[2025-05-20T03:30:12.214+0000] {logging_mixin.py:190} INFO - 💌message is sending....
[2025-05-20T03:30:12.269+0000] {logging_mixin.py:190} INFO - 💌message is sending....
[2025-05-20T03:30:12.324+0000] {logging_mixin.py:190} INFO - 💌message is sending....
[2025-05-20T03:30:12.378+0000] {logging_mixin.py:190} INFO - 💌message is sending....
[2025-05-20T03:30:12.431+0000] {logging_mixin.py:190} INFO - 💌message is sending....
[2025-05-20T03:30:12.486+0000] {logging_mixin.py:190} INFO - 💌message is sending....
[2025-05-20T03:30:12.541+0000] {logging_mixin.py:190} INFO - 💌message is sending....
[2025-05-20T03:30:12.596+0000] {logging_mixin.py:190} INFO - 💌message is sending....
[2025-05-20T03:30:12.652+0000] {logging_mixin.py:190} INFO - 💌message is sending....
[2025-05-20T03:30:12.706+0000] {logging_mixin.py:190} INFO - 💌message is sending....
[2025-05-20T03:30:12.761+0000] {logging_mixin.py:190} INFO - 💌message is sending....
[2025-05-20T03:30:12.819+0000] {logging_mixin.py:190} INFO - 💌message is sending....
[2025-05-20T03:30:12.876+0000] {logging_mixin.py:190} INFO - 💌message is sending....
[2025-05-20T03:30:12.931+0000] {logging_mixin.py:190} INFO - 💌message is sending....
[2025-05-20T03:30:12.983+0000] {logging_mixin.py:190} INFO - 💌message is sending....
[2025-05-20T03:30:13.035+0000] {logging_mixin.py:190} INFO - 💌message is sending....
[2025-05-20T03:30:13.088+0000] {logging_mixin.py:190} INFO - 💌message is sending....
[2025-05-20T03:30:13.143+0000] {logging_mixin.py:190} INFO - 💌message is sending....
[2025-05-20T03:30:13.196+0000] {logging_mixin.py:190} INFO - 💌message is sending....
[2025-05-20T03:30:13.250+0000] {logging_mixin.py:190} INFO - 💌message is sending....
[2025-05-20T03:30:13.305+0000] {logging_mixin.py:190} INFO - 💌message is sending....
[2025-05-20T03:30:13.360+0000] {logging_mixin.py:190} INFO - 💌message is sending....
[2025-05-20T03:30:13.415+0000] {logging_mixin.py:190} INFO - 💌message is sending....
[2025-05-20T03:30:13.470+0000] {logging_mixin.py:190} INFO - 💌message is sending....
[2025-05-20T03:30:13.522+0000] {logging_mixin.py:190} INFO - 💌message is sending....
[2025-05-20T03:30:13.576+0000] {logging_mixin.py:190} INFO - 💌message is sending....
[2025-05-20T03:30:13.628+0000] {logging_mixin.py:190} INFO - 💌message is sending....
[2025-05-20T03:30:13.682+0000] {logging_mixin.py:190} INFO - 💌message is sending....
[2025-05-20T03:30:13.738+0000] {logging_mixin.py:190} INFO - 💌message is sending....
[2025-05-20T03:30:13.794+0000] {logging_mixin.py:190} INFO - 💌message is sending....
[2025-05-20T03:30:13.850+0000] {logging_mixin.py:190} INFO - 💌message is sending....
[2025-05-20T03:30:13.905+0000] {logging_mixin.py:190} INFO - 💌message is sending....
[2025-05-20T03:30:13.961+0000] {logging_mixin.py:190} INFO - 💌message is sending....
[2025-05-20T03:30:14.016+0000] {logging_mixin.py:190} INFO - 💌message is sending....
[2025-05-20T03:30:14.073+0000] {logging_mixin.py:190} INFO - 💌message is sending....
[2025-05-20T03:30:14.128+0000] {logging_mixin.py:190} INFO - 💌message is sending....
[2025-05-20T03:30:14.184+0000] {logging_mixin.py:190} INFO - 💌message is sending....
[2025-05-20T03:30:14.243+0000] {logging_mixin.py:190} INFO - 💌message is sending....
[2025-05-20T03:30:14.298+0000] {logging_mixin.py:190} INFO - 💌message is sending....
[2025-05-20T03:30:14.353+0000] {logging_mixin.py:190} INFO - 💌message is sending....
[2025-05-20T03:30:14.410+0000] {logging_mixin.py:190} INFO - 💌message is sending....
[2025-05-20T03:30:14.464+0000] {logging_mixin.py:190} INFO - 💌message is sending....
[2025-05-20T03:30:14.517+0000] {logging_mixin.py:190} INFO - 💌message is sending....
[2025-05-20T03:30:14.568+0000] {logging_mixin.py:190} INFO - 💌message is sending....
[2025-05-20T03:30:14.621+0000] {logging_mixin.py:190} INFO - 💌message is sending....
[2025-05-20T03:30:14.677+0000] {logging_mixin.py:190} INFO - 💌message is sending....
[2025-05-20T03:30:14.729+0000] {logging_mixin.py:190} INFO - 💌message is sending....
[2025-05-20T03:30:14.782+0000] {logging_mixin.py:190} INFO - 💌message is sending....
[2025-05-20T03:30:14.838+0000] {logging_mixin.py:190} INFO - 💌message is sending....
[2025-05-20T03:30:14.892+0000] {logging_mixin.py:190} INFO - 💌message is sending....
[2025-05-20T03:30:14.951+0000] {logging_mixin.py:190} INFO - 💌message is sending....
[2025-05-20T03:30:15.006+0000] {logging_mixin.py:190} INFO - 💌message is sending....
[2025-05-20T03:30:15.060+0000] {logging_mixin.py:190} INFO - 💌message is sending....
[2025-05-20T03:30:15.113+0000] {logging_mixin.py:190} INFO - 💌message is sending....
[2025-05-20T03:30:15.168+0000] {logging_mixin.py:190} INFO - 💌message is sending....
[2025-05-20T03:30:15.222+0000] {logging_mixin.py:190} INFO - 💌message is sending....
[2025-05-20T03:30:15.277+0000] {logging_mixin.py:190} INFO - 💌message is sending....
[2025-05-20T03:30:15.331+0000] {logging_mixin.py:190} INFO - 💌message is sending....
[2025-05-20T03:30:15.384+0000] {logging_mixin.py:190} INFO - 💌message is sending....
[2025-05-20T03:30:15.438+0000] {logging_mixin.py:190} INFO - 💌message is sending....
[2025-05-20T03:30:15.493+0000] {logging_mixin.py:190} INFO - 💌message is sending....
[2025-05-20T03:30:15.549+0000] {logging_mixin.py:190} INFO - 💌message is sending....
[2025-05-20T03:30:15.605+0000] {logging_mixin.py:190} INFO - 💌message is sending....
[2025-05-20T03:30:15.662+0000] {logging_mixin.py:190} INFO - 💌message is sending....
[2025-05-20T03:30:15.721+0000] {logging_mixin.py:190} INFO - 💌message is sending....
[2025-05-20T03:30:15.776+0000] {logging_mixin.py:190} INFO - 💌message is sending....
[2025-05-20T03:30:15.830+0000] {logging_mixin.py:190} INFO - 💌message is sending....
[2025-05-20T03:30:15.884+0000] {logging_mixin.py:190} INFO - 💌message is sending....
[2025-05-20T03:30:15.940+0000] {logging_mixin.py:190} INFO - 💌message is sending....
[2025-05-20T03:30:15.994+0000] {logging_mixin.py:190} INFO - 💌message is sending....
[2025-05-20T03:30:16.049+0000] {logging_mixin.py:190} INFO - 💌message is sending....
[2025-05-20T03:30:16.104+0000] {logging_mixin.py:190} INFO - 💌message is sending....
[2025-05-20T03:30:16.158+0000] {logging_mixin.py:190} INFO - 💌message is sending....
[2025-05-20T03:30:16.214+0000] {logging_mixin.py:190} INFO - 💌message is sending....
[2025-05-20T03:30:16.269+0000] {logging_mixin.py:190} INFO - 💌message is sending....
[2025-05-20T03:30:16.325+0000] {logging_mixin.py:190} INFO - 💌message is sending....
[2025-05-20T03:30:16.379+0000] {logging_mixin.py:190} INFO - 💌message is sending....
[2025-05-20T03:30:16.434+0000] {logging_mixin.py:190} INFO - 💌message is sending....
[2025-05-20T03:30:16.487+0000] {logging_mixin.py:190} INFO - 💌message is sending....
[2025-05-20T03:30:16.543+0000] {logging_mixin.py:190} INFO - 💌message is sending....
[2025-05-20T03:30:16.597+0000] {logging_mixin.py:190} INFO - 💌message is sending....
[2025-05-20T03:30:16.651+0000] {logging_mixin.py:190} INFO - 💌message is sending....
[2025-05-20T03:30:16.706+0000] {logging_mixin.py:190} INFO - 💌message is sending....
[2025-05-20T03:30:16.762+0000] {logging_mixin.py:190} INFO - 💌message is sending....
[2025-05-20T03:30:16.818+0000] {logging_mixin.py:190} INFO - 💌message is sending....
[2025-05-20T03:30:16.878+0000] {logging_mixin.py:190} INFO - 💌message is sending....
[2025-05-20T03:30:16.932+0000] {logging_mixin.py:190} INFO - 💌message is sending....
[2025-05-20T03:30:16.988+0000] {logging_mixin.py:190} INFO - 💌message is sending....
[2025-05-20T03:30:17.047+0000] {logging_mixin.py:190} INFO - 💌message is sending....
[2025-05-20T03:30:17.104+0000] {logging_mixin.py:190} INFO - 💌message is sending....
[2025-05-20T03:30:17.169+0000] {logging_mixin.py:190} INFO - 💌message is sending....
[2025-05-20T03:30:17.221+0000] {logging_mixin.py:190} INFO - 💌message is sending....
[2025-05-20T03:30:17.273+0000] {logging_mixin.py:190} INFO - 💌message is sending....
[2025-05-20T03:30:17.326+0000] {logging_mixin.py:190} INFO - 💌message is sending....
[2025-05-20T03:30:17.381+0000] {logging_mixin.py:190} INFO - 💌message is sending....
[2025-05-20T03:30:17.432+0000] {logging_mixin.py:190} INFO - 💌message is sending....
[2025-05-20T03:30:17.485+0000] {logging_mixin.py:190} INFO - 💌message is sending....
[2025-05-20T03:30:17.538+0000] {logging_mixin.py:190} INFO - 💌message is sending....
[2025-05-20T03:30:17.592+0000] {logging_mixin.py:190} INFO - 💌message is sending....
[2025-05-20T03:30:17.648+0000] {logging_mixin.py:190} INFO - 💌message is sending....
[2025-05-20T03:30:17.711+0000] {logging_mixin.py:190} INFO - 💌message is sending....
[2025-05-20T03:30:17.766+0000] {logging_mixin.py:190} INFO - 💌message is sending....
[2025-05-20T03:30:17.822+0000] {logging_mixin.py:190} INFO - 💌message is sending....
[2025-05-20T03:30:17.879+0000] {logging_mixin.py:190} INFO - 💌message is sending....
[2025-05-20T03:30:17.933+0000] {logging_mixin.py:190} INFO - 💌message is sending....
[2025-05-20T03:30:17.999+0000] {logging_mixin.py:190} INFO - 💌message is sending....
[2025-05-20T03:30:18.054+0000] {logging_mixin.py:190} INFO - 💌message is sending....
[2025-05-20T03:30:18.107+0000] {logging_mixin.py:190} INFO - 💌message is sending....
[2025-05-20T03:30:18.164+0000] {logging_mixin.py:190} INFO - 💌message is sending....
[2025-05-20T03:30:18.220+0000] {logging_mixin.py:190} INFO - 💌message is sending....
[2025-05-20T03:30:18.274+0000] {logging_mixin.py:190} INFO - 💌message is sending....
[2025-05-20T03:30:18.329+0000] {logging_mixin.py:190} INFO - 💌message is sending....
[2025-05-20T03:30:18.384+0000] {logging_mixin.py:190} INFO - 💌message is sending....
[2025-05-20T03:30:18.439+0000] {logging_mixin.py:190} INFO - 💌message is sending....
[2025-05-20T03:30:18.493+0000] {logging_mixin.py:190} INFO - 💌message is sending....
[2025-05-20T03:30:18.547+0000] {logging_mixin.py:190} INFO - 💌message is sending....
[2025-05-20T03:30:18.601+0000] {logging_mixin.py:190} INFO - 💌message is sending....
[2025-05-20T03:30:18.656+0000] {logging_mixin.py:190} INFO - 💌message is sending....
[2025-05-20T03:30:18.712+0000] {logging_mixin.py:190} INFO - 💌message is sending....
[2025-05-20T03:30:18.767+0000] {logging_mixin.py:190} INFO - 💌message is sending....
[2025-05-20T03:30:18.821+0000] {logging_mixin.py:190} INFO - 💌message is sending....
[2025-05-20T03:30:18.875+0000] {logging_mixin.py:190} INFO - 💌message is sending....
[2025-05-20T03:30:18.930+0000] {logging_mixin.py:190} INFO - 💌message is sending....
[2025-05-20T03:30:18.987+0000] {logging_mixin.py:190} INFO - 💌message is sending....
[2025-05-20T03:30:19.044+0000] {logging_mixin.py:190} INFO - 💌message is sending....
[2025-05-20T03:30:19.097+0000] {logging_mixin.py:190} INFO - 💌message is sending....
[2025-05-20T03:30:19.154+0000] {logging_mixin.py:190} INFO - 💌message is sending....
[2025-05-20T03:30:19.208+0000] {logging_mixin.py:190} INFO - 💌message is sending....
[2025-05-20T03:30:19.263+0000] {logging_mixin.py:190} INFO - 💌message is sending....
[2025-05-20T03:30:19.317+0000] {logging_mixin.py:190} INFO - 💌message is sending....
[2025-05-20T03:30:19.372+0000] {logging_mixin.py:190} INFO - 💌message is sending....
[2025-05-20T03:30:19.428+0000] {logging_mixin.py:190} INFO - 💌message is sending....
[2025-05-20T03:30:19.483+0000] {logging_mixin.py:190} INFO - 💌message is sending....
[2025-05-20T03:30:19.537+0000] {logging_mixin.py:190} INFO - 💌message is sending....
[2025-05-20T03:30:19.591+0000] {logging_mixin.py:190} INFO - 💌message is sending....
[2025-05-20T03:30:19.644+0000] {logging_mixin.py:190} INFO - 💌message is sending....
[2025-05-20T03:30:19.696+0000] {logging_mixin.py:190} INFO - 💌message is sending....
[2025-05-20T03:30:19.748+0000] {logging_mixin.py:190} INFO - 💌message is sending....
[2025-05-20T03:30:19.801+0000] {logging_mixin.py:190} INFO - 💌message is sending....
[2025-05-20T03:30:19.855+0000] {logging_mixin.py:190} INFO - 💌message is sending....
[2025-05-20T03:30:19.911+0000] {logging_mixin.py:190} INFO - 💌message is sending....
[2025-05-20T03:30:19.967+0000] {logging_mixin.py:190} INFO - 💌message is sending....
[2025-05-20T03:30:20.023+0000] {logging_mixin.py:190} INFO - 💌message is sending....
[2025-05-20T03:30:20.078+0000] {logging_mixin.py:190} INFO - 💌message is sending....
[2025-05-20T03:30:20.137+0000] {logging_mixin.py:190} INFO - 💌message is sending....
[2025-05-20T03:30:20.189+0000] {logging_mixin.py:190} INFO - 💌message is sending....
[2025-05-20T03:30:20.241+0000] {logging_mixin.py:190} INFO - 💌message is sending....
[2025-05-20T03:30:20.295+0000] {logging_mixin.py:190} INFO - 💌message is sending....
[2025-05-20T03:30:20.348+0000] {logging_mixin.py:190} INFO - 💌message is sending....
[2025-05-20T03:30:20.403+0000] {logging_mixin.py:190} INFO - 💌message is sending....
[2025-05-20T03:30:20.456+0000] {logging_mixin.py:190} INFO - 💌message is sending....
[2025-05-20T03:30:20.508+0000] {logging_mixin.py:190} INFO - 💌message is sending....
[2025-05-20T03:30:20.564+0000] {logging_mixin.py:190} INFO - 💌message is sending....
[2025-05-20T03:30:20.622+0000] {logging_mixin.py:190} INFO - 💌message is sending....
[2025-05-20T03:30:20.678+0000] {logging_mixin.py:190} INFO - 💌message is sending....
[2025-05-20T03:30:20.733+0000] {logging_mixin.py:190} INFO - 💌message is sending....
[2025-05-20T03:30:20.787+0000] {logging_mixin.py:190} INFO - 💌message is sending....
[2025-05-20T03:30:20.842+0000] {logging_mixin.py:190} INFO - 💌message is sending....
[2025-05-20T03:30:20.897+0000] {logging_mixin.py:190} INFO - 💌message is sending....
[2025-05-20T03:30:20.954+0000] {logging_mixin.py:190} INFO - 💌message is sending....
[2025-05-20T03:30:21.009+0000] {logging_mixin.py:190} INFO - 💌message is sending....
[2025-05-20T03:30:21.065+0000] {logging_mixin.py:190} INFO - 💌message is sending....
[2025-05-20T03:30:21.121+0000] {logging_mixin.py:190} INFO - 💌message is sending....
[2025-05-20T03:30:21.177+0000] {logging_mixin.py:190} INFO - 💌message is sending....
[2025-05-20T03:30:21.232+0000] {logging_mixin.py:190} INFO - 💌message is sending....
[2025-05-20T03:30:21.288+0000] {logging_mixin.py:190} INFO - 💌message is sending....
[2025-05-20T03:30:21.343+0000] {logging_mixin.py:190} INFO - 💌message is sending....
[2025-05-20T03:30:21.398+0000] {logging_mixin.py:190} INFO - 💌message is sending....
[2025-05-20T03:30:21.451+0000] {logging_mixin.py:190} INFO - 💌message is sending....
[2025-05-20T03:30:21.506+0000] {logging_mixin.py:190} INFO - 💌message is sending....
[2025-05-20T03:30:21.558+0000] {logging_mixin.py:190} INFO - 💌message is sending....
[2025-05-20T03:30:21.612+0000] {logging_mixin.py:190} INFO - 💌message is sending....
[2025-05-20T03:30:21.666+0000] {logging_mixin.py:190} INFO - 💌message is sending....
[2025-05-20T03:30:21.723+0000] {logging_mixin.py:190} INFO - 💌message is sending....
[2025-05-20T03:30:21.778+0000] {logging_mixin.py:190} INFO - 💌message is sending....
[2025-05-20T03:30:21.832+0000] {logging_mixin.py:190} INFO - 💌message is sending....
[2025-05-20T03:30:21.886+0000] {logging_mixin.py:190} INFO - 💌message is sending....
[2025-05-20T03:30:21.938+0000] {logging_mixin.py:190} INFO - 💌message is sending....
[2025-05-20T03:30:21.993+0000] {logging_mixin.py:190} INFO - 💌message is sending....
[2025-05-20T03:30:22.048+0000] {logging_mixin.py:190} INFO - 💌message is sending....
[2025-05-20T03:30:22.103+0000] {logging_mixin.py:190} INFO - 💌message is sending....
[2025-05-20T03:30:22.157+0000] {logging_mixin.py:190} INFO - 💌message is sending....
[2025-05-20T03:30:22.210+0000] {logging_mixin.py:190} INFO - 💌message is sending....
[2025-05-20T03:30:22.262+0000] {logging_mixin.py:190} INFO - 💌message is sending....
[2025-05-20T03:30:22.320+0000] {logging_mixin.py:190} INFO - 💌message is sending....
[2025-05-20T03:30:22.375+0000] {logging_mixin.py:190} INFO - 💌message is sending....
[2025-05-20T03:30:22.431+0000] {logging_mixin.py:190} INFO - 💌message is sending....
[2025-05-20T03:30:22.485+0000] {logging_mixin.py:190} INFO - 💌message is sending....
[2025-05-20T03:30:22.539+0000] {logging_mixin.py:190} INFO - 💌message is sending....
[2025-05-20T03:30:22.594+0000] {logging_mixin.py:190} INFO - 💌message is sending....
[2025-05-20T03:30:22.648+0000] {logging_mixin.py:190} INFO - 💌message is sending....
[2025-05-20T03:30:22.703+0000] {logging_mixin.py:190} INFO - 💌message is sending....
[2025-05-20T03:30:22.760+0000] {logging_mixin.py:190} INFO - 💌message is sending....
[2025-05-20T03:30:22.819+0000] {logging_mixin.py:190} INFO - 💌message is sending....
[2025-05-20T03:30:22.875+0000] {logging_mixin.py:190} INFO - 💌message is sending....
[2025-05-20T03:30:22.935+0000] {logging_mixin.py:190} INFO - 💌message is sending....
[2025-05-20T03:30:22.990+0000] {logging_mixin.py:190} INFO - 💌message is sending....
[2025-05-20T03:30:23.045+0000] {logging_mixin.py:190} INFO - 💌message is sending....
[2025-05-20T03:30:23.102+0000] {logging_mixin.py:190} INFO - 💌message is sending....
[2025-05-20T03:30:23.158+0000] {logging_mixin.py:190} INFO - 💌message is sending....
[2025-05-20T03:30:23.214+0000] {logging_mixin.py:190} INFO - 💌message is sending....
[2025-05-20T03:30:23.270+0000] {logging_mixin.py:190} INFO - 💌message is sending....
[2025-05-20T03:30:23.325+0000] {logging_mixin.py:190} INFO - 💌message is sending....
[2025-05-20T03:30:23.381+0000] {logging_mixin.py:190} INFO - 💌message is sending....
[2025-05-20T03:30:23.437+0000] {logging_mixin.py:190} INFO - 💌message is sending....
[2025-05-20T03:30:23.490+0000] {logging_mixin.py:190} INFO - 💌message is sending....
[2025-05-20T03:30:23.542+0000] {logging_mixin.py:190} INFO - 💌message is sending....
[2025-05-20T03:30:23.594+0000] {logging_mixin.py:190} INFO - 💌message is sending....
[2025-05-20T03:30:23.650+0000] {logging_mixin.py:190} INFO - 💌message is sending....
[2025-05-20T03:30:23.704+0000] {logging_mixin.py:190} INFO - 💌message is sending....
[2025-05-20T03:30:23.759+0000] {logging_mixin.py:190} INFO - 💌message is sending....
[2025-05-20T03:30:23.814+0000] {logging_mixin.py:190} INFO - 💌message is sending....
[2025-05-20T03:30:23.868+0000] {logging_mixin.py:190} INFO - 💌message is sending....
[2025-05-20T03:30:23.923+0000] {logging_mixin.py:190} INFO - 💌message is sending....
[2025-05-20T03:30:23.981+0000] {logging_mixin.py:190} INFO - 💌message is sending....
[2025-05-20T03:30:24.038+0000] {logging_mixin.py:190} INFO - 💌message is sending....
[2025-05-20T03:30:24.092+0000] {logging_mixin.py:190} INFO - 💌message is sending....
[2025-05-20T03:30:24.148+0000] {logging_mixin.py:190} INFO - 💌message is sending....
[2025-05-20T03:30:24.203+0000] {logging_mixin.py:190} INFO - 💌message is sending....
[2025-05-20T03:30:24.259+0000] {logging_mixin.py:190} INFO - 💌message is sending....
[2025-05-20T03:30:24.314+0000] {logging_mixin.py:190} INFO - 💌message is sending....
[2025-05-20T03:30:24.370+0000] {logging_mixin.py:190} INFO - 💌message is sending....
[2025-05-20T03:30:24.426+0000] {logging_mixin.py:190} INFO - 💌message is sending....
[2025-05-20T03:30:24.480+0000] {logging_mixin.py:190} INFO - 💌message is sending....
[2025-05-20T03:30:24.532+0000] {logging_mixin.py:190} INFO - 💌message is sending....
[2025-05-20T03:30:24.584+0000] {logging_mixin.py:190} INFO - 💌message is sending....
[2025-05-20T03:30:24.636+0000] {logging_mixin.py:190} INFO - 💌message is sending....
[2025-05-20T03:30:24.687+0000] {logging_mixin.py:190} INFO - 💌message is sending....
[2025-05-20T03:30:24.738+0000] {logging_mixin.py:190} INFO - 💌message is sending....
[2025-05-20T03:30:24.792+0000] {logging_mixin.py:190} INFO - 💌message is sending....
[2025-05-20T03:30:24.843+0000] {logging_mixin.py:190} INFO - 💌message is sending....
[2025-05-20T03:30:24.897+0000] {logging_mixin.py:190} INFO - 💌message is sending....
[2025-05-20T03:30:24.949+0000] {logging_mixin.py:190} INFO - 💌message is sending....
[2025-05-20T03:30:25.004+0000] {logging_mixin.py:190} INFO - 💌message is sending....
[2025-05-20T03:30:25.058+0000] {logging_mixin.py:190} INFO - 💌message is sending....
[2025-05-20T03:30:25.112+0000] {logging_mixin.py:190} INFO - 💌message is sending....
[2025-05-20T03:30:25.166+0000] {logging_mixin.py:190} INFO - 💌message is sending....
[2025-05-20T03:30:25.219+0000] {logging_mixin.py:190} INFO - 💌message is sending....
[2025-05-20T03:30:25.272+0000] {logging_mixin.py:190} INFO - 💌message is sending....
[2025-05-20T03:30:25.325+0000] {logging_mixin.py:190} INFO - 💌message is sending....
[2025-05-20T03:30:25.381+0000] {logging_mixin.py:190} INFO - 💌message is sending....
[2025-05-20T03:30:25.436+0000] {logging_mixin.py:190} INFO - 💌message is sending....
[2025-05-20T03:30:25.489+0000] {logging_mixin.py:190} INFO - 💌message is sending....
[2025-05-20T03:30:25.542+0000] {logging_mixin.py:190} INFO - 💌message is sending....
[2025-05-20T03:30:25.595+0000] {logging_mixin.py:190} INFO - 💌message is sending....
[2025-05-20T03:30:25.651+0000] {logging_mixin.py:190} INFO - 💌message is sending....
[2025-05-20T03:30:25.707+0000] {logging_mixin.py:190} INFO - 💌message is sending....
[2025-05-20T03:30:25.762+0000] {logging_mixin.py:190} INFO - 💌message is sending....
[2025-05-20T03:30:25.818+0000] {logging_mixin.py:190} INFO - 💌message is sending....
[2025-05-20T03:30:25.877+0000] {logging_mixin.py:190} INFO - 💌message is sending....
[2025-05-20T03:30:25.932+0000] {logging_mixin.py:190} INFO - 💌message is sending....
[2025-05-20T03:30:25.987+0000] {logging_mixin.py:190} INFO - 💌message is sending....
[2025-05-20T03:30:26.042+0000] {logging_mixin.py:190} INFO - 💌message is sending....
[2025-05-20T03:30:26.099+0000] {logging_mixin.py:190} INFO - 💌message is sending....
[2025-05-20T03:30:26.155+0000] {logging_mixin.py:190} INFO - 💌message is sending....
[2025-05-20T03:30:26.210+0000] {logging_mixin.py:190} INFO - 💌message is sending....
[2025-05-20T03:30:26.266+0000] {logging_mixin.py:190} INFO - 💌message is sending....
[2025-05-20T03:30:26.322+0000] {logging_mixin.py:190} INFO - 💌message is sending....
[2025-05-20T03:30:26.378+0000] {logging_mixin.py:190} INFO - 💌message is sending....
[2025-05-20T03:30:26.433+0000] {logging_mixin.py:190} INFO - 💌message is sending....
[2025-05-20T03:30:26.488+0000] {logging_mixin.py:190} INFO - 💌message is sending....
[2025-05-20T03:30:26.540+0000] {logging_mixin.py:190} INFO - 💌message is sending....
[2025-05-20T03:30:26.592+0000] {logging_mixin.py:190} INFO - 💌message is sending....
[2025-05-20T03:30:26.649+0000] {logging_mixin.py:190} INFO - 💌message is sending....
[2025-05-20T03:30:26.702+0000] {logging_mixin.py:190} INFO - 💌message is sending....
[2025-05-20T03:30:26.760+0000] {logging_mixin.py:190} INFO - 💌message is sending....
[2025-05-20T03:30:26.815+0000] {logging_mixin.py:190} INFO - 💌message is sending....
[2025-05-20T03:30:26.873+0000] {logging_mixin.py:190} INFO - 💌message is sending....
[2025-05-20T03:30:26.930+0000] {logging_mixin.py:190} INFO - 💌message is sending....
[2025-05-20T03:30:26.984+0000] {logging_mixin.py:190} INFO - 💌message is sending....
[2025-05-20T03:30:27.042+0000] {logging_mixin.py:190} INFO - 💌message is sending....
[2025-05-20T03:30:27.099+0000] {logging_mixin.py:190} INFO - 💌message is sending....
[2025-05-20T03:30:27.154+0000] {logging_mixin.py:190} INFO - 💌message is sending....
[2025-05-20T03:30:27.207+0000] {logging_mixin.py:190} INFO - 💌message is sending....
[2025-05-20T03:30:27.262+0000] {logging_mixin.py:190} INFO - 💌message is sending....
[2025-05-20T03:30:27.315+0000] {logging_mixin.py:190} INFO - 💌message is sending....
[2025-05-20T03:30:27.371+0000] {logging_mixin.py:190} INFO - 💌message is sending....
[2025-05-20T03:30:27.427+0000] {logging_mixin.py:190} INFO - 💌message is sending....
[2025-05-20T03:30:27.481+0000] {logging_mixin.py:190} INFO - 💌message is sending....
[2025-05-20T03:30:27.535+0000] {logging_mixin.py:190} INFO - 💌message is sending....
[2025-05-20T03:30:27.587+0000] {logging_mixin.py:190} INFO - 💌message is sending....
[2025-05-20T03:30:27.639+0000] {logging_mixin.py:190} INFO - 💌message is sending....
[2025-05-20T03:30:27.694+0000] {logging_mixin.py:190} INFO - 💌message is sending....
[2025-05-20T03:30:27.745+0000] {logging_mixin.py:190} INFO - 💌message is sending....
[2025-05-20T03:30:27.799+0000] {logging_mixin.py:190} INFO - 💌message is sending....
[2025-05-20T03:30:27.850+0000] {logging_mixin.py:190} INFO - 💌message is sending....
[2025-05-20T03:30:27.902+0000] {logging_mixin.py:190} INFO - 💌message is sending....
[2025-05-20T03:30:27.954+0000] {logging_mixin.py:190} INFO - 💌message is sending....
[2025-05-20T03:30:28.008+0000] {logging_mixin.py:190} INFO - 💌message is sending....
[2025-05-20T03:30:28.064+0000] {logging_mixin.py:190} INFO - 💌message is sending....
[2025-05-20T03:30:28.120+0000] {logging_mixin.py:190} INFO - 💌message is sending....
[2025-05-20T03:30:28.174+0000] {logging_mixin.py:190} INFO - 💌message is sending....
[2025-05-20T03:30:28.226+0000] {logging_mixin.py:190} INFO - 💌message is sending....
[2025-05-20T03:30:28.278+0000] {logging_mixin.py:190} INFO - 💌message is sending....
[2025-05-20T03:30:28.329+0000] {logging_mixin.py:190} INFO - 💌message is sending....
[2025-05-20T03:30:28.380+0000] {logging_mixin.py:190} INFO - 💌message is sending....
[2025-05-20T03:30:28.431+0000] {logging_mixin.py:190} INFO - 💌message is sending....
[2025-05-20T03:30:28.483+0000] {logging_mixin.py:190} INFO - 💌message is sending....
[2025-05-20T03:30:28.534+0000] {logging_mixin.py:190} INFO - 💌message is sending....
[2025-05-20T03:30:28.587+0000] {logging_mixin.py:190} INFO - 💌message is sending....
[2025-05-20T03:30:28.638+0000] {logging_mixin.py:190} INFO - 💌message is sending....
[2025-05-20T03:30:28.689+0000] {logging_mixin.py:190} INFO - 💌message is sending....
[2025-05-20T03:30:28.740+0000] {logging_mixin.py:190} INFO - 💌message is sending....
[2025-05-20T03:30:28.792+0000] {logging_mixin.py:190} INFO - 💌message is sending....
[2025-05-20T03:30:28.843+0000] {logging_mixin.py:190} INFO - 💌message is sending....
[2025-05-20T03:30:28.895+0000] {logging_mixin.py:190} INFO - 💌message is sending....
[2025-05-20T03:30:28.946+0000] {logging_mixin.py:190} INFO - 💌message is sending....
[2025-05-20T03:30:28.997+0000] {logging_mixin.py:190} INFO - 💌message is sending....
[2025-05-20T03:30:29.049+0000] {logging_mixin.py:190} INFO - 💌message is sending....
[2025-05-20T03:30:29.100+0000] {logging_mixin.py:190} INFO - 💌message is sending....
[2025-05-20T03:30:29.152+0000] {logging_mixin.py:190} INFO - 💌message is sending....
[2025-05-20T03:30:29.203+0000] {logging_mixin.py:190} INFO - 💌message is sending....
[2025-05-20T03:30:29.258+0000] {logging_mixin.py:190} INFO - 💌message is sending....
[2025-05-20T03:30:29.315+0000] {logging_mixin.py:190} INFO - 💌message is sending....
[2025-05-20T03:30:29.367+0000] {logging_mixin.py:190} INFO - 💌message is sending....
[2025-05-20T03:30:29.421+0000] {logging_mixin.py:190} INFO - 💌message is sending....
[2025-05-20T03:30:29.472+0000] {logging_mixin.py:190} INFO - 💌message is sending....
[2025-05-20T03:30:29.526+0000] {logging_mixin.py:190} INFO - 💌message is sending....
[2025-05-20T03:30:29.579+0000] {logging_mixin.py:190} INFO - 💌message is sending....
[2025-05-20T03:30:29.632+0000] {logging_mixin.py:190} INFO - 💌message is sending....
[2025-05-20T03:30:29.687+0000] {logging_mixin.py:190} INFO - 💌message is sending....
[2025-05-20T03:30:29.740+0000] {logging_mixin.py:190} INFO - 💌message is sending....
[2025-05-20T03:30:29.792+0000] {logging_mixin.py:190} INFO - 💌message is sending....
[2025-05-20T03:30:29.845+0000] {logging_mixin.py:190} INFO - 💌message is sending....
[2025-05-20T03:30:29.899+0000] {logging_mixin.py:190} INFO - 💌message is sending....
[2025-05-20T03:30:29.956+0000] {logging_mixin.py:190} INFO - 💌message is sending....
[2025-05-20T03:30:30.011+0000] {logging_mixin.py:190} INFO - 💌message is sending....
[2025-05-20T03:30:30.063+0000] {logging_mixin.py:190} INFO - 💌message is sending....
[2025-05-20T03:30:30.115+0000] {logging_mixin.py:190} INFO - 💌message is sending....
[2025-05-20T03:30:30.167+0000] {logging_mixin.py:190} INFO - 💌message is sending....
[2025-05-20T03:30:30.220+0000] {logging_mixin.py:190} INFO - 💌message is sending....
[2025-05-20T03:30:30.273+0000] {logging_mixin.py:190} INFO - 💌message is sending....
[2025-05-20T03:30:30.327+0000] {logging_mixin.py:190} INFO - 💌message is sending....
[2025-05-20T03:30:30.382+0000] {logging_mixin.py:190} INFO - 💌message is sending....
[2025-05-20T03:30:30.437+0000] {logging_mixin.py:190} INFO - 💌message is sending....
[2025-05-20T03:30:30.491+0000] {logging_mixin.py:190} INFO - 💌message is sending....
[2025-05-20T03:30:30.543+0000] {logging_mixin.py:190} INFO - 💌message is sending....
[2025-05-20T03:30:30.597+0000] {logging_mixin.py:190} INFO - 💌message is sending....
[2025-05-20T03:30:30.651+0000] {logging_mixin.py:190} INFO - 💌message is sending....
[2025-05-20T03:30:30.705+0000] {logging_mixin.py:190} INFO - 💌message is sending....
[2025-05-20T03:30:30.759+0000] {logging_mixin.py:190} INFO - 💌message is sending....
[2025-05-20T03:30:30.815+0000] {logging_mixin.py:190} INFO - 💌message is sending....
[2025-05-20T03:30:30.871+0000] {logging_mixin.py:190} INFO - 💌message is sending....
[2025-05-20T03:30:30.925+0000] {logging_mixin.py:190} INFO - 💌message is sending....
[2025-05-20T03:30:30.981+0000] {logging_mixin.py:190} INFO - 💌message is sending....
[2025-05-20T03:30:31.035+0000] {logging_mixin.py:190} INFO - 💌message is sending....
[2025-05-20T03:30:31.089+0000] {logging_mixin.py:190} INFO - 💌message is sending....
[2025-05-20T03:30:31.144+0000] {logging_mixin.py:190} INFO - 💌message is sending....
[2025-05-20T03:30:31.201+0000] {logging_mixin.py:190} INFO - 💌message is sending....
[2025-05-20T03:30:31.256+0000] {logging_mixin.py:190} INFO - 💌message is sending....
[2025-05-20T03:30:31.310+0000] {logging_mixin.py:190} INFO - 💌message is sending....
[2025-05-20T03:30:31.363+0000] {logging_mixin.py:190} INFO - 💌message is sending....
[2025-05-20T03:30:31.418+0000] {logging_mixin.py:190} INFO - 💌message is sending....
[2025-05-20T03:30:31.476+0000] {logging_mixin.py:190} INFO - 💌message is sending....
[2025-05-20T03:30:31.530+0000] {logging_mixin.py:190} INFO - 💌message is sending....
[2025-05-20T03:30:31.582+0000] {logging_mixin.py:190} INFO - 💌message is sending....
[2025-05-20T03:30:31.636+0000] {logging_mixin.py:190} INFO - 💌message is sending....
[2025-05-20T03:30:31.690+0000] {logging_mixin.py:190} INFO - 💌message is sending....
[2025-05-20T03:30:31.745+0000] {logging_mixin.py:190} INFO - 💌message is sending....
[2025-05-20T03:30:31.801+0000] {logging_mixin.py:190} INFO - 💌message is sending....
[2025-05-20T03:30:31.856+0000] {logging_mixin.py:190} INFO - 💌message is sending....
[2025-05-20T03:30:31.910+0000] {logging_mixin.py:190} INFO - 💌message is sending....
[2025-05-20T03:30:31.966+0000] {logging_mixin.py:190} INFO - 💌message is sending....
[2025-05-20T03:30:32.022+0000] {logging_mixin.py:190} INFO - 💌message is sending....
[2025-05-20T03:30:32.077+0000] {logging_mixin.py:190} INFO - 💌message is sending....
[2025-05-20T03:30:32.132+0000] {logging_mixin.py:190} INFO - 💌message is sending....
[2025-05-20T03:30:32.187+0000] {logging_mixin.py:190} INFO - 💌message is sending....
[2025-05-20T03:30:32.243+0000] {logging_mixin.py:190} INFO - 💌message is sending....
[2025-05-20T03:30:32.298+0000] {logging_mixin.py:190} INFO - 💌message is sending....
[2025-05-20T03:30:32.353+0000] {logging_mixin.py:190} INFO - 💌message is sending....
[2025-05-20T03:30:32.408+0000] {logging_mixin.py:190} INFO - 💌message is sending....
[2025-05-20T03:30:32.463+0000] {logging_mixin.py:190} INFO - 💌message is sending....
[2025-05-20T03:30:32.518+0000] {logging_mixin.py:190} INFO - 💌message is sending....
[2025-05-20T03:30:32.571+0000] {logging_mixin.py:190} INFO - 💌message is sending....
[2025-05-20T03:30:32.625+0000] {logging_mixin.py:190} INFO - 💌message is sending....
[2025-05-20T03:30:32.679+0000] {logging_mixin.py:190} INFO - 💌message is sending....
[2025-05-20T03:30:32.734+0000] {logging_mixin.py:190} INFO - 💌message is sending....
[2025-05-20T03:30:32.790+0000] {logging_mixin.py:190} INFO - 💌message is sending....
[2025-05-20T03:30:32.846+0000] {logging_mixin.py:190} INFO - 💌message is sending....
[2025-05-20T03:30:32.903+0000] {logging_mixin.py:190} INFO - 💌message is sending....
[2025-05-20T03:30:32.958+0000] {logging_mixin.py:190} INFO - 💌message is sending....
[2025-05-20T03:30:33.016+0000] {logging_mixin.py:190} INFO - 💌message is sending....
[2025-05-20T03:30:33.073+0000] {logging_mixin.py:190} INFO - 💌message is sending....
[2025-05-20T03:30:33.128+0000] {logging_mixin.py:190} INFO - 💌message is sending....
[2025-05-20T03:30:33.184+0000] {logging_mixin.py:190} INFO - 💌message is sending....
[2025-05-20T03:30:33.240+0000] {logging_mixin.py:190} INFO - 💌message is sending....
[2025-05-20T03:30:33.293+0000] {logging_mixin.py:190} INFO - 💌message is sending....
[2025-05-20T03:30:33.349+0000] {logging_mixin.py:190} INFO - 💌message is sending....
[2025-05-20T03:30:33.403+0000] {logging_mixin.py:190} INFO - 💌message is sending....
[2025-05-20T03:30:33.460+0000] {logging_mixin.py:190} INFO - 💌message is sending....
[2025-05-20T03:30:33.515+0000] {logging_mixin.py:190} INFO - 💌message is sending....
[2025-05-20T03:30:33.570+0000] {logging_mixin.py:190} INFO - 💌message is sending....
[2025-05-20T03:30:33.623+0000] {logging_mixin.py:190} INFO - 💌message is sending....
[2025-05-20T03:30:33.676+0000] {logging_mixin.py:190} INFO - 💌message is sending....
[2025-05-20T03:30:33.730+0000] {logging_mixin.py:190} INFO - 💌message is sending....
[2025-05-20T03:30:33.784+0000] {logging_mixin.py:190} INFO - 💌message is sending....
[2025-05-20T03:30:33.844+0000] {logging_mixin.py:190} INFO - 💌message is sending....
[2025-05-20T03:30:33.900+0000] {logging_mixin.py:190} INFO - 💌message is sending....
[2025-05-20T03:30:33.955+0000] {logging_mixin.py:190} INFO - 💌message is sending....
[2025-05-20T03:30:34.010+0000] {logging_mixin.py:190} INFO - 💌message is sending....
[2025-05-20T03:30:34.063+0000] {logging_mixin.py:190} INFO - 💌message is sending....
[2025-05-20T03:30:34.119+0000] {logging_mixin.py:190} INFO - 💌message is sending....
[2025-05-20T03:30:34.173+0000] {logging_mixin.py:190} INFO - 💌message is sending....
[2025-05-20T03:30:34.228+0000] {logging_mixin.py:190} INFO - 💌message is sending....
[2025-05-20T03:30:34.282+0000] {logging_mixin.py:190} INFO - 💌message is sending....
[2025-05-20T03:30:34.337+0000] {logging_mixin.py:190} INFO - 💌message is sending....
[2025-05-20T03:30:34.392+0000] {logging_mixin.py:190} INFO - 💌message is sending....
[2025-05-20T03:30:34.446+0000] {logging_mixin.py:190} INFO - 💌message is sending....
[2025-05-20T03:30:34.499+0000] {logging_mixin.py:190} INFO - 💌message is sending....
[2025-05-20T03:30:34.551+0000] {logging_mixin.py:190} INFO - 💌message is sending....
[2025-05-20T03:30:34.603+0000] {logging_mixin.py:190} INFO - 💌message is sending....
[2025-05-20T03:30:34.656+0000] {logging_mixin.py:190} INFO - 💌message is sending....
[2025-05-20T03:30:34.707+0000] {logging_mixin.py:190} INFO - 💌message is sending....
[2025-05-20T03:30:34.759+0000] {logging_mixin.py:190} INFO - 💌message is sending....
[2025-05-20T03:30:34.811+0000] {logging_mixin.py:190} INFO - 💌message is sending....
[2025-05-20T03:30:34.866+0000] {logging_mixin.py:190} INFO - 💌message is sending....
[2025-05-20T03:30:34.921+0000] {logging_mixin.py:190} INFO - 💌message is sending....
[2025-05-20T03:30:34.977+0000] {logging_mixin.py:190} INFO - 💌message is sending....
[2025-05-20T03:30:35.034+0000] {logging_mixin.py:190} INFO - 💌message is sending....
[2025-05-20T03:30:35.086+0000] {logging_mixin.py:190} INFO - 💌message is sending....
[2025-05-20T03:30:35.139+0000] {logging_mixin.py:190} INFO - 💌message is sending....
[2025-05-20T03:30:35.193+0000] {logging_mixin.py:190} INFO - 💌message is sending....
[2025-05-20T03:30:35.247+0000] {logging_mixin.py:190} INFO - 💌message is sending....
[2025-05-20T03:30:35.301+0000] {logging_mixin.py:190} INFO - 💌message is sending....
[2025-05-20T03:30:35.358+0000] {logging_mixin.py:190} INFO - 💌message is sending....
[2025-05-20T03:30:35.414+0000] {logging_mixin.py:190} INFO - 💌message is sending....
[2025-05-20T03:30:35.471+0000] {logging_mixin.py:190} INFO - 💌message is sending....
[2025-05-20T03:30:35.525+0000] {logging_mixin.py:190} INFO - 💌message is sending....
[2025-05-20T03:30:35.578+0000] {logging_mixin.py:190} INFO - 💌message is sending....
[2025-05-20T03:30:35.631+0000] {logging_mixin.py:190} INFO - 💌message is sending....
[2025-05-20T03:30:35.687+0000] {logging_mixin.py:190} INFO - 💌message is sending....
[2025-05-20T03:30:35.741+0000] {logging_mixin.py:190} INFO - 💌message is sending....
[2025-05-20T03:30:35.799+0000] {logging_mixin.py:190} INFO - 💌message is sending....
[2025-05-20T03:30:35.854+0000] {logging_mixin.py:190} INFO - 💌message is sending....
[2025-05-20T03:30:35.911+0000] {logging_mixin.py:190} INFO - 💌message is sending....
[2025-05-20T03:30:35.965+0000] {logging_mixin.py:190} INFO - 💌message is sending....
[2025-05-20T03:30:36.020+0000] {logging_mixin.py:190} INFO - 💌message is sending....
[2025-05-20T03:30:36.076+0000] {logging_mixin.py:190} INFO - 💌message is sending....
[2025-05-20T03:30:36.133+0000] {logging_mixin.py:190} INFO - 💌message is sending....
[2025-05-20T03:30:36.189+0000] {logging_mixin.py:190} INFO - 💌message is sending....
[2025-05-20T03:30:36.245+0000] {logging_mixin.py:190} INFO - 💌message is sending....
[2025-05-20T03:30:36.301+0000] {logging_mixin.py:190} INFO - 💌message is sending....
[2025-05-20T03:30:36.356+0000] {logging_mixin.py:190} INFO - 💌message is sending....
[2025-05-20T03:30:36.410+0000] {logging_mixin.py:190} INFO - 💌message is sending....
[2025-05-20T03:30:36.467+0000] {logging_mixin.py:190} INFO - 💌message is sending....
[2025-05-20T03:30:36.526+0000] {logging_mixin.py:190} INFO - 💌message is sending....
[2025-05-20T03:30:36.582+0000] {logging_mixin.py:190} INFO - 💌message is sending....
[2025-05-20T03:30:36.635+0000] {logging_mixin.py:190} INFO - 💌message is sending....
[2025-05-20T03:30:36.688+0000] {logging_mixin.py:190} INFO - 💌message is sending....
[2025-05-20T03:30:36.742+0000] {logging_mixin.py:190} INFO - 💌message is sending....
[2025-05-20T03:30:36.798+0000] {logging_mixin.py:190} INFO - 💌message is sending....
[2025-05-20T03:30:36.856+0000] {logging_mixin.py:190} INFO - 💌message is sending....
[2025-05-20T03:30:36.912+0000] {logging_mixin.py:190} INFO - 💌message is sending....
[2025-05-20T03:30:36.967+0000] {logging_mixin.py:190} INFO - 💌message is sending....
[2025-05-20T03:30:37.021+0000] {logging_mixin.py:190} INFO - 💌message is sending....
[2025-05-20T03:30:37.074+0000] {logging_mixin.py:190} INFO - 💌message is sending....
[2025-05-20T03:30:37.127+0000] {logging_mixin.py:190} INFO - 💌message is sending....
[2025-05-20T03:30:37.181+0000] {logging_mixin.py:190} INFO - 💌message is sending....
[2025-05-20T03:30:37.234+0000] {logging_mixin.py:190} INFO - 💌message is sending....
[2025-05-20T03:30:37.287+0000] {logging_mixin.py:190} INFO - 💌message is sending....
[2025-05-20T03:30:37.340+0000] {logging_mixin.py:190} INFO - 💌message is sending....
[2025-05-20T03:30:37.394+0000] {logging_mixin.py:190} INFO - 💌message is sending....
[2025-05-20T03:30:37.447+0000] {logging_mixin.py:190} INFO - 💌message is sending....
[2025-05-20T03:30:37.501+0000] {logging_mixin.py:190} INFO - 💌message is sending....
[2025-05-20T03:30:37.561+0000] {logging_mixin.py:190} INFO - 💌message is sending....
[2025-05-20T03:30:37.615+0000] {logging_mixin.py:190} INFO - 💌message is sending....
[2025-05-20T03:30:37.669+0000] {logging_mixin.py:190} INFO - 💌message is sending....
[2025-05-20T03:30:37.722+0000] {logging_mixin.py:190} INFO - 💌message is sending....
[2025-05-20T03:30:37.776+0000] {logging_mixin.py:190} INFO - 💌message is sending....
[2025-05-20T03:30:37.831+0000] {logging_mixin.py:190} INFO - 💌message is sending....
[2025-05-20T03:30:37.887+0000] {logging_mixin.py:190} INFO - 💌message is sending....
[2025-05-20T03:30:37.944+0000] {logging_mixin.py:190} INFO - 💌message is sending....
[2025-05-20T03:30:38.001+0000] {logging_mixin.py:190} INFO - 💌message is sending....
[2025-05-20T03:30:38.053+0000] {logging_mixin.py:190} INFO - 💌message is sending....
[2025-05-20T03:30:38.104+0000] {logging_mixin.py:190} INFO - 💌message is sending....
[2025-05-20T03:30:38.157+0000] {logging_mixin.py:190} INFO - 💌message is sending....
[2025-05-20T03:30:38.208+0000] {logging_mixin.py:190} INFO - 💌message is sending....
[2025-05-20T03:30:38.260+0000] {logging_mixin.py:190} INFO - 💌message is sending....
[2025-05-20T03:30:38.311+0000] {logging_mixin.py:190} INFO - 💌message is sending....
[2025-05-20T03:30:38.365+0000] {logging_mixin.py:190} INFO - 💌message is sending....
[2025-05-20T03:30:38.418+0000] {logging_mixin.py:190} INFO - 💌message is sending....
[2025-05-20T03:30:38.470+0000] {logging_mixin.py:190} INFO - 💌message is sending....
[2025-05-20T03:30:38.524+0000] {logging_mixin.py:190} INFO - 💌message is sending....
[2025-05-20T03:30:38.576+0000] {logging_mixin.py:190} INFO - 💌message is sending....
[2025-05-20T03:30:38.634+0000] {logging_mixin.py:190} INFO - 💌message is sending....
[2025-05-20T03:30:38.694+0000] {logging_mixin.py:190} INFO - 💌message is sending....
[2025-05-20T03:30:38.753+0000] {logging_mixin.py:190} INFO - 💌message is sending....
[2025-05-20T03:30:38.812+0000] {logging_mixin.py:190} INFO - 💌message is sending....
[2025-05-20T03:30:38.863+0000] {logging_mixin.py:190} INFO - 💌message is sending....
[2025-05-20T03:30:38.914+0000] {logging_mixin.py:190} INFO - 💌message is sending....
[2025-05-20T03:30:38.966+0000] {logging_mixin.py:190} INFO - 💌message is sending....
[2025-05-20T03:30:39.019+0000] {logging_mixin.py:190} INFO - 💌message is sending....
[2025-05-20T03:30:39.072+0000] {logging_mixin.py:190} INFO - 💌message is sending....
[2025-05-20T03:30:39.123+0000] {logging_mixin.py:190} INFO - 💌message is sending....
[2025-05-20T03:30:39.179+0000] {logging_mixin.py:190} INFO - 💌message is sending....
[2025-05-20T03:30:39.235+0000] {logging_mixin.py:190} INFO - 💌message is sending....
[2025-05-20T03:30:39.292+0000] {logging_mixin.py:190} INFO - 💌message is sending....
[2025-05-20T03:30:39.347+0000] {logging_mixin.py:190} INFO - 💌message is sending....
[2025-05-20T03:30:39.407+0000] {logging_mixin.py:190} INFO - 💌message is sending....
[2025-05-20T03:30:39.462+0000] {logging_mixin.py:190} INFO - 💌message is sending....
[2025-05-20T03:30:39.518+0000] {logging_mixin.py:190} INFO - 💌message is sending....
[2025-05-20T03:30:39.576+0000] {logging_mixin.py:190} INFO - 💌message is sending....
[2025-05-20T03:30:39.630+0000] {logging_mixin.py:190} INFO - 💌message is sending....
[2025-05-20T03:30:39.685+0000] {logging_mixin.py:190} INFO - 💌message is sending....
[2025-05-20T03:30:39.737+0000] {logging_mixin.py:190} INFO - 💌message is sending....
[2025-05-20T03:30:39.789+0000] {logging_mixin.py:190} INFO - 💌message is sending....
[2025-05-20T03:30:39.842+0000] {logging_mixin.py:190} INFO - 💌message is sending....
[2025-05-20T03:30:39.893+0000] {logging_mixin.py:190} INFO - 💌message is sending....
[2025-05-20T03:30:39.946+0000] {logging_mixin.py:190} INFO - 💌message is sending....
[2025-05-20T03:30:40.006+0000] {logging_mixin.py:190} INFO - 💌message is sending....
[2025-05-20T03:30:40.063+0000] {logging_mixin.py:190} INFO - 💌message is sending....
[2025-05-20T03:30:40.117+0000] {logging_mixin.py:190} INFO - 💌message is sending....
[2025-05-20T03:30:40.170+0000] {logging_mixin.py:190} INFO - 💌message is sending....
[2025-05-20T03:30:40.224+0000] {logging_mixin.py:190} INFO - 💌message is sending....
[2025-05-20T03:30:40.276+0000] {logging_mixin.py:190} INFO - 💌message is sending....
[2025-05-20T03:30:40.331+0000] {logging_mixin.py:190} INFO - 💌message is sending....
[2025-05-20T03:30:40.384+0000] {logging_mixin.py:190} INFO - 💌message is sending....
[2025-05-20T03:30:40.439+0000] {logging_mixin.py:190} INFO - 💌message is sending....
[2025-05-20T03:30:40.493+0000] {logging_mixin.py:190} INFO - 💌message is sending....
[2025-05-20T03:30:40.547+0000] {logging_mixin.py:190} INFO - 💌message is sending....
[2025-05-20T03:30:40.600+0000] {logging_mixin.py:190} INFO - 💌message is sending....
[2025-05-20T03:30:40.652+0000] {logging_mixin.py:190} INFO - 💌message is sending....
[2025-05-20T03:30:40.706+0000] {logging_mixin.py:190} INFO - 💌message is sending....
[2025-05-20T03:30:40.759+0000] {logging_mixin.py:190} INFO - 💌message is sending....
[2025-05-20T03:30:40.814+0000] {logging_mixin.py:190} INFO - 💌message is sending....
[2025-05-20T03:30:40.868+0000] {logging_mixin.py:190} INFO - 💌message is sending....
[2025-05-20T03:30:40.926+0000] {logging_mixin.py:190} INFO - 💌message is sending....
[2025-05-20T03:30:40.982+0000] {logging_mixin.py:190} INFO - 💌message is sending....
[2025-05-20T03:30:41.038+0000] {logging_mixin.py:190} INFO - 💌message is sending....
[2025-05-20T03:30:41.094+0000] {logging_mixin.py:190} INFO - 💌message is sending....
[2025-05-20T03:30:41.149+0000] {logging_mixin.py:190} INFO - 💌message is sending....
[2025-05-20T03:30:41.205+0000] {logging_mixin.py:190} INFO - 💌message is sending....
[2025-05-20T03:30:41.259+0000] {logging_mixin.py:190} INFO - 💌message is sending....
[2025-05-20T03:30:41.317+0000] {logging_mixin.py:190} INFO - 💌message is sending....
[2025-05-20T03:30:41.373+0000] {logging_mixin.py:190} INFO - 💌message is sending....
[2025-05-20T03:30:41.430+0000] {logging_mixin.py:190} INFO - 💌message is sending....
[2025-05-20T03:30:41.486+0000] {logging_mixin.py:190} INFO - 💌message is sending....
[2025-05-20T03:30:41.541+0000] {logging_mixin.py:190} INFO - 💌message is sending....
[2025-05-20T03:30:41.595+0000] {logging_mixin.py:190} INFO - 💌message is sending....
[2025-05-20T03:30:41.647+0000] {logging_mixin.py:190} INFO - 💌message is sending....
[2025-05-20T03:30:41.700+0000] {logging_mixin.py:190} INFO - 💌message is sending....
[2025-05-20T03:30:41.754+0000] {logging_mixin.py:190} INFO - 💌message is sending....
[2025-05-20T03:30:41.808+0000] {logging_mixin.py:190} INFO - 💌message is sending....
[2025-05-20T03:30:41.863+0000] {logging_mixin.py:190} INFO - 💌message is sending....
[2025-05-20T03:30:41.918+0000] {logging_mixin.py:190} INFO - 💌message is sending....
[2025-05-20T03:30:41.976+0000] {logging_mixin.py:190} INFO - 💌message is sending....
[2025-05-20T03:30:42.033+0000] {logging_mixin.py:190} INFO - 💌message is sending....
[2025-05-20T03:30:42.088+0000] {logging_mixin.py:190} INFO - 💌message is sending....
[2025-05-20T03:30:42.147+0000] {logging_mixin.py:190} INFO - 💌message is sending....
[2025-05-20T03:30:42.203+0000] {logging_mixin.py:190} INFO - 💌message is sending....
[2025-05-20T03:30:42.260+0000] {logging_mixin.py:190} INFO - 💌message is sending....
[2025-05-20T03:30:42.315+0000] {logging_mixin.py:190} INFO - 💌message is sending....
[2025-05-20T03:30:42.370+0000] {logging_mixin.py:190} INFO - 💌message is sending....
[2025-05-20T03:30:42.425+0000] {logging_mixin.py:190} INFO - 💌message is sending....
[2025-05-20T03:30:42.480+0000] {logging_mixin.py:190} INFO - 💌message is sending....
[2025-05-20T03:30:42.537+0000] {logging_mixin.py:190} INFO - 💌message is sending....
[2025-05-20T03:30:42.592+0000] {logging_mixin.py:190} INFO - 💌message is sending....
[2025-05-20T03:30:42.649+0000] {logging_mixin.py:190} INFO - 💌message is sending....
[2025-05-20T03:30:42.702+0000] {logging_mixin.py:190} INFO - 💌message is sending....
[2025-05-20T03:30:42.756+0000] {logging_mixin.py:190} INFO - 💌message is sending....
[2025-05-20T03:30:42.810+0000] {logging_mixin.py:190} INFO - 💌message is sending....
[2025-05-20T03:30:42.867+0000] {logging_mixin.py:190} INFO - 💌message is sending....
[2025-05-20T03:30:42.922+0000] {logging_mixin.py:190} INFO - 💌message is sending....
[2025-05-20T03:30:42.977+0000] {logging_mixin.py:190} INFO - 💌message is sending....
[2025-05-20T03:30:43.033+0000] {logging_mixin.py:190} INFO - 💌message is sending....
[2025-05-20T03:30:43.096+0000] {logging_mixin.py:190} INFO - 💌message is sending....
[2025-05-20T03:30:43.149+0000] {logging_mixin.py:190} INFO - 💌message is sending....
[2025-05-20T03:30:43.202+0000] {logging_mixin.py:190} INFO - 💌message is sending....
[2025-05-20T03:30:43.258+0000] {logging_mixin.py:190} INFO - 💌message is sending....
[2025-05-20T03:30:43.320+0000] {logging_mixin.py:190} INFO - 💌message is sending....
[2025-05-20T03:30:43.377+0000] {logging_mixin.py:190} INFO - 💌message is sending....
[2025-05-20T03:30:43.431+0000] {logging_mixin.py:190} INFO - 💌message is sending....
[2025-05-20T03:30:43.486+0000] {logging_mixin.py:190} INFO - 💌message is sending....
[2025-05-20T03:30:43.539+0000] {logging_mixin.py:190} INFO - 💌message is sending....
[2025-05-20T03:30:43.591+0000] {logging_mixin.py:190} INFO - 💌message is sending....
[2025-05-20T03:30:43.645+0000] {logging_mixin.py:190} INFO - 💌message is sending....
[2025-05-20T03:30:43.698+0000] {logging_mixin.py:190} INFO - 💌message is sending....
[2025-05-20T03:30:43.751+0000] {logging_mixin.py:190} INFO - 💌message is sending....
[2025-05-20T03:30:43.805+0000] {logging_mixin.py:190} INFO - 💌message is sending....
[2025-05-20T03:30:43.858+0000] {logging_mixin.py:190} INFO - 💌message is sending....
[2025-05-20T03:30:43.911+0000] {logging_mixin.py:190} INFO - 💌message is sending....
[2025-05-20T03:30:43.966+0000] {logging_mixin.py:190} INFO - 💌message is sending....
[2025-05-20T03:30:44.019+0000] {logging_mixin.py:190} INFO - 💌message is sending....
[2025-05-20T03:30:44.074+0000] {logging_mixin.py:190} INFO - 💌message is sending....
[2025-05-20T03:30:44.126+0000] {logging_mixin.py:190} INFO - 💌message is sending....
[2025-05-20T03:30:44.180+0000] {logging_mixin.py:190} INFO - 💌message is sending....
[2025-05-20T03:30:44.237+0000] {logging_mixin.py:190} INFO - 💌message is sending....
[2025-05-20T03:30:44.292+0000] {logging_mixin.py:190} INFO - 💌message is sending....
[2025-05-20T03:30:44.346+0000] {logging_mixin.py:190} INFO - 💌message is sending....
[2025-05-20T03:30:44.402+0000] {logging_mixin.py:190} INFO - 💌message is sending....
[2025-05-20T03:30:44.457+0000] {logging_mixin.py:190} INFO - 💌message is sending....
[2025-05-20T03:30:44.512+0000] {logging_mixin.py:190} INFO - 💌message is sending....
[2025-05-20T03:30:44.564+0000] {logging_mixin.py:190} INFO - 💌message is sending....
[2025-05-20T03:30:44.617+0000] {logging_mixin.py:190} INFO - 💌message is sending....
[2025-05-20T03:30:44.669+0000] {logging_mixin.py:190} INFO - 💌message is sending....
[2025-05-20T03:30:44.722+0000] {logging_mixin.py:190} INFO - 💌message is sending....
[2025-05-20T03:30:44.773+0000] {logging_mixin.py:190} INFO - 💌message is sending....
[2025-05-20T03:30:44.827+0000] {logging_mixin.py:190} INFO - 💌message is sending....
[2025-05-20T03:30:44.881+0000] {logging_mixin.py:190} INFO - 💌message is sending....
[2025-05-20T03:30:44.936+0000] {logging_mixin.py:190} INFO - 💌message is sending....
[2025-05-20T03:30:44.991+0000] {logging_mixin.py:190} INFO - 💌message is sending....
[2025-05-20T03:30:45.046+0000] {logging_mixin.py:190} INFO - 💌message is sending....
[2025-05-20T03:30:45.101+0000] {logging_mixin.py:190} INFO - 💌message is sending....
[2025-05-20T03:30:45.152+0000] {logging_mixin.py:190} INFO - 💌message is sending....
[2025-05-20T03:30:45.207+0000] {logging_mixin.py:190} INFO - 💌message is sending....
[2025-05-20T03:30:45.261+0000] {logging_mixin.py:190} INFO - 💌message is sending....
[2025-05-20T03:30:45.314+0000] {logging_mixin.py:190} INFO - 💌message is sending....
[2025-05-20T03:30:45.370+0000] {logging_mixin.py:190} INFO - 💌message is sending....
[2025-05-20T03:30:45.425+0000] {logging_mixin.py:190} INFO - 💌message is sending....
[2025-05-20T03:30:45.480+0000] {logging_mixin.py:190} INFO - 💌message is sending....
[2025-05-20T03:30:45.537+0000] {logging_mixin.py:190} INFO - 💌message is sending....
[2025-05-20T03:30:45.590+0000] {logging_mixin.py:190} INFO - 💌message is sending....
[2025-05-20T03:30:45.644+0000] {logging_mixin.py:190} INFO - 💌message is sending....
[2025-05-20T03:30:45.697+0000] {logging_mixin.py:190} INFO - 💌message is sending....
[2025-05-20T03:30:45.751+0000] {logging_mixin.py:190} INFO - 💌message is sending....
[2025-05-20T03:30:45.806+0000] {logging_mixin.py:190} INFO - 💌message is sending....
[2025-05-20T03:30:45.860+0000] {logging_mixin.py:190} INFO - 💌message is sending....
[2025-05-20T03:30:45.914+0000] {logging_mixin.py:190} INFO - 💌message is sending....
[2025-05-20T03:30:45.969+0000] {logging_mixin.py:190} INFO - 💌message is sending....
[2025-05-20T03:30:46.023+0000] {logging_mixin.py:190} INFO - 💌message is sending....
[2025-05-20T03:30:46.078+0000] {logging_mixin.py:190} INFO - 💌message is sending....
[2025-05-20T03:30:46.139+0000] {logging_mixin.py:190} INFO - 💌message is sending....
[2025-05-20T03:30:46.193+0000] {logging_mixin.py:190} INFO - 💌message is sending....
[2025-05-20T03:30:46.247+0000] {logging_mixin.py:190} INFO - 💌message is sending....
[2025-05-20T03:30:46.301+0000] {logging_mixin.py:190} INFO - 💌message is sending....
[2025-05-20T03:30:46.358+0000] {logging_mixin.py:190} INFO - 💌message is sending....
[2025-05-20T03:30:46.415+0000] {logging_mixin.py:190} INFO - 💌message is sending....
[2025-05-20T03:30:46.471+0000] {logging_mixin.py:190} INFO - 💌message is sending....
[2025-05-20T03:30:46.525+0000] {logging_mixin.py:190} INFO - 💌message is sending....
[2025-05-20T03:30:46.577+0000] {logging_mixin.py:190} INFO - 💌message is sending....
[2025-05-20T03:30:46.629+0000] {logging_mixin.py:190} INFO - 💌message is sending....
[2025-05-20T03:30:46.683+0000] {logging_mixin.py:190} INFO - 💌message is sending....
[2025-05-20T03:30:46.735+0000] {logging_mixin.py:190} INFO - 💌message is sending....
[2025-05-20T03:30:46.792+0000] {logging_mixin.py:190} INFO - 💌message is sending....
[2025-05-20T03:30:46.847+0000] {logging_mixin.py:190} INFO - 💌message is sending....
[2025-05-20T03:30:46.902+0000] {logging_mixin.py:190} INFO - 💌message is sending....
[2025-05-20T03:30:46.958+0000] {logging_mixin.py:190} INFO - 💌message is sending....
[2025-05-20T03:30:47.014+0000] {logging_mixin.py:190} INFO - 💌message is sending....
[2025-05-20T03:30:47.068+0000] {logging_mixin.py:190} INFO - 💌message is sending....
[2025-05-20T03:30:47.122+0000] {logging_mixin.py:190} INFO - 💌message is sending....
[2025-05-20T03:30:47.174+0000] {logging_mixin.py:190} INFO - 💌message is sending....
[2025-05-20T03:30:47.228+0000] {logging_mixin.py:190} INFO - 💌message is sending....
[2025-05-20T03:30:47.280+0000] {logging_mixin.py:190} INFO - 💌message is sending....
[2025-05-20T03:30:47.334+0000] {logging_mixin.py:190} INFO - 💌message is sending....
[2025-05-20T03:30:47.391+0000] {logging_mixin.py:190} INFO - 💌message is sending....
[2025-05-20T03:30:47.448+0000] {logging_mixin.py:190} INFO - 💌message is sending....
[2025-05-20T03:30:47.506+0000] {logging_mixin.py:190} INFO - 💌message is sending....
[2025-05-20T03:30:47.562+0000] {logging_mixin.py:190} INFO - 💌message is sending....
[2025-05-20T03:30:47.619+0000] {logging_mixin.py:190} INFO - 💌message is sending....
[2025-05-20T03:30:47.673+0000] {logging_mixin.py:190} INFO - 💌message is sending....
[2025-05-20T03:30:47.728+0000] {logging_mixin.py:190} INFO - 💌message is sending....
[2025-05-20T03:30:47.786+0000] {logging_mixin.py:190} INFO - 💌message is sending....
[2025-05-20T03:30:47.839+0000] {logging_mixin.py:190} INFO - 💌message is sending....
[2025-05-20T03:30:47.898+0000] {logging_mixin.py:190} INFO - 💌message is sending....
[2025-05-20T03:30:47.953+0000] {logging_mixin.py:190} INFO - 💌message is sending....
[2025-05-20T03:30:48.010+0000] {logging_mixin.py:190} INFO - 💌message is sending....
[2025-05-20T03:30:48.066+0000] {logging_mixin.py:190} INFO - 💌message is sending....
[2025-05-20T03:30:48.123+0000] {logging_mixin.py:190} INFO - 💌message is sending....
[2025-05-20T03:30:48.178+0000] {logging_mixin.py:190} INFO - 💌message is sending....
[2025-05-20T03:30:48.234+0000] {logging_mixin.py:190} INFO - 💌message is sending....
[2025-05-20T03:30:48.290+0000] {logging_mixin.py:190} INFO - 💌message is sending....
[2025-05-20T03:30:48.349+0000] {logging_mixin.py:190} INFO - 💌message is sending....
[2025-05-20T03:30:48.404+0000] {logging_mixin.py:190} INFO - 💌message is sending....
[2025-05-20T03:30:48.461+0000] {logging_mixin.py:190} INFO - 💌message is sending....
[2025-05-20T03:30:48.515+0000] {logging_mixin.py:190} INFO - 💌message is sending....
[2025-05-20T03:30:48.570+0000] {logging_mixin.py:190} INFO - 💌message is sending....
[2025-05-20T03:30:48.624+0000] {logging_mixin.py:190} INFO - 💌message is sending....
[2025-05-20T03:30:48.679+0000] {logging_mixin.py:190} INFO - 💌message is sending....
[2025-05-20T03:30:48.733+0000] {logging_mixin.py:190} INFO - 💌message is sending....
[2025-05-20T03:30:48.785+0000] {logging_mixin.py:190} INFO - 💌message is sending....
[2025-05-20T03:30:48.840+0000] {logging_mixin.py:190} INFO - 💌message is sending....
[2025-05-20T03:30:48.895+0000] {logging_mixin.py:190} INFO - 💌message is sending....
[2025-05-20T03:30:48.951+0000] {logging_mixin.py:190} INFO - 💌message is sending....
[2025-05-20T03:30:49.008+0000] {logging_mixin.py:190} INFO - 💌message is sending....
[2025-05-20T03:30:49.065+0000] {logging_mixin.py:190} INFO - 💌message is sending....
[2025-05-20T03:30:49.122+0000] {logging_mixin.py:190} INFO - 💌message is sending....
[2025-05-20T03:30:49.178+0000] {logging_mixin.py:190} INFO - 💌message is sending....
[2025-05-20T03:30:49.232+0000] {logging_mixin.py:190} INFO - 💌message is sending....
[2025-05-20T03:30:49.288+0000] {logging_mixin.py:190} INFO - 💌message is sending....
[2025-05-20T03:30:49.343+0000] {logging_mixin.py:190} INFO - 💌message is sending....
[2025-05-20T03:30:49.398+0000] {logging_mixin.py:190} INFO - 💌message is sending....
[2025-05-20T03:30:49.455+0000] {logging_mixin.py:190} INFO - 💌message is sending....
[2025-05-20T03:30:49.511+0000] {logging_mixin.py:190} INFO - 💌message is sending....
[2025-05-20T03:30:49.565+0000] {logging_mixin.py:190} INFO - 💌message is sending....
[2025-05-20T03:30:49.621+0000] {logging_mixin.py:190} INFO - 💌message is sending....
[2025-05-20T03:30:49.676+0000] {logging_mixin.py:190} INFO - 💌message is sending....
[2025-05-20T03:30:49.728+0000] {logging_mixin.py:190} INFO - 💌message is sending....
[2025-05-20T03:30:49.780+0000] {logging_mixin.py:190} INFO - 💌message is sending....
[2025-05-20T03:30:49.833+0000] {logging_mixin.py:190} INFO - ✅All messages sent
[2025-05-20T03:30:49.833+0000] {conn.py:945} INFO - <BrokerConnection client_id=kafka-python-producer-1, node_id=1 host=172.16.24.224:9092 <connected> [IPv4 ('172.16.24.224', 9092)]>: Closing connection. 
[2025-05-20T03:30:49.834+0000] {python.py:240} INFO - Done. Returned value was: None
[2025-05-20T03:30:49.839+0000] {taskinstance.py:340} INFO - ::group::Post task execution logs
[2025-05-20T03:30:49.839+0000] {taskinstance.py:352} INFO - Marking task as SUCCESS. dag_id=kafka_to_minio_to_spark, task_id=kafka_producer, run_id=scheduled__2025-05-20T01:00:00+00:00, execution_date=20250520T010000, start_date=20250520T032954, end_date=20250520T033049
[2025-05-20T03:30:49.863+0000] {local_task_job_runner.py:266} INFO - Task exited with return code 0
[2025-05-20T03:30:49.872+0000] {taskinstance.py:3900} INFO - 1 downstream tasks scheduled from follow-on schedule check
[2025-05-20T03:30:49.872+0000] {local_task_job_runner.py:245} INFO - ::endgroup::
