[2025-05-20T03:39:44.571+0000] {local_task_job_runner.py:123} INFO - ::group::Pre task execution logs
[2025-05-20T03:39:44.577+0000] {taskinstance.py:2612} INFO - Dependencies all met for dep_context=non-requeueable deps ti=<TaskInstance: kafka_to_minio_to_spark.kafka_producer scheduled__2025-05-20T01:00:00+00:00 [queued]>
[2025-05-20T03:39:44.580+0000] {taskinstance.py:2612} INFO - Dependencies all met for dep_context=requeueable deps ti=<TaskInstance: kafka_to_minio_to_spark.kafka_producer scheduled__2025-05-20T01:00:00+00:00 [queued]>
[2025-05-20T03:39:44.580+0000] {taskinstance.py:2865} INFO - Starting attempt 3 of 4
[2025-05-20T03:39:44.584+0000] {taskinstance.py:2888} INFO - Executing <Task(PythonOperator): kafka_producer> on 2025-05-20 01:00:00+00:00
[2025-05-20T03:39:44.586+0000] {standard_task_runner.py:72} INFO - Started process 152 to run task
[2025-05-20T03:39:44.588+0000] {standard_task_runner.py:104} INFO - Running: ['***', 'tasks', 'run', 'kafka_to_minio_to_spark', 'kafka_producer', 'scheduled__2025-05-20T01:00:00+00:00', '--job-id', '120', '--raw', '--subdir', 'DAGS_FOLDER/testlog_ml.py', '--cfg-path', '/tmp/tmpb_tdgzlj']
[2025-05-20T03:39:44.588+0000] {standard_task_runner.py:105} INFO - Job 120: Subtask kafka_producer
[2025-05-20T03:39:44.605+0000] {task_command.py:467} INFO - Running <TaskInstance: kafka_to_minio_to_spark.kafka_producer scheduled__2025-05-20T01:00:00+00:00 [running]> on host 91a46f1a1993
[2025-05-20T03:39:44.718+0000] {taskinstance.py:3131} INFO - Exporting env vars: AIRFLOW_CTX_DAG_OWNER='***' AIRFLOW_CTX_DAG_ID='kafka_to_minio_to_spark' AIRFLOW_CTX_TASK_ID='kafka_producer' AIRFLOW_CTX_EXECUTION_DATE='2025-05-20T01:00:00+00:00' AIRFLOW_CTX_TRY_NUMBER='3' AIRFLOW_CTX_DAG_RUN_ID='scheduled__2025-05-20T01:00:00+00:00'
[2025-05-20T03:39:44.719+0000] {taskinstance.py:731} INFO - ::endgroup::
[2025-05-20T03:39:44.730+0000] {conn.py:396} INFO - <BrokerConnection client_id=kafka-python-producer-1, node_id=bootstrap-0 host=host.docker.internal:9092 <connecting> [IPv4 ('192.168.65.254', 9092)]>: connecting to host.docker.internal:9092 [('192.168.65.254', 9092) IPv4]
[2025-05-20T03:39:44.733+0000] {conn.py:618} INFO - <BrokerConnection client_id=kafka-python-producer-1, node_id=bootstrap-0 host=host.docker.internal:9092 <checking_api_versions_recv> [IPv4 ('192.168.65.254', 9092)]>: Broker version identified as 2.6
[2025-05-20T03:39:44.733+0000] {conn.py:457} INFO - <BrokerConnection client_id=kafka-python-producer-1, node_id=bootstrap-0 host=host.docker.internal:9092 <connected> [IPv4 ('192.168.65.254', 9092)]>: Connection complete.
[2025-05-20T03:39:44.836+0000] {conn.py:396} INFO - <BrokerConnection client_id=kafka-python-producer-1, node_id=1 host=172.16.24.224:9092 <connecting> [IPv4 ('172.16.24.224', 9092)]>: connecting to 172.16.24.224:9092 [('172.16.24.224', 9092) IPv4]
[2025-05-20T03:39:44.837+0000] {conn.py:457} INFO - <BrokerConnection client_id=kafka-python-producer-1, node_id=1 host=172.16.24.224:9092 <connected> [IPv4 ('172.16.24.224', 9092)]>: Connection complete.
[2025-05-20T03:39:44.837+0000] {conn.py:945} INFO - <BrokerConnection client_id=kafka-python-producer-1, node_id=bootstrap-0 host=host.docker.internal:9092 <connected> [IPv4 ('192.168.65.254', 9092)]>: Closing connection. 
[2025-05-20T03:39:44.840+0000] {logging_mixin.py:190} INFO - 💌message is sending....
[2025-05-20T03:39:44.892+0000] {logging_mixin.py:190} INFO - 💌message is sending....
[2025-05-20T03:39:44.945+0000] {logging_mixin.py:190} INFO - 💌message is sending....
[2025-05-20T03:39:44.998+0000] {logging_mixin.py:190} INFO - 💌message is sending....
[2025-05-20T03:39:45.053+0000] {logging_mixin.py:190} INFO - 💌message is sending....
[2025-05-20T03:39:45.105+0000] {logging_mixin.py:190} INFO - 💌message is sending....
[2025-05-20T03:39:45.161+0000] {logging_mixin.py:190} INFO - 💌message is sending....
[2025-05-20T03:39:45.215+0000] {logging_mixin.py:190} INFO - 💌message is sending....
[2025-05-20T03:39:45.269+0000] {logging_mixin.py:190} INFO - 💌message is sending....
[2025-05-20T03:39:45.323+0000] {logging_mixin.py:190} INFO - 💌message is sending....
[2025-05-20T03:39:45.383+0000] {logging_mixin.py:190} INFO - 💌message is sending....
[2025-05-20T03:39:45.437+0000] {logging_mixin.py:190} INFO - 💌message is sending....
[2025-05-20T03:39:45.495+0000] {logging_mixin.py:190} INFO - 💌message is sending....
[2025-05-20T03:39:45.552+0000] {logging_mixin.py:190} INFO - 💌message is sending....
[2025-05-20T03:39:45.610+0000] {logging_mixin.py:190} INFO - 💌message is sending....
[2025-05-20T03:39:45.667+0000] {logging_mixin.py:190} INFO - 💌message is sending....
[2025-05-20T03:39:45.722+0000] {logging_mixin.py:190} INFO - 💌message is sending....
[2025-05-20T03:39:45.776+0000] {logging_mixin.py:190} INFO - 💌message is sending....
[2025-05-20T03:39:45.830+0000] {logging_mixin.py:190} INFO - 💌message is sending....
[2025-05-20T03:39:45.882+0000] {logging_mixin.py:190} INFO - 💌message is sending....
[2025-05-20T03:39:45.937+0000] {logging_mixin.py:190} INFO - 💌message is sending....
[2025-05-20T03:39:45.991+0000] {logging_mixin.py:190} INFO - 💌message is sending....
[2025-05-20T03:39:46.048+0000] {logging_mixin.py:190} INFO - 💌message is sending....
[2025-05-20T03:39:46.104+0000] {logging_mixin.py:190} INFO - 💌message is sending....
[2025-05-20T03:39:46.159+0000] {logging_mixin.py:190} INFO - 💌message is sending....
[2025-05-20T03:39:46.214+0000] {logging_mixin.py:190} INFO - 💌message is sending....
[2025-05-20T03:39:46.269+0000] {logging_mixin.py:190} INFO - 💌message is sending....
[2025-05-20T03:39:46.321+0000] {logging_mixin.py:190} INFO - 💌message is sending....
[2025-05-20T03:39:46.374+0000] {logging_mixin.py:190} INFO - 💌message is sending....
[2025-05-20T03:39:46.430+0000] {logging_mixin.py:190} INFO - 💌message is sending....
[2025-05-20T03:39:46.487+0000] {logging_mixin.py:190} INFO - 💌message is sending....
[2025-05-20T03:39:46.544+0000] {logging_mixin.py:190} INFO - 💌message is sending....
[2025-05-20T03:39:46.600+0000] {logging_mixin.py:190} INFO - 💌message is sending....
[2025-05-20T03:39:46.655+0000] {logging_mixin.py:190} INFO - 💌message is sending....
[2025-05-20T03:39:46.709+0000] {logging_mixin.py:190} INFO - 💌message is sending....
[2025-05-20T03:39:46.765+0000] {logging_mixin.py:190} INFO - 💌message is sending....
[2025-05-20T03:39:46.820+0000] {logging_mixin.py:190} INFO - 💌message is sending....
[2025-05-20T03:39:46.875+0000] {logging_mixin.py:190} INFO - 💌message is sending....
[2025-05-20T03:39:46.929+0000] {logging_mixin.py:190} INFO - 💌message is sending....
[2025-05-20T03:39:46.982+0000] {logging_mixin.py:190} INFO - 💌message is sending....
[2025-05-20T03:39:47.035+0000] {logging_mixin.py:190} INFO - 💌message is sending....
[2025-05-20T03:39:47.087+0000] {logging_mixin.py:190} INFO - 💌message is sending....
[2025-05-20T03:39:47.140+0000] {logging_mixin.py:190} INFO - 💌message is sending....
[2025-05-20T03:39:47.194+0000] {logging_mixin.py:190} INFO - 💌message is sending....
[2025-05-20T03:39:47.251+0000] {logging_mixin.py:190} INFO - 💌message is sending....
[2025-05-20T03:39:47.308+0000] {logging_mixin.py:190} INFO - 💌message is sending....
[2025-05-20T03:39:47.365+0000] {logging_mixin.py:190} INFO - 💌message is sending....
[2025-05-20T03:39:47.420+0000] {logging_mixin.py:190} INFO - 💌message is sending....
[2025-05-20T03:39:47.473+0000] {logging_mixin.py:190} INFO - 💌message is sending....
[2025-05-20T03:39:47.525+0000] {logging_mixin.py:190} INFO - 💌message is sending....
[2025-05-20T03:39:47.577+0000] {logging_mixin.py:190} INFO - 💌message is sending....
[2025-05-20T03:39:47.630+0000] {logging_mixin.py:190} INFO - 💌message is sending....
[2025-05-20T03:39:47.683+0000] {logging_mixin.py:190} INFO - 💌message is sending....
[2025-05-20T03:39:47.736+0000] {logging_mixin.py:190} INFO - 💌message is sending....
[2025-05-20T03:39:47.790+0000] {logging_mixin.py:190} INFO - 💌message is sending....
[2025-05-20T03:39:47.844+0000] {logging_mixin.py:190} INFO - 💌message is sending....
[2025-05-20T03:39:47.899+0000] {logging_mixin.py:190} INFO - 💌message is sending....
[2025-05-20T03:39:47.953+0000] {logging_mixin.py:190} INFO - 💌message is sending....
[2025-05-20T03:39:48.006+0000] {logging_mixin.py:190} INFO - 💌message is sending....
[2025-05-20T03:39:48.060+0000] {logging_mixin.py:190} INFO - 💌message is sending....
[2025-05-20T03:39:48.114+0000] {logging_mixin.py:190} INFO - 💌message is sending....
[2025-05-20T03:39:48.167+0000] {logging_mixin.py:190} INFO - 💌message is sending....
[2025-05-20T03:39:48.223+0000] {logging_mixin.py:190} INFO - 💌message is sending....
[2025-05-20T03:39:48.278+0000] {logging_mixin.py:190} INFO - 💌message is sending....
[2025-05-20T03:39:48.332+0000] {logging_mixin.py:190} INFO - 💌message is sending....
[2025-05-20T03:39:48.389+0000] {logging_mixin.py:190} INFO - 💌message is sending....
[2025-05-20T03:39:48.444+0000] {logging_mixin.py:190} INFO - 💌message is sending....
[2025-05-20T03:39:48.501+0000] {logging_mixin.py:190} INFO - 💌message is sending....
[2025-05-20T03:39:48.557+0000] {logging_mixin.py:190} INFO - 💌message is sending....
[2025-05-20T03:39:48.613+0000] {logging_mixin.py:190} INFO - 💌message is sending....
[2025-05-20T03:39:48.671+0000] {logging_mixin.py:190} INFO - 💌message is sending....
[2025-05-20T03:39:48.728+0000] {logging_mixin.py:190} INFO - 💌message is sending....
[2025-05-20T03:39:48.783+0000] {logging_mixin.py:190} INFO - 💌message is sending....
[2025-05-20T03:39:48.839+0000] {logging_mixin.py:190} INFO - 💌message is sending....
[2025-05-20T03:39:48.895+0000] {logging_mixin.py:190} INFO - 💌message is sending....
[2025-05-20T03:39:48.950+0000] {logging_mixin.py:190} INFO - 💌message is sending....
[2025-05-20T03:39:49.004+0000] {logging_mixin.py:190} INFO - 💌message is sending....
[2025-05-20T03:39:49.059+0000] {logging_mixin.py:190} INFO - 💌message is sending....
[2025-05-20T03:39:49.113+0000] {logging_mixin.py:190} INFO - 💌message is sending....
[2025-05-20T03:39:49.167+0000] {logging_mixin.py:190} INFO - 💌message is sending....
[2025-05-20T03:39:49.219+0000] {logging_mixin.py:190} INFO - 💌message is sending....
[2025-05-20T03:39:49.278+0000] {logging_mixin.py:190} INFO - 💌message is sending....
[2025-05-20T03:39:49.334+0000] {logging_mixin.py:190} INFO - 💌message is sending....
[2025-05-20T03:39:49.389+0000] {logging_mixin.py:190} INFO - 💌message is sending....
[2025-05-20T03:39:49.444+0000] {logging_mixin.py:190} INFO - 💌message is sending....
[2025-05-20T03:39:49.500+0000] {logging_mixin.py:190} INFO - 💌message is sending....
[2025-05-20T03:39:49.556+0000] {logging_mixin.py:190} INFO - 💌message is sending....
[2025-05-20T03:39:49.612+0000] {logging_mixin.py:190} INFO - 💌message is sending....
[2025-05-20T03:39:49.670+0000] {logging_mixin.py:190} INFO - 💌message is sending....
[2025-05-20T03:39:49.726+0000] {logging_mixin.py:190} INFO - 💌message is sending....
[2025-05-20T03:39:49.780+0000] {logging_mixin.py:190} INFO - 💌message is sending....
[2025-05-20T03:39:49.836+0000] {logging_mixin.py:190} INFO - 💌message is sending....
[2025-05-20T03:39:49.892+0000] {logging_mixin.py:190} INFO - 💌message is sending....
[2025-05-20T03:39:49.946+0000] {logging_mixin.py:190} INFO - 💌message is sending....
[2025-05-20T03:39:50.002+0000] {logging_mixin.py:190} INFO - 💌message is sending....
[2025-05-20T03:39:50.058+0000] {logging_mixin.py:190} INFO - 💌message is sending....
[2025-05-20T03:39:50.113+0000] {logging_mixin.py:190} INFO - 💌message is sending....
[2025-05-20T03:39:50.169+0000] {logging_mixin.py:190} INFO - 💌message is sending....
[2025-05-20T03:39:50.224+0000] {logging_mixin.py:190} INFO - 💌message is sending....
[2025-05-20T03:39:50.277+0000] {logging_mixin.py:190} INFO - 💌message is sending....
[2025-05-20T03:39:50.331+0000] {logging_mixin.py:190} INFO - 💌message is sending....
[2025-05-20T03:39:50.387+0000] {logging_mixin.py:190} INFO - 💌message is sending....
[2025-05-20T03:39:50.441+0000] {logging_mixin.py:190} INFO - 💌message is sending....
[2025-05-20T03:39:50.495+0000] {logging_mixin.py:190} INFO - 💌message is sending....
[2025-05-20T03:39:50.547+0000] {logging_mixin.py:190} INFO - 💌message is sending....
[2025-05-20T03:39:50.600+0000] {logging_mixin.py:190} INFO - 💌message is sending....
[2025-05-20T03:39:50.654+0000] {logging_mixin.py:190} INFO - 💌message is sending....
[2025-05-20T03:39:50.707+0000] {logging_mixin.py:190} INFO - 💌message is sending....
[2025-05-20T03:39:50.763+0000] {logging_mixin.py:190} INFO - 💌message is sending....
[2025-05-20T03:39:50.815+0000] {logging_mixin.py:190} INFO - 💌message is sending....
[2025-05-20T03:39:50.871+0000] {logging_mixin.py:190} INFO - 💌message is sending....
[2025-05-20T03:39:50.929+0000] {logging_mixin.py:190} INFO - 💌message is sending....
[2025-05-20T03:39:50.983+0000] {logging_mixin.py:190} INFO - 💌message is sending....
[2025-05-20T03:39:51.038+0000] {logging_mixin.py:190} INFO - 💌message is sending....
[2025-05-20T03:39:51.097+0000] {logging_mixin.py:190} INFO - 💌message is sending....
[2025-05-20T03:39:51.158+0000] {logging_mixin.py:190} INFO - 💌message is sending....
[2025-05-20T03:39:51.212+0000] {logging_mixin.py:190} INFO - 💌message is sending....
[2025-05-20T03:39:51.267+0000] {logging_mixin.py:190} INFO - 💌message is sending....
[2025-05-20T03:39:51.322+0000] {logging_mixin.py:190} INFO - 💌message is sending....
[2025-05-20T03:39:51.378+0000] {logging_mixin.py:190} INFO - 💌message is sending....
[2025-05-20T03:39:51.431+0000] {logging_mixin.py:190} INFO - 💌message is sending....
[2025-05-20T03:39:51.483+0000] {logging_mixin.py:190} INFO - 💌message is sending....
[2025-05-20T03:39:51.537+0000] {logging_mixin.py:190} INFO - 💌message is sending....
[2025-05-20T03:39:51.592+0000] {logging_mixin.py:190} INFO - 💌message is sending....
[2025-05-20T03:39:51.644+0000] {logging_mixin.py:190} INFO - 💌message is sending....
[2025-05-20T03:39:51.698+0000] {logging_mixin.py:190} INFO - 💌message is sending....
[2025-05-20T03:39:51.752+0000] {logging_mixin.py:190} INFO - 💌message is sending....
[2025-05-20T03:39:51.803+0000] {logging_mixin.py:190} INFO - 💌message is sending....
[2025-05-20T03:39:51.856+0000] {logging_mixin.py:190} INFO - 💌message is sending....
[2025-05-20T03:39:51.913+0000] {logging_mixin.py:190} INFO - 💌message is sending....
[2025-05-20T03:39:51.965+0000] {logging_mixin.py:190} INFO - 💌message is sending....
[2025-05-20T03:39:52.016+0000] {logging_mixin.py:190} INFO - 💌message is sending....
[2025-05-20T03:39:52.067+0000] {logging_mixin.py:190} INFO - 💌message is sending....
[2025-05-20T03:39:52.119+0000] {logging_mixin.py:190} INFO - 💌message is sending....
[2025-05-20T03:39:52.175+0000] {logging_mixin.py:190} INFO - 💌message is sending....
[2025-05-20T03:39:52.227+0000] {logging_mixin.py:190} INFO - 💌message is sending....
[2025-05-20T03:39:52.280+0000] {logging_mixin.py:190} INFO - 💌message is sending....
[2025-05-20T03:39:52.336+0000] {logging_mixin.py:190} INFO - 💌message is sending....
[2025-05-20T03:39:52.388+0000] {logging_mixin.py:190} INFO - 💌message is sending....
[2025-05-20T03:39:52.440+0000] {logging_mixin.py:190} INFO - 💌message is sending....
[2025-05-20T03:39:52.493+0000] {logging_mixin.py:190} INFO - 💌message is sending....
[2025-05-20T03:39:52.546+0000] {logging_mixin.py:190} INFO - 💌message is sending....
[2025-05-20T03:39:52.600+0000] {logging_mixin.py:190} INFO - 💌message is sending....
[2025-05-20T03:39:52.652+0000] {logging_mixin.py:190} INFO - 💌message is sending....
[2025-05-20T03:39:52.704+0000] {logging_mixin.py:190} INFO - 💌message is sending....
[2025-05-20T03:39:52.756+0000] {logging_mixin.py:190} INFO - 💌message is sending....
[2025-05-20T03:39:52.814+0000] {logging_mixin.py:190} INFO - 💌message is sending....
[2025-05-20T03:39:52.866+0000] {logging_mixin.py:190} INFO - 💌message is sending....
[2025-05-20T03:39:52.918+0000] {logging_mixin.py:190} INFO - 💌message is sending....
[2025-05-20T03:39:52.970+0000] {logging_mixin.py:190} INFO - 💌message is sending....
[2025-05-20T03:39:53.022+0000] {logging_mixin.py:190} INFO - 💌message is sending....
[2025-05-20T03:39:53.076+0000] {logging_mixin.py:190} INFO - 💌message is sending....
[2025-05-20T03:39:53.129+0000] {logging_mixin.py:190} INFO - 💌message is sending....
[2025-05-20T03:39:53.183+0000] {logging_mixin.py:190} INFO - 💌message is sending....
[2025-05-20T03:39:53.238+0000] {logging_mixin.py:190} INFO - 💌message is sending....
[2025-05-20T03:39:53.294+0000] {logging_mixin.py:190} INFO - 💌message is sending....
[2025-05-20T03:39:53.349+0000] {logging_mixin.py:190} INFO - 💌message is sending....
[2025-05-20T03:39:53.403+0000] {logging_mixin.py:190} INFO - 💌message is sending....
[2025-05-20T03:39:53.461+0000] {logging_mixin.py:190} INFO - 💌message is sending....
[2025-05-20T03:39:53.517+0000] {logging_mixin.py:190} INFO - 💌message is sending....
[2025-05-20T03:39:53.572+0000] {logging_mixin.py:190} INFO - 💌message is sending....
[2025-05-20T03:39:53.633+0000] {logging_mixin.py:190} INFO - 💌message is sending....
[2025-05-20T03:39:53.693+0000] {logging_mixin.py:190} INFO - 💌message is sending....
[2025-05-20T03:39:53.748+0000] {logging_mixin.py:190} INFO - 💌message is sending....
[2025-05-20T03:39:53.802+0000] {logging_mixin.py:190} INFO - 💌message is sending....
[2025-05-20T03:39:53.854+0000] {logging_mixin.py:190} INFO - 💌message is sending....
[2025-05-20T03:39:53.905+0000] {logging_mixin.py:190} INFO - 💌message is sending....
[2025-05-20T03:39:53.959+0000] {logging_mixin.py:190} INFO - 💌message is sending....
[2025-05-20T03:39:54.011+0000] {logging_mixin.py:190} INFO - 💌message is sending....
[2025-05-20T03:39:54.064+0000] {logging_mixin.py:190} INFO - 💌message is sending....
[2025-05-20T03:39:54.115+0000] {logging_mixin.py:190} INFO - 💌message is sending....
[2025-05-20T03:39:54.169+0000] {logging_mixin.py:190} INFO - 💌message is sending....
[2025-05-20T03:39:54.222+0000] {logging_mixin.py:190} INFO - 💌message is sending....
[2025-05-20T03:39:54.277+0000] {logging_mixin.py:190} INFO - 💌message is sending....
[2025-05-20T03:39:54.335+0000] {logging_mixin.py:190} INFO - 💌message is sending....
[2025-05-20T03:39:54.388+0000] {logging_mixin.py:190} INFO - 💌message is sending....
[2025-05-20T03:39:54.441+0000] {logging_mixin.py:190} INFO - 💌message is sending....
[2025-05-20T03:39:54.497+0000] {logging_mixin.py:190} INFO - 💌message is sending....
[2025-05-20T03:39:54.554+0000] {logging_mixin.py:190} INFO - 💌message is sending....
[2025-05-20T03:39:54.606+0000] {logging_mixin.py:190} INFO - 💌message is sending....
[2025-05-20T03:39:54.657+0000] {logging_mixin.py:190} INFO - 💌message is sending....
[2025-05-20T03:39:54.711+0000] {logging_mixin.py:190} INFO - 💌message is sending....
[2025-05-20T03:39:54.763+0000] {logging_mixin.py:190} INFO - 💌message is sending....
[2025-05-20T03:39:54.815+0000] {logging_mixin.py:190} INFO - 💌message is sending....
[2025-05-20T03:39:54.867+0000] {logging_mixin.py:190} INFO - 💌message is sending....
[2025-05-20T03:39:54.921+0000] {logging_mixin.py:190} INFO - 💌message is sending....
[2025-05-20T03:39:54.973+0000] {logging_mixin.py:190} INFO - 💌message is sending....
[2025-05-20T03:39:55.026+0000] {logging_mixin.py:190} INFO - 💌message is sending....
[2025-05-20T03:39:55.078+0000] {logging_mixin.py:190} INFO - 💌message is sending....
[2025-05-20T03:39:55.131+0000] {logging_mixin.py:190} INFO - 💌message is sending....
[2025-05-20T03:39:55.184+0000] {logging_mixin.py:190} INFO - 💌message is sending....
[2025-05-20T03:39:55.239+0000] {logging_mixin.py:190} INFO - 💌message is sending....
[2025-05-20T03:39:55.295+0000] {logging_mixin.py:190} INFO - 💌message is sending....
[2025-05-20T03:39:55.350+0000] {logging_mixin.py:190} INFO - 💌message is sending....
[2025-05-20T03:39:55.404+0000] {logging_mixin.py:190} INFO - 💌message is sending....
[2025-05-20T03:39:55.456+0000] {logging_mixin.py:190} INFO - 💌message is sending....
[2025-05-20T03:39:55.508+0000] {logging_mixin.py:190} INFO - 💌message is sending....
[2025-05-20T03:39:55.559+0000] {logging_mixin.py:190} INFO - 💌message is sending....
[2025-05-20T03:39:55.612+0000] {logging_mixin.py:190} INFO - 💌message is sending....
[2025-05-20T03:39:55.664+0000] {logging_mixin.py:190} INFO - 💌message is sending....
[2025-05-20T03:39:55.718+0000] {logging_mixin.py:190} INFO - 💌message is sending....
[2025-05-20T03:39:55.774+0000] {logging_mixin.py:190} INFO - 💌message is sending....
[2025-05-20T03:39:55.832+0000] {logging_mixin.py:190} INFO - 💌message is sending....
[2025-05-20T03:39:55.886+0000] {logging_mixin.py:190} INFO - 💌message is sending....
[2025-05-20T03:39:55.945+0000] {logging_mixin.py:190} INFO - 💌message is sending....
[2025-05-20T03:39:56.002+0000] {logging_mixin.py:190} INFO - 💌message is sending....
[2025-05-20T03:39:56.056+0000] {logging_mixin.py:190} INFO - 💌message is sending....
[2025-05-20T03:39:56.109+0000] {logging_mixin.py:190} INFO - 💌message is sending....
[2025-05-20T03:39:56.162+0000] {logging_mixin.py:190} INFO - 💌message is sending....
[2025-05-20T03:39:56.214+0000] {logging_mixin.py:190} INFO - 💌message is sending....
[2025-05-20T03:39:56.267+0000] {logging_mixin.py:190} INFO - 💌message is sending....
[2025-05-20T03:39:56.320+0000] {logging_mixin.py:190} INFO - 💌message is sending....
[2025-05-20T03:39:56.375+0000] {logging_mixin.py:190} INFO - 💌message is sending....
[2025-05-20T03:39:56.430+0000] {logging_mixin.py:190} INFO - 💌message is sending....
[2025-05-20T03:39:56.487+0000] {logging_mixin.py:190} INFO - 💌message is sending....
[2025-05-20T03:39:56.541+0000] {logging_mixin.py:190} INFO - 💌message is sending....
[2025-05-20T03:39:56.597+0000] {logging_mixin.py:190} INFO - 💌message is sending....
[2025-05-20T03:39:56.651+0000] {logging_mixin.py:190} INFO - 💌message is sending....
[2025-05-20T03:39:56.706+0000] {logging_mixin.py:190} INFO - 💌message is sending....
[2025-05-20T03:39:56.762+0000] {logging_mixin.py:190} INFO - 💌message is sending....
[2025-05-20T03:39:56.822+0000] {logging_mixin.py:190} INFO - 💌message is sending....
[2025-05-20T03:39:56.881+0000] {logging_mixin.py:190} INFO - 💌message is sending....
[2025-05-20T03:39:56.933+0000] {logging_mixin.py:190} INFO - 💌message is sending....
[2025-05-20T03:39:56.986+0000] {logging_mixin.py:190} INFO - 💌message is sending....
[2025-05-20T03:39:57.041+0000] {logging_mixin.py:190} INFO - 💌message is sending....
[2025-05-20T03:39:57.093+0000] {logging_mixin.py:190} INFO - 💌message is sending....
[2025-05-20T03:39:57.149+0000] {logging_mixin.py:190} INFO - 💌message is sending....
[2025-05-20T03:39:57.201+0000] {logging_mixin.py:190} INFO - 💌message is sending....
[2025-05-20T03:39:57.255+0000] {logging_mixin.py:190} INFO - 💌message is sending....
[2025-05-20T03:39:57.312+0000] {logging_mixin.py:190} INFO - 💌message is sending....
[2025-05-20T03:39:57.369+0000] {logging_mixin.py:190} INFO - 💌message is sending....
[2025-05-20T03:39:57.425+0000] {logging_mixin.py:190} INFO - 💌message is sending....
[2025-05-20T03:39:57.483+0000] {logging_mixin.py:190} INFO - 💌message is sending....
[2025-05-20T03:39:57.535+0000] {logging_mixin.py:190} INFO - 💌message is sending....
[2025-05-20T03:39:57.588+0000] {logging_mixin.py:190} INFO - 💌message is sending....
[2025-05-20T03:39:57.643+0000] {logging_mixin.py:190} INFO - 💌message is sending....
[2025-05-20T03:39:57.699+0000] {logging_mixin.py:190} INFO - 💌message is sending....
[2025-05-20T03:39:57.755+0000] {logging_mixin.py:190} INFO - 💌message is sending....
[2025-05-20T03:39:57.809+0000] {logging_mixin.py:190} INFO - 💌message is sending....
[2025-05-20T03:39:57.862+0000] {logging_mixin.py:190} INFO - 💌message is sending....
[2025-05-20T03:39:57.914+0000] {logging_mixin.py:190} INFO - 💌message is sending....
[2025-05-20T03:39:57.970+0000] {logging_mixin.py:190} INFO - 💌message is sending....
[2025-05-20T03:39:58.022+0000] {logging_mixin.py:190} INFO - 💌message is sending....
[2025-05-20T03:39:58.074+0000] {logging_mixin.py:190} INFO - 💌message is sending....
[2025-05-20T03:39:58.126+0000] {logging_mixin.py:190} INFO - 💌message is sending....
[2025-05-20T03:39:58.179+0000] {logging_mixin.py:190} INFO - 💌message is sending....
[2025-05-20T03:39:58.230+0000] {logging_mixin.py:190} INFO - 💌message is sending....
[2025-05-20T03:39:58.285+0000] {logging_mixin.py:190} INFO - 💌message is sending....
[2025-05-20T03:39:58.338+0000] {logging_mixin.py:190} INFO - 💌message is sending....
[2025-05-20T03:39:58.389+0000] {logging_mixin.py:190} INFO - 💌message is sending....
[2025-05-20T03:39:58.443+0000] {logging_mixin.py:190} INFO - 💌message is sending....
[2025-05-20T03:39:58.498+0000] {logging_mixin.py:190} INFO - 💌message is sending....
[2025-05-20T03:39:58.549+0000] {logging_mixin.py:190} INFO - 💌message is sending....
[2025-05-20T03:39:58.600+0000] {logging_mixin.py:190} INFO - 💌message is sending....
[2025-05-20T03:39:58.654+0000] {logging_mixin.py:190} INFO - 💌message is sending....
[2025-05-20T03:39:58.710+0000] {logging_mixin.py:190} INFO - 💌message is sending....
[2025-05-20T03:39:58.761+0000] {logging_mixin.py:190} INFO - 💌message is sending....
[2025-05-20T03:39:58.815+0000] {logging_mixin.py:190} INFO - 💌message is sending....
[2025-05-20T03:39:58.866+0000] {logging_mixin.py:190} INFO - 💌message is sending....
[2025-05-20T03:39:58.918+0000] {logging_mixin.py:190} INFO - 💌message is sending....
[2025-05-20T03:39:58.970+0000] {logging_mixin.py:190} INFO - 💌message is sending....
[2025-05-20T03:39:59.023+0000] {logging_mixin.py:190} INFO - 💌message is sending....
[2025-05-20T03:39:59.076+0000] {logging_mixin.py:190} INFO - 💌message is sending....
[2025-05-20T03:39:59.128+0000] {logging_mixin.py:190} INFO - 💌message is sending....
[2025-05-20T03:39:59.180+0000] {logging_mixin.py:190} INFO - 💌message is sending....
[2025-05-20T03:39:59.231+0000] {logging_mixin.py:190} INFO - 💌message is sending....
[2025-05-20T03:39:59.283+0000] {logging_mixin.py:190} INFO - 💌message is sending....
[2025-05-20T03:39:59.338+0000] {logging_mixin.py:190} INFO - 💌message is sending....
[2025-05-20T03:39:59.389+0000] {logging_mixin.py:190} INFO - 💌message is sending....
[2025-05-20T03:39:59.440+0000] {logging_mixin.py:190} INFO - 💌message is sending....
[2025-05-20T03:39:59.493+0000] {logging_mixin.py:190} INFO - 💌message is sending....
[2025-05-20T03:39:59.545+0000] {logging_mixin.py:190} INFO - 💌message is sending....
[2025-05-20T03:39:59.597+0000] {logging_mixin.py:190} INFO - 💌message is sending....
[2025-05-20T03:39:59.648+0000] {logging_mixin.py:190} INFO - 💌message is sending....
[2025-05-20T03:39:59.700+0000] {logging_mixin.py:190} INFO - 💌message is sending....
[2025-05-20T03:39:59.755+0000] {logging_mixin.py:190} INFO - 💌message is sending....
[2025-05-20T03:39:59.808+0000] {logging_mixin.py:190} INFO - 💌message is sending....
[2025-05-20T03:39:59.859+0000] {logging_mixin.py:190} INFO - 💌message is sending....
[2025-05-20T03:39:59.913+0000] {logging_mixin.py:190} INFO - 💌message is sending....
[2025-05-20T03:39:59.970+0000] {logging_mixin.py:190} INFO - 💌message is sending....
[2025-05-20T03:40:00.033+0000] {logging_mixin.py:190} INFO - 💌message is sending....
[2025-05-20T03:40:00.084+0000] {logging_mixin.py:190} INFO - 💌message is sending....
[2025-05-20T03:40:00.138+0000] {logging_mixin.py:190} INFO - 💌message is sending....
[2025-05-20T03:40:00.189+0000] {logging_mixin.py:190} INFO - 💌message is sending....
[2025-05-20T03:40:00.240+0000] {logging_mixin.py:190} INFO - 💌message is sending....
[2025-05-20T03:40:00.294+0000] {logging_mixin.py:190} INFO - 💌message is sending....
[2025-05-20T03:40:00.346+0000] {logging_mixin.py:190} INFO - 💌message is sending....
[2025-05-20T03:40:00.400+0000] {logging_mixin.py:190} INFO - 💌message is sending....
[2025-05-20T03:40:00.454+0000] {logging_mixin.py:190} INFO - 💌message is sending....
[2025-05-20T03:40:00.514+0000] {logging_mixin.py:190} INFO - 💌message is sending....
[2025-05-20T03:40:00.569+0000] {logging_mixin.py:190} INFO - 💌message is sending....
[2025-05-20T03:40:00.626+0000] {logging_mixin.py:190} INFO - 💌message is sending....
[2025-05-20T03:40:00.686+0000] {logging_mixin.py:190} INFO - 💌message is sending....
[2025-05-20T03:40:00.740+0000] {logging_mixin.py:190} INFO - 💌message is sending....
[2025-05-20T03:40:00.798+0000] {logging_mixin.py:190} INFO - 💌message is sending....
[2025-05-20T03:40:00.854+0000] {logging_mixin.py:190} INFO - 💌message is sending....
[2025-05-20T03:40:00.905+0000] {logging_mixin.py:190} INFO - 💌message is sending....
[2025-05-20T03:40:00.959+0000] {logging_mixin.py:190} INFO - 💌message is sending....
[2025-05-20T03:40:01.017+0000] {logging_mixin.py:190} INFO - 💌message is sending....
[2025-05-20T03:40:01.073+0000] {logging_mixin.py:190} INFO - 💌message is sending....
[2025-05-20T03:40:01.129+0000] {logging_mixin.py:190} INFO - 💌message is sending....
[2025-05-20T03:40:01.184+0000] {logging_mixin.py:190} INFO - 💌message is sending....
[2025-05-20T03:40:01.240+0000] {logging_mixin.py:190} INFO - 💌message is sending....
[2025-05-20T03:40:01.298+0000] {logging_mixin.py:190} INFO - 💌message is sending....
[2025-05-20T03:40:01.352+0000] {logging_mixin.py:190} INFO - 💌message is sending....
[2025-05-20T03:40:01.405+0000] {logging_mixin.py:190} INFO - 💌message is sending....
[2025-05-20T03:40:01.457+0000] {logging_mixin.py:190} INFO - 💌message is sending....
[2025-05-20T03:40:01.510+0000] {logging_mixin.py:190} INFO - 💌message is sending....
[2025-05-20T03:40:01.563+0000] {logging_mixin.py:190} INFO - 💌message is sending....
[2025-05-20T03:40:01.617+0000] {logging_mixin.py:190} INFO - 💌message is sending....
[2025-05-20T03:40:01.672+0000] {logging_mixin.py:190} INFO - 💌message is sending....
[2025-05-20T03:40:01.728+0000] {logging_mixin.py:190} INFO - 💌message is sending....
[2025-05-20T03:40:01.784+0000] {logging_mixin.py:190} INFO - 💌message is sending....
[2025-05-20T03:40:01.840+0000] {logging_mixin.py:190} INFO - 💌message is sending....
[2025-05-20T03:40:01.895+0000] {logging_mixin.py:190} INFO - 💌message is sending....
[2025-05-20T03:40:01.948+0000] {logging_mixin.py:190} INFO - 💌message is sending....
[2025-05-20T03:40:02.003+0000] {logging_mixin.py:190} INFO - 💌message is sending....
[2025-05-20T03:40:02.060+0000] {logging_mixin.py:190} INFO - 💌message is sending....
[2025-05-20T03:40:02.113+0000] {logging_mixin.py:190} INFO - 💌message is sending....
[2025-05-20T03:40:02.166+0000] {logging_mixin.py:190} INFO - 💌message is sending....
[2025-05-20T03:40:02.218+0000] {logging_mixin.py:190} INFO - 💌message is sending....
[2025-05-20T03:40:02.273+0000] {logging_mixin.py:190} INFO - 💌message is sending....
[2025-05-20T03:40:02.329+0000] {logging_mixin.py:190} INFO - 💌message is sending....
[2025-05-20T03:40:02.383+0000] {logging_mixin.py:190} INFO - 💌message is sending....
[2025-05-20T03:40:02.437+0000] {logging_mixin.py:190} INFO - 💌message is sending....
[2025-05-20T03:40:02.494+0000] {logging_mixin.py:190} INFO - 💌message is sending....
[2025-05-20T03:40:02.548+0000] {logging_mixin.py:190} INFO - 💌message is sending....
[2025-05-20T03:40:02.603+0000] {logging_mixin.py:190} INFO - 💌message is sending....
[2025-05-20T03:40:02.659+0000] {logging_mixin.py:190} INFO - 💌message is sending....
[2025-05-20T03:40:02.714+0000] {logging_mixin.py:190} INFO - 💌message is sending....
[2025-05-20T03:40:02.768+0000] {logging_mixin.py:190} INFO - 💌message is sending....
[2025-05-20T03:40:02.826+0000] {logging_mixin.py:190} INFO - 💌message is sending....
[2025-05-20T03:40:02.881+0000] {logging_mixin.py:190} INFO - 💌message is sending....
[2025-05-20T03:40:02.937+0000] {logging_mixin.py:190} INFO - 💌message is sending....
[2025-05-20T03:40:02.992+0000] {logging_mixin.py:190} INFO - 💌message is sending....
[2025-05-20T03:40:03.048+0000] {logging_mixin.py:190} INFO - 💌message is sending....
[2025-05-20T03:40:03.103+0000] {logging_mixin.py:190} INFO - 💌message is sending....
[2025-05-20T03:40:03.155+0000] {logging_mixin.py:190} INFO - 💌message is sending....
[2025-05-20T03:40:03.212+0000] {logging_mixin.py:190} INFO - 💌message is sending....
[2025-05-20T03:40:03.264+0000] {logging_mixin.py:190} INFO - 💌message is sending....
[2025-05-20T03:40:03.317+0000] {logging_mixin.py:190} INFO - 💌message is sending....
[2025-05-20T03:40:03.371+0000] {logging_mixin.py:190} INFO - 💌message is sending....
[2025-05-20T03:40:03.425+0000] {logging_mixin.py:190} INFO - 💌message is sending....
[2025-05-20T03:40:03.479+0000] {logging_mixin.py:190} INFO - 💌message is sending....
[2025-05-20T03:40:03.534+0000] {logging_mixin.py:190} INFO - 💌message is sending....
[2025-05-20T03:40:03.589+0000] {logging_mixin.py:190} INFO - 💌message is sending....
[2025-05-20T03:40:03.646+0000] {logging_mixin.py:190} INFO - 💌message is sending....
[2025-05-20T03:40:03.704+0000] {logging_mixin.py:190} INFO - 💌message is sending....
[2025-05-20T03:40:03.760+0000] {logging_mixin.py:190} INFO - 💌message is sending....
[2025-05-20T03:40:03.817+0000] {logging_mixin.py:190} INFO - 💌message is sending....
[2025-05-20T03:40:03.872+0000] {logging_mixin.py:190} INFO - 💌message is sending....
[2025-05-20T03:40:03.928+0000] {logging_mixin.py:190} INFO - 💌message is sending....
[2025-05-20T03:40:03.986+0000] {logging_mixin.py:190} INFO - 💌message is sending....
[2025-05-20T03:40:04.042+0000] {logging_mixin.py:190} INFO - 💌message is sending....
[2025-05-20T03:40:04.100+0000] {logging_mixin.py:190} INFO - 💌message is sending....
[2025-05-20T03:40:04.152+0000] {logging_mixin.py:190} INFO - 💌message is sending....
[2025-05-20T03:40:04.204+0000] {logging_mixin.py:190} INFO - 💌message is sending....
[2025-05-20T03:40:04.257+0000] {logging_mixin.py:190} INFO - 💌message is sending....
[2025-05-20T03:40:04.309+0000] {logging_mixin.py:190} INFO - 💌message is sending....
[2025-05-20T03:40:04.364+0000] {logging_mixin.py:190} INFO - 💌message is sending....
[2025-05-20T03:40:04.419+0000] {logging_mixin.py:190} INFO - 💌message is sending....
[2025-05-20T03:40:04.474+0000] {logging_mixin.py:190} INFO - 💌message is sending....
[2025-05-20T03:40:04.530+0000] {logging_mixin.py:190} INFO - 💌message is sending....
[2025-05-20T03:40:04.585+0000] {logging_mixin.py:190} INFO - 💌message is sending....
[2025-05-20T03:40:04.642+0000] {logging_mixin.py:190} INFO - 💌message is sending....
[2025-05-20T03:40:04.700+0000] {logging_mixin.py:190} INFO - 💌message is sending....
[2025-05-20T03:40:04.753+0000] {logging_mixin.py:190} INFO - 💌message is sending....
[2025-05-20T03:40:04.807+0000] {logging_mixin.py:190} INFO - 💌message is sending....
[2025-05-20T03:40:04.865+0000] {logging_mixin.py:190} INFO - 💌message is sending....
[2025-05-20T03:40:04.918+0000] {logging_mixin.py:190} INFO - 💌message is sending....
[2025-05-20T03:40:04.972+0000] {logging_mixin.py:190} INFO - 💌message is sending....
[2025-05-20T03:40:05.025+0000] {logging_mixin.py:190} INFO - 💌message is sending....
[2025-05-20T03:40:05.076+0000] {logging_mixin.py:190} INFO - 💌message is sending....
[2025-05-20T03:40:05.129+0000] {logging_mixin.py:190} INFO - 💌message is sending....
[2025-05-20T03:40:05.182+0000] {logging_mixin.py:190} INFO - 💌message is sending....
[2025-05-20T03:40:05.236+0000] {logging_mixin.py:190} INFO - 💌message is sending....
[2025-05-20T03:40:05.289+0000] {logging_mixin.py:190} INFO - 💌message is sending....
[2025-05-20T03:40:05.342+0000] {logging_mixin.py:190} INFO - 💌message is sending....
[2025-05-20T03:40:05.397+0000] {logging_mixin.py:190} INFO - 💌message is sending....
[2025-05-20T03:40:05.454+0000] {logging_mixin.py:190} INFO - 💌message is sending....
[2025-05-20T03:40:05.509+0000] {logging_mixin.py:190} INFO - 💌message is sending....
[2025-05-20T03:40:05.565+0000] {logging_mixin.py:190} INFO - 💌message is sending....
[2025-05-20T03:40:05.620+0000] {logging_mixin.py:190} INFO - 💌message is sending....
[2025-05-20T03:40:05.676+0000] {logging_mixin.py:190} INFO - 💌message is sending....
[2025-05-20T03:40:05.739+0000] {logging_mixin.py:190} INFO - 💌message is sending....
[2025-05-20T03:40:05.799+0000] {logging_mixin.py:190} INFO - 💌message is sending....
[2025-05-20T03:40:05.854+0000] {logging_mixin.py:190} INFO - 💌message is sending....
[2025-05-20T03:40:05.910+0000] {logging_mixin.py:190} INFO - 💌message is sending....
[2025-05-20T03:40:05.968+0000] {logging_mixin.py:190} INFO - 💌message is sending....
[2025-05-20T03:40:06.022+0000] {logging_mixin.py:190} INFO - 💌message is sending....
[2025-05-20T03:40:06.077+0000] {logging_mixin.py:190} INFO - 💌message is sending....
[2025-05-20T03:40:06.135+0000] {logging_mixin.py:190} INFO - 💌message is sending....
[2025-05-20T03:40:06.189+0000] {logging_mixin.py:190} INFO - 💌message is sending....
[2025-05-20T03:40:06.241+0000] {logging_mixin.py:190} INFO - 💌message is sending....
[2025-05-20T03:40:06.293+0000] {logging_mixin.py:190} INFO - 💌message is sending....
[2025-05-20T03:40:06.346+0000] {logging_mixin.py:190} INFO - 💌message is sending....
[2025-05-20T03:40:06.402+0000] {logging_mixin.py:190} INFO - 💌message is sending....
[2025-05-20T03:40:06.453+0000] {logging_mixin.py:190} INFO - 💌message is sending....
[2025-05-20T03:40:06.506+0000] {logging_mixin.py:190} INFO - 💌message is sending....
[2025-05-20T03:40:06.561+0000] {logging_mixin.py:190} INFO - 💌message is sending....
[2025-05-20T03:40:06.616+0000] {logging_mixin.py:190} INFO - 💌message is sending....
[2025-05-20T03:40:06.671+0000] {logging_mixin.py:190} INFO - 💌message is sending....
[2025-05-20T03:40:06.726+0000] {logging_mixin.py:190} INFO - 💌message is sending....
[2025-05-20T03:40:06.781+0000] {logging_mixin.py:190} INFO - 💌message is sending....
[2025-05-20T03:40:06.836+0000] {logging_mixin.py:190} INFO - 💌message is sending....
[2025-05-20T03:40:06.891+0000] {logging_mixin.py:190} INFO - 💌message is sending....
[2025-05-20T03:40:06.946+0000] {logging_mixin.py:190} INFO - 💌message is sending....
[2025-05-20T03:40:07.004+0000] {logging_mixin.py:190} INFO - 💌message is sending....
[2025-05-20T03:40:07.058+0000] {logging_mixin.py:190} INFO - 💌message is sending....
[2025-05-20T03:40:07.113+0000] {logging_mixin.py:190} INFO - 💌message is sending....
[2025-05-20T03:40:07.167+0000] {logging_mixin.py:190} INFO - 💌message is sending....
[2025-05-20T03:40:07.224+0000] {logging_mixin.py:190} INFO - 💌message is sending....
[2025-05-20T03:40:07.278+0000] {logging_mixin.py:190} INFO - 💌message is sending....
[2025-05-20T03:40:07.334+0000] {logging_mixin.py:190} INFO - 💌message is sending....
[2025-05-20T03:40:07.389+0000] {logging_mixin.py:190} INFO - 💌message is sending....
[2025-05-20T03:40:07.444+0000] {logging_mixin.py:190} INFO - 💌message is sending....
[2025-05-20T03:40:07.499+0000] {logging_mixin.py:190} INFO - 💌message is sending....
[2025-05-20T03:40:07.552+0000] {logging_mixin.py:190} INFO - 💌message is sending....
[2025-05-20T03:40:07.603+0000] {logging_mixin.py:190} INFO - 💌message is sending....
[2025-05-20T03:40:07.656+0000] {logging_mixin.py:190} INFO - 💌message is sending....
[2025-05-20T03:40:07.712+0000] {logging_mixin.py:190} INFO - 💌message is sending....
[2025-05-20T03:40:07.768+0000] {logging_mixin.py:190} INFO - 💌message is sending....
[2025-05-20T03:40:07.823+0000] {logging_mixin.py:190} INFO - 💌message is sending....
[2025-05-20T03:40:07.886+0000] {logging_mixin.py:190} INFO - 💌message is sending....
[2025-05-20T03:40:07.941+0000] {logging_mixin.py:190} INFO - 💌message is sending....
[2025-05-20T03:40:07.996+0000] {logging_mixin.py:190} INFO - 💌message is sending....
[2025-05-20T03:40:08.051+0000] {logging_mixin.py:190} INFO - 💌message is sending....
[2025-05-20T03:40:08.107+0000] {logging_mixin.py:190} INFO - 💌message is sending....
[2025-05-20T03:40:08.160+0000] {logging_mixin.py:190} INFO - 💌message is sending....
[2025-05-20T03:40:08.215+0000] {logging_mixin.py:190} INFO - 💌message is sending....
[2025-05-20T03:40:08.268+0000] {logging_mixin.py:190} INFO - 💌message is sending....
[2025-05-20T03:40:08.322+0000] {logging_mixin.py:190} INFO - 💌message is sending....
[2025-05-20T03:40:08.378+0000] {logging_mixin.py:190} INFO - 💌message is sending....
[2025-05-20T03:40:08.434+0000] {logging_mixin.py:190} INFO - 💌message is sending....
[2025-05-20T03:40:08.490+0000] {logging_mixin.py:190} INFO - 💌message is sending....
[2025-05-20T03:40:08.547+0000] {logging_mixin.py:190} INFO - 💌message is sending....
[2025-05-20T03:40:08.602+0000] {logging_mixin.py:190} INFO - 💌message is sending....
[2025-05-20T03:40:08.657+0000] {logging_mixin.py:190} INFO - 💌message is sending....
[2025-05-20T03:40:08.713+0000] {logging_mixin.py:190} INFO - 💌message is sending....
[2025-05-20T03:40:08.770+0000] {logging_mixin.py:190} INFO - 💌message is sending....
[2025-05-20T03:40:08.825+0000] {logging_mixin.py:190} INFO - 💌message is sending....
[2025-05-20T03:40:08.880+0000] {logging_mixin.py:190} INFO - 💌message is sending....
[2025-05-20T03:40:08.937+0000] {logging_mixin.py:190} INFO - 💌message is sending....
[2025-05-20T03:40:08.994+0000] {logging_mixin.py:190} INFO - 💌message is sending....
[2025-05-20T03:40:09.048+0000] {logging_mixin.py:190} INFO - 💌message is sending....
[2025-05-20T03:40:09.100+0000] {logging_mixin.py:190} INFO - 💌message is sending....
[2025-05-20T03:40:09.152+0000] {logging_mixin.py:190} INFO - 💌message is sending....
[2025-05-20T03:40:09.204+0000] {logging_mixin.py:190} INFO - 💌message is sending....
[2025-05-20T03:40:09.255+0000] {logging_mixin.py:190} INFO - 💌message is sending....
[2025-05-20T03:40:09.306+0000] {logging_mixin.py:190} INFO - 💌message is sending....
[2025-05-20T03:40:09.359+0000] {logging_mixin.py:190} INFO - 💌message is sending....
[2025-05-20T03:40:09.412+0000] {logging_mixin.py:190} INFO - 💌message is sending....
[2025-05-20T03:40:09.464+0000] {logging_mixin.py:190} INFO - 💌message is sending....
[2025-05-20T03:40:09.520+0000] {logging_mixin.py:190} INFO - 💌message is sending....
[2025-05-20T03:40:09.575+0000] {logging_mixin.py:190} INFO - 💌message is sending....
[2025-05-20T03:40:09.630+0000] {logging_mixin.py:190} INFO - 💌message is sending....
[2025-05-20T03:40:09.687+0000] {logging_mixin.py:190} INFO - 💌message is sending....
[2025-05-20T03:40:09.743+0000] {logging_mixin.py:190} INFO - 💌message is sending....
[2025-05-20T03:40:09.798+0000] {logging_mixin.py:190} INFO - 💌message is sending....
[2025-05-20T03:40:09.854+0000] {logging_mixin.py:190} INFO - 💌message is sending....
[2025-05-20T03:40:09.911+0000] {logging_mixin.py:190} INFO - 💌message is sending....
[2025-05-20T03:40:09.968+0000] {logging_mixin.py:190} INFO - 💌message is sending....
[2025-05-20T03:40:10.024+0000] {logging_mixin.py:190} INFO - 💌message is sending....
[2025-05-20T03:40:10.078+0000] {logging_mixin.py:190} INFO - 💌message is sending....
[2025-05-20T03:40:10.133+0000] {logging_mixin.py:190} INFO - 💌message is sending....
[2025-05-20T03:40:10.190+0000] {logging_mixin.py:190} INFO - 💌message is sending....
[2025-05-20T03:40:10.246+0000] {logging_mixin.py:190} INFO - 💌message is sending....
[2025-05-20T03:40:10.301+0000] {logging_mixin.py:190} INFO - 💌message is sending....
[2025-05-20T03:40:10.355+0000] {logging_mixin.py:190} INFO - 💌message is sending....
[2025-05-20T03:40:10.409+0000] {logging_mixin.py:190} INFO - 💌message is sending....
[2025-05-20T03:40:10.465+0000] {logging_mixin.py:190} INFO - 💌message is sending....
[2025-05-20T03:40:10.522+0000] {logging_mixin.py:190} INFO - 💌message is sending....
[2025-05-20T03:40:10.578+0000] {logging_mixin.py:190} INFO - 💌message is sending....
[2025-05-20T03:40:10.631+0000] {logging_mixin.py:190} INFO - 💌message is sending....
[2025-05-20T03:40:10.685+0000] {logging_mixin.py:190} INFO - 💌message is sending....
[2025-05-20T03:40:10.739+0000] {logging_mixin.py:190} INFO - 💌message is sending....
[2025-05-20T03:40:10.795+0000] {logging_mixin.py:190} INFO - 💌message is sending....
[2025-05-20T03:40:10.848+0000] {logging_mixin.py:190} INFO - 💌message is sending....
[2025-05-20T03:40:10.902+0000] {logging_mixin.py:190} INFO - 💌message is sending....
[2025-05-20T03:40:10.954+0000] {logging_mixin.py:190} INFO - 💌message is sending....
[2025-05-20T03:40:11.008+0000] {logging_mixin.py:190} INFO - 💌message is sending....
[2025-05-20T03:40:11.062+0000] {logging_mixin.py:190} INFO - 💌message is sending....
[2025-05-20T03:40:11.117+0000] {logging_mixin.py:190} INFO - 💌message is sending....
[2025-05-20T03:40:11.174+0000] {logging_mixin.py:190} INFO - 💌message is sending....
[2025-05-20T03:40:11.228+0000] {logging_mixin.py:190} INFO - 💌message is sending....
[2025-05-20T03:40:11.280+0000] {logging_mixin.py:190} INFO - 💌message is sending....
[2025-05-20T03:40:11.335+0000] {logging_mixin.py:190} INFO - 💌message is sending....
[2025-05-20T03:40:11.392+0000] {logging_mixin.py:190} INFO - 💌message is sending....
[2025-05-20T03:40:11.448+0000] {logging_mixin.py:190} INFO - 💌message is sending....
[2025-05-20T03:40:11.504+0000] {logging_mixin.py:190} INFO - 💌message is sending....
[2025-05-20T03:40:11.558+0000] {logging_mixin.py:190} INFO - 💌message is sending....
[2025-05-20T03:40:11.615+0000] {logging_mixin.py:190} INFO - 💌message is sending....
[2025-05-20T03:40:11.672+0000] {logging_mixin.py:190} INFO - 💌message is sending....
[2025-05-20T03:40:11.729+0000] {logging_mixin.py:190} INFO - 💌message is sending....
[2025-05-20T03:40:11.784+0000] {logging_mixin.py:190} INFO - 💌message is sending....
[2025-05-20T03:40:11.838+0000] {logging_mixin.py:190} INFO - 💌message is sending....
[2025-05-20T03:40:11.893+0000] {logging_mixin.py:190} INFO - 💌message is sending....
[2025-05-20T03:40:11.947+0000] {logging_mixin.py:190} INFO - 💌message is sending....
[2025-05-20T03:40:12.002+0000] {logging_mixin.py:190} INFO - 💌message is sending....
[2025-05-20T03:40:12.058+0000] {logging_mixin.py:190} INFO - 💌message is sending....
[2025-05-20T03:40:12.115+0000] {logging_mixin.py:190} INFO - 💌message is sending....
[2025-05-20T03:40:12.171+0000] {logging_mixin.py:190} INFO - 💌message is sending....
[2025-05-20T03:40:12.222+0000] {logging_mixin.py:190} INFO - 💌message is sending....
[2025-05-20T03:40:12.276+0000] {logging_mixin.py:190} INFO - 💌message is sending....
[2025-05-20T03:40:12.327+0000] {logging_mixin.py:190} INFO - 💌message is sending....
[2025-05-20T03:40:12.380+0000] {logging_mixin.py:190} INFO - 💌message is sending....
[2025-05-20T03:40:12.435+0000] {logging_mixin.py:190} INFO - 💌message is sending....
[2025-05-20T03:40:12.488+0000] {logging_mixin.py:190} INFO - 💌message is sending....
[2025-05-20T03:40:12.541+0000] {logging_mixin.py:190} INFO - 💌message is sending....
[2025-05-20T03:40:12.598+0000] {logging_mixin.py:190} INFO - 💌message is sending....
[2025-05-20T03:40:12.653+0000] {logging_mixin.py:190} INFO - 💌message is sending....
[2025-05-20T03:40:12.709+0000] {logging_mixin.py:190} INFO - 💌message is sending....
[2025-05-20T03:40:12.765+0000] {logging_mixin.py:190} INFO - 💌message is sending....
[2025-05-20T03:40:12.819+0000] {logging_mixin.py:190} INFO - 💌message is sending....
[2025-05-20T03:40:12.873+0000] {logging_mixin.py:190} INFO - 💌message is sending....
[2025-05-20T03:40:12.928+0000] {logging_mixin.py:190} INFO - 💌message is sending....
[2025-05-20T03:40:12.985+0000] {logging_mixin.py:190} INFO - 💌message is sending....
[2025-05-20T03:40:13.041+0000] {logging_mixin.py:190} INFO - 💌message is sending....
[2025-05-20T03:40:13.098+0000] {logging_mixin.py:190} INFO - 💌message is sending....
[2025-05-20T03:40:13.155+0000] {logging_mixin.py:190} INFO - 💌message is sending....
[2025-05-20T03:40:13.210+0000] {logging_mixin.py:190} INFO - 💌message is sending....
[2025-05-20T03:40:13.264+0000] {logging_mixin.py:190} INFO - 💌message is sending....
[2025-05-20T03:40:13.315+0000] {logging_mixin.py:190} INFO - 💌message is sending....
[2025-05-20T03:40:13.374+0000] {logging_mixin.py:190} INFO - 💌message is sending....
[2025-05-20T03:40:13.428+0000] {logging_mixin.py:190} INFO - 💌message is sending....
[2025-05-20T03:40:13.482+0000] {logging_mixin.py:190} INFO - 💌message is sending....
[2025-05-20T03:40:13.538+0000] {logging_mixin.py:190} INFO - 💌message is sending....
[2025-05-20T03:40:13.595+0000] {logging_mixin.py:190} INFO - 💌message is sending....
[2025-05-20T03:40:13.650+0000] {logging_mixin.py:190} INFO - 💌message is sending....
[2025-05-20T03:40:13.706+0000] {logging_mixin.py:190} INFO - 💌message is sending....
[2025-05-20T03:40:13.761+0000] {logging_mixin.py:190} INFO - 💌message is sending....
[2025-05-20T03:40:13.816+0000] {logging_mixin.py:190} INFO - 💌message is sending....
[2025-05-20T03:40:13.871+0000] {logging_mixin.py:190} INFO - 💌message is sending....
[2025-05-20T03:40:13.927+0000] {logging_mixin.py:190} INFO - 💌message is sending....
[2025-05-20T03:40:13.982+0000] {logging_mixin.py:190} INFO - 💌message is sending....
[2025-05-20T03:40:14.037+0000] {logging_mixin.py:190} INFO - 💌message is sending....
[2025-05-20T03:40:14.092+0000] {logging_mixin.py:190} INFO - 💌message is sending....
[2025-05-20T03:40:14.149+0000] {logging_mixin.py:190} INFO - 💌message is sending....
[2025-05-20T03:40:14.204+0000] {logging_mixin.py:190} INFO - 💌message is sending....
[2025-05-20T03:40:14.259+0000] {logging_mixin.py:190} INFO - 💌message is sending....
[2025-05-20T03:40:14.312+0000] {logging_mixin.py:190} INFO - 💌message is sending....
[2025-05-20T03:40:14.364+0000] {logging_mixin.py:190} INFO - 💌message is sending....
[2025-05-20T03:40:14.418+0000] {logging_mixin.py:190} INFO - 💌message is sending....
[2025-05-20T03:40:14.469+0000] {logging_mixin.py:190} INFO - 💌message is sending....
[2025-05-20T03:40:14.521+0000] {logging_mixin.py:190} INFO - 💌message is sending....
[2025-05-20T03:40:14.573+0000] {logging_mixin.py:190} INFO - 💌message is sending....
[2025-05-20T03:40:14.628+0000] {logging_mixin.py:190} INFO - 💌message is sending....
[2025-05-20T03:40:14.686+0000] {logging_mixin.py:190} INFO - 💌message is sending....
[2025-05-20T03:40:14.741+0000] {logging_mixin.py:190} INFO - 💌message is sending....
[2025-05-20T03:40:14.795+0000] {logging_mixin.py:190} INFO - 💌message is sending....
[2025-05-20T03:40:14.847+0000] {logging_mixin.py:190} INFO - 💌message is sending....
[2025-05-20T03:40:14.899+0000] {logging_mixin.py:190} INFO - 💌message is sending....
[2025-05-20T03:40:14.952+0000] {logging_mixin.py:190} INFO - 💌message is sending....
[2025-05-20T03:40:15.005+0000] {logging_mixin.py:190} INFO - 💌message is sending....
[2025-05-20T03:40:15.059+0000] {logging_mixin.py:190} INFO - 💌message is sending....
[2025-05-20T03:40:15.110+0000] {logging_mixin.py:190} INFO - 💌message is sending....
[2025-05-20T03:40:15.164+0000] {logging_mixin.py:190} INFO - 💌message is sending....
[2025-05-20T03:40:15.220+0000] {logging_mixin.py:190} INFO - 💌message is sending....
[2025-05-20T03:40:15.274+0000] {logging_mixin.py:190} INFO - 💌message is sending....
[2025-05-20T03:40:15.328+0000] {logging_mixin.py:190} INFO - 💌message is sending....
[2025-05-20T03:40:15.380+0000] {logging_mixin.py:190} INFO - 💌message is sending....
[2025-05-20T03:40:15.435+0000] {logging_mixin.py:190} INFO - 💌message is sending....
[2025-05-20T03:40:15.488+0000] {logging_mixin.py:190} INFO - 💌message is sending....
[2025-05-20T03:40:15.542+0000] {logging_mixin.py:190} INFO - 💌message is sending....
[2025-05-20T03:40:15.595+0000] {logging_mixin.py:190} INFO - 💌message is sending....
[2025-05-20T03:40:15.650+0000] {logging_mixin.py:190} INFO - 💌message is sending....
[2025-05-20T03:40:15.705+0000] {logging_mixin.py:190} INFO - 💌message is sending....
[2025-05-20T03:40:15.760+0000] {logging_mixin.py:190} INFO - 💌message is sending....
[2025-05-20T03:40:15.816+0000] {logging_mixin.py:190} INFO - 💌message is sending....
[2025-05-20T03:40:15.867+0000] {logging_mixin.py:190} INFO - 💌message is sending....
[2025-05-20T03:40:15.920+0000] {logging_mixin.py:190} INFO - 💌message is sending....
[2025-05-20T03:40:15.974+0000] {logging_mixin.py:190} INFO - 💌message is sending....
[2025-05-20T03:40:16.029+0000] {logging_mixin.py:190} INFO - 💌message is sending....
[2025-05-20T03:40:16.084+0000] {logging_mixin.py:190} INFO - 💌message is sending....
[2025-05-20T03:40:16.142+0000] {logging_mixin.py:190} INFO - 💌message is sending....
[2025-05-20T03:40:16.198+0000] {logging_mixin.py:190} INFO - 💌message is sending....
[2025-05-20T03:40:16.255+0000] {logging_mixin.py:190} INFO - 💌message is sending....
[2025-05-20T03:40:16.309+0000] {logging_mixin.py:190} INFO - 💌message is sending....
[2025-05-20T03:40:16.361+0000] {logging_mixin.py:190} INFO - 💌message is sending....
[2025-05-20T03:40:16.415+0000] {logging_mixin.py:190} INFO - 💌message is sending....
[2025-05-20T03:40:16.469+0000] {logging_mixin.py:190} INFO - 💌message is sending....
[2025-05-20T03:40:16.523+0000] {logging_mixin.py:190} INFO - 💌message is sending....
[2025-05-20T03:40:16.579+0000] {logging_mixin.py:190} INFO - 💌message is sending....
[2025-05-20T03:40:16.635+0000] {logging_mixin.py:190} INFO - 💌message is sending....
[2025-05-20T03:40:16.691+0000] {logging_mixin.py:190} INFO - 💌message is sending....
[2025-05-20T03:40:16.746+0000] {logging_mixin.py:190} INFO - 💌message is sending....
[2025-05-20T03:40:16.801+0000] {logging_mixin.py:190} INFO - 💌message is sending....
[2025-05-20T03:40:16.855+0000] {logging_mixin.py:190} INFO - 💌message is sending....
[2025-05-20T03:40:16.910+0000] {logging_mixin.py:190} INFO - 💌message is sending....
[2025-05-20T03:40:16.969+0000] {logging_mixin.py:190} INFO - 💌message is sending....
[2025-05-20T03:40:17.024+0000] {logging_mixin.py:190} INFO - 💌message is sending....
[2025-05-20T03:40:17.080+0000] {logging_mixin.py:190} INFO - 💌message is sending....
[2025-05-20T03:40:17.135+0000] {logging_mixin.py:190} INFO - 💌message is sending....
[2025-05-20T03:40:17.193+0000] {logging_mixin.py:190} INFO - 💌message is sending....
[2025-05-20T03:40:17.247+0000] {logging_mixin.py:190} INFO - 💌message is sending....
[2025-05-20T03:40:17.301+0000] {logging_mixin.py:190} INFO - 💌message is sending....
[2025-05-20T03:40:17.355+0000] {logging_mixin.py:190} INFO - 💌message is sending....
[2025-05-20T03:40:17.409+0000] {logging_mixin.py:190} INFO - 💌message is sending....
[2025-05-20T03:40:17.463+0000] {logging_mixin.py:190} INFO - 💌message is sending....
[2025-05-20T03:40:17.516+0000] {logging_mixin.py:190} INFO - 💌message is sending....
[2025-05-20T03:40:17.568+0000] {logging_mixin.py:190} INFO - 💌message is sending....
[2025-05-20T03:40:17.623+0000] {logging_mixin.py:190} INFO - 💌message is sending....
[2025-05-20T03:40:17.684+0000] {logging_mixin.py:190} INFO - 💌message is sending....
[2025-05-20T03:40:17.739+0000] {logging_mixin.py:190} INFO - 💌message is sending....
[2025-05-20T03:40:17.795+0000] {logging_mixin.py:190} INFO - 💌message is sending....
[2025-05-20T03:40:17.851+0000] {logging_mixin.py:190} INFO - 💌message is sending....
[2025-05-20T03:40:17.905+0000] {logging_mixin.py:190} INFO - 💌message is sending....
[2025-05-20T03:40:17.960+0000] {logging_mixin.py:190} INFO - 💌message is sending....
[2025-05-20T03:40:18.019+0000] {logging_mixin.py:190} INFO - 💌message is sending....
[2025-05-20T03:40:18.077+0000] {logging_mixin.py:190} INFO - 💌message is sending....
[2025-05-20T03:40:18.134+0000] {logging_mixin.py:190} INFO - 💌message is sending....
[2025-05-20T03:40:18.191+0000] {logging_mixin.py:190} INFO - 💌message is sending....
[2025-05-20T03:40:18.248+0000] {logging_mixin.py:190} INFO - 💌message is sending....
[2025-05-20T03:40:18.303+0000] {logging_mixin.py:190} INFO - 💌message is sending....
[2025-05-20T03:40:18.355+0000] {logging_mixin.py:190} INFO - 💌message is sending....
[2025-05-20T03:40:18.407+0000] {logging_mixin.py:190} INFO - 💌message is sending....
[2025-05-20T03:40:18.460+0000] {logging_mixin.py:190} INFO - 💌message is sending....
[2025-05-20T03:40:18.513+0000] {logging_mixin.py:190} INFO - 💌message is sending....
[2025-05-20T03:40:18.564+0000] {logging_mixin.py:190} INFO - 💌message is sending....
[2025-05-20T03:40:18.619+0000] {logging_mixin.py:190} INFO - 💌message is sending....
[2025-05-20T03:40:18.676+0000] {logging_mixin.py:190} INFO - 💌message is sending....
[2025-05-20T03:40:18.739+0000] {logging_mixin.py:190} INFO - 💌message is sending....
[2025-05-20T03:40:18.797+0000] {logging_mixin.py:190} INFO - 💌message is sending....
[2025-05-20T03:40:18.853+0000] {logging_mixin.py:190} INFO - 💌message is sending....
[2025-05-20T03:40:18.909+0000] {logging_mixin.py:190} INFO - 💌message is sending....
[2025-05-20T03:40:18.966+0000] {logging_mixin.py:190} INFO - 💌message is sending....
[2025-05-20T03:40:19.021+0000] {logging_mixin.py:190} INFO - 💌message is sending....
[2025-05-20T03:40:19.076+0000] {logging_mixin.py:190} INFO - 💌message is sending....
[2025-05-20T03:40:19.130+0000] {logging_mixin.py:190} INFO - 💌message is sending....
[2025-05-20T03:40:19.184+0000] {logging_mixin.py:190} INFO - 💌message is sending....
[2025-05-20T03:40:19.239+0000] {logging_mixin.py:190} INFO - 💌message is sending....
[2025-05-20T03:40:19.294+0000] {logging_mixin.py:190} INFO - 💌message is sending....
[2025-05-20T03:40:19.348+0000] {logging_mixin.py:190} INFO - 💌message is sending....
[2025-05-20T03:40:19.401+0000] {logging_mixin.py:190} INFO - 💌message is sending....
[2025-05-20T03:40:19.455+0000] {logging_mixin.py:190} INFO - 💌message is sending....
[2025-05-20T03:40:19.511+0000] {logging_mixin.py:190} INFO - 💌message is sending....
[2025-05-20T03:40:19.566+0000] {logging_mixin.py:190} INFO - 💌message is sending....
[2025-05-20T03:40:19.623+0000] {logging_mixin.py:190} INFO - 💌message is sending....
[2025-05-20T03:40:19.685+0000] {logging_mixin.py:190} INFO - 💌message is sending....
[2025-05-20T03:40:19.741+0000] {logging_mixin.py:190} INFO - 💌message is sending....
[2025-05-20T03:40:19.797+0000] {logging_mixin.py:190} INFO - 💌message is sending....
[2025-05-20T03:40:19.851+0000] {logging_mixin.py:190} INFO - 💌message is sending....
[2025-05-20T03:40:19.905+0000] {logging_mixin.py:190} INFO - 💌message is sending....
[2025-05-20T03:40:19.960+0000] {logging_mixin.py:190} INFO - 💌message is sending....
[2025-05-20T03:40:20.016+0000] {logging_mixin.py:190} INFO - 💌message is sending....
[2025-05-20T03:40:20.071+0000] {logging_mixin.py:190} INFO - 💌message is sending....
[2025-05-20T03:40:20.126+0000] {logging_mixin.py:190} INFO - 💌message is sending....
[2025-05-20T03:40:20.181+0000] {logging_mixin.py:190} INFO - 💌message is sending....
[2025-05-20T03:40:20.234+0000] {logging_mixin.py:190} INFO - 💌message is sending....
[2025-05-20T03:40:20.288+0000] {logging_mixin.py:190} INFO - 💌message is sending....
[2025-05-20T03:40:20.342+0000] {logging_mixin.py:190} INFO - 💌message is sending....
[2025-05-20T03:40:20.396+0000] {logging_mixin.py:190} INFO - 💌message is sending....
[2025-05-20T03:40:20.449+0000] {logging_mixin.py:190} INFO - 💌message is sending....
[2025-05-20T03:40:20.501+0000] {logging_mixin.py:190} INFO - 💌message is sending....
[2025-05-20T03:40:20.557+0000] {logging_mixin.py:190} INFO - 💌message is sending....
[2025-05-20T03:40:20.613+0000] {logging_mixin.py:190} INFO - 💌message is sending....
[2025-05-20T03:40:20.669+0000] {logging_mixin.py:190} INFO - 💌message is sending....
[2025-05-20T03:40:20.727+0000] {logging_mixin.py:190} INFO - 💌message is sending....
[2025-05-20T03:40:20.782+0000] {logging_mixin.py:190} INFO - 💌message is sending....
[2025-05-20T03:40:20.836+0000] {logging_mixin.py:190} INFO - 💌message is sending....
[2025-05-20T03:40:20.891+0000] {logging_mixin.py:190} INFO - 💌message is sending....
[2025-05-20T03:40:20.948+0000] {logging_mixin.py:190} INFO - 💌message is sending....
[2025-05-20T03:40:21.001+0000] {logging_mixin.py:190} INFO - 💌message is sending....
[2025-05-20T03:40:21.056+0000] {logging_mixin.py:190} INFO - 💌message is sending....
[2025-05-20T03:40:21.114+0000] {logging_mixin.py:190} INFO - 💌message is sending....
[2025-05-20T03:40:21.171+0000] {logging_mixin.py:190} INFO - 💌message is sending....
[2025-05-20T03:40:21.226+0000] {logging_mixin.py:190} INFO - 💌message is sending....
[2025-05-20T03:40:21.283+0000] {logging_mixin.py:190} INFO - 💌message is sending....
[2025-05-20T03:40:21.340+0000] {logging_mixin.py:190} INFO - 💌message is sending....
[2025-05-20T03:40:21.394+0000] {logging_mixin.py:190} INFO - 💌message is sending....
[2025-05-20T03:40:21.447+0000] {logging_mixin.py:190} INFO - 💌message is sending....
[2025-05-20T03:40:21.503+0000] {logging_mixin.py:190} INFO - 💌message is sending....
[2025-05-20T03:40:21.556+0000] {logging_mixin.py:190} INFO - 💌message is sending....
[2025-05-20T03:40:21.610+0000] {logging_mixin.py:190} INFO - 💌message is sending....
[2025-05-20T03:40:21.668+0000] {logging_mixin.py:190} INFO - 💌message is sending....
[2025-05-20T03:40:21.723+0000] {logging_mixin.py:190} INFO - 💌message is sending....
[2025-05-20T03:40:21.778+0000] {logging_mixin.py:190} INFO - 💌message is sending....
[2025-05-20T03:40:21.835+0000] {logging_mixin.py:190} INFO - 💌message is sending....
[2025-05-20T03:40:21.890+0000] {logging_mixin.py:190} INFO - 💌message is sending....
[2025-05-20T03:40:21.944+0000] {logging_mixin.py:190} INFO - 💌message is sending....
[2025-05-20T03:40:21.996+0000] {logging_mixin.py:190} INFO - 💌message is sending....
[2025-05-20T03:40:22.050+0000] {logging_mixin.py:190} INFO - 💌message is sending....
[2025-05-20T03:40:22.103+0000] {logging_mixin.py:190} INFO - 💌message is sending....
[2025-05-20T03:40:22.158+0000] {logging_mixin.py:190} INFO - 💌message is sending....
[2025-05-20T03:40:22.213+0000] {logging_mixin.py:190} INFO - 💌message is sending....
[2025-05-20T03:40:22.266+0000] {logging_mixin.py:190} INFO - 💌message is sending....
[2025-05-20T03:40:22.319+0000] {logging_mixin.py:190} INFO - 💌message is sending....
[2025-05-20T03:40:22.375+0000] {logging_mixin.py:190} INFO - 💌message is sending....
[2025-05-20T03:40:22.429+0000] {logging_mixin.py:190} INFO - 💌message is sending....
[2025-05-20T03:40:22.482+0000] {logging_mixin.py:190} INFO - 💌message is sending....
[2025-05-20T03:40:22.535+0000] {logging_mixin.py:190} INFO - 💌message is sending....
[2025-05-20T03:40:22.589+0000] {logging_mixin.py:190} INFO - 💌message is sending....
[2025-05-20T03:40:22.640+0000] {logging_mixin.py:190} INFO - 💌message is sending....
[2025-05-20T03:40:22.693+0000] {logging_mixin.py:190} INFO - 💌message is sending....
[2025-05-20T03:40:22.749+0000] {logging_mixin.py:190} INFO - 💌message is sending....
[2025-05-20T03:40:22.803+0000] {logging_mixin.py:190} INFO - 💌message is sending....
[2025-05-20T03:40:22.854+0000] {logging_mixin.py:190} INFO - 💌message is sending....
[2025-05-20T03:40:22.906+0000] {logging_mixin.py:190} INFO - 💌message is sending....
[2025-05-20T03:40:22.962+0000] {logging_mixin.py:190} INFO - 💌message is sending....
[2025-05-20T03:40:23.014+0000] {logging_mixin.py:190} INFO - 💌message is sending....
[2025-05-20T03:40:23.069+0000] {logging_mixin.py:190} INFO - 💌message is sending....
[2025-05-20T03:40:23.120+0000] {logging_mixin.py:190} INFO - 💌message is sending....
[2025-05-20T03:40:23.175+0000] {logging_mixin.py:190} INFO - 💌message is sending....
[2025-05-20T03:40:23.226+0000] {logging_mixin.py:190} INFO - 💌message is sending....
[2025-05-20T03:40:23.278+0000] {logging_mixin.py:190} INFO - 💌message is sending....
[2025-05-20T03:40:23.329+0000] {logging_mixin.py:190} INFO - 💌message is sending....
[2025-05-20T03:40:23.385+0000] {logging_mixin.py:190} INFO - 💌message is sending....
[2025-05-20T03:40:23.437+0000] {logging_mixin.py:190} INFO - 💌message is sending....
[2025-05-20T03:40:23.488+0000] {logging_mixin.py:190} INFO - 💌message is sending....
[2025-05-20T03:40:23.539+0000] {logging_mixin.py:190} INFO - 💌message is sending....
[2025-05-20T03:40:23.594+0000] {logging_mixin.py:190} INFO - 💌message is sending....
[2025-05-20T03:40:23.647+0000] {logging_mixin.py:190} INFO - 💌message is sending....
[2025-05-20T03:40:23.700+0000] {logging_mixin.py:190} INFO - 💌message is sending....
[2025-05-20T03:40:23.754+0000] {logging_mixin.py:190} INFO - 💌message is sending....
[2025-05-20T03:40:23.811+0000] {logging_mixin.py:190} INFO - 💌message is sending....
[2025-05-20T03:40:23.865+0000] {logging_mixin.py:190} INFO - 💌message is sending....
[2025-05-20T03:40:23.920+0000] {logging_mixin.py:190} INFO - 💌message is sending....
[2025-05-20T03:40:23.976+0000] {logging_mixin.py:190} INFO - 💌message is sending....
[2025-05-20T03:40:24.031+0000] {logging_mixin.py:190} INFO - 💌message is sending....
[2025-05-20T03:40:24.086+0000] {logging_mixin.py:190} INFO - 💌message is sending....
[2025-05-20T03:40:24.141+0000] {logging_mixin.py:190} INFO - 💌message is sending....
[2025-05-20T03:40:24.195+0000] {logging_mixin.py:190} INFO - 💌message is sending....
[2025-05-20T03:40:24.251+0000] {logging_mixin.py:190} INFO - 💌message is sending....
[2025-05-20T03:40:24.305+0000] {logging_mixin.py:190} INFO - 💌message is sending....
[2025-05-20T03:40:24.358+0000] {logging_mixin.py:190} INFO - 💌message is sending....
[2025-05-20T03:40:24.410+0000] {logging_mixin.py:190} INFO - 💌message is sending....
[2025-05-20T03:40:24.467+0000] {logging_mixin.py:190} INFO - 💌message is sending....
[2025-05-20T03:40:24.519+0000] {logging_mixin.py:190} INFO - 💌message is sending....
[2025-05-20T03:40:24.571+0000] {logging_mixin.py:190} INFO - 💌message is sending....
[2025-05-20T03:40:24.625+0000] {logging_mixin.py:190} INFO - 💌message is sending....
[2025-05-20T03:40:24.683+0000] {logging_mixin.py:190} INFO - 💌message is sending....
[2025-05-20T03:40:24.742+0000] {logging_mixin.py:190} INFO - 💌message is sending....
[2025-05-20T03:40:24.798+0000] {logging_mixin.py:190} INFO - 💌message is sending....
[2025-05-20T03:40:24.852+0000] {logging_mixin.py:190} INFO - 💌message is sending....
[2025-05-20T03:40:24.904+0000] {logging_mixin.py:190} INFO - 💌message is sending....
[2025-05-20T03:40:24.959+0000] {logging_mixin.py:190} INFO - 💌message is sending....
[2025-05-20T03:40:25.012+0000] {logging_mixin.py:190} INFO - 💌message is sending....
[2025-05-20T03:40:25.064+0000] {logging_mixin.py:190} INFO - 💌message is sending....
[2025-05-20T03:40:25.116+0000] {logging_mixin.py:190} INFO - 💌message is sending....
[2025-05-20T03:40:25.173+0000] {logging_mixin.py:190} INFO - 💌message is sending....
[2025-05-20T03:40:25.227+0000] {logging_mixin.py:190} INFO - 💌message is sending....
[2025-05-20T03:40:25.283+0000] {logging_mixin.py:190} INFO - 💌message is sending....
[2025-05-20T03:40:25.337+0000] {logging_mixin.py:190} INFO - 💌message is sending....
[2025-05-20T03:40:25.389+0000] {logging_mixin.py:190} INFO - 💌message is sending....
[2025-05-20T03:40:25.441+0000] {logging_mixin.py:190} INFO - 💌message is sending....
[2025-05-20T03:40:25.495+0000] {logging_mixin.py:190} INFO - 💌message is sending....
[2025-05-20T03:40:25.548+0000] {logging_mixin.py:190} INFO - 💌message is sending....
[2025-05-20T03:40:25.601+0000] {logging_mixin.py:190} INFO - 💌message is sending....
[2025-05-20T03:40:25.653+0000] {logging_mixin.py:190} INFO - 💌message is sending....
[2025-05-20T03:40:25.705+0000] {logging_mixin.py:190} INFO - 💌message is sending....
[2025-05-20T03:40:25.760+0000] {logging_mixin.py:190} INFO - 💌message is sending....
[2025-05-20T03:40:25.817+0000] {logging_mixin.py:190} INFO - 💌message is sending....
[2025-05-20T03:40:25.872+0000] {logging_mixin.py:190} INFO - 💌message is sending....
[2025-05-20T03:40:25.928+0000] {logging_mixin.py:190} INFO - 💌message is sending....
[2025-05-20T03:40:25.985+0000] {logging_mixin.py:190} INFO - 💌message is sending....
[2025-05-20T03:40:26.039+0000] {logging_mixin.py:190} INFO - 💌message is sending....
[2025-05-20T03:40:26.095+0000] {logging_mixin.py:190} INFO - 💌message is sending....
[2025-05-20T03:40:26.150+0000] {logging_mixin.py:190} INFO - 💌message is sending....
[2025-05-20T03:40:26.207+0000] {logging_mixin.py:190} INFO - 💌message is sending....
[2025-05-20T03:40:26.264+0000] {logging_mixin.py:190} INFO - 💌message is sending....
[2025-05-20T03:40:26.318+0000] {logging_mixin.py:190} INFO - 💌message is sending....
[2025-05-20T03:40:26.373+0000] {logging_mixin.py:190} INFO - 💌message is sending....
[2025-05-20T03:40:26.430+0000] {logging_mixin.py:190} INFO - 💌message is sending....
[2025-05-20T03:40:26.483+0000] {logging_mixin.py:190} INFO - 💌message is sending....
[2025-05-20T03:40:26.535+0000] {logging_mixin.py:190} INFO - 💌message is sending....
[2025-05-20T03:40:26.591+0000] {logging_mixin.py:190} INFO - 💌message is sending....
[2025-05-20T03:40:26.644+0000] {logging_mixin.py:190} INFO - 💌message is sending....
[2025-05-20T03:40:26.696+0000] {logging_mixin.py:190} INFO - 💌message is sending....
[2025-05-20T03:40:26.751+0000] {logging_mixin.py:190} INFO - 💌message is sending....
[2025-05-20T03:40:26.806+0000] {logging_mixin.py:190} INFO - 💌message is sending....
[2025-05-20T03:40:26.866+0000] {logging_mixin.py:190} INFO - 💌message is sending....
[2025-05-20T03:40:26.922+0000] {logging_mixin.py:190} INFO - 💌message is sending....
[2025-05-20T03:40:26.978+0000] {logging_mixin.py:190} INFO - 💌message is sending....
[2025-05-20T03:40:27.031+0000] {logging_mixin.py:190} INFO - 💌message is sending....
[2025-05-20T03:40:27.087+0000] {logging_mixin.py:190} INFO - 💌message is sending....
[2025-05-20T03:40:27.142+0000] {logging_mixin.py:190} INFO - 💌message is sending....
[2025-05-20T03:40:27.197+0000] {logging_mixin.py:190} INFO - 💌message is sending....
[2025-05-20T03:40:27.254+0000] {logging_mixin.py:190} INFO - 💌message is sending....
[2025-05-20T03:40:27.308+0000] {logging_mixin.py:190} INFO - 💌message is sending....
[2025-05-20T03:40:27.361+0000] {logging_mixin.py:190} INFO - 💌message is sending....
[2025-05-20T03:40:27.415+0000] {logging_mixin.py:190} INFO - 💌message is sending....
[2025-05-20T03:40:27.468+0000] {logging_mixin.py:190} INFO - 💌message is sending....
[2025-05-20T03:40:27.524+0000] {logging_mixin.py:190} INFO - 💌message is sending....
[2025-05-20T03:40:27.577+0000] {logging_mixin.py:190} INFO - 💌message is sending....
[2025-05-20T03:40:27.630+0000] {logging_mixin.py:190} INFO - 💌message is sending....
[2025-05-20T03:40:27.684+0000] {logging_mixin.py:190} INFO - 💌message is sending....
[2025-05-20T03:40:27.740+0000] {logging_mixin.py:190} INFO - 💌message is sending....
[2025-05-20T03:40:27.797+0000] {logging_mixin.py:190} INFO - 💌message is sending....
[2025-05-20T03:40:27.853+0000] {logging_mixin.py:190} INFO - 💌message is sending....
[2025-05-20T03:40:27.908+0000] {logging_mixin.py:190} INFO - 💌message is sending....
[2025-05-20T03:40:27.965+0000] {logging_mixin.py:190} INFO - 💌message is sending....
[2025-05-20T03:40:28.020+0000] {logging_mixin.py:190} INFO - 💌message is sending....
[2025-05-20T03:40:28.076+0000] {logging_mixin.py:190} INFO - 💌message is sending....
[2025-05-20T03:40:28.131+0000] {logging_mixin.py:190} INFO - 💌message is sending....
[2025-05-20T03:40:28.186+0000] {logging_mixin.py:190} INFO - 💌message is sending....
[2025-05-20T03:40:28.243+0000] {logging_mixin.py:190} INFO - 💌message is sending....
[2025-05-20T03:40:28.299+0000] {logging_mixin.py:190} INFO - 💌message is sending....
[2025-05-20T03:40:28.353+0000] {logging_mixin.py:190} INFO - 💌message is sending....
[2025-05-20T03:40:28.407+0000] {logging_mixin.py:190} INFO - 💌message is sending....
[2025-05-20T03:40:28.459+0000] {logging_mixin.py:190} INFO - 💌message is sending....
[2025-05-20T03:40:28.513+0000] {logging_mixin.py:190} INFO - 💌message is sending....
[2025-05-20T03:40:28.567+0000] {logging_mixin.py:190} INFO - 💌message is sending....
[2025-05-20T03:40:28.621+0000] {logging_mixin.py:190} INFO - 💌message is sending....
[2025-05-20T03:40:28.676+0000] {logging_mixin.py:190} INFO - 💌message is sending....
[2025-05-20T03:40:28.739+0000] {logging_mixin.py:190} INFO - 💌message is sending....
[2025-05-20T03:40:28.795+0000] {logging_mixin.py:190} INFO - 💌message is sending....
[2025-05-20T03:40:28.856+0000] {logging_mixin.py:190} INFO - 💌message is sending....
[2025-05-20T03:40:28.911+0000] {logging_mixin.py:190} INFO - 💌message is sending....
[2025-05-20T03:40:28.966+0000] {logging_mixin.py:190} INFO - 💌message is sending....
[2025-05-20T03:40:29.020+0000] {logging_mixin.py:190} INFO - 💌message is sending....
[2025-05-20T03:40:29.072+0000] {logging_mixin.py:190} INFO - 💌message is sending....
[2025-05-20T03:40:29.123+0000] {logging_mixin.py:190} INFO - 💌message is sending....
[2025-05-20T03:40:29.174+0000] {logging_mixin.py:190} INFO - 💌message is sending....
[2025-05-20T03:40:29.225+0000] {logging_mixin.py:190} INFO - 💌message is sending....
[2025-05-20T03:40:29.279+0000] {logging_mixin.py:190} INFO - 💌message is sending....
[2025-05-20T03:40:29.330+0000] {logging_mixin.py:190} INFO - 💌message is sending....
[2025-05-20T03:40:29.381+0000] {logging_mixin.py:190} INFO - 💌message is sending....
[2025-05-20T03:40:29.434+0000] {logging_mixin.py:190} INFO - 💌message is sending....
[2025-05-20T03:40:29.485+0000] {logging_mixin.py:190} INFO - 💌message is sending....
[2025-05-20T03:40:29.536+0000] {logging_mixin.py:190} INFO - 💌message is sending....
[2025-05-20T03:40:29.588+0000] {logging_mixin.py:190} INFO - 💌message is sending....
[2025-05-20T03:40:29.642+0000] {logging_mixin.py:190} INFO - 💌message is sending....
[2025-05-20T03:40:29.694+0000] {logging_mixin.py:190} INFO - 💌message is sending....
[2025-05-20T03:40:29.747+0000] {logging_mixin.py:190} INFO - 💌message is sending....
[2025-05-20T03:40:29.800+0000] {logging_mixin.py:190} INFO - 💌message is sending....
[2025-05-20T03:40:29.852+0000] {logging_mixin.py:190} INFO - 💌message is sending....
[2025-05-20T03:40:29.903+0000] {logging_mixin.py:190} INFO - 💌message is sending....
[2025-05-20T03:40:29.955+0000] {logging_mixin.py:190} INFO - 💌message is sending....
[2025-05-20T03:40:30.007+0000] {logging_mixin.py:190} INFO - 💌message is sending....
[2025-05-20T03:40:30.060+0000] {logging_mixin.py:190} INFO - 💌message is sending....
[2025-05-20T03:40:30.113+0000] {logging_mixin.py:190} INFO - 💌message is sending....
[2025-05-20T03:40:30.166+0000] {logging_mixin.py:190} INFO - 💌message is sending....
[2025-05-20T03:40:30.219+0000] {logging_mixin.py:190} INFO - 💌message is sending....
[2025-05-20T03:40:30.271+0000] {logging_mixin.py:190} INFO - 💌message is sending....
[2025-05-20T03:40:30.324+0000] {logging_mixin.py:190} INFO - 💌message is sending....
[2025-05-20T03:40:30.375+0000] {logging_mixin.py:190} INFO - 💌message is sending....
[2025-05-20T03:40:30.426+0000] {logging_mixin.py:190} INFO - 💌message is sending....
[2025-05-20T03:40:30.477+0000] {logging_mixin.py:190} INFO - 💌message is sending....
[2025-05-20T03:40:30.529+0000] {logging_mixin.py:190} INFO - 💌message is sending....
[2025-05-20T03:40:30.580+0000] {logging_mixin.py:190} INFO - 💌message is sending....
[2025-05-20T03:40:30.633+0000] {logging_mixin.py:190} INFO - 💌message is sending....
[2025-05-20T03:40:30.689+0000] {logging_mixin.py:190} INFO - 💌message is sending....
[2025-05-20T03:40:30.742+0000] {logging_mixin.py:190} INFO - 💌message is sending....
[2025-05-20T03:40:30.796+0000] {logging_mixin.py:190} INFO - 💌message is sending....
[2025-05-20T03:40:30.847+0000] {logging_mixin.py:190} INFO - 💌message is sending....
[2025-05-20T03:40:30.907+0000] {logging_mixin.py:190} INFO - 💌message is sending....
[2025-05-20T03:40:30.965+0000] {logging_mixin.py:190} INFO - 💌message is sending....
[2025-05-20T03:40:31.020+0000] {logging_mixin.py:190} INFO - 💌message is sending....
[2025-05-20T03:40:31.071+0000] {logging_mixin.py:190} INFO - 💌message is sending....
[2025-05-20T03:40:31.126+0000] {logging_mixin.py:190} INFO - 💌message is sending....
[2025-05-20T03:40:31.177+0000] {logging_mixin.py:190} INFO - 💌message is sending....
[2025-05-20T03:40:31.232+0000] {logging_mixin.py:190} INFO - 💌message is sending....
[2025-05-20T03:40:31.286+0000] {logging_mixin.py:190} INFO - 💌message is sending....
[2025-05-20T03:40:31.340+0000] {logging_mixin.py:190} INFO - 💌message is sending....
[2025-05-20T03:40:31.392+0000] {logging_mixin.py:190} INFO - 💌message is sending....
[2025-05-20T03:40:31.445+0000] {logging_mixin.py:190} INFO - 💌message is sending....
[2025-05-20T03:40:31.502+0000] {logging_mixin.py:190} INFO - 💌message is sending....
[2025-05-20T03:40:31.556+0000] {logging_mixin.py:190} INFO - 💌message is sending....
[2025-05-20T03:40:31.608+0000] {logging_mixin.py:190} INFO - 💌message is sending....
[2025-05-20T03:40:31.661+0000] {logging_mixin.py:190} INFO - 💌message is sending....
[2025-05-20T03:40:31.718+0000] {logging_mixin.py:190} INFO - 💌message is sending....
[2025-05-20T03:40:31.774+0000] {logging_mixin.py:190} INFO - 💌message is sending....
[2025-05-20T03:40:31.829+0000] {logging_mixin.py:190} INFO - 💌message is sending....
[2025-05-20T03:40:31.887+0000] {logging_mixin.py:190} INFO - 💌message is sending....
[2025-05-20T03:40:31.943+0000] {logging_mixin.py:190} INFO - 💌message is sending....
[2025-05-20T03:40:31.996+0000] {logging_mixin.py:190} INFO - 💌message is sending....
[2025-05-20T03:40:32.050+0000] {logging_mixin.py:190} INFO - 💌message is sending....
[2025-05-20T03:40:32.104+0000] {logging_mixin.py:190} INFO - 💌message is sending....
[2025-05-20T03:40:32.158+0000] {logging_mixin.py:190} INFO - 💌message is sending....
[2025-05-20T03:40:32.215+0000] {logging_mixin.py:190} INFO - 💌message is sending....
[2025-05-20T03:40:32.269+0000] {logging_mixin.py:190} INFO - 💌message is sending....
[2025-05-20T03:40:32.321+0000] {logging_mixin.py:190} INFO - 💌message is sending....
[2025-05-20T03:40:32.373+0000] {logging_mixin.py:190} INFO - 💌message is sending....
[2025-05-20T03:40:32.426+0000] {logging_mixin.py:190} INFO - 💌message is sending....
[2025-05-20T03:40:32.479+0000] {logging_mixin.py:190} INFO - 💌message is sending....
[2025-05-20T03:40:32.533+0000] {logging_mixin.py:190} INFO - 💌message is sending....
[2025-05-20T03:40:32.588+0000] {logging_mixin.py:190} INFO - 💌message is sending....
[2025-05-20T03:40:32.641+0000] {logging_mixin.py:190} INFO - 💌message is sending....
[2025-05-20T03:40:32.696+0000] {logging_mixin.py:190} INFO - 💌message is sending....
[2025-05-20T03:40:32.749+0000] {logging_mixin.py:190} INFO - 💌message is sending....
[2025-05-20T03:40:32.805+0000] {logging_mixin.py:190} INFO - 💌message is sending....
[2025-05-20T03:40:32.865+0000] {logging_mixin.py:190} INFO - 💌message is sending....
[2025-05-20T03:40:32.921+0000] {logging_mixin.py:190} INFO - 💌message is sending....
[2025-05-20T03:40:32.976+0000] {logging_mixin.py:190} INFO - 💌message is sending....
[2025-05-20T03:40:33.031+0000] {logging_mixin.py:190} INFO - 💌message is sending....
[2025-05-20T03:40:33.085+0000] {logging_mixin.py:190} INFO - 💌message is sending....
[2025-05-20T03:40:33.141+0000] {logging_mixin.py:190} INFO - 💌message is sending....
[2025-05-20T03:40:33.196+0000] {logging_mixin.py:190} INFO - 💌message is sending....
[2025-05-20T03:40:33.251+0000] {logging_mixin.py:190} INFO - 💌message is sending....
[2025-05-20T03:40:33.308+0000] {logging_mixin.py:190} INFO - 💌message is sending....
[2025-05-20T03:40:33.362+0000] {logging_mixin.py:190} INFO - 💌message is sending....
[2025-05-20T03:40:33.415+0000] {logging_mixin.py:190} INFO - 💌message is sending....
[2025-05-20T03:40:33.469+0000] {logging_mixin.py:190} INFO - 💌message is sending....
[2025-05-20T03:40:33.525+0000] {logging_mixin.py:190} INFO - 💌message is sending....
[2025-05-20T03:40:33.578+0000] {logging_mixin.py:190} INFO - 💌message is sending....
[2025-05-20T03:40:33.630+0000] {logging_mixin.py:190} INFO - 💌message is sending....
[2025-05-20T03:40:33.683+0000] {logging_mixin.py:190} INFO - 💌message is sending....
[2025-05-20T03:40:33.737+0000] {logging_mixin.py:190} INFO - 💌message is sending....
[2025-05-20T03:40:33.796+0000] {logging_mixin.py:190} INFO - 💌message is sending....
[2025-05-20T03:40:33.858+0000] {logging_mixin.py:190} INFO - 💌message is sending....
[2025-05-20T03:40:33.915+0000] {logging_mixin.py:190} INFO - 💌message is sending....
[2025-05-20T03:40:33.970+0000] {logging_mixin.py:190} INFO - 💌message is sending....
[2025-05-20T03:40:34.026+0000] {logging_mixin.py:190} INFO - 💌message is sending....
[2025-05-20T03:40:34.081+0000] {logging_mixin.py:190} INFO - 💌message is sending....
[2025-05-20T03:40:34.136+0000] {logging_mixin.py:190} INFO - 💌message is sending....
[2025-05-20T03:40:34.197+0000] {logging_mixin.py:190} INFO - 💌message is sending....
[2025-05-20T03:40:34.255+0000] {logging_mixin.py:190} INFO - 💌message is sending....
[2025-05-20T03:40:34.310+0000] {logging_mixin.py:190} INFO - 💌message is sending....
[2025-05-20T03:40:34.369+0000] {logging_mixin.py:190} INFO - 💌message is sending....
[2025-05-20T03:40:34.424+0000] {logging_mixin.py:190} INFO - 💌message is sending....
[2025-05-20T03:40:34.479+0000] {logging_mixin.py:190} INFO - 💌message is sending....
[2025-05-20T03:40:34.533+0000] {logging_mixin.py:190} INFO - 💌message is sending....
[2025-05-20T03:40:34.586+0000] {logging_mixin.py:190} INFO - 💌message is sending....
[2025-05-20T03:40:34.640+0000] {logging_mixin.py:190} INFO - 💌message is sending....
[2025-05-20T03:40:34.696+0000] {logging_mixin.py:190} INFO - 💌message is sending....
[2025-05-20T03:40:34.753+0000] {logging_mixin.py:190} INFO - 💌message is sending....
[2025-05-20T03:40:34.811+0000] {logging_mixin.py:190} INFO - 💌message is sending....
[2025-05-20T03:40:34.865+0000] {logging_mixin.py:190} INFO - 💌message is sending....
[2025-05-20T03:40:34.917+0000] {logging_mixin.py:190} INFO - 💌message is sending....
[2025-05-20T03:40:34.968+0000] {logging_mixin.py:190} INFO - 💌message is sending....
[2025-05-20T03:40:35.023+0000] {logging_mixin.py:190} INFO - 💌message is sending....
[2025-05-20T03:40:35.076+0000] {logging_mixin.py:190} INFO - 💌message is sending....
[2025-05-20T03:40:35.129+0000] {logging_mixin.py:190} INFO - 💌message is sending....
[2025-05-20T03:40:35.184+0000] {logging_mixin.py:190} INFO - 💌message is sending....
[2025-05-20T03:40:35.239+0000] {logging_mixin.py:190} INFO - 💌message is sending....
[2025-05-20T03:40:35.299+0000] {logging_mixin.py:190} INFO - 💌message is sending....
[2025-05-20T03:40:35.354+0000] {logging_mixin.py:190} INFO - 💌message is sending....
[2025-05-20T03:40:35.407+0000] {logging_mixin.py:190} INFO - 💌message is sending....
[2025-05-20T03:40:35.461+0000] {logging_mixin.py:190} INFO - 💌message is sending....
[2025-05-20T03:40:35.515+0000] {logging_mixin.py:190} INFO - 💌message is sending....
[2025-05-20T03:40:35.568+0000] {logging_mixin.py:190} INFO - 💌message is sending....
[2025-05-20T03:40:35.624+0000] {logging_mixin.py:190} INFO - 💌message is sending....
[2025-05-20T03:40:35.680+0000] {logging_mixin.py:190} INFO - 💌message is sending....
[2025-05-20T03:40:35.736+0000] {logging_mixin.py:190} INFO - 💌message is sending....
[2025-05-20T03:40:35.792+0000] {logging_mixin.py:190} INFO - 💌message is sending....
[2025-05-20T03:40:35.850+0000] {logging_mixin.py:190} INFO - 💌message is sending....
[2025-05-20T03:40:35.904+0000] {logging_mixin.py:190} INFO - 💌message is sending....
[2025-05-20T03:40:35.959+0000] {logging_mixin.py:190} INFO - 💌message is sending....
[2025-05-20T03:40:36.014+0000] {logging_mixin.py:190} INFO - 💌message is sending....
[2025-05-20T03:40:36.070+0000] {logging_mixin.py:190} INFO - 💌message is sending....
[2025-05-20T03:40:36.125+0000] {logging_mixin.py:190} INFO - 💌message is sending....
[2025-05-20T03:40:36.181+0000] {logging_mixin.py:190} INFO - 💌message is sending....
[2025-05-20T03:40:36.237+0000] {logging_mixin.py:190} INFO - 💌message is sending....
[2025-05-20T03:40:36.294+0000] {logging_mixin.py:190} INFO - 💌message is sending....
[2025-05-20T03:40:36.351+0000] {logging_mixin.py:190} INFO - 💌message is sending....
[2025-05-20T03:40:36.408+0000] {logging_mixin.py:190} INFO - 💌message is sending....
[2025-05-20T03:40:36.465+0000] {logging_mixin.py:190} INFO - 💌message is sending....
[2025-05-20T03:40:36.518+0000] {logging_mixin.py:190} INFO - 💌message is sending....
[2025-05-20T03:40:36.570+0000] {logging_mixin.py:190} INFO - 💌message is sending....
[2025-05-20T03:40:36.623+0000] {logging_mixin.py:190} INFO - 💌message is sending....
[2025-05-20T03:40:36.675+0000] {logging_mixin.py:190} INFO - 💌message is sending....
[2025-05-20T03:40:36.727+0000] {logging_mixin.py:190} INFO - 💌message is sending....
[2025-05-20T03:40:36.780+0000] {logging_mixin.py:190} INFO - 💌message is sending....
[2025-05-20T03:40:36.834+0000] {logging_mixin.py:190} INFO - 💌message is sending....
[2025-05-20T03:40:36.887+0000] {logging_mixin.py:190} INFO - 💌message is sending....
[2025-05-20T03:40:36.942+0000] {logging_mixin.py:190} INFO - 💌message is sending....
[2025-05-20T03:40:36.995+0000] {logging_mixin.py:190} INFO - 💌message is sending....
[2025-05-20T03:40:37.048+0000] {logging_mixin.py:190} INFO - 💌message is sending....
[2025-05-20T03:40:37.104+0000] {logging_mixin.py:190} INFO - 💌message is sending....
[2025-05-20T03:40:37.160+0000] {logging_mixin.py:190} INFO - 💌message is sending....
[2025-05-20T03:40:37.218+0000] {logging_mixin.py:190} INFO - 💌message is sending....
[2025-05-20T03:40:37.274+0000] {logging_mixin.py:190} INFO - 💌message is sending....
[2025-05-20T03:40:37.331+0000] {logging_mixin.py:190} INFO - 💌message is sending....
[2025-05-20T03:40:37.386+0000] {logging_mixin.py:190} INFO - 💌message is sending....
[2025-05-20T03:40:37.442+0000] {logging_mixin.py:190} INFO - 💌message is sending....
[2025-05-20T03:40:37.494+0000] {logging_mixin.py:190} INFO - 💌message is sending....
[2025-05-20T03:40:37.547+0000] {logging_mixin.py:190} INFO - 💌message is sending....
[2025-05-20T03:40:37.600+0000] {logging_mixin.py:190} INFO - 💌message is sending....
[2025-05-20T03:40:37.653+0000] {logging_mixin.py:190} INFO - 💌message is sending....
[2025-05-20T03:40:37.706+0000] {logging_mixin.py:190} INFO - 💌message is sending....
[2025-05-20T03:40:37.763+0000] {logging_mixin.py:190} INFO - 💌message is sending....
[2025-05-20T03:40:37.820+0000] {logging_mixin.py:190} INFO - 💌message is sending....
[2025-05-20T03:40:37.876+0000] {logging_mixin.py:190} INFO - 💌message is sending....
[2025-05-20T03:40:37.934+0000] {logging_mixin.py:190} INFO - 💌message is sending....
[2025-05-20T03:40:37.991+0000] {logging_mixin.py:190} INFO - 💌message is sending....
[2025-05-20T03:40:38.051+0000] {logging_mixin.py:190} INFO - 💌message is sending....
[2025-05-20T03:40:38.108+0000] {logging_mixin.py:190} INFO - 💌message is sending....
[2025-05-20T03:40:38.164+0000] {logging_mixin.py:190} INFO - 💌message is sending....
[2025-05-20T03:40:38.220+0000] {logging_mixin.py:190} INFO - 💌message is sending....
[2025-05-20T03:40:38.276+0000] {logging_mixin.py:190} INFO - 💌message is sending....
[2025-05-20T03:40:38.334+0000] {logging_mixin.py:190} INFO - 💌message is sending....
[2025-05-20T03:40:38.388+0000] {logging_mixin.py:190} INFO - 💌message is sending....
[2025-05-20T03:40:38.443+0000] {logging_mixin.py:190} INFO - 💌message is sending....
[2025-05-20T03:40:38.496+0000] {logging_mixin.py:190} INFO - 💌message is sending....
[2025-05-20T03:40:38.553+0000] {logging_mixin.py:190} INFO - 💌message is sending....
[2025-05-20T03:40:38.608+0000] {logging_mixin.py:190} INFO - 💌message is sending....
[2025-05-20T03:40:38.663+0000] {logging_mixin.py:190} INFO - 💌message is sending....
[2025-05-20T03:40:38.718+0000] {logging_mixin.py:190} INFO - 💌message is sending....
[2025-05-20T03:40:38.773+0000] {logging_mixin.py:190} INFO - 💌message is sending....
[2025-05-20T03:40:38.828+0000] {logging_mixin.py:190} INFO - 💌message is sending....
[2025-05-20T03:40:38.885+0000] {logging_mixin.py:190} INFO - 💌message is sending....
[2025-05-20T03:40:38.939+0000] {logging_mixin.py:190} INFO - 💌message is sending....
[2025-05-20T03:40:38.995+0000] {logging_mixin.py:190} INFO - 💌message is sending....
[2025-05-20T03:40:39.051+0000] {logging_mixin.py:190} INFO - 💌message is sending....
[2025-05-20T03:40:39.108+0000] {logging_mixin.py:190} INFO - 💌message is sending....
[2025-05-20T03:40:39.164+0000] {logging_mixin.py:190} INFO - 💌message is sending....
[2025-05-20T03:40:39.220+0000] {logging_mixin.py:190} INFO - 💌message is sending....
[2025-05-20T03:40:39.275+0000] {logging_mixin.py:190} INFO - 💌message is sending....
[2025-05-20T03:40:39.332+0000] {logging_mixin.py:190} INFO - 💌message is sending....
[2025-05-20T03:40:39.389+0000] {logging_mixin.py:190} INFO - 💌message is sending....
[2025-05-20T03:40:39.442+0000] {logging_mixin.py:190} INFO - ✅All messages sent
[2025-05-20T03:40:39.442+0000] {conn.py:945} INFO - <BrokerConnection client_id=kafka-python-producer-1, node_id=1 host=172.16.24.224:9092 <connected> [IPv4 ('172.16.24.224', 9092)]>: Closing connection. 
[2025-05-20T03:40:39.443+0000] {python.py:240} INFO - Done. Returned value was: None
[2025-05-20T03:40:39.452+0000] {taskinstance.py:340} INFO - ::group::Post task execution logs
[2025-05-20T03:40:39.452+0000] {taskinstance.py:352} INFO - Marking task as SUCCESS. dag_id=kafka_to_minio_to_spark, task_id=kafka_producer, run_id=scheduled__2025-05-20T01:00:00+00:00, execution_date=20250520T010000, start_date=20250520T033944, end_date=20250520T034039
[2025-05-20T03:40:39.478+0000] {local_task_job_runner.py:266} INFO - Task exited with return code 0
[2025-05-20T03:40:39.489+0000] {taskinstance.py:3900} INFO - 1 downstream tasks scheduled from follow-on schedule check
[2025-05-20T03:40:39.490+0000] {local_task_job_runner.py:245} INFO - ::endgroup::
