[2025-05-20T06:56:35.386+0000] {local_task_job_runner.py:123} INFO - ::group::Pre task execution logs
[2025-05-20T06:56:35.393+0000] {taskinstance.py:2612} INFO - Dependencies all met for dep_context=non-requeueable deps ti=<TaskInstance: kafka_to_minio_to_spark.kafka_producer scheduled__2025-05-20T01:00:00+00:00 [queued]>
[2025-05-20T06:56:35.397+0000] {taskinstance.py:2612} INFO - Dependencies all met for dep_context=requeueable deps ti=<TaskInstance: kafka_to_minio_to_spark.kafka_producer scheduled__2025-05-20T01:00:00+00:00 [queued]>
[2025-05-20T06:56:35.398+0000] {taskinstance.py:2865} INFO - Starting attempt 5 of 6
[2025-05-20T06:56:35.406+0000] {taskinstance.py:2888} INFO - Executing <Task(PythonOperator): kafka_producer> on 2025-05-20 01:00:00+00:00
[2025-05-20T06:56:35.409+0000] {standard_task_runner.py:72} INFO - Started process 444 to run task
[2025-05-20T06:56:35.411+0000] {standard_task_runner.py:104} INFO - Running: ['***', 'tasks', 'run', 'kafka_to_minio_to_spark', 'kafka_producer', 'scheduled__2025-05-20T01:00:00+00:00', '--job-id', '147', '--raw', '--subdir', 'DAGS_FOLDER/testlog_ml.py', '--cfg-path', '/tmp/tmp809fazxj']
[2025-05-20T06:56:35.411+0000] {standard_task_runner.py:105} INFO - Job 147: Subtask kafka_producer
[2025-05-20T06:56:35.550+0000] {task_command.py:467} INFO - Running <TaskInstance: kafka_to_minio_to_spark.kafka_producer scheduled__2025-05-20T01:00:00+00:00 [running]> on host 6efc53158415
[2025-05-20T06:56:35.602+0000] {taskinstance.py:3131} INFO - Exporting env vars: AIRFLOW_CTX_DAG_OWNER='***' AIRFLOW_CTX_DAG_ID='kafka_to_minio_to_spark' AIRFLOW_CTX_TASK_ID='kafka_producer' AIRFLOW_CTX_EXECUTION_DATE='2025-05-20T01:00:00+00:00' AIRFLOW_CTX_TRY_NUMBER='5' AIRFLOW_CTX_DAG_RUN_ID='scheduled__2025-05-20T01:00:00+00:00'
[2025-05-20T06:56:35.604+0000] {taskinstance.py:731} INFO - ::endgroup::
[2025-05-20T06:56:35.624+0000] {conn.py:396} INFO - <BrokerConnection client_id=kafka-python-producer-1, node_id=bootstrap-0 host=host.docker.internal:9092 <connecting> [IPv4 ('192.168.65.254', 9092)]>: connecting to host.docker.internal:9092 [('192.168.65.254', 9092) IPv4]
[2025-05-20T06:56:35.630+0000] {conn.py:618} INFO - <BrokerConnection client_id=kafka-python-producer-1, node_id=bootstrap-0 host=host.docker.internal:9092 <checking_api_versions_recv> [IPv4 ('192.168.65.254', 9092)]>: Broker version identified as 2.6
[2025-05-20T06:56:35.630+0000] {conn.py:457} INFO - <BrokerConnection client_id=kafka-python-producer-1, node_id=bootstrap-0 host=host.docker.internal:9092 <connected> [IPv4 ('192.168.65.254', 9092)]>: Connection complete.
[2025-05-20T06:56:35.736+0000] {conn.py:396} INFO - <BrokerConnection client_id=kafka-python-producer-1, node_id=1 host=172.16.24.224:9092 <connecting> [IPv4 ('172.16.24.224', 9092)]>: connecting to 172.16.24.224:9092 [('172.16.24.224', 9092) IPv4]
[2025-05-20T06:56:35.737+0000] {conn.py:457} INFO - <BrokerConnection client_id=kafka-python-producer-1, node_id=1 host=172.16.24.224:9092 <connected> [IPv4 ('172.16.24.224', 9092)]>: Connection complete.
[2025-05-20T06:56:35.737+0000] {conn.py:945} INFO - <BrokerConnection client_id=kafka-python-producer-1, node_id=bootstrap-0 host=host.docker.internal:9092 <connected> [IPv4 ('192.168.65.254', 9092)]>: Closing connection. 
[2025-05-20T06:56:35.741+0000] {logging_mixin.py:190} INFO - 💌message is sending....
[2025-05-20T06:56:35.792+0000] {logging_mixin.py:190} INFO - 💌message is sending....
[2025-05-20T06:56:35.843+0000] {logging_mixin.py:190} INFO - 💌message is sending....
[2025-05-20T06:56:35.897+0000] {logging_mixin.py:190} INFO - 💌message is sending....
[2025-05-20T06:56:35.948+0000] {logging_mixin.py:190} INFO - 💌message is sending....
[2025-05-20T06:56:36.000+0000] {logging_mixin.py:190} INFO - 💌message is sending....
[2025-05-20T06:56:36.052+0000] {logging_mixin.py:190} INFO - 💌message is sending....
[2025-05-20T06:56:36.105+0000] {logging_mixin.py:190} INFO - 💌message is sending....
[2025-05-20T06:56:36.158+0000] {logging_mixin.py:190} INFO - 💌message is sending....
[2025-05-20T06:56:36.210+0000] {logging_mixin.py:190} INFO - 💌message is sending....
[2025-05-20T06:56:36.262+0000] {logging_mixin.py:190} INFO - 💌message is sending....
[2025-05-20T06:56:36.314+0000] {logging_mixin.py:190} INFO - 💌message is sending....
[2025-05-20T06:56:36.366+0000] {logging_mixin.py:190} INFO - 💌message is sending....
[2025-05-20T06:56:36.418+0000] {logging_mixin.py:190} INFO - 💌message is sending....
[2025-05-20T06:56:36.470+0000] {logging_mixin.py:190} INFO - 💌message is sending....
[2025-05-20T06:56:36.524+0000] {logging_mixin.py:190} INFO - 💌message is sending....
[2025-05-20T06:56:36.579+0000] {logging_mixin.py:190} INFO - 💌message is sending....
[2025-05-20T06:56:36.633+0000] {logging_mixin.py:190} INFO - 💌message is sending....
[2025-05-20T06:56:36.687+0000] {logging_mixin.py:190} INFO - 💌message is sending....
[2025-05-20T06:56:36.739+0000] {logging_mixin.py:190} INFO - 💌message is sending....
[2025-05-20T06:56:36.791+0000] {logging_mixin.py:190} INFO - 💌message is sending....
[2025-05-20T06:56:36.844+0000] {logging_mixin.py:190} INFO - 💌message is sending....
[2025-05-20T06:56:36.898+0000] {logging_mixin.py:190} INFO - 💌message is sending....
[2025-05-20T06:56:36.950+0000] {logging_mixin.py:190} INFO - 💌message is sending....
[2025-05-20T06:56:37.003+0000] {logging_mixin.py:190} INFO - 💌message is sending....
[2025-05-20T06:56:37.057+0000] {logging_mixin.py:190} INFO - 💌message is sending....
[2025-05-20T06:56:37.110+0000] {logging_mixin.py:190} INFO - 💌message is sending....
[2025-05-20T06:56:37.164+0000] {logging_mixin.py:190} INFO - 💌message is sending....
[2025-05-20T06:56:37.216+0000] {logging_mixin.py:190} INFO - 💌message is sending....
[2025-05-20T06:56:37.271+0000] {logging_mixin.py:190} INFO - 💌message is sending....
[2025-05-20T06:56:37.325+0000] {logging_mixin.py:190} INFO - 💌message is sending....
[2025-05-20T06:56:37.378+0000] {logging_mixin.py:190} INFO - 💌message is sending....
[2025-05-20T06:56:37.434+0000] {logging_mixin.py:190} INFO - 💌message is sending....
[2025-05-20T06:56:37.490+0000] {logging_mixin.py:190} INFO - 💌message is sending....
[2025-05-20T06:56:37.541+0000] {logging_mixin.py:190} INFO - 💌message is sending....
[2025-05-20T06:56:37.594+0000] {logging_mixin.py:190} INFO - 💌message is sending....
[2025-05-20T06:56:37.647+0000] {logging_mixin.py:190} INFO - 💌message is sending....
[2025-05-20T06:56:37.699+0000] {logging_mixin.py:190} INFO - 💌message is sending....
[2025-05-20T06:56:37.750+0000] {logging_mixin.py:190} INFO - 💌message is sending....
[2025-05-20T06:56:37.803+0000] {logging_mixin.py:190} INFO - 💌message is sending....
[2025-05-20T06:56:37.856+0000] {logging_mixin.py:190} INFO - 💌message is sending....
[2025-05-20T06:56:37.907+0000] {logging_mixin.py:190} INFO - 💌message is sending....
[2025-05-20T06:56:37.961+0000] {logging_mixin.py:190} INFO - 💌message is sending....
[2025-05-20T06:56:38.013+0000] {logging_mixin.py:190} INFO - 💌message is sending....
[2025-05-20T06:56:38.064+0000] {logging_mixin.py:190} INFO - 💌message is sending....
[2025-05-20T06:56:38.115+0000] {logging_mixin.py:190} INFO - 💌message is sending....
[2025-05-20T06:56:38.167+0000] {logging_mixin.py:190} INFO - 💌message is sending....
[2025-05-20T06:56:38.218+0000] {logging_mixin.py:190} INFO - 💌message is sending....
[2025-05-20T06:56:38.270+0000] {logging_mixin.py:190} INFO - 💌message is sending....
[2025-05-20T06:56:38.322+0000] {logging_mixin.py:190} INFO - 💌message is sending....
[2025-05-20T06:56:38.375+0000] {logging_mixin.py:190} INFO - 💌message is sending....
[2025-05-20T06:56:38.427+0000] {logging_mixin.py:190} INFO - 💌message is sending....
[2025-05-20T06:56:38.478+0000] {logging_mixin.py:190} INFO - 💌message is sending....
[2025-05-20T06:56:38.529+0000] {logging_mixin.py:190} INFO - 💌message is sending....
[2025-05-20T06:56:38.581+0000] {logging_mixin.py:190} INFO - 💌message is sending....
[2025-05-20T06:56:38.635+0000] {logging_mixin.py:190} INFO - 💌message is sending....
[2025-05-20T06:56:38.687+0000] {logging_mixin.py:190} INFO - 💌message is sending....
[2025-05-20T06:56:38.739+0000] {logging_mixin.py:190} INFO - 💌message is sending....
[2025-05-20T06:56:38.791+0000] {logging_mixin.py:190} INFO - 💌message is sending....
[2025-05-20T06:56:38.843+0000] {logging_mixin.py:190} INFO - 💌message is sending....
[2025-05-20T06:56:38.897+0000] {logging_mixin.py:190} INFO - 💌message is sending....
[2025-05-20T06:56:38.949+0000] {logging_mixin.py:190} INFO - 💌message is sending....
[2025-05-20T06:56:39.002+0000] {logging_mixin.py:190} INFO - 💌message is sending....
[2025-05-20T06:56:39.056+0000] {logging_mixin.py:190} INFO - 💌message is sending....
[2025-05-20T06:56:39.108+0000] {logging_mixin.py:190} INFO - 💌message is sending....
[2025-05-20T06:56:39.165+0000] {logging_mixin.py:190} INFO - 💌message is sending....
[2025-05-20T06:56:39.218+0000] {logging_mixin.py:190} INFO - 💌message is sending....
[2025-05-20T06:56:39.274+0000] {logging_mixin.py:190} INFO - 💌message is sending....
[2025-05-20T06:56:39.329+0000] {logging_mixin.py:190} INFO - 💌message is sending....
[2025-05-20T06:56:39.382+0000] {logging_mixin.py:190} INFO - 💌message is sending....
[2025-05-20T06:56:39.435+0000] {logging_mixin.py:190} INFO - 💌message is sending....
[2025-05-20T06:56:39.489+0000] {logging_mixin.py:190} INFO - 💌message is sending....
[2025-05-20T06:56:39.544+0000] {logging_mixin.py:190} INFO - 💌message is sending....
[2025-05-20T06:56:39.599+0000] {logging_mixin.py:190} INFO - 💌message is sending....
[2025-05-20T06:56:39.654+0000] {logging_mixin.py:190} INFO - 💌message is sending....
[2025-05-20T06:56:39.710+0000] {logging_mixin.py:190} INFO - 💌message is sending....
[2025-05-20T06:56:39.765+0000] {logging_mixin.py:190} INFO - 💌message is sending....
[2025-05-20T06:56:39.822+0000] {logging_mixin.py:190} INFO - 💌message is sending....
[2025-05-20T06:56:39.877+0000] {logging_mixin.py:190} INFO - 💌message is sending....
[2025-05-20T06:56:39.931+0000] {logging_mixin.py:190} INFO - 💌message is sending....
[2025-05-20T06:56:39.985+0000] {logging_mixin.py:190} INFO - 💌message is sending....
[2025-05-20T06:56:40.050+0000] {logging_mixin.py:190} INFO - 💌message is sending....
[2025-05-20T06:56:40.105+0000] {logging_mixin.py:190} INFO - 💌message is sending....
[2025-05-20T06:56:40.157+0000] {logging_mixin.py:190} INFO - 💌message is sending....
[2025-05-20T06:56:40.209+0000] {logging_mixin.py:190} INFO - 💌message is sending....
[2025-05-20T06:56:40.262+0000] {logging_mixin.py:190} INFO - 💌message is sending....
[2025-05-20T06:56:40.315+0000] {logging_mixin.py:190} INFO - 💌message is sending....
[2025-05-20T06:56:40.372+0000] {logging_mixin.py:190} INFO - 💌message is sending....
[2025-05-20T06:56:40.428+0000] {logging_mixin.py:190} INFO - 💌message is sending....
[2025-05-20T06:56:40.483+0000] {logging_mixin.py:190} INFO - 💌message is sending....
[2025-05-20T06:56:40.537+0000] {logging_mixin.py:190} INFO - 💌message is sending....
[2025-05-20T06:56:40.588+0000] {logging_mixin.py:190} INFO - 💌message is sending....
[2025-05-20T06:56:40.640+0000] {logging_mixin.py:190} INFO - 💌message is sending....
[2025-05-20T06:56:40.695+0000] {logging_mixin.py:190} INFO - 💌message is sending....
[2025-05-20T06:56:40.748+0000] {logging_mixin.py:190} INFO - 💌message is sending....
[2025-05-20T06:56:40.801+0000] {logging_mixin.py:190} INFO - 💌message is sending....
[2025-05-20T06:56:40.858+0000] {logging_mixin.py:190} INFO - 💌message is sending....
[2025-05-20T06:56:40.911+0000] {logging_mixin.py:190} INFO - 💌message is sending....
[2025-05-20T06:56:40.964+0000] {logging_mixin.py:190} INFO - 💌message is sending....
[2025-05-20T06:56:41.018+0000] {logging_mixin.py:190} INFO - 💌message is sending....
[2025-05-20T06:56:41.071+0000] {logging_mixin.py:190} INFO - 💌message is sending....
[2025-05-20T06:56:41.125+0000] {logging_mixin.py:190} INFO - 💌message is sending....
[2025-05-20T06:56:41.179+0000] {logging_mixin.py:190} INFO - 💌message is sending....
[2025-05-20T06:56:41.236+0000] {logging_mixin.py:190} INFO - 💌message is sending....
[2025-05-20T06:56:41.294+0000] {logging_mixin.py:190} INFO - 💌message is sending....
[2025-05-20T06:56:41.351+0000] {logging_mixin.py:190} INFO - 💌message is sending....
[2025-05-20T06:56:41.407+0000] {logging_mixin.py:190} INFO - 💌message is sending....
[2025-05-20T06:56:41.462+0000] {logging_mixin.py:190} INFO - 💌message is sending....
[2025-05-20T06:56:41.520+0000] {logging_mixin.py:190} INFO - 💌message is sending....
[2025-05-20T06:56:41.577+0000] {logging_mixin.py:190} INFO - 💌message is sending....
[2025-05-20T06:56:41.632+0000] {logging_mixin.py:190} INFO - 💌message is sending....
[2025-05-20T06:56:41.687+0000] {logging_mixin.py:190} INFO - 💌message is sending....
[2025-05-20T06:56:41.742+0000] {logging_mixin.py:190} INFO - 💌message is sending....
[2025-05-20T06:56:41.796+0000] {logging_mixin.py:190} INFO - 💌message is sending....
[2025-05-20T06:56:41.850+0000] {logging_mixin.py:190} INFO - 💌message is sending....
[2025-05-20T06:56:41.904+0000] {logging_mixin.py:190} INFO - 💌message is sending....
[2025-05-20T06:56:41.958+0000] {logging_mixin.py:190} INFO - 💌message is sending....
[2025-05-20T06:56:42.022+0000] {logging_mixin.py:190} INFO - 💌message is sending....
[2025-05-20T06:56:42.082+0000] {logging_mixin.py:190} INFO - 💌message is sending....
[2025-05-20T06:56:42.142+0000] {logging_mixin.py:190} INFO - 💌message is sending....
[2025-05-20T06:56:42.200+0000] {logging_mixin.py:190} INFO - 💌message is sending....
[2025-05-20T06:56:42.257+0000] {logging_mixin.py:190} INFO - 💌message is sending....
[2025-05-20T06:56:42.312+0000] {logging_mixin.py:190} INFO - 💌message is sending....
[2025-05-20T06:56:42.369+0000] {logging_mixin.py:190} INFO - 💌message is sending....
[2025-05-20T06:56:42.423+0000] {logging_mixin.py:190} INFO - 💌message is sending....
[2025-05-20T06:56:42.479+0000] {logging_mixin.py:190} INFO - 💌message is sending....
[2025-05-20T06:56:42.536+0000] {logging_mixin.py:190} INFO - 💌message is sending....
[2025-05-20T06:56:42.592+0000] {logging_mixin.py:190} INFO - 💌message is sending....
[2025-05-20T06:56:42.648+0000] {logging_mixin.py:190} INFO - 💌message is sending....
[2025-05-20T06:56:42.706+0000] {logging_mixin.py:190} INFO - 💌message is sending....
[2025-05-20T06:56:42.768+0000] {logging_mixin.py:190} INFO - 💌message is sending....
[2025-05-20T06:56:42.826+0000] {logging_mixin.py:190} INFO - 💌message is sending....
[2025-05-20T06:56:42.881+0000] {logging_mixin.py:190} INFO - 💌message is sending....
[2025-05-20T06:56:42.933+0000] {logging_mixin.py:190} INFO - 💌message is sending....
[2025-05-20T06:56:42.986+0000] {logging_mixin.py:190} INFO - 💌message is sending....
[2025-05-20T06:56:43.040+0000] {logging_mixin.py:190} INFO - 💌message is sending....
[2025-05-20T06:56:43.093+0000] {logging_mixin.py:190} INFO - 💌message is sending....
[2025-05-20T06:56:43.149+0000] {logging_mixin.py:190} INFO - 💌message is sending....
[2025-05-20T06:56:43.202+0000] {logging_mixin.py:190} INFO - 💌message is sending....
[2025-05-20T06:56:43.258+0000] {logging_mixin.py:190} INFO - 💌message is sending....
[2025-05-20T06:56:43.313+0000] {logging_mixin.py:190} INFO - 💌message is sending....
[2025-05-20T06:56:43.372+0000] {logging_mixin.py:190} INFO - 💌message is sending....
[2025-05-20T06:56:43.427+0000] {logging_mixin.py:190} INFO - 💌message is sending....
[2025-05-20T06:56:43.482+0000] {logging_mixin.py:190} INFO - 💌message is sending....
[2025-05-20T06:56:43.539+0000] {logging_mixin.py:190} INFO - 💌message is sending....
[2025-05-20T06:56:43.593+0000] {logging_mixin.py:190} INFO - 💌message is sending....
[2025-05-20T06:56:43.648+0000] {logging_mixin.py:190} INFO - 💌message is sending....
[2025-05-20T06:56:43.702+0000] {logging_mixin.py:190} INFO - 💌message is sending....
[2025-05-20T06:56:43.755+0000] {logging_mixin.py:190} INFO - 💌message is sending....
[2025-05-20T06:56:43.811+0000] {logging_mixin.py:190} INFO - 💌message is sending....
[2025-05-20T06:56:43.866+0000] {logging_mixin.py:190} INFO - 💌message is sending....
[2025-05-20T06:56:43.921+0000] {logging_mixin.py:190} INFO - 💌message is sending....
[2025-05-20T06:56:43.973+0000] {logging_mixin.py:190} INFO - 💌message is sending....
[2025-05-20T06:56:44.029+0000] {logging_mixin.py:190} INFO - 💌message is sending....
[2025-05-20T06:56:44.086+0000] {logging_mixin.py:190} INFO - 💌message is sending....
[2025-05-20T06:56:44.142+0000] {logging_mixin.py:190} INFO - 💌message is sending....
[2025-05-20T06:56:44.198+0000] {logging_mixin.py:190} INFO - 💌message is sending....
[2025-05-20T06:56:44.252+0000] {logging_mixin.py:190} INFO - 💌message is sending....
[2025-05-20T06:56:44.308+0000] {logging_mixin.py:190} INFO - 💌message is sending....
[2025-05-20T06:56:44.365+0000] {logging_mixin.py:190} INFO - 💌message is sending....
[2025-05-20T06:56:44.424+0000] {logging_mixin.py:190} INFO - 💌message is sending....
[2025-05-20T06:56:44.478+0000] {logging_mixin.py:190} INFO - 💌message is sending....
[2025-05-20T06:56:44.533+0000] {logging_mixin.py:190} INFO - 💌message is sending....
[2025-05-20T06:56:44.588+0000] {logging_mixin.py:190} INFO - 💌message is sending....
[2025-05-20T06:56:44.642+0000] {logging_mixin.py:190} INFO - 💌message is sending....
[2025-05-20T06:56:44.698+0000] {logging_mixin.py:190} INFO - 💌message is sending....
[2025-05-20T06:56:44.754+0000] {logging_mixin.py:190} INFO - 💌message is sending....
[2025-05-20T06:56:44.807+0000] {logging_mixin.py:190} INFO - 💌message is sending....
[2025-05-20T06:56:44.862+0000] {logging_mixin.py:190} INFO - 💌message is sending....
[2025-05-20T06:56:44.916+0000] {logging_mixin.py:190} INFO - 💌message is sending....
[2025-05-20T06:56:44.972+0000] {logging_mixin.py:190} INFO - 💌message is sending....
[2025-05-20T06:56:45.025+0000] {logging_mixin.py:190} INFO - 💌message is sending....
[2025-05-20T06:56:45.079+0000] {logging_mixin.py:190} INFO - 💌message is sending....
[2025-05-20T06:56:45.133+0000] {logging_mixin.py:190} INFO - 💌message is sending....
[2025-05-20T06:56:45.189+0000] {logging_mixin.py:190} INFO - 💌message is sending....
[2025-05-20T06:56:45.245+0000] {logging_mixin.py:190} INFO - 💌message is sending....
[2025-05-20T06:56:45.300+0000] {logging_mixin.py:190} INFO - 💌message is sending....
[2025-05-20T06:56:45.355+0000] {logging_mixin.py:190} INFO - 💌message is sending....
[2025-05-20T06:56:45.411+0000] {logging_mixin.py:190} INFO - 💌message is sending....
[2025-05-20T06:56:45.468+0000] {logging_mixin.py:190} INFO - 💌message is sending....
[2025-05-20T06:56:45.525+0000] {logging_mixin.py:190} INFO - 💌message is sending....
[2025-05-20T06:56:45.582+0000] {logging_mixin.py:190} INFO - 💌message is sending....
[2025-05-20T06:56:45.638+0000] {logging_mixin.py:190} INFO - 💌message is sending....
[2025-05-20T06:56:45.692+0000] {logging_mixin.py:190} INFO - 💌message is sending....
[2025-05-20T06:56:45.748+0000] {logging_mixin.py:190} INFO - 💌message is sending....
[2025-05-20T06:56:45.804+0000] {logging_mixin.py:190} INFO - 💌message is sending....
[2025-05-20T06:56:45.860+0000] {logging_mixin.py:190} INFO - 💌message is sending....
[2025-05-20T06:56:45.916+0000] {logging_mixin.py:190} INFO - 💌message is sending....
[2025-05-20T06:56:45.972+0000] {logging_mixin.py:190} INFO - 💌message is sending....
[2025-05-20T06:56:46.026+0000] {logging_mixin.py:190} INFO - 💌message is sending....
[2025-05-20T06:56:46.078+0000] {logging_mixin.py:190} INFO - 💌message is sending....
[2025-05-20T06:56:46.131+0000] {logging_mixin.py:190} INFO - 💌message is sending....
[2025-05-20T06:56:46.185+0000] {logging_mixin.py:190} INFO - 💌message is sending....
[2025-05-20T06:56:46.239+0000] {logging_mixin.py:190} INFO - 💌message is sending....
[2025-05-20T06:56:46.296+0000] {logging_mixin.py:190} INFO - 💌message is sending....
[2025-05-20T06:56:46.350+0000] {logging_mixin.py:190} INFO - 💌message is sending....
[2025-05-20T06:56:46.403+0000] {logging_mixin.py:190} INFO - 💌message is sending....
[2025-05-20T06:56:46.457+0000] {logging_mixin.py:190} INFO - 💌message is sending....
[2025-05-20T06:56:46.512+0000] {logging_mixin.py:190} INFO - 💌message is sending....
[2025-05-20T06:56:46.571+0000] {logging_mixin.py:190} INFO - 💌message is sending....
[2025-05-20T06:56:46.626+0000] {logging_mixin.py:190} INFO - 💌message is sending....
[2025-05-20T06:56:46.681+0000] {logging_mixin.py:190} INFO - 💌message is sending....
[2025-05-20T06:56:46.735+0000] {logging_mixin.py:190} INFO - 💌message is sending....
[2025-05-20T06:56:46.788+0000] {logging_mixin.py:190} INFO - 💌message is sending....
[2025-05-20T06:56:46.839+0000] {logging_mixin.py:190} INFO - 💌message is sending....
[2025-05-20T06:56:46.891+0000] {logging_mixin.py:190} INFO - 💌message is sending....
[2025-05-20T06:56:46.944+0000] {logging_mixin.py:190} INFO - 💌message is sending....
[2025-05-20T06:56:46.997+0000] {logging_mixin.py:190} INFO - 💌message is sending....
[2025-05-20T06:56:47.051+0000] {logging_mixin.py:190} INFO - 💌message is sending....
[2025-05-20T06:56:47.108+0000] {logging_mixin.py:190} INFO - 💌message is sending....
[2025-05-20T06:56:47.161+0000] {logging_mixin.py:190} INFO - 💌message is sending....
[2025-05-20T06:56:47.217+0000] {logging_mixin.py:190} INFO - 💌message is sending....
[2025-05-20T06:56:47.274+0000] {logging_mixin.py:190} INFO - 💌message is sending....
[2025-05-20T06:56:47.331+0000] {logging_mixin.py:190} INFO - 💌message is sending....
[2025-05-20T06:56:47.387+0000] {logging_mixin.py:190} INFO - 💌message is sending....
[2025-05-20T06:56:47.447+0000] {logging_mixin.py:190} INFO - 💌message is sending....
[2025-05-20T06:56:47.503+0000] {logging_mixin.py:190} INFO - 💌message is sending....
[2025-05-20T06:56:47.564+0000] {logging_mixin.py:190} INFO - 💌message is sending....
[2025-05-20T06:56:47.622+0000] {logging_mixin.py:190} INFO - 💌message is sending....
[2025-05-20T06:56:47.679+0000] {logging_mixin.py:190} INFO - 💌message is sending....
[2025-05-20T06:56:47.735+0000] {logging_mixin.py:190} INFO - 💌message is sending....
[2025-05-20T06:56:47.791+0000] {logging_mixin.py:190} INFO - 💌message is sending....
[2025-05-20T06:56:47.846+0000] {logging_mixin.py:190} INFO - 💌message is sending....
[2025-05-20T06:56:47.901+0000] {logging_mixin.py:190} INFO - 💌message is sending....
[2025-05-20T06:56:47.956+0000] {logging_mixin.py:190} INFO - 💌message is sending....
[2025-05-20T06:56:48.010+0000] {logging_mixin.py:190} INFO - 💌message is sending....
[2025-05-20T06:56:48.064+0000] {logging_mixin.py:190} INFO - 💌message is sending....
[2025-05-20T06:56:48.119+0000] {logging_mixin.py:190} INFO - 💌message is sending....
[2025-05-20T06:56:48.176+0000] {logging_mixin.py:190} INFO - 💌message is sending....
[2025-05-20T06:56:48.231+0000] {logging_mixin.py:190} INFO - 💌message is sending....
[2025-05-20T06:56:48.285+0000] {logging_mixin.py:190} INFO - 💌message is sending....
[2025-05-20T06:56:48.340+0000] {logging_mixin.py:190} INFO - 💌message is sending....
[2025-05-20T06:56:48.392+0000] {logging_mixin.py:190} INFO - 💌message is sending....
[2025-05-20T06:56:48.444+0000] {logging_mixin.py:190} INFO - 💌message is sending....
[2025-05-20T06:56:48.498+0000] {logging_mixin.py:190} INFO - 💌message is sending....
[2025-05-20T06:56:48.554+0000] {logging_mixin.py:190} INFO - 💌message is sending....
[2025-05-20T06:56:48.609+0000] {logging_mixin.py:190} INFO - 💌message is sending....
[2025-05-20T06:56:48.664+0000] {logging_mixin.py:190} INFO - 💌message is sending....
[2025-05-20T06:56:48.721+0000] {logging_mixin.py:190} INFO - 💌message is sending....
[2025-05-20T06:56:48.775+0000] {logging_mixin.py:190} INFO - 💌message is sending....
[2025-05-20T06:56:48.831+0000] {logging_mixin.py:190} INFO - 💌message is sending....
[2025-05-20T06:56:48.884+0000] {logging_mixin.py:190} INFO - 💌message is sending....
[2025-05-20T06:56:48.940+0000] {logging_mixin.py:190} INFO - 💌message is sending....
[2025-05-20T06:56:48.993+0000] {logging_mixin.py:190} INFO - 💌message is sending....
[2025-05-20T06:56:49.047+0000] {logging_mixin.py:190} INFO - 💌message is sending....
[2025-05-20T06:56:49.101+0000] {logging_mixin.py:190} INFO - 💌message is sending....
[2025-05-20T06:56:49.154+0000] {logging_mixin.py:190} INFO - 💌message is sending....
[2025-05-20T06:56:49.206+0000] {logging_mixin.py:190} INFO - 💌message is sending....
[2025-05-20T06:56:49.260+0000] {logging_mixin.py:190} INFO - 💌message is sending....
[2025-05-20T06:56:49.315+0000] {logging_mixin.py:190} INFO - 💌message is sending....
[2025-05-20T06:56:49.371+0000] {logging_mixin.py:190} INFO - 💌message is sending....
[2025-05-20T06:56:49.425+0000] {logging_mixin.py:190} INFO - 💌message is sending....
[2025-05-20T06:56:49.482+0000] {logging_mixin.py:190} INFO - 💌message is sending....
[2025-05-20T06:56:49.539+0000] {logging_mixin.py:190} INFO - 💌message is sending....
[2025-05-20T06:56:49.593+0000] {logging_mixin.py:190} INFO - 💌message is sending....
[2025-05-20T06:56:49.650+0000] {logging_mixin.py:190} INFO - 💌message is sending....
[2025-05-20T06:56:49.706+0000] {logging_mixin.py:190} INFO - 💌message is sending....
[2025-05-20T06:56:49.760+0000] {logging_mixin.py:190} INFO - 💌message is sending....
[2025-05-20T06:56:49.814+0000] {logging_mixin.py:190} INFO - 💌message is sending....
[2025-05-20T06:56:49.870+0000] {logging_mixin.py:190} INFO - 💌message is sending....
[2025-05-20T06:56:49.924+0000] {logging_mixin.py:190} INFO - 💌message is sending....
[2025-05-20T06:56:49.979+0000] {logging_mixin.py:190} INFO - 💌message is sending....
[2025-05-20T06:56:50.038+0000] {logging_mixin.py:190} INFO - 💌message is sending....
[2025-05-20T06:56:50.091+0000] {logging_mixin.py:190} INFO - 💌message is sending....
[2025-05-20T06:56:50.146+0000] {logging_mixin.py:190} INFO - 💌message is sending....
[2025-05-20T06:56:50.201+0000] {logging_mixin.py:190} INFO - 💌message is sending....
[2025-05-20T06:56:50.260+0000] {logging_mixin.py:190} INFO - 💌message is sending....
[2025-05-20T06:56:50.316+0000] {logging_mixin.py:190} INFO - 💌message is sending....
[2025-05-20T06:56:50.378+0000] {logging_mixin.py:190} INFO - 💌message is sending....
[2025-05-20T06:56:50.433+0000] {logging_mixin.py:190} INFO - 💌message is sending....
[2025-05-20T06:56:50.493+0000] {logging_mixin.py:190} INFO - 💌message is sending....
[2025-05-20T06:56:50.549+0000] {logging_mixin.py:190} INFO - 💌message is sending....
[2025-05-20T06:56:50.605+0000] {logging_mixin.py:190} INFO - 💌message is sending....
[2025-05-20T06:56:50.658+0000] {logging_mixin.py:190} INFO - 💌message is sending....
[2025-05-20T06:56:50.713+0000] {logging_mixin.py:190} INFO - 💌message is sending....
[2025-05-20T06:56:50.769+0000] {logging_mixin.py:190} INFO - 💌message is sending....
[2025-05-20T06:56:50.825+0000] {logging_mixin.py:190} INFO - 💌message is sending....
[2025-05-20T06:56:50.884+0000] {logging_mixin.py:190} INFO - 💌message is sending....
[2025-05-20T06:56:50.940+0000] {logging_mixin.py:190} INFO - 💌message is sending....
[2025-05-20T06:56:50.995+0000] {logging_mixin.py:190} INFO - 💌message is sending....
[2025-05-20T06:56:51.050+0000] {logging_mixin.py:190} INFO - 💌message is sending....
[2025-05-20T06:56:51.108+0000] {logging_mixin.py:190} INFO - 💌message is sending....
[2025-05-20T06:56:51.163+0000] {logging_mixin.py:190} INFO - 💌message is sending....
[2025-05-20T06:56:51.220+0000] {logging_mixin.py:190} INFO - 💌message is sending....
[2025-05-20T06:56:51.275+0000] {logging_mixin.py:190} INFO - 💌message is sending....
[2025-05-20T06:56:51.328+0000] {logging_mixin.py:190} INFO - 💌message is sending....
[2025-05-20T06:56:51.384+0000] {logging_mixin.py:190} INFO - 💌message is sending....
[2025-05-20T06:56:51.444+0000] {logging_mixin.py:190} INFO - 💌message is sending....
[2025-05-20T06:56:51.498+0000] {logging_mixin.py:190} INFO - 💌message is sending....
[2025-05-20T06:56:51.554+0000] {logging_mixin.py:190} INFO - 💌message is sending....
[2025-05-20T06:56:51.609+0000] {logging_mixin.py:190} INFO - 💌message is sending....
[2025-05-20T06:56:51.666+0000] {logging_mixin.py:190} INFO - 💌message is sending....
[2025-05-20T06:56:51.721+0000] {logging_mixin.py:190} INFO - 💌message is sending....
[2025-05-20T06:56:51.778+0000] {logging_mixin.py:190} INFO - 💌message is sending....
[2025-05-20T06:56:51.832+0000] {logging_mixin.py:190} INFO - 💌message is sending....
[2025-05-20T06:56:51.889+0000] {logging_mixin.py:190} INFO - 💌message is sending....
[2025-05-20T06:56:51.942+0000] {logging_mixin.py:190} INFO - 💌message is sending....
[2025-05-20T06:56:51.997+0000] {logging_mixin.py:190} INFO - 💌message is sending....
[2025-05-20T06:56:52.054+0000] {logging_mixin.py:190} INFO - 💌message is sending....
[2025-05-20T06:56:52.109+0000] {logging_mixin.py:190} INFO - 💌message is sending....
[2025-05-20T06:56:52.165+0000] {logging_mixin.py:190} INFO - 💌message is sending....
[2025-05-20T06:56:52.220+0000] {logging_mixin.py:190} INFO - 💌message is sending....
[2025-05-20T06:56:52.275+0000] {logging_mixin.py:190} INFO - 💌message is sending....
[2025-05-20T06:56:52.330+0000] {logging_mixin.py:190} INFO - 💌message is sending....
[2025-05-20T06:56:52.386+0000] {logging_mixin.py:190} INFO - 💌message is sending....
[2025-05-20T06:56:52.439+0000] {logging_mixin.py:190} INFO - 💌message is sending....
[2025-05-20T06:56:50.521+0000] {logging_mixin.py:190} INFO - 💌message is sending....
[2025-05-20T06:56:50.577+0000] {logging_mixin.py:190} INFO - 💌message is sending....
[2025-05-20T06:56:50.632+0000] {logging_mixin.py:190} INFO - 💌message is sending....
[2025-05-20T06:56:50.688+0000] {logging_mixin.py:190} INFO - 💌message is sending....
[2025-05-20T06:56:50.745+0000] {logging_mixin.py:190} INFO - 💌message is sending....
[2025-05-20T06:56:50.799+0000] {logging_mixin.py:190} INFO - 💌message is sending....
[2025-05-20T06:56:50.851+0000] {logging_mixin.py:190} INFO - 💌message is sending....
[2025-05-20T06:56:50.907+0000] {logging_mixin.py:190} INFO - 💌message is sending....
[2025-05-20T06:56:50.963+0000] {logging_mixin.py:190} INFO - 💌message is sending....
[2025-05-20T06:56:51.017+0000] {logging_mixin.py:190} INFO - 💌message is sending....
[2025-05-20T06:56:51.072+0000] {logging_mixin.py:190} INFO - 💌message is sending....
[2025-05-20T06:56:51.129+0000] {logging_mixin.py:190} INFO - 💌message is sending....
[2025-05-20T06:56:51.188+0000] {logging_mixin.py:190} INFO - 💌message is sending....
[2025-05-20T06:56:51.244+0000] {logging_mixin.py:190} INFO - 💌message is sending....
[2025-05-20T06:56:51.301+0000] {logging_mixin.py:190} INFO - 💌message is sending....
[2025-05-20T06:56:51.355+0000] {logging_mixin.py:190} INFO - 💌message is sending....
[2025-05-20T06:56:51.410+0000] {logging_mixin.py:190} INFO - 💌message is sending....
[2025-05-20T06:56:51.465+0000] {logging_mixin.py:190} INFO - 💌message is sending....
[2025-05-20T06:56:51.524+0000] {logging_mixin.py:190} INFO - 💌message is sending....
[2025-05-20T06:56:51.580+0000] {logging_mixin.py:190} INFO - 💌message is sending....
[2025-05-20T06:56:51.636+0000] {logging_mixin.py:190} INFO - 💌message is sending....
[2025-05-20T06:56:51.693+0000] {logging_mixin.py:190} INFO - 💌message is sending....
[2025-05-20T06:56:51.748+0000] {logging_mixin.py:190} INFO - 💌message is sending....
[2025-05-20T06:56:51.803+0000] {logging_mixin.py:190} INFO - 💌message is sending....
[2025-05-20T06:56:51.858+0000] {logging_mixin.py:190} INFO - 💌message is sending....
[2025-05-20T06:56:51.913+0000] {logging_mixin.py:190} INFO - 💌message is sending....
[2025-05-20T06:56:51.967+0000] {logging_mixin.py:190} INFO - 💌message is sending....
[2025-05-20T06:56:52.023+0000] {logging_mixin.py:190} INFO - 💌message is sending....
[2025-05-20T06:56:52.077+0000] {logging_mixin.py:190} INFO - 💌message is sending....
[2025-05-20T06:56:52.132+0000] {logging_mixin.py:190} INFO - 💌message is sending....
[2025-05-20T06:56:52.189+0000] {logging_mixin.py:190} INFO - 💌message is sending....
[2025-05-20T06:56:52.243+0000] {logging_mixin.py:190} INFO - 💌message is sending....
[2025-05-20T06:56:52.298+0000] {logging_mixin.py:190} INFO - 💌message is sending....
[2025-05-20T06:56:52.352+0000] {logging_mixin.py:190} INFO - 💌message is sending....
[2025-05-20T06:56:52.410+0000] {logging_mixin.py:190} INFO - 💌message is sending....
[2025-05-20T06:56:52.466+0000] {logging_mixin.py:190} INFO - 💌message is sending....
[2025-05-20T06:56:52.522+0000] {logging_mixin.py:190} INFO - 💌message is sending....
[2025-05-20T06:56:52.579+0000] {logging_mixin.py:190} INFO - 💌message is sending....
[2025-05-20T06:56:52.634+0000] {logging_mixin.py:190} INFO - 💌message is sending....
[2025-05-20T06:56:52.688+0000] {logging_mixin.py:190} INFO - 💌message is sending....
[2025-05-20T06:56:52.744+0000] {logging_mixin.py:190} INFO - 💌message is sending....
[2025-05-20T06:56:52.801+0000] {logging_mixin.py:190} INFO - 💌message is sending....
[2025-05-20T06:56:52.857+0000] {logging_mixin.py:190} INFO - 💌message is sending....
[2025-05-20T06:56:52.912+0000] {logging_mixin.py:190} INFO - 💌message is sending....
[2025-05-20T06:56:52.965+0000] {logging_mixin.py:190} INFO - 💌message is sending....
[2025-05-20T06:56:53.018+0000] {logging_mixin.py:190} INFO - 💌message is sending....
[2025-05-20T06:56:53.072+0000] {logging_mixin.py:190} INFO - 💌message is sending....
[2025-05-20T06:56:53.129+0000] {logging_mixin.py:190} INFO - 💌message is sending....
[2025-05-20T06:56:53.184+0000] {logging_mixin.py:190} INFO - 💌message is sending....
[2025-05-20T06:56:53.239+0000] {logging_mixin.py:190} INFO - 💌message is sending....
[2025-05-20T06:56:53.292+0000] {logging_mixin.py:190} INFO - 💌message is sending....
[2025-05-20T06:56:53.349+0000] {logging_mixin.py:190} INFO - 💌message is sending....
[2025-05-20T06:56:53.405+0000] {logging_mixin.py:190} INFO - 💌message is sending....
[2025-05-20T06:56:53.460+0000] {logging_mixin.py:190} INFO - 💌message is sending....
[2025-05-20T06:56:53.517+0000] {logging_mixin.py:190} INFO - 💌message is sending....
[2025-05-20T06:56:53.574+0000] {logging_mixin.py:190} INFO - 💌message is sending....
[2025-05-20T06:56:53.630+0000] {logging_mixin.py:190} INFO - 💌message is sending....
[2025-05-20T06:56:53.684+0000] {logging_mixin.py:190} INFO - 💌message is sending....
[2025-05-20T06:56:53.738+0000] {logging_mixin.py:190} INFO - 💌message is sending....
[2025-05-20T06:56:53.796+0000] {logging_mixin.py:190} INFO - 💌message is sending....
[2025-05-20T06:56:53.852+0000] {logging_mixin.py:190} INFO - 💌message is sending....
[2025-05-20T06:56:53.907+0000] {logging_mixin.py:190} INFO - 💌message is sending....
[2025-05-20T06:56:53.967+0000] {logging_mixin.py:190} INFO - 💌message is sending....
[2025-05-20T06:56:54.032+0000] {logging_mixin.py:190} INFO - 💌message is sending....
[2025-05-20T06:56:54.086+0000] {logging_mixin.py:190} INFO - 💌message is sending....
[2025-05-20T06:56:54.139+0000] {logging_mixin.py:190} INFO - 💌message is sending....
[2025-05-20T06:56:54.193+0000] {logging_mixin.py:190} INFO - 💌message is sending....
[2025-05-20T06:56:54.248+0000] {logging_mixin.py:190} INFO - 💌message is sending....
[2025-05-20T06:56:54.303+0000] {logging_mixin.py:190} INFO - 💌message is sending....
[2025-05-20T06:56:54.359+0000] {logging_mixin.py:190} INFO - 💌message is sending....
[2025-05-20T06:56:54.412+0000] {logging_mixin.py:190} INFO - 💌message is sending....
[2025-05-20T06:56:54.466+0000] {logging_mixin.py:190} INFO - 💌message is sending....
[2025-05-20T06:56:54.518+0000] {logging_mixin.py:190} INFO - 💌message is sending....
[2025-05-20T06:56:54.573+0000] {logging_mixin.py:190} INFO - 💌message is sending....
[2025-05-20T06:56:54.629+0000] {logging_mixin.py:190} INFO - 💌message is sending....
[2025-05-20T06:56:54.683+0000] {logging_mixin.py:190} INFO - 💌message is sending....
[2025-05-20T06:56:54.736+0000] {logging_mixin.py:190} INFO - 💌message is sending....
[2025-05-20T06:56:54.788+0000] {logging_mixin.py:190} INFO - 💌message is sending....
[2025-05-20T06:56:54.841+0000] {logging_mixin.py:190} INFO - 💌message is sending....
[2025-05-20T06:56:54.895+0000] {logging_mixin.py:190} INFO - 💌message is sending....
[2025-05-20T06:56:54.947+0000] {logging_mixin.py:190} INFO - 💌message is sending....
[2025-05-20T06:56:55.000+0000] {logging_mixin.py:190} INFO - 💌message is sending....
[2025-05-20T06:56:55.054+0000] {logging_mixin.py:190} INFO - 💌message is sending....
[2025-05-20T06:56:55.110+0000] {logging_mixin.py:190} INFO - 💌message is sending....
[2025-05-20T06:56:55.169+0000] {logging_mixin.py:190} INFO - 💌message is sending....
[2025-05-20T06:56:55.225+0000] {logging_mixin.py:190} INFO - 💌message is sending....
[2025-05-20T06:56:55.282+0000] {logging_mixin.py:190} INFO - 💌message is sending....
[2025-05-20T06:56:55.340+0000] {logging_mixin.py:190} INFO - 💌message is sending....
[2025-05-20T06:56:55.393+0000] {logging_mixin.py:190} INFO - 💌message is sending....
[2025-05-20T06:56:55.448+0000] {logging_mixin.py:190} INFO - 💌message is sending....
[2025-05-20T06:56:55.504+0000] {logging_mixin.py:190} INFO - 💌message is sending....
[2025-05-20T06:56:55.560+0000] {logging_mixin.py:190} INFO - 💌message is sending....
[2025-05-20T06:56:55.621+0000] {logging_mixin.py:190} INFO - 💌message is sending....
[2025-05-20T06:56:55.677+0000] {logging_mixin.py:190} INFO - 💌message is sending....
[2025-05-20T06:56:55.732+0000] {logging_mixin.py:190} INFO - 💌message is sending....
[2025-05-20T06:56:55.790+0000] {logging_mixin.py:190} INFO - 💌message is sending....
[2025-05-20T06:56:55.846+0000] {logging_mixin.py:190} INFO - 💌message is sending....
[2025-05-20T06:56:55.905+0000] {logging_mixin.py:190} INFO - 💌message is sending....
[2025-05-20T06:56:55.960+0000] {logging_mixin.py:190} INFO - 💌message is sending....
[2025-05-20T06:56:56.018+0000] {logging_mixin.py:190} INFO - 💌message is sending....
[2025-05-20T06:56:56.073+0000] {logging_mixin.py:190} INFO - 💌message is sending....
[2025-05-20T06:56:56.129+0000] {logging_mixin.py:190} INFO - 💌message is sending....
[2025-05-20T06:56:56.186+0000] {logging_mixin.py:190} INFO - 💌message is sending....
[2025-05-20T06:56:56.241+0000] {logging_mixin.py:190} INFO - 💌message is sending....
[2025-05-20T06:56:56.294+0000] {logging_mixin.py:190} INFO - 💌message is sending....
[2025-05-20T06:56:56.346+0000] {logging_mixin.py:190} INFO - 💌message is sending....
[2025-05-20T06:56:56.400+0000] {logging_mixin.py:190} INFO - 💌message is sending....
[2025-05-20T06:56:56.455+0000] {logging_mixin.py:190} INFO - 💌message is sending....
[2025-05-20T06:56:56.518+0000] {logging_mixin.py:190} INFO - 💌message is sending....
[2025-05-20T06:56:56.575+0000] {logging_mixin.py:190} INFO - 💌message is sending....
[2025-05-20T06:56:56.629+0000] {logging_mixin.py:190} INFO - 💌message is sending....
[2025-05-20T06:56:56.686+0000] {logging_mixin.py:190} INFO - 💌message is sending....
[2025-05-20T06:56:56.743+0000] {logging_mixin.py:190} INFO - 💌message is sending....
[2025-05-20T06:56:56.803+0000] {logging_mixin.py:190} INFO - 💌message is sending....
[2025-05-20T06:56:56.861+0000] {logging_mixin.py:190} INFO - 💌message is sending....
[2025-05-20T06:56:56.916+0000] {logging_mixin.py:190} INFO - 💌message is sending....
[2025-05-20T06:56:56.971+0000] {logging_mixin.py:190} INFO - 💌message is sending....
[2025-05-20T06:56:57.024+0000] {logging_mixin.py:190} INFO - 💌message is sending....
[2025-05-20T06:56:57.076+0000] {logging_mixin.py:190} INFO - 💌message is sending....
[2025-05-20T06:56:57.129+0000] {logging_mixin.py:190} INFO - 💌message is sending....
[2025-05-20T06:56:57.183+0000] {logging_mixin.py:190} INFO - 💌message is sending....
[2025-05-20T06:56:57.237+0000] {logging_mixin.py:190} INFO - 💌message is sending....
[2025-05-20T06:56:57.291+0000] {logging_mixin.py:190} INFO - 💌message is sending....
[2025-05-20T06:56:57.352+0000] {logging_mixin.py:190} INFO - 💌message is sending....
[2025-05-20T06:56:57.416+0000] {logging_mixin.py:190} INFO - 💌message is sending....
[2025-05-20T06:56:57.469+0000] {logging_mixin.py:190} INFO - 💌message is sending....
[2025-05-20T06:56:57.525+0000] {logging_mixin.py:190} INFO - 💌message is sending....
[2025-05-20T06:56:57.579+0000] {logging_mixin.py:190} INFO - 💌message is sending....
[2025-05-20T06:56:57.633+0000] {logging_mixin.py:190} INFO - 💌message is sending....
[2025-05-20T06:56:57.688+0000] {logging_mixin.py:190} INFO - 💌message is sending....
[2025-05-20T06:56:57.745+0000] {logging_mixin.py:190} INFO - 💌message is sending....
[2025-05-20T06:56:57.804+0000] {logging_mixin.py:190} INFO - 💌message is sending....
[2025-05-20T06:56:57.860+0000] {logging_mixin.py:190} INFO - 💌message is sending....
[2025-05-20T06:56:57.915+0000] {logging_mixin.py:190} INFO - 💌message is sending....
[2025-05-20T06:56:57.972+0000] {logging_mixin.py:190} INFO - 💌message is sending....
[2025-05-20T06:56:58.029+0000] {logging_mixin.py:190} INFO - 💌message is sending....
[2025-05-20T06:56:58.085+0000] {logging_mixin.py:190} INFO - 💌message is sending....
[2025-05-20T06:56:58.138+0000] {logging_mixin.py:190} INFO - 💌message is sending....
[2025-05-20T06:56:58.189+0000] {logging_mixin.py:190} INFO - 💌message is sending....
[2025-05-20T06:56:58.246+0000] {logging_mixin.py:190} INFO - 💌message is sending....
[2025-05-20T06:56:58.302+0000] {logging_mixin.py:190} INFO - 💌message is sending....
[2025-05-20T06:56:58.359+0000] {logging_mixin.py:190} INFO - 💌message is sending....
[2025-05-20T06:56:58.416+0000] {logging_mixin.py:190} INFO - 💌message is sending....
[2025-05-20T06:56:58.472+0000] {logging_mixin.py:190} INFO - 💌message is sending....
[2025-05-20T06:56:58.528+0000] {logging_mixin.py:190} INFO - 💌message is sending....
[2025-05-20T06:56:58.586+0000] {logging_mixin.py:190} INFO - 💌message is sending....
[2025-05-20T06:56:58.643+0000] {logging_mixin.py:190} INFO - 💌message is sending....
[2025-05-20T06:56:58.700+0000] {logging_mixin.py:190} INFO - 💌message is sending....
[2025-05-20T06:56:58.755+0000] {logging_mixin.py:190} INFO - 💌message is sending....
[2025-05-20T06:56:58.811+0000] {logging_mixin.py:190} INFO - 💌message is sending....
[2025-05-20T06:56:58.868+0000] {logging_mixin.py:190} INFO - 💌message is sending....
[2025-05-20T06:56:58.925+0000] {logging_mixin.py:190} INFO - 💌message is sending....
[2025-05-20T06:56:58.981+0000] {logging_mixin.py:190} INFO - 💌message is sending....
[2025-05-20T06:56:59.036+0000] {logging_mixin.py:190} INFO - 💌message is sending....
[2025-05-20T06:56:59.090+0000] {logging_mixin.py:190} INFO - 💌message is sending....
[2025-05-20T06:56:59.146+0000] {logging_mixin.py:190} INFO - 💌message is sending....
[2025-05-20T06:56:59.201+0000] {logging_mixin.py:190} INFO - 💌message is sending....
[2025-05-20T06:56:59.256+0000] {logging_mixin.py:190} INFO - 💌message is sending....
[2025-05-20T06:56:59.312+0000] {logging_mixin.py:190} INFO - 💌message is sending....
[2025-05-20T06:56:59.366+0000] {logging_mixin.py:190} INFO - 💌message is sending....
[2025-05-20T06:56:59.419+0000] {logging_mixin.py:190} INFO - 💌message is sending....
[2025-05-20T06:56:59.473+0000] {logging_mixin.py:190} INFO - 💌message is sending....
[2025-05-20T06:56:59.527+0000] {logging_mixin.py:190} INFO - 💌message is sending....
[2025-05-20T06:56:59.584+0000] {logging_mixin.py:190} INFO - 💌message is sending....
[2025-05-20T06:56:59.642+0000] {logging_mixin.py:190} INFO - 💌message is sending....
[2025-05-20T06:56:59.697+0000] {logging_mixin.py:190} INFO - 💌message is sending....
[2025-05-20T06:56:59.752+0000] {logging_mixin.py:190} INFO - 💌message is sending....
[2025-05-20T06:56:59.808+0000] {logging_mixin.py:190} INFO - 💌message is sending....
[2025-05-20T06:56:59.868+0000] {logging_mixin.py:190} INFO - 💌message is sending....
[2025-05-20T06:56:59.928+0000] {logging_mixin.py:190} INFO - 💌message is sending....
[2025-05-20T06:56:59.982+0000] {logging_mixin.py:190} INFO - 💌message is sending....
[2025-05-20T06:57:00.035+0000] {logging_mixin.py:190} INFO - 💌message is sending....
[2025-05-20T06:57:00.089+0000] {logging_mixin.py:190} INFO - 💌message is sending....
[2025-05-20T06:57:00.144+0000] {logging_mixin.py:190} INFO - 💌message is sending....
[2025-05-20T06:57:00.200+0000] {logging_mixin.py:190} INFO - 💌message is sending....
[2025-05-20T06:57:00.254+0000] {logging_mixin.py:190} INFO - 💌message is sending....
[2025-05-20T06:57:00.311+0000] {logging_mixin.py:190} INFO - 💌message is sending....
[2025-05-20T06:57:00.367+0000] {logging_mixin.py:190} INFO - 💌message is sending....
[2025-05-20T06:57:00.421+0000] {logging_mixin.py:190} INFO - 💌message is sending....
[2025-05-20T06:57:00.475+0000] {logging_mixin.py:190} INFO - 💌message is sending....
[2025-05-20T06:57:00.527+0000] {logging_mixin.py:190} INFO - 💌message is sending....
[2025-05-20T06:57:00.586+0000] {logging_mixin.py:190} INFO - 💌message is sending....
[2025-05-20T06:57:00.641+0000] {logging_mixin.py:190} INFO - 💌message is sending....
[2025-05-20T06:57:00.698+0000] {logging_mixin.py:190} INFO - 💌message is sending....
[2025-05-20T06:57:00.752+0000] {logging_mixin.py:190} INFO - 💌message is sending....
[2025-05-20T06:57:00.805+0000] {logging_mixin.py:190} INFO - 💌message is sending....
[2025-05-20T06:57:00.862+0000] {logging_mixin.py:190} INFO - 💌message is sending....
[2025-05-20T06:57:00.919+0000] {logging_mixin.py:190} INFO - 💌message is sending....
[2025-05-20T06:57:00.973+0000] {logging_mixin.py:190} INFO - 💌message is sending....
[2025-05-20T06:57:01.027+0000] {logging_mixin.py:190} INFO - 💌message is sending....
[2025-05-20T06:57:01.083+0000] {logging_mixin.py:190} INFO - 💌message is sending....
[2025-05-20T06:57:01.139+0000] {logging_mixin.py:190} INFO - 💌message is sending....
[2025-05-20T06:57:01.194+0000] {logging_mixin.py:190} INFO - 💌message is sending....
[2025-05-20T06:57:01.255+0000] {logging_mixin.py:190} INFO - 💌message is sending....
[2025-05-20T06:57:01.311+0000] {logging_mixin.py:190} INFO - 💌message is sending....
[2025-05-20T06:57:01.366+0000] {logging_mixin.py:190} INFO - 💌message is sending....
[2025-05-20T06:57:01.421+0000] {logging_mixin.py:190} INFO - 💌message is sending....
[2025-05-20T06:57:01.477+0000] {logging_mixin.py:190} INFO - 💌message is sending....
[2025-05-20T06:57:01.532+0000] {logging_mixin.py:190} INFO - 💌message is sending....
[2025-05-20T06:57:01.585+0000] {logging_mixin.py:190} INFO - 💌message is sending....
[2025-05-20T06:57:01.641+0000] {logging_mixin.py:190} INFO - 💌message is sending....
[2025-05-20T06:57:01.699+0000] {logging_mixin.py:190} INFO - 💌message is sending....
[2025-05-20T06:57:01.755+0000] {logging_mixin.py:190} INFO - 💌message is sending....
[2025-05-20T06:57:01.809+0000] {logging_mixin.py:190} INFO - 💌message is sending....
[2025-05-20T06:57:01.870+0000] {logging_mixin.py:190} INFO - 💌message is sending....
[2025-05-20T06:57:01.927+0000] {logging_mixin.py:190} INFO - 💌message is sending....
[2025-05-20T06:57:01.984+0000] {logging_mixin.py:190} INFO - 💌message is sending....
[2025-05-20T06:57:02.039+0000] {logging_mixin.py:190} INFO - 💌message is sending....
[2025-05-20T06:57:02.094+0000] {logging_mixin.py:190} INFO - 💌message is sending....
[2025-05-20T06:57:02.149+0000] {logging_mixin.py:190} INFO - 💌message is sending....
[2025-05-20T06:57:02.205+0000] {logging_mixin.py:190} INFO - 💌message is sending....
[2025-05-20T06:57:02.259+0000] {logging_mixin.py:190} INFO - 💌message is sending....
[2025-05-20T06:57:02.315+0000] {logging_mixin.py:190} INFO - 💌message is sending....
[2025-05-20T06:57:02.371+0000] {logging_mixin.py:190} INFO - 💌message is sending....
[2025-05-20T06:57:02.425+0000] {logging_mixin.py:190} INFO - 💌message is sending....
[2025-05-20T06:57:02.478+0000] {logging_mixin.py:190} INFO - 💌message is sending....
[2025-05-20T06:57:02.531+0000] {logging_mixin.py:190} INFO - 💌message is sending....
[2025-05-20T06:57:02.586+0000] {logging_mixin.py:190} INFO - 💌message is sending....
[2025-05-20T06:57:02.639+0000] {logging_mixin.py:190} INFO - 💌message is sending....
[2025-05-20T06:57:02.693+0000] {logging_mixin.py:190} INFO - 💌message is sending....
[2025-05-20T06:57:02.747+0000] {logging_mixin.py:190} INFO - 💌message is sending....
[2025-05-20T06:57:02.801+0000] {logging_mixin.py:190} INFO - 💌message is sending....
[2025-05-20T06:57:02.852+0000] {logging_mixin.py:190} INFO - 💌message is sending....
[2025-05-20T06:57:02.903+0000] {logging_mixin.py:190} INFO - 💌message is sending....
[2025-05-20T06:57:02.954+0000] {logging_mixin.py:190} INFO - 💌message is sending....
[2025-05-20T06:57:03.006+0000] {logging_mixin.py:190} INFO - 💌message is sending....
[2025-05-20T06:57:03.060+0000] {logging_mixin.py:190} INFO - 💌message is sending....
[2025-05-20T06:57:03.112+0000] {logging_mixin.py:190} INFO - 💌message is sending....
[2025-05-20T06:57:03.164+0000] {logging_mixin.py:190} INFO - 💌message is sending....
[2025-05-20T06:57:03.218+0000] {logging_mixin.py:190} INFO - 💌message is sending....
[2025-05-20T06:57:03.275+0000] {logging_mixin.py:190} INFO - 💌message is sending....
[2025-05-20T06:57:03.326+0000] {logging_mixin.py:190} INFO - 💌message is sending....
[2025-05-20T06:57:03.377+0000] {logging_mixin.py:190} INFO - 💌message is sending....
[2025-05-20T06:57:03.436+0000] {logging_mixin.py:190} INFO - 💌message is sending....
[2025-05-20T06:57:03.491+0000] {logging_mixin.py:190} INFO - 💌message is sending....
[2025-05-20T06:57:03.542+0000] {logging_mixin.py:190} INFO - 💌message is sending....
[2025-05-20T06:57:03.593+0000] {logging_mixin.py:190} INFO - 💌message is sending....
[2025-05-20T06:57:03.645+0000] {logging_mixin.py:190} INFO - 💌message is sending....
[2025-05-20T06:57:03.696+0000] {logging_mixin.py:190} INFO - 💌message is sending....
[2025-05-20T06:57:03.747+0000] {logging_mixin.py:190} INFO - 💌message is sending....
[2025-05-20T06:57:03.798+0000] {logging_mixin.py:190} INFO - 💌message is sending....
[2025-05-20T06:57:03.849+0000] {logging_mixin.py:190} INFO - 💌message is sending....
[2025-05-20T06:57:03.900+0000] {logging_mixin.py:190} INFO - 💌message is sending....
[2025-05-20T06:57:03.953+0000] {logging_mixin.py:190} INFO - 💌message is sending....
[2025-05-20T06:57:04.006+0000] {logging_mixin.py:190} INFO - 💌message is sending....
[2025-05-20T06:57:04.058+0000] {logging_mixin.py:190} INFO - 💌message is sending....
[2025-05-20T06:57:04.111+0000] {logging_mixin.py:190} INFO - 💌message is sending....
[2025-05-20T06:57:04.167+0000] {logging_mixin.py:190} INFO - 💌message is sending....
[2025-05-20T06:57:04.224+0000] {logging_mixin.py:190} INFO - 💌message is sending....
[2025-05-20T06:57:04.281+0000] {logging_mixin.py:190} INFO - 💌message is sending....
[2025-05-20T06:57:04.338+0000] {logging_mixin.py:190} INFO - 💌message is sending....
[2025-05-20T06:57:04.396+0000] {logging_mixin.py:190} INFO - 💌message is sending....
[2025-05-20T06:57:04.450+0000] {logging_mixin.py:190} INFO - 💌message is sending....
[2025-05-20T06:57:04.504+0000] {logging_mixin.py:190} INFO - 💌message is sending....
[2025-05-20T06:57:04.557+0000] {logging_mixin.py:190} INFO - 💌message is sending....
[2025-05-20T06:57:04.617+0000] {logging_mixin.py:190} INFO - 💌message is sending....
[2025-05-20T06:57:04.672+0000] {logging_mixin.py:190} INFO - 💌message is sending....
[2025-05-20T06:57:04.725+0000] {logging_mixin.py:190} INFO - 💌message is sending....
[2025-05-20T06:57:04.777+0000] {logging_mixin.py:190} INFO - 💌message is sending....
[2025-05-20T06:57:04.831+0000] {logging_mixin.py:190} INFO - 💌message is sending....
[2025-05-20T06:57:04.884+0000] {logging_mixin.py:190} INFO - 💌message is sending....
[2025-05-20T06:57:04.936+0000] {logging_mixin.py:190} INFO - 💌message is sending....
[2025-05-20T06:57:04.987+0000] {logging_mixin.py:190} INFO - 💌message is sending....
[2025-05-20T06:57:05.039+0000] {logging_mixin.py:190} INFO - 💌message is sending....
[2025-05-20T06:57:05.092+0000] {logging_mixin.py:190} INFO - 💌message is sending....
[2025-05-20T06:57:05.146+0000] {logging_mixin.py:190} INFO - 💌message is sending....
[2025-05-20T06:57:05.203+0000] {logging_mixin.py:190} INFO - 💌message is sending....
[2025-05-20T06:57:05.260+0000] {logging_mixin.py:190} INFO - 💌message is sending....
[2025-05-20T06:57:05.318+0000] {logging_mixin.py:190} INFO - 💌message is sending....
[2025-05-20T06:57:05.372+0000] {logging_mixin.py:190} INFO - 💌message is sending....
[2025-05-20T06:57:05.426+0000] {logging_mixin.py:190} INFO - 💌message is sending....
[2025-05-20T06:57:05.480+0000] {logging_mixin.py:190} INFO - 💌message is sending....
[2025-05-20T06:57:05.533+0000] {logging_mixin.py:190} INFO - 💌message is sending....
[2025-05-20T06:57:05.587+0000] {logging_mixin.py:190} INFO - 💌message is sending....
[2025-05-20T06:57:05.642+0000] {logging_mixin.py:190} INFO - 💌message is sending....
[2025-05-20T06:57:05.701+0000] {logging_mixin.py:190} INFO - 💌message is sending....
[2025-05-20T06:57:05.758+0000] {logging_mixin.py:190} INFO - 💌message is sending....
[2025-05-20T06:57:05.816+0000] {logging_mixin.py:190} INFO - 💌message is sending....
[2025-05-20T06:57:05.870+0000] {logging_mixin.py:190} INFO - 💌message is sending....
[2025-05-20T06:57:05.925+0000] {logging_mixin.py:190} INFO - 💌message is sending....
[2025-05-20T06:57:05.979+0000] {logging_mixin.py:190} INFO - 💌message is sending....
[2025-05-20T06:57:06.036+0000] {logging_mixin.py:190} INFO - 💌message is sending....
[2025-05-20T06:57:06.091+0000] {logging_mixin.py:190} INFO - 💌message is sending....
[2025-05-20T06:57:06.145+0000] {logging_mixin.py:190} INFO - 💌message is sending....
[2025-05-20T06:57:06.200+0000] {logging_mixin.py:190} INFO - 💌message is sending....
[2025-05-20T06:57:06.254+0000] {logging_mixin.py:190} INFO - 💌message is sending....
[2025-05-20T06:57:06.308+0000] {logging_mixin.py:190} INFO - 💌message is sending....
[2025-05-20T06:57:06.365+0000] {logging_mixin.py:190} INFO - 💌message is sending....
[2025-05-20T06:57:06.419+0000] {logging_mixin.py:190} INFO - 💌message is sending....
[2025-05-20T06:57:06.477+0000] {logging_mixin.py:190} INFO - 💌message is sending....
[2025-05-20T06:57:06.538+0000] {logging_mixin.py:190} INFO - 💌message is sending....
[2025-05-20T06:57:06.590+0000] {logging_mixin.py:190} INFO - 💌message is sending....
[2025-05-20T06:57:06.642+0000] {logging_mixin.py:190} INFO - 💌message is sending....
[2025-05-20T06:57:06.694+0000] {logging_mixin.py:190} INFO - 💌message is sending....
[2025-05-20T06:57:06.745+0000] {logging_mixin.py:190} INFO - 💌message is sending....
[2025-05-20T06:57:06.796+0000] {logging_mixin.py:190} INFO - 💌message is sending....
[2025-05-20T06:57:06.847+0000] {logging_mixin.py:190} INFO - 💌message is sending....
[2025-05-20T06:57:06.898+0000] {logging_mixin.py:190} INFO - 💌message is sending....
[2025-05-20T06:57:06.950+0000] {logging_mixin.py:190} INFO - 💌message is sending....
[2025-05-20T06:57:07.002+0000] {logging_mixin.py:190} INFO - 💌message is sending....
[2025-05-20T06:57:07.053+0000] {logging_mixin.py:190} INFO - 💌message is sending....
[2025-05-20T06:57:07.105+0000] {logging_mixin.py:190} INFO - 💌message is sending....
[2025-05-20T06:57:07.157+0000] {logging_mixin.py:190} INFO - 💌message is sending....
[2025-05-20T06:57:07.210+0000] {logging_mixin.py:190} INFO - 💌message is sending....
[2025-05-20T06:57:07.267+0000] {logging_mixin.py:190} INFO - 💌message is sending....
[2025-05-20T06:57:07.319+0000] {logging_mixin.py:190} INFO - 💌message is sending....
[2025-05-20T06:57:07.372+0000] {logging_mixin.py:190} INFO - 💌message is sending....
[2025-05-20T06:57:07.424+0000] {logging_mixin.py:190} INFO - 💌message is sending....
[2025-05-20T06:57:07.475+0000] {logging_mixin.py:190} INFO - 💌message is sending....
[2025-05-20T06:57:07.527+0000] {logging_mixin.py:190} INFO - 💌message is sending....
[2025-05-20T06:57:07.578+0000] {logging_mixin.py:190} INFO - 💌message is sending....
[2025-05-20T06:57:07.629+0000] {logging_mixin.py:190} INFO - 💌message is sending....
[2025-05-20T06:57:07.681+0000] {logging_mixin.py:190} INFO - 💌message is sending....
[2025-05-20T06:57:07.732+0000] {logging_mixin.py:190} INFO - 💌message is sending....
[2025-05-20T06:57:07.783+0000] {logging_mixin.py:190} INFO - 💌message is sending....
[2025-05-20T06:57:07.835+0000] {logging_mixin.py:190} INFO - 💌message is sending....
[2025-05-20T06:57:07.888+0000] {logging_mixin.py:190} INFO - 💌message is sending....
[2025-05-20T06:57:07.939+0000] {logging_mixin.py:190} INFO - 💌message is sending....
[2025-05-20T06:57:07.991+0000] {logging_mixin.py:190} INFO - 💌message is sending....
[2025-05-20T06:57:08.042+0000] {logging_mixin.py:190} INFO - 💌message is sending....
[2025-05-20T06:57:08.094+0000] {logging_mixin.py:190} INFO - 💌message is sending....
[2025-05-20T06:57:08.146+0000] {logging_mixin.py:190} INFO - 💌message is sending....
[2025-05-20T06:57:08.199+0000] {logging_mixin.py:190} INFO - 💌message is sending....
[2025-05-20T06:57:08.252+0000] {logging_mixin.py:190} INFO - 💌message is sending....
[2025-05-20T06:57:08.309+0000] {logging_mixin.py:190} INFO - 💌message is sending....
[2025-05-20T06:57:08.365+0000] {logging_mixin.py:190} INFO - 💌message is sending....
[2025-05-20T06:57:08.418+0000] {logging_mixin.py:190} INFO - 💌message is sending....
[2025-05-20T06:57:08.472+0000] {logging_mixin.py:190} INFO - 💌message is sending....
[2025-05-20T06:57:08.527+0000] {logging_mixin.py:190} INFO - 💌message is sending....
[2025-05-20T06:57:08.583+0000] {logging_mixin.py:190} INFO - 💌message is sending....
[2025-05-20T06:57:08.639+0000] {logging_mixin.py:190} INFO - 💌message is sending....
[2025-05-20T06:57:08.694+0000] {logging_mixin.py:190} INFO - 💌message is sending....
[2025-05-20T06:57:08.749+0000] {logging_mixin.py:190} INFO - 💌message is sending....
[2025-05-20T06:57:08.804+0000] {logging_mixin.py:190} INFO - 💌message is sending....
[2025-05-20T06:57:08.861+0000] {logging_mixin.py:190} INFO - 💌message is sending....
[2025-05-20T06:57:08.919+0000] {logging_mixin.py:190} INFO - 💌message is sending....
[2025-05-20T06:57:08.972+0000] {logging_mixin.py:190} INFO - 💌message is sending....
[2025-05-20T06:57:09.025+0000] {logging_mixin.py:190} INFO - 💌message is sending....
[2025-05-20T06:57:09.082+0000] {logging_mixin.py:190} INFO - 💌message is sending....
[2025-05-20T06:57:09.136+0000] {logging_mixin.py:190} INFO - 💌message is sending....
[2025-05-20T06:57:09.192+0000] {logging_mixin.py:190} INFO - 💌message is sending....
[2025-05-20T06:57:09.247+0000] {logging_mixin.py:190} INFO - 💌message is sending....
[2025-05-20T06:57:09.301+0000] {logging_mixin.py:190} INFO - 💌message is sending....
[2025-05-20T06:57:09.356+0000] {logging_mixin.py:190} INFO - 💌message is sending....
[2025-05-20T06:57:09.416+0000] {logging_mixin.py:190} INFO - 💌message is sending....
[2025-05-20T06:57:09.471+0000] {logging_mixin.py:190} INFO - 💌message is sending....
[2025-05-20T06:57:09.527+0000] {logging_mixin.py:190} INFO - 💌message is sending....
[2025-05-20T06:57:09.585+0000] {logging_mixin.py:190} INFO - 💌message is sending....
[2025-05-20T06:57:09.639+0000] {logging_mixin.py:190} INFO - 💌message is sending....
[2025-05-20T06:57:09.693+0000] {logging_mixin.py:190} INFO - 💌message is sending....
[2025-05-20T06:57:09.748+0000] {logging_mixin.py:190} INFO - 💌message is sending....
[2025-05-20T06:57:09.803+0000] {logging_mixin.py:190} INFO - 💌message is sending....
[2025-05-20T06:57:09.859+0000] {logging_mixin.py:190} INFO - 💌message is sending....
[2025-05-20T06:57:09.913+0000] {logging_mixin.py:190} INFO - 💌message is sending....
[2025-05-20T06:57:09.967+0000] {logging_mixin.py:190} INFO - 💌message is sending....
[2025-05-20T06:57:10.021+0000] {logging_mixin.py:190} INFO - 💌message is sending....
[2025-05-20T06:57:10.076+0000] {logging_mixin.py:190} INFO - 💌message is sending....
[2025-05-20T06:57:10.130+0000] {logging_mixin.py:190} INFO - 💌message is sending....
[2025-05-20T06:57:10.185+0000] {logging_mixin.py:190} INFO - 💌message is sending....
[2025-05-20T06:57:10.238+0000] {logging_mixin.py:190} INFO - 💌message is sending....
[2025-05-20T06:57:10.298+0000] {logging_mixin.py:190} INFO - 💌message is sending....
[2025-05-20T06:57:10.352+0000] {logging_mixin.py:190} INFO - 💌message is sending....
[2025-05-20T06:57:10.410+0000] {logging_mixin.py:190} INFO - 💌message is sending....
[2025-05-20T06:57:10.468+0000] {logging_mixin.py:190} INFO - 💌message is sending....
[2025-05-20T06:57:10.524+0000] {logging_mixin.py:190} INFO - 💌message is sending....
[2025-05-20T06:57:10.580+0000] {logging_mixin.py:190} INFO - 💌message is sending....
[2025-05-20T06:57:10.638+0000] {logging_mixin.py:190} INFO - 💌message is sending....
[2025-05-20T06:57:10.693+0000] {logging_mixin.py:190} INFO - 💌message is sending....
[2025-05-20T06:57:10.754+0000] {logging_mixin.py:190} INFO - 💌message is sending....
[2025-05-20T06:57:10.811+0000] {logging_mixin.py:190} INFO - 💌message is sending....
[2025-05-20T06:57:10.867+0000] {logging_mixin.py:190} INFO - 💌message is sending....
[2025-05-20T06:57:10.923+0000] {logging_mixin.py:190} INFO - 💌message is sending....
[2025-05-20T06:57:10.977+0000] {logging_mixin.py:190} INFO - 💌message is sending....
[2025-05-20T06:57:11.040+0000] {logging_mixin.py:190} INFO - 💌message is sending....
[2025-05-20T06:57:11.092+0000] {logging_mixin.py:190} INFO - 💌message is sending....
[2025-05-20T06:57:11.145+0000] {logging_mixin.py:190} INFO - 💌message is sending....
[2025-05-20T06:57:11.200+0000] {logging_mixin.py:190} INFO - 💌message is sending....
[2025-05-20T06:57:11.257+0000] {logging_mixin.py:190} INFO - 💌message is sending....
[2025-05-20T06:57:11.313+0000] {logging_mixin.py:190} INFO - 💌message is sending....
[2025-05-20T06:57:11.369+0000] {logging_mixin.py:190} INFO - 💌message is sending....
[2025-05-20T06:57:11.424+0000] {logging_mixin.py:190} INFO - 💌message is sending....
[2025-05-20T06:57:11.482+0000] {logging_mixin.py:190} INFO - 💌message is sending....
[2025-05-20T06:57:11.536+0000] {logging_mixin.py:190} INFO - 💌message is sending....
[2025-05-20T06:57:11.593+0000] {logging_mixin.py:190} INFO - 💌message is sending....
[2025-05-20T06:57:11.653+0000] {logging_mixin.py:190} INFO - 💌message is sending....
[2025-05-20T06:57:11.709+0000] {logging_mixin.py:190} INFO - 💌message is sending....
[2025-05-20T06:57:11.765+0000] {logging_mixin.py:190} INFO - 💌message is sending....
[2025-05-20T06:57:11.820+0000] {logging_mixin.py:190} INFO - 💌message is sending....
[2025-05-20T06:57:11.874+0000] {logging_mixin.py:190} INFO - 💌message is sending....
[2025-05-20T06:57:11.930+0000] {logging_mixin.py:190} INFO - 💌message is sending....
[2025-05-20T06:57:11.986+0000] {logging_mixin.py:190} INFO - 💌message is sending....
[2025-05-20T06:57:12.041+0000] {logging_mixin.py:190} INFO - 💌message is sending....
[2025-05-20T06:57:12.096+0000] {logging_mixin.py:190} INFO - 💌message is sending....
[2025-05-20T06:57:12.150+0000] {logging_mixin.py:190} INFO - 💌message is sending....
[2025-05-20T06:57:12.204+0000] {logging_mixin.py:190} INFO - 💌message is sending....
[2025-05-20T06:57:12.257+0000] {logging_mixin.py:190} INFO - 💌message is sending....
[2025-05-20T06:57:12.312+0000] {logging_mixin.py:190} INFO - 💌message is sending....
[2025-05-20T06:57:12.366+0000] {logging_mixin.py:190} INFO - 💌message is sending....
[2025-05-20T06:57:12.423+0000] {logging_mixin.py:190} INFO - 💌message is sending....
[2025-05-20T06:57:12.478+0000] {logging_mixin.py:190} INFO - 💌message is sending....
[2025-05-20T06:57:12.535+0000] {logging_mixin.py:190} INFO - 💌message is sending....
[2025-05-20T06:57:12.590+0000] {logging_mixin.py:190} INFO - 💌message is sending....
[2025-05-20T06:57:12.644+0000] {logging_mixin.py:190} INFO - 💌message is sending....
[2025-05-20T06:57:12.701+0000] {logging_mixin.py:190} INFO - 💌message is sending....
[2025-05-20T06:57:12.756+0000] {logging_mixin.py:190} INFO - 💌message is sending....
[2025-05-20T06:57:12.810+0000] {logging_mixin.py:190} INFO - 💌message is sending....
[2025-05-20T06:57:12.868+0000] {logging_mixin.py:190} INFO - 💌message is sending....
[2025-05-20T06:57:12.924+0000] {logging_mixin.py:190} INFO - 💌message is sending....
[2025-05-20T06:57:12.980+0000] {logging_mixin.py:190} INFO - 💌message is sending....
[2025-05-20T06:57:13.034+0000] {logging_mixin.py:190} INFO - 💌message is sending....
[2025-05-20T06:57:13.088+0000] {logging_mixin.py:190} INFO - 💌message is sending....
[2025-05-20T06:57:13.144+0000] {logging_mixin.py:190} INFO - 💌message is sending....
[2025-05-20T06:57:13.198+0000] {logging_mixin.py:190} INFO - 💌message is sending....
[2025-05-20T06:57:13.253+0000] {logging_mixin.py:190} INFO - 💌message is sending....
[2025-05-20T06:57:13.307+0000] {logging_mixin.py:190} INFO - 💌message is sending....
[2025-05-20T06:57:13.364+0000] {logging_mixin.py:190} INFO - 💌message is sending....
[2025-05-20T06:57:13.421+0000] {logging_mixin.py:190} INFO - 💌message is sending....
[2025-05-20T06:57:13.477+0000] {logging_mixin.py:190} INFO - 💌message is sending....
[2025-05-20T06:57:13.533+0000] {logging_mixin.py:190} INFO - 💌message is sending....
[2025-05-20T06:57:13.588+0000] {logging_mixin.py:190} INFO - 💌message is sending....
[2025-05-20T06:57:13.642+0000] {logging_mixin.py:190} INFO - 💌message is sending....
[2025-05-20T06:57:13.703+0000] {logging_mixin.py:190} INFO - 💌message is sending....
[2025-05-20T06:57:13.759+0000] {logging_mixin.py:190} INFO - 💌message is sending....
[2025-05-20T06:57:13.815+0000] {logging_mixin.py:190} INFO - 💌message is sending....
[2025-05-20T06:57:13.873+0000] {logging_mixin.py:190} INFO - 💌message is sending....
[2025-05-20T06:57:13.928+0000] {logging_mixin.py:190} INFO - 💌message is sending....
[2025-05-20T06:57:13.985+0000] {logging_mixin.py:190} INFO - 💌message is sending....
[2025-05-20T06:57:14.039+0000] {logging_mixin.py:190} INFO - 💌message is sending....
[2025-05-20T06:57:14.094+0000] {logging_mixin.py:190} INFO - 💌message is sending....
[2025-05-20T06:57:14.151+0000] {logging_mixin.py:190} INFO - 💌message is sending....
[2025-05-20T06:57:14.208+0000] {logging_mixin.py:190} INFO - 💌message is sending....
[2025-05-20T06:57:14.261+0000] {logging_mixin.py:190} INFO - 💌message is sending....
[2025-05-20T06:57:14.318+0000] {logging_mixin.py:190} INFO - 💌message is sending....
[2025-05-20T06:57:14.371+0000] {logging_mixin.py:190} INFO - 💌message is sending....
[2025-05-20T06:57:14.427+0000] {logging_mixin.py:190} INFO - 💌message is sending....
[2025-05-20T06:57:14.485+0000] {logging_mixin.py:190} INFO - 💌message is sending....
[2025-05-20T06:57:14.539+0000] {logging_mixin.py:190} INFO - 💌message is sending....
[2025-05-20T06:57:14.592+0000] {logging_mixin.py:190} INFO - 💌message is sending....
[2025-05-20T06:57:14.648+0000] {logging_mixin.py:190} INFO - 💌message is sending....
[2025-05-20T06:57:14.702+0000] {logging_mixin.py:190} INFO - 💌message is sending....
[2025-05-20T06:57:14.755+0000] {logging_mixin.py:190} INFO - 💌message is sending....
[2025-05-20T06:57:14.807+0000] {logging_mixin.py:190} INFO - 💌message is sending....
[2025-05-20T06:57:14.859+0000] {logging_mixin.py:190} INFO - 💌message is sending....
[2025-05-20T06:57:14.912+0000] {logging_mixin.py:190} INFO - 💌message is sending....
[2025-05-20T06:57:14.965+0000] {logging_mixin.py:190} INFO - 💌message is sending....
[2025-05-20T06:57:15.020+0000] {logging_mixin.py:190} INFO - 💌message is sending....
[2025-05-20T06:57:15.076+0000] {logging_mixin.py:190} INFO - 💌message is sending....
[2025-05-20T06:57:15.130+0000] {logging_mixin.py:190} INFO - 💌message is sending....
[2025-05-20T06:57:15.183+0000] {logging_mixin.py:190} INFO - 💌message is sending....
[2025-05-20T06:57:15.238+0000] {logging_mixin.py:190} INFO - 💌message is sending....
[2025-05-20T06:57:15.296+0000] {logging_mixin.py:190} INFO - 💌message is sending....
[2025-05-20T06:57:15.353+0000] {logging_mixin.py:190} INFO - 💌message is sending....
[2025-05-20T06:57:15.410+0000] {logging_mixin.py:190} INFO - 💌message is sending....
[2025-05-20T06:57:15.469+0000] {logging_mixin.py:190} INFO - 💌message is sending....
[2025-05-20T06:57:15.527+0000] {logging_mixin.py:190} INFO - 💌message is sending....
[2025-05-20T06:57:15.586+0000] {logging_mixin.py:190} INFO - 💌message is sending....
[2025-05-20T06:57:15.641+0000] {logging_mixin.py:190} INFO - 💌message is sending....
[2025-05-20T06:57:15.697+0000] {logging_mixin.py:190} INFO - 💌message is sending....
[2025-05-20T06:57:15.749+0000] {logging_mixin.py:190} INFO - 💌message is sending....
[2025-05-20T06:57:15.803+0000] {logging_mixin.py:190} INFO - 💌message is sending....
[2025-05-20T06:57:15.870+0000] {logging_mixin.py:190} INFO - 💌message is sending....
[2025-05-20T06:57:15.923+0000] {logging_mixin.py:190} INFO - 💌message is sending....
[2025-05-20T06:57:15.978+0000] {logging_mixin.py:190} INFO - 💌message is sending....
[2025-05-20T06:57:16.036+0000] {logging_mixin.py:190} INFO - 💌message is sending....
[2025-05-20T06:57:16.093+0000] {logging_mixin.py:190} INFO - 💌message is sending....
[2025-05-20T06:57:16.148+0000] {logging_mixin.py:190} INFO - 💌message is sending....
[2025-05-20T06:57:16.205+0000] {logging_mixin.py:190} INFO - 💌message is sending....
[2025-05-20T06:57:16.258+0000] {logging_mixin.py:190} INFO - 💌message is sending....
[2025-05-20T06:57:16.312+0000] {logging_mixin.py:190} INFO - 💌message is sending....
[2025-05-20T06:57:16.366+0000] {logging_mixin.py:190} INFO - 💌message is sending....
[2025-05-20T06:57:16.420+0000] {logging_mixin.py:190} INFO - 💌message is sending....
[2025-05-20T06:57:16.478+0000] {logging_mixin.py:190} INFO - 💌message is sending....
[2025-05-20T06:57:16.540+0000] {logging_mixin.py:190} INFO - 💌message is sending....
[2025-05-20T06:57:16.595+0000] {logging_mixin.py:190} INFO - 💌message is sending....
[2025-05-20T06:57:16.655+0000] {logging_mixin.py:190} INFO - 💌message is sending....
[2025-05-20T06:57:16.711+0000] {logging_mixin.py:190} INFO - 💌message is sending....
[2025-05-20T06:57:16.767+0000] {logging_mixin.py:190} INFO - 💌message is sending....
[2025-05-20T06:57:16.825+0000] {logging_mixin.py:190} INFO - 💌message is sending....
[2025-05-20T06:57:16.881+0000] {logging_mixin.py:190} INFO - 💌message is sending....
[2025-05-20T06:57:16.932+0000] {logging_mixin.py:190} INFO - 💌message is sending....
[2025-05-20T06:57:16.985+0000] {logging_mixin.py:190} INFO - 💌message is sending....
[2025-05-20T06:57:17.037+0000] {logging_mixin.py:190} INFO - 💌message is sending....
[2025-05-20T06:57:17.089+0000] {logging_mixin.py:190} INFO - 💌message is sending....
[2025-05-20T06:57:17.141+0000] {logging_mixin.py:190} INFO - 💌message is sending....
[2025-05-20T06:57:17.193+0000] {logging_mixin.py:190} INFO - 💌message is sending....
[2025-05-20T06:57:17.245+0000] {logging_mixin.py:190} INFO - 💌message is sending....
[2025-05-20T06:57:17.297+0000] {logging_mixin.py:190} INFO - 💌message is sending....
[2025-05-20T06:57:17.354+0000] {logging_mixin.py:190} INFO - 💌message is sending....
[2025-05-20T06:57:17.406+0000] {logging_mixin.py:190} INFO - 💌message is sending....
[2025-05-20T06:57:17.459+0000] {logging_mixin.py:190} INFO - 💌message is sending....
[2025-05-20T06:57:17.511+0000] {logging_mixin.py:190} INFO - 💌message is sending....
[2025-05-20T06:57:17.565+0000] {logging_mixin.py:190} INFO - 💌message is sending....
[2025-05-20T06:57:17.616+0000] {logging_mixin.py:190} INFO - 💌message is sending....
[2025-05-20T06:57:17.668+0000] {logging_mixin.py:190} INFO - 💌message is sending....
[2025-05-20T06:57:17.720+0000] {logging_mixin.py:190} INFO - 💌message is sending....
[2025-05-20T06:57:17.776+0000] {logging_mixin.py:190} INFO - 💌message is sending....
[2025-05-20T06:57:17.833+0000] {logging_mixin.py:190} INFO - 💌message is sending....
[2025-05-20T06:57:17.889+0000] {logging_mixin.py:190} INFO - 💌message is sending....
[2025-05-20T06:57:17.945+0000] {logging_mixin.py:190} INFO - 💌message is sending....
[2025-05-20T06:57:18.009+0000] {logging_mixin.py:190} INFO - 💌message is sending....
[2025-05-20T06:57:18.060+0000] {logging_mixin.py:190} INFO - 💌message is sending....
[2025-05-20T06:57:18.113+0000] {logging_mixin.py:190} INFO - 💌message is sending....
[2025-05-20T06:57:18.166+0000] {logging_mixin.py:190} INFO - 💌message is sending....
[2025-05-20T06:57:18.220+0000] {logging_mixin.py:190} INFO - 💌message is sending....
[2025-05-20T06:57:18.276+0000] {logging_mixin.py:190} INFO - 💌message is sending....
[2025-05-20T06:57:18.330+0000] {logging_mixin.py:190} INFO - 💌message is sending....
[2025-05-20T06:57:18.383+0000] {logging_mixin.py:190} INFO - 💌message is sending....
[2025-05-20T06:57:18.436+0000] {logging_mixin.py:190} INFO - 💌message is sending....
[2025-05-20T06:57:18.488+0000] {logging_mixin.py:190} INFO - 💌message is sending....
[2025-05-20T06:57:18.543+0000] {logging_mixin.py:190} INFO - 💌message is sending....
[2025-05-20T06:57:18.601+0000] {logging_mixin.py:190} INFO - 💌message is sending....
[2025-05-20T06:57:18.660+0000] {logging_mixin.py:190} INFO - 💌message is sending....
[2025-05-20T06:57:18.713+0000] {logging_mixin.py:190} INFO - 💌message is sending....
[2025-05-20T06:57:18.766+0000] {logging_mixin.py:190} INFO - 💌message is sending....
[2025-05-20T06:57:18.824+0000] {logging_mixin.py:190} INFO - 💌message is sending....
[2025-05-20T06:57:18.877+0000] {logging_mixin.py:190} INFO - 💌message is sending....
[2025-05-20T06:57:18.932+0000] {logging_mixin.py:190} INFO - 💌message is sending....
[2025-05-20T06:57:18.987+0000] {logging_mixin.py:190} INFO - 💌message is sending....
[2025-05-20T06:57:19.040+0000] {logging_mixin.py:190} INFO - 💌message is sending....
[2025-05-20T06:57:19.093+0000] {logging_mixin.py:190} INFO - 💌message is sending....
[2025-05-20T06:57:19.148+0000] {logging_mixin.py:190} INFO - 💌message is sending....
[2025-05-20T06:57:19.202+0000] {logging_mixin.py:190} INFO - 💌message is sending....
[2025-05-20T06:57:19.257+0000] {logging_mixin.py:190} INFO - 💌message is sending....
[2025-05-20T06:57:19.313+0000] {logging_mixin.py:190} INFO - 💌message is sending....
[2025-05-20T06:57:19.368+0000] {logging_mixin.py:190} INFO - 💌message is sending....
[2025-05-20T06:57:19.420+0000] {logging_mixin.py:190} INFO - 💌message is sending....
[2025-05-20T06:57:19.475+0000] {logging_mixin.py:190} INFO - 💌message is sending....
[2025-05-20T06:57:19.527+0000] {logging_mixin.py:190} INFO - 💌message is sending....
[2025-05-20T06:57:19.583+0000] {logging_mixin.py:190} INFO - 💌message is sending....
[2025-05-20T06:57:19.638+0000] {logging_mixin.py:190} INFO - 💌message is sending....
[2025-05-20T06:57:19.691+0000] {logging_mixin.py:190} INFO - 💌message is sending....
[2025-05-20T06:57:19.749+0000] {logging_mixin.py:190} INFO - 💌message is sending....
[2025-05-20T06:57:19.804+0000] {logging_mixin.py:190} INFO - 💌message is sending....
[2025-05-20T06:57:19.859+0000] {logging_mixin.py:190} INFO - 💌message is sending....
[2025-05-20T06:57:19.913+0000] {logging_mixin.py:190} INFO - 💌message is sending....
[2025-05-20T06:57:19.966+0000] {logging_mixin.py:190} INFO - 💌message is sending....
[2025-05-20T06:57:20.023+0000] {logging_mixin.py:190} INFO - 💌message is sending....
[2025-05-20T06:57:20.076+0000] {logging_mixin.py:190} INFO - 💌message is sending....
[2025-05-20T06:57:20.129+0000] {logging_mixin.py:190} INFO - 💌message is sending....
[2025-05-20T06:57:20.181+0000] {logging_mixin.py:190} INFO - 💌message is sending....
[2025-05-20T06:57:20.232+0000] {logging_mixin.py:190} INFO - 💌message is sending....
[2025-05-20T06:57:20.285+0000] {logging_mixin.py:190} INFO - 💌message is sending....
[2025-05-20T06:57:20.341+0000] {logging_mixin.py:190} INFO - 💌message is sending....
[2025-05-20T06:57:20.395+0000] {logging_mixin.py:190} INFO - 💌message is sending....
[2025-05-20T06:57:20.451+0000] {logging_mixin.py:190} INFO - 💌message is sending....
[2025-05-20T06:57:20.508+0000] {logging_mixin.py:190} INFO - 💌message is sending....
[2025-05-20T06:57:20.562+0000] {logging_mixin.py:190} INFO - 💌message is sending....
[2025-05-20T06:57:20.614+0000] {logging_mixin.py:190} INFO - 💌message is sending....
[2025-05-20T06:57:20.667+0000] {logging_mixin.py:190} INFO - 💌message is sending....
[2025-05-20T06:57:20.722+0000] {logging_mixin.py:190} INFO - 💌message is sending....
[2025-05-20T06:57:20.775+0000] {logging_mixin.py:190} INFO - 💌message is sending....
[2025-05-20T06:57:20.831+0000] {logging_mixin.py:190} INFO - 💌message is sending....
[2025-05-20T06:57:20.886+0000] {logging_mixin.py:190} INFO - 💌message is sending....
[2025-05-20T06:57:20.938+0000] {logging_mixin.py:190} INFO - 💌message is sending....
[2025-05-20T06:57:20.992+0000] {logging_mixin.py:190} INFO - 💌message is sending....
[2025-05-20T06:57:21.046+0000] {logging_mixin.py:190} INFO - 💌message is sending....
[2025-05-20T06:57:21.099+0000] {logging_mixin.py:190} INFO - 💌message is sending....
[2025-05-20T06:57:21.151+0000] {logging_mixin.py:190} INFO - 💌message is sending....
[2025-05-20T06:57:21.205+0000] {logging_mixin.py:190} INFO - 💌message is sending....
[2025-05-20T06:57:21.258+0000] {logging_mixin.py:190} INFO - 💌message is sending....
[2025-05-20T06:57:21.314+0000] {logging_mixin.py:190} INFO - 💌message is sending....
[2025-05-20T06:57:21.369+0000] {logging_mixin.py:190} INFO - 💌message is sending....
[2025-05-20T06:57:21.427+0000] {logging_mixin.py:190} INFO - 💌message is sending....
[2025-05-20T06:57:21.483+0000] {logging_mixin.py:190} INFO - 💌message is sending....
[2025-05-20T06:57:21.539+0000] {logging_mixin.py:190} INFO - 💌message is sending....
[2025-05-20T06:57:21.594+0000] {logging_mixin.py:190} INFO - 💌message is sending....
[2025-05-20T06:57:21.652+0000] {logging_mixin.py:190} INFO - 💌message is sending....
[2025-05-20T06:57:21.711+0000] {logging_mixin.py:190} INFO - 💌message is sending....
[2025-05-20T06:57:21.768+0000] {logging_mixin.py:190} INFO - 💌message is sending....
[2025-05-20T06:57:21.821+0000] {logging_mixin.py:190} INFO - 💌message is sending....
[2025-05-20T06:57:21.874+0000] {logging_mixin.py:190} INFO - 💌message is sending....
[2025-05-20T06:57:21.927+0000] {logging_mixin.py:190} INFO - 💌message is sending....
[2025-05-20T06:57:21.980+0000] {logging_mixin.py:190} INFO - 💌message is sending....
[2025-05-20T06:57:22.039+0000] {logging_mixin.py:190} INFO - 💌message is sending....
[2025-05-20T06:57:22.093+0000] {logging_mixin.py:190} INFO - 💌message is sending....
[2025-05-20T06:57:22.146+0000] {logging_mixin.py:190} INFO - 💌message is sending....
[2025-05-20T06:57:22.199+0000] {logging_mixin.py:190} INFO - 💌message is sending....
[2025-05-20T06:57:22.251+0000] {logging_mixin.py:190} INFO - 💌message is sending....
[2025-05-20T06:57:22.306+0000] {logging_mixin.py:190} INFO - 💌message is sending....
[2025-05-20T06:57:22.363+0000] {logging_mixin.py:190} INFO - 💌message is sending....
[2025-05-20T06:57:22.419+0000] {logging_mixin.py:190} INFO - 💌message is sending....
[2025-05-20T06:57:22.476+0000] {logging_mixin.py:190} INFO - 💌message is sending....
[2025-05-20T06:57:22.530+0000] {logging_mixin.py:190} INFO - 💌message is sending....
[2025-05-20T06:57:22.583+0000] {logging_mixin.py:190} INFO - 💌message is sending....
[2025-05-20T06:57:22.637+0000] {logging_mixin.py:190} INFO - 💌message is sending....
[2025-05-20T06:57:22.693+0000] {logging_mixin.py:190} INFO - 💌message is sending....
[2025-05-20T06:57:22.749+0000] {logging_mixin.py:190} INFO - 💌message is sending....
[2025-05-20T06:57:22.804+0000] {logging_mixin.py:190} INFO - 💌message is sending....
[2025-05-20T06:57:22.859+0000] {logging_mixin.py:190} INFO - 💌message is sending....
[2025-05-20T06:57:22.913+0000] {logging_mixin.py:190} INFO - 💌message is sending....
[2025-05-20T06:57:22.965+0000] {logging_mixin.py:190} INFO - 💌message is sending....
[2025-05-20T06:57:23.017+0000] {logging_mixin.py:190} INFO - 💌message is sending....
[2025-05-20T06:57:23.068+0000] {logging_mixin.py:190} INFO - 💌message is sending....
[2025-05-20T06:57:23.124+0000] {logging_mixin.py:190} INFO - 💌message is sending....
[2025-05-20T06:57:23.185+0000] {logging_mixin.py:190} INFO - 💌message is sending....
[2025-05-20T06:57:23.241+0000] {logging_mixin.py:190} INFO - 💌message is sending....
[2025-05-20T06:57:23.293+0000] {logging_mixin.py:190} INFO - 💌message is sending....
[2025-05-20T06:57:23.347+0000] {logging_mixin.py:190} INFO - 💌message is sending....
[2025-05-20T06:57:23.400+0000] {logging_mixin.py:190} INFO - 💌message is sending....
[2025-05-20T06:57:23.454+0000] {logging_mixin.py:190} INFO - 💌message is sending....
[2025-05-20T06:57:23.508+0000] {logging_mixin.py:190} INFO - 💌message is sending....
[2025-05-20T06:57:23.562+0000] {logging_mixin.py:190} INFO - 💌message is sending....
[2025-05-20T06:57:23.615+0000] {logging_mixin.py:190} INFO - 💌message is sending....
[2025-05-20T06:57:23.667+0000] {logging_mixin.py:190} INFO - 💌message is sending....
[2025-05-20T06:57:23.718+0000] {logging_mixin.py:190} INFO - 💌message is sending....
[2025-05-20T06:57:23.771+0000] {logging_mixin.py:190} INFO - 💌message is sending....
[2025-05-20T06:57:23.827+0000] {logging_mixin.py:190} INFO - 💌message is sending....
[2025-05-20T06:57:23.886+0000] {logging_mixin.py:190} INFO - 💌message is sending....
[2025-05-20T06:57:23.943+0000] {logging_mixin.py:190} INFO - 💌message is sending....
[2025-05-20T06:57:24.000+0000] {logging_mixin.py:190} INFO - 💌message is sending....
[2025-05-20T06:57:24.053+0000] {logging_mixin.py:190} INFO - 💌message is sending....
[2025-05-20T06:57:24.107+0000] {logging_mixin.py:190} INFO - 💌message is sending....
[2025-05-20T06:57:24.159+0000] {logging_mixin.py:190} INFO - 💌message is sending....
[2025-05-20T06:57:24.210+0000] {logging_mixin.py:190} INFO - 💌message is sending....
[2025-05-20T06:57:24.265+0000] {logging_mixin.py:190} INFO - 💌message is sending....
[2025-05-20T06:57:24.318+0000] {logging_mixin.py:190} INFO - 💌message is sending....
[2025-05-20T06:57:24.370+0000] {logging_mixin.py:190} INFO - 💌message is sending....
[2025-05-20T06:57:24.422+0000] {logging_mixin.py:190} INFO - 💌message is sending....
[2025-05-20T06:57:24.476+0000] {logging_mixin.py:190} INFO - 💌message is sending....
[2025-05-20T06:57:24.530+0000] {logging_mixin.py:190} INFO - 💌message is sending....
[2025-05-20T06:57:24.585+0000] {logging_mixin.py:190} INFO - 💌message is sending....
[2025-05-20T06:57:24.638+0000] {logging_mixin.py:190} INFO - 💌message is sending....
[2025-05-20T06:57:24.692+0000] {logging_mixin.py:190} INFO - 💌message is sending....
[2025-05-20T06:57:24.745+0000] {logging_mixin.py:190} INFO - 💌message is sending....
[2025-05-20T06:57:24.797+0000] {logging_mixin.py:190} INFO - 💌message is sending....
[2025-05-20T06:57:24.850+0000] {logging_mixin.py:190} INFO - 💌message is sending....
[2025-05-20T06:57:24.903+0000] {logging_mixin.py:190} INFO - 💌message is sending....
[2025-05-20T06:57:24.956+0000] {logging_mixin.py:190} INFO - 💌message is sending....
[2025-05-20T06:57:25.009+0000] {logging_mixin.py:190} INFO - 💌message is sending....
[2025-05-20T06:57:25.063+0000] {logging_mixin.py:190} INFO - 💌message is sending....
[2025-05-20T06:57:25.122+0000] {logging_mixin.py:190} INFO - 💌message is sending....
[2025-05-20T06:57:25.176+0000] {logging_mixin.py:190} INFO - 💌message is sending....
[2025-05-20T06:57:25.229+0000] {logging_mixin.py:190} INFO - 💌message is sending....
[2025-05-20T06:57:25.285+0000] {logging_mixin.py:190} INFO - 💌message is sending....
[2025-05-20T06:57:25.341+0000] {logging_mixin.py:190} INFO - 💌message is sending....
[2025-05-20T06:57:25.397+0000] {logging_mixin.py:190} INFO - 💌message is sending....
[2025-05-20T06:57:25.452+0000] {logging_mixin.py:190} INFO - 💌message is sending....
[2025-05-20T06:57:25.508+0000] {logging_mixin.py:190} INFO - 💌message is sending....
[2025-05-20T06:57:25.567+0000] {logging_mixin.py:190} INFO - 💌message is sending....
[2025-05-20T06:57:25.622+0000] {logging_mixin.py:190} INFO - 💌message is sending....
[2025-05-20T06:57:25.678+0000] {logging_mixin.py:190} INFO - 💌message is sending....
[2025-05-20T06:57:25.736+0000] {logging_mixin.py:190} INFO - 💌message is sending....
[2025-05-20T06:57:25.792+0000] {logging_mixin.py:190} INFO - 💌message is sending....
[2025-05-20T06:57:25.846+0000] {logging_mixin.py:190} INFO - 💌message is sending....
[2025-05-20T06:57:25.899+0000] {logging_mixin.py:190} INFO - 💌message is sending....
[2025-05-20T06:57:25.952+0000] {logging_mixin.py:190} INFO - 💌message is sending....
[2025-05-20T06:57:26.007+0000] {logging_mixin.py:190} INFO - 💌message is sending....
[2025-05-20T06:57:26.061+0000] {logging_mixin.py:190} INFO - 💌message is sending....
[2025-05-20T06:57:26.115+0000] {logging_mixin.py:190} INFO - 💌message is sending....
[2025-05-20T06:57:26.167+0000] {logging_mixin.py:190} INFO - 💌message is sending....
[2025-05-20T06:57:26.218+0000] {logging_mixin.py:190} INFO - 💌message is sending....
[2025-05-20T06:57:26.273+0000] {logging_mixin.py:190} INFO - 💌message is sending....
[2025-05-20T06:57:26.325+0000] {logging_mixin.py:190} INFO - 💌message is sending....
[2025-05-20T06:57:26.376+0000] {logging_mixin.py:190} INFO - 💌message is sending....
[2025-05-20T06:57:26.429+0000] {logging_mixin.py:190} INFO - 💌message is sending....
[2025-05-20T06:57:26.485+0000] {logging_mixin.py:190} INFO - 💌message is sending....
[2025-05-20T06:57:26.543+0000] {logging_mixin.py:190} INFO - 💌message is sending....
[2025-05-20T06:57:26.600+0000] {logging_mixin.py:190} INFO - 💌message is sending....
[2025-05-20T06:57:26.658+0000] {logging_mixin.py:190} INFO - 💌message is sending....
[2025-05-20T06:57:26.711+0000] {logging_mixin.py:190} INFO - 💌message is sending....
[2025-05-20T06:57:26.764+0000] {logging_mixin.py:190} INFO - 💌message is sending....
[2025-05-20T06:57:26.817+0000] {logging_mixin.py:190} INFO - 💌message is sending....
[2025-05-20T06:57:26.869+0000] {logging_mixin.py:190} INFO - 💌message is sending....
[2025-05-20T06:57:26.921+0000] {logging_mixin.py:190} INFO - 💌message is sending....
[2025-05-20T06:57:26.974+0000] {logging_mixin.py:190} INFO - 💌message is sending....
[2025-05-20T06:57:27.033+0000] {logging_mixin.py:190} INFO - 💌message is sending....
[2025-05-20T06:57:27.091+0000] {logging_mixin.py:190} INFO - 💌message is sending....
[2025-05-20T06:57:27.145+0000] {logging_mixin.py:190} INFO - 💌message is sending....
[2025-05-20T06:57:27.198+0000] {logging_mixin.py:190} INFO - 💌message is sending....
[2025-05-20T06:57:27.250+0000] {logging_mixin.py:190} INFO - 💌message is sending....
[2025-05-20T06:57:27.304+0000] {logging_mixin.py:190} INFO - 💌message is sending....
[2025-05-20T06:57:27.357+0000] {logging_mixin.py:190} INFO - 💌message is sending....
[2025-05-20T06:57:27.417+0000] {logging_mixin.py:190} INFO - 💌message is sending....
[2025-05-20T06:57:27.472+0000] {logging_mixin.py:190} INFO - 💌message is sending....
[2025-05-20T06:57:27.525+0000] {logging_mixin.py:190} INFO - 💌message is sending....
[2025-05-20T06:57:27.578+0000] {logging_mixin.py:190} INFO - 💌message is sending....
[2025-05-20T06:57:27.632+0000] {logging_mixin.py:190} INFO - 💌message is sending....
[2025-05-20T06:57:27.689+0000] {logging_mixin.py:190} INFO - 💌message is sending....
[2025-05-20T06:57:27.746+0000] {logging_mixin.py:190} INFO - 💌message is sending....
[2025-05-20T06:57:27.806+0000] {logging_mixin.py:190} INFO - 💌message is sending....
[2025-05-20T06:57:27.861+0000] {logging_mixin.py:190} INFO - 💌message is sending....
[2025-05-20T06:57:27.919+0000] {logging_mixin.py:190} INFO - 💌message is sending....
[2025-05-20T06:57:27.973+0000] {logging_mixin.py:190} INFO - 💌message is sending....
[2025-05-20T06:57:28.028+0000] {logging_mixin.py:190} INFO - 💌message is sending....
[2025-05-20T06:57:28.083+0000] {logging_mixin.py:190} INFO - 💌message is sending....
[2025-05-20T06:57:28.138+0000] {logging_mixin.py:190} INFO - 💌message is sending....
[2025-05-20T06:57:28.193+0000] {logging_mixin.py:190} INFO - 💌message is sending....
[2025-05-20T06:57:28.248+0000] {logging_mixin.py:190} INFO - 💌message is sending....
[2025-05-20T06:57:28.300+0000] {logging_mixin.py:190} INFO - 💌message is sending....
[2025-05-20T06:57:28.355+0000] {logging_mixin.py:190} INFO - 💌message is sending....
[2025-05-20T06:57:28.411+0000] {logging_mixin.py:190} INFO - 💌message is sending....
[2025-05-20T06:57:28.466+0000] {logging_mixin.py:190} INFO - 💌message is sending....
[2025-05-20T06:57:28.524+0000] {logging_mixin.py:190} INFO - 💌message is sending....
[2025-05-20T06:57:28.580+0000] {logging_mixin.py:190} INFO - 💌message is sending....
[2025-05-20T06:57:28.635+0000] {logging_mixin.py:190} INFO - ✅All messages sent
[2025-05-20T06:57:28.639+0000] {conn.py:945} INFO - <BrokerConnection client_id=kafka-python-producer-1, node_id=1 host=172.16.24.224:9092 <connected> [IPv4 ('172.16.24.224', 9092)]>: Closing connection. 
[2025-05-20T06:57:28.641+0000] {python.py:240} INFO - Done. Returned value was: None
[2025-05-20T06:57:28.659+0000] {taskinstance.py:340} INFO - ::group::Post task execution logs
[2025-05-20T06:57:28.660+0000] {taskinstance.py:352} INFO - Marking task as SUCCESS. dag_id=kafka_to_minio_to_spark, task_id=kafka_producer, run_id=scheduled__2025-05-20T01:00:00+00:00, execution_date=20250520T010000, start_date=20250520T065635, end_date=20250520T065728
[2025-05-20T06:57:28.695+0000] {local_task_job_runner.py:266} INFO - Task exited with return code 0
[2025-05-20T06:57:28.709+0000] {taskinstance.py:3900} INFO - 1 downstream tasks scheduled from follow-on schedule check
[2025-05-20T06:57:28.709+0000] {local_task_job_runner.py:245} INFO - ::endgroup::
