[2025-05-20T03:17:46.358+0000] {local_task_job_runner.py:123} INFO - ::group::Pre task execution logs
[2025-05-20T03:17:46.364+0000] {taskinstance.py:2612} INFO - Dependencies all met for dep_context=non-requeueable deps ti=<TaskInstance: kafka_to_minio_to_spark.kafka_producer scheduled__2025-05-20T01:00:00+00:00 [queued]>
[2025-05-20T03:17:46.368+0000] {taskinstance.py:2612} INFO - Dependencies all met for dep_context=requeueable deps ti=<TaskInstance: kafka_to_minio_to_spark.kafka_producer scheduled__2025-05-20T01:00:00+00:00 [queued]>
[2025-05-20T03:17:46.368+0000] {taskinstance.py:2865} INFO - Starting attempt 1 of 2
[2025-05-20T03:17:46.372+0000] {taskinstance.py:2888} INFO - Executing <Task(PythonOperator): kafka_producer> on 2025-05-20 01:00:00+00:00
[2025-05-20T03:17:46.374+0000] {standard_task_runner.py:72} INFO - Started process 100 to run task
[2025-05-20T03:17:46.375+0000] {standard_task_runner.py:104} INFO - Running: ['***', 'tasks', 'run', 'kafka_to_minio_to_spark', 'kafka_producer', 'scheduled__2025-05-20T01:00:00+00:00', '--job-id', '108', '--raw', '--subdir', 'DAGS_FOLDER/testlog_ml.py', '--cfg-path', '/tmp/tmpk8vmdoam']
[2025-05-20T03:17:46.376+0000] {standard_task_runner.py:105} INFO - Job 108: Subtask kafka_producer
[2025-05-20T03:17:46.391+0000] {task_command.py:467} INFO - Running <TaskInstance: kafka_to_minio_to_spark.kafka_producer scheduled__2025-05-20T01:00:00+00:00 [running]> on host 9a4735d46559
[2025-05-20T03:17:46.414+0000] {taskinstance.py:3131} INFO - Exporting env vars: AIRFLOW_CTX_DAG_OWNER='***' AIRFLOW_CTX_DAG_ID='kafka_to_minio_to_spark' AIRFLOW_CTX_TASK_ID='kafka_producer' AIRFLOW_CTX_EXECUTION_DATE='2025-05-20T01:00:00+00:00' AIRFLOW_CTX_TRY_NUMBER='1' AIRFLOW_CTX_DAG_RUN_ID='scheduled__2025-05-20T01:00:00+00:00'
[2025-05-20T03:17:46.414+0000] {taskinstance.py:731} INFO - ::endgroup::
[2025-05-20T03:17:46.420+0000] {conn.py:396} INFO - <BrokerConnection client_id=kafka-python-producer-1, node_id=bootstrap-0 host=host.docker.internal:9092 <connecting> [IPv4 ('192.168.65.254', 9092)]>: connecting to host.docker.internal:9092 [('192.168.65.254', 9092) IPv4]
[2025-05-20T03:17:46.422+0000] {conn.py:618} INFO - <BrokerConnection client_id=kafka-python-producer-1, node_id=bootstrap-0 host=host.docker.internal:9092 <checking_api_versions_recv> [IPv4 ('192.168.65.254', 9092)]>: Broker version identified as 2.6
[2025-05-20T03:17:46.422+0000] {conn.py:457} INFO - <BrokerConnection client_id=kafka-python-producer-1, node_id=bootstrap-0 host=host.docker.internal:9092 <connected> [IPv4 ('192.168.65.254', 9092)]>: Connection complete.
[2025-05-20T03:17:46.530+0000] {conn.py:396} INFO - <BrokerConnection client_id=kafka-python-producer-1, node_id=1 host=172.16.24.224:9092 <connecting> [IPv4 ('172.16.24.224', 9092)]>: connecting to 172.16.24.224:9092 [('172.16.24.224', 9092) IPv4]
[2025-05-20T03:17:46.531+0000] {conn.py:457} INFO - <BrokerConnection client_id=kafka-python-producer-1, node_id=1 host=172.16.24.224:9092 <connected> [IPv4 ('172.16.24.224', 9092)]>: Connection complete.
[2025-05-20T03:17:46.531+0000] {conn.py:945} INFO - <BrokerConnection client_id=kafka-python-producer-1, node_id=bootstrap-0 host=host.docker.internal:9092 <connected> [IPv4 ('192.168.65.254', 9092)]>: Closing connection. 
[2025-05-20T03:17:46.536+0000] {logging_mixin.py:190} INFO - ✅message sent
[2025-05-20T03:17:46.588+0000] {logging_mixin.py:190} INFO - ✅message sent
[2025-05-20T03:17:46.643+0000] {logging_mixin.py:190} INFO - ✅message sent
[2025-05-20T03:17:46.698+0000] {logging_mixin.py:190} INFO - ✅message sent
[2025-05-20T03:17:46.753+0000] {logging_mixin.py:190} INFO - ✅message sent
[2025-05-20T03:17:46.812+0000] {logging_mixin.py:190} INFO - ✅message sent
[2025-05-20T03:17:46.870+0000] {logging_mixin.py:190} INFO - ✅message sent
[2025-05-20T03:17:46.926+0000] {logging_mixin.py:190} INFO - ✅message sent
[2025-05-20T03:17:46.981+0000] {logging_mixin.py:190} INFO - ✅message sent
[2025-05-20T03:17:47.037+0000] {logging_mixin.py:190} INFO - ✅message sent
[2025-05-20T03:17:47.091+0000] {logging_mixin.py:190} INFO - ✅message sent
[2025-05-20T03:17:47.144+0000] {logging_mixin.py:190} INFO - ✅message sent
[2025-05-20T03:17:47.197+0000] {logging_mixin.py:190} INFO - ✅message sent
[2025-05-20T03:17:47.249+0000] {logging_mixin.py:190} INFO - ✅message sent
[2025-05-20T03:17:47.307+0000] {logging_mixin.py:190} INFO - ✅message sent
[2025-05-20T03:17:47.361+0000] {logging_mixin.py:190} INFO - ✅message sent
[2025-05-20T03:17:47.419+0000] {logging_mixin.py:190} INFO - ✅message sent
[2025-05-20T03:17:47.470+0000] {logging_mixin.py:190} INFO - ✅message sent
[2025-05-20T03:17:47.522+0000] {logging_mixin.py:190} INFO - ✅message sent
[2025-05-20T03:17:47.574+0000] {logging_mixin.py:190} INFO - ✅message sent
[2025-05-20T03:17:47.626+0000] {logging_mixin.py:190} INFO - ✅message sent
[2025-05-20T03:17:47.680+0000] {logging_mixin.py:190} INFO - ✅message sent
[2025-05-20T03:17:47.734+0000] {logging_mixin.py:190} INFO - ✅message sent
[2025-05-20T03:17:47.790+0000] {logging_mixin.py:190} INFO - ✅message sent
[2025-05-20T03:17:47.847+0000] {logging_mixin.py:190} INFO - ✅message sent
[2025-05-20T03:17:47.902+0000] {logging_mixin.py:190} INFO - ✅message sent
[2025-05-20T03:17:47.959+0000] {logging_mixin.py:190} INFO - ✅message sent
[2025-05-20T03:17:48.014+0000] {logging_mixin.py:190} INFO - ✅message sent
[2025-05-20T03:17:48.069+0000] {logging_mixin.py:190} INFO - ✅message sent
[2025-05-20T03:17:48.123+0000] {logging_mixin.py:190} INFO - ✅message sent
[2025-05-20T03:17:48.183+0000] {logging_mixin.py:190} INFO - ✅message sent
[2025-05-20T03:17:48.236+0000] {logging_mixin.py:190} INFO - ✅message sent
[2025-05-20T03:17:48.289+0000] {logging_mixin.py:190} INFO - ✅message sent
[2025-05-20T03:17:48.344+0000] {logging_mixin.py:190} INFO - ✅message sent
[2025-05-20T03:17:48.400+0000] {logging_mixin.py:190} INFO - ✅message sent
[2025-05-20T03:17:48.456+0000] {logging_mixin.py:190} INFO - ✅message sent
[2025-05-20T03:17:48.510+0000] {logging_mixin.py:190} INFO - ✅message sent
[2025-05-20T03:17:48.564+0000] {logging_mixin.py:190} INFO - ✅message sent
[2025-05-20T03:17:48.616+0000] {logging_mixin.py:190} INFO - ✅message sent
[2025-05-20T03:17:48.669+0000] {logging_mixin.py:190} INFO - ✅message sent
[2025-05-20T03:17:48.722+0000] {logging_mixin.py:190} INFO - ✅message sent
[2025-05-20T03:17:48.775+0000] {logging_mixin.py:190} INFO - ✅message sent
[2025-05-20T03:17:48.830+0000] {logging_mixin.py:190} INFO - ✅message sent
[2025-05-20T03:17:48.885+0000] {logging_mixin.py:190} INFO - ✅message sent
[2025-05-20T03:17:48.939+0000] {logging_mixin.py:190} INFO - ✅message sent
[2025-05-20T03:17:48.997+0000] {logging_mixin.py:190} INFO - ✅message sent
[2025-05-20T03:17:49.053+0000] {logging_mixin.py:190} INFO - ✅message sent
[2025-05-20T03:17:49.108+0000] {logging_mixin.py:190} INFO - ✅message sent
[2025-05-20T03:17:49.166+0000] {logging_mixin.py:190} INFO - ✅message sent
[2025-05-20T03:17:49.219+0000] {logging_mixin.py:190} INFO - ✅message sent
[2025-05-20T03:17:49.273+0000] {logging_mixin.py:190} INFO - ✅message sent
[2025-05-20T03:17:49.330+0000] {logging_mixin.py:190} INFO - ✅message sent
[2025-05-20T03:17:49.385+0000] {logging_mixin.py:190} INFO - ✅message sent
[2025-05-20T03:17:49.448+0000] {logging_mixin.py:190} INFO - ✅message sent
[2025-05-20T03:17:49.503+0000] {logging_mixin.py:190} INFO - ✅message sent
[2025-05-20T03:17:49.559+0000] {logging_mixin.py:190} INFO - ✅message sent
[2025-05-20T03:17:49.616+0000] {logging_mixin.py:190} INFO - ✅message sent
[2025-05-20T03:17:49.672+0000] {logging_mixin.py:190} INFO - ✅message sent
[2025-05-20T03:17:49.727+0000] {logging_mixin.py:190} INFO - ✅message sent
[2025-05-20T03:17:49.783+0000] {logging_mixin.py:190} INFO - ✅message sent
[2025-05-20T03:17:49.840+0000] {logging_mixin.py:190} INFO - ✅message sent
[2025-05-20T03:17:49.895+0000] {logging_mixin.py:190} INFO - ✅message sent
[2025-05-20T03:17:49.954+0000] {logging_mixin.py:190} INFO - ✅message sent
[2025-05-20T03:17:50.008+0000] {logging_mixin.py:190} INFO - ✅message sent
[2025-05-20T03:17:50.060+0000] {logging_mixin.py:190} INFO - ✅message sent
[2025-05-20T03:17:50.114+0000] {logging_mixin.py:190} INFO - ✅message sent
[2025-05-20T03:17:50.168+0000] {logging_mixin.py:190} INFO - ✅message sent
[2025-05-20T03:17:50.222+0000] {logging_mixin.py:190} INFO - ✅message sent
[2025-05-20T03:17:50.275+0000] {logging_mixin.py:190} INFO - ✅message sent
[2025-05-20T03:17:50.327+0000] {logging_mixin.py:190} INFO - ✅message sent
[2025-05-20T03:17:50.382+0000] {logging_mixin.py:190} INFO - ✅message sent
[2025-05-20T03:17:50.433+0000] {logging_mixin.py:190} INFO - ✅message sent
[2025-05-20T03:17:50.487+0000] {logging_mixin.py:190} INFO - ✅message sent
[2025-05-20T03:17:50.541+0000] {logging_mixin.py:190} INFO - ✅message sent
[2025-05-20T03:17:50.598+0000] {logging_mixin.py:190} INFO - ✅message sent
[2025-05-20T03:17:50.652+0000] {logging_mixin.py:190} INFO - ✅message sent
[2025-05-20T03:17:50.706+0000] {logging_mixin.py:190} INFO - ✅message sent
[2025-05-20T03:17:50.760+0000] {logging_mixin.py:190} INFO - ✅message sent
[2025-05-20T03:17:50.814+0000] {logging_mixin.py:190} INFO - ✅message sent
[2025-05-20T03:17:50.871+0000] {logging_mixin.py:190} INFO - ✅message sent
[2025-05-20T03:17:50.926+0000] {logging_mixin.py:190} INFO - ✅message sent
[2025-05-20T03:17:50.981+0000] {logging_mixin.py:190} INFO - ✅message sent
[2025-05-20T03:17:51.035+0000] {logging_mixin.py:190} INFO - ✅message sent
[2025-05-20T03:17:51.088+0000] {logging_mixin.py:190} INFO - ✅message sent
[2025-05-20T03:17:51.142+0000] {logging_mixin.py:190} INFO - ✅message sent
[2025-05-20T03:17:51.198+0000] {logging_mixin.py:190} INFO - ✅message sent
[2025-05-20T03:17:51.250+0000] {logging_mixin.py:190} INFO - ✅message sent
[2025-05-20T03:17:51.301+0000] {logging_mixin.py:190} INFO - ✅message sent
[2025-05-20T03:17:51.354+0000] {logging_mixin.py:190} INFO - ✅message sent
[2025-05-20T03:17:51.405+0000] {logging_mixin.py:190} INFO - ✅message sent
[2025-05-20T03:17:51.465+0000] {logging_mixin.py:190} INFO - ✅message sent
[2025-05-20T03:17:51.517+0000] {logging_mixin.py:190} INFO - ✅message sent
[2025-05-20T03:17:51.569+0000] {logging_mixin.py:190} INFO - ✅message sent
[2025-05-20T03:17:51.624+0000] {logging_mixin.py:190} INFO - ✅message sent
[2025-05-20T03:17:51.677+0000] {logging_mixin.py:190} INFO - ✅message sent
[2025-05-20T03:17:51.731+0000] {logging_mixin.py:190} INFO - ✅message sent
[2025-05-20T03:17:51.785+0000] {logging_mixin.py:190} INFO - ✅message sent
[2025-05-20T03:17:51.841+0000] {logging_mixin.py:190} INFO - ✅message sent
[2025-05-20T03:17:51.898+0000] {logging_mixin.py:190} INFO - ✅message sent
[2025-05-20T03:17:51.950+0000] {logging_mixin.py:190} INFO - ✅message sent
[2025-05-20T03:17:52.003+0000] {logging_mixin.py:190} INFO - ✅message sent
[2025-05-20T03:17:52.054+0000] {logging_mixin.py:190} INFO - ✅message sent
[2025-05-20T03:17:52.105+0000] {logging_mixin.py:190} INFO - ✅message sent
[2025-05-20T03:17:52.156+0000] {logging_mixin.py:190} INFO - ✅message sent
[2025-05-20T03:17:52.207+0000] {logging_mixin.py:190} INFO - ✅message sent
[2025-05-20T03:17:52.258+0000] {logging_mixin.py:190} INFO - ✅message sent
[2025-05-20T03:17:52.310+0000] {logging_mixin.py:190} INFO - ✅message sent
[2025-05-20T03:17:52.361+0000] {logging_mixin.py:190} INFO - ✅message sent
[2025-05-20T03:17:52.412+0000] {logging_mixin.py:190} INFO - ✅message sent
[2025-05-20T03:17:52.465+0000] {logging_mixin.py:190} INFO - ✅message sent
[2025-05-20T03:17:52.516+0000] {logging_mixin.py:190} INFO - ✅message sent
[2025-05-20T03:17:52.569+0000] {logging_mixin.py:190} INFO - ✅message sent
[2025-05-20T03:17:52.620+0000] {logging_mixin.py:190} INFO - ✅message sent
[2025-05-20T03:17:52.671+0000] {logging_mixin.py:190} INFO - ✅message sent
[2025-05-20T03:17:52.723+0000] {logging_mixin.py:190} INFO - ✅message sent
[2025-05-20T03:17:52.776+0000] {logging_mixin.py:190} INFO - ✅message sent
[2025-05-20T03:17:52.828+0000] {logging_mixin.py:190} INFO - ✅message sent
[2025-05-20T03:17:52.879+0000] {logging_mixin.py:190} INFO - ✅message sent
[2025-05-20T03:17:52.932+0000] {logging_mixin.py:190} INFO - ✅message sent
[2025-05-20T03:17:52.983+0000] {logging_mixin.py:190} INFO - ✅message sent
[2025-05-20T03:17:53.035+0000] {logging_mixin.py:190} INFO - ✅message sent
[2025-05-20T03:17:53.086+0000] {logging_mixin.py:190} INFO - ✅message sent
[2025-05-20T03:17:53.137+0000] {logging_mixin.py:190} INFO - ✅message sent
[2025-05-20T03:17:53.190+0000] {logging_mixin.py:190} INFO - ✅message sent
[2025-05-20T03:17:53.242+0000] {logging_mixin.py:190} INFO - ✅message sent
[2025-05-20T03:17:53.296+0000] {logging_mixin.py:190} INFO - ✅message sent
[2025-05-20T03:17:53.349+0000] {logging_mixin.py:190} INFO - ✅message sent
[2025-05-20T03:17:53.402+0000] {logging_mixin.py:190} INFO - ✅message sent
[2025-05-20T03:17:53.457+0000] {logging_mixin.py:190} INFO - ✅message sent
[2025-05-20T03:17:53.513+0000] {logging_mixin.py:190} INFO - ✅message sent
[2025-05-20T03:17:53.572+0000] {logging_mixin.py:190} INFO - ✅message sent
[2025-05-20T03:17:53.629+0000] {logging_mixin.py:190} INFO - ✅message sent
[2025-05-20T03:17:53.683+0000] {logging_mixin.py:190} INFO - ✅message sent
[2025-05-20T03:17:53.736+0000] {logging_mixin.py:190} INFO - ✅message sent
[2025-05-20T03:17:53.787+0000] {logging_mixin.py:190} INFO - ✅message sent
[2025-05-20T03:17:53.841+0000] {logging_mixin.py:190} INFO - ✅message sent
[2025-05-20T03:17:53.893+0000] {logging_mixin.py:190} INFO - ✅message sent
[2025-05-20T03:17:53.948+0000] {logging_mixin.py:190} INFO - ✅message sent
[2025-05-20T03:17:54.002+0000] {logging_mixin.py:190} INFO - ✅message sent
[2025-05-20T03:17:54.060+0000] {logging_mixin.py:190} INFO - ✅message sent
[2025-05-20T03:17:54.116+0000] {logging_mixin.py:190} INFO - ✅message sent
[2025-05-20T03:17:54.171+0000] {logging_mixin.py:190} INFO - ✅message sent
[2025-05-20T03:17:54.225+0000] {logging_mixin.py:190} INFO - ✅message sent
[2025-05-20T03:17:54.280+0000] {logging_mixin.py:190} INFO - ✅message sent
[2025-05-20T03:17:54.333+0000] {logging_mixin.py:190} INFO - ✅message sent
[2025-05-20T03:17:54.387+0000] {logging_mixin.py:190} INFO - ✅message sent
[2025-05-20T03:17:54.443+0000] {logging_mixin.py:190} INFO - ✅message sent
[2025-05-20T03:17:54.498+0000] {logging_mixin.py:190} INFO - ✅message sent
[2025-05-20T03:17:54.552+0000] {logging_mixin.py:190} INFO - ✅message sent
[2025-05-20T03:17:54.608+0000] {logging_mixin.py:190} INFO - ✅message sent
[2025-05-20T03:17:54.662+0000] {logging_mixin.py:190} INFO - ✅message sent
[2025-05-20T03:17:54.720+0000] {logging_mixin.py:190} INFO - ✅message sent
[2025-05-20T03:17:54.777+0000] {logging_mixin.py:190} INFO - ✅message sent
[2025-05-20T03:17:54.835+0000] {logging_mixin.py:190} INFO - ✅message sent
[2025-05-20T03:17:54.890+0000] {logging_mixin.py:190} INFO - ✅message sent
[2025-05-20T03:17:54.946+0000] {logging_mixin.py:190} INFO - ✅message sent
[2025-05-20T03:17:55.002+0000] {logging_mixin.py:190} INFO - ✅message sent
[2025-05-20T03:17:55.060+0000] {logging_mixin.py:190} INFO - ✅message sent
[2025-05-20T03:17:55.114+0000] {logging_mixin.py:190} INFO - ✅message sent
[2025-05-20T03:17:55.169+0000] {logging_mixin.py:190} INFO - ✅message sent
[2025-05-20T03:17:55.326+0000] {logging_mixin.py:190} INFO - ✅message sent
[2025-05-20T03:17:55.378+0000] {logging_mixin.py:190} INFO - ✅message sent
[2025-05-20T03:17:55.431+0000] {logging_mixin.py:190} INFO - ✅message sent
[2025-05-20T03:17:55.485+0000] {logging_mixin.py:190} INFO - ✅message sent
[2025-05-20T03:17:55.538+0000] {logging_mixin.py:190} INFO - ✅message sent
[2025-05-20T03:17:55.590+0000] {logging_mixin.py:190} INFO - ✅message sent
[2025-05-20T03:17:55.643+0000] {logging_mixin.py:190} INFO - ✅message sent
[2025-05-20T03:17:55.695+0000] {logging_mixin.py:190} INFO - ✅message sent
[2025-05-20T03:17:55.746+0000] {logging_mixin.py:190} INFO - ✅message sent
[2025-05-20T03:17:55.801+0000] {logging_mixin.py:190} INFO - ✅message sent
[2025-05-20T03:17:55.854+0000] {logging_mixin.py:190} INFO - ✅message sent
[2025-05-20T03:17:55.910+0000] {logging_mixin.py:190} INFO - ✅message sent
[2025-05-20T03:17:55.966+0000] {logging_mixin.py:190} INFO - ✅message sent
[2025-05-20T03:17:56.022+0000] {logging_mixin.py:190} INFO - ✅message sent
[2025-05-20T03:17:56.076+0000] {logging_mixin.py:190} INFO - ✅message sent
[2025-05-20T03:17:56.133+0000] {logging_mixin.py:190} INFO - ✅message sent
[2025-05-20T03:17:56.186+0000] {logging_mixin.py:190} INFO - ✅message sent
[2025-05-20T03:17:56.239+0000] {logging_mixin.py:190} INFO - ✅message sent
[2025-05-20T03:17:56.293+0000] {logging_mixin.py:190} INFO - ✅message sent
[2025-05-20T03:17:56.345+0000] {logging_mixin.py:190} INFO - ✅message sent
[2025-05-20T03:17:56.400+0000] {logging_mixin.py:190} INFO - ✅message sent
[2025-05-20T03:17:56.454+0000] {logging_mixin.py:190} INFO - ✅message sent
[2025-05-20T03:17:56.508+0000] {logging_mixin.py:190} INFO - ✅message sent
[2025-05-20T03:17:56.564+0000] {logging_mixin.py:190} INFO - ✅message sent
[2025-05-20T03:17:56.620+0000] {logging_mixin.py:190} INFO - ✅message sent
[2025-05-20T03:17:56.677+0000] {logging_mixin.py:190} INFO - ✅message sent
[2025-05-20T03:17:56.730+0000] {logging_mixin.py:190} INFO - ✅message sent
[2025-05-20T03:17:56.782+0000] {logging_mixin.py:190} INFO - ✅message sent
[2025-05-20T03:17:56.834+0000] {logging_mixin.py:190} INFO - ✅message sent
[2025-05-20T03:17:56.887+0000] {logging_mixin.py:190} INFO - ✅message sent
[2025-05-20T03:17:56.941+0000] {logging_mixin.py:190} INFO - ✅message sent
[2025-05-20T03:17:56.994+0000] {logging_mixin.py:190} INFO - ✅message sent
[2025-05-20T03:17:57.047+0000] {logging_mixin.py:190} INFO - ✅message sent
[2025-05-20T03:17:57.101+0000] {logging_mixin.py:190} INFO - ✅message sent
[2025-05-20T03:17:57.155+0000] {logging_mixin.py:190} INFO - ✅message sent
[2025-05-20T03:17:57.208+0000] {logging_mixin.py:190} INFO - ✅message sent
[2025-05-20T03:17:57.262+0000] {logging_mixin.py:190} INFO - ✅message sent
[2025-05-20T03:17:57.317+0000] {logging_mixin.py:190} INFO - ✅message sent
[2025-05-20T03:17:57.371+0000] {logging_mixin.py:190} INFO - ✅message sent
[2025-05-20T03:17:57.428+0000] {logging_mixin.py:190} INFO - ✅message sent
[2025-05-20T03:17:57.483+0000] {logging_mixin.py:190} INFO - ✅message sent
[2025-05-20T03:17:57.543+0000] {logging_mixin.py:190} INFO - ✅message sent
[2025-05-20T03:17:57.599+0000] {logging_mixin.py:190} INFO - ✅message sent
[2025-05-20T03:17:57.654+0000] {logging_mixin.py:190} INFO - ✅message sent
[2025-05-20T03:17:57.709+0000] {logging_mixin.py:190} INFO - ✅message sent
[2025-05-20T03:17:57.762+0000] {logging_mixin.py:190} INFO - ✅message sent
[2025-05-20T03:17:57.818+0000] {logging_mixin.py:190} INFO - ✅message sent
[2025-05-20T03:17:57.871+0000] {logging_mixin.py:190} INFO - ✅message sent
[2025-05-20T03:17:57.928+0000] {logging_mixin.py:190} INFO - ✅message sent
[2025-05-20T03:17:57.984+0000] {logging_mixin.py:190} INFO - ✅message sent
[2025-05-20T03:17:58.041+0000] {logging_mixin.py:190} INFO - ✅message sent
[2025-05-20T03:17:58.095+0000] {logging_mixin.py:190} INFO - ✅message sent
[2025-05-20T03:17:58.152+0000] {logging_mixin.py:190} INFO - ✅message sent
[2025-05-20T03:17:58.216+0000] {logging_mixin.py:190} INFO - ✅message sent
[2025-05-20T03:17:58.269+0000] {logging_mixin.py:190} INFO - ✅message sent
[2025-05-20T03:17:58.321+0000] {logging_mixin.py:190} INFO - ✅message sent
[2025-05-20T03:17:58.374+0000] {logging_mixin.py:190} INFO - ✅message sent
[2025-05-20T03:17:58.428+0000] {logging_mixin.py:190} INFO - ✅message sent
[2025-05-20T03:17:58.481+0000] {logging_mixin.py:190} INFO - ✅message sent
[2025-05-20T03:17:58.537+0000] {logging_mixin.py:190} INFO - ✅message sent
[2025-05-20T03:17:58.594+0000] {logging_mixin.py:190} INFO - ✅message sent
[2025-05-20T03:17:58.654+0000] {logging_mixin.py:190} INFO - ✅message sent
[2025-05-20T03:17:58.710+0000] {logging_mixin.py:190} INFO - ✅message sent
[2025-05-20T03:17:58.767+0000] {logging_mixin.py:190} INFO - ✅message sent
[2025-05-20T03:17:58.823+0000] {logging_mixin.py:190} INFO - ✅message sent
[2025-05-20T03:17:58.878+0000] {logging_mixin.py:190} INFO - ✅message sent
[2025-05-20T03:17:58.935+0000] {logging_mixin.py:190} INFO - ✅message sent
[2025-05-20T03:17:58.991+0000] {logging_mixin.py:190} INFO - ✅message sent
[2025-05-20T03:17:59.047+0000] {logging_mixin.py:190} INFO - ✅message sent
[2025-05-20T03:17:59.101+0000] {logging_mixin.py:190} INFO - ✅message sent
[2025-05-20T03:17:59.159+0000] {logging_mixin.py:190} INFO - ✅message sent
[2025-05-20T03:17:59.215+0000] {logging_mixin.py:190} INFO - ✅message sent
[2025-05-20T03:17:59.268+0000] {logging_mixin.py:190} INFO - ✅message sent
[2025-05-20T03:17:59.321+0000] {logging_mixin.py:190} INFO - ✅message sent
[2025-05-20T03:17:59.375+0000] {logging_mixin.py:190} INFO - ✅message sent
[2025-05-20T03:17:59.429+0000] {logging_mixin.py:190} INFO - ✅message sent
[2025-05-20T03:17:59.485+0000] {logging_mixin.py:190} INFO - ✅message sent
[2025-05-20T03:17:59.540+0000] {logging_mixin.py:190} INFO - ✅message sent
[2025-05-20T03:17:59.596+0000] {logging_mixin.py:190} INFO - ✅message sent
[2025-05-20T03:17:59.651+0000] {logging_mixin.py:190} INFO - ✅message sent
[2025-05-20T03:17:59.709+0000] {logging_mixin.py:190} INFO - ✅message sent
[2025-05-20T03:17:59.764+0000] {logging_mixin.py:190} INFO - ✅message sent
[2025-05-20T03:17:59.821+0000] {logging_mixin.py:190} INFO - ✅message sent
[2025-05-20T03:17:59.879+0000] {logging_mixin.py:190} INFO - ✅message sent
[2025-05-20T03:17:59.935+0000] {logging_mixin.py:190} INFO - ✅message sent
[2025-05-20T03:17:59.987+0000] {logging_mixin.py:190} INFO - ✅message sent
[2025-05-20T03:18:00.040+0000] {logging_mixin.py:190} INFO - ✅message sent
[2025-05-20T03:18:00.093+0000] {logging_mixin.py:190} INFO - ✅message sent
[2025-05-20T03:18:00.146+0000] {logging_mixin.py:190} INFO - ✅message sent
[2025-05-20T03:18:00.197+0000] {logging_mixin.py:190} INFO - ✅message sent
[2025-05-20T03:18:00.250+0000] {logging_mixin.py:190} INFO - ✅message sent
[2025-05-20T03:18:00.304+0000] {logging_mixin.py:190} INFO - ✅message sent
[2025-05-20T03:18:00.356+0000] {logging_mixin.py:190} INFO - ✅message sent
[2025-05-20T03:18:00.411+0000] {logging_mixin.py:190} INFO - ✅message sent
[2025-05-20T03:18:00.469+0000] {logging_mixin.py:190} INFO - ✅message sent
[2025-05-20T03:18:00.523+0000] {logging_mixin.py:190} INFO - ✅message sent
[2025-05-20T03:18:00.578+0000] {logging_mixin.py:190} INFO - ✅message sent
[2025-05-20T03:18:00.634+0000] {logging_mixin.py:190} INFO - ✅message sent
[2025-05-20T03:18:00.690+0000] {logging_mixin.py:190} INFO - ✅message sent
[2025-05-20T03:18:00.747+0000] {logging_mixin.py:190} INFO - ✅message sent
[2025-05-20T03:18:00.804+0000] {logging_mixin.py:190} INFO - ✅message sent
[2025-05-20T03:18:00.860+0000] {logging_mixin.py:190} INFO - ✅message sent
[2025-05-20T03:18:00.918+0000] {logging_mixin.py:190} INFO - ✅message sent
[2025-05-20T03:18:00.974+0000] {logging_mixin.py:190} INFO - ✅message sent
[2025-05-20T03:18:01.029+0000] {logging_mixin.py:190} INFO - ✅message sent
[2025-05-20T03:18:01.084+0000] {logging_mixin.py:190} INFO - ✅message sent
[2025-05-20T03:18:01.139+0000] {logging_mixin.py:190} INFO - ✅message sent
[2025-05-20T03:18:01.194+0000] {logging_mixin.py:190} INFO - ✅message sent
[2025-05-20T03:18:01.248+0000] {logging_mixin.py:190} INFO - ✅message sent
[2025-05-20T03:18:01.300+0000] {logging_mixin.py:190} INFO - ✅message sent
[2025-05-20T03:18:01.355+0000] {logging_mixin.py:190} INFO - ✅message sent
[2025-05-20T03:18:01.408+0000] {logging_mixin.py:190} INFO - ✅message sent
[2025-05-20T03:18:01.462+0000] {logging_mixin.py:190} INFO - ✅message sent
[2025-05-20T03:18:01.514+0000] {logging_mixin.py:190} INFO - ✅message sent
[2025-05-20T03:18:01.567+0000] {logging_mixin.py:190} INFO - ✅message sent
[2025-05-20T03:18:01.619+0000] {logging_mixin.py:190} INFO - ✅message sent
[2025-05-20T03:18:01.677+0000] {logging_mixin.py:190} INFO - ✅message sent
[2025-05-20T03:18:01.731+0000] {logging_mixin.py:190} INFO - ✅message sent
[2025-05-20T03:18:01.785+0000] {logging_mixin.py:190} INFO - ✅message sent
[2025-05-20T03:18:01.843+0000] {logging_mixin.py:190} INFO - ✅message sent
[2025-05-20T03:18:01.895+0000] {logging_mixin.py:190} INFO - ✅message sent
[2025-05-20T03:18:01.949+0000] {logging_mixin.py:190} INFO - ✅message sent
[2025-05-20T03:18:02.003+0000] {logging_mixin.py:190} INFO - ✅message sent
[2025-05-20T03:18:02.056+0000] {logging_mixin.py:190} INFO - ✅message sent
[2025-05-20T03:18:02.108+0000] {logging_mixin.py:190} INFO - ✅message sent
[2025-05-20T03:18:02.163+0000] {logging_mixin.py:190} INFO - ✅message sent
[2025-05-20T03:18:02.214+0000] {logging_mixin.py:190} INFO - ✅message sent
[2025-05-20T03:18:02.265+0000] {logging_mixin.py:190} INFO - ✅message sent
[2025-05-20T03:18:02.319+0000] {logging_mixin.py:190} INFO - ✅message sent
[2025-05-20T03:18:02.376+0000] {logging_mixin.py:190} INFO - ✅message sent
[2025-05-20T03:18:02.428+0000] {logging_mixin.py:190} INFO - ✅message sent
[2025-05-20T03:18:02.483+0000] {logging_mixin.py:190} INFO - ✅message sent
[2025-05-20T03:18:02.538+0000] {logging_mixin.py:190} INFO - ✅message sent
[2025-05-20T03:18:02.593+0000] {logging_mixin.py:190} INFO - ✅message sent
[2025-05-20T03:18:02.649+0000] {logging_mixin.py:190} INFO - ✅message sent
[2025-05-20T03:18:02.704+0000] {logging_mixin.py:190} INFO - ✅message sent
[2025-05-20T03:18:02.760+0000] {logging_mixin.py:190} INFO - ✅message sent
[2025-05-20T03:18:02.814+0000] {logging_mixin.py:190} INFO - ✅message sent
[2025-05-20T03:18:02.870+0000] {logging_mixin.py:190} INFO - ✅message sent
[2025-05-20T03:18:02.923+0000] {logging_mixin.py:190} INFO - ✅message sent
[2025-05-20T03:18:02.977+0000] {logging_mixin.py:190} INFO - ✅message sent
[2025-05-20T03:18:03.030+0000] {logging_mixin.py:190} INFO - ✅message sent
[2025-05-20T03:18:03.087+0000] {logging_mixin.py:190} INFO - ✅message sent
[2025-05-20T03:18:03.139+0000] {logging_mixin.py:190} INFO - ✅message sent
[2025-05-20T03:18:03.194+0000] {logging_mixin.py:190} INFO - ✅message sent
[2025-05-20T03:18:03.248+0000] {logging_mixin.py:190} INFO - ✅message sent
[2025-05-20T03:18:03.300+0000] {logging_mixin.py:190} INFO - ✅message sent
[2025-05-20T03:18:03.355+0000] {logging_mixin.py:190} INFO - ✅message sent
[2025-05-20T03:18:03.411+0000] {logging_mixin.py:190} INFO - ✅message sent
[2025-05-20T03:18:03.466+0000] {logging_mixin.py:190} INFO - ✅message sent
[2025-05-20T03:18:03.519+0000] {logging_mixin.py:190} INFO - ✅message sent
[2025-05-20T03:18:03.572+0000] {logging_mixin.py:190} INFO - ✅message sent
[2025-05-20T03:18:03.625+0000] {logging_mixin.py:190} INFO - ✅message sent
[2025-05-20T03:18:03.680+0000] {logging_mixin.py:190} INFO - ✅message sent
[2025-05-20T03:18:03.734+0000] {logging_mixin.py:190} INFO - ✅message sent
[2025-05-20T03:18:03.787+0000] {logging_mixin.py:190} INFO - ✅message sent
[2025-05-20T03:18:03.842+0000] {logging_mixin.py:190} INFO - ✅message sent
[2025-05-20T03:18:03.896+0000] {logging_mixin.py:190} INFO - ✅message sent
[2025-05-20T03:18:03.951+0000] {logging_mixin.py:190} INFO - ✅message sent
[2025-05-20T03:18:04.008+0000] {logging_mixin.py:190} INFO - ✅message sent
[2025-05-20T03:18:04.061+0000] {logging_mixin.py:190} INFO - ✅message sent
[2025-05-20T03:18:04.116+0000] {logging_mixin.py:190} INFO - ✅message sent
[2025-05-20T03:18:04.171+0000] {logging_mixin.py:190} INFO - ✅message sent
[2025-05-20T03:18:04.227+0000] {logging_mixin.py:190} INFO - ✅message sent
[2025-05-20T03:18:04.282+0000] {logging_mixin.py:190} INFO - ✅message sent
[2025-05-20T03:18:04.335+0000] {logging_mixin.py:190} INFO - ✅message sent
[2025-05-20T03:18:04.387+0000] {logging_mixin.py:190} INFO - ✅message sent
[2025-05-20T03:18:04.445+0000] {logging_mixin.py:190} INFO - ✅message sent
[2025-05-20T03:18:04.501+0000] {logging_mixin.py:190} INFO - ✅message sent
[2025-05-20T03:18:04.557+0000] {logging_mixin.py:190} INFO - ✅message sent
[2025-05-20T03:18:04.612+0000] {logging_mixin.py:190} INFO - ✅message sent
[2025-05-20T03:18:04.672+0000] {logging_mixin.py:190} INFO - ✅message sent
[2025-05-20T03:18:04.728+0000] {logging_mixin.py:190} INFO - ✅message sent
[2025-05-20T03:18:04.784+0000] {logging_mixin.py:190} INFO - ✅message sent
[2025-05-20T03:18:04.840+0000] {logging_mixin.py:190} INFO - ✅message sent
[2025-05-20T03:18:04.895+0000] {logging_mixin.py:190} INFO - ✅message sent
[2025-05-20T03:18:04.950+0000] {logging_mixin.py:190} INFO - ✅message sent
[2025-05-20T03:18:05.007+0000] {logging_mixin.py:190} INFO - ✅message sent
[2025-05-20T03:18:05.062+0000] {logging_mixin.py:190} INFO - ✅message sent
[2025-05-20T03:18:05.118+0000] {logging_mixin.py:190} INFO - ✅message sent
[2025-05-20T03:18:05.175+0000] {logging_mixin.py:190} INFO - ✅message sent
[2025-05-20T03:18:05.229+0000] {logging_mixin.py:190} INFO - ✅message sent
[2025-05-20T03:18:05.285+0000] {logging_mixin.py:190} INFO - ✅message sent
[2025-05-20T03:18:05.339+0000] {logging_mixin.py:190} INFO - ✅message sent
[2025-05-20T03:18:05.392+0000] {logging_mixin.py:190} INFO - ✅message sent
[2025-05-20T03:18:05.448+0000] {logging_mixin.py:190} INFO - ✅message sent
[2025-05-20T03:18:05.502+0000] {logging_mixin.py:190} INFO - ✅message sent
[2025-05-20T03:18:05.559+0000] {logging_mixin.py:190} INFO - ✅message sent
[2025-05-20T03:18:05.611+0000] {logging_mixin.py:190} INFO - ✅message sent
[2025-05-20T03:18:05.665+0000] {logging_mixin.py:190} INFO - ✅message sent
[2025-05-20T03:18:05.719+0000] {logging_mixin.py:190} INFO - ✅message sent
[2025-05-20T03:18:05.772+0000] {logging_mixin.py:190} INFO - ✅message sent
[2025-05-20T03:18:05.831+0000] {logging_mixin.py:190} INFO - ✅message sent
[2025-05-20T03:18:05.885+0000] {logging_mixin.py:190} INFO - ✅message sent
[2025-05-20T03:18:05.941+0000] {logging_mixin.py:190} INFO - ✅message sent
[2025-05-20T03:18:05.997+0000] {logging_mixin.py:190} INFO - ✅message sent
[2025-05-20T03:18:06.051+0000] {logging_mixin.py:190} INFO - ✅message sent
[2025-05-20T03:18:06.106+0000] {logging_mixin.py:190} INFO - ✅message sent
[2025-05-20T03:18:06.161+0000] {logging_mixin.py:190} INFO - ✅message sent
[2025-05-20T03:18:06.215+0000] {logging_mixin.py:190} INFO - ✅message sent
[2025-05-20T03:18:06.270+0000] {logging_mixin.py:190} INFO - ✅message sent
[2025-05-20T03:18:06.324+0000] {logging_mixin.py:190} INFO - ✅message sent
[2025-05-20T03:18:06.379+0000] {logging_mixin.py:190} INFO - ✅message sent
[2025-05-20T03:18:06.431+0000] {logging_mixin.py:190} INFO - ✅message sent
[2025-05-20T03:18:06.482+0000] {logging_mixin.py:190} INFO - ✅message sent
[2025-05-20T03:18:06.534+0000] {logging_mixin.py:190} INFO - ✅message sent
[2025-05-20T03:18:06.587+0000] {logging_mixin.py:190} INFO - ✅message sent
[2025-05-20T03:18:06.639+0000] {logging_mixin.py:190} INFO - ✅message sent
[2025-05-20T03:18:06.693+0000] {logging_mixin.py:190} INFO - ✅message sent
[2025-05-20T03:18:06.747+0000] {logging_mixin.py:190} INFO - ✅message sent
[2025-05-20T03:18:06.802+0000] {logging_mixin.py:190} INFO - ✅message sent
[2025-05-20T03:18:06.859+0000] {logging_mixin.py:190} INFO - ✅message sent
[2025-05-20T03:18:06.914+0000] {logging_mixin.py:190} INFO - ✅message sent
[2025-05-20T03:18:06.971+0000] {logging_mixin.py:190} INFO - ✅message sent
[2025-05-20T03:18:07.025+0000] {logging_mixin.py:190} INFO - ✅message sent
[2025-05-20T03:18:07.081+0000] {logging_mixin.py:190} INFO - ✅message sent
[2025-05-20T03:18:07.136+0000] {logging_mixin.py:190} INFO - ✅message sent
[2025-05-20T03:18:07.193+0000] {logging_mixin.py:190} INFO - ✅message sent
[2025-05-20T03:18:07.248+0000] {logging_mixin.py:190} INFO - ✅message sent
[2025-05-20T03:18:07.302+0000] {logging_mixin.py:190} INFO - ✅message sent
[2025-05-20T03:18:07.356+0000] {logging_mixin.py:190} INFO - ✅message sent
[2025-05-20T03:18:07.412+0000] {logging_mixin.py:190} INFO - ✅message sent
[2025-05-20T03:18:07.468+0000] {logging_mixin.py:190} INFO - ✅message sent
[2025-05-20T03:18:07.525+0000] {logging_mixin.py:190} INFO - ✅message sent
[2025-05-20T03:18:07.578+0000] {logging_mixin.py:190} INFO - ✅message sent
[2025-05-20T03:18:07.630+0000] {logging_mixin.py:190} INFO - ✅message sent
[2025-05-20T03:18:07.682+0000] {logging_mixin.py:190} INFO - ✅message sent
[2025-05-20T03:18:07.734+0000] {logging_mixin.py:190} INFO - ✅message sent
[2025-05-20T03:18:07.786+0000] {logging_mixin.py:190} INFO - ✅message sent
[2025-05-20T03:18:07.839+0000] {logging_mixin.py:190} INFO - ✅message sent
[2025-05-20T03:18:07.893+0000] {logging_mixin.py:190} INFO - ✅message sent
[2025-05-20T03:18:07.948+0000] {logging_mixin.py:190} INFO - ✅message sent
[2025-05-20T03:18:08.005+0000] {logging_mixin.py:190} INFO - ✅message sent
[2025-05-20T03:18:08.060+0000] {logging_mixin.py:190} INFO - ✅message sent
[2025-05-20T03:18:08.116+0000] {logging_mixin.py:190} INFO - ✅message sent
[2025-05-20T03:18:08.171+0000] {logging_mixin.py:190} INFO - ✅message sent
[2025-05-20T03:18:08.231+0000] {logging_mixin.py:190} INFO - ✅message sent
[2025-05-20T03:18:08.285+0000] {logging_mixin.py:190} INFO - ✅message sent
[2025-05-20T03:18:08.338+0000] {logging_mixin.py:190} INFO - ✅message sent
[2025-05-20T03:18:08.392+0000] {logging_mixin.py:190} INFO - ✅message sent
[2025-05-20T03:18:08.448+0000] {logging_mixin.py:190} INFO - ✅message sent
[2025-05-20T03:18:08.505+0000] {logging_mixin.py:190} INFO - ✅message sent
[2025-05-20T03:18:08.560+0000] {logging_mixin.py:190} INFO - ✅message sent
[2025-05-20T03:18:08.616+0000] {logging_mixin.py:190} INFO - ✅message sent
[2025-05-20T03:18:08.669+0000] {logging_mixin.py:190} INFO - ✅message sent
[2025-05-20T03:18:08.722+0000] {logging_mixin.py:190} INFO - ✅message sent
[2025-05-20T03:18:08.774+0000] {logging_mixin.py:190} INFO - ✅message sent
[2025-05-20T03:18:08.826+0000] {logging_mixin.py:190} INFO - ✅message sent
[2025-05-20T03:18:08.880+0000] {logging_mixin.py:190} INFO - ✅message sent
[2025-05-20T03:18:08.934+0000] {logging_mixin.py:190} INFO - ✅message sent
[2025-05-20T03:18:08.989+0000] {logging_mixin.py:190} INFO - ✅message sent
[2025-05-20T03:18:09.046+0000] {logging_mixin.py:190} INFO - ✅message sent
[2025-05-20T03:18:09.101+0000] {logging_mixin.py:190} INFO - ✅message sent
[2025-05-20T03:18:09.156+0000] {logging_mixin.py:190} INFO - ✅message sent
[2025-05-20T03:18:09.211+0000] {logging_mixin.py:190} INFO - ✅message sent
[2025-05-20T03:18:09.265+0000] {logging_mixin.py:190} INFO - ✅message sent
[2025-05-20T03:18:09.319+0000] {logging_mixin.py:190} INFO - ✅message sent
[2025-05-20T03:18:09.373+0000] {logging_mixin.py:190} INFO - ✅message sent
[2025-05-20T03:18:09.427+0000] {logging_mixin.py:190} INFO - ✅message sent
[2025-05-20T03:18:09.481+0000] {logging_mixin.py:190} INFO - ✅message sent
[2025-05-20T03:18:09.537+0000] {logging_mixin.py:190} INFO - ✅message sent
[2025-05-20T03:18:09.591+0000] {logging_mixin.py:190} INFO - ✅message sent
[2025-05-20T03:18:09.647+0000] {logging_mixin.py:190} INFO - ✅message sent
[2025-05-20T03:18:09.702+0000] {logging_mixin.py:190} INFO - ✅message sent
[2025-05-20T03:18:09.760+0000] {logging_mixin.py:190} INFO - ✅message sent
[2025-05-20T03:18:09.815+0000] {logging_mixin.py:190} INFO - ✅message sent
[2025-05-20T03:18:09.871+0000] {logging_mixin.py:190} INFO - ✅message sent
[2025-05-20T03:18:09.931+0000] {logging_mixin.py:190} INFO - ✅message sent
[2025-05-20T03:18:09.993+0000] {logging_mixin.py:190} INFO - ✅message sent
[2025-05-20T03:18:10.051+0000] {logging_mixin.py:190} INFO - ✅message sent
[2025-05-20T03:18:10.108+0000] {logging_mixin.py:190} INFO - ✅message sent
[2025-05-20T03:18:10.165+0000] {logging_mixin.py:190} INFO - ✅message sent
[2025-05-20T03:18:10.223+0000] {logging_mixin.py:190} INFO - ✅message sent
[2025-05-20T03:18:10.279+0000] {logging_mixin.py:190} INFO - ✅message sent
[2025-05-20T03:18:10.333+0000] {logging_mixin.py:190} INFO - ✅message sent
[2025-05-20T03:18:10.386+0000] {logging_mixin.py:190} INFO - ✅message sent
[2025-05-20T03:18:10.440+0000] {logging_mixin.py:190} INFO - ✅message sent
[2025-05-20T03:18:10.499+0000] {logging_mixin.py:190} INFO - ✅message sent
[2025-05-20T03:18:10.553+0000] {logging_mixin.py:190} INFO - ✅message sent
[2025-05-20T03:18:10.610+0000] {logging_mixin.py:190} INFO - ✅message sent
[2025-05-20T03:18:10.665+0000] {logging_mixin.py:190} INFO - ✅message sent
[2025-05-20T03:18:10.728+0000] {logging_mixin.py:190} INFO - ✅message sent
[2025-05-20T03:18:10.782+0000] {logging_mixin.py:190} INFO - ✅message sent
[2025-05-20T03:18:10.837+0000] {logging_mixin.py:190} INFO - ✅message sent
[2025-05-20T03:18:10.890+0000] {logging_mixin.py:190} INFO - ✅message sent
[2025-05-20T03:18:10.946+0000] {logging_mixin.py:190} INFO - ✅message sent
[2025-05-20T03:18:11.003+0000] {logging_mixin.py:190} INFO - ✅message sent
[2025-05-20T03:18:11.058+0000] {logging_mixin.py:190} INFO - ✅message sent
[2025-05-20T03:18:11.111+0000] {logging_mixin.py:190} INFO - ✅message sent
[2025-05-20T03:18:11.164+0000] {logging_mixin.py:190} INFO - ✅message sent
[2025-05-20T03:18:11.221+0000] {logging_mixin.py:190} INFO - ✅message sent
[2025-05-20T03:18:11.276+0000] {logging_mixin.py:190} INFO - ✅message sent
[2025-05-20T03:18:11.330+0000] {logging_mixin.py:190} INFO - ✅message sent
[2025-05-20T03:18:11.384+0000] {logging_mixin.py:190} INFO - ✅message sent
[2025-05-20T03:18:11.438+0000] {logging_mixin.py:190} INFO - ✅message sent
[2025-05-20T03:18:11.496+0000] {logging_mixin.py:190} INFO - ✅message sent
[2025-05-20T03:18:11.550+0000] {logging_mixin.py:190} INFO - ✅message sent
[2025-05-20T03:18:11.602+0000] {logging_mixin.py:190} INFO - ✅message sent
[2025-05-20T03:18:11.658+0000] {logging_mixin.py:190} INFO - ✅message sent
[2025-05-20T03:18:11.715+0000] {logging_mixin.py:190} INFO - ✅message sent
[2025-05-20T03:18:11.771+0000] {logging_mixin.py:190} INFO - ✅message sent
[2025-05-20T03:18:11.826+0000] {logging_mixin.py:190} INFO - ✅message sent
[2025-05-20T03:18:11.882+0000] {logging_mixin.py:190} INFO - ✅message sent
[2025-05-20T03:18:11.937+0000] {logging_mixin.py:190} INFO - ✅message sent
[2025-05-20T03:18:11.992+0000] {logging_mixin.py:190} INFO - ✅message sent
[2025-05-20T03:18:12.049+0000] {logging_mixin.py:190} INFO - ✅message sent
[2025-05-20T03:18:12.105+0000] {logging_mixin.py:190} INFO - ✅message sent
[2025-05-20T03:18:12.160+0000] {logging_mixin.py:190} INFO - ✅message sent
[2025-05-20T03:18:12.216+0000] {logging_mixin.py:190} INFO - ✅message sent
[2025-05-20T03:18:12.270+0000] {logging_mixin.py:190} INFO - ✅message sent
[2025-05-20T03:18:12.322+0000] {logging_mixin.py:190} INFO - ✅message sent
[2025-05-20T03:18:12.376+0000] {logging_mixin.py:190} INFO - ✅message sent
[2025-05-20T03:18:12.430+0000] {logging_mixin.py:190} INFO - ✅message sent
[2025-05-20T03:18:12.485+0000] {logging_mixin.py:190} INFO - ✅message sent
[2025-05-20T03:18:12.541+0000] {logging_mixin.py:190} INFO - ✅message sent
[2025-05-20T03:18:12.597+0000] {logging_mixin.py:190} INFO - ✅message sent
[2025-05-20T03:18:12.652+0000] {logging_mixin.py:190} INFO - ✅message sent
[2025-05-20T03:18:12.708+0000] {logging_mixin.py:190} INFO - ✅message sent
[2025-05-20T03:18:12.764+0000] {logging_mixin.py:190} INFO - ✅message sent
[2025-05-20T03:18:12.819+0000] {logging_mixin.py:190} INFO - ✅message sent
[2025-05-20T03:18:12.875+0000] {logging_mixin.py:190} INFO - ✅message sent
[2025-05-20T03:18:12.934+0000] {logging_mixin.py:190} INFO - ✅message sent
[2025-05-20T03:18:12.992+0000] {logging_mixin.py:190} INFO - ✅message sent
[2025-05-20T03:18:13.050+0000] {logging_mixin.py:190} INFO - ✅message sent
[2025-05-20T03:18:13.105+0000] {logging_mixin.py:190} INFO - ✅message sent
[2025-05-20T03:18:13.160+0000] {logging_mixin.py:190} INFO - ✅message sent
[2025-05-20T03:18:13.214+0000] {logging_mixin.py:190} INFO - ✅message sent
[2025-05-20T03:18:13.271+0000] {logging_mixin.py:190} INFO - ✅message sent
[2025-05-20T03:18:13.325+0000] {logging_mixin.py:190} INFO - ✅message sent
[2025-05-20T03:18:13.378+0000] {logging_mixin.py:190} INFO - ✅message sent
[2025-05-20T03:18:13.432+0000] {logging_mixin.py:190} INFO - ✅message sent
[2025-05-20T03:18:13.486+0000] {logging_mixin.py:190} INFO - ✅message sent
[2025-05-20T03:18:13.542+0000] {logging_mixin.py:190} INFO - ✅message sent
[2025-05-20T03:18:13.597+0000] {logging_mixin.py:190} INFO - ✅message sent
[2025-05-20T03:18:13.651+0000] {logging_mixin.py:190} INFO - ✅message sent
[2025-05-20T03:18:13.707+0000] {logging_mixin.py:190} INFO - ✅message sent
[2025-05-20T03:18:13.760+0000] {logging_mixin.py:190} INFO - ✅message sent
[2025-05-20T03:18:13.813+0000] {logging_mixin.py:190} INFO - ✅message sent
[2025-05-20T03:18:13.866+0000] {logging_mixin.py:190} INFO - ✅message sent
[2025-05-20T03:18:13.919+0000] {logging_mixin.py:190} INFO - ✅message sent
[2025-05-20T03:18:13.973+0000] {logging_mixin.py:190} INFO - ✅message sent
[2025-05-20T03:18:14.027+0000] {logging_mixin.py:190} INFO - ✅message sent
[2025-05-20T03:18:14.084+0000] {logging_mixin.py:190} INFO - ✅message sent
[2025-05-20T03:18:14.144+0000] {logging_mixin.py:190} INFO - ✅message sent
[2025-05-20T03:18:14.201+0000] {logging_mixin.py:190} INFO - ✅message sent
[2025-05-20T03:18:14.259+0000] {logging_mixin.py:190} INFO - ✅message sent
[2025-05-20T03:18:14.316+0000] {logging_mixin.py:190} INFO - ✅message sent
[2025-05-20T03:18:14.370+0000] {logging_mixin.py:190} INFO - ✅message sent
[2025-05-20T03:18:14.424+0000] {logging_mixin.py:190} INFO - ✅message sent
[2025-05-20T03:18:14.478+0000] {logging_mixin.py:190} INFO - ✅message sent
[2025-05-20T03:18:14.533+0000] {logging_mixin.py:190} INFO - ✅message sent
[2025-05-20T03:18:14.586+0000] {logging_mixin.py:190} INFO - ✅message sent
[2025-05-20T03:18:14.641+0000] {logging_mixin.py:190} INFO - ✅message sent
[2025-05-20T03:18:14.695+0000] {logging_mixin.py:190} INFO - ✅message sent
[2025-05-20T03:18:14.750+0000] {logging_mixin.py:190} INFO - ✅message sent
[2025-05-20T03:18:14.805+0000] {logging_mixin.py:190} INFO - ✅message sent
[2025-05-20T03:18:14.859+0000] {logging_mixin.py:190} INFO - ✅message sent
[2025-05-20T03:18:14.916+0000] {logging_mixin.py:190} INFO - ✅message sent
[2025-05-20T03:18:14.971+0000] {logging_mixin.py:190} INFO - ✅message sent
[2025-05-20T03:18:15.026+0000] {logging_mixin.py:190} INFO - ✅message sent
[2025-05-20T03:18:15.081+0000] {logging_mixin.py:190} INFO - ✅message sent
[2025-05-20T03:18:15.137+0000] {logging_mixin.py:190} INFO - ✅message sent
[2025-05-20T03:18:15.192+0000] {logging_mixin.py:190} INFO - ✅message sent
[2025-05-20T03:18:15.250+0000] {logging_mixin.py:190} INFO - ✅message sent
[2025-05-20T03:18:15.306+0000] {logging_mixin.py:190} INFO - ✅message sent
[2025-05-20T03:18:15.360+0000] {logging_mixin.py:190} INFO - ✅message sent
[2025-05-20T03:18:15.415+0000] {logging_mixin.py:190} INFO - ✅message sent
[2025-05-20T03:18:15.469+0000] {logging_mixin.py:190} INFO - ✅message sent
[2025-05-20T03:18:15.522+0000] {logging_mixin.py:190} INFO - ✅message sent
[2025-05-20T03:18:15.574+0000] {logging_mixin.py:190} INFO - ✅message sent
[2025-05-20T03:18:15.627+0000] {logging_mixin.py:190} INFO - ✅message sent
[2025-05-20T03:18:15.680+0000] {logging_mixin.py:190} INFO - ✅message sent
[2025-05-20T03:18:15.734+0000] {logging_mixin.py:190} INFO - ✅message sent
[2025-05-20T03:18:15.787+0000] {logging_mixin.py:190} INFO - ✅message sent
[2025-05-20T03:18:15.843+0000] {logging_mixin.py:190} INFO - ✅message sent
[2025-05-20T03:18:15.897+0000] {logging_mixin.py:190} INFO - ✅message sent
[2025-05-20T03:18:15.951+0000] {logging_mixin.py:190} INFO - ✅message sent
[2025-05-20T03:18:16.007+0000] {logging_mixin.py:190} INFO - ✅message sent
[2025-05-20T03:18:16.063+0000] {logging_mixin.py:190} INFO - ✅message sent
[2025-05-20T03:18:16.117+0000] {logging_mixin.py:190} INFO - ✅message sent
[2025-05-20T03:18:16.172+0000] {logging_mixin.py:190} INFO - ✅message sent
[2025-05-20T03:18:16.227+0000] {logging_mixin.py:190} INFO - ✅message sent
[2025-05-20T03:18:16.289+0000] {logging_mixin.py:190} INFO - ✅message sent
[2025-05-20T03:18:16.345+0000] {logging_mixin.py:190} INFO - ✅message sent
[2025-05-20T03:18:16.400+0000] {logging_mixin.py:190} INFO - ✅message sent
[2025-05-20T03:18:16.454+0000] {logging_mixin.py:190} INFO - ✅message sent
[2025-05-20T03:18:16.508+0000] {logging_mixin.py:190} INFO - ✅message sent
[2025-05-20T03:18:16.564+0000] {logging_mixin.py:190} INFO - ✅message sent
[2025-05-20T03:18:16.615+0000] {logging_mixin.py:190} INFO - ✅message sent
[2025-05-20T03:18:16.672+0000] {logging_mixin.py:190} INFO - ✅message sent
[2025-05-20T03:18:16.727+0000] {logging_mixin.py:190} INFO - ✅message sent
[2025-05-20T03:18:16.781+0000] {logging_mixin.py:190} INFO - ✅message sent
[2025-05-20T03:18:16.835+0000] {logging_mixin.py:190} INFO - ✅message sent
[2025-05-20T03:18:16.886+0000] {logging_mixin.py:190} INFO - ✅message sent
[2025-05-20T03:18:16.939+0000] {logging_mixin.py:190} INFO - ✅message sent
[2025-05-20T03:18:16.992+0000] {logging_mixin.py:190} INFO - ✅message sent
[2025-05-20T03:18:17.046+0000] {logging_mixin.py:190} INFO - ✅message sent
[2025-05-20T03:18:17.103+0000] {logging_mixin.py:190} INFO - ✅message sent
[2025-05-20T03:18:17.158+0000] {logging_mixin.py:190} INFO - ✅message sent
[2025-05-20T03:18:17.213+0000] {logging_mixin.py:190} INFO - ✅message sent
[2025-05-20T03:18:17.268+0000] {logging_mixin.py:190} INFO - ✅message sent
[2025-05-20T03:18:17.323+0000] {logging_mixin.py:190} INFO - ✅message sent
[2025-05-20T03:18:17.377+0000] {logging_mixin.py:190} INFO - ✅message sent
[2025-05-20T03:18:17.431+0000] {logging_mixin.py:190} INFO - ✅message sent
[2025-05-20T03:18:17.487+0000] {logging_mixin.py:190} INFO - ✅message sent
[2025-05-20T03:18:17.544+0000] {logging_mixin.py:190} INFO - ✅message sent
[2025-05-20T03:18:17.600+0000] {logging_mixin.py:190} INFO - ✅message sent
[2025-05-20T03:18:17.654+0000] {logging_mixin.py:190} INFO - ✅message sent
[2025-05-20T03:18:17.708+0000] {logging_mixin.py:190} INFO - ✅message sent
[2025-05-20T03:18:17.762+0000] {logging_mixin.py:190} INFO - ✅message sent
[2025-05-20T03:18:17.820+0000] {logging_mixin.py:190} INFO - ✅message sent
[2025-05-20T03:18:17.875+0000] {logging_mixin.py:190} INFO - ✅message sent
[2025-05-20T03:18:17.933+0000] {logging_mixin.py:190} INFO - ✅message sent
[2025-05-20T03:18:17.989+0000] {logging_mixin.py:190} INFO - ✅message sent
[2025-05-20T03:18:18.045+0000] {logging_mixin.py:190} INFO - ✅message sent
[2025-05-20T03:18:18.101+0000] {logging_mixin.py:190} INFO - ✅message sent
[2025-05-20T03:18:18.157+0000] {logging_mixin.py:190} INFO - ✅message sent
[2025-05-20T03:18:18.219+0000] {logging_mixin.py:190} INFO - ✅message sent
[2025-05-20T03:18:18.271+0000] {logging_mixin.py:190} INFO - ✅message sent
[2025-05-20T03:18:18.325+0000] {logging_mixin.py:190} INFO - ✅message sent
[2025-05-20T03:18:18.381+0000] {logging_mixin.py:190} INFO - ✅message sent
[2025-05-20T03:18:18.434+0000] {logging_mixin.py:190} INFO - ✅message sent
[2025-05-20T03:18:18.487+0000] {logging_mixin.py:190} INFO - ✅message sent
[2025-05-20T03:18:18.544+0000] {logging_mixin.py:190} INFO - ✅message sent
[2025-05-20T03:18:18.600+0000] {logging_mixin.py:190} INFO - ✅message sent
[2025-05-20T03:18:18.655+0000] {logging_mixin.py:190} INFO - ✅message sent
[2025-05-20T03:18:18.710+0000] {logging_mixin.py:190} INFO - ✅message sent
[2025-05-20T03:18:18.765+0000] {logging_mixin.py:190} INFO - ✅message sent
[2025-05-20T03:18:18.820+0000] {logging_mixin.py:190} INFO - ✅message sent
[2025-05-20T03:18:18.877+0000] {logging_mixin.py:190} INFO - ✅message sent
[2025-05-20T03:18:18.932+0000] {logging_mixin.py:190} INFO - ✅message sent
[2025-05-20T03:18:18.987+0000] {logging_mixin.py:190} INFO - ✅message sent
[2025-05-20T03:18:19.044+0000] {logging_mixin.py:190} INFO - ✅message sent
[2025-05-20T03:18:19.098+0000] {logging_mixin.py:190} INFO - ✅message sent
[2025-05-20T03:18:19.155+0000] {logging_mixin.py:190} INFO - ✅message sent
[2025-05-20T03:18:19.211+0000] {logging_mixin.py:190} INFO - ✅message sent
[2025-05-20T03:18:19.270+0000] {logging_mixin.py:190} INFO - ✅message sent
[2025-05-20T03:18:19.325+0000] {logging_mixin.py:190} INFO - ✅message sent
[2025-05-20T03:18:19.380+0000] {logging_mixin.py:190} INFO - ✅message sent
[2025-05-20T03:18:19.434+0000] {logging_mixin.py:190} INFO - ✅message sent
[2025-05-20T03:18:19.488+0000] {logging_mixin.py:190} INFO - ✅message sent
[2025-05-20T03:18:19.543+0000] {logging_mixin.py:190} INFO - ✅message sent
[2025-05-20T03:18:19.598+0000] {logging_mixin.py:190} INFO - ✅message sent
[2025-05-20T03:18:19.655+0000] {logging_mixin.py:190} INFO - ✅message sent
[2025-05-20T03:18:19.709+0000] {logging_mixin.py:190} INFO - ✅message sent
[2025-05-20T03:18:19.762+0000] {logging_mixin.py:190} INFO - ✅message sent
[2025-05-20T03:18:19.815+0000] {logging_mixin.py:190} INFO - ✅message sent
[2025-05-20T03:18:19.867+0000] {logging_mixin.py:190} INFO - ✅message sent
[2025-05-20T03:18:19.920+0000] {logging_mixin.py:190} INFO - ✅message sent
[2025-05-20T03:18:19.973+0000] {logging_mixin.py:190} INFO - ✅message sent
[2025-05-20T03:18:20.025+0000] {logging_mixin.py:190} INFO - ✅message sent
[2025-05-20T03:18:20.079+0000] {logging_mixin.py:190} INFO - ✅message sent
[2025-05-20T03:18:20.136+0000] {logging_mixin.py:190} INFO - ✅message sent
[2025-05-20T03:18:20.191+0000] {logging_mixin.py:190} INFO - ✅message sent
[2025-05-20T03:18:20.246+0000] {logging_mixin.py:190} INFO - ✅message sent
[2025-05-20T03:18:20.300+0000] {logging_mixin.py:190} INFO - ✅message sent
[2025-05-20T03:18:20.357+0000] {logging_mixin.py:190} INFO - ✅message sent
[2025-05-20T03:18:20.413+0000] {logging_mixin.py:190} INFO - ✅message sent
[2025-05-20T03:18:20.469+0000] {logging_mixin.py:190} INFO - ✅message sent
[2025-05-20T03:18:20.522+0000] {logging_mixin.py:190} INFO - ✅message sent
[2025-05-20T03:18:20.578+0000] {logging_mixin.py:190} INFO - ✅message sent
[2025-05-20T03:18:20.632+0000] {logging_mixin.py:190} INFO - ✅message sent
[2025-05-20T03:18:20.688+0000] {logging_mixin.py:190} INFO - ✅message sent
[2025-05-20T03:18:20.744+0000] {logging_mixin.py:190} INFO - ✅message sent
[2025-05-20T03:18:20.797+0000] {logging_mixin.py:190} INFO - ✅message sent
[2025-05-20T03:18:20.851+0000] {logging_mixin.py:190} INFO - ✅message sent
[2025-05-20T03:18:20.904+0000] {logging_mixin.py:190} INFO - ✅message sent
[2025-05-20T03:18:20.957+0000] {logging_mixin.py:190} INFO - ✅message sent
[2025-05-20T03:18:21.010+0000] {logging_mixin.py:190} INFO - ✅message sent
[2025-05-20T03:18:21.063+0000] {logging_mixin.py:190} INFO - ✅message sent
[2025-05-20T03:18:21.116+0000] {logging_mixin.py:190} INFO - ✅message sent
[2025-05-20T03:18:21.170+0000] {logging_mixin.py:190} INFO - ✅message sent
[2025-05-20T03:18:21.223+0000] {logging_mixin.py:190} INFO - ✅message sent
[2025-05-20T03:18:21.277+0000] {logging_mixin.py:190} INFO - ✅message sent
[2025-05-20T03:18:21.332+0000] {logging_mixin.py:190} INFO - ✅message sent
[2025-05-20T03:18:21.388+0000] {logging_mixin.py:190} INFO - ✅message sent
[2025-05-20T03:18:21.443+0000] {logging_mixin.py:190} INFO - ✅message sent
[2025-05-20T03:18:21.494+0000] {logging_mixin.py:190} INFO - ✅message sent
[2025-05-20T03:18:21.547+0000] {logging_mixin.py:190} INFO - ✅message sent
[2025-05-20T03:18:21.599+0000] {logging_mixin.py:190} INFO - ✅message sent
[2025-05-20T03:18:21.652+0000] {logging_mixin.py:190} INFO - ✅message sent
[2025-05-20T03:18:21.704+0000] {logging_mixin.py:190} INFO - ✅message sent
[2025-05-20T03:18:21.758+0000] {logging_mixin.py:190} INFO - ✅message sent
[2025-05-20T03:18:21.811+0000] {logging_mixin.py:190} INFO - ✅message sent
[2025-05-20T03:18:21.864+0000] {logging_mixin.py:190} INFO - ✅message sent
[2025-05-20T03:18:21.919+0000] {logging_mixin.py:190} INFO - ✅message sent
[2025-05-20T03:18:21.975+0000] {logging_mixin.py:190} INFO - ✅message sent
[2025-05-20T03:18:22.032+0000] {logging_mixin.py:190} INFO - ✅message sent
[2025-05-20T03:18:22.088+0000] {logging_mixin.py:190} INFO - ✅message sent
[2025-05-20T03:18:22.143+0000] {logging_mixin.py:190} INFO - ✅message sent
[2025-05-20T03:18:22.199+0000] {logging_mixin.py:190} INFO - ✅message sent
[2025-05-20T03:18:22.257+0000] {logging_mixin.py:190} INFO - ✅message sent
[2025-05-20T03:18:22.312+0000] {logging_mixin.py:190} INFO - ✅message sent
[2025-05-20T03:18:22.365+0000] {logging_mixin.py:190} INFO - ✅message sent
[2025-05-20T03:18:22.419+0000] {logging_mixin.py:190} INFO - ✅message sent
[2025-05-20T03:18:22.472+0000] {logging_mixin.py:190} INFO - ✅message sent
[2025-05-20T03:18:22.528+0000] {logging_mixin.py:190} INFO - ✅message sent
[2025-05-20T03:18:22.582+0000] {logging_mixin.py:190} INFO - ✅message sent
[2025-05-20T03:18:22.636+0000] {logging_mixin.py:190} INFO - ✅message sent
[2025-05-20T03:18:22.691+0000] {logging_mixin.py:190} INFO - ✅message sent
[2025-05-20T03:18:22.746+0000] {logging_mixin.py:190} INFO - ✅message sent
[2025-05-20T03:18:22.802+0000] {logging_mixin.py:190} INFO - ✅message sent
[2025-05-20T03:18:22.858+0000] {logging_mixin.py:190} INFO - ✅message sent
[2025-05-20T03:18:22.910+0000] {logging_mixin.py:190} INFO - ✅message sent
[2025-05-20T03:18:22.963+0000] {logging_mixin.py:190} INFO - ✅message sent
[2025-05-20T03:18:23.015+0000] {logging_mixin.py:190} INFO - ✅message sent
[2025-05-20T03:18:23.069+0000] {logging_mixin.py:190} INFO - ✅message sent
[2025-05-20T03:18:23.122+0000] {logging_mixin.py:190} INFO - ✅message sent
[2025-05-20T03:18:23.174+0000] {logging_mixin.py:190} INFO - ✅message sent
[2025-05-20T03:18:23.226+0000] {logging_mixin.py:190} INFO - ✅message sent
[2025-05-20T03:18:23.278+0000] {logging_mixin.py:190} INFO - ✅message sent
[2025-05-20T03:18:23.331+0000] {logging_mixin.py:190} INFO - ✅message sent
[2025-05-20T03:18:23.382+0000] {logging_mixin.py:190} INFO - ✅message sent
[2025-05-20T03:18:23.433+0000] {logging_mixin.py:190} INFO - ✅message sent
[2025-05-20T03:18:23.484+0000] {logging_mixin.py:190} INFO - ✅message sent
[2025-05-20T03:18:23.536+0000] {logging_mixin.py:190} INFO - ✅message sent
[2025-05-20T03:18:23.590+0000] {logging_mixin.py:190} INFO - ✅message sent
[2025-05-20T03:18:23.643+0000] {logging_mixin.py:190} INFO - ✅message sent
[2025-05-20T03:18:23.697+0000] {logging_mixin.py:190} INFO - ✅message sent
[2025-05-20T03:18:23.748+0000] {logging_mixin.py:190} INFO - ✅message sent
[2025-05-20T03:18:23.800+0000] {logging_mixin.py:190} INFO - ✅message sent
[2025-05-20T03:18:23.852+0000] {logging_mixin.py:190} INFO - ✅message sent
[2025-05-20T03:18:23.903+0000] {logging_mixin.py:190} INFO - ✅message sent
[2025-05-20T03:18:23.963+0000] {logging_mixin.py:190} INFO - ✅message sent
[2025-05-20T03:18:24.014+0000] {logging_mixin.py:190} INFO - ✅message sent
[2025-05-20T03:18:24.067+0000] {logging_mixin.py:190} INFO - ✅message sent
[2025-05-20T03:18:24.118+0000] {logging_mixin.py:190} INFO - ✅message sent
[2025-05-20T03:18:24.169+0000] {logging_mixin.py:190} INFO - ✅message sent
[2025-05-20T03:18:24.221+0000] {logging_mixin.py:190} INFO - ✅message sent
[2025-05-20T03:18:24.273+0000] {logging_mixin.py:190} INFO - ✅message sent
[2025-05-20T03:18:24.326+0000] {logging_mixin.py:190} INFO - ✅message sent
[2025-05-20T03:18:24.378+0000] {logging_mixin.py:190} INFO - ✅message sent
[2025-05-20T03:18:24.430+0000] {logging_mixin.py:190} INFO - ✅message sent
[2025-05-20T03:18:24.483+0000] {logging_mixin.py:190} INFO - ✅message sent
[2025-05-20T03:18:24.536+0000] {logging_mixin.py:190} INFO - ✅message sent
[2025-05-20T03:18:24.589+0000] {logging_mixin.py:190} INFO - ✅message sent
[2025-05-20T03:18:24.642+0000] {logging_mixin.py:190} INFO - ✅message sent
[2025-05-20T03:18:24.693+0000] {logging_mixin.py:190} INFO - ✅message sent
[2025-05-20T03:18:24.748+0000] {logging_mixin.py:190} INFO - ✅message sent
[2025-05-20T03:18:24.800+0000] {logging_mixin.py:190} INFO - ✅message sent
[2025-05-20T03:18:24.853+0000] {logging_mixin.py:190} INFO - ✅message sent
[2025-05-20T03:18:24.905+0000] {logging_mixin.py:190} INFO - ✅message sent
[2025-05-20T03:18:24.957+0000] {logging_mixin.py:190} INFO - ✅message sent
[2025-05-20T03:18:25.011+0000] {logging_mixin.py:190} INFO - ✅message sent
[2025-05-20T03:18:25.067+0000] {logging_mixin.py:190} INFO - ✅message sent
[2025-05-20T03:18:25.121+0000] {logging_mixin.py:190} INFO - ✅message sent
[2025-05-20T03:18:25.174+0000] {logging_mixin.py:190} INFO - ✅message sent
[2025-05-20T03:18:25.228+0000] {logging_mixin.py:190} INFO - ✅message sent
[2025-05-20T03:18:25.285+0000] {logging_mixin.py:190} INFO - ✅message sent
[2025-05-20T03:18:25.345+0000] {logging_mixin.py:190} INFO - ✅message sent
[2025-05-20T03:18:25.401+0000] {logging_mixin.py:190} INFO - ✅message sent
[2025-05-20T03:18:25.456+0000] {logging_mixin.py:190} INFO - ✅message sent
[2025-05-20T03:18:25.509+0000] {logging_mixin.py:190} INFO - ✅message sent
[2025-05-20T03:18:25.564+0000] {logging_mixin.py:190} INFO - ✅message sent
[2025-05-20T03:18:25.616+0000] {logging_mixin.py:190} INFO - ✅message sent
[2025-05-20T03:18:25.668+0000] {logging_mixin.py:190} INFO - ✅message sent
[2025-05-20T03:18:25.721+0000] {logging_mixin.py:190} INFO - ✅message sent
[2025-05-20T03:18:25.774+0000] {logging_mixin.py:190} INFO - ✅message sent
[2025-05-20T03:18:25.829+0000] {logging_mixin.py:190} INFO - ✅message sent
[2025-05-20T03:18:25.885+0000] {logging_mixin.py:190} INFO - ✅message sent
[2025-05-20T03:18:25.937+0000] {logging_mixin.py:190} INFO - ✅message sent
[2025-05-20T03:18:25.990+0000] {logging_mixin.py:190} INFO - ✅message sent
[2025-05-20T03:18:26.043+0000] {logging_mixin.py:190} INFO - ✅message sent
[2025-05-20T03:18:26.096+0000] {logging_mixin.py:190} INFO - ✅message sent
[2025-05-20T03:18:26.151+0000] {logging_mixin.py:190} INFO - ✅message sent
[2025-05-20T03:18:26.207+0000] {logging_mixin.py:190} INFO - ✅message sent
[2025-05-20T03:18:26.263+0000] {logging_mixin.py:190} INFO - ✅message sent
[2025-05-20T03:18:26.321+0000] {logging_mixin.py:190} INFO - ✅message sent
[2025-05-20T03:18:26.376+0000] {logging_mixin.py:190} INFO - ✅message sent
[2025-05-20T03:18:26.433+0000] {logging_mixin.py:190} INFO - ✅message sent
[2025-05-20T03:18:26.487+0000] {logging_mixin.py:190} INFO - ✅message sent
[2025-05-20T03:18:26.542+0000] {logging_mixin.py:190} INFO - ✅message sent
[2025-05-20T03:18:26.595+0000] {logging_mixin.py:190} INFO - ✅message sent
[2025-05-20T03:18:26.647+0000] {logging_mixin.py:190} INFO - ✅message sent
[2025-05-20T03:18:26.700+0000] {logging_mixin.py:190} INFO - ✅message sent
[2025-05-20T03:18:26.755+0000] {logging_mixin.py:190} INFO - ✅message sent
[2025-05-20T03:18:26.809+0000] {logging_mixin.py:190} INFO - ✅message sent
[2025-05-20T03:18:26.862+0000] {logging_mixin.py:190} INFO - ✅message sent
[2025-05-20T03:18:26.917+0000] {logging_mixin.py:190} INFO - ✅message sent
[2025-05-20T03:18:26.971+0000] {logging_mixin.py:190} INFO - ✅message sent
[2025-05-20T03:18:27.026+0000] {logging_mixin.py:190} INFO - ✅message sent
[2025-05-20T03:18:27.084+0000] {logging_mixin.py:190} INFO - ✅message sent
[2025-05-20T03:18:27.140+0000] {logging_mixin.py:190} INFO - ✅message sent
[2025-05-20T03:18:27.196+0000] {logging_mixin.py:190} INFO - ✅message sent
[2025-05-20T03:18:27.253+0000] {logging_mixin.py:190} INFO - ✅message sent
[2025-05-20T03:18:27.309+0000] {logging_mixin.py:190} INFO - ✅message sent
[2025-05-20T03:18:27.364+0000] {logging_mixin.py:190} INFO - ✅message sent
[2025-05-20T03:18:27.421+0000] {logging_mixin.py:190} INFO - ✅message sent
[2025-05-20T03:18:27.473+0000] {logging_mixin.py:190} INFO - ✅message sent
[2025-05-20T03:18:27.528+0000] {logging_mixin.py:190} INFO - ✅message sent
[2025-05-20T03:18:27.584+0000] {logging_mixin.py:190} INFO - ✅message sent
[2025-05-20T03:18:27.638+0000] {logging_mixin.py:190} INFO - ✅message sent
[2025-05-20T03:18:27.697+0000] {logging_mixin.py:190} INFO - ✅message sent
[2025-05-20T03:18:27.751+0000] {logging_mixin.py:190} INFO - ✅message sent
[2025-05-20T03:18:27.806+0000] {logging_mixin.py:190} INFO - ✅message sent
[2025-05-20T03:18:27.861+0000] {logging_mixin.py:190} INFO - ✅message sent
[2025-05-20T03:18:27.918+0000] {logging_mixin.py:190} INFO - ✅message sent
[2025-05-20T03:18:27.974+0000] {logging_mixin.py:190} INFO - ✅message sent
[2025-05-20T03:18:28.030+0000] {logging_mixin.py:190} INFO - ✅message sent
[2025-05-20T03:18:28.085+0000] {logging_mixin.py:190} INFO - ✅message sent
[2025-05-20T03:18:28.142+0000] {logging_mixin.py:190} INFO - ✅message sent
[2025-05-20T03:18:28.197+0000] {logging_mixin.py:190} INFO - ✅message sent
[2025-05-20T03:18:28.254+0000] {logging_mixin.py:190} INFO - ✅message sent
[2025-05-20T03:18:28.307+0000] {logging_mixin.py:190} INFO - ✅message sent
[2025-05-20T03:18:28.362+0000] {logging_mixin.py:190} INFO - ✅message sent
[2025-05-20T03:18:28.418+0000] {logging_mixin.py:190} INFO - ✅message sent
[2025-05-20T03:18:28.474+0000] {logging_mixin.py:190} INFO - ✅message sent
[2025-05-20T03:18:28.527+0000] {logging_mixin.py:190} INFO - ✅message sent
[2025-05-20T03:18:28.583+0000] {logging_mixin.py:190} INFO - ✅message sent
[2025-05-20T03:18:28.638+0000] {logging_mixin.py:190} INFO - ✅message sent
[2025-05-20T03:18:28.694+0000] {logging_mixin.py:190} INFO - ✅message sent
[2025-05-20T03:18:28.748+0000] {logging_mixin.py:190} INFO - ✅message sent
[2025-05-20T03:18:28.802+0000] {logging_mixin.py:190} INFO - ✅message sent
[2025-05-20T03:18:28.858+0000] {logging_mixin.py:190} INFO - ✅message sent
[2025-05-20T03:18:28.915+0000] {logging_mixin.py:190} INFO - ✅message sent
[2025-05-20T03:18:28.968+0000] {logging_mixin.py:190} INFO - ✅message sent
[2025-05-20T03:18:29.021+0000] {logging_mixin.py:190} INFO - ✅message sent
[2025-05-20T03:18:29.074+0000] {logging_mixin.py:190} INFO - ✅message sent
[2025-05-20T03:18:29.126+0000] {logging_mixin.py:190} INFO - ✅message sent
[2025-05-20T03:18:29.179+0000] {logging_mixin.py:190} INFO - ✅message sent
[2025-05-20T03:18:29.243+0000] {logging_mixin.py:190} INFO - ✅message sent
[2025-05-20T03:18:29.300+0000] {logging_mixin.py:190} INFO - ✅message sent
[2025-05-20T03:18:29.357+0000] {logging_mixin.py:190} INFO - ✅message sent
[2025-05-20T03:18:29.413+0000] {logging_mixin.py:190} INFO - ✅message sent
[2025-05-20T03:18:29.469+0000] {logging_mixin.py:190} INFO - ✅message sent
[2025-05-20T03:18:29.524+0000] {logging_mixin.py:190} INFO - ✅message sent
[2025-05-20T03:18:29.579+0000] {logging_mixin.py:190} INFO - ✅message sent
[2025-05-20T03:18:29.634+0000] {logging_mixin.py:190} INFO - ✅message sent
[2025-05-20T03:18:29.689+0000] {logging_mixin.py:190} INFO - ✅message sent
[2025-05-20T03:18:29.746+0000] {logging_mixin.py:190} INFO - ✅message sent
[2025-05-20T03:18:29.802+0000] {logging_mixin.py:190} INFO - ✅message sent
[2025-05-20T03:18:29.858+0000] {logging_mixin.py:190} INFO - ✅message sent
[2025-05-20T03:18:29.911+0000] {logging_mixin.py:190} INFO - ✅message sent
[2025-05-20T03:18:29.967+0000] {logging_mixin.py:190} INFO - ✅message sent
[2025-05-20T03:18:30.026+0000] {logging_mixin.py:190} INFO - ✅message sent
[2025-05-20T03:18:30.083+0000] {logging_mixin.py:190} INFO - ✅message sent
[2025-05-20T03:18:30.148+0000] {logging_mixin.py:190} INFO - ✅message sent
[2025-05-20T03:18:30.201+0000] {logging_mixin.py:190} INFO - ✅message sent
[2025-05-20T03:18:30.255+0000] {logging_mixin.py:190} INFO - ✅message sent
[2025-05-20T03:18:30.311+0000] {logging_mixin.py:190} INFO - ✅message sent
[2025-05-20T03:18:30.366+0000] {logging_mixin.py:190} INFO - ✅message sent
[2025-05-20T03:18:30.421+0000] {logging_mixin.py:190} INFO - ✅message sent
[2025-05-20T03:18:30.477+0000] {logging_mixin.py:190} INFO - ✅message sent
[2025-05-20T03:18:30.531+0000] {logging_mixin.py:190} INFO - ✅message sent
[2025-05-20T03:18:30.583+0000] {logging_mixin.py:190} INFO - ✅message sent
[2025-05-20T03:18:30.636+0000] {logging_mixin.py:190} INFO - ✅message sent
[2025-05-20T03:18:30.692+0000] {logging_mixin.py:190} INFO - ✅message sent
[2025-05-20T03:18:30.748+0000] {logging_mixin.py:190} INFO - ✅message sent
[2025-05-20T03:18:30.804+0000] {logging_mixin.py:190} INFO - ✅message sent
[2025-05-20T03:18:30.859+0000] {logging_mixin.py:190} INFO - ✅message sent
[2025-05-20T03:18:30.916+0000] {logging_mixin.py:190} INFO - ✅message sent
[2025-05-20T03:18:30.972+0000] {logging_mixin.py:190} INFO - ✅message sent
[2025-05-20T03:18:31.027+0000] {logging_mixin.py:190} INFO - ✅message sent
[2025-05-20T03:18:31.082+0000] {logging_mixin.py:190} INFO - ✅message sent
[2025-05-20T03:18:31.139+0000] {logging_mixin.py:190} INFO - ✅message sent
[2025-05-20T03:18:31.195+0000] {logging_mixin.py:190} INFO - ✅message sent
[2025-05-20T03:18:31.250+0000] {logging_mixin.py:190} INFO - ✅message sent
[2025-05-20T03:18:31.305+0000] {logging_mixin.py:190} INFO - ✅message sent
[2025-05-20T03:18:31.361+0000] {logging_mixin.py:190} INFO - ✅message sent
[2025-05-20T03:18:31.416+0000] {logging_mixin.py:190} INFO - ✅message sent
[2025-05-20T03:18:31.470+0000] {logging_mixin.py:190} INFO - ✅message sent
[2025-05-20T03:18:31.523+0000] {logging_mixin.py:190} INFO - ✅message sent
[2025-05-20T03:18:31.576+0000] {logging_mixin.py:190} INFO - ✅message sent
[2025-05-20T03:18:31.629+0000] {logging_mixin.py:190} INFO - ✅message sent
[2025-05-20T03:18:31.680+0000] {logging_mixin.py:190} INFO - ✅message sent
[2025-05-20T03:18:31.734+0000] {logging_mixin.py:190} INFO - ✅message sent
[2025-05-20T03:18:31.787+0000] {logging_mixin.py:190} INFO - ✅message sent
[2025-05-20T03:18:31.844+0000] {logging_mixin.py:190} INFO - ✅message sent
[2025-05-20T03:18:31.898+0000] {logging_mixin.py:190} INFO - ✅message sent
[2025-05-20T03:18:31.951+0000] {logging_mixin.py:190} INFO - ✅message sent
[2025-05-20T03:18:32.009+0000] {logging_mixin.py:190} INFO - ✅message sent
[2025-05-20T03:18:32.061+0000] {logging_mixin.py:190} INFO - ✅message sent
[2025-05-20T03:18:32.114+0000] {logging_mixin.py:190} INFO - ✅message sent
[2025-05-20T03:18:32.168+0000] {logging_mixin.py:190} INFO - ✅message sent
[2025-05-20T03:18:32.227+0000] {logging_mixin.py:190} INFO - ✅message sent
[2025-05-20T03:18:32.283+0000] {logging_mixin.py:190} INFO - ✅message sent
[2025-05-20T03:18:32.334+0000] {logging_mixin.py:190} INFO - ✅message sent
[2025-05-20T03:18:32.385+0000] {logging_mixin.py:190} INFO - ✅message sent
[2025-05-20T03:18:32.438+0000] {logging_mixin.py:190} INFO - ✅message sent
[2025-05-20T03:18:32.493+0000] {logging_mixin.py:190} INFO - ✅message sent
[2025-05-20T03:18:32.550+0000] {logging_mixin.py:190} INFO - ✅message sent
[2025-05-20T03:18:32.607+0000] {logging_mixin.py:190} INFO - ✅message sent
[2025-05-20T03:18:32.661+0000] {logging_mixin.py:190} INFO - ✅message sent
[2025-05-20T03:18:32.720+0000] {logging_mixin.py:190} INFO - ✅message sent
[2025-05-20T03:18:32.771+0000] {logging_mixin.py:190} INFO - ✅message sent
[2025-05-20T03:18:32.828+0000] {logging_mixin.py:190} INFO - ✅message sent
[2025-05-20T03:18:32.884+0000] {logging_mixin.py:190} INFO - ✅message sent
[2025-05-20T03:18:32.939+0000] {logging_mixin.py:190} INFO - ✅message sent
[2025-05-20T03:18:32.992+0000] {logging_mixin.py:190} INFO - ✅message sent
[2025-05-20T03:18:33.044+0000] {logging_mixin.py:190} INFO - ✅message sent
[2025-05-20T03:18:33.095+0000] {logging_mixin.py:190} INFO - ✅message sent
[2025-05-20T03:18:33.148+0000] {logging_mixin.py:190} INFO - ✅message sent
[2025-05-20T03:18:33.201+0000] {logging_mixin.py:190} INFO - ✅message sent
[2025-05-20T03:18:33.252+0000] {logging_mixin.py:190} INFO - ✅message sent
[2025-05-20T03:18:33.306+0000] {logging_mixin.py:190} INFO - ✅message sent
[2025-05-20T03:18:33.372+0000] {logging_mixin.py:190} INFO - ✅message sent
[2025-05-20T03:18:33.461+0000] {logging_mixin.py:190} INFO - ✅message sent
[2025-05-20T03:18:33.514+0000] {logging_mixin.py:190} INFO - ✅message sent
[2025-05-20T03:18:33.568+0000] {logging_mixin.py:190} INFO - ✅message sent
[2025-05-20T03:18:33.624+0000] {logging_mixin.py:190} INFO - ✅message sent
[2025-05-20T03:18:33.679+0000] {logging_mixin.py:190} INFO - ✅message sent
[2025-05-20T03:18:33.734+0000] {logging_mixin.py:190} INFO - ✅message sent
[2025-05-20T03:18:33.790+0000] {logging_mixin.py:190} INFO - ✅message sent
[2025-05-20T03:18:33.845+0000] {logging_mixin.py:190} INFO - ✅message sent
[2025-05-20T03:18:33.900+0000] {logging_mixin.py:190} INFO - ✅message sent
[2025-05-20T03:18:33.957+0000] {logging_mixin.py:190} INFO - ✅message sent
[2025-05-20T03:18:34.014+0000] {logging_mixin.py:190} INFO - ✅message sent
[2025-05-20T03:18:34.073+0000] {logging_mixin.py:190} INFO - ✅message sent
[2025-05-20T03:18:34.129+0000] {logging_mixin.py:190} INFO - ✅message sent
[2025-05-20T03:18:34.185+0000] {logging_mixin.py:190} INFO - ✅message sent
[2025-05-20T03:18:34.241+0000] {logging_mixin.py:190} INFO - ✅message sent
[2025-05-20T03:18:34.297+0000] {logging_mixin.py:190} INFO - ✅message sent
[2025-05-20T03:18:34.350+0000] {logging_mixin.py:190} INFO - ✅message sent
[2025-05-20T03:18:34.405+0000] {logging_mixin.py:190} INFO - ✅message sent
[2025-05-20T03:18:34.461+0000] {logging_mixin.py:190} INFO - ✅message sent
[2025-05-20T03:18:34.515+0000] {logging_mixin.py:190} INFO - ✅message sent
[2025-05-20T03:18:34.569+0000] {logging_mixin.py:190} INFO - ✅message sent
[2025-05-20T03:18:34.623+0000] {logging_mixin.py:190} INFO - ✅message sent
[2025-05-20T03:18:34.678+0000] {logging_mixin.py:190} INFO - ✅message sent
[2025-05-20T03:18:34.739+0000] {logging_mixin.py:190} INFO - ✅message sent
[2025-05-20T03:18:34.795+0000] {logging_mixin.py:190} INFO - ✅message sent
[2025-05-20T03:18:34.851+0000] {logging_mixin.py:190} INFO - ✅message sent
[2025-05-20T03:18:34.906+0000] {logging_mixin.py:190} INFO - ✅message sent
[2025-05-20T03:18:34.962+0000] {logging_mixin.py:190} INFO - ✅message sent
[2025-05-20T03:18:35.014+0000] {logging_mixin.py:190} INFO - ✅message sent
[2025-05-20T03:18:35.066+0000] {logging_mixin.py:190} INFO - ✅message sent
[2025-05-20T03:18:35.118+0000] {logging_mixin.py:190} INFO - ✅message sent
[2025-05-20T03:18:35.171+0000] {logging_mixin.py:190} INFO - ✅message sent
[2025-05-20T03:18:35.225+0000] {logging_mixin.py:190} INFO - ✅message sent
[2025-05-20T03:18:35.281+0000] {logging_mixin.py:190} INFO - ✅message sent
[2025-05-20T03:18:35.339+0000] {logging_mixin.py:190} INFO - ✅message sent
[2025-05-20T03:18:35.395+0000] {logging_mixin.py:190} INFO - ✅message sent
[2025-05-20T03:18:35.451+0000] {logging_mixin.py:190} INFO - ✅message sent
[2025-05-20T03:18:35.508+0000] {logging_mixin.py:190} INFO - ✅message sent
[2025-05-20T03:18:35.565+0000] {logging_mixin.py:190} INFO - ✅message sent
[2025-05-20T03:18:35.618+0000] {logging_mixin.py:190} INFO - ✅message sent
[2025-05-20T03:18:35.670+0000] {logging_mixin.py:190} INFO - ✅message sent
[2025-05-20T03:18:35.722+0000] {logging_mixin.py:190} INFO - ✅message sent
[2025-05-20T03:18:35.774+0000] {logging_mixin.py:190} INFO - ✅message sent
[2025-05-20T03:18:35.830+0000] {logging_mixin.py:190} INFO - ✅message sent
[2025-05-20T03:18:35.885+0000] {logging_mixin.py:190} INFO - ✅message sent
[2025-05-20T03:18:35.941+0000] {logging_mixin.py:190} INFO - ✅message sent
[2025-05-20T03:18:35.996+0000] {logging_mixin.py:190} INFO - ✅message sent
[2025-05-20T03:18:36.049+0000] {logging_mixin.py:190} INFO - ✅message sent
[2025-05-20T03:18:36.103+0000] {logging_mixin.py:190} INFO - ✅message sent
[2025-05-20T03:18:36.162+0000] {logging_mixin.py:190} INFO - ✅message sent
[2025-05-20T03:18:36.217+0000] {logging_mixin.py:190} INFO - ✅message sent
[2025-05-20T03:18:36.276+0000] {logging_mixin.py:190} INFO - ✅message sent
[2025-05-20T03:18:36.335+0000] {logging_mixin.py:190} INFO - ✅message sent
[2025-05-20T03:18:36.391+0000] {logging_mixin.py:190} INFO - ✅message sent
[2025-05-20T03:18:36.446+0000] {logging_mixin.py:190} INFO - ✅message sent
[2025-05-20T03:18:36.501+0000] {logging_mixin.py:190} INFO - ✅message sent
[2025-05-20T03:18:36.556+0000] {logging_mixin.py:190} INFO - ✅message sent
[2025-05-20T03:18:36.609+0000] {logging_mixin.py:190} INFO - ✅message sent
[2025-05-20T03:18:36.664+0000] {logging_mixin.py:190} INFO - ✅message sent
[2025-05-20T03:18:36.723+0000] {logging_mixin.py:190} INFO - ✅message sent
[2025-05-20T03:18:36.781+0000] {logging_mixin.py:190} INFO - ✅message sent
[2025-05-20T03:18:36.841+0000] {logging_mixin.py:190} INFO - ✅message sent
[2025-05-20T03:18:36.901+0000] {logging_mixin.py:190} INFO - ✅message sent
[2025-05-20T03:18:36.961+0000] {logging_mixin.py:190} INFO - ✅message sent
[2025-05-20T03:18:37.018+0000] {logging_mixin.py:190} INFO - ✅message sent
[2025-05-20T03:18:37.076+0000] {logging_mixin.py:190} INFO - ✅message sent
[2025-05-20T03:18:37.134+0000] {logging_mixin.py:190} INFO - ✅message sent
[2025-05-20T03:18:37.189+0000] {logging_mixin.py:190} INFO - ✅message sent
[2025-05-20T03:18:37.244+0000] {logging_mixin.py:190} INFO - ✅message sent
[2025-05-20T03:18:37.300+0000] {logging_mixin.py:190} INFO - ✅message sent
[2025-05-20T03:18:37.355+0000] {logging_mixin.py:190} INFO - ✅message sent
[2025-05-20T03:18:37.411+0000] {logging_mixin.py:190} INFO - ✅message sent
[2025-05-20T03:18:37.468+0000] {logging_mixin.py:190} INFO - ✅message sent
[2025-05-20T03:18:37.522+0000] {logging_mixin.py:190} INFO - ✅message sent
[2025-05-20T03:18:37.576+0000] {logging_mixin.py:190} INFO - ✅message sent
[2025-05-20T03:18:37.633+0000] {logging_mixin.py:190} INFO - ✅message sent
[2025-05-20T03:18:37.689+0000] {logging_mixin.py:190} INFO - ✅message sent
[2025-05-20T03:18:37.743+0000] {logging_mixin.py:190} INFO - ✅message sent
[2025-05-20T03:18:37.800+0000] {logging_mixin.py:190} INFO - ✅message sent
[2025-05-20T03:18:37.856+0000] {logging_mixin.py:190} INFO - ✅message sent
[2025-05-20T03:18:37.910+0000] {logging_mixin.py:190} INFO - ✅message sent
[2025-05-20T03:18:37.967+0000] {logging_mixin.py:190} INFO - ✅message sent
[2025-05-20T03:18:38.022+0000] {logging_mixin.py:190} INFO - ✅message sent
[2025-05-20T03:18:38.074+0000] {logging_mixin.py:190} INFO - ✅message sent
[2025-05-20T03:18:38.127+0000] {logging_mixin.py:190} INFO - ✅message sent
[2025-05-20T03:18:38.181+0000] {logging_mixin.py:190} INFO - ✅message sent
[2025-05-20T03:18:38.235+0000] {logging_mixin.py:190} INFO - ✅message sent
[2025-05-20T03:18:38.287+0000] {logging_mixin.py:190} INFO - ✅message sent
[2025-05-20T03:18:38.339+0000] {logging_mixin.py:190} INFO - ✅message sent
[2025-05-20T03:18:38.395+0000] {logging_mixin.py:190} INFO - ✅message sent
[2025-05-20T03:18:38.452+0000] {logging_mixin.py:190} INFO - ✅message sent
[2025-05-20T03:18:38.507+0000] {logging_mixin.py:190} INFO - ✅message sent
[2025-05-20T03:18:38.561+0000] {logging_mixin.py:190} INFO - ✅message sent
[2025-05-20T03:18:38.615+0000] {logging_mixin.py:190} INFO - ✅message sent
[2025-05-20T03:18:38.672+0000] {logging_mixin.py:190} INFO - ✅message sent
[2025-05-20T03:18:38.729+0000] {logging_mixin.py:190} INFO - ✅message sent
[2025-05-20T03:18:38.785+0000] {logging_mixin.py:190} INFO - ✅message sent
[2025-05-20T03:18:38.837+0000] {logging_mixin.py:190} INFO - ✅message sent
[2025-05-20T03:18:38.898+0000] {logging_mixin.py:190} INFO - ✅message sent
[2025-05-20T03:18:38.952+0000] {logging_mixin.py:190} INFO - ✅message sent
[2025-05-20T03:18:39.005+0000] {logging_mixin.py:190} INFO - ✅message sent
[2025-05-20T03:18:39.059+0000] {logging_mixin.py:190} INFO - ✅message sent
[2025-05-20T03:18:39.113+0000] {logging_mixin.py:190} INFO - ✅message sent
[2025-05-20T03:18:39.165+0000] {logging_mixin.py:190} INFO - ✅message sent
[2025-05-20T03:18:39.217+0000] {logging_mixin.py:190} INFO - ✅message sent
[2025-05-20T03:18:39.270+0000] {logging_mixin.py:190} INFO - ✅message sent
[2025-05-20T03:18:39.323+0000] {logging_mixin.py:190} INFO - ✅message sent
[2025-05-20T03:18:39.378+0000] {logging_mixin.py:190} INFO - ✅message sent
[2025-05-20T03:18:39.433+0000] {logging_mixin.py:190} INFO - ✅message sent
[2025-05-20T03:18:39.489+0000] {logging_mixin.py:190} INFO - ✅message sent
[2025-05-20T03:18:39.544+0000] {logging_mixin.py:190} INFO - ✅message sent
[2025-05-20T03:18:39.598+0000] {logging_mixin.py:190} INFO - ✅message sent
[2025-05-20T03:18:39.652+0000] {logging_mixin.py:190} INFO - ✅message sent
[2025-05-20T03:18:39.708+0000] {logging_mixin.py:190} INFO - ✅message sent
[2025-05-20T03:18:39.764+0000] {logging_mixin.py:190} INFO - ✅message sent
[2025-05-20T03:18:39.821+0000] {logging_mixin.py:190} INFO - ✅message sent
[2025-05-20T03:18:39.876+0000] {logging_mixin.py:190} INFO - ✅message sent
[2025-05-20T03:18:39.931+0000] {logging_mixin.py:190} INFO - ✅message sent
[2025-05-20T03:18:39.987+0000] {logging_mixin.py:190} INFO - ✅message sent
[2025-05-20T03:18:40.044+0000] {logging_mixin.py:190} INFO - ✅message sent
[2025-05-20T03:18:40.099+0000] {logging_mixin.py:190} INFO - ✅message sent
[2025-05-20T03:18:40.151+0000] {logging_mixin.py:190} INFO - ✅message sent
[2025-05-20T03:18:40.206+0000] {logging_mixin.py:190} INFO - ✅message sent
[2025-05-20T03:18:40.261+0000] {logging_mixin.py:190} INFO - ✅message sent
[2025-05-20T03:18:40.317+0000] {logging_mixin.py:190} INFO - ✅message sent
[2025-05-20T03:18:40.373+0000] {logging_mixin.py:190} INFO - ✅message sent
[2025-05-20T03:18:40.429+0000] {logging_mixin.py:190} INFO - ✅message sent
[2025-05-20T03:18:40.487+0000] {logging_mixin.py:190} INFO - ✅message sent
[2025-05-20T03:18:40.545+0000] {logging_mixin.py:190} INFO - ✅message sent
[2025-05-20T03:18:40.601+0000] {logging_mixin.py:190} INFO - ✅message sent
[2025-05-20T03:18:40.657+0000] {logging_mixin.py:190} INFO - ✅message sent
[2025-05-20T03:18:40.710+0000] {logging_mixin.py:190} INFO - ✅message sent
[2025-05-20T03:18:40.765+0000] {logging_mixin.py:190} INFO - ✅message sent
[2025-05-20T03:18:40.820+0000] {logging_mixin.py:190} INFO - ✅message sent
[2025-05-20T03:18:40.876+0000] {logging_mixin.py:190} INFO - ✅message sent
[2025-05-20T03:18:40.932+0000] {logging_mixin.py:190} INFO - ✅message sent
[2025-05-20T03:18:40.988+0000] {logging_mixin.py:190} INFO - ✅message sent
[2025-05-20T03:18:41.044+0000] {logging_mixin.py:190} INFO - ✅message sent
[2025-05-20T03:18:41.097+0000] {logging_mixin.py:190} INFO - ✅message sent
[2025-05-20T03:18:41.149+0000] {logging_mixin.py:190} INFO - ✅message sent
[2025-05-20T03:18:41.204+0000] {logging_mixin.py:190} INFO - ✅message sent
[2025-05-20T03:18:41.256+0000] {logging_mixin.py:190} INFO - ✅message sent
[2025-05-20T03:18:41.311+0000] {logging_mixin.py:190} INFO - ✅message sent
[2025-05-20T03:18:41.365+0000] {logging_mixin.py:190} INFO - ✅message sent
[2025-05-20T03:18:41.422+0000] {conn.py:945} INFO - <BrokerConnection client_id=kafka-python-producer-1, node_id=1 host=172.16.24.224:9092 <connected> [IPv4 ('172.16.24.224', 9092)]>: Closing connection. 
[2025-05-20T03:18:41.424+0000] {python.py:240} INFO - Done. Returned value was: None
[2025-05-20T03:18:41.439+0000] {taskinstance.py:340} INFO - ::group::Post task execution logs
[2025-05-20T03:18:41.440+0000] {taskinstance.py:352} INFO - Marking task as SUCCESS. dag_id=kafka_to_minio_to_spark, task_id=kafka_producer, run_id=scheduled__2025-05-20T01:00:00+00:00, execution_date=20250520T010000, start_date=20250520T031746, end_date=20250520T031841
[2025-05-20T03:18:41.485+0000] {local_task_job_runner.py:266} INFO - Task exited with return code 0
[2025-05-20T03:18:41.495+0000] {taskinstance.py:3900} INFO - 1 downstream tasks scheduled from follow-on schedule check
[2025-05-20T03:18:41.496+0000] {local_task_job_runner.py:245} INFO - ::endgroup::
