[2025-05-20T05:21:52.009+0000] {local_task_job_runner.py:123} INFO - ::group::Pre task execution logs
[2025-05-20T05:21:52.015+0000] {taskinstance.py:2612} INFO - Dependencies all met for dep_context=non-requeueable deps ti=<TaskInstance: kafka_to_minio_to_spark.kafka_producer scheduled__2025-05-20T01:00:00+00:00 [queued]>
[2025-05-20T05:21:52.018+0000] {taskinstance.py:2612} INFO - Dependencies all met for dep_context=requeueable deps ti=<TaskInstance: kafka_to_minio_to_spark.kafka_producer scheduled__2025-05-20T01:00:00+00:00 [queued]>
[2025-05-20T05:21:52.018+0000] {taskinstance.py:2865} INFO - Starting attempt 4 of 5
[2025-05-20T05:21:52.022+0000] {taskinstance.py:2888} INFO - Executing <Task(PythonOperator): kafka_producer> on 2025-05-20 01:00:00+00:00
[2025-05-20T05:21:52.024+0000] {standard_task_runner.py:72} INFO - Started process 1561 to run task
[2025-05-20T05:21:52.026+0000] {standard_task_runner.py:104} INFO - Running: ['***', 'tasks', 'run', 'kafka_to_minio_to_spark', 'kafka_producer', 'scheduled__2025-05-20T01:00:00+00:00', '--job-id', '128', '--raw', '--subdir', 'DAGS_FOLDER/testlog_ml.py', '--cfg-path', '/tmp/tmp4bfmmt2f']
[2025-05-20T05:21:52.027+0000] {standard_task_runner.py:105} INFO - Job 128: Subtask kafka_producer
[2025-05-20T05:21:52.045+0000] {task_command.py:467} INFO - Running <TaskInstance: kafka_to_minio_to_spark.kafka_producer scheduled__2025-05-20T01:00:00+00:00 [running]> on host 91a46f1a1993
[2025-05-20T05:21:52.163+0000] {taskinstance.py:3131} INFO - Exporting env vars: AIRFLOW_CTX_DAG_OWNER='***' AIRFLOW_CTX_DAG_ID='kafka_to_minio_to_spark' AIRFLOW_CTX_TASK_ID='kafka_producer' AIRFLOW_CTX_EXECUTION_DATE='2025-05-20T01:00:00+00:00' AIRFLOW_CTX_TRY_NUMBER='4' AIRFLOW_CTX_DAG_RUN_ID='scheduled__2025-05-20T01:00:00+00:00'
[2025-05-20T05:21:52.163+0000] {taskinstance.py:731} INFO - ::endgroup::
[2025-05-20T05:21:52.169+0000] {conn.py:396} INFO - <BrokerConnection client_id=kafka-python-producer-1, node_id=bootstrap-0 host=host.docker.internal:9092 <connecting> [IPv4 ('192.168.65.254', 9092)]>: connecting to host.docker.internal:9092 [('192.168.65.254', 9092) IPv4]
[2025-05-20T05:21:52.173+0000] {conn.py:618} INFO - <BrokerConnection client_id=kafka-python-producer-1, node_id=bootstrap-0 host=host.docker.internal:9092 <checking_api_versions_recv> [IPv4 ('192.168.65.254', 9092)]>: Broker version identified as 2.6
[2025-05-20T05:21:52.173+0000] {conn.py:457} INFO - <BrokerConnection client_id=kafka-python-producer-1, node_id=bootstrap-0 host=host.docker.internal:9092 <connected> [IPv4 ('192.168.65.254', 9092)]>: Connection complete.
[2025-05-20T05:21:52.281+0000] {conn.py:396} INFO - <BrokerConnection client_id=kafka-python-producer-1, node_id=1 host=172.16.24.224:9092 <connecting> [IPv4 ('172.16.24.224', 9092)]>: connecting to 172.16.24.224:9092 [('172.16.24.224', 9092) IPv4]
[2025-05-20T05:21:52.282+0000] {conn.py:457} INFO - <BrokerConnection client_id=kafka-python-producer-1, node_id=1 host=172.16.24.224:9092 <connected> [IPv4 ('172.16.24.224', 9092)]>: Connection complete.
[2025-05-20T05:21:52.283+0000] {conn.py:945} INFO - <BrokerConnection client_id=kafka-python-producer-1, node_id=bootstrap-0 host=host.docker.internal:9092 <connected> [IPv4 ('192.168.65.254', 9092)]>: Closing connection. 
[2025-05-20T05:21:52.289+0000] {logging_mixin.py:190} INFO - 💌message is sending....
[2025-05-20T05:21:52.341+0000] {logging_mixin.py:190} INFO - 💌message is sending....
[2025-05-20T05:21:52.393+0000] {logging_mixin.py:190} INFO - 💌message is sending....
[2025-05-20T05:21:52.448+0000] {logging_mixin.py:190} INFO - 💌message is sending....
[2025-05-20T05:21:52.507+0000] {logging_mixin.py:190} INFO - 💌message is sending....
[2025-05-20T05:21:52.563+0000] {logging_mixin.py:190} INFO - 💌message is sending....
[2025-05-20T05:21:52.622+0000] {logging_mixin.py:190} INFO - 💌message is sending....
[2025-05-20T05:21:52.674+0000] {logging_mixin.py:190} INFO - 💌message is sending....
[2025-05-20T05:21:52.727+0000] {logging_mixin.py:190} INFO - 💌message is sending....
[2025-05-20T05:21:52.780+0000] {logging_mixin.py:190} INFO - 💌message is sending....
[2025-05-20T05:21:52.832+0000] {logging_mixin.py:190} INFO - 💌message is sending....
[2025-05-20T05:21:52.886+0000] {logging_mixin.py:190} INFO - 💌message is sending....
[2025-05-20T05:21:52.939+0000] {logging_mixin.py:190} INFO - 💌message is sending....
[2025-05-20T05:21:52.993+0000] {logging_mixin.py:190} INFO - 💌message is sending....
[2025-05-20T05:21:53.048+0000] {logging_mixin.py:190} INFO - 💌message is sending....
[2025-05-20T05:21:53.105+0000] {logging_mixin.py:190} INFO - 💌message is sending....
[2025-05-20T05:21:53.161+0000] {logging_mixin.py:190} INFO - 💌message is sending....
[2025-05-20T05:21:53.217+0000] {logging_mixin.py:190} INFO - 💌message is sending....
[2025-05-20T05:21:53.272+0000] {logging_mixin.py:190} INFO - 💌message is sending....
[2025-05-20T05:21:53.327+0000] {logging_mixin.py:190} INFO - 💌message is sending....
[2025-05-20T05:21:53.384+0000] {logging_mixin.py:190} INFO - 💌message is sending....
[2025-05-20T05:21:53.442+0000] {logging_mixin.py:190} INFO - 💌message is sending....
[2025-05-20T05:21:53.498+0000] {logging_mixin.py:190} INFO - 💌message is sending....
[2025-05-20T05:21:53.555+0000] {logging_mixin.py:190} INFO - 💌message is sending....
[2025-05-20T05:21:53.609+0000] {logging_mixin.py:190} INFO - 💌message is sending....
[2025-05-20T05:21:53.666+0000] {logging_mixin.py:190} INFO - 💌message is sending....
[2025-05-20T05:21:53.723+0000] {logging_mixin.py:190} INFO - 💌message is sending....
[2025-05-20T05:21:53.780+0000] {logging_mixin.py:190} INFO - 💌message is sending....
[2025-05-20T05:21:53.838+0000] {logging_mixin.py:190} INFO - 💌message is sending....
[2025-05-20T05:21:53.892+0000] {logging_mixin.py:190} INFO - 💌message is sending....
[2025-05-20T05:21:53.949+0000] {logging_mixin.py:190} INFO - 💌message is sending....
[2025-05-20T05:21:54.003+0000] {logging_mixin.py:190} INFO - 💌message is sending....
[2025-05-20T05:21:54.059+0000] {logging_mixin.py:190} INFO - 💌message is sending....
[2025-05-20T05:21:54.116+0000] {logging_mixin.py:190} INFO - 💌message is sending....
[2025-05-20T05:21:54.170+0000] {logging_mixin.py:190} INFO - 💌message is sending....
[2025-05-20T05:21:54.224+0000] {logging_mixin.py:190} INFO - 💌message is sending....
[2025-05-20T05:21:54.278+0000] {logging_mixin.py:190} INFO - 💌message is sending....
[2025-05-20T05:21:54.332+0000] {logging_mixin.py:190} INFO - 💌message is sending....
[2025-05-20T05:21:54.386+0000] {logging_mixin.py:190} INFO - 💌message is sending....
[2025-05-20T05:21:54.443+0000] {logging_mixin.py:190} INFO - 💌message is sending....
[2025-05-20T05:21:54.499+0000] {logging_mixin.py:190} INFO - 💌message is sending....
[2025-05-20T05:21:54.559+0000] {logging_mixin.py:190} INFO - 💌message is sending....
[2025-05-20T05:21:54.612+0000] {logging_mixin.py:190} INFO - 💌message is sending....
[2025-05-20T05:21:54.668+0000] {logging_mixin.py:190} INFO - 💌message is sending....
[2025-05-20T05:21:54.723+0000] {logging_mixin.py:190} INFO - 💌message is sending....
[2025-05-20T05:21:54.779+0000] {logging_mixin.py:190} INFO - 💌message is sending....
[2025-05-20T05:21:54.833+0000] {logging_mixin.py:190} INFO - 💌message is sending....
[2025-05-20T05:21:54.889+0000] {logging_mixin.py:190} INFO - 💌message is sending....
[2025-05-20T05:21:54.943+0000] {logging_mixin.py:190} INFO - 💌message is sending....
[2025-05-20T05:21:54.995+0000] {logging_mixin.py:190} INFO - 💌message is sending....
[2025-05-20T05:21:55.048+0000] {logging_mixin.py:190} INFO - 💌message is sending....
[2025-05-20T05:21:55.103+0000] {logging_mixin.py:190} INFO - 💌message is sending....
[2025-05-20T05:21:55.159+0000] {logging_mixin.py:190} INFO - 💌message is sending....
[2025-05-20T05:21:55.216+0000] {logging_mixin.py:190} INFO - 💌message is sending....
[2025-05-20T05:21:55.274+0000] {logging_mixin.py:190} INFO - 💌message is sending....
[2025-05-20T05:21:55.325+0000] {logging_mixin.py:190} INFO - 💌message is sending....
[2025-05-20T05:21:55.378+0000] {logging_mixin.py:190} INFO - 💌message is sending....
[2025-05-20T05:21:55.431+0000] {logging_mixin.py:190} INFO - 💌message is sending....
[2025-05-20T05:21:55.484+0000] {logging_mixin.py:190} INFO - 💌message is sending....
[2025-05-20T05:21:55.536+0000] {logging_mixin.py:190} INFO - 💌message is sending....
[2025-05-20T05:21:55.593+0000] {logging_mixin.py:190} INFO - 💌message is sending....
[2025-05-20T05:21:55.647+0000] {logging_mixin.py:190} INFO - 💌message is sending....
[2025-05-20T05:21:55.701+0000] {logging_mixin.py:190} INFO - 💌message is sending....
[2025-05-20T05:21:55.758+0000] {logging_mixin.py:190} INFO - 💌message is sending....
[2025-05-20T05:21:55.813+0000] {logging_mixin.py:190} INFO - 💌message is sending....
[2025-05-20T05:21:55.865+0000] {logging_mixin.py:190} INFO - 💌message is sending....
[2025-05-20T05:21:55.918+0000] {logging_mixin.py:190} INFO - 💌message is sending....
[2025-05-20T05:21:55.973+0000] {logging_mixin.py:190} INFO - 💌message is sending....
[2025-05-20T05:21:56.029+0000] {logging_mixin.py:190} INFO - 💌message is sending....
[2025-05-20T05:21:56.085+0000] {logging_mixin.py:190} INFO - 💌message is sending....
[2025-05-20T05:21:56.141+0000] {logging_mixin.py:190} INFO - 💌message is sending....
[2025-05-20T05:21:56.199+0000] {logging_mixin.py:190} INFO - 💌message is sending....
[2025-05-20T05:21:56.256+0000] {logging_mixin.py:190} INFO - 💌message is sending....
[2025-05-20T05:21:56.310+0000] {logging_mixin.py:190} INFO - 💌message is sending....
[2025-05-20T05:21:56.366+0000] {logging_mixin.py:190} INFO - 💌message is sending....
[2025-05-20T05:21:56.423+0000] {logging_mixin.py:190} INFO - 💌message is sending....
[2025-05-20T05:21:56.480+0000] {logging_mixin.py:190} INFO - 💌message is sending....
[2025-05-20T05:21:56.535+0000] {logging_mixin.py:190} INFO - 💌message is sending....
[2025-05-20T05:21:56.589+0000] {logging_mixin.py:190} INFO - 💌message is sending....
[2025-05-20T05:21:56.640+0000] {logging_mixin.py:190} INFO - 💌message is sending....
[2025-05-20T05:21:56.692+0000] {logging_mixin.py:190} INFO - 💌message is sending....
[2025-05-20T05:21:56.744+0000] {logging_mixin.py:190} INFO - 💌message is sending....
[2025-05-20T05:21:56.796+0000] {logging_mixin.py:190} INFO - 💌message is sending....
[2025-05-20T05:21:56.852+0000] {logging_mixin.py:190} INFO - 💌message is sending....
[2025-05-20T05:21:56.905+0000] {logging_mixin.py:190} INFO - 💌message is sending....
[2025-05-20T05:21:56.963+0000] {logging_mixin.py:190} INFO - 💌message is sending....
[2025-05-20T05:21:57.015+0000] {logging_mixin.py:190} INFO - 💌message is sending....
[2025-05-20T05:21:57.067+0000] {logging_mixin.py:190} INFO - 💌message is sending....
[2025-05-20T05:21:57.122+0000] {logging_mixin.py:190} INFO - 💌message is sending....
[2025-05-20T05:21:57.173+0000] {logging_mixin.py:190} INFO - 💌message is sending....
[2025-05-20T05:21:57.224+0000] {logging_mixin.py:190} INFO - 💌message is sending....
[2025-05-20T05:21:57.276+0000] {logging_mixin.py:190} INFO - 💌message is sending....
[2025-05-20T05:21:57.330+0000] {logging_mixin.py:190} INFO - 💌message is sending....
[2025-05-20T05:21:57.390+0000] {logging_mixin.py:190} INFO - 💌message is sending....
[2025-05-20T05:21:57.447+0000] {logging_mixin.py:190} INFO - 💌message is sending....
[2025-05-20T05:21:57.506+0000] {logging_mixin.py:190} INFO - 💌message is sending....
[2025-05-20T05:21:57.561+0000] {logging_mixin.py:190} INFO - 💌message is sending....
[2025-05-20T05:21:57.615+0000] {logging_mixin.py:190} INFO - 💌message is sending....
[2025-05-20T05:21:57.667+0000] {logging_mixin.py:190} INFO - 💌message is sending....
[2025-05-20T05:21:57.720+0000] {logging_mixin.py:190} INFO - 💌message is sending....
[2025-05-20T05:21:57.774+0000] {logging_mixin.py:190} INFO - 💌message is sending....
[2025-05-20T05:21:57.832+0000] {logging_mixin.py:190} INFO - 💌message is sending....
[2025-05-20T05:21:57.888+0000] {logging_mixin.py:190} INFO - 💌message is sending....
[2025-05-20T05:21:57.945+0000] {logging_mixin.py:190} INFO - 💌message is sending....
[2025-05-20T05:21:58.000+0000] {logging_mixin.py:190} INFO - 💌message is sending....
[2025-05-20T05:21:58.056+0000] {logging_mixin.py:190} INFO - 💌message is sending....
[2025-05-20T05:21:58.112+0000] {logging_mixin.py:190} INFO - 💌message is sending....
[2025-05-20T05:21:58.166+0000] {logging_mixin.py:190} INFO - 💌message is sending....
[2025-05-20T05:21:58.225+0000] {logging_mixin.py:190} INFO - 💌message is sending....
[2025-05-20T05:21:58.282+0000] {logging_mixin.py:190} INFO - 💌message is sending....
[2025-05-20T05:21:58.340+0000] {logging_mixin.py:190} INFO - 💌message is sending....
[2025-05-20T05:21:58.398+0000] {logging_mixin.py:190} INFO - 💌message is sending....
[2025-05-20T05:21:58.450+0000] {logging_mixin.py:190} INFO - 💌message is sending....
[2025-05-20T05:21:58.503+0000] {logging_mixin.py:190} INFO - 💌message is sending....
[2025-05-20T05:21:58.557+0000] {logging_mixin.py:190} INFO - 💌message is sending....
[2025-05-20T05:21:58.609+0000] {logging_mixin.py:190} INFO - 💌message is sending....
[2025-05-20T05:21:58.662+0000] {logging_mixin.py:190} INFO - 💌message is sending....
[2025-05-20T05:21:58.713+0000] {logging_mixin.py:190} INFO - 💌message is sending....
[2025-05-20T05:21:58.765+0000] {logging_mixin.py:190} INFO - 💌message is sending....
[2025-05-20T05:21:58.820+0000] {logging_mixin.py:190} INFO - 💌message is sending....
[2025-05-20T05:21:58.873+0000] {logging_mixin.py:190} INFO - 💌message is sending....
[2025-05-20T05:21:58.925+0000] {logging_mixin.py:190} INFO - 💌message is sending....
[2025-05-20T05:21:58.983+0000] {logging_mixin.py:190} INFO - 💌message is sending....
[2025-05-20T05:21:59.039+0000] {logging_mixin.py:190} INFO - 💌message is sending....
[2025-05-20T05:21:59.096+0000] {logging_mixin.py:190} INFO - 💌message is sending....
[2025-05-20T05:21:59.150+0000] {logging_mixin.py:190} INFO - 💌message is sending....
[2025-05-20T05:21:59.208+0000] {logging_mixin.py:190} INFO - 💌message is sending....
[2025-05-20T05:21:59.262+0000] {logging_mixin.py:190} INFO - 💌message is sending....
[2025-05-20T05:21:59.317+0000] {logging_mixin.py:190} INFO - 💌message is sending....
[2025-05-20T05:21:59.373+0000] {logging_mixin.py:190} INFO - 💌message is sending....
[2025-05-20T05:21:59.428+0000] {logging_mixin.py:190} INFO - 💌message is sending....
[2025-05-20T05:21:59.484+0000] {logging_mixin.py:190} INFO - 💌message is sending....
[2025-05-20T05:21:59.539+0000] {logging_mixin.py:190} INFO - 💌message is sending....
[2025-05-20T05:21:59.599+0000] {logging_mixin.py:190} INFO - 💌message is sending....
[2025-05-20T05:21:59.653+0000] {logging_mixin.py:190} INFO - 💌message is sending....
[2025-05-20T05:21:59.705+0000] {logging_mixin.py:190} INFO - 💌message is sending....
[2025-05-20T05:21:59.757+0000] {logging_mixin.py:190} INFO - 💌message is sending....
[2025-05-20T05:21:59.812+0000] {logging_mixin.py:190} INFO - 💌message is sending....
[2025-05-20T05:21:59.866+0000] {logging_mixin.py:190} INFO - 💌message is sending....
[2025-05-20T05:21:59.922+0000] {logging_mixin.py:190} INFO - 💌message is sending....
[2025-05-20T05:21:59.977+0000] {logging_mixin.py:190} INFO - 💌message is sending....
[2025-05-20T05:22:00.035+0000] {logging_mixin.py:190} INFO - 💌message is sending....
[2025-05-20T05:22:00.088+0000] {logging_mixin.py:190} INFO - 💌message is sending....
[2025-05-20T05:22:00.143+0000] {logging_mixin.py:190} INFO - 💌message is sending....
[2025-05-20T05:22:00.198+0000] {logging_mixin.py:190} INFO - 💌message is sending....
[2025-05-20T05:22:00.254+0000] {logging_mixin.py:190} INFO - 💌message is sending....
[2025-05-20T05:22:00.309+0000] {logging_mixin.py:190} INFO - 💌message is sending....
[2025-05-20T05:22:00.366+0000] {logging_mixin.py:190} INFO - 💌message is sending....
[2025-05-20T05:22:00.422+0000] {logging_mixin.py:190} INFO - 💌message is sending....
[2025-05-20T05:22:00.477+0000] {logging_mixin.py:190} INFO - 💌message is sending....
[2025-05-20T05:22:00.533+0000] {logging_mixin.py:190} INFO - 💌message is sending....
[2025-05-20T05:22:00.590+0000] {logging_mixin.py:190} INFO - 💌message is sending....
[2025-05-20T05:22:00.649+0000] {logging_mixin.py:190} INFO - 💌message is sending....
[2025-05-20T05:22:00.702+0000] {logging_mixin.py:190} INFO - 💌message is sending....
[2025-05-20T05:22:00.756+0000] {logging_mixin.py:190} INFO - 💌message is sending....
[2025-05-20T05:22:00.807+0000] {logging_mixin.py:190} INFO - 💌message is sending....
[2025-05-20T05:22:00.862+0000] {logging_mixin.py:190} INFO - 💌message is sending....
[2025-05-20T05:22:00.916+0000] {logging_mixin.py:190} INFO - 💌message is sending....
[2025-05-20T05:22:00.972+0000] {logging_mixin.py:190} INFO - 💌message is sending....
[2025-05-20T05:22:01.027+0000] {logging_mixin.py:190} INFO - 💌message is sending....
[2025-05-20T05:22:01.084+0000] {logging_mixin.py:190} INFO - 💌message is sending....
[2025-05-20T05:22:01.138+0000] {logging_mixin.py:190} INFO - 💌message is sending....
[2025-05-20T05:22:01.194+0000] {logging_mixin.py:190} INFO - 💌message is sending....
[2025-05-20T05:22:01.251+0000] {logging_mixin.py:190} INFO - 💌message is sending....
[2025-05-20T05:22:01.307+0000] {logging_mixin.py:190} INFO - 💌message is sending....
[2025-05-20T05:22:01.363+0000] {logging_mixin.py:190} INFO - 💌message is sending....
[2025-05-20T05:22:01.417+0000] {logging_mixin.py:190} INFO - 💌message is sending....
[2025-05-20T05:22:01.469+0000] {logging_mixin.py:190} INFO - 💌message is sending....
[2025-05-20T05:22:01.522+0000] {logging_mixin.py:190} INFO - 💌message is sending....
[2025-05-20T05:22:01.575+0000] {logging_mixin.py:190} INFO - 💌message is sending....
[2025-05-20T05:22:01.630+0000] {logging_mixin.py:190} INFO - 💌message is sending....
[2025-05-20T05:22:01.684+0000] {logging_mixin.py:190} INFO - 💌message is sending....
[2025-05-20T05:22:01.738+0000] {logging_mixin.py:190} INFO - 💌message is sending....
[2025-05-20T05:22:01.794+0000] {logging_mixin.py:190} INFO - 💌message is sending....
[2025-05-20T05:22:01.849+0000] {logging_mixin.py:190} INFO - 💌message is sending....
[2025-05-20T05:22:01.904+0000] {logging_mixin.py:190} INFO - 💌message is sending....
[2025-05-20T05:22:01.957+0000] {logging_mixin.py:190} INFO - 💌message is sending....
[2025-05-20T05:22:02.010+0000] {logging_mixin.py:190} INFO - 💌message is sending....
[2025-05-20T05:22:02.066+0000] {logging_mixin.py:190} INFO - 💌message is sending....
[2025-05-20T05:22:02.120+0000] {logging_mixin.py:190} INFO - 💌message is sending....
[2025-05-20T05:22:02.174+0000] {logging_mixin.py:190} INFO - 💌message is sending....
[2025-05-20T05:22:02.227+0000] {logging_mixin.py:190} INFO - 💌message is sending....
[2025-05-20T05:22:02.278+0000] {logging_mixin.py:190} INFO - 💌message is sending....
[2025-05-20T05:22:02.330+0000] {logging_mixin.py:190} INFO - 💌message is sending....
[2025-05-20T05:22:02.386+0000] {logging_mixin.py:190} INFO - 💌message is sending....
[2025-05-20T05:22:02.438+0000] {logging_mixin.py:190} INFO - 💌message is sending....
[2025-05-20T05:22:02.489+0000] {logging_mixin.py:190} INFO - 💌message is sending....
[2025-05-20T05:22:02.541+0000] {logging_mixin.py:190} INFO - 💌message is sending....
[2025-05-20T05:22:02.595+0000] {logging_mixin.py:190} INFO - 💌message is sending....
[2025-05-20T05:22:02.647+0000] {logging_mixin.py:190} INFO - 💌message is sending....
[2025-05-20T05:22:02.699+0000] {logging_mixin.py:190} INFO - 💌message is sending....
[2025-05-20T05:22:02.753+0000] {logging_mixin.py:190} INFO - 💌message is sending....
[2025-05-20T05:22:02.808+0000] {logging_mixin.py:190} INFO - 💌message is sending....
[2025-05-20T05:22:02.863+0000] {logging_mixin.py:190} INFO - 💌message is sending....
[2025-05-20T05:22:02.916+0000] {logging_mixin.py:190} INFO - 💌message is sending....
[2025-05-20T05:22:02.968+0000] {logging_mixin.py:190} INFO - 💌message is sending....
[2025-05-20T05:22:03.024+0000] {logging_mixin.py:190} INFO - 💌message is sending....
[2025-05-20T05:22:03.079+0000] {logging_mixin.py:190} INFO - 💌message is sending....
[2025-05-20T05:22:03.130+0000] {logging_mixin.py:190} INFO - 💌message is sending....
[2025-05-20T05:22:03.184+0000] {logging_mixin.py:190} INFO - 💌message is sending....
[2025-05-20T05:22:03.238+0000] {logging_mixin.py:190} INFO - 💌message is sending....
[2025-05-20T05:22:03.290+0000] {logging_mixin.py:190} INFO - 💌message is sending....
[2025-05-20T05:22:03.341+0000] {logging_mixin.py:190} INFO - 💌message is sending....
[2025-05-20T05:22:03.396+0000] {logging_mixin.py:190} INFO - 💌message is sending....
[2025-05-20T05:22:03.449+0000] {logging_mixin.py:190} INFO - 💌message is sending....
[2025-05-20T05:22:03.505+0000] {logging_mixin.py:190} INFO - 💌message is sending....
[2025-05-20T05:22:03.562+0000] {logging_mixin.py:190} INFO - 💌message is sending....
[2025-05-20T05:22:03.619+0000] {logging_mixin.py:190} INFO - 💌message is sending....
[2025-05-20T05:22:03.676+0000] {logging_mixin.py:190} INFO - 💌message is sending....
[2025-05-20T05:22:03.731+0000] {logging_mixin.py:190} INFO - 💌message is sending....
[2025-05-20T05:22:03.785+0000] {logging_mixin.py:190} INFO - 💌message is sending....
[2025-05-20T05:22:03.841+0000] {logging_mixin.py:190} INFO - 💌message is sending....
[2025-05-20T05:22:03.897+0000] {logging_mixin.py:190} INFO - 💌message is sending....
[2025-05-20T05:22:03.955+0000] {logging_mixin.py:190} INFO - 💌message is sending....
[2025-05-20T05:22:04.010+0000] {logging_mixin.py:190} INFO - 💌message is sending....
[2025-05-20T05:22:04.063+0000] {logging_mixin.py:190} INFO - 💌message is sending....
[2025-05-20T05:22:04.117+0000] {logging_mixin.py:190} INFO - 💌message is sending....
[2025-05-20T05:22:04.174+0000] {logging_mixin.py:190} INFO - 💌message is sending....
[2025-05-20T05:22:04.229+0000] {logging_mixin.py:190} INFO - 💌message is sending....
[2025-05-20T05:22:04.286+0000] {logging_mixin.py:190} INFO - 💌message is sending....
[2025-05-20T05:22:04.343+0000] {logging_mixin.py:190} INFO - 💌message is sending....
[2025-05-20T05:22:04.399+0000] {logging_mixin.py:190} INFO - 💌message is sending....
[2025-05-20T05:22:04.454+0000] {logging_mixin.py:190} INFO - 💌message is sending....
[2025-05-20T05:22:04.507+0000] {logging_mixin.py:190} INFO - 💌message is sending....
[2025-05-20T05:22:04.559+0000] {logging_mixin.py:190} INFO - 💌message is sending....
[2025-05-20T05:22:04.612+0000] {logging_mixin.py:190} INFO - 💌message is sending....
[2025-05-20T05:22:04.666+0000] {logging_mixin.py:190} INFO - 💌message is sending....
[2025-05-20T05:22:04.723+0000] {logging_mixin.py:190} INFO - 💌message is sending....
[2025-05-20T05:22:04.780+0000] {logging_mixin.py:190} INFO - 💌message is sending....
[2025-05-20T05:22:04.836+0000] {logging_mixin.py:190} INFO - 💌message is sending....
[2025-05-20T05:22:04.891+0000] {logging_mixin.py:190} INFO - 💌message is sending....
[2025-05-20T05:22:04.947+0000] {logging_mixin.py:190} INFO - 💌message is sending....
[2025-05-20T05:22:05.003+0000] {logging_mixin.py:190} INFO - 💌message is sending....
[2025-05-20T05:22:05.057+0000] {logging_mixin.py:190} INFO - 💌message is sending....
[2025-05-20T05:22:05.109+0000] {logging_mixin.py:190} INFO - 💌message is sending....
[2025-05-20T05:22:05.165+0000] {logging_mixin.py:190} INFO - 💌message is sending....
[2025-05-20T05:22:05.221+0000] {logging_mixin.py:190} INFO - 💌message is sending....
[2025-05-20T05:22:05.278+0000] {logging_mixin.py:190} INFO - 💌message is sending....
[2025-05-20T05:22:05.334+0000] {logging_mixin.py:190} INFO - 💌message is sending....
[2025-05-20T05:22:05.391+0000] {logging_mixin.py:190} INFO - 💌message is sending....
[2025-05-20T05:22:05.444+0000] {logging_mixin.py:190} INFO - 💌message is sending....
[2025-05-20T05:22:05.498+0000] {logging_mixin.py:190} INFO - 💌message is sending....
[2025-05-20T05:22:05.558+0000] {logging_mixin.py:190} INFO - 💌message is sending....
[2025-05-20T05:22:05.615+0000] {logging_mixin.py:190} INFO - 💌message is sending....
[2025-05-20T05:22:05.671+0000] {logging_mixin.py:190} INFO - 💌message is sending....
[2025-05-20T05:22:05.726+0000] {logging_mixin.py:190} INFO - 💌message is sending....
[2025-05-20T05:22:05.778+0000] {logging_mixin.py:190} INFO - 💌message is sending....
[2025-05-20T05:22:05.832+0000] {logging_mixin.py:190} INFO - 💌message is sending....
[2025-05-20T05:22:05.884+0000] {logging_mixin.py:190} INFO - 💌message is sending....
[2025-05-20T05:22:05.940+0000] {logging_mixin.py:190} INFO - 💌message is sending....
[2025-05-20T05:22:05.993+0000] {logging_mixin.py:190} INFO - 💌message is sending....
[2025-05-20T05:22:06.045+0000] {logging_mixin.py:190} INFO - 💌message is sending....
[2025-05-20T05:22:06.102+0000] {logging_mixin.py:190} INFO - 💌message is sending....
[2025-05-20T05:22:06.160+0000] {logging_mixin.py:190} INFO - 💌message is sending....
[2025-05-20T05:22:06.215+0000] {logging_mixin.py:190} INFO - 💌message is sending....
[2025-05-20T05:22:06.271+0000] {logging_mixin.py:190} INFO - 💌message is sending....
[2025-05-20T05:22:06.326+0000] {logging_mixin.py:190} INFO - 💌message is sending....
[2025-05-20T05:22:06.384+0000] {logging_mixin.py:190} INFO - 💌message is sending....
[2025-05-20T05:22:06.441+0000] {logging_mixin.py:190} INFO - 💌message is sending....
[2025-05-20T05:22:06.496+0000] {logging_mixin.py:190} INFO - 💌message is sending....
[2025-05-20T05:22:06.552+0000] {logging_mixin.py:190} INFO - 💌message is sending....
[2025-05-20T05:22:06.606+0000] {logging_mixin.py:190} INFO - 💌message is sending....
[2025-05-20T05:22:06.660+0000] {logging_mixin.py:190} INFO - 💌message is sending....
[2025-05-20T05:22:06.713+0000] {logging_mixin.py:190} INFO - 💌message is sending....
[2025-05-20T05:22:06.765+0000] {logging_mixin.py:190} INFO - 💌message is sending....
[2025-05-20T05:22:06.818+0000] {logging_mixin.py:190} INFO - 💌message is sending....
[2025-05-20T05:22:06.872+0000] {logging_mixin.py:190} INFO - 💌message is sending....
[2025-05-20T05:22:06.927+0000] {logging_mixin.py:190} INFO - 💌message is sending....
[2025-05-20T05:22:06.982+0000] {logging_mixin.py:190} INFO - 💌message is sending....
[2025-05-20T05:22:07.036+0000] {logging_mixin.py:190} INFO - 💌message is sending....
[2025-05-20T05:22:07.088+0000] {logging_mixin.py:190} INFO - 💌message is sending....
[2025-05-20T05:22:07.142+0000] {logging_mixin.py:190} INFO - 💌message is sending....
[2025-05-20T05:22:07.194+0000] {logging_mixin.py:190} INFO - 💌message is sending....
[2025-05-20T05:22:07.247+0000] {logging_mixin.py:190} INFO - 💌message is sending....
[2025-05-20T05:22:07.301+0000] {logging_mixin.py:190} INFO - 💌message is sending....
[2025-05-20T05:22:07.356+0000] {logging_mixin.py:190} INFO - 💌message is sending....
[2025-05-20T05:22:07.414+0000] {logging_mixin.py:190} INFO - 💌message is sending....
[2025-05-20T05:22:07.471+0000] {logging_mixin.py:190} INFO - 💌message is sending....
[2025-05-20T05:22:07.531+0000] {logging_mixin.py:190} INFO - 💌message is sending....
[2025-05-20T05:22:07.585+0000] {logging_mixin.py:190} INFO - 💌message is sending....
[2025-05-20T05:22:07.637+0000] {logging_mixin.py:190} INFO - 💌message is sending....
[2025-05-20T05:22:07.692+0000] {logging_mixin.py:190} INFO - 💌message is sending....
[2025-05-20T05:22:07.744+0000] {logging_mixin.py:190} INFO - 💌message is sending....
[2025-05-20T05:22:07.797+0000] {logging_mixin.py:190} INFO - 💌message is sending....
[2025-05-20T05:22:07.851+0000] {logging_mixin.py:190} INFO - 💌message is sending....
[2025-05-20T05:22:07.906+0000] {logging_mixin.py:190} INFO - 💌message is sending....
[2025-05-20T05:22:07.962+0000] {logging_mixin.py:190} INFO - 💌message is sending....
[2025-05-20T05:22:08.016+0000] {logging_mixin.py:190} INFO - 💌message is sending....
[2025-05-20T05:22:08.073+0000] {logging_mixin.py:190} INFO - 💌message is sending....
[2025-05-20T05:22:08.126+0000] {logging_mixin.py:190} INFO - 💌message is sending....
[2025-05-20T05:22:08.179+0000] {logging_mixin.py:190} INFO - 💌message is sending....
[2025-05-20T05:22:08.236+0000] {logging_mixin.py:190} INFO - 💌message is sending....
[2025-05-20T05:22:08.291+0000] {logging_mixin.py:190} INFO - 💌message is sending....
[2025-05-20T05:22:08.347+0000] {logging_mixin.py:190} INFO - 💌message is sending....
[2025-05-20T05:22:08.408+0000] {logging_mixin.py:190} INFO - 💌message is sending....
[2025-05-20T05:22:08.463+0000] {logging_mixin.py:190} INFO - 💌message is sending....
[2025-05-20T05:22:08.520+0000] {logging_mixin.py:190} INFO - 💌message is sending....
[2025-05-20T05:22:08.577+0000] {logging_mixin.py:190} INFO - 💌message is sending....
[2025-05-20T05:22:08.632+0000] {logging_mixin.py:190} INFO - 💌message is sending....
[2025-05-20T05:22:08.687+0000] {logging_mixin.py:190} INFO - 💌message is sending....
[2025-05-20T05:22:08.740+0000] {logging_mixin.py:190} INFO - 💌message is sending....
[2025-05-20T05:22:08.792+0000] {logging_mixin.py:190} INFO - 💌message is sending....
[2025-05-20T05:22:08.844+0000] {logging_mixin.py:190} INFO - 💌message is sending....
[2025-05-20T05:22:08.900+0000] {logging_mixin.py:190} INFO - 💌message is sending....
[2025-05-20T05:22:08.955+0000] {logging_mixin.py:190} INFO - 💌message is sending....
[2025-05-20T05:22:09.011+0000] {logging_mixin.py:190} INFO - 💌message is sending....
[2025-05-20T05:22:09.066+0000] {logging_mixin.py:190} INFO - 💌message is sending....
[2025-05-20T05:22:09.123+0000] {logging_mixin.py:190} INFO - 💌message is sending....
[2025-05-20T05:22:09.179+0000] {logging_mixin.py:190} INFO - 💌message is sending....
[2025-05-20T05:22:09.232+0000] {logging_mixin.py:190} INFO - 💌message is sending....
[2025-05-20T05:22:09.287+0000] {logging_mixin.py:190} INFO - 💌message is sending....
[2025-05-20T05:22:09.343+0000] {logging_mixin.py:190} INFO - 💌message is sending....
[2025-05-20T05:22:09.395+0000] {logging_mixin.py:190} INFO - 💌message is sending....
[2025-05-20T05:22:09.451+0000] {logging_mixin.py:190} INFO - 💌message is sending....
[2025-05-20T05:22:09.504+0000] {logging_mixin.py:190} INFO - 💌message is sending....
[2025-05-20T05:22:09.555+0000] {logging_mixin.py:190} INFO - 💌message is sending....
[2025-05-20T05:22:09.610+0000] {logging_mixin.py:190} INFO - 💌message is sending....
[2025-05-20T05:22:09.663+0000] {logging_mixin.py:190} INFO - 💌message is sending....
[2025-05-20T05:22:09.715+0000] {logging_mixin.py:190} INFO - 💌message is sending....
[2025-05-20T05:22:09.768+0000] {logging_mixin.py:190} INFO - 💌message is sending....
[2025-05-20T05:22:09.819+0000] {logging_mixin.py:190} INFO - 💌message is sending....
[2025-05-20T05:22:09.872+0000] {logging_mixin.py:190} INFO - 💌message is sending....
[2025-05-20T05:22:09.928+0000] {logging_mixin.py:190} INFO - 💌message is sending....
[2025-05-20T05:22:09.983+0000] {logging_mixin.py:190} INFO - 💌message is sending....
[2025-05-20T05:22:10.035+0000] {logging_mixin.py:190} INFO - 💌message is sending....
[2025-05-20T05:22:10.090+0000] {logging_mixin.py:190} INFO - 💌message is sending....
[2025-05-20T05:22:10.142+0000] {logging_mixin.py:190} INFO - 💌message is sending....
[2025-05-20T05:22:10.194+0000] {logging_mixin.py:190} INFO - 💌message is sending....
[2025-05-20T05:22:10.248+0000] {logging_mixin.py:190} INFO - 💌message is sending....
[2025-05-20T05:22:10.302+0000] {logging_mixin.py:190} INFO - 💌message is sending....
[2025-05-20T05:22:10.353+0000] {logging_mixin.py:190} INFO - 💌message is sending....
[2025-05-20T05:22:10.405+0000] {logging_mixin.py:190} INFO - 💌message is sending....
[2025-05-20T05:22:10.461+0000] {logging_mixin.py:190} INFO - 💌message is sending....
[2025-05-20T05:22:10.514+0000] {logging_mixin.py:190} INFO - 💌message is sending....
[2025-05-20T05:22:10.565+0000] {logging_mixin.py:190} INFO - 💌message is sending....
[2025-05-20T05:22:10.616+0000] {logging_mixin.py:190} INFO - 💌message is sending....
[2025-05-20T05:22:10.672+0000] {logging_mixin.py:190} INFO - 💌message is sending....
[2025-05-20T05:22:10.723+0000] {logging_mixin.py:190} INFO - 💌message is sending....
[2025-05-20T05:22:10.775+0000] {logging_mixin.py:190} INFO - 💌message is sending....
[2025-05-20T05:22:10.829+0000] {logging_mixin.py:190} INFO - 💌message is sending....
[2025-05-20T05:22:10.880+0000] {logging_mixin.py:190} INFO - 💌message is sending....
[2025-05-20T05:22:10.934+0000] {logging_mixin.py:190} INFO - 💌message is sending....
[2025-05-20T05:22:10.986+0000] {logging_mixin.py:190} INFO - 💌message is sending....
[2025-05-20T05:22:11.038+0000] {logging_mixin.py:190} INFO - 💌message is sending....
[2025-05-20T05:22:11.094+0000] {logging_mixin.py:190} INFO - 💌message is sending....
[2025-05-20T05:22:11.152+0000] {logging_mixin.py:190} INFO - 💌message is sending....
[2025-05-20T05:22:11.209+0000] {logging_mixin.py:190} INFO - 💌message is sending....
[2025-05-20T05:22:11.264+0000] {logging_mixin.py:190} INFO - 💌message is sending....
[2025-05-20T05:22:11.322+0000] {logging_mixin.py:190} INFO - 💌message is sending....
[2025-05-20T05:22:11.379+0000] {logging_mixin.py:190} INFO - 💌message is sending....
[2025-05-20T05:22:11.436+0000] {logging_mixin.py:190} INFO - 💌message is sending....
[2025-05-20T05:22:11.491+0000] {logging_mixin.py:190} INFO - 💌message is sending....
[2025-05-20T05:22:11.549+0000] {logging_mixin.py:190} INFO - 💌message is sending....
[2025-05-20T05:22:11.605+0000] {logging_mixin.py:190} INFO - 💌message is sending....
[2025-05-20T05:22:11.659+0000] {logging_mixin.py:190} INFO - 💌message is sending....
[2025-05-20T05:22:11.714+0000] {logging_mixin.py:190} INFO - 💌message is sending....
[2025-05-20T05:22:11.769+0000] {logging_mixin.py:190} INFO - 💌message is sending....
[2025-05-20T05:22:11.824+0000] {logging_mixin.py:190} INFO - 💌message is sending....
[2025-05-20T05:22:11.878+0000] {logging_mixin.py:190} INFO - 💌message is sending....
[2025-05-20T05:22:11.932+0000] {logging_mixin.py:190} INFO - 💌message is sending....
[2025-05-20T05:22:11.986+0000] {logging_mixin.py:190} INFO - 💌message is sending....
[2025-05-20T05:22:12.043+0000] {logging_mixin.py:190} INFO - 💌message is sending....
[2025-05-20T05:22:12.100+0000] {logging_mixin.py:190} INFO - 💌message is sending....
[2025-05-20T05:22:12.158+0000] {logging_mixin.py:190} INFO - 💌message is sending....
[2025-05-20T05:22:12.213+0000] {logging_mixin.py:190} INFO - 💌message is sending....
[2025-05-20T05:22:12.269+0000] {logging_mixin.py:190} INFO - 💌message is sending....
[2025-05-20T05:22:12.325+0000] {logging_mixin.py:190} INFO - 💌message is sending....
[2025-05-20T05:22:12.381+0000] {logging_mixin.py:190} INFO - 💌message is sending....
[2025-05-20T05:22:12.436+0000] {logging_mixin.py:190} INFO - 💌message is sending....
[2025-05-20T05:22:12.492+0000] {logging_mixin.py:190} INFO - 💌message is sending....
[2025-05-20T05:22:12.547+0000] {logging_mixin.py:190} INFO - 💌message is sending....
[2025-05-20T05:22:12.602+0000] {logging_mixin.py:190} INFO - 💌message is sending....
[2025-05-20T05:22:12.659+0000] {logging_mixin.py:190} INFO - 💌message is sending....
[2025-05-20T05:22:12.715+0000] {logging_mixin.py:190} INFO - 💌message is sending....
[2025-05-20T05:22:12.772+0000] {logging_mixin.py:190} INFO - 💌message is sending....
[2025-05-20T05:22:12.827+0000] {logging_mixin.py:190} INFO - 💌message is sending....
[2025-05-20T05:22:12.882+0000] {logging_mixin.py:190} INFO - 💌message is sending....
[2025-05-20T05:22:12.934+0000] {logging_mixin.py:190} INFO - 💌message is sending....
[2025-05-20T05:22:12.987+0000] {logging_mixin.py:190} INFO - 💌message is sending....
[2025-05-20T05:22:13.040+0000] {logging_mixin.py:190} INFO - 💌message is sending....
[2025-05-20T05:22:13.094+0000] {logging_mixin.py:190} INFO - 💌message is sending....
[2025-05-20T05:22:13.151+0000] {logging_mixin.py:190} INFO - 💌message is sending....
[2025-05-20T05:22:13.207+0000] {logging_mixin.py:190} INFO - 💌message is sending....
[2025-05-20T05:22:13.263+0000] {logging_mixin.py:190} INFO - 💌message is sending....
[2025-05-20T05:22:13.319+0000] {logging_mixin.py:190} INFO - 💌message is sending....
[2025-05-20T05:22:13.374+0000] {logging_mixin.py:190} INFO - 💌message is sending....
[2025-05-20T05:22:13.431+0000] {logging_mixin.py:190} INFO - 💌message is sending....
[2025-05-20T05:22:13.486+0000] {logging_mixin.py:190} INFO - 💌message is sending....
[2025-05-20T05:22:13.541+0000] {logging_mixin.py:190} INFO - 💌message is sending....
[2025-05-20T05:22:13.598+0000] {logging_mixin.py:190} INFO - 💌message is sending....
[2025-05-20T05:22:13.653+0000] {logging_mixin.py:190} INFO - 💌message is sending....
[2025-05-20T05:22:13.708+0000] {logging_mixin.py:190} INFO - 💌message is sending....
[2025-05-20T05:22:13.763+0000] {logging_mixin.py:190} INFO - 💌message is sending....
[2025-05-20T05:22:13.817+0000] {logging_mixin.py:190} INFO - 💌message is sending....
[2025-05-20T05:22:13.875+0000] {logging_mixin.py:190} INFO - 💌message is sending....
[2025-05-20T05:22:13.929+0000] {logging_mixin.py:190} INFO - 💌message is sending....
[2025-05-20T05:22:13.981+0000] {logging_mixin.py:190} INFO - 💌message is sending....
[2025-05-20T05:22:14.034+0000] {logging_mixin.py:190} INFO - 💌message is sending....
[2025-05-20T05:22:14.088+0000] {logging_mixin.py:190} INFO - 💌message is sending....
[2025-05-20T05:22:14.144+0000] {logging_mixin.py:190} INFO - 💌message is sending....
[2025-05-20T05:22:14.199+0000] {logging_mixin.py:190} INFO - 💌message is sending....
[2025-05-20T05:22:14.256+0000] {logging_mixin.py:190} INFO - 💌message is sending....
[2025-05-20T05:22:14.314+0000] {logging_mixin.py:190} INFO - 💌message is sending....
[2025-05-20T05:22:14.369+0000] {logging_mixin.py:190} INFO - 💌message is sending....
[2025-05-20T05:22:14.423+0000] {logging_mixin.py:190} INFO - 💌message is sending....
[2025-05-20T05:22:14.479+0000] {logging_mixin.py:190} INFO - 💌message is sending....
[2025-05-20T05:22:14.535+0000] {logging_mixin.py:190} INFO - 💌message is sending....
[2025-05-20T05:22:14.589+0000] {logging_mixin.py:190} INFO - 💌message is sending....
[2025-05-20T05:22:14.641+0000] {logging_mixin.py:190} INFO - 💌message is sending....
[2025-05-20T05:22:14.693+0000] {logging_mixin.py:190} INFO - 💌message is sending....
[2025-05-20T05:22:14.747+0000] {logging_mixin.py:190} INFO - 💌message is sending....
[2025-05-20T05:22:14.799+0000] {logging_mixin.py:190} INFO - 💌message is sending....
[2025-05-20T05:22:14.854+0000] {logging_mixin.py:190} INFO - 💌message is sending....
[2025-05-20T05:22:14.909+0000] {logging_mixin.py:190} INFO - 💌message is sending....
[2025-05-20T05:22:14.963+0000] {logging_mixin.py:190} INFO - 💌message is sending....
[2025-05-20T05:22:15.016+0000] {logging_mixin.py:190} INFO - 💌message is sending....
[2025-05-20T05:22:15.069+0000] {logging_mixin.py:190} INFO - 💌message is sending....
[2025-05-20T05:22:15.123+0000] {logging_mixin.py:190} INFO - 💌message is sending....
[2025-05-20T05:22:15.177+0000] {logging_mixin.py:190} INFO - 💌message is sending....
[2025-05-20T05:22:15.231+0000] {logging_mixin.py:190} INFO - 💌message is sending....
[2025-05-20T05:22:15.292+0000] {logging_mixin.py:190} INFO - 💌message is sending....
[2025-05-20T05:22:15.349+0000] {logging_mixin.py:190} INFO - 💌message is sending....
[2025-05-20T05:22:15.409+0000] {logging_mixin.py:190} INFO - 💌message is sending....
[2025-05-20T05:22:15.468+0000] {logging_mixin.py:190} INFO - 💌message is sending....
[2025-05-20T05:22:15.524+0000] {logging_mixin.py:190} INFO - 💌message is sending....
[2025-05-20T05:22:15.581+0000] {logging_mixin.py:190} INFO - 💌message is sending....
[2025-05-20T05:22:15.640+0000] {logging_mixin.py:190} INFO - 💌message is sending....
[2025-05-20T05:22:15.698+0000] {logging_mixin.py:190} INFO - 💌message is sending....
[2025-05-20T05:22:15.755+0000] {logging_mixin.py:190} INFO - 💌message is sending....
[2025-05-20T05:22:15.809+0000] {logging_mixin.py:190} INFO - 💌message is sending....
[2025-05-20T05:22:15.866+0000] {logging_mixin.py:190} INFO - 💌message is sending....
[2025-05-20T05:22:15.922+0000] {logging_mixin.py:190} INFO - 💌message is sending....
[2025-05-20T05:22:15.977+0000] {logging_mixin.py:190} INFO - 💌message is sending....
[2025-05-20T05:22:16.031+0000] {logging_mixin.py:190} INFO - 💌message is sending....
[2025-05-20T05:22:16.086+0000] {logging_mixin.py:190} INFO - 💌message is sending....
[2025-05-20T05:22:16.143+0000] {logging_mixin.py:190} INFO - 💌message is sending....
[2025-05-20T05:22:16.198+0000] {logging_mixin.py:190} INFO - 💌message is sending....
[2025-05-20T05:22:16.253+0000] {logging_mixin.py:190} INFO - 💌message is sending....
[2025-05-20T05:22:16.310+0000] {logging_mixin.py:190} INFO - 💌message is sending....
[2025-05-20T05:22:16.367+0000] {logging_mixin.py:190} INFO - 💌message is sending....
[2025-05-20T05:22:16.426+0000] {logging_mixin.py:190} INFO - 💌message is sending....
[2025-05-20T05:22:16.482+0000] {logging_mixin.py:190} INFO - 💌message is sending....
[2025-05-20T05:22:16.543+0000] {logging_mixin.py:190} INFO - 💌message is sending....
[2025-05-20T05:22:16.598+0000] {logging_mixin.py:190} INFO - 💌message is sending....
[2025-05-20T05:22:16.651+0000] {logging_mixin.py:190} INFO - 💌message is sending....
[2025-05-20T05:22:16.703+0000] {logging_mixin.py:190} INFO - 💌message is sending....
[2025-05-20T05:22:16.756+0000] {logging_mixin.py:190} INFO - 💌message is sending....
[2025-05-20T05:22:16.807+0000] {logging_mixin.py:190} INFO - 💌message is sending....
[2025-05-20T05:22:16.859+0000] {logging_mixin.py:190} INFO - 💌message is sending....
[2025-05-20T05:22:16.911+0000] {logging_mixin.py:190} INFO - 💌message is sending....
[2025-05-20T05:22:16.963+0000] {logging_mixin.py:190} INFO - 💌message is sending....
[2025-05-20T05:22:17.016+0000] {logging_mixin.py:190} INFO - 💌message is sending....
[2025-05-20T05:22:17.067+0000] {logging_mixin.py:190} INFO - 💌message is sending....
[2025-05-20T05:22:17.120+0000] {logging_mixin.py:190} INFO - 💌message is sending....
[2025-05-20T05:22:17.171+0000] {logging_mixin.py:190} INFO - 💌message is sending....
[2025-05-20T05:22:17.225+0000] {logging_mixin.py:190} INFO - 💌message is sending....
[2025-05-20T05:22:17.277+0000] {logging_mixin.py:190} INFO - 💌message is sending....
[2025-05-20T05:22:17.332+0000] {logging_mixin.py:190} INFO - 💌message is sending....
[2025-05-20T05:22:17.384+0000] {logging_mixin.py:190} INFO - 💌message is sending....
[2025-05-20T05:22:17.435+0000] {logging_mixin.py:190} INFO - 💌message is sending....
[2025-05-20T05:22:17.494+0000] {logging_mixin.py:190} INFO - 💌message is sending....
[2025-05-20T05:22:17.545+0000] {logging_mixin.py:190} INFO - 💌message is sending....
[2025-05-20T05:22:17.597+0000] {logging_mixin.py:190} INFO - 💌message is sending....
[2025-05-20T05:22:17.648+0000] {logging_mixin.py:190} INFO - 💌message is sending....
[2025-05-20T05:22:17.701+0000] {logging_mixin.py:190} INFO - 💌message is sending....
[2025-05-20T05:22:17.752+0000] {logging_mixin.py:190} INFO - 💌message is sending....
[2025-05-20T05:22:17.807+0000] {logging_mixin.py:190} INFO - 💌message is sending....
[2025-05-20T05:22:17.861+0000] {logging_mixin.py:190} INFO - 💌message is sending....
[2025-05-20T05:22:17.912+0000] {logging_mixin.py:190} INFO - 💌message is sending....
[2025-05-20T05:22:17.963+0000] {logging_mixin.py:190} INFO - 💌message is sending....
[2025-05-20T05:22:18.014+0000] {logging_mixin.py:190} INFO - 💌message is sending....
[2025-05-20T05:22:18.065+0000] {logging_mixin.py:190} INFO - 💌message is sending....
[2025-05-20T05:22:18.118+0000] {logging_mixin.py:190} INFO - 💌message is sending....
[2025-05-20T05:22:18.170+0000] {logging_mixin.py:190} INFO - 💌message is sending....
[2025-05-20T05:22:18.224+0000] {logging_mixin.py:190} INFO - 💌message is sending....
[2025-05-20T05:22:18.279+0000] {logging_mixin.py:190} INFO - 💌message is sending....
[2025-05-20T05:22:18.340+0000] {logging_mixin.py:190} INFO - 💌message is sending....
[2025-05-20T05:22:18.395+0000] {logging_mixin.py:190} INFO - 💌message is sending....
[2025-05-20T05:22:18.453+0000] {logging_mixin.py:190} INFO - 💌message is sending....
[2025-05-20T05:22:18.512+0000] {logging_mixin.py:190} INFO - 💌message is sending....
[2025-05-20T05:22:18.568+0000] {logging_mixin.py:190} INFO - 💌message is sending....
[2025-05-20T05:22:18.624+0000] {logging_mixin.py:190} INFO - 💌message is sending....
[2025-05-20T05:22:18.680+0000] {logging_mixin.py:190} INFO - 💌message is sending....
[2025-05-20T05:22:18.735+0000] {logging_mixin.py:190} INFO - 💌message is sending....
[2025-05-20T05:22:18.788+0000] {logging_mixin.py:190} INFO - 💌message is sending....
[2025-05-20T05:22:18.843+0000] {logging_mixin.py:190} INFO - 💌message is sending....
[2025-05-20T05:22:18.901+0000] {logging_mixin.py:190} INFO - 💌message is sending....
[2025-05-20T05:22:18.958+0000] {logging_mixin.py:190} INFO - 💌message is sending....
[2025-05-20T05:22:19.013+0000] {logging_mixin.py:190} INFO - 💌message is sending....
[2025-05-20T05:22:19.069+0000] {logging_mixin.py:190} INFO - 💌message is sending....
[2025-05-20T05:22:19.123+0000] {logging_mixin.py:190} INFO - 💌message is sending....
[2025-05-20T05:22:19.178+0000] {logging_mixin.py:190} INFO - 💌message is sending....
[2025-05-20T05:22:19.234+0000] {logging_mixin.py:190} INFO - 💌message is sending....
[2025-05-20T05:22:19.295+0000] {logging_mixin.py:190} INFO - 💌message is sending....
[2025-05-20T05:22:19.349+0000] {logging_mixin.py:190} INFO - 💌message is sending....
[2025-05-20T05:22:19.404+0000] {logging_mixin.py:190} INFO - 💌message is sending....
[2025-05-20T05:22:19.461+0000] {logging_mixin.py:190} INFO - 💌message is sending....
[2025-05-20T05:22:19.520+0000] {logging_mixin.py:190} INFO - 💌message is sending....
[2025-05-20T05:22:19.575+0000] {logging_mixin.py:190} INFO - 💌message is sending....
[2025-05-20T05:22:19.630+0000] {logging_mixin.py:190} INFO - 💌message is sending....
[2025-05-20T05:22:19.690+0000] {logging_mixin.py:190} INFO - 💌message is sending....
[2025-05-20T05:22:19.742+0000] {logging_mixin.py:190} INFO - 💌message is sending....
[2025-05-20T05:22:19.796+0000] {logging_mixin.py:190} INFO - 💌message is sending....
[2025-05-20T05:22:19.850+0000] {logging_mixin.py:190} INFO - 💌message is sending....
[2025-05-20T05:22:19.904+0000] {logging_mixin.py:190} INFO - 💌message is sending....
[2025-05-20T05:22:19.957+0000] {logging_mixin.py:190} INFO - 💌message is sending....
[2025-05-20T05:22:20.009+0000] {logging_mixin.py:190} INFO - 💌message is sending....
[2025-05-20T05:22:20.064+0000] {logging_mixin.py:190} INFO - 💌message is sending....
[2025-05-20T05:22:20.120+0000] {logging_mixin.py:190} INFO - 💌message is sending....
[2025-05-20T05:22:20.182+0000] {logging_mixin.py:190} INFO - 💌message is sending....
[2025-05-20T05:22:20.241+0000] {logging_mixin.py:190} INFO - 💌message is sending....
[2025-05-20T05:22:20.300+0000] {logging_mixin.py:190} INFO - 💌message is sending....
[2025-05-20T05:22:20.362+0000] {logging_mixin.py:190} INFO - 💌message is sending....
[2025-05-20T05:22:20.424+0000] {logging_mixin.py:190} INFO - 💌message is sending....
[2025-05-20T05:22:20.478+0000] {logging_mixin.py:190} INFO - 💌message is sending....
[2025-05-20T05:22:20.532+0000] {logging_mixin.py:190} INFO - 💌message is sending....
[2025-05-20T05:22:20.588+0000] {logging_mixin.py:190} INFO - 💌message is sending....
[2025-05-20T05:22:20.646+0000] {logging_mixin.py:190} INFO - 💌message is sending....
[2025-05-20T05:22:20.701+0000] {logging_mixin.py:190} INFO - 💌message is sending....
[2025-05-20T05:22:20.757+0000] {logging_mixin.py:190} INFO - 💌message is sending....
[2025-05-20T05:22:20.814+0000] {logging_mixin.py:190} INFO - 💌message is sending....
[2025-05-20T05:22:20.872+0000] {logging_mixin.py:190} INFO - 💌message is sending....
[2025-05-20T05:22:20.927+0000] {logging_mixin.py:190} INFO - 💌message is sending....
[2025-05-20T05:22:20.981+0000] {logging_mixin.py:190} INFO - 💌message is sending....
[2025-05-20T05:22:21.036+0000] {logging_mixin.py:190} INFO - 💌message is sending....
[2025-05-20T05:22:21.088+0000] {logging_mixin.py:190} INFO - 💌message is sending....
[2025-05-20T05:22:21.142+0000] {logging_mixin.py:190} INFO - 💌message is sending....
[2025-05-20T05:22:21.199+0000] {logging_mixin.py:190} INFO - 💌message is sending....
[2025-05-20T05:22:21.258+0000] {logging_mixin.py:190} INFO - 💌message is sending....
[2025-05-20T05:22:21.315+0000] {logging_mixin.py:190} INFO - 💌message is sending....
[2025-05-20T05:22:21.372+0000] {logging_mixin.py:190} INFO - 💌message is sending....
[2025-05-20T05:22:21.429+0000] {logging_mixin.py:190} INFO - 💌message is sending....
[2025-05-20T05:22:21.487+0000] {logging_mixin.py:190} INFO - 💌message is sending....
[2025-05-20T05:22:21.545+0000] {logging_mixin.py:190} INFO - 💌message is sending....
[2025-05-20T05:22:21.602+0000] {logging_mixin.py:190} INFO - 💌message is sending....
[2025-05-20T05:22:21.657+0000] {logging_mixin.py:190} INFO - 💌message is sending....
[2025-05-20T05:22:21.713+0000] {logging_mixin.py:190} INFO - 💌message is sending....
[2025-05-20T05:22:21.770+0000] {logging_mixin.py:190} INFO - 💌message is sending....
[2025-05-20T05:22:21.825+0000] {logging_mixin.py:190} INFO - 💌message is sending....
[2025-05-20T05:22:21.885+0000] {logging_mixin.py:190} INFO - 💌message is sending....
[2025-05-20T05:22:21.943+0000] {logging_mixin.py:190} INFO - 💌message is sending....
[2025-05-20T05:22:21.998+0000] {logging_mixin.py:190} INFO - 💌message is sending....
[2025-05-20T05:22:22.050+0000] {logging_mixin.py:190} INFO - 💌message is sending....
[2025-05-20T05:22:22.103+0000] {logging_mixin.py:190} INFO - 💌message is sending....
[2025-05-20T05:22:22.157+0000] {logging_mixin.py:190} INFO - 💌message is sending....
[2025-05-20T05:22:22.214+0000] {logging_mixin.py:190} INFO - 💌message is sending....
[2025-05-20T05:22:22.269+0000] {logging_mixin.py:190} INFO - 💌message is sending....
[2025-05-20T05:22:22.323+0000] {logging_mixin.py:190} INFO - 💌message is sending....
[2025-05-20T05:22:22.378+0000] {logging_mixin.py:190} INFO - 💌message is sending....
[2025-05-20T05:22:22.433+0000] {logging_mixin.py:190} INFO - 💌message is sending....
[2025-05-20T05:22:22.489+0000] {logging_mixin.py:190} INFO - 💌message is sending....
[2025-05-20T05:22:22.547+0000] {logging_mixin.py:190} INFO - 💌message is sending....
[2025-05-20T05:22:22.606+0000] {logging_mixin.py:190} INFO - 💌message is sending....
[2025-05-20T05:22:22.662+0000] {logging_mixin.py:190} INFO - 💌message is sending....
[2025-05-20T05:22:22.716+0000] {logging_mixin.py:190} INFO - 💌message is sending....
[2025-05-20T05:22:22.770+0000] {logging_mixin.py:190} INFO - 💌message is sending....
[2025-05-20T05:22:22.823+0000] {logging_mixin.py:190} INFO - 💌message is sending....
[2025-05-20T05:22:22.876+0000] {logging_mixin.py:190} INFO - 💌message is sending....
[2025-05-20T05:22:22.931+0000] {logging_mixin.py:190} INFO - 💌message is sending....
[2025-05-20T05:22:22.987+0000] {logging_mixin.py:190} INFO - 💌message is sending....
[2025-05-20T05:22:23.043+0000] {logging_mixin.py:190} INFO - 💌message is sending....
[2025-05-20T05:22:23.096+0000] {logging_mixin.py:190} INFO - 💌message is sending....
[2025-05-20T05:22:23.150+0000] {logging_mixin.py:190} INFO - 💌message is sending....
[2025-05-20T05:22:23.206+0000] {logging_mixin.py:190} INFO - 💌message is sending....
[2025-05-20T05:22:23.263+0000] {logging_mixin.py:190} INFO - 💌message is sending....
[2025-05-20T05:22:23.318+0000] {logging_mixin.py:190} INFO - 💌message is sending....
[2025-05-20T05:22:23.374+0000] {logging_mixin.py:190} INFO - 💌message is sending....
[2025-05-20T05:22:23.430+0000] {logging_mixin.py:190} INFO - 💌message is sending....
[2025-05-20T05:22:23.486+0000] {logging_mixin.py:190} INFO - 💌message is sending....
[2025-05-20T05:22:23.545+0000] {logging_mixin.py:190} INFO - 💌message is sending....
[2025-05-20T05:22:23.600+0000] {logging_mixin.py:190} INFO - 💌message is sending....
[2025-05-20T05:22:23.656+0000] {logging_mixin.py:190} INFO - 💌message is sending....
[2025-05-20T05:22:23.710+0000] {logging_mixin.py:190} INFO - 💌message is sending....
[2025-05-20T05:22:23.766+0000] {logging_mixin.py:190} INFO - 💌message is sending....
[2025-05-20T05:22:23.823+0000] {logging_mixin.py:190} INFO - 💌message is sending....
[2025-05-20T05:22:23.880+0000] {logging_mixin.py:190} INFO - 💌message is sending....
[2025-05-20T05:22:23.936+0000] {logging_mixin.py:190} INFO - 💌message is sending....
[2025-05-20T05:22:23.991+0000] {logging_mixin.py:190} INFO - 💌message is sending....
[2025-05-20T05:22:24.047+0000] {logging_mixin.py:190} INFO - 💌message is sending....
[2025-05-20T05:22:24.101+0000] {logging_mixin.py:190} INFO - 💌message is sending....
[2025-05-20T05:22:24.159+0000] {logging_mixin.py:190} INFO - 💌message is sending....
[2025-05-20T05:22:24.213+0000] {logging_mixin.py:190} INFO - 💌message is sending....
[2025-05-20T05:22:24.268+0000] {logging_mixin.py:190} INFO - 💌message is sending....
[2025-05-20T05:22:24.328+0000] {logging_mixin.py:190} INFO - 💌message is sending....
[2025-05-20T05:22:24.384+0000] {logging_mixin.py:190} INFO - 💌message is sending....
[2025-05-20T05:22:24.439+0000] {logging_mixin.py:190} INFO - 💌message is sending....
[2025-05-20T05:22:24.496+0000] {logging_mixin.py:190} INFO - 💌message is sending....
[2025-05-20T05:22:24.552+0000] {logging_mixin.py:190} INFO - 💌message is sending....
[2025-05-20T05:22:24.609+0000] {logging_mixin.py:190} INFO - 💌message is sending....
[2025-05-20T05:22:24.664+0000] {logging_mixin.py:190} INFO - 💌message is sending....
[2025-05-20T05:22:24.721+0000] {logging_mixin.py:190} INFO - 💌message is sending....
[2025-05-20T05:22:24.779+0000] {logging_mixin.py:190} INFO - 💌message is sending....
[2025-05-20T05:22:24.839+0000] {logging_mixin.py:190} INFO - 💌message is sending....
[2025-05-20T05:22:24.895+0000] {logging_mixin.py:190} INFO - 💌message is sending....
[2025-05-20T05:22:24.949+0000] {logging_mixin.py:190} INFO - 💌message is sending....
[2025-05-20T05:22:25.004+0000] {logging_mixin.py:190} INFO - 💌message is sending....
[2025-05-20T05:22:25.063+0000] {logging_mixin.py:190} INFO - 💌message is sending....
[2025-05-20T05:22:25.117+0000] {logging_mixin.py:190} INFO - 💌message is sending....
[2025-05-20T05:22:25.169+0000] {logging_mixin.py:190} INFO - 💌message is sending....
[2025-05-20T05:22:25.222+0000] {logging_mixin.py:190} INFO - 💌message is sending....
[2025-05-20T05:22:25.278+0000] {logging_mixin.py:190} INFO - 💌message is sending....
[2025-05-20T05:22:25.333+0000] {logging_mixin.py:190} INFO - 💌message is sending....
[2025-05-20T05:22:25.386+0000] {logging_mixin.py:190} INFO - 💌message is sending....
[2025-05-20T05:22:25.441+0000] {logging_mixin.py:190} INFO - 💌message is sending....
[2025-05-20T05:22:25.497+0000] {logging_mixin.py:190} INFO - 💌message is sending....
[2025-05-20T05:22:25.554+0000] {logging_mixin.py:190} INFO - 💌message is sending....
[2025-05-20T05:22:25.611+0000] {logging_mixin.py:190} INFO - 💌message is sending....
[2025-05-20T05:22:25.668+0000] {logging_mixin.py:190} INFO - 💌message is sending....
[2025-05-20T05:22:25.723+0000] {logging_mixin.py:190} INFO - 💌message is sending....
[2025-05-20T05:22:25.778+0000] {logging_mixin.py:190} INFO - 💌message is sending....
[2025-05-20T05:22:25.833+0000] {logging_mixin.py:190} INFO - 💌message is sending....
[2025-05-20T05:22:25.889+0000] {logging_mixin.py:190} INFO - 💌message is sending....
[2025-05-20T05:22:25.948+0000] {logging_mixin.py:190} INFO - 💌message is sending....
[2025-05-20T05:22:26.002+0000] {logging_mixin.py:190} INFO - 💌message is sending....
[2025-05-20T05:22:26.056+0000] {logging_mixin.py:190} INFO - 💌message is sending....
[2025-05-20T05:22:26.112+0000] {logging_mixin.py:190} INFO - 💌message is sending....
[2025-05-20T05:22:26.170+0000] {logging_mixin.py:190} INFO - 💌message is sending....
[2025-05-20T05:22:26.224+0000] {logging_mixin.py:190} INFO - 💌message is sending....
[2025-05-20T05:22:26.282+0000] {logging_mixin.py:190} INFO - 💌message is sending....
[2025-05-20T05:22:26.338+0000] {logging_mixin.py:190} INFO - 💌message is sending....
[2025-05-20T05:22:26.390+0000] {logging_mixin.py:190} INFO - 💌message is sending....
[2025-05-20T05:22:26.444+0000] {logging_mixin.py:190} INFO - 💌message is sending....
[2025-05-20T05:22:26.495+0000] {logging_mixin.py:190} INFO - 💌message is sending....
[2025-05-20T05:22:26.549+0000] {logging_mixin.py:190} INFO - 💌message is sending....
[2025-05-20T05:22:26.603+0000] {logging_mixin.py:190} INFO - 💌message is sending....
[2025-05-20T05:22:26.658+0000] {logging_mixin.py:190} INFO - 💌message is sending....
[2025-05-20T05:22:26.712+0000] {logging_mixin.py:190} INFO - 💌message is sending....
[2025-05-20T05:22:26.765+0000] {logging_mixin.py:190} INFO - 💌message is sending....
[2025-05-20T05:22:26.817+0000] {logging_mixin.py:190} INFO - 💌message is sending....
[2025-05-20T05:22:26.870+0000] {logging_mixin.py:190} INFO - 💌message is sending....
[2025-05-20T05:22:26.923+0000] {logging_mixin.py:190} INFO - 💌message is sending....
[2025-05-20T05:22:26.978+0000] {logging_mixin.py:190} INFO - 💌message is sending....
[2025-05-20T05:22:27.030+0000] {logging_mixin.py:190} INFO - 💌message is sending....
[2025-05-20T05:22:27.083+0000] {logging_mixin.py:190} INFO - 💌message is sending....
[2025-05-20T05:22:27.136+0000] {logging_mixin.py:190} INFO - 💌message is sending....
[2025-05-20T05:22:27.188+0000] {logging_mixin.py:190} INFO - 💌message is sending....
[2025-05-20T05:22:27.241+0000] {logging_mixin.py:190} INFO - 💌message is sending....
[2025-05-20T05:22:27.293+0000] {logging_mixin.py:190} INFO - 💌message is sending....
[2025-05-20T05:22:27.348+0000] {logging_mixin.py:190} INFO - 💌message is sending....
[2025-05-20T05:22:27.401+0000] {logging_mixin.py:190} INFO - 💌message is sending....
[2025-05-20T05:22:27.455+0000] {logging_mixin.py:190} INFO - 💌message is sending....
[2025-05-20T05:22:27.507+0000] {logging_mixin.py:190} INFO - 💌message is sending....
[2025-05-20T05:22:27.564+0000] {logging_mixin.py:190} INFO - 💌message is sending....
[2025-05-20T05:22:27.617+0000] {logging_mixin.py:190} INFO - 💌message is sending....
[2025-05-20T05:22:27.670+0000] {logging_mixin.py:190} INFO - 💌message is sending....
[2025-05-20T05:22:27.723+0000] {logging_mixin.py:190} INFO - 💌message is sending....
[2025-05-20T05:22:27.779+0000] {logging_mixin.py:190} INFO - 💌message is sending....
[2025-05-20T05:22:27.834+0000] {logging_mixin.py:190} INFO - 💌message is sending....
[2025-05-20T05:22:27.888+0000] {logging_mixin.py:190} INFO - 💌message is sending....
[2025-05-20T05:22:27.945+0000] {logging_mixin.py:190} INFO - 💌message is sending....
[2025-05-20T05:22:28.002+0000] {logging_mixin.py:190} INFO - 💌message is sending....
[2025-05-20T05:22:28.057+0000] {logging_mixin.py:190} INFO - 💌message is sending....
[2025-05-20T05:22:28.114+0000] {logging_mixin.py:190} INFO - 💌message is sending....
[2025-05-20T05:22:28.168+0000] {logging_mixin.py:190} INFO - 💌message is sending....
[2025-05-20T05:22:28.223+0000] {logging_mixin.py:190} INFO - 💌message is sending....
[2025-05-20T05:22:28.280+0000] {logging_mixin.py:190} INFO - 💌message is sending....
[2025-05-20T05:22:28.336+0000] {logging_mixin.py:190} INFO - 💌message is sending....
[2025-05-20T05:22:28.391+0000] {logging_mixin.py:190} INFO - 💌message is sending....
[2025-05-20T05:22:28.448+0000] {logging_mixin.py:190} INFO - 💌message is sending....
[2025-05-20T05:22:28.506+0000] {logging_mixin.py:190} INFO - 💌message is sending....
[2025-05-20T05:22:28.562+0000] {logging_mixin.py:190} INFO - 💌message is sending....
[2025-05-20T05:22:28.619+0000] {logging_mixin.py:190} INFO - 💌message is sending....
[2025-05-20T05:22:28.676+0000] {logging_mixin.py:190} INFO - 💌message is sending....
[2025-05-20T05:22:28.735+0000] {logging_mixin.py:190} INFO - 💌message is sending....
[2025-05-20T05:22:28.789+0000] {logging_mixin.py:190} INFO - 💌message is sending....
[2025-05-20T05:22:28.842+0000] {logging_mixin.py:190} INFO - 💌message is sending....
[2025-05-20T05:22:28.897+0000] {logging_mixin.py:190} INFO - 💌message is sending....
[2025-05-20T05:22:28.950+0000] {logging_mixin.py:190} INFO - 💌message is sending....
[2025-05-20T05:22:29.005+0000] {logging_mixin.py:190} INFO - 💌message is sending....
[2025-05-20T05:22:29.060+0000] {logging_mixin.py:190} INFO - 💌message is sending....
[2025-05-20T05:22:29.120+0000] {logging_mixin.py:190} INFO - 💌message is sending....
[2025-05-20T05:22:29.174+0000] {logging_mixin.py:190} INFO - 💌message is sending....
[2025-05-20T05:22:29.226+0000] {logging_mixin.py:190} INFO - 💌message is sending....
[2025-05-20T05:22:29.278+0000] {logging_mixin.py:190} INFO - 💌message is sending....
[2025-05-20T05:22:29.334+0000] {logging_mixin.py:190} INFO - 💌message is sending....
[2025-05-20T05:22:29.386+0000] {logging_mixin.py:190} INFO - 💌message is sending....
[2025-05-20T05:22:29.438+0000] {logging_mixin.py:190} INFO - 💌message is sending....
[2025-05-20T05:22:29.493+0000] {logging_mixin.py:190} INFO - 💌message is sending....
[2025-05-20T05:22:29.549+0000] {logging_mixin.py:190} INFO - 💌message is sending....
[2025-05-20T05:22:29.604+0000] {logging_mixin.py:190} INFO - 💌message is sending....
[2025-05-20T05:22:29.659+0000] {logging_mixin.py:190} INFO - 💌message is sending....
[2025-05-20T05:22:29.712+0000] {logging_mixin.py:190} INFO - 💌message is sending....
[2025-05-20T05:22:29.765+0000] {logging_mixin.py:190} INFO - 💌message is sending....
[2025-05-20T05:22:29.816+0000] {logging_mixin.py:190} INFO - 💌message is sending....
[2025-05-20T05:22:29.869+0000] {logging_mixin.py:190} INFO - 💌message is sending....
[2025-05-20T05:22:29.921+0000] {logging_mixin.py:190} INFO - 💌message is sending....
[2025-05-20T05:22:29.976+0000] {logging_mixin.py:190} INFO - 💌message is sending....
[2025-05-20T05:22:30.033+0000] {logging_mixin.py:190} INFO - 💌message is sending....
[2025-05-20T05:22:30.090+0000] {logging_mixin.py:190} INFO - 💌message is sending....
[2025-05-20T05:22:30.147+0000] {logging_mixin.py:190} INFO - 💌message is sending....
[2025-05-20T05:22:30.201+0000] {logging_mixin.py:190} INFO - 💌message is sending....
[2025-05-20T05:22:30.256+0000] {logging_mixin.py:190} INFO - 💌message is sending....
[2025-05-20T05:22:30.313+0000] {logging_mixin.py:190} INFO - 💌message is sending....
[2025-05-20T05:22:30.368+0000] {logging_mixin.py:190} INFO - 💌message is sending....
[2025-05-20T05:22:30.423+0000] {logging_mixin.py:190} INFO - 💌message is sending....
[2025-05-20T05:22:30.479+0000] {logging_mixin.py:190} INFO - 💌message is sending....
[2025-05-20T05:22:30.535+0000] {logging_mixin.py:190} INFO - 💌message is sending....
[2025-05-20T05:22:30.591+0000] {logging_mixin.py:190} INFO - 💌message is sending....
[2025-05-20T05:22:30.648+0000] {logging_mixin.py:190} INFO - 💌message is sending....
[2025-05-20T05:22:30.705+0000] {logging_mixin.py:190} INFO - 💌message is sending....
[2025-05-20T05:22:30.760+0000] {logging_mixin.py:190} INFO - 💌message is sending....
[2025-05-20T05:22:30.816+0000] {logging_mixin.py:190} INFO - 💌message is sending....
[2025-05-20T05:22:30.870+0000] {logging_mixin.py:190} INFO - 💌message is sending....
[2025-05-20T05:22:30.923+0000] {logging_mixin.py:190} INFO - 💌message is sending....
[2025-05-20T05:22:30.976+0000] {logging_mixin.py:190} INFO - 💌message is sending....
[2025-05-20T05:22:31.030+0000] {logging_mixin.py:190} INFO - 💌message is sending....
[2025-05-20T05:22:31.082+0000] {logging_mixin.py:190} INFO - 💌message is sending....
[2025-05-20T05:22:31.135+0000] {logging_mixin.py:190} INFO - 💌message is sending....
[2025-05-20T05:22:31.191+0000] {logging_mixin.py:190} INFO - 💌message is sending....
[2025-05-20T05:22:31.250+0000] {logging_mixin.py:190} INFO - 💌message is sending....
[2025-05-20T05:22:31.305+0000] {logging_mixin.py:190} INFO - 💌message is sending....
[2025-05-20T05:22:31.361+0000] {logging_mixin.py:190} INFO - 💌message is sending....
[2025-05-20T05:22:31.417+0000] {logging_mixin.py:190} INFO - 💌message is sending....
[2025-05-20T05:22:31.474+0000] {logging_mixin.py:190} INFO - 💌message is sending....
[2025-05-20T05:22:31.529+0000] {logging_mixin.py:190} INFO - 💌message is sending....
[2025-05-20T05:22:31.585+0000] {logging_mixin.py:190} INFO - 💌message is sending....
[2025-05-20T05:22:31.640+0000] {logging_mixin.py:190} INFO - 💌message is sending....
[2025-05-20T05:22:31.697+0000] {logging_mixin.py:190} INFO - 💌message is sending....
[2025-05-20T05:22:31.754+0000] {logging_mixin.py:190} INFO - 💌message is sending....
[2025-05-20T05:22:31.811+0000] {logging_mixin.py:190} INFO - 💌message is sending....
[2025-05-20T05:22:31.867+0000] {logging_mixin.py:190} INFO - 💌message is sending....
[2025-05-20T05:22:31.923+0000] {logging_mixin.py:190} INFO - 💌message is sending....
[2025-05-20T05:22:31.979+0000] {logging_mixin.py:190} INFO - 💌message is sending....
[2025-05-20T05:22:32.035+0000] {logging_mixin.py:190} INFO - 💌message is sending....
[2025-05-20T05:22:32.089+0000] {logging_mixin.py:190} INFO - 💌message is sending....
[2025-05-20T05:22:32.142+0000] {logging_mixin.py:190} INFO - 💌message is sending....
[2025-05-20T05:22:32.194+0000] {logging_mixin.py:190} INFO - 💌message is sending....
[2025-05-20T05:22:32.246+0000] {logging_mixin.py:190} INFO - 💌message is sending....
[2025-05-20T05:22:32.299+0000] {logging_mixin.py:190} INFO - 💌message is sending....
[2025-05-20T05:22:32.351+0000] {logging_mixin.py:190} INFO - 💌message is sending....
[2025-05-20T05:22:32.404+0000] {logging_mixin.py:190} INFO - 💌message is sending....
[2025-05-20T05:22:32.457+0000] {logging_mixin.py:190} INFO - 💌message is sending....
[2025-05-20T05:22:32.514+0000] {logging_mixin.py:190} INFO - 💌message is sending....
[2025-05-20T05:22:32.569+0000] {logging_mixin.py:190} INFO - 💌message is sending....
[2025-05-20T05:22:32.624+0000] {logging_mixin.py:190} INFO - 💌message is sending....
[2025-05-20T05:22:32.680+0000] {logging_mixin.py:190} INFO - 💌message is sending....
[2025-05-20T05:22:32.737+0000] {logging_mixin.py:190} INFO - 💌message is sending....
[2025-05-20T05:22:32.792+0000] {logging_mixin.py:190} INFO - 💌message is sending....
[2025-05-20T05:22:32.847+0000] {logging_mixin.py:190} INFO - 💌message is sending....
[2025-05-20T05:22:32.905+0000] {logging_mixin.py:190} INFO - 💌message is sending....
[2025-05-20T05:22:32.961+0000] {logging_mixin.py:190} INFO - 💌message is sending....
[2025-05-20T05:22:33.015+0000] {logging_mixin.py:190} INFO - 💌message is sending....
[2025-05-20T05:22:33.072+0000] {logging_mixin.py:190} INFO - 💌message is sending....
[2025-05-20T05:22:33.126+0000] {logging_mixin.py:190} INFO - 💌message is sending....
[2025-05-20T05:22:33.183+0000] {logging_mixin.py:190} INFO - 💌message is sending....
[2025-05-20T05:22:33.235+0000] {logging_mixin.py:190} INFO - 💌message is sending....
[2025-05-20T05:22:33.291+0000] {logging_mixin.py:190} INFO - 💌message is sending....
[2025-05-20T05:22:33.342+0000] {logging_mixin.py:190} INFO - 💌message is sending....
[2025-05-20T05:22:33.396+0000] {logging_mixin.py:190} INFO - 💌message is sending....
[2025-05-20T05:22:33.449+0000] {logging_mixin.py:190} INFO - 💌message is sending....
[2025-05-20T05:22:33.502+0000] {logging_mixin.py:190} INFO - 💌message is sending....
[2025-05-20T05:22:33.559+0000] {logging_mixin.py:190} INFO - 💌message is sending....
[2025-05-20T05:22:33.610+0000] {logging_mixin.py:190} INFO - 💌message is sending....
[2025-05-20T05:22:33.666+0000] {logging_mixin.py:190} INFO - 💌message is sending....
[2025-05-20T05:22:33.717+0000] {logging_mixin.py:190} INFO - 💌message is sending....
[2025-05-20T05:22:33.768+0000] {logging_mixin.py:190} INFO - 💌message is sending....
[2025-05-20T05:22:33.825+0000] {logging_mixin.py:190} INFO - 💌message is sending....
[2025-05-20T05:22:33.879+0000] {logging_mixin.py:190} INFO - 💌message is sending....
[2025-05-20T05:22:33.931+0000] {logging_mixin.py:190} INFO - 💌message is sending....
[2025-05-20T05:22:33.983+0000] {logging_mixin.py:190} INFO - 💌message is sending....
[2025-05-20T05:22:34.034+0000] {logging_mixin.py:190} INFO - 💌message is sending....
[2025-05-20T05:22:34.090+0000] {logging_mixin.py:190} INFO - 💌message is sending....
[2025-05-20T05:22:34.141+0000] {logging_mixin.py:190} INFO - 💌message is sending....
[2025-05-20T05:22:34.193+0000] {logging_mixin.py:190} INFO - 💌message is sending....
[2025-05-20T05:22:34.244+0000] {logging_mixin.py:190} INFO - 💌message is sending....
[2025-05-20T05:22:34.296+0000] {logging_mixin.py:190} INFO - 💌message is sending....
[2025-05-20T05:22:34.349+0000] {logging_mixin.py:190} INFO - 💌message is sending....
[2025-05-20T05:22:34.401+0000] {logging_mixin.py:190} INFO - 💌message is sending....
[2025-05-20T05:22:34.453+0000] {logging_mixin.py:190} INFO - 💌message is sending....
[2025-05-20T05:22:34.508+0000] {logging_mixin.py:190} INFO - 💌message is sending....
[2025-05-20T05:22:34.561+0000] {logging_mixin.py:190} INFO - 💌message is sending....
[2025-05-20T05:22:34.618+0000] {logging_mixin.py:190} INFO - 💌message is sending....
[2025-05-20T05:22:34.674+0000] {logging_mixin.py:190} INFO - 💌message is sending....
[2025-05-20T05:22:34.730+0000] {logging_mixin.py:190} INFO - 💌message is sending....
[2025-05-20T05:22:34.786+0000] {logging_mixin.py:190} INFO - 💌message is sending....
[2025-05-20T05:22:34.844+0000] {logging_mixin.py:190} INFO - 💌message is sending....
[2025-05-20T05:22:34.899+0000] {logging_mixin.py:190} INFO - 💌message is sending....
[2025-05-20T05:22:34.954+0000] {logging_mixin.py:190} INFO - 💌message is sending....
[2025-05-20T05:22:35.009+0000] {logging_mixin.py:190} INFO - 💌message is sending....
[2025-05-20T05:22:35.064+0000] {logging_mixin.py:190} INFO - 💌message is sending....
[2025-05-20T05:22:35.120+0000] {logging_mixin.py:190} INFO - 💌message is sending....
[2025-05-20T05:22:35.173+0000] {logging_mixin.py:190} INFO - 💌message is sending....
[2025-05-20T05:22:35.225+0000] {logging_mixin.py:190} INFO - 💌message is sending....
[2025-05-20T05:22:35.277+0000] {logging_mixin.py:190} INFO - 💌message is sending....
[2025-05-20T05:22:35.329+0000] {logging_mixin.py:190} INFO - 💌message is sending....
[2025-05-20T05:22:35.382+0000] {logging_mixin.py:190} INFO - 💌message is sending....
[2025-05-20T05:22:35.433+0000] {logging_mixin.py:190} INFO - 💌message is sending....
[2025-05-20T05:22:35.484+0000] {logging_mixin.py:190} INFO - 💌message is sending....
[2025-05-20T05:22:35.537+0000] {logging_mixin.py:190} INFO - 💌message is sending....
[2025-05-20T05:22:35.591+0000] {logging_mixin.py:190} INFO - 💌message is sending....
[2025-05-20T05:22:35.646+0000] {logging_mixin.py:190} INFO - 💌message is sending....
[2025-05-20T05:22:35.703+0000] {logging_mixin.py:190} INFO - 💌message is sending....
[2025-05-20T05:22:35.759+0000] {logging_mixin.py:190} INFO - 💌message is sending....
[2025-05-20T05:22:35.816+0000] {logging_mixin.py:190} INFO - 💌message is sending....
[2025-05-20T05:22:35.876+0000] {logging_mixin.py:190} INFO - 💌message is sending....
[2025-05-20T05:22:35.931+0000] {logging_mixin.py:190} INFO - 💌message is sending....
[2025-05-20T05:22:35.986+0000] {logging_mixin.py:190} INFO - 💌message is sending....
[2025-05-20T05:22:36.044+0000] {logging_mixin.py:190} INFO - 💌message is sending....
[2025-05-20T05:22:36.098+0000] {logging_mixin.py:190} INFO - 💌message is sending....
[2025-05-20T05:22:36.152+0000] {logging_mixin.py:190} INFO - 💌message is sending....
[2025-05-20T05:22:36.204+0000] {logging_mixin.py:190} INFO - 💌message is sending....
[2025-05-20T05:22:36.256+0000] {logging_mixin.py:190} INFO - 💌message is sending....
[2025-05-20T05:22:36.309+0000] {logging_mixin.py:190} INFO - 💌message is sending....
[2025-05-20T05:22:36.361+0000] {logging_mixin.py:190} INFO - 💌message is sending....
[2025-05-20T05:22:36.413+0000] {logging_mixin.py:190} INFO - 💌message is sending....
[2025-05-20T05:22:36.466+0000] {logging_mixin.py:190} INFO - 💌message is sending....
[2025-05-20T05:22:36.523+0000] {logging_mixin.py:190} INFO - 💌message is sending....
[2025-05-20T05:22:36.579+0000] {logging_mixin.py:190} INFO - 💌message is sending....
[2025-05-20T05:22:36.637+0000] {logging_mixin.py:190} INFO - 💌message is sending....
[2025-05-20T05:22:36.694+0000] {logging_mixin.py:190} INFO - 💌message is sending....
[2025-05-20T05:22:36.747+0000] {logging_mixin.py:190} INFO - 💌message is sending....
[2025-05-20T05:22:36.799+0000] {logging_mixin.py:190} INFO - 💌message is sending....
[2025-05-20T05:22:36.852+0000] {logging_mixin.py:190} INFO - 💌message is sending....
[2025-05-20T05:22:36.905+0000] {logging_mixin.py:190} INFO - 💌message is sending....
[2025-05-20T05:22:36.960+0000] {logging_mixin.py:190} INFO - 💌message is sending....
[2025-05-20T05:22:37.014+0000] {logging_mixin.py:190} INFO - 💌message is sending....
[2025-05-20T05:22:37.066+0000] {logging_mixin.py:190} INFO - 💌message is sending....
[2025-05-20T05:22:37.118+0000] {logging_mixin.py:190} INFO - 💌message is sending....
[2025-05-20T05:22:37.171+0000] {logging_mixin.py:190} INFO - 💌message is sending....
[2025-05-20T05:22:37.227+0000] {logging_mixin.py:190} INFO - 💌message is sending....
[2025-05-20T05:22:37.280+0000] {logging_mixin.py:190} INFO - 💌message is sending....
[2025-05-20T05:22:37.333+0000] {logging_mixin.py:190} INFO - 💌message is sending....
[2025-05-20T05:22:37.387+0000] {logging_mixin.py:190} INFO - 💌message is sending....
[2025-05-20T05:22:37.440+0000] {logging_mixin.py:190} INFO - 💌message is sending....
[2025-05-20T05:22:37.495+0000] {logging_mixin.py:190} INFO - 💌message is sending....
[2025-05-20T05:22:37.551+0000] {logging_mixin.py:190} INFO - 💌message is sending....
[2025-05-20T05:22:37.609+0000] {logging_mixin.py:190} INFO - 💌message is sending....
[2025-05-20T05:22:37.666+0000] {logging_mixin.py:190} INFO - 💌message is sending....
[2025-05-20T05:22:37.722+0000] {logging_mixin.py:190} INFO - 💌message is sending....
[2025-05-20T05:22:37.776+0000] {logging_mixin.py:190} INFO - 💌message is sending....
[2025-05-20T05:22:37.828+0000] {logging_mixin.py:190} INFO - 💌message is sending....
[2025-05-20T05:22:37.881+0000] {logging_mixin.py:190} INFO - 💌message is sending....
[2025-05-20T05:22:37.935+0000] {logging_mixin.py:190} INFO - 💌message is sending....
[2025-05-20T05:22:37.992+0000] {logging_mixin.py:190} INFO - 💌message is sending....
[2025-05-20T05:22:38.047+0000] {logging_mixin.py:190} INFO - 💌message is sending....
[2025-05-20T05:22:38.103+0000] {logging_mixin.py:190} INFO - 💌message is sending....
[2025-05-20T05:22:38.156+0000] {logging_mixin.py:190} INFO - 💌message is sending....
[2025-05-20T05:22:38.208+0000] {logging_mixin.py:190} INFO - 💌message is sending....
[2025-05-20T05:22:38.261+0000] {logging_mixin.py:190} INFO - 💌message is sending....
[2025-05-20T05:22:38.317+0000] {logging_mixin.py:190} INFO - 💌message is sending....
[2025-05-20T05:22:38.372+0000] {logging_mixin.py:190} INFO - 💌message is sending....
[2025-05-20T05:22:38.428+0000] {logging_mixin.py:190} INFO - 💌message is sending....
[2025-05-20T05:22:38.484+0000] {logging_mixin.py:190} INFO - 💌message is sending....
[2025-05-20T05:22:38.540+0000] {logging_mixin.py:190} INFO - 💌message is sending....
[2025-05-20T05:22:38.606+0000] {logging_mixin.py:190} INFO - 💌message is sending....
[2025-05-20T05:22:38.663+0000] {logging_mixin.py:190} INFO - 💌message is sending....
[2025-05-20T05:22:38.719+0000] {logging_mixin.py:190} INFO - 💌message is sending....
[2025-05-20T05:22:38.775+0000] {logging_mixin.py:190} INFO - 💌message is sending....
[2025-05-20T05:22:38.829+0000] {logging_mixin.py:190} INFO - 💌message is sending....
[2025-05-20T05:22:38.883+0000] {logging_mixin.py:190} INFO - 💌message is sending....
[2025-05-20T05:22:38.939+0000] {logging_mixin.py:190} INFO - 💌message is sending....
[2025-05-20T05:22:38.992+0000] {logging_mixin.py:190} INFO - 💌message is sending....
[2025-05-20T05:22:39.049+0000] {logging_mixin.py:190} INFO - 💌message is sending....
[2025-05-20T05:22:39.105+0000] {logging_mixin.py:190} INFO - 💌message is sending....
[2025-05-20T05:22:39.161+0000] {logging_mixin.py:190} INFO - 💌message is sending....
[2025-05-20T05:22:39.213+0000] {logging_mixin.py:190} INFO - 💌message is sending....
[2025-05-20T05:22:39.269+0000] {logging_mixin.py:190} INFO - 💌message is sending....
[2025-05-20T05:22:39.324+0000] {logging_mixin.py:190} INFO - 💌message is sending....
[2025-05-20T05:22:39.380+0000] {logging_mixin.py:190} INFO - 💌message is sending....
[2025-05-20T05:22:39.436+0000] {logging_mixin.py:190} INFO - 💌message is sending....
[2025-05-20T05:22:39.492+0000] {logging_mixin.py:190} INFO - 💌message is sending....
[2025-05-20T05:22:39.552+0000] {logging_mixin.py:190} INFO - 💌message is sending....
[2025-05-20T05:22:39.607+0000] {logging_mixin.py:190} INFO - 💌message is sending....
[2025-05-20T05:22:39.663+0000] {logging_mixin.py:190} INFO - 💌message is sending....
[2025-05-20T05:22:39.717+0000] {logging_mixin.py:190} INFO - 💌message is sending....
[2025-05-20T05:22:39.770+0000] {logging_mixin.py:190} INFO - 💌message is sending....
[2025-05-20T05:22:39.822+0000] {logging_mixin.py:190} INFO - 💌message is sending....
[2025-05-20T05:22:39.874+0000] {logging_mixin.py:190} INFO - 💌message is sending....
[2025-05-20T05:22:39.928+0000] {logging_mixin.py:190} INFO - 💌message is sending....
[2025-05-20T05:22:39.981+0000] {logging_mixin.py:190} INFO - 💌message is sending....
[2025-05-20T05:22:40.036+0000] {logging_mixin.py:190} INFO - 💌message is sending....
[2025-05-20T05:22:40.091+0000] {logging_mixin.py:190} INFO - 💌message is sending....
[2025-05-20T05:22:40.147+0000] {logging_mixin.py:190} INFO - 💌message is sending....
[2025-05-20T05:22:40.204+0000] {logging_mixin.py:190} INFO - 💌message is sending....
[2025-05-20T05:22:40.260+0000] {logging_mixin.py:190} INFO - 💌message is sending....
[2025-05-20T05:22:40.312+0000] {logging_mixin.py:190} INFO - 💌message is sending....
[2025-05-20T05:22:40.367+0000] {logging_mixin.py:190} INFO - 💌message is sending....
[2025-05-20T05:22:40.422+0000] {logging_mixin.py:190} INFO - 💌message is sending....
[2025-05-20T05:22:40.476+0000] {logging_mixin.py:190} INFO - 💌message is sending....
[2025-05-20T05:22:40.531+0000] {logging_mixin.py:190} INFO - 💌message is sending....
[2025-05-20T05:22:40.586+0000] {logging_mixin.py:190} INFO - 💌message is sending....
[2025-05-20T05:22:40.642+0000] {logging_mixin.py:190} INFO - 💌message is sending....
[2025-05-20T05:22:40.699+0000] {logging_mixin.py:190} INFO - 💌message is sending....
[2025-05-20T05:22:40.755+0000] {logging_mixin.py:190} INFO - 💌message is sending....
[2025-05-20T05:22:40.809+0000] {logging_mixin.py:190} INFO - 💌message is sending....
[2025-05-20T05:22:40.862+0000] {logging_mixin.py:190} INFO - 💌message is sending....
[2025-05-20T05:22:40.913+0000] {logging_mixin.py:190} INFO - 💌message is sending....
[2025-05-20T05:22:40.965+0000] {logging_mixin.py:190} INFO - 💌message is sending....
[2025-05-20T05:22:41.016+0000] {logging_mixin.py:190} INFO - 💌message is sending....
[2025-05-20T05:22:41.068+0000] {logging_mixin.py:190} INFO - 💌message is sending....
[2025-05-20T05:22:41.119+0000] {logging_mixin.py:190} INFO - 💌message is sending....
[2025-05-20T05:22:41.171+0000] {logging_mixin.py:190} INFO - 💌message is sending....
[2025-05-20T05:22:41.224+0000] {logging_mixin.py:190} INFO - 💌message is sending....
[2025-05-20T05:22:41.276+0000] {logging_mixin.py:190} INFO - 💌message is sending....
[2025-05-20T05:22:41.328+0000] {logging_mixin.py:190} INFO - 💌message is sending....
[2025-05-20T05:22:41.380+0000] {logging_mixin.py:190} INFO - 💌message is sending....
[2025-05-20T05:22:41.437+0000] {logging_mixin.py:190} INFO - 💌message is sending....
[2025-05-20T05:22:41.490+0000] {logging_mixin.py:190} INFO - 💌message is sending....
[2025-05-20T05:22:41.544+0000] {logging_mixin.py:190} INFO - 💌message is sending....
[2025-05-20T05:22:41.596+0000] {logging_mixin.py:190} INFO - 💌message is sending....
[2025-05-20T05:22:41.650+0000] {logging_mixin.py:190} INFO - 💌message is sending....
[2025-05-20T05:22:41.704+0000] {logging_mixin.py:190} INFO - 💌message is sending....
[2025-05-20T05:22:41.757+0000] {logging_mixin.py:190} INFO - 💌message is sending....
[2025-05-20T05:22:41.809+0000] {logging_mixin.py:190} INFO - 💌message is sending....
[2025-05-20T05:22:41.863+0000] {logging_mixin.py:190} INFO - 💌message is sending....
[2025-05-20T05:22:41.914+0000] {logging_mixin.py:190} INFO - 💌message is sending....
[2025-05-20T05:22:41.968+0000] {logging_mixin.py:190} INFO - 💌message is sending....
[2025-05-20T05:22:42.020+0000] {logging_mixin.py:190} INFO - 💌message is sending....
[2025-05-20T05:22:42.073+0000] {logging_mixin.py:190} INFO - 💌message is sending....
[2025-05-20T05:22:42.126+0000] {logging_mixin.py:190} INFO - 💌message is sending....
[2025-05-20T05:22:42.180+0000] {logging_mixin.py:190} INFO - 💌message is sending....
[2025-05-20T05:22:42.233+0000] {logging_mixin.py:190} INFO - 💌message is sending....
[2025-05-20T05:22:42.287+0000] {logging_mixin.py:190} INFO - 💌message is sending....
[2025-05-20T05:22:42.341+0000] {logging_mixin.py:190} INFO - 💌message is sending....
[2025-05-20T05:22:42.397+0000] {logging_mixin.py:190} INFO - 💌message is sending....
[2025-05-20T05:22:42.451+0000] {logging_mixin.py:190} INFO - 💌message is sending....
[2025-05-20T05:22:42.502+0000] {logging_mixin.py:190} INFO - 💌message is sending....
[2025-05-20T05:22:42.555+0000] {logging_mixin.py:190} INFO - 💌message is sending....
[2025-05-20T05:22:42.608+0000] {logging_mixin.py:190} INFO - 💌message is sending....
[2025-05-20T05:22:42.662+0000] {logging_mixin.py:190} INFO - 💌message is sending....
[2025-05-20T05:22:42.716+0000] {logging_mixin.py:190} INFO - 💌message is sending....
[2025-05-20T05:22:42.774+0000] {logging_mixin.py:190} INFO - 💌message is sending....
[2025-05-20T05:22:42.834+0000] {logging_mixin.py:190} INFO - 💌message is sending....
[2025-05-20T05:22:42.888+0000] {logging_mixin.py:190} INFO - 💌message is sending....
[2025-05-20T05:22:42.946+0000] {logging_mixin.py:190} INFO - 💌message is sending....
[2025-05-20T05:22:43.001+0000] {logging_mixin.py:190} INFO - 💌message is sending....
[2025-05-20T05:22:43.058+0000] {logging_mixin.py:190} INFO - 💌message is sending....
[2025-05-20T05:22:43.114+0000] {logging_mixin.py:190} INFO - 💌message is sending....
[2025-05-20T05:22:43.171+0000] {logging_mixin.py:190} INFO - 💌message is sending....
[2025-05-20T05:22:43.226+0000] {logging_mixin.py:190} INFO - 💌message is sending....
[2025-05-20T05:22:43.281+0000] {logging_mixin.py:190} INFO - 💌message is sending....
[2025-05-20T05:22:43.336+0000] {logging_mixin.py:190} INFO - 💌message is sending....
[2025-05-20T05:22:43.390+0000] {logging_mixin.py:190} INFO - 💌message is sending....
[2025-05-20T05:22:43.446+0000] {logging_mixin.py:190} INFO - 💌message is sending....
[2025-05-20T05:22:43.500+0000] {logging_mixin.py:190} INFO - 💌message is sending....
[2025-05-20T05:22:43.554+0000] {logging_mixin.py:190} INFO - 💌message is sending....
[2025-05-20T05:22:43.607+0000] {logging_mixin.py:190} INFO - 💌message is sending....
[2025-05-20T05:22:43.661+0000] {logging_mixin.py:190} INFO - 💌message is sending....
[2025-05-20T05:22:43.718+0000] {logging_mixin.py:190} INFO - 💌message is sending....
[2025-05-20T05:22:43.773+0000] {logging_mixin.py:190} INFO - 💌message is sending....
[2025-05-20T05:22:43.831+0000] {logging_mixin.py:190} INFO - 💌message is sending....
[2025-05-20T05:22:43.889+0000] {logging_mixin.py:190} INFO - 💌message is sending....
[2025-05-20T05:22:43.943+0000] {logging_mixin.py:190} INFO - 💌message is sending....
[2025-05-20T05:22:43.999+0000] {logging_mixin.py:190} INFO - 💌message is sending....
[2025-05-20T05:22:44.056+0000] {logging_mixin.py:190} INFO - 💌message is sending....
[2025-05-20T05:22:44.110+0000] {logging_mixin.py:190} INFO - 💌message is sending....
[2025-05-20T05:22:44.162+0000] {logging_mixin.py:190} INFO - 💌message is sending....
[2025-05-20T05:22:44.214+0000] {logging_mixin.py:190} INFO - 💌message is sending....
[2025-05-20T05:22:44.267+0000] {logging_mixin.py:190} INFO - 💌message is sending....
[2025-05-20T05:22:44.319+0000] {logging_mixin.py:190} INFO - 💌message is sending....
[2025-05-20T05:22:44.372+0000] {logging_mixin.py:190} INFO - 💌message is sending....
[2025-05-20T05:22:44.424+0000] {logging_mixin.py:190} INFO - 💌message is sending....
[2025-05-20T05:22:44.477+0000] {logging_mixin.py:190} INFO - 💌message is sending....
[2025-05-20T05:22:44.528+0000] {logging_mixin.py:190} INFO - 💌message is sending....
[2025-05-20T05:22:44.582+0000] {logging_mixin.py:190} INFO - 💌message is sending....
[2025-05-20T05:22:44.635+0000] {logging_mixin.py:190} INFO - 💌message is sending....
[2025-05-20T05:22:44.687+0000] {logging_mixin.py:190} INFO - 💌message is sending....
[2025-05-20T05:22:44.742+0000] {logging_mixin.py:190} INFO - 💌message is sending....
[2025-05-20T05:22:44.799+0000] {logging_mixin.py:190} INFO - 💌message is sending....
[2025-05-20T05:22:44.854+0000] {logging_mixin.py:190} INFO - 💌message is sending....
[2025-05-20T05:22:44.909+0000] {logging_mixin.py:190} INFO - 💌message is sending....
[2025-05-20T05:22:44.965+0000] {logging_mixin.py:190} INFO - 💌message is sending....
[2025-05-20T05:22:45.021+0000] {logging_mixin.py:190} INFO - 💌message is sending....
[2025-05-20T05:22:45.076+0000] {logging_mixin.py:190} INFO - 💌message is sending....
[2025-05-20T05:22:45.133+0000] {logging_mixin.py:190} INFO - 💌message is sending....
[2025-05-20T05:22:45.190+0000] {logging_mixin.py:190} INFO - 💌message is sending....
[2025-05-20T05:22:45.248+0000] {logging_mixin.py:190} INFO - 💌message is sending....
[2025-05-20T05:22:45.309+0000] {logging_mixin.py:190} INFO - 💌message is sending....
[2025-05-20T05:22:45.365+0000] {logging_mixin.py:190} INFO - 💌message is sending....
[2025-05-20T05:22:45.420+0000] {logging_mixin.py:190} INFO - 💌message is sending....
[2025-05-20T05:22:45.481+0000] {logging_mixin.py:190} INFO - 💌message is sending....
[2025-05-20T05:22:45.536+0000] {logging_mixin.py:190} INFO - 💌message is sending....
[2025-05-20T05:22:45.591+0000] {logging_mixin.py:190} INFO - 💌message is sending....
[2025-05-20T05:22:45.646+0000] {logging_mixin.py:190} INFO - 💌message is sending....
[2025-05-20T05:22:45.699+0000] {logging_mixin.py:190} INFO - 💌message is sending....
[2025-05-20T05:22:45.755+0000] {logging_mixin.py:190} INFO - 💌message is sending....
[2025-05-20T05:22:45.809+0000] {logging_mixin.py:190} INFO - 💌message is sending....
[2025-05-20T05:22:45.865+0000] {logging_mixin.py:190} INFO - 💌message is sending....
[2025-05-20T05:22:45.921+0000] {logging_mixin.py:190} INFO - 💌message is sending....
[2025-05-20T05:22:45.978+0000] {logging_mixin.py:190} INFO - 💌message is sending....
[2025-05-20T05:22:46.034+0000] {logging_mixin.py:190} INFO - 💌message is sending....
[2025-05-20T05:22:46.090+0000] {logging_mixin.py:190} INFO - 💌message is sending....
[2025-05-20T05:22:46.144+0000] {logging_mixin.py:190} INFO - 💌message is sending....
[2025-05-20T05:22:46.197+0000] {logging_mixin.py:190} INFO - 💌message is sending....
[2025-05-20T05:22:46.252+0000] {logging_mixin.py:190} INFO - 💌message is sending....
[2025-05-20T05:22:46.308+0000] {logging_mixin.py:190} INFO - 💌message is sending....
[2025-05-20T05:22:46.364+0000] {logging_mixin.py:190} INFO - 💌message is sending....
[2025-05-20T05:22:46.416+0000] {logging_mixin.py:190} INFO - 💌message is sending....
[2025-05-20T05:22:46.471+0000] {logging_mixin.py:190} INFO - 💌message is sending....
[2025-05-20T05:22:46.526+0000] {logging_mixin.py:190} INFO - 💌message is sending....
[2025-05-20T05:22:46.581+0000] {logging_mixin.py:190} INFO - 💌message is sending....
[2025-05-20T05:22:46.636+0000] {logging_mixin.py:190} INFO - 💌message is sending....
[2025-05-20T05:22:46.692+0000] {logging_mixin.py:190} INFO - 💌message is sending....
[2025-05-20T05:22:46.748+0000] {logging_mixin.py:190} INFO - 💌message is sending....
[2025-05-20T05:22:46.806+0000] {logging_mixin.py:190} INFO - 💌message is sending....
[2025-05-20T05:22:46.860+0000] {logging_mixin.py:190} INFO - 💌message is sending....
[2025-05-20T05:22:46.912+0000] {logging_mixin.py:190} INFO - 💌message is sending....
[2025-05-20T05:22:46.965+0000] {logging_mixin.py:190} INFO - 💌message is sending....
[2025-05-20T05:22:47.019+0000] {logging_mixin.py:190} INFO - 💌message is sending....
[2025-05-20T05:22:47.071+0000] {logging_mixin.py:190} INFO - 💌message is sending....
[2025-05-20T05:22:47.123+0000] {logging_mixin.py:190} INFO - ✅All messages sent
[2025-05-20T05:22:47.124+0000] {conn.py:945} INFO - <BrokerConnection client_id=kafka-python-producer-1, node_id=1 host=172.16.24.224:9092 <connected> [IPv4 ('172.16.24.224', 9092)]>: Closing connection. 
[2025-05-20T05:22:47.124+0000] {python.py:240} INFO - Done. Returned value was: None
[2025-05-20T05:22:47.128+0000] {taskinstance.py:340} INFO - ::group::Post task execution logs
[2025-05-20T05:22:47.129+0000] {taskinstance.py:352} INFO - Marking task as SUCCESS. dag_id=kafka_to_minio_to_spark, task_id=kafka_producer, run_id=scheduled__2025-05-20T01:00:00+00:00, execution_date=20250520T010000, start_date=20250520T052152, end_date=20250520T052247
[2025-05-20T05:22:47.177+0000] {local_task_job_runner.py:266} INFO - Task exited with return code 0
[2025-05-20T05:22:47.186+0000] {taskinstance.py:3900} INFO - 1 downstream tasks scheduled from follow-on schedule check
[2025-05-20T05:22:47.187+0000] {local_task_job_runner.py:245} INFO - ::endgroup::
