[2025-05-20T06:57:46.610+0000] {local_task_job_runner.py:123} INFO - ::group::Pre task execution logs
[2025-05-20T06:57:46.616+0000] {taskinstance.py:2612} INFO - Dependencies all met for dep_context=non-requeueable deps ti=<TaskInstance: kafka_to_minio_to_spark.kafka_producer scheduled__2025-05-20T01:00:00+00:00 [queued]>
[2025-05-20T06:57:46.619+0000] {taskinstance.py:2612} INFO - Dependencies all met for dep_context=requeueable deps ti=<TaskInstance: kafka_to_minio_to_spark.kafka_producer scheduled__2025-05-20T01:00:00+00:00 [queued]>
[2025-05-20T06:57:46.619+0000] {taskinstance.py:2865} INFO - Starting attempt 6 of 7
[2025-05-20T06:57:46.623+0000] {taskinstance.py:2888} INFO - Executing <Task(PythonOperator): kafka_producer> on 2025-05-20 01:00:00+00:00
[2025-05-20T06:57:46.625+0000] {standard_task_runner.py:72} INFO - Started process 472 to run task
[2025-05-20T06:57:46.627+0000] {standard_task_runner.py:104} INFO - Running: ['***', 'tasks', 'run', 'kafka_to_minio_to_spark', 'kafka_producer', 'scheduled__2025-05-20T01:00:00+00:00', '--job-id', '150', '--raw', '--subdir', 'DAGS_FOLDER/testlog_ml.py', '--cfg-path', '/tmp/tmp9nzh85gx']
[2025-05-20T06:57:46.628+0000] {standard_task_runner.py:105} INFO - Job 150: Subtask kafka_producer
[2025-05-20T06:57:46.646+0000] {task_command.py:467} INFO - Running <TaskInstance: kafka_to_minio_to_spark.kafka_producer scheduled__2025-05-20T01:00:00+00:00 [running]> on host 6efc53158415
[2025-05-20T06:57:46.744+0000] {taskinstance.py:3131} INFO - Exporting env vars: AIRFLOW_CTX_DAG_OWNER='***' AIRFLOW_CTX_DAG_ID='kafka_to_minio_to_spark' AIRFLOW_CTX_TASK_ID='kafka_producer' AIRFLOW_CTX_EXECUTION_DATE='2025-05-20T01:00:00+00:00' AIRFLOW_CTX_TRY_NUMBER='6' AIRFLOW_CTX_DAG_RUN_ID='scheduled__2025-05-20T01:00:00+00:00'
[2025-05-20T06:57:46.744+0000] {taskinstance.py:731} INFO - ::endgroup::
[2025-05-20T06:57:46.749+0000] {conn.py:396} INFO - <BrokerConnection client_id=kafka-python-producer-1, node_id=bootstrap-0 host=host.docker.internal:9092 <connecting> [IPv4 ('192.168.65.254', 9092)]>: connecting to host.docker.internal:9092 [('192.168.65.254', 9092) IPv4]
[2025-05-20T06:57:46.751+0000] {conn.py:618} INFO - <BrokerConnection client_id=kafka-python-producer-1, node_id=bootstrap-0 host=host.docker.internal:9092 <checking_api_versions_recv> [IPv4 ('192.168.65.254', 9092)]>: Broker version identified as 2.6
[2025-05-20T06:57:46.751+0000] {conn.py:457} INFO - <BrokerConnection client_id=kafka-python-producer-1, node_id=bootstrap-0 host=host.docker.internal:9092 <connected> [IPv4 ('192.168.65.254', 9092)]>: Connection complete.
[2025-05-20T06:57:46.854+0000] {conn.py:396} INFO - <BrokerConnection client_id=kafka-python-producer-1, node_id=1 host=172.16.24.224:9092 <connecting> [IPv4 ('172.16.24.224', 9092)]>: connecting to 172.16.24.224:9092 [('172.16.24.224', 9092) IPv4]
[2025-05-20T06:57:46.855+0000] {conn.py:457} INFO - <BrokerConnection client_id=kafka-python-producer-1, node_id=1 host=172.16.24.224:9092 <connected> [IPv4 ('172.16.24.224', 9092)]>: Connection complete.
[2025-05-20T06:57:46.855+0000] {conn.py:945} INFO - <BrokerConnection client_id=kafka-python-producer-1, node_id=bootstrap-0 host=host.docker.internal:9092 <connected> [IPv4 ('192.168.65.254', 9092)]>: Closing connection. 
[2025-05-20T06:57:46.859+0000] {logging_mixin.py:190} INFO - 💌message is sending....
[2025-05-20T06:57:46.913+0000] {logging_mixin.py:190} INFO - 💌message is sending....
[2025-05-20T06:57:46.968+0000] {logging_mixin.py:190} INFO - 💌message is sending....
[2025-05-20T06:57:47.022+0000] {logging_mixin.py:190} INFO - 💌message is sending....
[2025-05-20T06:57:47.078+0000] {logging_mixin.py:190} INFO - 💌message is sending....
[2025-05-20T06:57:47.138+0000] {logging_mixin.py:190} INFO - 💌message is sending....
[2025-05-20T06:57:47.198+0000] {logging_mixin.py:190} INFO - 💌message is sending....
[2025-05-20T06:57:47.254+0000] {logging_mixin.py:190} INFO - 💌message is sending....
[2025-05-20T06:57:47.307+0000] {logging_mixin.py:190} INFO - 💌message is sending....
[2025-05-20T06:57:47.360+0000] {logging_mixin.py:190} INFO - 💌message is sending....
[2025-05-20T06:57:47.411+0000] {logging_mixin.py:190} INFO - 💌message is sending....
[2025-05-20T06:57:47.464+0000] {logging_mixin.py:190} INFO - 💌message is sending....
[2025-05-20T06:57:47.516+0000] {logging_mixin.py:190} INFO - 💌message is sending....
[2025-05-20T06:57:47.568+0000] {logging_mixin.py:190} INFO - 💌message is sending....
[2025-05-20T06:57:47.620+0000] {logging_mixin.py:190} INFO - 💌message is sending....
[2025-05-20T06:57:47.673+0000] {logging_mixin.py:190} INFO - 💌message is sending....
[2025-05-20T06:57:47.726+0000] {logging_mixin.py:190} INFO - 💌message is sending....
[2025-05-20T06:57:47.781+0000] {logging_mixin.py:190} INFO - 💌message is sending....
[2025-05-20T06:57:47.833+0000] {logging_mixin.py:190} INFO - 💌message is sending....
[2025-05-20T06:57:47.887+0000] {logging_mixin.py:190} INFO - 💌message is sending....
[2025-05-20T06:57:47.943+0000] {logging_mixin.py:190} INFO - 💌message is sending....
[2025-05-20T06:57:48.000+0000] {logging_mixin.py:190} INFO - 💌message is sending....
[2025-05-20T06:57:48.060+0000] {logging_mixin.py:190} INFO - 💌message is sending....
[2025-05-20T06:57:48.115+0000] {logging_mixin.py:190} INFO - 💌message is sending....
[2025-05-20T06:57:48.170+0000] {logging_mixin.py:190} INFO - 💌message is sending....
[2025-05-20T06:57:48.224+0000] {logging_mixin.py:190} INFO - 💌message is sending....
[2025-05-20T06:57:48.280+0000] {logging_mixin.py:190} INFO - 💌message is sending....
[2025-05-20T06:57:48.335+0000] {logging_mixin.py:190} INFO - 💌message is sending....
[2025-05-20T06:57:48.390+0000] {logging_mixin.py:190} INFO - 💌message is sending....
[2025-05-20T06:57:48.442+0000] {logging_mixin.py:190} INFO - 💌message is sending....
[2025-05-20T06:57:48.494+0000] {logging_mixin.py:190} INFO - 💌message is sending....
[2025-05-20T06:57:48.546+0000] {logging_mixin.py:190} INFO - 💌message is sending....
[2025-05-20T06:57:48.600+0000] {logging_mixin.py:190} INFO - 💌message is sending....
[2025-05-20T06:57:48.652+0000] {logging_mixin.py:190} INFO - 💌message is sending....
[2025-05-20T06:57:48.705+0000] {logging_mixin.py:190} INFO - 💌message is sending....
[2025-05-20T06:57:48.760+0000] {logging_mixin.py:190} INFO - 💌message is sending....
[2025-05-20T06:57:48.813+0000] {logging_mixin.py:190} INFO - 💌message is sending....
[2025-05-20T06:57:48.867+0000] {logging_mixin.py:190} INFO - 💌message is sending....
[2025-05-20T06:57:48.920+0000] {logging_mixin.py:190} INFO - 💌message is sending....
[2025-05-20T06:57:48.974+0000] {logging_mixin.py:190} INFO - 💌message is sending....
[2025-05-20T06:57:49.026+0000] {logging_mixin.py:190} INFO - 💌message is sending....
[2025-05-20T06:57:49.079+0000] {logging_mixin.py:190} INFO - 💌message is sending....
[2025-05-20T06:57:49.133+0000] {logging_mixin.py:190} INFO - 💌message is sending....
[2025-05-20T06:57:49.186+0000] {logging_mixin.py:190} INFO - 💌message is sending....
[2025-05-20T06:57:49.241+0000] {logging_mixin.py:190} INFO - 💌message is sending....
[2025-05-20T06:57:49.297+0000] {logging_mixin.py:190} INFO - 💌message is sending....
[2025-05-20T06:57:49.353+0000] {logging_mixin.py:190} INFO - 💌message is sending....
[2025-05-20T06:57:49.410+0000] {logging_mixin.py:190} INFO - 💌message is sending....
[2025-05-20T06:57:49.467+0000] {logging_mixin.py:190} INFO - 💌message is sending....
[2025-05-20T06:57:49.522+0000] {logging_mixin.py:190} INFO - 💌message is sending....
[2025-05-20T06:57:49.580+0000] {logging_mixin.py:190} INFO - 💌message is sending....
[2025-05-20T06:57:49.636+0000] {logging_mixin.py:190} INFO - 💌message is sending....
[2025-05-20T06:57:49.691+0000] {logging_mixin.py:190} INFO - 💌message is sending....
[2025-05-20T06:57:49.747+0000] {logging_mixin.py:190} INFO - 💌message is sending....
[2025-05-20T06:57:49.803+0000] {logging_mixin.py:190} INFO - 💌message is sending....
[2025-05-20T06:57:49.858+0000] {logging_mixin.py:190} INFO - 💌message is sending....
[2025-05-20T06:57:49.910+0000] {logging_mixin.py:190} INFO - 💌message is sending....
[2025-05-20T06:57:49.965+0000] {logging_mixin.py:190} INFO - 💌message is sending....
[2025-05-20T06:57:50.021+0000] {logging_mixin.py:190} INFO - 💌message is sending....
[2025-05-20T06:57:50.079+0000] {logging_mixin.py:190} INFO - 💌message is sending....
[2025-05-20T06:57:50.135+0000] {logging_mixin.py:190} INFO - 💌message is sending....
[2025-05-20T06:57:50.190+0000] {logging_mixin.py:190} INFO - 💌message is sending....
[2025-05-20T06:57:50.245+0000] {logging_mixin.py:190} INFO - 💌message is sending....
[2025-05-20T06:57:50.299+0000] {logging_mixin.py:190} INFO - 💌message is sending....
[2025-05-20T06:57:50.353+0000] {logging_mixin.py:190} INFO - 💌message is sending....
[2025-05-20T06:57:50.408+0000] {logging_mixin.py:190} INFO - 💌message is sending....
[2025-05-20T06:57:50.465+0000] {logging_mixin.py:190} INFO - 💌message is sending....
[2025-05-20T06:57:50.521+0000] {logging_mixin.py:190} INFO - 💌message is sending....
[2025-05-20T06:57:50.577+0000] {logging_mixin.py:190} INFO - 💌message is sending....
[2025-05-20T06:57:50.634+0000] {logging_mixin.py:190} INFO - 💌message is sending....
[2025-05-20T06:57:50.696+0000] {logging_mixin.py:190} INFO - 💌message is sending....
[2025-05-20T06:57:50.751+0000] {logging_mixin.py:190} INFO - 💌message is sending....
[2025-05-20T06:57:50.806+0000] {logging_mixin.py:190} INFO - 💌message is sending....
[2025-05-20T06:57:50.863+0000] {logging_mixin.py:190} INFO - 💌message is sending....
[2025-05-20T06:57:50.918+0000] {logging_mixin.py:190} INFO - 💌message is sending....
[2025-05-20T06:57:50.973+0000] {logging_mixin.py:190} INFO - 💌message is sending....
[2025-05-20T06:57:51.038+0000] {logging_mixin.py:190} INFO - 💌message is sending....
[2025-05-20T06:57:51.095+0000] {logging_mixin.py:190} INFO - 💌message is sending....
[2025-05-20T06:57:51.152+0000] {logging_mixin.py:190} INFO - 💌message is sending....
[2025-05-20T06:57:51.209+0000] {logging_mixin.py:190} INFO - 💌message is sending....
[2025-05-20T06:57:51.267+0000] {logging_mixin.py:190} INFO - 💌message is sending....
[2025-05-20T06:57:51.323+0000] {logging_mixin.py:190} INFO - 💌message is sending....
[2025-05-20T06:57:51.377+0000] {logging_mixin.py:190} INFO - 💌message is sending....
[2025-05-20T06:57:51.431+0000] {logging_mixin.py:190} INFO - 💌message is sending....
[2025-05-20T06:57:51.485+0000] {logging_mixin.py:190} INFO - 💌message is sending....
[2025-05-20T06:57:51.539+0000] {logging_mixin.py:190} INFO - 💌message is sending....
[2025-05-20T06:57:51.596+0000] {logging_mixin.py:190} INFO - 💌message is sending....
[2025-05-20T06:57:51.651+0000] {logging_mixin.py:190} INFO - 💌message is sending....
[2025-05-20T06:57:51.711+0000] {logging_mixin.py:190} INFO - 💌message is sending....
[2025-05-20T06:57:51.769+0000] {logging_mixin.py:190} INFO - 💌message is sending....
[2025-05-20T06:57:51.826+0000] {logging_mixin.py:190} INFO - 💌message is sending....
[2025-05-20T06:57:51.883+0000] {logging_mixin.py:190} INFO - 💌message is sending....
[2025-05-20T06:57:51.936+0000] {logging_mixin.py:190} INFO - 💌message is sending....
[2025-05-20T06:57:51.990+0000] {logging_mixin.py:190} INFO - 💌message is sending....
[2025-05-20T06:57:52.043+0000] {logging_mixin.py:190} INFO - 💌message is sending....
[2025-05-20T06:57:52.097+0000] {logging_mixin.py:190} INFO - 💌message is sending....
[2025-05-20T06:57:52.153+0000] {logging_mixin.py:190} INFO - 💌message is sending....
[2025-05-20T06:57:52.209+0000] {logging_mixin.py:190} INFO - 💌message is sending....
[2025-05-20T06:57:52.268+0000] {logging_mixin.py:190} INFO - 💌message is sending....
[2025-05-20T06:57:52.326+0000] {logging_mixin.py:190} INFO - 💌message is sending....
[2025-05-20T06:57:52.381+0000] {logging_mixin.py:190} INFO - 💌message is sending....
[2025-05-20T06:57:52.434+0000] {logging_mixin.py:190} INFO - 💌message is sending....
[2025-05-20T06:57:52.487+0000] {logging_mixin.py:190} INFO - 💌message is sending....
[2025-05-20T06:57:52.540+0000] {logging_mixin.py:190} INFO - 💌message is sending....
[2025-05-20T06:57:52.595+0000] {logging_mixin.py:190} INFO - 💌message is sending....
[2025-05-20T06:57:52.665+0000] {logging_mixin.py:190} INFO - 💌message is sending....
[2025-05-20T06:57:52.720+0000] {logging_mixin.py:190} INFO - 💌message is sending....
[2025-05-20T06:57:52.778+0000] {logging_mixin.py:190} INFO - 💌message is sending....
[2025-05-20T06:57:52.837+0000] {logging_mixin.py:190} INFO - 💌message is sending....
[2025-05-20T06:57:52.894+0000] {logging_mixin.py:190} INFO - 💌message is sending....
[2025-05-20T06:57:52.949+0000] {logging_mixin.py:190} INFO - 💌message is sending....
[2025-05-20T06:57:53.006+0000] {logging_mixin.py:190} INFO - 💌message is sending....
[2025-05-20T06:57:53.063+0000] {logging_mixin.py:190} INFO - 💌message is sending....
[2025-05-20T06:57:53.118+0000] {logging_mixin.py:190} INFO - 💌message is sending....
[2025-05-20T06:57:53.178+0000] {logging_mixin.py:190} INFO - 💌message is sending....
[2025-05-20T06:57:53.235+0000] {logging_mixin.py:190} INFO - 💌message is sending....
[2025-05-20T06:57:53.292+0000] {logging_mixin.py:190} INFO - 💌message is sending....
[2025-05-20T06:57:53.348+0000] {logging_mixin.py:190} INFO - 💌message is sending....
[2025-05-20T06:57:53.403+0000] {logging_mixin.py:190} INFO - 💌message is sending....
[2025-05-20T06:57:53.457+0000] {logging_mixin.py:190} INFO - 💌message is sending....
[2025-05-20T06:57:53.511+0000] {logging_mixin.py:190} INFO - 💌message is sending....
[2025-05-20T06:57:53.565+0000] {logging_mixin.py:190} INFO - 💌message is sending....
[2025-05-20T06:57:53.621+0000] {logging_mixin.py:190} INFO - 💌message is sending....
[2025-05-20T06:57:53.678+0000] {logging_mixin.py:190} INFO - 💌message is sending....
[2025-05-20T06:57:53.734+0000] {logging_mixin.py:190} INFO - 💌message is sending....
[2025-05-20T06:57:53.791+0000] {logging_mixin.py:190} INFO - 💌message is sending....
[2025-05-20T06:57:53.847+0000] {logging_mixin.py:190} INFO - 💌message is sending....
[2025-05-20T06:57:53.901+0000] {logging_mixin.py:190} INFO - 💌message is sending....
[2025-05-20T06:57:53.956+0000] {logging_mixin.py:190} INFO - 💌message is sending....
[2025-05-20T06:57:54.013+0000] {logging_mixin.py:190} INFO - 💌message is sending....
[2025-05-20T06:57:54.071+0000] {logging_mixin.py:190} INFO - 💌message is sending....
[2025-05-20T06:57:54.127+0000] {logging_mixin.py:190} INFO - 💌message is sending....
[2025-05-20T06:57:54.185+0000] {logging_mixin.py:190} INFO - 💌message is sending....
[2025-05-20T06:57:54.240+0000] {logging_mixin.py:190} INFO - 💌message is sending....
[2025-05-20T06:57:54.294+0000] {logging_mixin.py:190} INFO - 💌message is sending....
[2025-05-20T06:57:54.351+0000] {logging_mixin.py:190} INFO - 💌message is sending....
[2025-05-20T06:57:54.408+0000] {logging_mixin.py:190} INFO - 💌message is sending....
[2025-05-20T06:57:54.464+0000] {logging_mixin.py:190} INFO - 💌message is sending....
[2025-05-20T06:57:54.517+0000] {logging_mixin.py:190} INFO - 💌message is sending....
[2025-05-20T06:57:54.571+0000] {logging_mixin.py:190} INFO - 💌message is sending....
[2025-05-20T06:57:54.623+0000] {logging_mixin.py:190} INFO - 💌message is sending....
[2025-05-20T06:57:54.676+0000] {logging_mixin.py:190} INFO - 💌message is sending....
[2025-05-20T06:57:54.727+0000] {logging_mixin.py:190} INFO - 💌message is sending....
[2025-05-20T06:57:54.779+0000] {logging_mixin.py:190} INFO - 💌message is sending....
[2025-05-20T06:57:54.832+0000] {logging_mixin.py:190} INFO - 💌message is sending....
[2025-05-20T06:57:54.885+0000] {logging_mixin.py:190} INFO - 💌message is sending....
[2025-05-20T06:57:54.936+0000] {logging_mixin.py:190} INFO - 💌message is sending....
[2025-05-20T06:57:54.990+0000] {logging_mixin.py:190} INFO - 💌message is sending....
[2025-05-20T06:57:55.044+0000] {logging_mixin.py:190} INFO - 💌message is sending....
[2025-05-20T06:57:55.096+0000] {logging_mixin.py:190} INFO - 💌message is sending....
[2025-05-20T06:57:55.149+0000] {logging_mixin.py:190} INFO - 💌message is sending....
[2025-05-20T06:57:55.206+0000] {logging_mixin.py:190} INFO - 💌message is sending....
[2025-05-20T06:57:55.260+0000] {logging_mixin.py:190} INFO - 💌message is sending....
[2025-05-20T06:57:55.316+0000] {logging_mixin.py:190} INFO - 💌message is sending....
[2025-05-20T06:57:55.371+0000] {logging_mixin.py:190} INFO - 💌message is sending....
[2025-05-20T06:57:55.424+0000] {logging_mixin.py:190} INFO - 💌message is sending....
[2025-05-20T06:57:55.475+0000] {logging_mixin.py:190} INFO - 💌message is sending....
[2025-05-20T06:57:55.528+0000] {logging_mixin.py:190} INFO - 💌message is sending....
[2025-05-20T06:57:55.585+0000] {logging_mixin.py:190} INFO - 💌message is sending....
[2025-05-20T06:57:55.641+0000] {logging_mixin.py:190} INFO - 💌message is sending....
[2025-05-20T06:57:55.697+0000] {logging_mixin.py:190} INFO - 💌message is sending....
[2025-05-20T06:57:55.753+0000] {logging_mixin.py:190} INFO - 💌message is sending....
[2025-05-20T06:57:55.808+0000] {logging_mixin.py:190} INFO - 💌message is sending....
[2025-05-20T06:57:55.864+0000] {logging_mixin.py:190} INFO - 💌message is sending....
[2025-05-20T06:57:55.919+0000] {logging_mixin.py:190} INFO - 💌message is sending....
[2025-05-20T06:57:55.977+0000] {logging_mixin.py:190} INFO - 💌message is sending....
[2025-05-20T06:57:56.033+0000] {logging_mixin.py:190} INFO - 💌message is sending....
[2025-05-20T06:57:56.088+0000] {logging_mixin.py:190} INFO - 💌message is sending....
[2025-05-20T06:57:56.144+0000] {logging_mixin.py:190} INFO - 💌message is sending....
[2025-05-20T06:57:56.202+0000] {logging_mixin.py:190} INFO - 💌message is sending....
[2025-05-20T06:57:56.257+0000] {logging_mixin.py:190} INFO - 💌message is sending....
[2025-05-20T06:57:56.314+0000] {logging_mixin.py:190} INFO - 💌message is sending....
[2025-05-20T06:57:56.368+0000] {logging_mixin.py:190} INFO - 💌message is sending....
[2025-05-20T06:57:56.423+0000] {logging_mixin.py:190} INFO - 💌message is sending....
[2025-05-20T06:57:56.477+0000] {logging_mixin.py:190} INFO - 💌message is sending....
[2025-05-20T06:57:56.530+0000] {logging_mixin.py:190} INFO - 💌message is sending....
[2025-05-20T06:57:56.583+0000] {logging_mixin.py:190} INFO - 💌message is sending....
[2025-05-20T06:57:56.640+0000] {logging_mixin.py:190} INFO - 💌message is sending....
[2025-05-20T06:57:56.696+0000] {logging_mixin.py:190} INFO - 💌message is sending....
[2025-05-20T06:57:56.750+0000] {logging_mixin.py:190} INFO - 💌message is sending....
[2025-05-20T06:57:56.805+0000] {logging_mixin.py:190} INFO - 💌message is sending....
[2025-05-20T06:57:56.857+0000] {logging_mixin.py:190} INFO - 💌message is sending....
[2025-05-20T06:57:56.909+0000] {logging_mixin.py:190} INFO - 💌message is sending....
[2025-05-20T06:57:56.967+0000] {logging_mixin.py:190} INFO - 💌message is sending....
[2025-05-20T06:57:57.023+0000] {logging_mixin.py:190} INFO - 💌message is sending....
[2025-05-20T06:57:57.080+0000] {logging_mixin.py:190} INFO - 💌message is sending....
[2025-05-20T06:57:57.135+0000] {logging_mixin.py:190} INFO - 💌message is sending....
[2025-05-20T06:57:57.191+0000] {logging_mixin.py:190} INFO - 💌message is sending....
[2025-05-20T06:57:57.246+0000] {logging_mixin.py:190} INFO - 💌message is sending....
[2025-05-20T06:57:57.303+0000] {logging_mixin.py:190} INFO - 💌message is sending....
[2025-05-20T06:57:57.358+0000] {logging_mixin.py:190} INFO - 💌message is sending....
[2025-05-20T06:57:57.413+0000] {logging_mixin.py:190} INFO - 💌message is sending....
[2025-05-20T06:57:57.464+0000] {logging_mixin.py:190} INFO - 💌message is sending....
[2025-05-20T06:57:57.518+0000] {logging_mixin.py:190} INFO - 💌message is sending....
[2025-05-20T06:57:57.569+0000] {logging_mixin.py:190} INFO - 💌message is sending....
[2025-05-20T06:57:57.624+0000] {logging_mixin.py:190} INFO - 💌message is sending....
[2025-05-20T06:57:57.682+0000] {logging_mixin.py:190} INFO - 💌message is sending....
[2025-05-20T06:57:57.740+0000] {logging_mixin.py:190} INFO - 💌message is sending....
[2025-05-20T06:57:57.797+0000] {logging_mixin.py:190} INFO - 💌message is sending....
[2025-05-20T06:57:57.853+0000] {logging_mixin.py:190} INFO - 💌message is sending....
[2025-05-20T06:57:57.918+0000] {logging_mixin.py:190} INFO - 💌message is sending....
[2025-05-20T06:57:57.980+0000] {logging_mixin.py:190} INFO - 💌message is sending....
[2025-05-20T06:57:58.033+0000] {logging_mixin.py:190} INFO - 💌message is sending....
[2025-05-20T06:57:58.085+0000] {logging_mixin.py:190} INFO - 💌message is sending....
[2025-05-20T06:57:58.137+0000] {logging_mixin.py:190} INFO - 💌message is sending....
[2025-05-20T06:57:58.191+0000] {logging_mixin.py:190} INFO - 💌message is sending....
[2025-05-20T06:57:58.244+0000] {logging_mixin.py:190} INFO - 💌message is sending....
[2025-05-20T06:57:58.303+0000] {logging_mixin.py:190} INFO - 💌message is sending....
[2025-05-20T06:57:58.358+0000] {logging_mixin.py:190} INFO - 💌message is sending....
[2025-05-20T06:57:58.414+0000] {logging_mixin.py:190} INFO - 💌message is sending....
[2025-05-20T06:57:58.468+0000] {logging_mixin.py:190} INFO - 💌message is sending....
[2025-05-20T06:57:58.524+0000] {logging_mixin.py:190} INFO - 💌message is sending....
[2025-05-20T06:57:58.575+0000] {logging_mixin.py:190} INFO - 💌message is sending....
[2025-05-20T06:57:58.629+0000] {logging_mixin.py:190} INFO - 💌message is sending....
[2025-05-20T06:57:58.687+0000] {logging_mixin.py:190} INFO - 💌message is sending....
[2025-05-20T06:57:58.741+0000] {logging_mixin.py:190} INFO - 💌message is sending....
[2025-05-20T06:57:58.795+0000] {logging_mixin.py:190} INFO - 💌message is sending....
[2025-05-20T06:57:58.851+0000] {logging_mixin.py:190} INFO - 💌message is sending....
[2025-05-20T06:57:58.906+0000] {logging_mixin.py:190} INFO - 💌message is sending....
[2025-05-20T06:57:58.962+0000] {logging_mixin.py:190} INFO - 💌message is sending....
[2025-05-20T06:57:59.018+0000] {logging_mixin.py:190} INFO - 💌message is sending....
[2025-05-20T06:57:59.076+0000] {logging_mixin.py:190} INFO - 💌message is sending....
[2025-05-20T06:57:59.133+0000] {logging_mixin.py:190} INFO - 💌message is sending....
[2025-05-20T06:57:59.190+0000] {logging_mixin.py:190} INFO - 💌message is sending....
[2025-05-20T06:57:59.245+0000] {logging_mixin.py:190} INFO - 💌message is sending....
[2025-05-20T06:57:59.302+0000] {logging_mixin.py:190} INFO - 💌message is sending....
[2025-05-20T06:57:59.359+0000] {logging_mixin.py:190} INFO - 💌message is sending....
[2025-05-20T06:57:59.415+0000] {logging_mixin.py:190} INFO - 💌message is sending....
[2025-05-20T06:57:59.472+0000] {logging_mixin.py:190} INFO - 💌message is sending....
[2025-05-20T06:57:59.525+0000] {logging_mixin.py:190} INFO - 💌message is sending....
[2025-05-20T06:57:59.578+0000] {logging_mixin.py:190} INFO - 💌message is sending....
[2025-05-20T06:57:59.631+0000] {logging_mixin.py:190} INFO - 💌message is sending....
[2025-05-20T06:57:59.687+0000] {logging_mixin.py:190} INFO - 💌message is sending....
[2025-05-20T06:57:59.745+0000] {logging_mixin.py:190} INFO - 💌message is sending....
[2025-05-20T06:57:59.802+0000] {logging_mixin.py:190} INFO - 💌message is sending....
[2025-05-20T06:57:59.856+0000] {logging_mixin.py:190} INFO - 💌message is sending....
[2025-05-20T06:57:59.912+0000] {logging_mixin.py:190} INFO - 💌message is sending....
[2025-05-20T06:57:59.967+0000] {logging_mixin.py:190} INFO - 💌message is sending....
[2025-05-20T06:58:00.020+0000] {logging_mixin.py:190} INFO - 💌message is sending....
[2025-05-20T06:58:00.075+0000] {logging_mixin.py:190} INFO - 💌message is sending....
[2025-05-20T06:58:00.128+0000] {logging_mixin.py:190} INFO - 💌message is sending....
[2025-05-20T06:58:00.181+0000] {logging_mixin.py:190} INFO - 💌message is sending....
[2025-05-20T06:58:00.235+0000] {logging_mixin.py:190} INFO - 💌message is sending....
[2025-05-20T06:58:00.291+0000] {logging_mixin.py:190} INFO - 💌message is sending....
[2025-05-20T06:58:00.345+0000] {logging_mixin.py:190} INFO - 💌message is sending....
[2025-05-20T06:58:00.403+0000] {logging_mixin.py:190} INFO - 💌message is sending....
[2025-05-20T06:58:00.457+0000] {logging_mixin.py:190} INFO - 💌message is sending....
[2025-05-20T06:58:00.508+0000] {logging_mixin.py:190} INFO - 💌message is sending....
[2025-05-20T06:58:00.563+0000] {logging_mixin.py:190} INFO - 💌message is sending....
[2025-05-20T06:58:00.618+0000] {logging_mixin.py:190} INFO - 💌message is sending....
[2025-05-20T06:58:00.673+0000] {logging_mixin.py:190} INFO - 💌message is sending....
[2025-05-20T06:58:00.727+0000] {logging_mixin.py:190} INFO - 💌message is sending....
[2025-05-20T06:58:00.786+0000] {logging_mixin.py:190} INFO - 💌message is sending....
[2025-05-20T06:58:00.844+0000] {logging_mixin.py:190} INFO - 💌message is sending....
[2025-05-20T06:58:00.907+0000] {logging_mixin.py:190} INFO - 💌message is sending....
[2025-05-20T06:58:00.961+0000] {logging_mixin.py:190} INFO - 💌message is sending....
[2025-05-20T06:58:01.015+0000] {logging_mixin.py:190} INFO - 💌message is sending....
[2025-05-20T06:58:01.067+0000] {logging_mixin.py:190} INFO - 💌message is sending....
[2025-05-20T06:58:01.120+0000] {logging_mixin.py:190} INFO - 💌message is sending....
[2025-05-20T06:58:01.172+0000] {logging_mixin.py:190} INFO - 💌message is sending....
[2025-05-20T06:58:01.227+0000] {logging_mixin.py:190} INFO - 💌message is sending....
[2025-05-20T06:58:01.282+0000] {logging_mixin.py:190} INFO - 💌message is sending....
[2025-05-20T06:58:01.341+0000] {logging_mixin.py:190} INFO - 💌message is sending....
[2025-05-20T06:58:01.396+0000] {logging_mixin.py:190} INFO - 💌message is sending....
[2025-05-20T06:58:01.451+0000] {logging_mixin.py:190} INFO - 💌message is sending....
[2025-05-20T06:58:01.505+0000] {logging_mixin.py:190} INFO - 💌message is sending....
[2025-05-20T06:58:01.562+0000] {logging_mixin.py:190} INFO - 💌message is sending....
[2025-05-20T06:58:01.616+0000] {logging_mixin.py:190} INFO - 💌message is sending....
[2025-05-20T06:58:01.673+0000] {logging_mixin.py:190} INFO - 💌message is sending....
[2025-05-20T06:58:01.733+0000] {logging_mixin.py:190} INFO - 💌message is sending....
[2025-05-20T06:58:01.787+0000] {logging_mixin.py:190} INFO - 💌message is sending....
[2025-05-20T06:58:01.840+0000] {logging_mixin.py:190} INFO - 💌message is sending....
[2025-05-20T06:58:01.893+0000] {logging_mixin.py:190} INFO - 💌message is sending....
[2025-05-20T06:58:01.951+0000] {logging_mixin.py:190} INFO - 💌message is sending....
[2025-05-20T06:58:02.006+0000] {logging_mixin.py:190} INFO - 💌message is sending....
[2025-05-20T06:58:02.061+0000] {logging_mixin.py:190} INFO - 💌message is sending....
[2025-05-20T06:58:02.116+0000] {logging_mixin.py:190} INFO - 💌message is sending....
[2025-05-20T06:58:02.173+0000] {logging_mixin.py:190} INFO - 💌message is sending....
[2025-05-20T06:58:02.233+0000] {logging_mixin.py:190} INFO - 💌message is sending....
[2025-05-20T06:58:02.288+0000] {logging_mixin.py:190} INFO - 💌message is sending....
[2025-05-20T06:58:02.343+0000] {logging_mixin.py:190} INFO - 💌message is sending....
[2025-05-20T06:58:02.399+0000] {logging_mixin.py:190} INFO - 💌message is sending....
[2025-05-20T06:58:02.454+0000] {logging_mixin.py:190} INFO - 💌message is sending....
[2025-05-20T06:58:02.511+0000] {logging_mixin.py:190} INFO - 💌message is sending....
[2025-05-20T06:58:02.566+0000] {logging_mixin.py:190} INFO - 💌message is sending....
[2025-05-20T06:58:02.618+0000] {logging_mixin.py:190} INFO - 💌message is sending....
[2025-05-20T06:58:02.671+0000] {logging_mixin.py:190} INFO - 💌message is sending....
[2025-05-20T06:58:02.727+0000] {logging_mixin.py:190} INFO - 💌message is sending....
[2025-05-20T06:58:02.782+0000] {logging_mixin.py:190} INFO - 💌message is sending....
[2025-05-20T06:58:02.834+0000] {logging_mixin.py:190} INFO - 💌message is sending....
[2025-05-20T06:58:02.889+0000] {logging_mixin.py:190} INFO - 💌message is sending....
[2025-05-20T06:58:02.947+0000] {logging_mixin.py:190} INFO - 💌message is sending....
[2025-05-20T06:58:03.004+0000] {logging_mixin.py:190} INFO - 💌message is sending....
[2025-05-20T06:58:03.061+0000] {logging_mixin.py:190} INFO - 💌message is sending....
[2025-05-20T06:58:03.115+0000] {logging_mixin.py:190} INFO - 💌message is sending....
[2025-05-20T06:58:03.169+0000] {logging_mixin.py:190} INFO - 💌message is sending....
[2025-05-20T06:58:03.224+0000] {logging_mixin.py:190} INFO - 💌message is sending....
[2025-05-20T06:58:03.280+0000] {logging_mixin.py:190} INFO - 💌message is sending....
[2025-05-20T06:58:03.335+0000] {logging_mixin.py:190} INFO - 💌message is sending....
[2025-05-20T06:58:03.391+0000] {logging_mixin.py:190} INFO - 💌message is sending....
[2025-05-20T06:58:03.448+0000] {logging_mixin.py:190} INFO - 💌message is sending....
[2025-05-20T06:58:03.503+0000] {logging_mixin.py:190} INFO - 💌message is sending....
[2025-05-20T06:58:03.558+0000] {logging_mixin.py:190} INFO - 💌message is sending....
[2025-05-20T06:58:03.615+0000] {logging_mixin.py:190} INFO - 💌message is sending....
[2025-05-20T06:58:03.673+0000] {logging_mixin.py:190} INFO - 💌message is sending....
[2025-05-20T06:58:03.727+0000] {logging_mixin.py:190} INFO - 💌message is sending....
[2025-05-20T06:58:03.782+0000] {logging_mixin.py:190} INFO - 💌message is sending....
[2025-05-20T06:58:03.838+0000] {logging_mixin.py:190} INFO - 💌message is sending....
[2025-05-20T06:58:03.892+0000] {logging_mixin.py:190} INFO - 💌message is sending....
[2025-05-20T06:58:03.952+0000] {logging_mixin.py:190} INFO - 💌message is sending....
[2025-05-20T06:58:04.007+0000] {logging_mixin.py:190} INFO - 💌message is sending....
[2025-05-20T06:58:04.066+0000] {logging_mixin.py:190} INFO - 💌message is sending....
[2025-05-20T06:58:04.121+0000] {logging_mixin.py:190} INFO - 💌message is sending....
[2025-05-20T06:58:04.172+0000] {logging_mixin.py:190} INFO - 💌message is sending....
[2025-05-20T06:58:04.229+0000] {logging_mixin.py:190} INFO - 💌message is sending....
[2025-05-20T06:58:04.281+0000] {logging_mixin.py:190} INFO - 💌message is sending....
[2025-05-20T06:58:04.332+0000] {logging_mixin.py:190} INFO - 💌message is sending....
[2025-05-20T06:58:04.386+0000] {logging_mixin.py:190} INFO - 💌message is sending....
[2025-05-20T06:58:04.443+0000] {logging_mixin.py:190} INFO - 💌message is sending....
[2025-05-20T06:58:04.499+0000] {logging_mixin.py:190} INFO - 💌message is sending....
[2025-05-20T06:58:04.554+0000] {logging_mixin.py:190} INFO - 💌message is sending....
[2025-05-20T06:58:04.612+0000] {logging_mixin.py:190} INFO - 💌message is sending....
[2025-05-20T06:58:04.667+0000] {logging_mixin.py:190} INFO - 💌message is sending....
[2025-05-20T06:58:04.720+0000] {logging_mixin.py:190} INFO - 💌message is sending....
[2025-05-20T06:58:04.772+0000] {logging_mixin.py:190} INFO - 💌message is sending....
[2025-05-20T06:58:04.825+0000] {logging_mixin.py:190} INFO - 💌message is sending....
[2025-05-20T06:58:04.877+0000] {logging_mixin.py:190} INFO - 💌message is sending....
[2025-05-20T06:58:04.928+0000] {logging_mixin.py:190} INFO - 💌message is sending....
[2025-05-20T06:58:04.980+0000] {logging_mixin.py:190} INFO - 💌message is sending....
[2025-05-20T06:58:05.032+0000] {logging_mixin.py:190} INFO - 💌message is sending....
[2025-05-20T06:58:05.083+0000] {logging_mixin.py:190} INFO - 💌message is sending....
[2025-05-20T06:58:05.134+0000] {logging_mixin.py:190} INFO - 💌message is sending....
[2025-05-20T06:58:05.186+0000] {logging_mixin.py:190} INFO - 💌message is sending....
[2025-05-20T06:58:05.237+0000] {logging_mixin.py:190} INFO - 💌message is sending....
[2025-05-20T06:58:05.289+0000] {logging_mixin.py:190} INFO - 💌message is sending....
[2025-05-20T06:58:05.343+0000] {logging_mixin.py:190} INFO - 💌message is sending....
[2025-05-20T06:58:05.398+0000] {logging_mixin.py:190} INFO - 💌message is sending....
[2025-05-20T06:58:05.454+0000] {logging_mixin.py:190} INFO - 💌message is sending....
[2025-05-20T06:58:05.505+0000] {logging_mixin.py:190} INFO - 💌message is sending....
[2025-05-20T06:58:05.560+0000] {logging_mixin.py:190} INFO - 💌message is sending....
[2025-05-20T06:58:05.616+0000] {logging_mixin.py:190} INFO - 💌message is sending....
[2025-05-20T06:58:05.672+0000] {logging_mixin.py:190} INFO - 💌message is sending....
[2025-05-20T06:58:05.728+0000] {logging_mixin.py:190} INFO - 💌message is sending....
[2025-05-20T06:58:05.784+0000] {logging_mixin.py:190} INFO - 💌message is sending....
[2025-05-20T06:58:05.837+0000] {logging_mixin.py:190} INFO - 💌message is sending....
[2025-05-20T06:58:05.890+0000] {logging_mixin.py:190} INFO - 💌message is sending....
[2025-05-20T06:58:05.941+0000] {logging_mixin.py:190} INFO - 💌message is sending....
[2025-05-20T06:58:05.994+0000] {logging_mixin.py:190} INFO - 💌message is sending....
[2025-05-20T06:58:06.047+0000] {logging_mixin.py:190} INFO - 💌message is sending....
[2025-05-20T06:58:06.102+0000] {logging_mixin.py:190} INFO - 💌message is sending....
[2025-05-20T06:58:06.158+0000] {logging_mixin.py:190} INFO - 💌message is sending....
[2025-05-20T06:58:06.214+0000] {logging_mixin.py:190} INFO - 💌message is sending....
[2025-05-20T06:58:06.270+0000] {logging_mixin.py:190} INFO - 💌message is sending....
[2025-05-20T06:58:06.326+0000] {logging_mixin.py:190} INFO - 💌message is sending....
[2025-05-20T06:58:06.382+0000] {logging_mixin.py:190} INFO - 💌message is sending....
[2025-05-20T06:58:06.440+0000] {logging_mixin.py:190} INFO - 💌message is sending....
[2025-05-20T06:58:06.494+0000] {logging_mixin.py:190} INFO - 💌message is sending....
[2025-05-20T06:58:06.547+0000] {logging_mixin.py:190} INFO - 💌message is sending....
[2025-05-20T06:58:06.600+0000] {logging_mixin.py:190} INFO - 💌message is sending....
[2025-05-20T06:58:06.658+0000] {logging_mixin.py:190} INFO - 💌message is sending....
[2025-05-20T06:58:06.713+0000] {logging_mixin.py:190} INFO - 💌message is sending....
[2025-05-20T06:58:06.769+0000] {logging_mixin.py:190} INFO - 💌message is sending....
[2025-05-20T06:58:06.823+0000] {logging_mixin.py:190} INFO - 💌message is sending....
[2025-05-20T06:58:06.878+0000] {logging_mixin.py:190} INFO - 💌message is sending....
[2025-05-20T06:58:06.931+0000] {logging_mixin.py:190} INFO - 💌message is sending....
[2025-05-20T06:58:06.987+0000] {logging_mixin.py:190} INFO - 💌message is sending....
[2025-05-20T06:58:07.043+0000] {logging_mixin.py:190} INFO - 💌message is sending....
[2025-05-20T06:58:07.097+0000] {logging_mixin.py:190} INFO - 💌message is sending....
[2025-05-20T06:58:07.149+0000] {logging_mixin.py:190} INFO - 💌message is sending....
[2025-05-20T06:58:07.201+0000] {logging_mixin.py:190} INFO - 💌message is sending....
[2025-05-20T06:58:07.255+0000] {logging_mixin.py:190} INFO - 💌message is sending....
[2025-05-20T06:58:07.307+0000] {logging_mixin.py:190} INFO - 💌message is sending....
[2025-05-20T06:58:07.362+0000] {logging_mixin.py:190} INFO - 💌message is sending....
[2025-05-20T06:58:07.415+0000] {logging_mixin.py:190} INFO - 💌message is sending....
[2025-05-20T06:58:07.469+0000] {logging_mixin.py:190} INFO - 💌message is sending....
[2025-05-20T06:58:07.520+0000] {logging_mixin.py:190} INFO - 💌message is sending....
[2025-05-20T06:58:07.572+0000] {logging_mixin.py:190} INFO - 💌message is sending....
[2025-05-20T06:58:07.624+0000] {logging_mixin.py:190} INFO - 💌message is sending....
[2025-05-20T06:58:07.677+0000] {logging_mixin.py:190} INFO - 💌message is sending....
[2025-05-20T06:58:07.732+0000] {logging_mixin.py:190} INFO - 💌message is sending....
[2025-05-20T06:58:07.788+0000] {logging_mixin.py:190} INFO - 💌message is sending....
[2025-05-20T06:58:07.843+0000] {logging_mixin.py:190} INFO - 💌message is sending....
[2025-05-20T06:58:07.898+0000] {logging_mixin.py:190} INFO - 💌message is sending....
[2025-05-20T06:58:07.949+0000] {logging_mixin.py:190} INFO - 💌message is sending....
[2025-05-20T06:58:08.001+0000] {logging_mixin.py:190} INFO - 💌message is sending....
[2025-05-20T06:58:08.052+0000] {logging_mixin.py:190} INFO - 💌message is sending....
[2025-05-20T06:58:08.104+0000] {logging_mixin.py:190} INFO - 💌message is sending....
[2025-05-20T06:58:08.155+0000] {logging_mixin.py:190} INFO - 💌message is sending....
[2025-05-20T06:58:08.210+0000] {logging_mixin.py:190} INFO - 💌message is sending....
[2025-05-20T06:58:08.262+0000] {logging_mixin.py:190} INFO - 💌message is sending....
[2025-05-20T06:58:08.315+0000] {logging_mixin.py:190} INFO - 💌message is sending....
[2025-05-20T06:58:08.367+0000] {logging_mixin.py:190} INFO - 💌message is sending....
[2025-05-20T06:58:08.420+0000] {logging_mixin.py:190} INFO - 💌message is sending....
[2025-05-20T06:58:08.474+0000] {logging_mixin.py:190} INFO - 💌message is sending....
[2025-05-20T06:58:08.532+0000] {logging_mixin.py:190} INFO - 💌message is sending....
[2025-05-20T06:58:08.585+0000] {logging_mixin.py:190} INFO - 💌message is sending....
[2025-05-20T06:58:08.637+0000] {logging_mixin.py:190} INFO - 💌message is sending....
[2025-05-20T06:58:08.691+0000] {logging_mixin.py:190} INFO - 💌message is sending....
[2025-05-20T06:58:08.744+0000] {logging_mixin.py:190} INFO - 💌message is sending....
[2025-05-20T06:58:08.799+0000] {logging_mixin.py:190} INFO - 💌message is sending....
[2025-05-20T06:58:08.856+0000] {logging_mixin.py:190} INFO - 💌message is sending....
[2025-05-20T06:58:08.913+0000] {logging_mixin.py:190} INFO - 💌message is sending....
[2025-05-20T06:58:08.975+0000] {logging_mixin.py:190} INFO - 💌message is sending....
[2025-05-20T06:58:09.030+0000] {logging_mixin.py:190} INFO - 💌message is sending....
[2025-05-20T06:58:09.084+0000] {logging_mixin.py:190} INFO - 💌message is sending....
[2025-05-20T06:58:09.141+0000] {logging_mixin.py:190} INFO - 💌message is sending....
[2025-05-20T06:58:09.198+0000] {logging_mixin.py:190} INFO - 💌message is sending....
[2025-05-20T06:58:09.253+0000] {logging_mixin.py:190} INFO - 💌message is sending....
[2025-05-20T06:58:09.308+0000] {logging_mixin.py:190} INFO - 💌message is sending....
[2025-05-20T06:58:09.361+0000] {logging_mixin.py:190} INFO - 💌message is sending....
[2025-05-20T06:58:09.412+0000] {logging_mixin.py:190} INFO - 💌message is sending....
[2025-05-20T06:58:09.463+0000] {logging_mixin.py:190} INFO - 💌message is sending....
[2025-05-20T06:58:09.516+0000] {logging_mixin.py:190} INFO - 💌message is sending....
[2025-05-20T06:58:09.567+0000] {logging_mixin.py:190} INFO - 💌message is sending....
[2025-05-20T06:58:09.619+0000] {logging_mixin.py:190} INFO - 💌message is sending....
[2025-05-20T06:58:09.671+0000] {logging_mixin.py:190} INFO - 💌message is sending....
[2025-05-20T06:58:09.722+0000] {logging_mixin.py:190} INFO - 💌message is sending....
[2025-05-20T06:58:09.774+0000] {logging_mixin.py:190} INFO - 💌message is sending....
[2025-05-20T06:58:09.826+0000] {logging_mixin.py:190} INFO - 💌message is sending....
[2025-05-20T06:58:09.877+0000] {logging_mixin.py:190} INFO - 💌message is sending....
[2025-05-20T06:58:09.929+0000] {logging_mixin.py:190} INFO - 💌message is sending....
[2025-05-20T06:58:09.980+0000] {logging_mixin.py:190} INFO - 💌message is sending....
[2025-05-20T06:58:10.032+0000] {logging_mixin.py:190} INFO - 💌message is sending....
[2025-05-20T06:58:10.083+0000] {logging_mixin.py:190} INFO - 💌message is sending....
[2025-05-20T06:58:10.135+0000] {logging_mixin.py:190} INFO - 💌message is sending....
[2025-05-20T06:58:10.187+0000] {logging_mixin.py:190} INFO - 💌message is sending....
[2025-05-20T06:58:10.238+0000] {logging_mixin.py:190} INFO - 💌message is sending....
[2025-05-20T06:58:10.290+0000] {logging_mixin.py:190} INFO - 💌message is sending....
[2025-05-20T06:58:10.343+0000] {logging_mixin.py:190} INFO - 💌message is sending....
[2025-05-20T06:58:10.394+0000] {logging_mixin.py:190} INFO - 💌message is sending....
[2025-05-20T06:58:10.446+0000] {logging_mixin.py:190} INFO - 💌message is sending....
[2025-05-20T06:58:10.498+0000] {logging_mixin.py:190} INFO - 💌message is sending....
[2025-05-20T06:58:10.550+0000] {logging_mixin.py:190} INFO - 💌message is sending....
[2025-05-20T06:58:10.602+0000] {logging_mixin.py:190} INFO - 💌message is sending....
[2025-05-20T06:58:10.653+0000] {logging_mixin.py:190} INFO - 💌message is sending....
[2025-05-20T06:58:10.707+0000] {logging_mixin.py:190} INFO - 💌message is sending....
[2025-05-20T06:58:10.761+0000] {logging_mixin.py:190} INFO - 💌message is sending....
[2025-05-20T06:58:10.816+0000] {logging_mixin.py:190} INFO - 💌message is sending....
[2025-05-20T06:58:10.873+0000] {logging_mixin.py:190} INFO - 💌message is sending....
[2025-05-20T06:58:10.929+0000] {logging_mixin.py:190} INFO - 💌message is sending....
[2025-05-20T06:58:10.984+0000] {logging_mixin.py:190} INFO - 💌message is sending....
[2025-05-20T06:58:11.039+0000] {logging_mixin.py:190} INFO - 💌message is sending....
[2025-05-20T06:58:11.093+0000] {logging_mixin.py:190} INFO - 💌message is sending....
[2025-05-20T06:58:11.147+0000] {logging_mixin.py:190} INFO - 💌message is sending....
[2025-05-20T06:58:11.203+0000] {logging_mixin.py:190} INFO - 💌message is sending....
[2025-05-20T06:58:11.260+0000] {logging_mixin.py:190} INFO - 💌message is sending....
[2025-05-20T06:58:11.318+0000] {logging_mixin.py:190} INFO - 💌message is sending....
[2025-05-20T06:58:11.374+0000] {logging_mixin.py:190} INFO - 💌message is sending....
[2025-05-20T06:58:11.435+0000] {logging_mixin.py:190} INFO - 💌message is sending....
[2025-05-20T06:58:11.491+0000] {logging_mixin.py:190} INFO - 💌message is sending....
[2025-05-20T06:58:11.545+0000] {logging_mixin.py:190} INFO - 💌message is sending....
[2025-05-20T06:58:11.602+0000] {logging_mixin.py:190} INFO - 💌message is sending....
[2025-05-20T06:58:11.658+0000] {logging_mixin.py:190} INFO - 💌message is sending....
[2025-05-20T06:58:11.714+0000] {logging_mixin.py:190} INFO - 💌message is sending....
[2025-05-20T06:58:11.771+0000] {logging_mixin.py:190} INFO - 💌message is sending....
[2025-05-20T06:58:11.826+0000] {logging_mixin.py:190} INFO - 💌message is sending....
[2025-05-20T06:58:11.881+0000] {logging_mixin.py:190} INFO - 💌message is sending....
[2025-05-20T06:58:11.936+0000] {logging_mixin.py:190} INFO - 💌message is sending....
[2025-05-20T06:58:11.991+0000] {logging_mixin.py:190} INFO - 💌message is sending....
[2025-05-20T06:58:12.047+0000] {logging_mixin.py:190} INFO - 💌message is sending....
[2025-05-20T06:58:12.102+0000] {logging_mixin.py:190} INFO - 💌message is sending....
[2025-05-20T06:58:12.157+0000] {logging_mixin.py:190} INFO - 💌message is sending....
[2025-05-20T06:58:12.210+0000] {logging_mixin.py:190} INFO - 💌message is sending....
[2025-05-20T06:58:12.261+0000] {logging_mixin.py:190} INFO - 💌message is sending....
[2025-05-20T06:58:12.318+0000] {logging_mixin.py:190} INFO - 💌message is sending....
[2025-05-20T06:58:12.372+0000] {logging_mixin.py:190} INFO - 💌message is sending....
[2025-05-20T06:58:12.426+0000] {logging_mixin.py:190} INFO - 💌message is sending....
[2025-05-20T06:58:12.483+0000] {logging_mixin.py:190} INFO - 💌message is sending....
[2025-05-20T06:58:12.541+0000] {logging_mixin.py:190} INFO - 💌message is sending....
[2025-05-20T06:58:12.598+0000] {logging_mixin.py:190} INFO - 💌message is sending....
[2025-05-20T06:58:12.650+0000] {logging_mixin.py:190} INFO - 💌message is sending....
[2025-05-20T06:58:12.702+0000] {logging_mixin.py:190} INFO - 💌message is sending....
[2025-05-20T06:58:12.757+0000] {logging_mixin.py:190} INFO - 💌message is sending....
[2025-05-20T06:58:12.812+0000] {logging_mixin.py:190} INFO - 💌message is sending....
[2025-05-20T06:58:12.870+0000] {logging_mixin.py:190} INFO - 💌message is sending....
[2025-05-20T06:58:12.926+0000] {logging_mixin.py:190} INFO - 💌message is sending....
[2025-05-20T06:58:12.983+0000] {logging_mixin.py:190} INFO - 💌message is sending....
[2025-05-20T06:58:13.037+0000] {logging_mixin.py:190} INFO - 💌message is sending....
[2025-05-20T06:58:13.092+0000] {logging_mixin.py:190} INFO - 💌message is sending....
[2025-05-20T06:58:13.146+0000] {logging_mixin.py:190} INFO - 💌message is sending....
[2025-05-20T06:58:13.197+0000] {logging_mixin.py:190} INFO - 💌message is sending....
[2025-05-20T06:58:13.251+0000] {logging_mixin.py:190} INFO - 💌message is sending....
[2025-05-20T06:58:13.304+0000] {logging_mixin.py:190} INFO - 💌message is sending....
[2025-05-20T06:58:13.362+0000] {logging_mixin.py:190} INFO - 💌message is sending....
[2025-05-20T06:58:13.417+0000] {logging_mixin.py:190} INFO - 💌message is sending....
[2025-05-20T06:58:13.473+0000] {logging_mixin.py:190} INFO - 💌message is sending....
[2025-05-20T06:58:13.527+0000] {logging_mixin.py:190} INFO - 💌message is sending....
[2025-05-20T06:58:13.584+0000] {logging_mixin.py:190} INFO - 💌message is sending....
[2025-05-20T06:58:13.640+0000] {logging_mixin.py:190} INFO - 💌message is sending....
[2025-05-20T06:58:13.694+0000] {logging_mixin.py:190} INFO - 💌message is sending....
[2025-05-20T06:58:13.748+0000] {logging_mixin.py:190} INFO - 💌message is sending....
[2025-05-20T06:58:13.803+0000] {logging_mixin.py:190} INFO - 💌message is sending....
[2025-05-20T06:58:13.858+0000] {logging_mixin.py:190} INFO - 💌message is sending....
[2025-05-20T06:58:13.913+0000] {logging_mixin.py:190} INFO - 💌message is sending....
[2025-05-20T06:58:13.971+0000] {logging_mixin.py:190} INFO - 💌message is sending....
[2025-05-20T06:58:14.026+0000] {logging_mixin.py:190} INFO - 💌message is sending....
[2025-05-20T06:58:14.082+0000] {logging_mixin.py:190} INFO - 💌message is sending....
[2025-05-20T06:58:14.138+0000] {logging_mixin.py:190} INFO - 💌message is sending....
[2025-05-20T06:58:14.192+0000] {logging_mixin.py:190} INFO - 💌message is sending....
[2025-05-20T06:58:14.249+0000] {logging_mixin.py:190} INFO - 💌message is sending....
[2025-05-20T06:58:14.304+0000] {logging_mixin.py:190} INFO - 💌message is sending....
[2025-05-20T06:58:14.359+0000] {logging_mixin.py:190} INFO - 💌message is sending....
[2025-05-20T06:58:14.413+0000] {logging_mixin.py:190} INFO - 💌message is sending....
[2025-05-20T06:58:14.469+0000] {logging_mixin.py:190} INFO - 💌message is sending....
[2025-05-20T06:58:14.525+0000] {logging_mixin.py:190} INFO - 💌message is sending....
[2025-05-20T06:58:14.580+0000] {logging_mixin.py:190} INFO - 💌message is sending....
[2025-05-20T06:58:14.634+0000] {logging_mixin.py:190} INFO - 💌message is sending....
[2025-05-20T06:58:14.692+0000] {logging_mixin.py:190} INFO - 💌message is sending....
[2025-05-20T06:58:14.744+0000] {logging_mixin.py:190} INFO - 💌message is sending....
[2025-05-20T06:58:14.795+0000] {logging_mixin.py:190} INFO - 💌message is sending....
[2025-05-20T06:58:14.851+0000] {logging_mixin.py:190} INFO - 💌message is sending....
[2025-05-20T06:58:14.906+0000] {logging_mixin.py:190} INFO - 💌message is sending....
[2025-05-20T06:58:14.959+0000] {logging_mixin.py:190} INFO - 💌message is sending....
[2025-05-20T06:58:15.013+0000] {logging_mixin.py:190} INFO - 💌message is sending....
[2025-05-20T06:58:15.069+0000] {logging_mixin.py:190} INFO - 💌message is sending....
[2025-05-20T06:58:15.124+0000] {logging_mixin.py:190} INFO - 💌message is sending....
[2025-05-20T06:58:15.178+0000] {logging_mixin.py:190} INFO - 💌message is sending....
[2025-05-20T06:58:15.233+0000] {logging_mixin.py:190} INFO - 💌message is sending....
[2025-05-20T06:58:15.289+0000] {logging_mixin.py:190} INFO - 💌message is sending....
[2025-05-20T06:58:15.345+0000] {logging_mixin.py:190} INFO - 💌message is sending....
[2025-05-20T06:58:15.400+0000] {logging_mixin.py:190} INFO - 💌message is sending....
[2025-05-20T06:58:15.459+0000] {logging_mixin.py:190} INFO - 💌message is sending....
[2025-05-20T06:58:15.513+0000] {logging_mixin.py:190} INFO - 💌message is sending....
[2025-05-20T06:58:15.567+0000] {logging_mixin.py:190} INFO - 💌message is sending....
[2025-05-20T06:58:15.622+0000] {logging_mixin.py:190} INFO - 💌message is sending....
[2025-05-20T06:58:15.676+0000] {logging_mixin.py:190} INFO - 💌message is sending....
[2025-05-20T06:58:15.731+0000] {logging_mixin.py:190} INFO - 💌message is sending....
[2025-05-20T06:58:15.790+0000] {logging_mixin.py:190} INFO - 💌message is sending....
[2025-05-20T06:58:15.843+0000] {logging_mixin.py:190} INFO - 💌message is sending....
[2025-05-20T06:58:15.897+0000] {logging_mixin.py:190} INFO - 💌message is sending....
[2025-05-20T06:58:15.953+0000] {logging_mixin.py:190} INFO - 💌message is sending....
[2025-05-20T06:58:16.010+0000] {logging_mixin.py:190} INFO - 💌message is sending....
[2025-05-20T06:58:16.066+0000] {logging_mixin.py:190} INFO - 💌message is sending....
[2025-05-20T06:58:16.121+0000] {logging_mixin.py:190} INFO - 💌message is sending....
[2025-05-20T06:58:16.179+0000] {logging_mixin.py:190} INFO - 💌message is sending....
[2025-05-20T06:58:16.234+0000] {logging_mixin.py:190} INFO - 💌message is sending....
[2025-05-20T06:58:16.294+0000] {logging_mixin.py:190} INFO - 💌message is sending....
[2025-05-20T06:58:16.353+0000] {logging_mixin.py:190} INFO - 💌message is sending....
[2025-05-20T06:58:16.409+0000] {logging_mixin.py:190} INFO - 💌message is sending....
[2025-05-20T06:58:16.463+0000] {logging_mixin.py:190} INFO - 💌message is sending....
[2025-05-20T06:58:16.519+0000] {logging_mixin.py:190} INFO - 💌message is sending....
[2025-05-20T06:58:16.573+0000] {logging_mixin.py:190} INFO - 💌message is sending....
[2025-05-20T06:58:16.626+0000] {logging_mixin.py:190} INFO - 💌message is sending....
[2025-05-20T06:58:16.679+0000] {logging_mixin.py:190} INFO - 💌message is sending....
[2025-05-20T06:58:16.736+0000] {logging_mixin.py:190} INFO - 💌message is sending....
[2025-05-20T06:58:16.791+0000] {logging_mixin.py:190} INFO - 💌message is sending....
[2025-05-20T06:58:16.845+0000] {logging_mixin.py:190} INFO - 💌message is sending....
[2025-05-20T06:58:16.902+0000] {logging_mixin.py:190} INFO - 💌message is sending....
[2025-05-20T06:58:16.955+0000] {logging_mixin.py:190} INFO - 💌message is sending....
[2025-05-20T06:58:17.008+0000] {logging_mixin.py:190} INFO - 💌message is sending....
[2025-05-20T06:58:17.063+0000] {logging_mixin.py:190} INFO - 💌message is sending....
[2025-05-20T06:58:17.117+0000] {logging_mixin.py:190} INFO - 💌message is sending....
[2025-05-20T06:58:17.172+0000] {logging_mixin.py:190} INFO - 💌message is sending....
[2025-05-20T06:58:17.228+0000] {logging_mixin.py:190} INFO - 💌message is sending....
[2025-05-20T06:58:17.285+0000] {logging_mixin.py:190} INFO - 💌message is sending....
[2025-05-20T06:58:17.340+0000] {logging_mixin.py:190} INFO - 💌message is sending....
[2025-05-20T06:58:17.395+0000] {logging_mixin.py:190} INFO - 💌message is sending....
[2025-05-20T06:58:17.446+0000] {logging_mixin.py:190} INFO - 💌message is sending....
[2025-05-20T06:58:17.499+0000] {logging_mixin.py:190} INFO - 💌message is sending....
[2025-05-20T06:58:17.551+0000] {logging_mixin.py:190} INFO - 💌message is sending....
[2025-05-20T06:58:17.604+0000] {logging_mixin.py:190} INFO - 💌message is sending....
[2025-05-20T06:58:17.660+0000] {logging_mixin.py:190} INFO - 💌message is sending....
[2025-05-20T06:58:17.714+0000] {logging_mixin.py:190} INFO - 💌message is sending....
[2025-05-20T06:58:17.768+0000] {logging_mixin.py:190} INFO - 💌message is sending....
[2025-05-20T06:58:17.823+0000] {logging_mixin.py:190} INFO - 💌message is sending....
[2025-05-20T06:58:17.879+0000] {logging_mixin.py:190} INFO - 💌message is sending....
[2025-05-20T06:58:17.935+0000] {logging_mixin.py:190} INFO - 💌message is sending....
[2025-05-20T06:58:17.989+0000] {logging_mixin.py:190} INFO - 💌message is sending....
[2025-05-20T06:58:18.047+0000] {logging_mixin.py:190} INFO - 💌message is sending....
[2025-05-20T06:58:18.102+0000] {logging_mixin.py:190} INFO - 💌message is sending....
[2025-05-20T06:58:18.156+0000] {logging_mixin.py:190} INFO - 💌message is sending....
[2025-05-20T06:58:18.210+0000] {logging_mixin.py:190} INFO - 💌message is sending....
[2025-05-20T06:58:18.265+0000] {logging_mixin.py:190} INFO - 💌message is sending....
[2025-05-20T06:58:18.317+0000] {logging_mixin.py:190} INFO - 💌message is sending....
[2025-05-20T06:58:18.368+0000] {logging_mixin.py:190} INFO - 💌message is sending....
[2025-05-20T06:58:18.422+0000] {logging_mixin.py:190} INFO - 💌message is sending....
[2025-05-20T06:58:18.476+0000] {logging_mixin.py:190} INFO - 💌message is sending....
[2025-05-20T06:58:18.529+0000] {logging_mixin.py:190} INFO - 💌message is sending....
[2025-05-20T06:58:18.583+0000] {logging_mixin.py:190} INFO - 💌message is sending....
[2025-05-20T06:58:18.639+0000] {logging_mixin.py:190} INFO - 💌message is sending....
[2025-05-20T06:58:18.697+0000] {logging_mixin.py:190} INFO - 💌message is sending....
[2025-05-20T06:58:18.752+0000] {logging_mixin.py:190} INFO - 💌message is sending....
[2025-05-20T06:58:18.805+0000] {logging_mixin.py:190} INFO - 💌message is sending....
[2025-05-20T06:58:18.859+0000] {logging_mixin.py:190} INFO - 💌message is sending....
[2025-05-20T06:58:18.915+0000] {logging_mixin.py:190} INFO - 💌message is sending....
[2025-05-20T06:58:18.971+0000] {logging_mixin.py:190} INFO - 💌message is sending....
[2025-05-20T06:58:19.026+0000] {logging_mixin.py:190} INFO - 💌message is sending....
[2025-05-20T06:58:19.081+0000] {logging_mixin.py:190} INFO - 💌message is sending....
[2025-05-20T06:58:19.136+0000] {logging_mixin.py:190} INFO - 💌message is sending....
[2025-05-20T06:58:19.190+0000] {logging_mixin.py:190} INFO - 💌message is sending....
[2025-05-20T06:58:19.244+0000] {logging_mixin.py:190} INFO - 💌message is sending....
[2025-05-20T06:58:19.299+0000] {logging_mixin.py:190} INFO - 💌message is sending....
[2025-05-20T06:58:19.352+0000] {logging_mixin.py:190} INFO - 💌message is sending....
[2025-05-20T06:58:19.411+0000] {logging_mixin.py:190} INFO - 💌message is sending....
[2025-05-20T06:58:19.465+0000] {logging_mixin.py:190} INFO - 💌message is sending....
[2025-05-20T06:58:19.521+0000] {logging_mixin.py:190} INFO - 💌message is sending....
[2025-05-20T06:58:19.586+0000] {logging_mixin.py:190} INFO - 💌message is sending....
[2025-05-20T06:58:19.639+0000] {logging_mixin.py:190} INFO - 💌message is sending....
[2025-05-20T06:58:19.694+0000] {logging_mixin.py:190} INFO - 💌message is sending....
[2025-05-20T06:58:19.750+0000] {logging_mixin.py:190} INFO - 💌message is sending....
[2025-05-20T06:58:19.806+0000] {logging_mixin.py:190} INFO - 💌message is sending....
[2025-05-20T06:58:19.860+0000] {logging_mixin.py:190} INFO - 💌message is sending....
[2025-05-20T06:58:19.914+0000] {logging_mixin.py:190} INFO - 💌message is sending....
[2025-05-20T06:58:19.969+0000] {logging_mixin.py:190} INFO - 💌message is sending....
[2025-05-20T06:58:20.025+0000] {logging_mixin.py:190} INFO - 💌message is sending....
[2025-05-20T06:58:20.081+0000] {logging_mixin.py:190} INFO - 💌message is sending....
[2025-05-20T06:58:20.136+0000] {logging_mixin.py:190} INFO - 💌message is sending....
[2025-05-20T06:58:20.190+0000] {logging_mixin.py:190} INFO - 💌message is sending....
[2025-05-20T06:58:20.244+0000] {logging_mixin.py:190} INFO - 💌message is sending....
[2025-05-20T06:58:20.297+0000] {logging_mixin.py:190} INFO - 💌message is sending....
[2025-05-20T06:58:20.350+0000] {logging_mixin.py:190} INFO - 💌message is sending....
[2025-05-20T06:58:20.403+0000] {logging_mixin.py:190} INFO - 💌message is sending....
[2025-05-20T06:58:20.457+0000] {logging_mixin.py:190} INFO - 💌message is sending....
[2025-05-20T06:58:20.519+0000] {logging_mixin.py:190} INFO - 💌message is sending....
[2025-05-20T06:58:20.572+0000] {logging_mixin.py:190} INFO - 💌message is sending....
[2025-05-20T06:58:20.625+0000] {logging_mixin.py:190} INFO - 💌message is sending....
[2025-05-20T06:58:20.679+0000] {logging_mixin.py:190} INFO - 💌message is sending....
[2025-05-20T06:58:20.733+0000] {logging_mixin.py:190} INFO - 💌message is sending....
[2025-05-20T06:58:20.788+0000] {logging_mixin.py:190} INFO - 💌message is sending....
[2025-05-20T06:58:20.842+0000] {logging_mixin.py:190} INFO - 💌message is sending....
[2025-05-20T06:58:20.897+0000] {logging_mixin.py:190} INFO - 💌message is sending....
[2025-05-20T06:58:20.952+0000] {logging_mixin.py:190} INFO - 💌message is sending....
[2025-05-20T06:58:21.009+0000] {logging_mixin.py:190} INFO - 💌message is sending....
[2025-05-20T06:58:21.064+0000] {logging_mixin.py:190} INFO - 💌message is sending....
[2025-05-20T06:58:21.119+0000] {logging_mixin.py:190} INFO - 💌message is sending....
[2025-05-20T06:58:21.174+0000] {logging_mixin.py:190} INFO - 💌message is sending....
[2025-05-20T06:58:21.228+0000] {logging_mixin.py:190} INFO - 💌message is sending....
[2025-05-20T06:58:21.284+0000] {logging_mixin.py:190} INFO - 💌message is sending....
[2025-05-20T06:58:21.343+0000] {logging_mixin.py:190} INFO - 💌message is sending....
[2025-05-20T06:58:21.399+0000] {logging_mixin.py:190} INFO - 💌message is sending....
[2025-05-20T06:58:21.453+0000] {logging_mixin.py:190} INFO - 💌message is sending....
[2025-05-20T06:58:21.508+0000] {logging_mixin.py:190} INFO - 💌message is sending....
[2025-05-20T06:58:21.564+0000] {logging_mixin.py:190} INFO - 💌message is sending....
[2025-05-20T06:58:21.618+0000] {logging_mixin.py:190} INFO - 💌message is sending....
[2025-05-20T06:58:21.671+0000] {logging_mixin.py:190} INFO - 💌message is sending....
[2025-05-20T06:58:21.727+0000] {logging_mixin.py:190} INFO - 💌message is sending....
[2025-05-20T06:58:21.780+0000] {logging_mixin.py:190} INFO - 💌message is sending....
[2025-05-20T06:58:21.837+0000] {logging_mixin.py:190} INFO - 💌message is sending....
[2025-05-20T06:58:21.892+0000] {logging_mixin.py:190} INFO - 💌message is sending....
[2025-05-20T06:58:21.945+0000] {logging_mixin.py:190} INFO - 💌message is sending....
[2025-05-20T06:58:21.998+0000] {logging_mixin.py:190} INFO - 💌message is sending....
[2025-05-20T06:58:22.051+0000] {logging_mixin.py:190} INFO - 💌message is sending....
[2025-05-20T06:58:22.108+0000] {logging_mixin.py:190} INFO - 💌message is sending....
[2025-05-20T06:58:22.163+0000] {logging_mixin.py:190} INFO - 💌message is sending....
[2025-05-20T06:58:22.219+0000] {logging_mixin.py:190} INFO - 💌message is sending....
[2025-05-20T06:58:22.273+0000] {logging_mixin.py:190} INFO - 💌message is sending....
[2025-05-20T06:58:22.330+0000] {logging_mixin.py:190} INFO - 💌message is sending....
[2025-05-20T06:58:22.386+0000] {logging_mixin.py:190} INFO - 💌message is sending....
[2025-05-20T06:58:22.442+0000] {logging_mixin.py:190} INFO - 💌message is sending....
[2025-05-20T06:58:22.498+0000] {logging_mixin.py:190} INFO - 💌message is sending....
[2025-05-20T06:58:22.554+0000] {logging_mixin.py:190} INFO - 💌message is sending....
[2025-05-20T06:58:22.612+0000] {logging_mixin.py:190} INFO - 💌message is sending....
[2025-05-20T06:58:22.664+0000] {logging_mixin.py:190} INFO - 💌message is sending....
[2025-05-20T06:58:22.720+0000] {logging_mixin.py:190} INFO - 💌message is sending....
[2025-05-20T06:58:22.772+0000] {logging_mixin.py:190} INFO - 💌message is sending....
[2025-05-20T06:58:22.827+0000] {logging_mixin.py:190} INFO - 💌message is sending....
[2025-05-20T06:58:22.881+0000] {logging_mixin.py:190} INFO - 💌message is sending....
[2025-05-20T06:58:22.934+0000] {logging_mixin.py:190} INFO - 💌message is sending....
[2025-05-20T06:58:22.998+0000] {logging_mixin.py:190} INFO - 💌message is sending....
[2025-05-20T06:58:23.051+0000] {logging_mixin.py:190} INFO - 💌message is sending....
[2025-05-20T06:58:23.105+0000] {logging_mixin.py:190} INFO - 💌message is sending....
[2025-05-20T06:58:23.160+0000] {logging_mixin.py:190} INFO - 💌message is sending....
[2025-05-20T06:58:23.215+0000] {logging_mixin.py:190} INFO - 💌message is sending....
[2025-05-20T06:58:23.270+0000] {logging_mixin.py:190} INFO - 💌message is sending....
[2025-05-20T06:58:23.327+0000] {logging_mixin.py:190} INFO - 💌message is sending....
[2025-05-20T06:58:23.381+0000] {logging_mixin.py:190} INFO - 💌message is sending....
[2025-05-20T06:58:23.438+0000] {logging_mixin.py:190} INFO - 💌message is sending....
[2025-05-20T06:58:23.494+0000] {logging_mixin.py:190} INFO - 💌message is sending....
[2025-05-20T06:58:23.550+0000] {logging_mixin.py:190} INFO - 💌message is sending....
[2025-05-20T06:58:23.608+0000] {logging_mixin.py:190} INFO - 💌message is sending....
[2025-05-20T06:58:23.663+0000] {logging_mixin.py:190} INFO - 💌message is sending....
[2025-05-20T06:58:23.718+0000] {logging_mixin.py:190} INFO - 💌message is sending....
[2025-05-20T06:58:23.770+0000] {logging_mixin.py:190} INFO - 💌message is sending....
[2025-05-20T06:58:23.826+0000] {logging_mixin.py:190} INFO - 💌message is sending....
[2025-05-20T06:58:23.882+0000] {logging_mixin.py:190} INFO - 💌message is sending....
[2025-05-20T06:58:23.937+0000] {logging_mixin.py:190} INFO - 💌message is sending....
[2025-05-20T06:58:23.993+0000] {logging_mixin.py:190} INFO - 💌message is sending....
[2025-05-20T06:58:24.049+0000] {logging_mixin.py:190} INFO - 💌message is sending....
[2025-05-20T06:58:24.104+0000] {logging_mixin.py:190} INFO - 💌message is sending....
[2025-05-20T06:58:24.159+0000] {logging_mixin.py:190} INFO - 💌message is sending....
[2025-05-20T06:58:24.214+0000] {logging_mixin.py:190} INFO - 💌message is sending....
[2025-05-20T06:58:24.268+0000] {logging_mixin.py:190} INFO - 💌message is sending....
[2025-05-20T06:58:24.324+0000] {logging_mixin.py:190} INFO - 💌message is sending....
[2025-05-20T06:58:24.378+0000] {logging_mixin.py:190} INFO - 💌message is sending....
[2025-05-20T06:58:24.435+0000] {logging_mixin.py:190} INFO - 💌message is sending....
[2025-05-20T06:58:24.494+0000] {logging_mixin.py:190} INFO - 💌message is sending....
[2025-05-20T06:58:24.551+0000] {logging_mixin.py:190} INFO - 💌message is sending....
[2025-05-20T06:58:24.605+0000] {logging_mixin.py:190} INFO - 💌message is sending....
[2025-05-20T06:58:24.660+0000] {logging_mixin.py:190} INFO - 💌message is sending....
[2025-05-20T06:58:24.714+0000] {logging_mixin.py:190} INFO - 💌message is sending....
[2025-05-20T06:58:24.767+0000] {logging_mixin.py:190} INFO - 💌message is sending....
[2025-05-20T06:58:24.819+0000] {logging_mixin.py:190} INFO - 💌message is sending....
[2025-05-20T06:58:24.871+0000] {logging_mixin.py:190} INFO - 💌message is sending....
[2025-05-20T06:58:24.922+0000] {logging_mixin.py:190} INFO - 💌message is sending....
[2025-05-20T06:58:24.977+0000] {logging_mixin.py:190} INFO - 💌message is sending....
[2025-05-20T06:58:25.030+0000] {logging_mixin.py:190} INFO - 💌message is sending....
[2025-05-20T06:58:25.085+0000] {logging_mixin.py:190} INFO - 💌message is sending....
[2025-05-20T06:58:25.142+0000] {logging_mixin.py:190} INFO - 💌message is sending....
[2025-05-20T06:58:25.197+0000] {logging_mixin.py:190} INFO - 💌message is sending....
[2025-05-20T06:58:25.252+0000] {logging_mixin.py:190} INFO - 💌message is sending....
[2025-05-20T06:58:25.308+0000] {logging_mixin.py:190} INFO - 💌message is sending....
[2025-05-20T06:58:25.364+0000] {logging_mixin.py:190} INFO - 💌message is sending....
[2025-05-20T06:58:25.420+0000] {logging_mixin.py:190} INFO - 💌message is sending....
[2025-05-20T06:58:25.476+0000] {logging_mixin.py:190} INFO - 💌message is sending....
[2025-05-20T06:58:25.533+0000] {logging_mixin.py:190} INFO - 💌message is sending....
[2025-05-20T06:58:25.588+0000] {logging_mixin.py:190} INFO - 💌message is sending....
[2025-05-20T06:58:25.642+0000] {logging_mixin.py:190} INFO - 💌message is sending....
[2025-05-20T06:58:25.694+0000] {logging_mixin.py:190} INFO - 💌message is sending....
[2025-05-20T06:58:25.751+0000] {logging_mixin.py:190} INFO - 💌message is sending....
[2025-05-20T06:58:25.808+0000] {logging_mixin.py:190} INFO - 💌message is sending....
[2025-05-20T06:58:25.865+0000] {logging_mixin.py:190} INFO - 💌message is sending....
[2025-05-20T06:58:25.920+0000] {logging_mixin.py:190} INFO - 💌message is sending....
[2025-05-20T06:58:25.975+0000] {logging_mixin.py:190} INFO - 💌message is sending....
[2025-05-20T06:58:26.030+0000] {logging_mixin.py:190} INFO - 💌message is sending....
[2025-05-20T06:58:26.085+0000] {logging_mixin.py:190} INFO - 💌message is sending....
[2025-05-20T06:58:26.138+0000] {logging_mixin.py:190} INFO - 💌message is sending....
[2025-05-20T06:58:26.190+0000] {logging_mixin.py:190} INFO - 💌message is sending....
[2025-05-20T06:58:26.245+0000] {logging_mixin.py:190} INFO - 💌message is sending....
[2025-05-20T06:58:26.296+0000] {logging_mixin.py:190} INFO - 💌message is sending....
[2025-05-20T06:58:26.350+0000] {logging_mixin.py:190} INFO - 💌message is sending....
[2025-05-20T06:58:26.403+0000] {logging_mixin.py:190} INFO - 💌message is sending....
[2025-05-20T06:58:26.457+0000] {logging_mixin.py:190} INFO - 💌message is sending....
[2025-05-20T06:58:26.513+0000] {logging_mixin.py:190} INFO - 💌message is sending....
[2025-05-20T06:58:26.568+0000] {logging_mixin.py:190} INFO - 💌message is sending....
[2025-05-20T06:58:26.623+0000] {logging_mixin.py:190} INFO - 💌message is sending....
[2025-05-20T06:58:26.679+0000] {logging_mixin.py:190} INFO - 💌message is sending....
[2025-05-20T06:58:26.733+0000] {logging_mixin.py:190} INFO - 💌message is sending....
[2025-05-20T06:58:26.788+0000] {logging_mixin.py:190} INFO - 💌message is sending....
[2025-05-20T06:58:26.844+0000] {logging_mixin.py:190} INFO - 💌message is sending....
[2025-05-20T06:58:26.899+0000] {logging_mixin.py:190} INFO - 💌message is sending....
[2025-05-20T06:58:26.952+0000] {logging_mixin.py:190} INFO - 💌message is sending....
[2025-05-20T06:58:27.005+0000] {logging_mixin.py:190} INFO - 💌message is sending....
[2025-05-20T06:58:27.060+0000] {logging_mixin.py:190} INFO - 💌message is sending....
[2025-05-20T06:58:27.113+0000] {logging_mixin.py:190} INFO - 💌message is sending....
[2025-05-20T06:58:27.168+0000] {logging_mixin.py:190} INFO - 💌message is sending....
[2025-05-20T06:58:27.224+0000] {logging_mixin.py:190} INFO - 💌message is sending....
[2025-05-20T06:58:27.278+0000] {logging_mixin.py:190} INFO - 💌message is sending....
[2025-05-20T06:58:27.333+0000] {logging_mixin.py:190} INFO - 💌message is sending....
[2025-05-20T06:58:27.388+0000] {logging_mixin.py:190} INFO - 💌message is sending....
[2025-05-20T06:58:27.444+0000] {logging_mixin.py:190} INFO - 💌message is sending....
[2025-05-20T06:58:27.496+0000] {logging_mixin.py:190} INFO - 💌message is sending....
[2025-05-20T06:58:27.548+0000] {logging_mixin.py:190} INFO - 💌message is sending....
[2025-05-20T06:58:27.600+0000] {logging_mixin.py:190} INFO - 💌message is sending....
[2025-05-20T06:58:27.653+0000] {logging_mixin.py:190} INFO - 💌message is sending....
[2025-05-20T06:58:27.706+0000] {logging_mixin.py:190} INFO - 💌message is sending....
[2025-05-20T06:58:27.761+0000] {logging_mixin.py:190} INFO - 💌message is sending....
[2025-05-20T06:58:27.814+0000] {logging_mixin.py:190} INFO - 💌message is sending....
[2025-05-20T06:58:27.871+0000] {logging_mixin.py:190} INFO - 💌message is sending....
[2025-05-20T06:58:27.929+0000] {logging_mixin.py:190} INFO - 💌message is sending....
[2025-05-20T06:58:27.984+0000] {logging_mixin.py:190} INFO - 💌message is sending....
[2025-05-20T06:58:28.040+0000] {logging_mixin.py:190} INFO - 💌message is sending....
[2025-05-20T06:58:28.095+0000] {logging_mixin.py:190} INFO - 💌message is sending....
[2025-05-20T06:58:28.149+0000] {logging_mixin.py:190} INFO - 💌message is sending....
[2025-05-20T06:58:28.205+0000] {logging_mixin.py:190} INFO - 💌message is sending....
[2025-05-20T06:58:28.260+0000] {logging_mixin.py:190} INFO - 💌message is sending....
[2025-05-20T06:58:28.316+0000] {logging_mixin.py:190} INFO - 💌message is sending....
[2025-05-20T06:58:28.370+0000] {logging_mixin.py:190} INFO - 💌message is sending....
[2025-05-20T06:58:28.425+0000] {logging_mixin.py:190} INFO - 💌message is sending....
[2025-05-20T06:58:28.481+0000] {logging_mixin.py:190} INFO - 💌message is sending....
[2025-05-20T06:58:28.535+0000] {logging_mixin.py:190} INFO - 💌message is sending....
[2025-05-20T06:58:28.643+0000] {logging_mixin.py:190} INFO - 💌message is sending....
[2025-05-20T06:58:28.698+0000] {logging_mixin.py:190} INFO - 💌message is sending....
[2025-05-20T06:58:28.749+0000] {logging_mixin.py:190} INFO - 💌message is sending....
[2025-05-20T06:58:28.803+0000] {logging_mixin.py:190} INFO - 💌message is sending....
[2025-05-20T06:58:28.859+0000] {logging_mixin.py:190} INFO - 💌message is sending....
[2025-05-20T06:58:28.914+0000] {logging_mixin.py:190} INFO - 💌message is sending....
[2025-05-20T06:58:28.972+0000] {logging_mixin.py:190} INFO - 💌message is sending....
[2025-05-20T06:58:29.028+0000] {logging_mixin.py:190} INFO - 💌message is sending....
[2025-05-20T06:58:29.083+0000] {logging_mixin.py:190} INFO - 💌message is sending....
[2025-05-20T06:58:29.141+0000] {logging_mixin.py:190} INFO - 💌message is sending....
[2025-05-20T06:58:29.197+0000] {logging_mixin.py:190} INFO - 💌message is sending....
[2025-05-20T06:58:29.251+0000] {logging_mixin.py:190} INFO - 💌message is sending....
[2025-05-20T06:58:29.305+0000] {logging_mixin.py:190} INFO - 💌message is sending....
[2025-05-20T06:58:29.359+0000] {logging_mixin.py:190} INFO - 💌message is sending....
[2025-05-20T06:58:29.415+0000] {logging_mixin.py:190} INFO - 💌message is sending....
[2025-05-20T06:58:29.469+0000] {logging_mixin.py:190} INFO - 💌message is sending....
[2025-05-20T06:58:29.525+0000] {logging_mixin.py:190} INFO - 💌message is sending....
[2025-05-20T06:58:29.581+0000] {logging_mixin.py:190} INFO - 💌message is sending....
[2025-05-20T06:58:29.635+0000] {logging_mixin.py:190} INFO - 💌message is sending....
[2025-05-20T06:58:29.690+0000] {logging_mixin.py:190} INFO - 💌message is sending....
[2025-05-20T06:58:29.748+0000] {logging_mixin.py:190} INFO - 💌message is sending....
[2025-05-20T06:58:29.803+0000] {logging_mixin.py:190} INFO - 💌message is sending....
[2025-05-20T06:58:29.855+0000] {logging_mixin.py:190} INFO - 💌message is sending....
[2025-05-20T06:58:29.907+0000] {logging_mixin.py:190} INFO - 💌message is sending....
[2025-05-20T06:58:29.962+0000] {logging_mixin.py:190} INFO - 💌message is sending....
[2025-05-20T06:58:30.020+0000] {logging_mixin.py:190} INFO - 💌message is sending....
[2025-05-20T06:58:30.075+0000] {logging_mixin.py:190} INFO - 💌message is sending....
[2025-05-20T06:58:30.131+0000] {logging_mixin.py:190} INFO - 💌message is sending....
[2025-05-20T06:58:30.185+0000] {logging_mixin.py:190} INFO - 💌message is sending....
[2025-05-20T06:58:30.239+0000] {logging_mixin.py:190} INFO - 💌message is sending....
[2025-05-20T06:58:30.295+0000] {logging_mixin.py:190} INFO - 💌message is sending....
[2025-05-20T06:58:30.349+0000] {logging_mixin.py:190} INFO - 💌message is sending....
[2025-05-20T06:58:30.404+0000] {logging_mixin.py:190} INFO - 💌message is sending....
[2025-05-20T06:58:30.458+0000] {logging_mixin.py:190} INFO - 💌message is sending....
[2025-05-20T06:58:30.513+0000] {logging_mixin.py:190} INFO - 💌message is sending....
[2025-05-20T06:58:30.568+0000] {logging_mixin.py:190} INFO - 💌message is sending....
[2025-05-20T06:58:30.623+0000] {logging_mixin.py:190} INFO - 💌message is sending....
[2025-05-20T06:58:30.678+0000] {logging_mixin.py:190} INFO - 💌message is sending....
[2025-05-20T06:58:30.733+0000] {logging_mixin.py:190} INFO - 💌message is sending....
[2025-05-20T06:58:30.786+0000] {logging_mixin.py:190} INFO - 💌message is sending....
[2025-05-20T06:58:30.843+0000] {logging_mixin.py:190} INFO - 💌message is sending....
[2025-05-20T06:58:30.898+0000] {logging_mixin.py:190} INFO - 💌message is sending....
[2025-05-20T06:58:30.951+0000] {logging_mixin.py:190} INFO - 💌message is sending....
[2025-05-20T06:58:31.007+0000] {logging_mixin.py:190} INFO - 💌message is sending....
[2025-05-20T06:58:31.064+0000] {logging_mixin.py:190} INFO - 💌message is sending....
[2025-05-20T06:58:31.119+0000] {logging_mixin.py:190} INFO - 💌message is sending....
[2025-05-20T06:58:31.176+0000] {logging_mixin.py:190} INFO - 💌message is sending....
[2025-05-20T06:58:31.231+0000] {logging_mixin.py:190} INFO - 💌message is sending....
[2025-05-20T06:58:31.285+0000] {logging_mixin.py:190} INFO - 💌message is sending....
[2025-05-20T06:58:31.342+0000] {logging_mixin.py:190} INFO - 💌message is sending....
[2025-05-20T06:58:31.398+0000] {logging_mixin.py:190} INFO - 💌message is sending....
[2025-05-20T06:58:31.451+0000] {logging_mixin.py:190} INFO - 💌message is sending....
[2025-05-20T06:58:31.508+0000] {logging_mixin.py:190} INFO - 💌message is sending....
[2025-05-20T06:58:31.563+0000] {logging_mixin.py:190} INFO - 💌message is sending....
[2025-05-20T06:58:31.619+0000] {logging_mixin.py:190} INFO - 💌message is sending....
[2025-05-20T06:58:31.674+0000] {logging_mixin.py:190} INFO - 💌message is sending....
[2025-05-20T06:58:31.728+0000] {logging_mixin.py:190} INFO - 💌message is sending....
[2025-05-20T06:58:31.782+0000] {logging_mixin.py:190} INFO - 💌message is sending....
[2025-05-20T06:58:31.835+0000] {logging_mixin.py:190} INFO - 💌message is sending....
[2025-05-20T06:58:31.892+0000] {logging_mixin.py:190} INFO - 💌message is sending....
[2025-05-20T06:58:31.948+0000] {logging_mixin.py:190} INFO - 💌message is sending....
[2025-05-20T06:58:32.002+0000] {logging_mixin.py:190} INFO - 💌message is sending....
[2025-05-20T06:58:32.056+0000] {logging_mixin.py:190} INFO - 💌message is sending....
[2025-05-20T06:58:32.109+0000] {logging_mixin.py:190} INFO - 💌message is sending....
[2025-05-20T06:58:32.164+0000] {logging_mixin.py:190} INFO - 💌message is sending....
[2025-05-20T06:58:32.221+0000] {logging_mixin.py:190} INFO - 💌message is sending....
[2025-05-20T06:58:32.275+0000] {logging_mixin.py:190} INFO - 💌message is sending....
[2025-05-20T06:58:32.329+0000] {logging_mixin.py:190} INFO - 💌message is sending....
[2025-05-20T06:58:32.384+0000] {logging_mixin.py:190} INFO - 💌message is sending....
[2025-05-20T06:58:32.440+0000] {logging_mixin.py:190} INFO - 💌message is sending....
[2025-05-20T06:58:32.496+0000] {logging_mixin.py:190} INFO - 💌message is sending....
[2025-05-20T06:58:32.552+0000] {logging_mixin.py:190} INFO - 💌message is sending....
[2025-05-20T06:58:32.607+0000] {logging_mixin.py:190} INFO - 💌message is sending....
[2025-05-20T06:58:32.662+0000] {logging_mixin.py:190} INFO - 💌message is sending....
[2025-05-20T06:58:32.716+0000] {logging_mixin.py:190} INFO - 💌message is sending....
[2025-05-20T06:58:32.771+0000] {logging_mixin.py:190} INFO - 💌message is sending....
[2025-05-20T06:58:32.823+0000] {logging_mixin.py:190} INFO - 💌message is sending....
[2025-05-20T06:58:32.876+0000] {logging_mixin.py:190} INFO - 💌message is sending....
[2025-05-20T06:58:32.930+0000] {logging_mixin.py:190} INFO - 💌message is sending....
[2025-05-20T06:58:32.985+0000] {logging_mixin.py:190} INFO - 💌message is sending....
[2025-05-20T06:58:33.041+0000] {logging_mixin.py:190} INFO - 💌message is sending....
[2025-05-20T06:58:33.098+0000] {logging_mixin.py:190} INFO - 💌message is sending....
[2025-05-20T06:58:33.153+0000] {logging_mixin.py:190} INFO - 💌message is sending....
[2025-05-20T06:58:33.206+0000] {logging_mixin.py:190} INFO - 💌message is sending....
[2025-05-20T06:58:33.260+0000] {logging_mixin.py:190} INFO - 💌message is sending....
[2025-05-20T06:58:33.313+0000] {logging_mixin.py:190} INFO - 💌message is sending....
[2025-05-20T06:58:33.368+0000] {logging_mixin.py:190} INFO - 💌message is sending....
[2025-05-20T06:58:33.423+0000] {logging_mixin.py:190} INFO - 💌message is sending....
[2025-05-20T06:58:33.477+0000] {logging_mixin.py:190} INFO - 💌message is sending....
[2025-05-20T06:58:33.533+0000] {logging_mixin.py:190} INFO - 💌message is sending....
[2025-05-20T06:58:33.590+0000] {logging_mixin.py:190} INFO - 💌message is sending....
[2025-05-20T06:58:33.646+0000] {logging_mixin.py:190} INFO - 💌message is sending....
[2025-05-20T06:58:33.700+0000] {logging_mixin.py:190} INFO - 💌message is sending....
[2025-05-20T06:58:33.756+0000] {logging_mixin.py:190} INFO - 💌message is sending....
[2025-05-20T06:58:33.809+0000] {logging_mixin.py:190} INFO - 💌message is sending....
[2025-05-20T06:58:33.861+0000] {logging_mixin.py:190} INFO - 💌message is sending....
[2025-05-20T06:58:33.918+0000] {logging_mixin.py:190} INFO - 💌message is sending....
[2025-05-20T06:58:33.969+0000] {logging_mixin.py:190} INFO - 💌message is sending....
[2025-05-20T06:58:34.023+0000] {logging_mixin.py:190} INFO - 💌message is sending....
[2025-05-20T06:58:34.079+0000] {logging_mixin.py:190} INFO - 💌message is sending....
[2025-05-20T06:58:34.134+0000] {logging_mixin.py:190} INFO - 💌message is sending....
[2025-05-20T06:58:34.190+0000] {logging_mixin.py:190} INFO - 💌message is sending....
[2025-05-20T06:58:34.244+0000] {logging_mixin.py:190} INFO - 💌message is sending....
[2025-05-20T06:58:34.299+0000] {logging_mixin.py:190} INFO - 💌message is sending....
[2025-05-20T06:58:34.351+0000] {logging_mixin.py:190} INFO - 💌message is sending....
[2025-05-20T06:58:34.403+0000] {logging_mixin.py:190} INFO - 💌message is sending....
[2025-05-20T06:58:34.457+0000] {logging_mixin.py:190} INFO - 💌message is sending....
[2025-05-20T06:58:34.510+0000] {logging_mixin.py:190} INFO - 💌message is sending....
[2025-05-20T06:58:34.567+0000] {logging_mixin.py:190} INFO - 💌message is sending....
[2025-05-20T06:58:34.624+0000] {logging_mixin.py:190} INFO - 💌message is sending....
[2025-05-20T06:58:34.680+0000] {logging_mixin.py:190} INFO - 💌message is sending....
[2025-05-20T06:58:34.739+0000] {logging_mixin.py:190} INFO - 💌message is sending....
[2025-05-20T06:58:34.794+0000] {logging_mixin.py:190} INFO - 💌message is sending....
[2025-05-20T06:58:34.846+0000] {logging_mixin.py:190} INFO - 💌message is sending....
[2025-05-20T06:58:34.899+0000] {logging_mixin.py:190} INFO - 💌message is sending....
[2025-05-20T06:58:34.951+0000] {logging_mixin.py:190} INFO - 💌message is sending....
[2025-05-20T06:58:35.004+0000] {logging_mixin.py:190} INFO - 💌message is sending....
[2025-05-20T06:58:35.060+0000] {logging_mixin.py:190} INFO - 💌message is sending....
[2025-05-20T06:58:35.115+0000] {logging_mixin.py:190} INFO - 💌message is sending....
[2025-05-20T06:58:35.169+0000] {logging_mixin.py:190} INFO - 💌message is sending....
[2025-05-20T06:58:35.225+0000] {logging_mixin.py:190} INFO - 💌message is sending....
[2025-05-20T06:58:35.281+0000] {logging_mixin.py:190} INFO - 💌message is sending....
[2025-05-20T06:58:35.336+0000] {logging_mixin.py:190} INFO - 💌message is sending....
[2025-05-20T06:58:35.390+0000] {logging_mixin.py:190} INFO - 💌message is sending....
[2025-05-20T06:58:35.446+0000] {logging_mixin.py:190} INFO - 💌message is sending....
[2025-05-20T06:58:35.500+0000] {logging_mixin.py:190} INFO - 💌message is sending....
[2025-05-20T06:58:35.555+0000] {logging_mixin.py:190} INFO - 💌message is sending....
[2025-05-20T06:58:35.609+0000] {logging_mixin.py:190} INFO - 💌message is sending....
[2025-05-20T06:58:35.665+0000] {logging_mixin.py:190} INFO - 💌message is sending....
[2025-05-20T06:58:35.721+0000] {logging_mixin.py:190} INFO - 💌message is sending....
[2025-05-20T06:58:35.775+0000] {logging_mixin.py:190} INFO - 💌message is sending....
[2025-05-20T06:58:35.829+0000] {logging_mixin.py:190} INFO - 💌message is sending....
[2025-05-20T06:58:35.884+0000] {logging_mixin.py:190} INFO - 💌message is sending....
[2025-05-20T06:58:35.938+0000] {logging_mixin.py:190} INFO - 💌message is sending....
[2025-05-20T06:58:35.989+0000] {logging_mixin.py:190} INFO - 💌message is sending....
[2025-05-20T06:58:36.041+0000] {logging_mixin.py:190} INFO - 💌message is sending....
[2025-05-20T06:58:36.093+0000] {logging_mixin.py:190} INFO - 💌message is sending....
[2025-05-20T06:58:36.146+0000] {logging_mixin.py:190} INFO - 💌message is sending....
[2025-05-20T06:58:36.199+0000] {logging_mixin.py:190} INFO - 💌message is sending....
[2025-05-20T06:58:36.250+0000] {logging_mixin.py:190} INFO - 💌message is sending....
[2025-05-20T06:58:36.301+0000] {logging_mixin.py:190} INFO - 💌message is sending....
[2025-05-20T06:58:36.355+0000] {logging_mixin.py:190} INFO - 💌message is sending....
[2025-05-20T06:58:36.408+0000] {logging_mixin.py:190} INFO - 💌message is sending....
[2025-05-20T06:58:36.459+0000] {logging_mixin.py:190} INFO - 💌message is sending....
[2025-05-20T06:58:36.516+0000] {logging_mixin.py:190} INFO - 💌message is sending....
[2025-05-20T06:58:36.573+0000] {logging_mixin.py:190} INFO - 💌message is sending....
[2025-05-20T06:58:36.626+0000] {logging_mixin.py:190} INFO - 💌message is sending....
[2025-05-20T06:58:36.682+0000] {logging_mixin.py:190} INFO - 💌message is sending....
[2025-05-20T06:58:36.738+0000] {logging_mixin.py:190} INFO - 💌message is sending....
[2025-05-20T06:58:36.789+0000] {logging_mixin.py:190} INFO - 💌message is sending....
[2025-05-20T06:58:36.840+0000] {logging_mixin.py:190} INFO - 💌message is sending....
[2025-05-20T06:58:36.893+0000] {logging_mixin.py:190} INFO - 💌message is sending....
[2025-05-20T06:58:36.946+0000] {logging_mixin.py:190} INFO - 💌message is sending....
[2025-05-20T06:58:36.999+0000] {logging_mixin.py:190} INFO - 💌message is sending....
[2025-05-20T06:58:37.051+0000] {logging_mixin.py:190} INFO - 💌message is sending....
[2025-05-20T06:58:37.104+0000] {logging_mixin.py:190} INFO - 💌message is sending....
[2025-05-20T06:58:37.157+0000] {logging_mixin.py:190} INFO - 💌message is sending....
[2025-05-20T06:58:37.211+0000] {logging_mixin.py:190} INFO - 💌message is sending....
[2025-05-20T06:58:37.265+0000] {logging_mixin.py:190} INFO - 💌message is sending....
[2025-05-20T06:58:37.320+0000] {logging_mixin.py:190} INFO - 💌message is sending....
[2025-05-20T06:58:37.374+0000] {logging_mixin.py:190} INFO - 💌message is sending....
[2025-05-20T06:58:37.428+0000] {logging_mixin.py:190} INFO - 💌message is sending....
[2025-05-20T06:58:37.481+0000] {logging_mixin.py:190} INFO - 💌message is sending....
[2025-05-20T06:58:37.532+0000] {logging_mixin.py:190} INFO - 💌message is sending....
[2025-05-20T06:58:37.584+0000] {logging_mixin.py:190} INFO - 💌message is sending....
[2025-05-20T06:58:37.638+0000] {logging_mixin.py:190} INFO - 💌message is sending....
[2025-05-20T06:58:37.690+0000] {logging_mixin.py:190} INFO - 💌message is sending....
[2025-05-20T06:58:37.743+0000] {logging_mixin.py:190} INFO - 💌message is sending....
[2025-05-20T06:58:37.798+0000] {logging_mixin.py:190} INFO - 💌message is sending....
[2025-05-20T06:58:37.853+0000] {logging_mixin.py:190} INFO - 💌message is sending....
[2025-05-20T06:58:37.908+0000] {logging_mixin.py:190} INFO - 💌message is sending....
[2025-05-20T06:58:37.965+0000] {logging_mixin.py:190} INFO - 💌message is sending....
[2025-05-20T06:58:38.021+0000] {logging_mixin.py:190} INFO - 💌message is sending....
[2025-05-20T06:58:38.077+0000] {logging_mixin.py:190} INFO - 💌message is sending....
[2025-05-20T06:58:38.133+0000] {logging_mixin.py:190} INFO - 💌message is sending....
[2025-05-20T06:58:38.188+0000] {logging_mixin.py:190} INFO - 💌message is sending....
[2025-05-20T06:58:38.243+0000] {logging_mixin.py:190} INFO - 💌message is sending....
[2025-05-20T06:58:38.297+0000] {logging_mixin.py:190} INFO - 💌message is sending....
[2025-05-20T06:58:38.352+0000] {logging_mixin.py:190} INFO - 💌message is sending....
[2025-05-20T06:58:38.403+0000] {logging_mixin.py:190} INFO - 💌message is sending....
[2025-05-20T06:58:38.455+0000] {logging_mixin.py:190} INFO - 💌message is sending....
[2025-05-20T06:58:38.511+0000] {logging_mixin.py:190} INFO - 💌message is sending....
[2025-05-20T06:58:38.565+0000] {logging_mixin.py:190} INFO - 💌message is sending....
[2025-05-20T06:58:38.616+0000] {logging_mixin.py:190} INFO - 💌message is sending....
[2025-05-20T06:58:38.668+0000] {logging_mixin.py:190} INFO - 💌message is sending....
[2025-05-20T06:58:38.719+0000] {logging_mixin.py:190} INFO - 💌message is sending....
[2025-05-20T06:58:38.771+0000] {logging_mixin.py:190} INFO - 💌message is sending....
[2025-05-20T06:58:38.823+0000] {logging_mixin.py:190} INFO - 💌message is sending....
[2025-05-20T06:58:38.874+0000] {logging_mixin.py:190} INFO - 💌message is sending....
[2025-05-20T06:58:38.929+0000] {logging_mixin.py:190} INFO - 💌message is sending....
[2025-05-20T06:58:38.984+0000] {logging_mixin.py:190} INFO - 💌message is sending....
[2025-05-20T06:58:39.039+0000] {logging_mixin.py:190} INFO - 💌message is sending....
[2025-05-20T06:58:39.096+0000] {logging_mixin.py:190} INFO - 💌message is sending....
[2025-05-20T06:58:39.150+0000] {logging_mixin.py:190} INFO - 💌message is sending....
[2025-05-20T06:58:39.207+0000] {logging_mixin.py:190} INFO - 💌message is sending....
[2025-05-20T06:58:39.261+0000] {logging_mixin.py:190} INFO - 💌message is sending....
[2025-05-20T06:58:39.316+0000] {logging_mixin.py:190} INFO - 💌message is sending....
[2025-05-20T06:58:39.370+0000] {logging_mixin.py:190} INFO - 💌message is sending....
[2025-05-20T06:58:39.425+0000] {logging_mixin.py:190} INFO - 💌message is sending....
[2025-05-20T06:58:39.480+0000] {logging_mixin.py:190} INFO - 💌message is sending....
[2025-05-20T06:58:39.535+0000] {logging_mixin.py:190} INFO - 💌message is sending....
[2025-05-20T06:58:39.594+0000] {logging_mixin.py:190} INFO - 💌message is sending....
[2025-05-20T06:58:39.648+0000] {logging_mixin.py:190} INFO - 💌message is sending....
[2025-05-20T06:58:39.703+0000] {logging_mixin.py:190} INFO - 💌message is sending....
[2025-05-20T06:58:39.760+0000] {logging_mixin.py:190} INFO - 💌message is sending....
[2025-05-20T06:58:39.813+0000] {logging_mixin.py:190} INFO - 💌message is sending....
[2025-05-20T06:58:39.867+0000] {logging_mixin.py:190} INFO - 💌message is sending....
[2025-05-20T06:58:39.922+0000] {logging_mixin.py:190} INFO - 💌message is sending....
[2025-05-20T06:58:39.978+0000] {logging_mixin.py:190} INFO - 💌message is sending....
[2025-05-20T06:58:40.034+0000] {logging_mixin.py:190} INFO - 💌message is sending....
[2025-05-20T06:58:40.091+0000] {logging_mixin.py:190} INFO - 💌message is sending....
[2025-05-20T06:58:40.152+0000] {logging_mixin.py:190} INFO - 💌message is sending....
[2025-05-20T06:58:40.207+0000] {logging_mixin.py:190} INFO - 💌message is sending....
[2025-05-20T06:58:40.260+0000] {logging_mixin.py:190} INFO - 💌message is sending....
[2025-05-20T06:58:40.314+0000] {logging_mixin.py:190} INFO - 💌message is sending....
[2025-05-20T06:58:40.369+0000] {logging_mixin.py:190} INFO - 💌message is sending....
[2025-05-20T06:58:40.425+0000] {logging_mixin.py:190} INFO - 💌message is sending....
[2025-05-20T06:58:40.480+0000] {logging_mixin.py:190} INFO - 💌message is sending....
[2025-05-20T06:58:40.535+0000] {logging_mixin.py:190} INFO - 💌message is sending....
[2025-05-20T06:58:40.589+0000] {logging_mixin.py:190} INFO - 💌message is sending....
[2025-05-20T06:58:40.643+0000] {logging_mixin.py:190} INFO - 💌message is sending....
[2025-05-20T06:58:40.698+0000] {logging_mixin.py:190} INFO - 💌message is sending....
[2025-05-20T06:58:40.749+0000] {logging_mixin.py:190} INFO - 💌message is sending....
[2025-05-20T06:58:40.800+0000] {logging_mixin.py:190} INFO - 💌message is sending....
[2025-05-20T06:58:40.852+0000] {logging_mixin.py:190} INFO - 💌message is sending....
[2025-05-20T06:58:40.903+0000] {logging_mixin.py:190} INFO - 💌message is sending....
[2025-05-20T06:58:40.955+0000] {logging_mixin.py:190} INFO - 💌message is sending....
[2025-05-20T06:58:41.008+0000] {logging_mixin.py:190} INFO - 💌message is sending....
[2025-05-20T06:58:41.060+0000] {logging_mixin.py:190} INFO - 💌message is sending....
[2025-05-20T06:58:41.111+0000] {logging_mixin.py:190} INFO - 💌message is sending....
[2025-05-20T06:58:41.164+0000] {logging_mixin.py:190} INFO - 💌message is sending....
[2025-05-20T06:58:41.219+0000] {logging_mixin.py:190} INFO - 💌message is sending....
[2025-05-20T06:58:41.270+0000] {logging_mixin.py:190} INFO - 💌message is sending....
[2025-05-20T06:58:41.321+0000] {logging_mixin.py:190} INFO - 💌message is sending....
[2025-05-20T06:58:41.373+0000] {logging_mixin.py:190} INFO - 💌message is sending....
[2025-05-20T06:58:41.431+0000] {logging_mixin.py:190} INFO - 💌message is sending....
[2025-05-20T06:58:41.482+0000] {logging_mixin.py:190} INFO - 💌message is sending....
[2025-05-20T06:58:41.533+0000] {logging_mixin.py:190} INFO - 💌message is sending....
[2025-05-20T06:58:41.584+0000] {logging_mixin.py:190} INFO - 💌message is sending....
[2025-05-20T06:58:41.637+0000] {logging_mixin.py:190} INFO - 💌message is sending....
[2025-05-20T06:58:41.688+0000] {logging_mixin.py:190} INFO - ✅All messages sent
[2025-05-20T06:58:41.688+0000] {conn.py:945} INFO - <BrokerConnection client_id=kafka-python-producer-1, node_id=1 host=172.16.24.224:9092 <connected> [IPv4 ('172.16.24.224', 9092)]>: Closing connection. 
[2025-05-20T06:58:41.689+0000] {python.py:240} INFO - Done. Returned value was: None
[2025-05-20T06:58:41.694+0000] {taskinstance.py:340} INFO - ::group::Post task execution logs
[2025-05-20T06:58:41.696+0000] {taskinstance.py:352} INFO - Marking task as SUCCESS. dag_id=kafka_to_minio_to_spark, task_id=kafka_producer, run_id=scheduled__2025-05-20T01:00:00+00:00, execution_date=20250520T010000, start_date=20250520T065746, end_date=20250520T065841
[2025-05-20T06:58:41.740+0000] {local_task_job_runner.py:266} INFO - Task exited with return code 0
[2025-05-20T06:58:41.843+0000] {taskinstance.py:3900} INFO - 0 downstream tasks scheduled from follow-on schedule check
[2025-05-20T06:58:41.843+0000] {local_task_job_runner.py:245} INFO - ::endgroup::
