[2025-05-20T05:05:00.385+0000] {local_task_job_runner.py:123} INFO - ::group::Pre task execution logs
[2025-05-20T05:05:00.390+0000] {taskinstance.py:2612} INFO - Dependencies all met for dep_context=non-requeueable deps ti=<TaskInstance: csv_to_parquet.kafka_producer scheduled__2025-05-20T05:05:00+00:00 [queued]>
[2025-05-20T05:05:00.475+0000] {taskinstance.py:2612} INFO - Dependencies all met for dep_context=requeueable deps ti=<TaskInstance: csv_to_parquet.kafka_producer scheduled__2025-05-20T05:05:00+00:00 [queued]>
[2025-05-20T05:05:00.475+0000] {taskinstance.py:2865} INFO - Starting attempt 1 of 2
[2025-05-20T05:05:00.480+0000] {taskinstance.py:2888} INFO - Executing <Task(PythonOperator): kafka_producer> on 2025-05-20 05:05:00+00:00
[2025-05-20T05:05:00.482+0000] {standard_task_runner.py:72} INFO - Started process 1319 to run task
[2025-05-20T05:05:00.484+0000] {standard_task_runner.py:104} INFO - Running: ['***', 'tasks', 'run', 'csv_to_parquet', 'kafka_producer', 'scheduled__2025-05-20T05:05:00+00:00', '--job-id', '125', '--raw', '--subdir', 'DAGS_FOLDER/log_to_csv.py', '--cfg-path', '/tmp/tmp5uv01bf2']
[2025-05-20T05:05:00.484+0000] {standard_task_runner.py:105} INFO - Job 125: Subtask kafka_producer
[2025-05-20T05:05:00.501+0000] {task_command.py:467} INFO - Running <TaskInstance: csv_to_parquet.kafka_producer scheduled__2025-05-20T05:05:00+00:00 [running]> on host 91a46f1a1993
[2025-05-20T05:05:00.530+0000] {taskinstance.py:3131} INFO - Exporting env vars: AIRFLOW_CTX_DAG_OWNER='***' AIRFLOW_CTX_DAG_ID='csv_to_parquet' AIRFLOW_CTX_TASK_ID='kafka_producer' AIRFLOW_CTX_EXECUTION_DATE='2025-05-20T05:05:00+00:00' AIRFLOW_CTX_TRY_NUMBER='1' AIRFLOW_CTX_DAG_RUN_ID='scheduled__2025-05-20T05:05:00+00:00'
[2025-05-20T05:05:00.531+0000] {taskinstance.py:731} INFO - ::endgroup::
[2025-05-20T05:05:00.538+0000] {conn.py:396} INFO - <BrokerConnection client_id=kafka-python-producer-1, node_id=bootstrap-0 host=host.docker.internal:9092 <connecting> [IPv4 ('192.168.65.254', 9092)]>: connecting to host.docker.internal:9092 [('192.168.65.254', 9092) IPv4]
[2025-05-20T05:05:00.542+0000] {conn.py:618} INFO - <BrokerConnection client_id=kafka-python-producer-1, node_id=bootstrap-0 host=host.docker.internal:9092 <checking_api_versions_recv> [IPv4 ('192.168.65.254', 9092)]>: Broker version identified as 2.6
[2025-05-20T05:05:00.543+0000] {conn.py:457} INFO - <BrokerConnection client_id=kafka-python-producer-1, node_id=bootstrap-0 host=host.docker.internal:9092 <connected> [IPv4 ('192.168.65.254', 9092)]>: Connection complete.
[2025-05-20T05:05:00.649+0000] {conn.py:396} INFO - <BrokerConnection client_id=kafka-python-producer-1, node_id=1 host=172.16.24.224:9092 <connecting> [IPv4 ('172.16.24.224', 9092)]>: connecting to 172.16.24.224:9092 [('172.16.24.224', 9092) IPv4]
[2025-05-20T05:05:00.650+0000] {conn.py:457} INFO - <BrokerConnection client_id=kafka-python-producer-1, node_id=1 host=172.16.24.224:9092 <connected> [IPv4 ('172.16.24.224', 9092)]>: Connection complete.
[2025-05-20T05:05:00.650+0000] {conn.py:945} INFO - <BrokerConnection client_id=kafka-python-producer-1, node_id=bootstrap-0 host=host.docker.internal:9092 <connected> [IPv4 ('192.168.65.254', 9092)]>: Closing connection. 
[2025-05-20T05:05:00.653+0000] {logging_mixin.py:190} INFO - ✅ Sent: like_click from instagram
[2025-05-20T05:05:00.705+0000] {logging_mixin.py:190} INFO - ✅ Sent: ad_click from youtube
[2025-05-20T05:05:00.756+0000] {logging_mixin.py:190} INFO - ✅ Sent: play_start from naver
[2025-05-20T05:05:00.811+0000] {logging_mixin.py:190} INFO - ✅ Sent: movie_click from instagram
[2025-05-20T05:05:00.863+0000] {logging_mixin.py:190} INFO - ✅ Sent: ad_click from instagram
[2025-05-20T05:05:00.916+0000] {logging_mixin.py:190} INFO - ✅ Sent: play_start from youtube
[2025-05-20T05:05:00.967+0000] {logging_mixin.py:190} INFO - ✅ Sent: ad_click from instagram
[2025-05-20T05:05:01.018+0000] {logging_mixin.py:190} INFO - ✅ Sent: play_complete from naver
[2025-05-20T05:05:01.070+0000] {logging_mixin.py:190} INFO - ✅ Sent: ad_click from youtube
[2025-05-20T05:05:01.127+0000] {logging_mixin.py:190} INFO - ✅ Sent: movie_click from naver
[2025-05-20T05:05:01.178+0000] {logging_mixin.py:190} INFO - ✅ Sent: like_click from naver
[2025-05-20T05:05:01.231+0000] {logging_mixin.py:190} INFO - ✅ Sent: movie_click from youtube
[2025-05-20T05:05:01.286+0000] {logging_mixin.py:190} INFO - ✅ Sent: ad_click from youtube
[2025-05-20T05:05:01.337+0000] {logging_mixin.py:190} INFO - ✅ Sent: like_click from youtube
[2025-05-20T05:05:01.390+0000] {logging_mixin.py:190} INFO - ✅ Sent: play_complete from naver
[2025-05-20T05:05:01.442+0000] {logging_mixin.py:190} INFO - ✅ Sent: play_complete from youtube
[2025-05-20T05:05:01.498+0000] {logging_mixin.py:190} INFO - ✅ Sent: ad_click from naver
[2025-05-20T05:05:01.550+0000] {logging_mixin.py:190} INFO - ✅ Sent: like_click from naver
[2025-05-20T05:05:01.602+0000] {logging_mixin.py:190} INFO - ✅ Sent: movie_click from instagram
[2025-05-20T05:05:01.654+0000] {logging_mixin.py:190} INFO - ✅ Sent: like_click from naver
[2025-05-20T05:05:01.706+0000] {logging_mixin.py:190} INFO - ✅ Sent: play_start from instagram
[2025-05-20T05:05:01.758+0000] {logging_mixin.py:190} INFO - ✅ Sent: ad_click from naver
[2025-05-20T05:05:01.810+0000] {logging_mixin.py:190} INFO - ✅ Sent: ad_click from youtube
[2025-05-20T05:05:01.862+0000] {logging_mixin.py:190} INFO - ✅ Sent: movie_click from youtube
[2025-05-20T05:05:01.913+0000] {logging_mixin.py:190} INFO - ✅ Sent: play_start from instagram
[2025-05-20T05:05:01.967+0000] {logging_mixin.py:190} INFO - ✅ Sent: play_start from youtube
[2025-05-20T05:05:02.021+0000] {logging_mixin.py:190} INFO - ✅ Sent: like_click from naver
[2025-05-20T05:05:02.076+0000] {logging_mixin.py:190} INFO - ✅ Sent: movie_click from instagram
[2025-05-20T05:05:02.133+0000] {logging_mixin.py:190} INFO - ✅ Sent: ad_click from youtube
[2025-05-20T05:05:02.189+0000] {logging_mixin.py:190} INFO - ✅ Sent: movie_click from youtube
[2025-05-20T05:05:02.245+0000] {logging_mixin.py:190} INFO - ✅ Sent: like_click from instagram
[2025-05-20T05:05:02.300+0000] {logging_mixin.py:190} INFO - ✅ Sent: play_start from youtube
[2025-05-20T05:05:02.357+0000] {logging_mixin.py:190} INFO - ✅ Sent: play_start from instagram
[2025-05-20T05:05:02.413+0000] {logging_mixin.py:190} INFO - ✅ Sent: movie_click from instagram
[2025-05-20T05:05:02.468+0000] {logging_mixin.py:190} INFO - ✅ Sent: like_click from youtube
[2025-05-20T05:05:02.523+0000] {logging_mixin.py:190} INFO - ✅ Sent: play_complete from youtube
[2025-05-20T05:05:02.579+0000] {logging_mixin.py:190} INFO - ✅ Sent: ad_click from youtube
[2025-05-20T05:05:02.634+0000] {logging_mixin.py:190} INFO - ✅ Sent: movie_click from instagram
[2025-05-20T05:05:02.691+0000] {logging_mixin.py:190} INFO - ✅ Sent: ad_click from instagram
[2025-05-20T05:05:02.746+0000] {logging_mixin.py:190} INFO - ✅ Sent: play_start from naver
[2025-05-20T05:05:02.802+0000] {logging_mixin.py:190} INFO - ✅ Sent: like_click from naver
[2025-05-20T05:05:02.861+0000] {logging_mixin.py:190} INFO - ✅ Sent: play_complete from youtube
[2025-05-20T05:05:02.917+0000] {logging_mixin.py:190} INFO - ✅ Sent: like_click from youtube
[2025-05-20T05:05:02.970+0000] {logging_mixin.py:190} INFO - ✅ Sent: movie_click from naver
[2025-05-20T05:05:03.026+0000] {logging_mixin.py:190} INFO - ✅ Sent: play_start from instagram
[2025-05-20T05:05:03.078+0000] {logging_mixin.py:190} INFO - ✅ Sent: ad_click from youtube
[2025-05-20T05:05:03.131+0000] {logging_mixin.py:190} INFO - ✅ Sent: movie_click from instagram
[2025-05-20T05:05:03.184+0000] {logging_mixin.py:190} INFO - ✅ Sent: play_complete from youtube
[2025-05-20T05:05:03.239+0000] {logging_mixin.py:190} INFO - ✅ Sent: play_complete from youtube
[2025-05-20T05:05:03.297+0000] {logging_mixin.py:190} INFO - ✅ Sent: like_click from instagram
[2025-05-20T05:05:03.354+0000] {logging_mixin.py:190} INFO - ✅ Sent: movie_click from instagram
[2025-05-20T05:05:03.409+0000] {logging_mixin.py:190} INFO - ✅ Sent: like_click from youtube
[2025-05-20T05:05:03.464+0000] {logging_mixin.py:190} INFO - ✅ Sent: play_complete from youtube
[2025-05-20T05:05:03.523+0000] {logging_mixin.py:190} INFO - ✅ Sent: play_complete from youtube
[2025-05-20T05:05:03.584+0000] {logging_mixin.py:190} INFO - ✅ Sent: play_complete from naver
[2025-05-20T05:05:03.639+0000] {logging_mixin.py:190} INFO - ✅ Sent: play_complete from instagram
[2025-05-20T05:05:03.698+0000] {logging_mixin.py:190} INFO - ✅ Sent: play_start from naver
[2025-05-20T05:05:03.754+0000] {logging_mixin.py:190} INFO - ✅ Sent: movie_click from youtube
[2025-05-20T05:05:03.809+0000] {logging_mixin.py:190} INFO - ✅ Sent: movie_click from naver
[2025-05-20T05:05:03.867+0000] {logging_mixin.py:190} INFO - ✅ Sent: like_click from youtube
[2025-05-20T05:05:03.922+0000] {logging_mixin.py:190} INFO - ✅ Sent: like_click from naver
[2025-05-20T05:05:03.977+0000] {logging_mixin.py:190} INFO - ✅ Sent: movie_click from youtube
[2025-05-20T05:05:04.034+0000] {logging_mixin.py:190} INFO - ✅ Sent: play_complete from instagram
[2025-05-20T05:05:04.092+0000] {logging_mixin.py:190} INFO - ✅ Sent: play_complete from youtube
[2025-05-20T05:05:04.147+0000] {logging_mixin.py:190} INFO - ✅ Sent: ad_click from naver
[2025-05-20T05:05:04.202+0000] {logging_mixin.py:190} INFO - ✅ Sent: play_complete from youtube
[2025-05-20T05:05:04.260+0000] {logging_mixin.py:190} INFO - ✅ Sent: ad_click from instagram
[2025-05-20T05:05:04.316+0000] {logging_mixin.py:190} INFO - ✅ Sent: play_start from youtube
[2025-05-20T05:05:04.370+0000] {logging_mixin.py:190} INFO - ✅ Sent: play_start from instagram
[2025-05-20T05:05:04.428+0000] {logging_mixin.py:190} INFO - ✅ Sent: play_complete from instagram
[2025-05-20T05:05:04.484+0000] {logging_mixin.py:190} INFO - ✅ Sent: ad_click from instagram
[2025-05-20T05:05:04.541+0000] {logging_mixin.py:190} INFO - ✅ Sent: like_click from instagram
[2025-05-20T05:05:04.603+0000] {logging_mixin.py:190} INFO - ✅ Sent: ad_click from naver
[2025-05-20T05:05:04.660+0000] {logging_mixin.py:190} INFO - ✅ Sent: ad_click from youtube
[2025-05-20T05:05:04.715+0000] {logging_mixin.py:190} INFO - ✅ Sent: movie_click from instagram
[2025-05-20T05:05:04.766+0000] {logging_mixin.py:190} INFO - ✅ Sent: ad_click from youtube
[2025-05-20T05:05:04.819+0000] {logging_mixin.py:190} INFO - ✅ Sent: play_start from youtube
[2025-05-20T05:05:04.872+0000] {logging_mixin.py:190} INFO - ✅ Sent: play_complete from youtube
[2025-05-20T05:05:04.925+0000] {logging_mixin.py:190} INFO - ✅ Sent: play_start from naver
[2025-05-20T05:05:04.979+0000] {logging_mixin.py:190} INFO - ✅ Sent: ad_click from youtube
[2025-05-20T05:05:05.033+0000] {logging_mixin.py:190} INFO - ✅ Sent: play_start from naver
[2025-05-20T05:05:05.089+0000] {logging_mixin.py:190} INFO - ✅ Sent: play_complete from naver
[2025-05-20T05:05:05.145+0000] {logging_mixin.py:190} INFO - ✅ Sent: movie_click from youtube
[2025-05-20T05:05:05.202+0000] {logging_mixin.py:190} INFO - ✅ Sent: like_click from youtube
[2025-05-20T05:05:05.254+0000] {logging_mixin.py:190} INFO - ✅ Sent: like_click from youtube
[2025-05-20T05:05:05.309+0000] {logging_mixin.py:190} INFO - ✅ Sent: like_click from instagram
[2025-05-20T05:05:05.365+0000] {logging_mixin.py:190} INFO - ✅ Sent: like_click from youtube
[2025-05-20T05:05:05.423+0000] {logging_mixin.py:190} INFO - ✅ Sent: movie_click from instagram
[2025-05-20T05:05:05.478+0000] {logging_mixin.py:190} INFO - ✅ Sent: play_start from youtube
[2025-05-20T05:05:05.533+0000] {logging_mixin.py:190} INFO - ✅ Sent: play_start from naver
[2025-05-20T05:05:05.588+0000] {logging_mixin.py:190} INFO - ✅ Sent: ad_click from naver
[2025-05-20T05:05:05.642+0000] {logging_mixin.py:190} INFO - ✅ Sent: movie_click from naver
[2025-05-20T05:05:05.696+0000] {logging_mixin.py:190} INFO - ✅ Sent: movie_click from naver
[2025-05-20T05:05:05.751+0000] {logging_mixin.py:190} INFO - ✅ Sent: ad_click from youtube
[2025-05-20T05:05:05.806+0000] {logging_mixin.py:190} INFO - ✅ Sent: movie_click from youtube
[2025-05-20T05:05:05.860+0000] {logging_mixin.py:190} INFO - ✅ Sent: play_complete from youtube
[2025-05-20T05:05:05.916+0000] {logging_mixin.py:190} INFO - ✅ Sent: movie_click from instagram
[2025-05-20T05:05:05.973+0000] {logging_mixin.py:190} INFO - ✅ Sent: ad_click from youtube
[2025-05-20T05:05:06.029+0000] {logging_mixin.py:190} INFO - ✅ Sent: ad_click from youtube
[2025-05-20T05:05:06.085+0000] {logging_mixin.py:190} INFO - ✅ Sent: like_click from instagram
[2025-05-20T05:05:06.140+0000] {conn.py:945} INFO - <BrokerConnection client_id=kafka-python-producer-1, node_id=1 host=172.16.24.224:9092 <connected> [IPv4 ('172.16.24.224', 9092)]>: Closing connection. 
[2025-05-20T05:05:06.143+0000] {python.py:240} INFO - Done. Returned value was: None
[2025-05-20T05:05:06.160+0000] {taskinstance.py:340} INFO - ::group::Post task execution logs
[2025-05-20T05:05:06.162+0000] {taskinstance.py:352} INFO - Marking task as SUCCESS. dag_id=csv_to_parquet, task_id=kafka_producer, run_id=scheduled__2025-05-20T05:05:00+00:00, execution_date=20250520T050500, start_date=20250520T050500, end_date=20250520T050506
[2025-05-20T05:05:06.214+0000] {local_task_job_runner.py:266} INFO - Task exited with return code 0
[2025-05-20T05:05:06.227+0000] {taskinstance.py:3900} INFO - 0 downstream tasks scheduled from follow-on schedule check
[2025-05-20T05:05:06.228+0000] {local_task_job_runner.py:245} INFO - ::endgroup::
