[2025-05-19T07:02:07.946+0000] {local_task_job_runner.py:123} INFO - ::group::Pre task execution logs
[2025-05-19T07:02:07.951+0000] {taskinstance.py:2612} INFO - Dependencies all met for dep_context=non-requeueable deps ti=<TaskInstance: csv_to_parquet.kafka_consumer scheduled__2025-05-19T07:02:00+00:00 [queued]>
[2025-05-19T07:02:07.954+0000] {taskinstance.py:2612} INFO - Dependencies all met for dep_context=requeueable deps ti=<TaskInstance: csv_to_parquet.kafka_consumer scheduled__2025-05-19T07:02:00+00:00 [queued]>
[2025-05-19T07:02:07.954+0000] {taskinstance.py:2865} INFO - Starting attempt 1 of 2
[2025-05-19T07:02:07.958+0000] {taskinstance.py:2888} INFO - Executing <Task(PythonOperator): kafka_consumer> on 2025-05-19 07:02:00+00:00
[2025-05-19T07:02:07.960+0000] {standard_task_runner.py:72} INFO - Started process 710 to run task
[2025-05-19T07:02:07.962+0000] {standard_task_runner.py:104} INFO - Running: ['***', 'tasks', 'run', 'csv_to_parquet', 'kafka_consumer', 'scheduled__2025-05-19T07:02:00+00:00', '--job-id', '25', '--raw', '--subdir', 'DAGS_FOLDER/log_to_csv.py', '--cfg-path', '/tmp/tmptmzous5k']
[2025-05-19T07:02:07.963+0000] {standard_task_runner.py:105} INFO - Job 25: Subtask kafka_consumer
[2025-05-19T07:02:07.980+0000] {task_command.py:467} INFO - Running <TaskInstance: csv_to_parquet.kafka_consumer scheduled__2025-05-19T07:02:00+00:00 [running]> on host 8b6a4ce3396b
[2025-05-19T07:02:08.082+0000] {taskinstance.py:3131} INFO - Exporting env vars: AIRFLOW_CTX_DAG_OWNER='***' AIRFLOW_CTX_DAG_ID='csv_to_parquet' AIRFLOW_CTX_TASK_ID='kafka_consumer' AIRFLOW_CTX_EXECUTION_DATE='2025-05-19T07:02:00+00:00' AIRFLOW_CTX_TRY_NUMBER='1' AIRFLOW_CTX_DAG_RUN_ID='scheduled__2025-05-19T07:02:00+00:00'
[2025-05-19T07:02:08.082+0000] {taskinstance.py:731} INFO - ::endgroup::
[2025-05-19T07:02:08.088+0000] {conn.py:396} INFO - <BrokerConnection client_id=kafka-python-2.2.7, node_id=bootstrap-0 host=host.docker.internal:9092 <connecting> [IPv4 ('192.168.65.254', 9092)]>: connecting to host.docker.internal:9092 [('192.168.65.254', 9092) IPv4]
[2025-05-19T07:02:08.091+0000] {conn.py:618} INFO - <BrokerConnection client_id=kafka-python-2.2.7, node_id=bootstrap-0 host=host.docker.internal:9092 <checking_api_versions_recv> [IPv4 ('192.168.65.254', 9092)]>: Broker version identified as 2.6
[2025-05-19T07:02:08.091+0000] {conn.py:457} INFO - <BrokerConnection client_id=kafka-python-2.2.7, node_id=bootstrap-0 host=host.docker.internal:9092 <connected> [IPv4 ('192.168.65.254', 9092)]>: Connection complete.
[2025-05-19T07:02:08.092+0000] {subscription_state.py:177} INFO - Updating subscribed topics to: ('***test',)
[2025-05-19T07:02:08.092+0000] {logging_mixin.py:190} INFO - ✅ Consumer started, waiting for messages...
[2025-05-19T07:02:08.093+0000] {conn.py:396} INFO - <BrokerConnection client_id=kafka-python-2.2.7, node_id=1 host=172.16.24.224:9092 <connecting> [IPv4 ('172.16.24.224', 9092)]>: connecting to 172.16.24.224:9092 [('172.16.24.224', 9092) IPv4]
[2025-05-19T07:02:08.196+0000] {conn.py:457} INFO - <BrokerConnection client_id=kafka-python-2.2.7, node_id=1 host=172.16.24.224:9092 <connected> [IPv4 ('172.16.24.224', 9092)]>: Connection complete.
[2025-05-19T07:02:08.196+0000] {conn.py:945} INFO - <BrokerConnection client_id=kafka-python-2.2.7, node_id=bootstrap-0 host=host.docker.internal:9092 <connected> [IPv4 ('192.168.65.254', 9092)]>: Closing connection. 
[2025-05-19T07:02:08.304+0000] {cluster.py:400} INFO - Coordinator for group/testt is ('coordinator-1', '172.16.24.224', 9092, None)
[2025-05-19T07:02:08.305+0000] {base.py:769} INFO - Discovered coordinator coordinator-1 for group testt
[2025-05-19T07:02:08.306+0000] {base.py:820} INFO - Starting new heartbeat thread
[2025-05-19T07:02:08.307+0000] {consumer.py:362} INFO - Revoking previously assigned partitions () for group testt
[2025-05-19T07:02:08.310+0000] {conn.py:396} INFO - <BrokerConnection client_id=kafka-python-2.2.7, node_id=coordinator-1 host=172.16.24.224:9092 <connecting> [IPv4 ('172.16.24.224', 9092)]>: connecting to 172.16.24.224:9092 [('172.16.24.224', 9092) IPv4]
[2025-05-19T07:02:08.413+0000] {conn.py:457} INFO - <BrokerConnection client_id=kafka-python-2.2.7, node_id=coordinator-1 host=172.16.24.224:9092 <connected> [IPv4 ('172.16.24.224', 9092)]>: Connection complete.
[2025-05-19T07:02:08.517+0000] {base.py:524} INFO - (Re-)joining group testt
[2025-05-19T07:02:08.529+0000] {base.py:524} INFO - (Re-)joining group testt
[2025-05-19T07:02:11.536+0000] {base.py:587} INFO - Elected group leader -- performing partition assignments using range
[2025-05-19T07:02:11.540+0000] {base.py:401} INFO - Successfully joined group testt with generation 3
[2025-05-19T07:02:11.541+0000] {subscription_state.py:246} INFO - Updated partition assignment: [('***test', 0)]
[2025-05-19T07:02:11.541+0000] {consumer.py:249} INFO - Setting newly assigned partitions (('***test', 0),) for group testt
[2025-05-19T07:02:11.553+0000] {logging_mixin.py:190} INFO - 📥 Received: ad_click from youtube at 2025-05-19T07:02:01.162416
[2025-05-19T07:02:11.554+0000] {logging_mixin.py:190} INFO - 📥 Received: play_start from naver at 2025-05-19T07:02:01.328526
[2025-05-19T07:02:11.554+0000] {logging_mixin.py:190} INFO - 📥 Received: play_complete from instagram at 2025-05-19T07:02:01.385639
[2025-05-19T07:02:11.554+0000] {logging_mixin.py:190} INFO - 📥 Received: like_click from instagram at 2025-05-19T07:02:01.444046
[2025-05-19T07:02:11.555+0000] {logging_mixin.py:190} INFO - 📥 Received: movie_click from instagram at 2025-05-19T07:02:01.500218
[2025-05-19T07:02:11.555+0000] {logging_mixin.py:190} INFO - 📥 Received: movie_click from instagram at 2025-05-19T07:02:01.554610
[2025-05-19T07:02:11.555+0000] {logging_mixin.py:190} INFO - 📥 Received: play_start from naver at 2025-05-19T07:02:01.607516
[2025-05-19T07:02:11.555+0000] {logging_mixin.py:190} INFO - 📥 Received: play_start from instagram at 2025-05-19T07:02:01.660525
[2025-05-19T07:02:11.556+0000] {logging_mixin.py:190} INFO - 📥 Received: ad_click from youtube at 2025-05-19T07:02:01.716260
[2025-05-19T07:02:11.556+0000] {logging_mixin.py:190} INFO - 📥 Received: ad_click from naver at 2025-05-19T07:02:01.771501
[2025-05-19T07:02:11.556+0000] {logging_mixin.py:190} INFO - 📥 Received: movie_click from instagram at 2025-05-19T07:02:01.825383
[2025-05-19T07:02:11.556+0000] {logging_mixin.py:190} INFO - 📥 Received: like_click from naver at 2025-05-19T07:02:01.897906
[2025-05-19T07:02:11.556+0000] {logging_mixin.py:190} INFO - 📥 Received: play_complete from naver at 2025-05-19T07:02:01.957077
[2025-05-19T07:02:11.557+0000] {logging_mixin.py:190} INFO - 📥 Received: like_click from instagram at 2025-05-19T07:02:02.015122
[2025-05-19T07:02:11.557+0000] {logging_mixin.py:190} INFO - 📥 Received: play_start from instagram at 2025-05-19T07:02:02.073598
[2025-05-19T07:02:11.557+0000] {logging_mixin.py:190} INFO - 📥 Received: ad_click from youtube at 2025-05-19T07:02:02.132555
[2025-05-19T07:02:11.557+0000] {logging_mixin.py:190} INFO - 📥 Received: play_complete from youtube at 2025-05-19T07:02:02.192573
[2025-05-19T07:02:11.558+0000] {logging_mixin.py:190} INFO - 📥 Received: like_click from naver at 2025-05-19T07:02:02.253832
[2025-05-19T07:02:11.558+0000] {logging_mixin.py:190} INFO - 📥 Received: play_complete from instagram at 2025-05-19T07:02:02.314616
[2025-05-19T07:02:11.558+0000] {logging_mixin.py:190} INFO - 📥 Received: play_complete from naver at 2025-05-19T07:02:02.370253
[2025-05-19T07:02:11.558+0000] {logging_mixin.py:190} INFO - 📥 Received: movie_click from naver at 2025-05-19T07:02:02.429677
[2025-05-19T07:02:11.558+0000] {logging_mixin.py:190} INFO - 📥 Received: movie_click from youtube at 2025-05-19T07:02:02.488288
[2025-05-19T07:02:11.558+0000] {logging_mixin.py:190} INFO - 📥 Received: play_start from naver at 2025-05-19T07:02:02.543732
[2025-05-19T07:02:11.559+0000] {logging_mixin.py:190} INFO - 📥 Received: ad_click from youtube at 2025-05-19T07:02:02.603096
[2025-05-19T07:02:11.559+0000] {logging_mixin.py:190} INFO - 📥 Received: like_click from naver at 2025-05-19T07:02:02.657805
[2025-05-19T07:02:11.559+0000] {logging_mixin.py:190} INFO - 📥 Received: ad_click from youtube at 2025-05-19T07:02:02.716144
[2025-05-19T07:02:11.559+0000] {logging_mixin.py:190} INFO - 📥 Received: like_click from naver at 2025-05-19T07:02:02.767662
[2025-05-19T07:02:11.560+0000] {logging_mixin.py:190} INFO - 📥 Received: play_complete from youtube at 2025-05-19T07:02:02.820576
[2025-05-19T07:02:11.560+0000] {logging_mixin.py:190} INFO - 📥 Received: like_click from instagram at 2025-05-19T07:02:02.874443
[2025-05-19T07:02:11.560+0000] {logging_mixin.py:190} INFO - 📥 Received: ad_click from instagram at 2025-05-19T07:02:02.928663
[2025-05-19T07:02:11.560+0000] {logging_mixin.py:190} INFO - 📥 Received: play_start from youtube at 2025-05-19T07:02:02.984352
[2025-05-19T07:02:11.560+0000] {logging_mixin.py:190} INFO - 📥 Received: like_click from instagram at 2025-05-19T07:02:03.043552
[2025-05-19T07:02:11.561+0000] {logging_mixin.py:190} INFO - 📥 Received: ad_click from instagram at 2025-05-19T07:02:03.102531
[2025-05-19T07:02:11.561+0000] {logging_mixin.py:190} INFO - 📥 Received: play_complete from instagram at 2025-05-19T07:02:03.155438
[2025-05-19T07:02:11.561+0000] {logging_mixin.py:190} INFO - 📥 Received: ad_click from instagram at 2025-05-19T07:02:03.214745
[2025-05-19T07:02:11.561+0000] {logging_mixin.py:190} INFO - 📥 Received: ad_click from youtube at 2025-05-19T07:02:03.274144
[2025-05-19T07:02:11.561+0000] {logging_mixin.py:190} INFO - 📥 Received: play_complete from instagram at 2025-05-19T07:02:03.331947
[2025-05-19T07:02:11.562+0000] {logging_mixin.py:190} INFO - 📥 Received: play_complete from naver at 2025-05-19T07:02:03.388818
[2025-05-19T07:02:11.562+0000] {logging_mixin.py:190} INFO - 📥 Received: play_complete from naver at 2025-05-19T07:02:03.444414
[2025-05-19T07:02:11.562+0000] {logging_mixin.py:190} INFO - 📥 Received: like_click from naver at 2025-05-19T07:02:03.499769
[2025-05-19T07:02:11.562+0000] {logging_mixin.py:190} INFO - 📥 Received: ad_click from youtube at 2025-05-19T07:02:03.558182
[2025-05-19T07:02:11.562+0000] {logging_mixin.py:190} INFO - 📥 Received: play_complete from instagram at 2025-05-19T07:02:03.617630
[2025-05-19T07:02:11.563+0000] {logging_mixin.py:190} INFO - 📥 Received: movie_click from instagram at 2025-05-19T07:02:03.671778
[2025-05-19T07:02:11.563+0000] {logging_mixin.py:190} INFO - 📥 Received: play_complete from naver at 2025-05-19T07:02:03.732793
[2025-05-19T07:02:11.563+0000] {logging_mixin.py:190} INFO - 📥 Received: ad_click from naver at 2025-05-19T07:02:03.791576
[2025-05-19T07:02:11.563+0000] {logging_mixin.py:190} INFO - 📥 Received: play_complete from youtube at 2025-05-19T07:02:03.845657
[2025-05-19T07:02:11.563+0000] {logging_mixin.py:190} INFO - 📥 Received: movie_click from youtube at 2025-05-19T07:02:03.902543
[2025-05-19T07:02:11.563+0000] {logging_mixin.py:190} INFO - 📥 Received: movie_click from naver at 2025-05-19T07:02:03.959799
[2025-05-19T07:02:11.564+0000] {logging_mixin.py:190} INFO - 📥 Received: movie_click from naver at 2025-05-19T07:02:04.018689
[2025-05-19T07:02:11.564+0000] {logging_mixin.py:190} INFO - 📥 Received: play_start from instagram at 2025-05-19T07:02:04.075175
[2025-05-19T07:02:11.564+0000] {logging_mixin.py:190} INFO - 📥 Received: play_complete from youtube at 2025-05-19T07:02:04.135543
[2025-05-19T07:02:11.564+0000] {logging_mixin.py:190} INFO - 📥 Received: ad_click from naver at 2025-05-19T07:02:04.189396
[2025-05-19T07:02:11.564+0000] {logging_mixin.py:190} INFO - 📥 Received: play_start from youtube at 2025-05-19T07:02:04.245113
[2025-05-19T07:02:11.564+0000] {logging_mixin.py:190} INFO - 📥 Received: play_complete from instagram at 2025-05-19T07:02:04.309763
[2025-05-19T07:02:11.565+0000] {logging_mixin.py:190} INFO - 📥 Received: ad_click from naver at 2025-05-19T07:02:04.362884
[2025-05-19T07:02:11.565+0000] {logging_mixin.py:190} INFO - 📥 Received: ad_click from instagram at 2025-05-19T07:02:04.415026
[2025-05-19T07:02:11.565+0000] {logging_mixin.py:190} INFO - 📥 Received: play_start from instagram at 2025-05-19T07:02:04.469692
[2025-05-19T07:02:11.565+0000] {logging_mixin.py:190} INFO - 📥 Received: ad_click from youtube at 2025-05-19T07:02:04.526260
[2025-05-19T07:02:11.565+0000] {logging_mixin.py:190} INFO - 📥 Received: play_start from instagram at 2025-05-19T07:02:04.583649
[2025-05-19T07:02:11.565+0000] {logging_mixin.py:190} INFO - 📥 Received: like_click from naver at 2025-05-19T07:02:04.638800
[2025-05-19T07:02:11.566+0000] {logging_mixin.py:190} INFO - 📥 Received: play_start from youtube at 2025-05-19T07:02:04.694383
[2025-05-19T07:02:11.566+0000] {logging_mixin.py:190} INFO - 📥 Received: movie_click from naver at 2025-05-19T07:02:04.753213
[2025-05-19T07:02:11.566+0000] {logging_mixin.py:190} INFO - 📥 Received: play_complete from naver at 2025-05-19T07:02:04.809500
[2025-05-19T07:02:11.566+0000] {logging_mixin.py:190} INFO - 📥 Received: movie_click from naver at 2025-05-19T07:02:04.866496
[2025-05-19T07:02:11.566+0000] {logging_mixin.py:190} INFO - 📥 Received: ad_click from youtube at 2025-05-19T07:02:04.923534
[2025-05-19T07:02:11.566+0000] {logging_mixin.py:190} INFO - 📥 Received: play_start from naver at 2025-05-19T07:02:04.977591
[2025-05-19T07:02:11.567+0000] {logging_mixin.py:190} INFO - 📥 Received: ad_click from instagram at 2025-05-19T07:02:05.034362
[2025-05-19T07:02:11.567+0000] {logging_mixin.py:190} INFO - 📥 Received: movie_click from instagram at 2025-05-19T07:02:05.093065
[2025-05-19T07:02:11.567+0000] {logging_mixin.py:190} INFO - 📥 Received: movie_click from instagram at 2025-05-19T07:02:05.147557
[2025-05-19T07:02:11.567+0000] {logging_mixin.py:190} INFO - 📥 Received: play_start from youtube at 2025-05-19T07:02:05.201765
[2025-05-19T07:02:11.567+0000] {logging_mixin.py:190} INFO - 📥 Received: movie_click from naver at 2025-05-19T07:02:05.260667
[2025-05-19T07:02:11.567+0000] {logging_mixin.py:190} INFO - 📥 Received: play_start from naver at 2025-05-19T07:02:05.316782
[2025-05-19T07:02:11.568+0000] {logging_mixin.py:190} INFO - 📥 Received: play_complete from youtube at 2025-05-19T07:02:05.375666
[2025-05-19T07:02:11.568+0000] {logging_mixin.py:190} INFO - 📥 Received: play_start from youtube at 2025-05-19T07:02:05.430567
[2025-05-19T07:02:11.568+0000] {logging_mixin.py:190} INFO - 📥 Received: play_start from naver at 2025-05-19T07:02:05.485203
[2025-05-19T07:02:11.568+0000] {logging_mixin.py:190} INFO - 📥 Received: play_complete from instagram at 2025-05-19T07:02:05.542633
[2025-05-19T07:02:11.568+0000] {logging_mixin.py:190} INFO - 📥 Received: play_complete from youtube at 2025-05-19T07:02:05.599373
[2025-05-19T07:02:11.568+0000] {logging_mixin.py:190} INFO - 📥 Received: ad_click from instagram at 2025-05-19T07:02:05.655515
[2025-05-19T07:02:11.568+0000] {logging_mixin.py:190} INFO - 📥 Received: play_start from instagram at 2025-05-19T07:02:05.709574
[2025-05-19T07:02:11.569+0000] {logging_mixin.py:190} INFO - 📥 Received: play_complete from instagram at 2025-05-19T07:02:05.762827
[2025-05-19T07:02:11.569+0000] {logging_mixin.py:190} INFO - 📥 Received: ad_click from youtube at 2025-05-19T07:02:05.815321
[2025-05-19T07:02:11.569+0000] {logging_mixin.py:190} INFO - 📥 Received: ad_click from instagram at 2025-05-19T07:02:05.869550
[2025-05-19T07:02:11.569+0000] {logging_mixin.py:190} INFO - 📥 Received: movie_click from instagram at 2025-05-19T07:02:05.923374
[2025-05-19T07:02:11.569+0000] {logging_mixin.py:190} INFO - 📥 Received: play_complete from youtube at 2025-05-19T07:02:05.980708
[2025-05-19T07:02:11.569+0000] {logging_mixin.py:190} INFO - 📥 Received: like_click from naver at 2025-05-19T07:02:06.037576
[2025-05-19T07:02:11.570+0000] {logging_mixin.py:190} INFO - 📥 Received: play_complete from naver at 2025-05-19T07:02:06.094043
[2025-05-19T07:02:11.570+0000] {logging_mixin.py:190} INFO - 📥 Received: play_complete from naver at 2025-05-19T07:02:06.146391
[2025-05-19T07:02:11.570+0000] {logging_mixin.py:190} INFO - 📥 Received: ad_click from youtube at 2025-05-19T07:02:06.200046
[2025-05-19T07:02:11.570+0000] {logging_mixin.py:190} INFO - 📥 Received: play_complete from instagram at 2025-05-19T07:02:06.258160
[2025-05-19T07:02:11.570+0000] {logging_mixin.py:190} INFO - 📥 Received: play_start from instagram at 2025-05-19T07:02:06.316517
[2025-05-19T07:02:11.570+0000] {logging_mixin.py:190} INFO - 📥 Received: movie_click from youtube at 2025-05-19T07:02:06.373569
[2025-05-19T07:02:11.571+0000] {logging_mixin.py:190} INFO - 📥 Received: movie_click from naver at 2025-05-19T07:02:06.433630
[2025-05-19T07:02:11.571+0000] {logging_mixin.py:190} INFO - 📥 Received: movie_click from youtube at 2025-05-19T07:02:06.490151
[2025-05-19T07:02:11.571+0000] {logging_mixin.py:190} INFO - 📥 Received: play_complete from youtube at 2025-05-19T07:02:06.549802
[2025-05-19T07:02:11.571+0000] {logging_mixin.py:190} INFO - 📥 Received: play_complete from naver at 2025-05-19T07:02:06.606666
[2025-05-19T07:02:11.571+0000] {logging_mixin.py:190} INFO - 📥 Received: like_click from instagram at 2025-05-19T07:02:06.661738
[2025-05-19T07:02:11.571+0000] {logging_mixin.py:190} INFO - 📥 Received: play_start from youtube at 2025-05-19T07:02:06.714966
[2025-05-19T07:02:11.571+0000] {logging_mixin.py:190} INFO - 📥 Received: ad_click from naver at 2025-05-19T07:02:06.771515
[2025-05-19T07:02:11.572+0000] {logging_mixin.py:190} INFO - 📥 Received: play_start from naver at 2025-05-19T07:02:06.828585
[2025-05-19T07:02:11.572+0000] {logging_mixin.py:190} INFO - 📥 Received: play_start from naver at 2025-05-19T07:02:06.886660
[2025-05-19T07:02:11.575+0000] {logging_mixin.py:190} INFO - ✅ Committed 100 messages.
[2025-05-19T07:02:11.580+0000] {base.py:84} INFO - Retrieving connection 'minio'
[2025-05-19T07:02:11.581+0000] {connection_wrapper.py:388} INFO - AWS Connection (conn_id='minio', conn_type='aws') credentials retrieved from login and password.
[2025-05-19T07:02:11.714+0000] {logging_mixin.py:190} INFO - ✅ File uploaded to MinIO: 2025-05-19_16-02-08.csv
[2025-05-19T07:02:11.715+0000] {base.py:834} INFO - Stopping heartbeat thread
[2025-05-19T07:02:14.716+0000] {base.py:1037} WARNING - Heartbeat thread did not fully terminate during close
[2025-05-19T07:02:14.717+0000] {base.py:865} INFO - Leaving consumer group (testt).
[2025-05-19T07:02:14.724+0000] {conn.py:945} INFO - <BrokerConnection client_id=kafka-python-2.2.7, node_id=1 host=172.16.24.224:9092 <connected> [IPv4 ('172.16.24.224', 9092)]>: Closing connection. 
[2025-05-19T07:02:14.725+0000] {conn.py:945} INFO - <BrokerConnection client_id=kafka-python-2.2.7, node_id=coordinator-1 host=172.16.24.224:9092 <connected> [IPv4 ('172.16.24.224', 9092)]>: Closing connection. 
[2025-05-19T07:02:14.727+0000] {python.py:240} INFO - Done. Returned value was: None
[2025-05-19T07:02:14.739+0000] {taskinstance.py:340} INFO - ::group::Post task execution logs
[2025-05-19T07:02:14.740+0000] {taskinstance.py:352} INFO - Marking task as SUCCESS. dag_id=csv_to_parquet, task_id=kafka_consumer, run_id=scheduled__2025-05-19T07:02:00+00:00, execution_date=20250519T070200, start_date=20250519T070207, end_date=20250519T070214
[2025-05-19T07:02:14.775+0000] {local_task_job_runner.py:266} INFO - Task exited with return code 0
[2025-05-19T07:02:14.785+0000] {taskinstance.py:3900} INFO - 0 downstream tasks scheduled from follow-on schedule check
[2025-05-19T07:02:14.786+0000] {local_task_job_runner.py:245} INFO - ::endgroup::
