[2025-05-19T07:09:36.694+0000] {local_task_job_runner.py:123} INFO - ::group::Pre task execution logs
[2025-05-19T07:09:36.699+0000] {taskinstance.py:2612} INFO - Dependencies all met for dep_context=non-requeueable deps ti=<TaskInstance: csv_to_parquet.kafka_consumer scheduled__2025-05-19T07:02:00+00:00 [queued]>
[2025-05-19T07:09:36.701+0000] {taskinstance.py:2612} INFO - Dependencies all met for dep_context=requeueable deps ti=<TaskInstance: csv_to_parquet.kafka_consumer scheduled__2025-05-19T07:02:00+00:00 [queued]>
[2025-05-19T07:09:36.701+0000] {taskinstance.py:2865} INFO - Starting attempt 2 of 3
[2025-05-19T07:09:36.705+0000] {taskinstance.py:2888} INFO - Executing <Task(PythonOperator): kafka_consumer> on 2025-05-19 07:02:00+00:00
[2025-05-19T07:09:36.707+0000] {standard_task_runner.py:72} INFO - Started process 824 to run task
[2025-05-19T07:09:36.709+0000] {standard_task_runner.py:104} INFO - Running: ['***', 'tasks', 'run', 'csv_to_parquet', 'kafka_consumer', 'scheduled__2025-05-19T07:02:00+00:00', '--job-id', '27', '--raw', '--subdir', 'DAGS_FOLDER/log_to_csv.py', '--cfg-path', '/tmp/tmprc3zi1df']
[2025-05-19T07:09:36.709+0000] {standard_task_runner.py:105} INFO - Job 27: Subtask kafka_consumer
[2025-05-19T07:09:36.726+0000] {task_command.py:467} INFO - Running <TaskInstance: csv_to_parquet.kafka_consumer scheduled__2025-05-19T07:02:00+00:00 [running]> on host 8b6a4ce3396b
[2025-05-19T07:09:36.824+0000] {taskinstance.py:3131} INFO - Exporting env vars: AIRFLOW_CTX_DAG_OWNER='***' AIRFLOW_CTX_DAG_ID='csv_to_parquet' AIRFLOW_CTX_TASK_ID='kafka_consumer' AIRFLOW_CTX_EXECUTION_DATE='2025-05-19T07:02:00+00:00' AIRFLOW_CTX_TRY_NUMBER='2' AIRFLOW_CTX_DAG_RUN_ID='scheduled__2025-05-19T07:02:00+00:00'
[2025-05-19T07:09:36.825+0000] {taskinstance.py:731} INFO - ::endgroup::
[2025-05-19T07:09:36.830+0000] {conn.py:396} INFO - <BrokerConnection client_id=kafka-python-2.2.7, node_id=bootstrap-0 host=host.docker.internal:9092 <connecting> [IPv4 ('192.168.65.254', 9092)]>: connecting to host.docker.internal:9092 [('192.168.65.254', 9092) IPv4]
[2025-05-19T07:09:36.833+0000] {conn.py:618} INFO - <BrokerConnection client_id=kafka-python-2.2.7, node_id=bootstrap-0 host=host.docker.internal:9092 <checking_api_versions_recv> [IPv4 ('192.168.65.254', 9092)]>: Broker version identified as 2.6
[2025-05-19T07:09:36.833+0000] {conn.py:457} INFO - <BrokerConnection client_id=kafka-python-2.2.7, node_id=bootstrap-0 host=host.docker.internal:9092 <connected> [IPv4 ('192.168.65.254', 9092)]>: Connection complete.
[2025-05-19T07:09:36.833+0000] {subscription_state.py:177} INFO - Updating subscribed topics to: ('***test',)
[2025-05-19T07:09:36.834+0000] {logging_mixin.py:190} INFO - ✅ Consumer started, waiting for messages...
[2025-05-19T07:09:36.835+0000] {conn.py:396} INFO - <BrokerConnection client_id=kafka-python-2.2.7, node_id=1 host=172.16.24.224:9092 <connecting> [IPv4 ('172.16.24.224', 9092)]>: connecting to 172.16.24.224:9092 [('172.16.24.224', 9092) IPv4]
[2025-05-19T07:09:36.936+0000] {conn.py:457} INFO - <BrokerConnection client_id=kafka-python-2.2.7, node_id=1 host=172.16.24.224:9092 <connected> [IPv4 ('172.16.24.224', 9092)]>: Connection complete.
[2025-05-19T07:09:36.937+0000] {conn.py:945} INFO - <BrokerConnection client_id=kafka-python-2.2.7, node_id=bootstrap-0 host=host.docker.internal:9092 <connected> [IPv4 ('192.168.65.254', 9092)]>: Closing connection. 
[2025-05-19T07:09:37.040+0000] {cluster.py:400} INFO - Coordinator for group/spark is ('coordinator-1', '172.16.24.224', 9092, None)
[2025-05-19T07:09:37.041+0000] {base.py:769} INFO - Discovered coordinator coordinator-1 for group spark
[2025-05-19T07:09:37.041+0000] {base.py:820} INFO - Starting new heartbeat thread
[2025-05-19T07:09:37.042+0000] {consumer.py:362} INFO - Revoking previously assigned partitions () for group spark
[2025-05-19T07:09:37.043+0000] {conn.py:396} INFO - <BrokerConnection client_id=kafka-python-2.2.7, node_id=coordinator-1 host=172.16.24.224:9092 <connecting> [IPv4 ('172.16.24.224', 9092)]>: connecting to 172.16.24.224:9092 [('172.16.24.224', 9092) IPv4]
[2025-05-19T07:09:37.145+0000] {conn.py:457} INFO - <BrokerConnection client_id=kafka-python-2.2.7, node_id=coordinator-1 host=172.16.24.224:9092 <connected> [IPv4 ('172.16.24.224', 9092)]>: Connection complete.
[2025-05-19T07:09:37.247+0000] {base.py:524} INFO - (Re-)joining group spark
[2025-05-19T07:09:37.250+0000] {base.py:524} INFO - (Re-)joining group spark
[2025-05-19T07:09:40.256+0000] {base.py:587} INFO - Elected group leader -- performing partition assignments using range
[2025-05-19T07:09:40.265+0000] {base.py:401} INFO - Successfully joined group spark with generation 1
[2025-05-19T07:09:40.266+0000] {subscription_state.py:246} INFO - Updated partition assignment: [('***test', 0)]
[2025-05-19T07:09:40.267+0000] {consumer.py:249} INFO - Setting newly assigned partitions (('***test', 0),) for group spark
[2025-05-19T07:09:40.271+0000] {fetcher.py:413} INFO - Resetting offset for partition ('***test', 0) to offset 0.
[2025-05-19T07:09:40.317+0000] {logging_mixin.py:190} INFO - 📥 Received: play_complete from instagram at 2025-05-19T06:37:05.537493
[2025-05-19T07:09:40.317+0000] {logging_mixin.py:190} INFO - 📥 Received: play_start from instagram at 2025-05-19T06:37:05.705276
[2025-05-19T07:09:40.317+0000] {logging_mixin.py:190} INFO - 📥 Received: ad_click from youtube at 2025-05-19T06:37:05.757467
[2025-05-19T07:09:40.318+0000] {logging_mixin.py:190} INFO - 📥 Received: movie_click from naver at 2025-05-19T06:37:05.813526
[2025-05-19T07:09:40.318+0000] {logging_mixin.py:190} INFO - 📥 Received: ad_click from youtube at 2025-05-19T06:37:05.865271
[2025-05-19T07:09:40.318+0000] {logging_mixin.py:190} INFO - 📥 Received: like_click from naver at 2025-05-19T06:37:05.918289
[2025-05-19T07:09:40.318+0000] {logging_mixin.py:190} INFO - 📥 Received: play_complete from naver at 2025-05-19T06:37:05.972126
[2025-05-19T07:09:40.318+0000] {logging_mixin.py:190} INFO - 📥 Received: movie_click from youtube at 2025-05-19T06:37:06.027009
[2025-05-19T07:09:40.318+0000] {logging_mixin.py:190} INFO - 📥 Received: like_click from youtube at 2025-05-19T06:37:06.085345
[2025-05-19T07:09:40.318+0000] {logging_mixin.py:190} INFO - 📥 Received: movie_click from naver at 2025-05-19T06:37:06.139879
[2025-05-19T07:09:40.319+0000] {logging_mixin.py:190} INFO - 📥 Received: ad_click from youtube at 2025-05-19T06:37:06.193278
[2025-05-19T07:09:40.319+0000] {logging_mixin.py:190} INFO - 📥 Received: ad_click from naver at 2025-05-19T06:37:06.248013
[2025-05-19T07:09:40.319+0000] {logging_mixin.py:190} INFO - 📥 Received: like_click from naver at 2025-05-19T06:37:06.305419
[2025-05-19T07:09:40.319+0000] {logging_mixin.py:190} INFO - 📥 Received: play_start from naver at 2025-05-19T06:37:06.359840
[2025-05-19T07:09:40.319+0000] {logging_mixin.py:190} INFO - 📥 Received: play_start from instagram at 2025-05-19T06:37:06.417879
[2025-05-19T07:09:40.319+0000] {logging_mixin.py:190} INFO - 📥 Received: play_start from naver at 2025-05-19T06:37:06.475321
[2025-05-19T07:09:40.319+0000] {logging_mixin.py:190} INFO - 📥 Received: like_click from naver at 2025-05-19T06:37:06.530704
[2025-05-19T07:09:40.319+0000] {logging_mixin.py:190} INFO - 📥 Received: ad_click from naver at 2025-05-19T06:37:06.585531
[2025-05-19T07:09:40.320+0000] {logging_mixin.py:190} INFO - 📥 Received: ad_click from instagram at 2025-05-19T06:37:06.639337
[2025-05-19T07:09:40.320+0000] {logging_mixin.py:190} INFO - 📥 Received: movie_click from youtube at 2025-05-19T06:37:06.693029
[2025-05-19T07:09:40.320+0000] {logging_mixin.py:190} INFO - 📥 Received: ad_click from youtube at 2025-05-19T06:37:06.750264
[2025-05-19T07:09:40.320+0000] {logging_mixin.py:190} INFO - 📥 Received: movie_click from naver at 2025-05-19T06:37:06.805316
[2025-05-19T07:09:40.320+0000] {logging_mixin.py:190} INFO - 📥 Received: play_complete from naver at 2025-05-19T06:37:06.858803
[2025-05-19T07:09:40.320+0000] {logging_mixin.py:190} INFO - 📥 Received: movie_click from youtube at 2025-05-19T06:37:06.915016
[2025-05-19T07:09:40.320+0000] {logging_mixin.py:190} INFO - 📥 Received: like_click from youtube at 2025-05-19T06:37:06.972023
[2025-05-19T07:09:40.321+0000] {logging_mixin.py:190} INFO - 📥 Received: like_click from instagram at 2025-05-19T06:37:07.027929
[2025-05-19T07:09:40.321+0000] {logging_mixin.py:190} INFO - 📥 Received: play_start from youtube at 2025-05-19T06:37:07.083780
[2025-05-19T07:09:40.321+0000] {logging_mixin.py:190} INFO - 📥 Received: movie_click from youtube at 2025-05-19T06:37:07.140477
[2025-05-19T07:09:40.321+0000] {logging_mixin.py:190} INFO - 📥 Received: play_complete from youtube at 2025-05-19T06:37:07.199359
[2025-05-19T07:09:40.321+0000] {logging_mixin.py:190} INFO - 📥 Received: like_click from naver at 2025-05-19T06:37:07.253259
[2025-05-19T07:09:40.321+0000] {logging_mixin.py:190} INFO - 📥 Received: play_start from naver at 2025-05-19T06:37:07.309854
[2025-05-19T07:09:40.321+0000] {logging_mixin.py:190} INFO - 📥 Received: play_complete from instagram at 2025-05-19T06:37:07.361304
[2025-05-19T07:09:40.322+0000] {logging_mixin.py:190} INFO - 📥 Received: movie_click from naver at 2025-05-19T06:37:07.413492
[2025-05-19T07:09:40.322+0000] {logging_mixin.py:190} INFO - 📥 Received: movie_click from naver at 2025-05-19T06:37:07.468778
[2025-05-19T07:09:40.322+0000] {logging_mixin.py:190} INFO - 📥 Received: play_complete from youtube at 2025-05-19T06:37:07.523271
[2025-05-19T07:09:40.322+0000] {logging_mixin.py:190} INFO - 📥 Received: movie_click from instagram at 2025-05-19T06:37:07.575443
[2025-05-19T07:09:40.322+0000] {logging_mixin.py:190} INFO - 📥 Received: ad_click from naver at 2025-05-19T06:37:07.631833
[2025-05-19T07:09:40.322+0000] {logging_mixin.py:190} INFO - 📥 Received: ad_click from instagram at 2025-05-19T06:37:07.688013
[2025-05-19T07:09:40.322+0000] {logging_mixin.py:190} INFO - 📥 Received: play_complete from instagram at 2025-05-19T06:37:07.743935
[2025-05-19T07:09:40.323+0000] {logging_mixin.py:190} INFO - 📥 Received: like_click from naver at 2025-05-19T06:37:07.799678
[2025-05-19T07:09:40.323+0000] {logging_mixin.py:190} INFO - 📥 Received: movie_click from naver at 2025-05-19T06:37:07.856608
[2025-05-19T07:09:40.323+0000] {logging_mixin.py:190} INFO - 📥 Received: ad_click from youtube at 2025-05-19T06:37:07.914281
[2025-05-19T07:09:40.323+0000] {logging_mixin.py:190} INFO - 📥 Received: ad_click from instagram at 2025-05-19T06:37:07.967267
[2025-05-19T07:09:40.323+0000] {logging_mixin.py:190} INFO - 📥 Received: movie_click from youtube at 2025-05-19T06:37:08.019256
[2025-05-19T07:09:40.323+0000] {logging_mixin.py:190} INFO - 📥 Received: play_start from youtube at 2025-05-19T06:37:08.072103
[2025-05-19T07:09:40.323+0000] {logging_mixin.py:190} INFO - 📥 Received: play_start from youtube at 2025-05-19T06:37:08.129356
[2025-05-19T07:09:40.324+0000] {logging_mixin.py:190} INFO - 📥 Received: like_click from instagram at 2025-05-19T06:37:08.181734
[2025-05-19T07:09:40.324+0000] {logging_mixin.py:190} INFO - 📥 Received: play_start from naver at 2025-05-19T06:37:08.234555
[2025-05-19T07:09:40.324+0000] {logging_mixin.py:190} INFO - 📥 Received: play_complete from instagram at 2025-05-19T06:37:08.290555
[2025-05-19T07:09:40.324+0000] {logging_mixin.py:190} INFO - 📥 Received: ad_click from naver at 2025-05-19T06:37:08.347110
[2025-05-19T07:09:40.324+0000] {logging_mixin.py:190} INFO - 📥 Received: like_click from naver at 2025-05-19T06:37:08.403049
[2025-05-19T07:09:40.324+0000] {logging_mixin.py:190} INFO - 📥 Received: movie_click from youtube at 2025-05-19T06:37:08.460304
[2025-05-19T07:09:40.324+0000] {logging_mixin.py:190} INFO - 📥 Received: like_click from naver at 2025-05-19T06:37:08.515225
[2025-05-19T07:09:40.325+0000] {logging_mixin.py:190} INFO - 📥 Received: ad_click from instagram at 2025-05-19T06:37:08.573372
[2025-05-19T07:09:40.325+0000] {logging_mixin.py:190} INFO - 📥 Received: play_start from youtube at 2025-05-19T06:37:08.629517
[2025-05-19T07:09:40.325+0000] {logging_mixin.py:190} INFO - 📥 Received: play_complete from youtube at 2025-05-19T06:37:08.685802
[2025-05-19T07:09:40.325+0000] {logging_mixin.py:190} INFO - 📥 Received: like_click from instagram at 2025-05-19T06:37:08.741224
[2025-05-19T07:09:40.325+0000] {logging_mixin.py:190} INFO - 📥 Received: ad_click from youtube at 2025-05-19T06:37:08.795536
[2025-05-19T07:09:40.325+0000] {logging_mixin.py:190} INFO - 📥 Received: play_complete from youtube at 2025-05-19T06:37:08.851489
[2025-05-19T07:09:40.325+0000] {logging_mixin.py:190} INFO - 📥 Received: ad_click from naver at 2025-05-19T06:37:08.906640
[2025-05-19T07:09:40.326+0000] {logging_mixin.py:190} INFO - 📥 Received: play_start from naver at 2025-05-19T06:37:08.961042
[2025-05-19T07:09:40.326+0000] {logging_mixin.py:190} INFO - 📥 Received: play_start from instagram at 2025-05-19T06:37:09.017554
[2025-05-19T07:09:40.326+0000] {logging_mixin.py:190} INFO - 📥 Received: play_complete from instagram at 2025-05-19T06:37:09.073260
[2025-05-19T07:09:40.326+0000] {logging_mixin.py:190} INFO - 📥 Received: play_complete from naver at 2025-05-19T06:37:09.126741
[2025-05-19T07:09:40.326+0000] {logging_mixin.py:190} INFO - 📥 Received: movie_click from naver at 2025-05-19T06:37:09.180702
[2025-05-19T07:09:40.326+0000] {logging_mixin.py:190} INFO - 📥 Received: like_click from instagram at 2025-05-19T06:37:09.234399
[2025-05-19T07:09:40.326+0000] {logging_mixin.py:190} INFO - 📥 Received: play_complete from naver at 2025-05-19T06:37:09.291273
[2025-05-19T07:09:40.327+0000] {logging_mixin.py:190} INFO - 📥 Received: play_complete from youtube at 2025-05-19T06:37:09.347063
[2025-05-19T07:09:40.327+0000] {logging_mixin.py:190} INFO - 📥 Received: ad_click from youtube at 2025-05-19T06:37:09.402751
[2025-05-19T07:09:40.327+0000] {logging_mixin.py:190} INFO - 📥 Received: movie_click from youtube at 2025-05-19T06:37:09.458229
[2025-05-19T07:09:40.327+0000] {logging_mixin.py:190} INFO - 📥 Received: like_click from youtube at 2025-05-19T06:37:09.513788
[2025-05-19T07:09:40.327+0000] {logging_mixin.py:190} INFO - 📥 Received: ad_click from naver at 2025-05-19T06:37:09.573118
[2025-05-19T07:09:40.327+0000] {logging_mixin.py:190} INFO - 📥 Received: play_start from naver at 2025-05-19T06:37:09.627342
[2025-05-19T07:09:40.327+0000] {logging_mixin.py:190} INFO - 📥 Received: ad_click from naver at 2025-05-19T06:37:09.683474
[2025-05-19T07:09:40.328+0000] {logging_mixin.py:190} INFO - 📥 Received: like_click from instagram at 2025-05-19T06:37:09.739364
[2025-05-19T07:09:40.328+0000] {logging_mixin.py:190} INFO - 📥 Received: play_start from instagram at 2025-05-19T06:37:09.798301
[2025-05-19T07:09:40.328+0000] {logging_mixin.py:190} INFO - 📥 Received: like_click from naver at 2025-05-19T06:37:09.856269
[2025-05-19T07:09:40.328+0000] {logging_mixin.py:190} INFO - 📥 Received: ad_click from youtube at 2025-05-19T06:37:09.912222
[2025-05-19T07:09:40.328+0000] {logging_mixin.py:190} INFO - 📥 Received: movie_click from naver at 2025-05-19T06:37:09.966519
[2025-05-19T07:09:40.328+0000] {logging_mixin.py:190} INFO - 📥 Received: play_start from youtube at 2025-05-19T06:37:10.020374
[2025-05-19T07:09:40.328+0000] {logging_mixin.py:190} INFO - 📥 Received: play_start from instagram at 2025-05-19T06:37:10.078510
[2025-05-19T07:09:40.328+0000] {logging_mixin.py:190} INFO - 📥 Received: movie_click from instagram at 2025-05-19T06:37:10.134159
[2025-05-19T07:09:40.329+0000] {logging_mixin.py:190} INFO - 📥 Received: ad_click from youtube at 2025-05-19T06:37:10.186756
[2025-05-19T07:09:40.329+0000] {logging_mixin.py:190} INFO - 📥 Received: ad_click from youtube at 2025-05-19T06:37:10.240127
[2025-05-19T07:09:40.329+0000] {logging_mixin.py:190} INFO - 📥 Received: play_start from youtube at 2025-05-19T06:37:10.294799
[2025-05-19T07:09:40.329+0000] {logging_mixin.py:190} INFO - 📥 Received: movie_click from youtube at 2025-05-19T06:37:10.351131
[2025-05-19T07:09:40.329+0000] {logging_mixin.py:190} INFO - 📥 Received: like_click from youtube at 2025-05-19T06:37:10.407270
[2025-05-19T07:09:40.329+0000] {logging_mixin.py:190} INFO - 📥 Received: play_start from instagram at 2025-05-19T06:37:10.459514
[2025-05-19T07:09:40.329+0000] {logging_mixin.py:190} INFO - 📥 Received: ad_click from youtube at 2025-05-19T06:37:10.513160
[2025-05-19T07:09:40.330+0000] {logging_mixin.py:190} INFO - 📥 Received: play_start from youtube at 2025-05-19T06:37:10.566515
[2025-05-19T07:09:40.330+0000] {logging_mixin.py:190} INFO - 📥 Received: play_start from instagram at 2025-05-19T06:37:10.620409
[2025-05-19T07:09:40.330+0000] {logging_mixin.py:190} INFO - 📥 Received: ad_click from youtube at 2025-05-19T06:37:10.676842
[2025-05-19T07:09:40.330+0000] {logging_mixin.py:190} INFO - 📥 Received: like_click from instagram at 2025-05-19T06:37:10.733790
[2025-05-19T07:09:40.330+0000] {logging_mixin.py:190} INFO - 📥 Received: like_click from naver at 2025-05-19T06:37:10.791257
[2025-05-19T07:09:40.330+0000] {logging_mixin.py:190} INFO - 📥 Received: like_click from youtube at 2025-05-19T06:37:10.847920
[2025-05-19T07:09:40.330+0000] {logging_mixin.py:190} INFO - 📥 Received: play_complete from instagram at 2025-05-19T06:37:10.902639
[2025-05-19T07:09:40.331+0000] {logging_mixin.py:190} INFO - 📥 Received: ad_click from youtube at 2025-05-19T06:37:10.966244
[2025-05-19T07:09:40.331+0000] {logging_mixin.py:190} INFO - 📥 Received: like_click from naver at 2025-05-19T06:37:11.018327
[2025-05-19T07:09:40.331+0000] {logging_mixin.py:190} INFO - 📥 Received: ad_click from youtube at 2025-05-19T06:37:11.072332
[2025-05-19T07:09:40.331+0000] {logging_mixin.py:190} INFO - 📥 Received: play_start from youtube at 2025-05-19T06:37:11.125758
[2025-05-19T07:09:40.331+0000] {logging_mixin.py:190} INFO - 📥 Received: play_complete from instagram at 2025-05-19T06:40:04.450128
[2025-05-19T07:09:40.331+0000] {logging_mixin.py:190} INFO - 📥 Received: like_click from youtube at 2025-05-19T06:40:04.615678
[2025-05-19T07:09:40.331+0000] {logging_mixin.py:190} INFO - 📥 Received: play_start from instagram at 2025-05-19T06:40:04.668592
[2025-05-19T07:09:40.332+0000] {logging_mixin.py:190} INFO - 📥 Received: ad_click from youtube at 2025-05-19T06:40:04.724729
[2025-05-19T07:09:40.332+0000] {logging_mixin.py:190} INFO - 📥 Received: play_complete from instagram at 2025-05-19T06:40:04.778964
[2025-05-19T07:09:40.332+0000] {logging_mixin.py:190} INFO - 📥 Received: like_click from naver at 2025-05-19T06:40:04.834154
[2025-05-19T07:09:40.332+0000] {logging_mixin.py:190} INFO - 📥 Received: like_click from youtube at 2025-05-19T06:40:04.885099
[2025-05-19T07:09:40.332+0000] {logging_mixin.py:190} INFO - 📥 Received: ad_click from youtube at 2025-05-19T06:40:04.937133
[2025-05-19T07:09:40.332+0000] {logging_mixin.py:190} INFO - 📥 Received: like_click from naver at 2025-05-19T06:40:04.991905
[2025-05-19T07:09:40.332+0000] {logging_mixin.py:190} INFO - 📥 Received: play_start from youtube at 2025-05-19T06:40:05.042904
[2025-05-19T07:09:40.332+0000] {logging_mixin.py:190} INFO - 📥 Received: ad_click from youtube at 2025-05-19T06:40:05.093911
[2025-05-19T07:09:40.333+0000] {logging_mixin.py:190} INFO - 📥 Received: play_complete from instagram at 2025-05-19T06:40:05.147916
[2025-05-19T07:09:40.333+0000] {logging_mixin.py:190} INFO - 📥 Received: like_click from instagram at 2025-05-19T06:40:05.199952
[2025-05-19T07:09:40.333+0000] {logging_mixin.py:190} INFO - 📥 Received: movie_click from youtube at 2025-05-19T06:40:05.253099
[2025-05-19T07:09:40.333+0000] {logging_mixin.py:190} INFO - 📥 Received: play_complete from youtube at 2025-05-19T06:40:05.305154
[2025-05-19T07:09:40.333+0000] {logging_mixin.py:190} INFO - 📥 Received: ad_click from youtube at 2025-05-19T06:40:05.356919
[2025-05-19T07:09:40.333+0000] {logging_mixin.py:190} INFO - 📥 Received: play_start from instagram at 2025-05-19T06:40:05.412017
[2025-05-19T07:09:40.333+0000] {logging_mixin.py:190} INFO - 📥 Received: movie_click from instagram at 2025-05-19T06:40:05.464906
[2025-05-19T07:09:40.334+0000] {logging_mixin.py:190} INFO - 📥 Received: play_complete from instagram at 2025-05-19T06:40:05.523906
[2025-05-19T07:09:40.334+0000] {logging_mixin.py:190} INFO - 📥 Received: play_start from instagram at 2025-05-19T06:40:05.574904
[2025-05-19T07:09:40.334+0000] {logging_mixin.py:190} INFO - 📥 Received: play_start from youtube at 2025-05-19T06:40:05.627905
[2025-05-19T07:09:40.334+0000] {logging_mixin.py:190} INFO - 📥 Received: ad_click from instagram at 2025-05-19T06:40:05.678903
[2025-05-19T07:09:40.334+0000] {logging_mixin.py:190} INFO - 📥 Received: play_complete from naver at 2025-05-19T06:40:05.729903
[2025-05-19T07:09:40.334+0000] {logging_mixin.py:190} INFO - 📥 Received: play_start from youtube at 2025-05-19T06:40:05.782906
[2025-05-19T07:09:40.334+0000] {logging_mixin.py:190} INFO - 📥 Received: play_start from instagram at 2025-05-19T06:40:05.833908
[2025-05-19T07:09:40.334+0000] {logging_mixin.py:190} INFO - 📥 Received: like_click from naver at 2025-05-19T06:40:05.884905
[2025-05-19T07:09:40.335+0000] {logging_mixin.py:190} INFO - 📥 Received: play_start from naver at 2025-05-19T06:40:05.937906
[2025-05-19T07:09:40.335+0000] {logging_mixin.py:190} INFO - 📥 Received: play_complete from youtube at 2025-05-19T06:40:05.988933
[2025-05-19T07:09:40.335+0000] {logging_mixin.py:190} INFO - 📥 Received: play_complete from naver at 2025-05-19T06:40:06.039930
[2025-05-19T07:09:40.335+0000] {logging_mixin.py:190} INFO - 📥 Received: like_click from naver at 2025-05-19T06:40:06.091171
[2025-05-19T07:09:40.335+0000] {logging_mixin.py:190} INFO - 📥 Received: ad_click from instagram at 2025-05-19T06:40:06.143154
[2025-05-19T07:09:40.335+0000] {logging_mixin.py:190} INFO - 📥 Received: movie_click from instagram at 2025-05-19T06:40:06.194957
[2025-05-19T07:09:40.335+0000] {logging_mixin.py:190} INFO - 📥 Received: ad_click from naver at 2025-05-19T06:40:06.247409
[2025-05-19T07:09:40.335+0000] {logging_mixin.py:190} INFO - 📥 Received: play_start from instagram at 2025-05-19T06:40:06.299479
[2025-05-19T07:09:40.336+0000] {logging_mixin.py:190} INFO - 📥 Received: movie_click from instagram at 2025-05-19T06:40:06.351309
[2025-05-19T07:09:40.336+0000] {logging_mixin.py:190} INFO - 📥 Received: ad_click from naver at 2025-05-19T06:40:06.404337
[2025-05-19T07:09:40.336+0000] {logging_mixin.py:190} INFO - 📥 Received: play_complete from naver at 2025-05-19T06:40:06.459203
[2025-05-19T07:09:40.336+0000] {logging_mixin.py:190} INFO - 📥 Received: movie_click from naver at 2025-05-19T06:40:06.512931
[2025-05-19T07:09:40.336+0000] {logging_mixin.py:190} INFO - 📥 Received: movie_click from naver at 2025-05-19T06:40:06.566501
[2025-05-19T07:09:40.336+0000] {logging_mixin.py:190} INFO - 📥 Received: play_complete from naver at 2025-05-19T06:40:06.618667
[2025-05-19T07:09:40.336+0000] {logging_mixin.py:190} INFO - 📥 Received: play_start from instagram at 2025-05-19T06:40:06.674555
[2025-05-19T07:09:40.336+0000] {logging_mixin.py:190} INFO - 📥 Received: like_click from youtube at 2025-05-19T06:40:06.732244
[2025-05-19T07:09:40.337+0000] {logging_mixin.py:190} INFO - 📥 Received: movie_click from naver at 2025-05-19T06:40:06.789288
[2025-05-19T07:09:40.337+0000] {logging_mixin.py:190} INFO - 📥 Received: play_complete from naver at 2025-05-19T06:40:06.844795
[2025-05-19T07:09:40.337+0000] {logging_mixin.py:190} INFO - 📥 Received: play_start from instagram at 2025-05-19T06:40:06.901460
[2025-05-19T07:09:40.337+0000] {logging_mixin.py:190} INFO - 📥 Received: ad_click from naver at 2025-05-19T06:40:06.955657
[2025-05-19T07:09:40.337+0000] {logging_mixin.py:190} INFO - 📥 Received: play_start from youtube at 2025-05-19T06:40:07.011929
[2025-05-19T07:09:40.337+0000] {logging_mixin.py:190} INFO - 📥 Received: like_click from youtube at 2025-05-19T06:40:07.066416
[2025-05-19T07:09:40.337+0000] {logging_mixin.py:190} INFO - 📥 Received: ad_click from youtube at 2025-05-19T06:40:07.121483
[2025-05-19T07:09:40.337+0000] {logging_mixin.py:190} INFO - 📥 Received: like_click from youtube at 2025-05-19T06:40:07.176004
[2025-05-19T07:09:40.338+0000] {logging_mixin.py:190} INFO - 📥 Received: like_click from instagram at 2025-05-19T06:40:07.229004
[2025-05-19T07:09:40.338+0000] {logging_mixin.py:190} INFO - 📥 Received: play_start from naver at 2025-05-19T06:40:07.282521
[2025-05-19T07:09:40.338+0000] {logging_mixin.py:190} INFO - 📥 Received: ad_click from youtube at 2025-05-19T06:40:07.335727
[2025-05-19T07:09:40.338+0000] {logging_mixin.py:190} INFO - 📥 Received: ad_click from naver at 2025-05-19T06:40:07.390114
[2025-05-19T07:09:40.338+0000] {logging_mixin.py:190} INFO - 📥 Received: play_start from youtube at 2025-05-19T06:40:07.448117
[2025-05-19T07:09:40.338+0000] {logging_mixin.py:190} INFO - 📥 Received: movie_click from youtube at 2025-05-19T06:40:07.506085
[2025-05-19T07:09:40.338+0000] {logging_mixin.py:190} INFO - 📥 Received: like_click from youtube at 2025-05-19T06:40:07.557934
[2025-05-19T07:09:40.339+0000] {logging_mixin.py:190} INFO - 📥 Received: play_start from instagram at 2025-05-19T06:40:07.610139
[2025-05-19T07:09:40.339+0000] {logging_mixin.py:190} INFO - 📥 Received: movie_click from naver at 2025-05-19T06:40:07.663223
[2025-05-19T07:09:40.339+0000] {logging_mixin.py:190} INFO - 📥 Received: like_click from youtube at 2025-05-19T06:40:07.717814
[2025-05-19T07:09:40.339+0000] {logging_mixin.py:190} INFO - 📥 Received: play_complete from instagram at 2025-05-19T06:40:07.771955
[2025-05-19T07:09:40.339+0000] {logging_mixin.py:190} INFO - 📥 Received: movie_click from instagram at 2025-05-19T06:40:07.825052
[2025-05-19T07:09:40.339+0000] {logging_mixin.py:190} INFO - 📥 Received: movie_click from youtube at 2025-05-19T06:40:07.879232
[2025-05-19T07:09:40.339+0000] {logging_mixin.py:190} INFO - 📥 Received: ad_click from youtube at 2025-05-19T06:40:07.933385
[2025-05-19T07:09:40.339+0000] {logging_mixin.py:190} INFO - 📥 Received: play_complete from instagram at 2025-05-19T06:40:07.987092
[2025-05-19T07:09:40.339+0000] {logging_mixin.py:190} INFO - 📥 Received: like_click from instagram at 2025-05-19T06:40:08.044216
[2025-05-19T07:09:40.340+0000] {logging_mixin.py:190} INFO - 📥 Received: play_start from naver at 2025-05-19T06:40:08.100227
[2025-05-19T07:09:40.340+0000] {logging_mixin.py:190} INFO - 📥 Received: play_complete from naver at 2025-05-19T06:40:08.155537
[2025-05-19T07:09:40.340+0000] {logging_mixin.py:190} INFO - 📥 Received: like_click from naver at 2025-05-19T06:40:08.211014
[2025-05-19T07:09:40.340+0000] {logging_mixin.py:190} INFO - 📥 Received: play_complete from instagram at 2025-05-19T06:40:08.267204
[2025-05-19T07:09:40.340+0000] {logging_mixin.py:190} INFO - 📥 Received: play_complete from naver at 2025-05-19T06:40:08.321747
[2025-05-19T07:09:40.340+0000] {logging_mixin.py:190} INFO - 📥 Received: play_start from instagram at 2025-05-19T06:40:08.375045
[2025-05-19T07:09:40.340+0000] {logging_mixin.py:190} INFO - 📥 Received: play_complete from youtube at 2025-05-19T06:40:08.431927
[2025-05-19T07:09:40.340+0000] {logging_mixin.py:190} INFO - 📥 Received: movie_click from naver at 2025-05-19T06:40:08.484026
[2025-05-19T07:09:40.341+0000] {logging_mixin.py:190} INFO - 📥 Received: ad_click from naver at 2025-05-19T06:40:08.536613
[2025-05-19T07:09:40.341+0000] {logging_mixin.py:190} INFO - 📥 Received: play_complete from naver at 2025-05-19T06:40:08.592729
[2025-05-19T07:09:40.341+0000] {logging_mixin.py:190} INFO - 📥 Received: like_click from instagram at 2025-05-19T06:40:08.645910
[2025-05-19T07:09:40.341+0000] {logging_mixin.py:190} INFO - 📥 Received: movie_click from instagram at 2025-05-19T06:40:08.700059
[2025-05-19T07:09:40.341+0000] {logging_mixin.py:190} INFO - 📥 Received: play_complete from instagram at 2025-05-19T06:40:08.753491
[2025-05-19T07:09:40.341+0000] {logging_mixin.py:190} INFO - 📥 Received: ad_click from naver at 2025-05-19T06:40:08.809450
[2025-05-19T07:09:40.341+0000] {logging_mixin.py:190} INFO - 📥 Received: like_click from youtube at 2025-05-19T06:40:08.864635
[2025-05-19T07:09:40.341+0000] {logging_mixin.py:190} INFO - 📥 Received: play_complete from naver at 2025-05-19T06:40:08.919188
[2025-05-19T07:09:40.342+0000] {logging_mixin.py:190} INFO - 📥 Received: play_start from youtube at 2025-05-19T06:40:08.973195
[2025-05-19T07:09:40.342+0000] {logging_mixin.py:190} INFO - 📥 Received: like_click from naver at 2025-05-19T06:40:09.027977
[2025-05-19T07:09:40.342+0000] {logging_mixin.py:190} INFO - 📥 Received: play_complete from naver at 2025-05-19T06:40:09.084462
[2025-05-19T07:09:40.342+0000] {logging_mixin.py:190} INFO - 📥 Received: like_click from instagram at 2025-05-19T06:40:09.138762
[2025-05-19T07:09:40.342+0000] {logging_mixin.py:190} INFO - 📥 Received: like_click from instagram at 2025-05-19T06:40:09.191149
[2025-05-19T07:09:40.342+0000] {logging_mixin.py:190} INFO - 📥 Received: play_complete from naver at 2025-05-19T06:40:09.243662
[2025-05-19T07:09:40.342+0000] {logging_mixin.py:190} INFO - 📥 Received: ad_click from youtube at 2025-05-19T06:40:09.296180
[2025-05-19T07:09:40.342+0000] {logging_mixin.py:190} INFO - 📥 Received: movie_click from youtube at 2025-05-19T06:40:09.351417
[2025-05-19T07:09:40.343+0000] {logging_mixin.py:190} INFO - 📥 Received: play_complete from naver at 2025-05-19T06:40:09.403036
[2025-05-19T07:09:40.343+0000] {logging_mixin.py:190} INFO - 📥 Received: movie_click from instagram at 2025-05-19T06:40:09.458410
[2025-05-19T07:09:40.343+0000] {logging_mixin.py:190} INFO - 📥 Received: play_start from youtube at 2025-05-19T06:40:09.510472
[2025-05-19T07:09:40.343+0000] {logging_mixin.py:190} INFO - 📥 Received: play_complete from naver at 2025-05-19T06:40:09.565728
[2025-05-19T07:09:40.343+0000] {logging_mixin.py:190} INFO - 📥 Received: ad_click from youtube at 2025-05-19T06:40:09.621131
[2025-05-19T07:09:40.343+0000] {logging_mixin.py:190} INFO - 📥 Received: play_start from instagram at 2025-05-19T06:40:09.676956
[2025-05-19T07:09:40.343+0000] {logging_mixin.py:190} INFO - 📥 Received: ad_click from youtube at 2025-05-19T06:40:09.729964
[2025-05-19T07:09:40.343+0000] {logging_mixin.py:190} INFO - 📥 Received: like_click from naver at 2025-05-19T06:40:09.784430
[2025-05-19T07:09:40.344+0000] {logging_mixin.py:190} INFO - 📥 Received: play_start from naver at 2025-05-19T06:40:09.839690
[2025-05-19T07:09:40.344+0000] {logging_mixin.py:190} INFO - 📥 Received: play_complete from youtube at 2025-05-19T06:40:09.895082
[2025-05-19T07:09:40.344+0000] {logging_mixin.py:190} INFO - 📥 Received: ad_click from youtube at 2025-05-19T07:02:01.162416
[2025-05-19T07:09:40.344+0000] {logging_mixin.py:190} INFO - 📥 Received: play_start from naver at 2025-05-19T07:02:01.328526
[2025-05-19T07:09:40.344+0000] {logging_mixin.py:190} INFO - 📥 Received: play_complete from instagram at 2025-05-19T07:02:01.385639
[2025-05-19T07:09:40.344+0000] {logging_mixin.py:190} INFO - 📥 Received: like_click from instagram at 2025-05-19T07:02:01.444046
[2025-05-19T07:09:40.344+0000] {logging_mixin.py:190} INFO - 📥 Received: movie_click from instagram at 2025-05-19T07:02:01.500218
[2025-05-19T07:09:40.344+0000] {logging_mixin.py:190} INFO - 📥 Received: movie_click from instagram at 2025-05-19T07:02:01.554610
[2025-05-19T07:09:40.344+0000] {logging_mixin.py:190} INFO - 📥 Received: play_start from naver at 2025-05-19T07:02:01.607516
[2025-05-19T07:09:40.345+0000] {logging_mixin.py:190} INFO - 📥 Received: play_start from instagram at 2025-05-19T07:02:01.660525
[2025-05-19T07:09:40.345+0000] {logging_mixin.py:190} INFO - 📥 Received: ad_click from youtube at 2025-05-19T07:02:01.716260
[2025-05-19T07:09:40.345+0000] {logging_mixin.py:190} INFO - 📥 Received: ad_click from naver at 2025-05-19T07:02:01.771501
[2025-05-19T07:09:40.345+0000] {logging_mixin.py:190} INFO - 📥 Received: movie_click from instagram at 2025-05-19T07:02:01.825383
[2025-05-19T07:09:40.345+0000] {logging_mixin.py:190} INFO - 📥 Received: like_click from naver at 2025-05-19T07:02:01.897906
[2025-05-19T07:09:40.345+0000] {logging_mixin.py:190} INFO - 📥 Received: play_complete from naver at 2025-05-19T07:02:01.957077
[2025-05-19T07:09:40.345+0000] {logging_mixin.py:190} INFO - 📥 Received: like_click from instagram at 2025-05-19T07:02:02.015122
[2025-05-19T07:09:40.345+0000] {logging_mixin.py:190} INFO - 📥 Received: play_start from instagram at 2025-05-19T07:02:02.073598
[2025-05-19T07:09:40.346+0000] {logging_mixin.py:190} INFO - 📥 Received: ad_click from youtube at 2025-05-19T07:02:02.132555
[2025-05-19T07:09:40.346+0000] {logging_mixin.py:190} INFO - 📥 Received: play_complete from youtube at 2025-05-19T07:02:02.192573
[2025-05-19T07:09:40.346+0000] {logging_mixin.py:190} INFO - 📥 Received: like_click from naver at 2025-05-19T07:02:02.253832
[2025-05-19T07:09:40.346+0000] {logging_mixin.py:190} INFO - 📥 Received: play_complete from instagram at 2025-05-19T07:02:02.314616
[2025-05-19T07:09:40.346+0000] {logging_mixin.py:190} INFO - 📥 Received: play_complete from naver at 2025-05-19T07:02:02.370253
[2025-05-19T07:09:40.346+0000] {logging_mixin.py:190} INFO - 📥 Received: movie_click from naver at 2025-05-19T07:02:02.429677
[2025-05-19T07:09:40.346+0000] {logging_mixin.py:190} INFO - 📥 Received: movie_click from youtube at 2025-05-19T07:02:02.488288
[2025-05-19T07:09:40.346+0000] {logging_mixin.py:190} INFO - 📥 Received: play_start from naver at 2025-05-19T07:02:02.543732
[2025-05-19T07:09:40.346+0000] {logging_mixin.py:190} INFO - 📥 Received: ad_click from youtube at 2025-05-19T07:02:02.603096
[2025-05-19T07:09:40.347+0000] {logging_mixin.py:190} INFO - 📥 Received: like_click from naver at 2025-05-19T07:02:02.657805
[2025-05-19T07:09:40.347+0000] {logging_mixin.py:190} INFO - 📥 Received: ad_click from youtube at 2025-05-19T07:02:02.716144
[2025-05-19T07:09:40.347+0000] {logging_mixin.py:190} INFO - 📥 Received: like_click from naver at 2025-05-19T07:02:02.767662
[2025-05-19T07:09:40.347+0000] {logging_mixin.py:190} INFO - 📥 Received: play_complete from youtube at 2025-05-19T07:02:02.820576
[2025-05-19T07:09:40.347+0000] {logging_mixin.py:190} INFO - 📥 Received: like_click from instagram at 2025-05-19T07:02:02.874443
[2025-05-19T07:09:40.347+0000] {logging_mixin.py:190} INFO - 📥 Received: ad_click from instagram at 2025-05-19T07:02:02.928663
[2025-05-19T07:09:40.347+0000] {logging_mixin.py:190} INFO - 📥 Received: play_start from youtube at 2025-05-19T07:02:02.984352
[2025-05-19T07:09:40.347+0000] {logging_mixin.py:190} INFO - 📥 Received: like_click from instagram at 2025-05-19T07:02:03.043552
[2025-05-19T07:09:40.347+0000] {logging_mixin.py:190} INFO - 📥 Received: ad_click from instagram at 2025-05-19T07:02:03.102531
[2025-05-19T07:09:40.348+0000] {logging_mixin.py:190} INFO - 📥 Received: play_complete from instagram at 2025-05-19T07:02:03.155438
[2025-05-19T07:09:40.348+0000] {logging_mixin.py:190} INFO - 📥 Received: ad_click from instagram at 2025-05-19T07:02:03.214745
[2025-05-19T07:09:40.348+0000] {logging_mixin.py:190} INFO - 📥 Received: ad_click from youtube at 2025-05-19T07:02:03.274144
[2025-05-19T07:09:40.348+0000] {logging_mixin.py:190} INFO - 📥 Received: play_complete from instagram at 2025-05-19T07:02:03.331947
[2025-05-19T07:09:40.348+0000] {logging_mixin.py:190} INFO - 📥 Received: play_complete from naver at 2025-05-19T07:02:03.388818
[2025-05-19T07:09:40.348+0000] {logging_mixin.py:190} INFO - 📥 Received: play_complete from naver at 2025-05-19T07:02:03.444414
[2025-05-19T07:09:40.348+0000] {logging_mixin.py:190} INFO - 📥 Received: like_click from naver at 2025-05-19T07:02:03.499769
[2025-05-19T07:09:40.348+0000] {logging_mixin.py:190} INFO - 📥 Received: ad_click from youtube at 2025-05-19T07:02:03.558182
[2025-05-19T07:09:40.349+0000] {logging_mixin.py:190} INFO - 📥 Received: play_complete from instagram at 2025-05-19T07:02:03.617630
[2025-05-19T07:09:40.349+0000] {logging_mixin.py:190} INFO - 📥 Received: movie_click from instagram at 2025-05-19T07:02:03.671778
[2025-05-19T07:09:40.349+0000] {logging_mixin.py:190} INFO - 📥 Received: play_complete from naver at 2025-05-19T07:02:03.732793
[2025-05-19T07:09:40.349+0000] {logging_mixin.py:190} INFO - 📥 Received: ad_click from naver at 2025-05-19T07:02:03.791576
[2025-05-19T07:09:40.349+0000] {logging_mixin.py:190} INFO - 📥 Received: play_complete from youtube at 2025-05-19T07:02:03.845657
[2025-05-19T07:09:40.349+0000] {logging_mixin.py:190} INFO - 📥 Received: movie_click from youtube at 2025-05-19T07:02:03.902543
[2025-05-19T07:09:40.349+0000] {logging_mixin.py:190} INFO - 📥 Received: movie_click from naver at 2025-05-19T07:02:03.959799
[2025-05-19T07:09:40.349+0000] {logging_mixin.py:190} INFO - 📥 Received: movie_click from naver at 2025-05-19T07:02:04.018689
[2025-05-19T07:09:40.349+0000] {logging_mixin.py:190} INFO - 📥 Received: play_start from instagram at 2025-05-19T07:02:04.075175
[2025-05-19T07:09:40.350+0000] {logging_mixin.py:190} INFO - 📥 Received: play_complete from youtube at 2025-05-19T07:02:04.135543
[2025-05-19T07:09:40.350+0000] {logging_mixin.py:190} INFO - 📥 Received: ad_click from naver at 2025-05-19T07:02:04.189396
[2025-05-19T07:09:40.350+0000] {logging_mixin.py:190} INFO - 📥 Received: play_start from youtube at 2025-05-19T07:02:04.245113
[2025-05-19T07:09:40.350+0000] {logging_mixin.py:190} INFO - 📥 Received: play_complete from instagram at 2025-05-19T07:02:04.309763
[2025-05-19T07:09:40.350+0000] {logging_mixin.py:190} INFO - 📥 Received: ad_click from naver at 2025-05-19T07:02:04.362884
[2025-05-19T07:09:40.350+0000] {logging_mixin.py:190} INFO - 📥 Received: ad_click from instagram at 2025-05-19T07:02:04.415026
[2025-05-19T07:09:40.350+0000] {logging_mixin.py:190} INFO - 📥 Received: play_start from instagram at 2025-05-19T07:02:04.469692
[2025-05-19T07:09:40.350+0000] {logging_mixin.py:190} INFO - 📥 Received: ad_click from youtube at 2025-05-19T07:02:04.526260
[2025-05-19T07:09:40.351+0000] {logging_mixin.py:190} INFO - 📥 Received: play_start from instagram at 2025-05-19T07:02:04.583649
[2025-05-19T07:09:40.351+0000] {logging_mixin.py:190} INFO - 📥 Received: like_click from naver at 2025-05-19T07:02:04.638800
[2025-05-19T07:09:40.351+0000] {logging_mixin.py:190} INFO - 📥 Received: play_start from youtube at 2025-05-19T07:02:04.694383
[2025-05-19T07:09:40.351+0000] {logging_mixin.py:190} INFO - 📥 Received: movie_click from naver at 2025-05-19T07:02:04.753213
[2025-05-19T07:09:40.351+0000] {logging_mixin.py:190} INFO - 📥 Received: play_complete from naver at 2025-05-19T07:02:04.809500
[2025-05-19T07:09:40.351+0000] {logging_mixin.py:190} INFO - 📥 Received: movie_click from naver at 2025-05-19T07:02:04.866496
[2025-05-19T07:09:40.351+0000] {logging_mixin.py:190} INFO - 📥 Received: ad_click from youtube at 2025-05-19T07:02:04.923534
[2025-05-19T07:09:40.351+0000] {logging_mixin.py:190} INFO - 📥 Received: play_start from naver at 2025-05-19T07:02:04.977591
[2025-05-19T07:09:40.351+0000] {logging_mixin.py:190} INFO - 📥 Received: ad_click from instagram at 2025-05-19T07:02:05.034362
[2025-05-19T07:09:40.352+0000] {logging_mixin.py:190} INFO - 📥 Received: movie_click from instagram at 2025-05-19T07:02:05.093065
[2025-05-19T07:09:40.352+0000] {logging_mixin.py:190} INFO - 📥 Received: movie_click from instagram at 2025-05-19T07:02:05.147557
[2025-05-19T07:09:40.352+0000] {logging_mixin.py:190} INFO - 📥 Received: play_start from youtube at 2025-05-19T07:02:05.201765
[2025-05-19T07:09:40.352+0000] {logging_mixin.py:190} INFO - 📥 Received: movie_click from naver at 2025-05-19T07:02:05.260667
[2025-05-19T07:09:40.352+0000] {logging_mixin.py:190} INFO - 📥 Received: play_start from naver at 2025-05-19T07:02:05.316782
[2025-05-19T07:09:40.352+0000] {logging_mixin.py:190} INFO - 📥 Received: play_complete from youtube at 2025-05-19T07:02:05.375666
[2025-05-19T07:09:40.352+0000] {logging_mixin.py:190} INFO - 📥 Received: play_start from youtube at 2025-05-19T07:02:05.430567
[2025-05-19T07:09:40.352+0000] {logging_mixin.py:190} INFO - 📥 Received: play_start from naver at 2025-05-19T07:02:05.485203
[2025-05-19T07:09:40.352+0000] {logging_mixin.py:190} INFO - 📥 Received: play_complete from instagram at 2025-05-19T07:02:05.542633
[2025-05-19T07:09:40.353+0000] {logging_mixin.py:190} INFO - 📥 Received: play_complete from youtube at 2025-05-19T07:02:05.599373
[2025-05-19T07:09:40.353+0000] {logging_mixin.py:190} INFO - 📥 Received: ad_click from instagram at 2025-05-19T07:02:05.655515
[2025-05-19T07:09:40.353+0000] {logging_mixin.py:190} INFO - 📥 Received: play_start from instagram at 2025-05-19T07:02:05.709574
[2025-05-19T07:09:40.353+0000] {logging_mixin.py:190} INFO - 📥 Received: play_complete from instagram at 2025-05-19T07:02:05.762827
[2025-05-19T07:09:40.353+0000] {logging_mixin.py:190} INFO - 📥 Received: ad_click from youtube at 2025-05-19T07:02:05.815321
[2025-05-19T07:09:40.353+0000] {logging_mixin.py:190} INFO - 📥 Received: ad_click from instagram at 2025-05-19T07:02:05.869550
[2025-05-19T07:09:40.353+0000] {logging_mixin.py:190} INFO - 📥 Received: movie_click from instagram at 2025-05-19T07:02:05.923374
[2025-05-19T07:09:40.353+0000] {logging_mixin.py:190} INFO - 📥 Received: play_complete from youtube at 2025-05-19T07:02:05.980708
[2025-05-19T07:09:40.353+0000] {logging_mixin.py:190} INFO - 📥 Received: like_click from naver at 2025-05-19T07:02:06.037576
[2025-05-19T07:09:40.354+0000] {logging_mixin.py:190} INFO - 📥 Received: play_complete from naver at 2025-05-19T07:02:06.094043
[2025-05-19T07:09:40.354+0000] {logging_mixin.py:190} INFO - 📥 Received: play_complete from naver at 2025-05-19T07:02:06.146391
[2025-05-19T07:09:40.354+0000] {logging_mixin.py:190} INFO - 📥 Received: ad_click from youtube at 2025-05-19T07:02:06.200046
[2025-05-19T07:09:40.354+0000] {logging_mixin.py:190} INFO - 📥 Received: play_complete from instagram at 2025-05-19T07:02:06.258160
[2025-05-19T07:09:40.354+0000] {logging_mixin.py:190} INFO - 📥 Received: play_start from instagram at 2025-05-19T07:02:06.316517
[2025-05-19T07:09:40.354+0000] {logging_mixin.py:190} INFO - 📥 Received: movie_click from youtube at 2025-05-19T07:02:06.373569
[2025-05-19T07:09:40.354+0000] {logging_mixin.py:190} INFO - 📥 Received: movie_click from naver at 2025-05-19T07:02:06.433630
[2025-05-19T07:09:40.354+0000] {logging_mixin.py:190} INFO - 📥 Received: movie_click from youtube at 2025-05-19T07:02:06.490151
[2025-05-19T07:09:40.354+0000] {logging_mixin.py:190} INFO - 📥 Received: play_complete from youtube at 2025-05-19T07:02:06.549802
[2025-05-19T07:09:40.355+0000] {logging_mixin.py:190} INFO - 📥 Received: play_complete from naver at 2025-05-19T07:02:06.606666
[2025-05-19T07:09:40.355+0000] {logging_mixin.py:190} INFO - 📥 Received: like_click from instagram at 2025-05-19T07:02:06.661738
[2025-05-19T07:09:40.355+0000] {logging_mixin.py:190} INFO - 📥 Received: play_start from youtube at 2025-05-19T07:02:06.714966
[2025-05-19T07:09:40.355+0000] {logging_mixin.py:190} INFO - 📥 Received: ad_click from naver at 2025-05-19T07:02:06.771515
[2025-05-19T07:09:40.355+0000] {logging_mixin.py:190} INFO - 📥 Received: play_start from naver at 2025-05-19T07:02:06.828585
[2025-05-19T07:09:40.355+0000] {logging_mixin.py:190} INFO - 📥 Received: play_start from naver at 2025-05-19T07:02:06.886660
[2025-05-19T07:09:40.355+0000] {logging_mixin.py:190} INFO - 📥 Received: movie_click from instagram at 2025-05-19T07:09:30.522321
[2025-05-19T07:09:40.355+0000] {logging_mixin.py:190} INFO - 📥 Received: like_click from instagram at 2025-05-19T07:09:30.690063
[2025-05-19T07:09:40.356+0000] {logging_mixin.py:190} INFO - 📥 Received: like_click from naver at 2025-05-19T07:09:30.746296
[2025-05-19T07:09:40.356+0000] {logging_mixin.py:190} INFO - 📥 Received: play_start from youtube at 2025-05-19T07:09:30.801810
[2025-05-19T07:09:40.356+0000] {logging_mixin.py:190} INFO - 📥 Received: ad_click from youtube at 2025-05-19T07:09:30.861130
[2025-05-19T07:09:40.356+0000] {logging_mixin.py:190} INFO - 📥 Received: movie_click from youtube at 2025-05-19T07:09:30.919390
[2025-05-19T07:09:40.356+0000] {logging_mixin.py:190} INFO - 📥 Received: play_complete from youtube at 2025-05-19T07:09:30.976144
[2025-05-19T07:09:40.356+0000] {logging_mixin.py:190} INFO - 📥 Received: like_click from naver at 2025-05-19T07:09:31.034706
[2025-05-19T07:09:40.356+0000] {logging_mixin.py:190} INFO - 📥 Received: ad_click from youtube at 2025-05-19T07:09:31.089600
[2025-05-19T07:09:40.356+0000] {logging_mixin.py:190} INFO - 📥 Received: play_start from naver at 2025-05-19T07:09:31.141636
[2025-05-19T07:09:40.356+0000] {logging_mixin.py:190} INFO - 📥 Received: play_complete from instagram at 2025-05-19T07:09:31.195119
[2025-05-19T07:09:40.357+0000] {logging_mixin.py:190} INFO - 📥 Received: movie_click from naver at 2025-05-19T07:09:31.252635
[2025-05-19T07:09:40.357+0000] {logging_mixin.py:190} INFO - 📥 Received: movie_click from naver at 2025-05-19T07:09:31.308198
[2025-05-19T07:09:40.357+0000] {logging_mixin.py:190} INFO - 📥 Received: ad_click from youtube at 2025-05-19T07:09:31.363497
[2025-05-19T07:09:40.357+0000] {logging_mixin.py:190} INFO - 📥 Received: ad_click from instagram at 2025-05-19T07:09:31.418753
[2025-05-19T07:09:40.357+0000] {logging_mixin.py:190} INFO - 📥 Received: play_start from youtube at 2025-05-19T07:09:31.475245
[2025-05-19T07:09:40.357+0000] {logging_mixin.py:190} INFO - 📥 Received: play_complete from youtube at 2025-05-19T07:09:31.532076
[2025-05-19T07:09:40.357+0000] {logging_mixin.py:190} INFO - 📥 Received: play_complete from instagram at 2025-05-19T07:09:31.585173
[2025-05-19T07:09:40.357+0000] {logging_mixin.py:190} INFO - 📥 Received: like_click from instagram at 2025-05-19T07:09:31.642337
[2025-05-19T07:09:40.357+0000] {logging_mixin.py:190} INFO - 📥 Received: play_start from instagram at 2025-05-19T07:09:31.703033
[2025-05-19T07:09:40.358+0000] {logging_mixin.py:190} INFO - 📥 Received: play_start from youtube at 2025-05-19T07:09:31.759560
[2025-05-19T07:09:40.358+0000] {logging_mixin.py:190} INFO - 📥 Received: play_complete from youtube at 2025-05-19T07:09:31.810757
[2025-05-19T07:09:40.358+0000] {logging_mixin.py:190} INFO - 📥 Received: play_start from youtube at 2025-05-19T07:09:31.866328
[2025-05-19T07:09:40.358+0000] {logging_mixin.py:190} INFO - 📥 Received: play_start from naver at 2025-05-19T07:09:31.918793
[2025-05-19T07:09:40.358+0000] {logging_mixin.py:190} INFO - 📥 Received: movie_click from naver at 2025-05-19T07:09:31.971600
[2025-05-19T07:09:40.358+0000] {logging_mixin.py:190} INFO - 📥 Received: movie_click from instagram at 2025-05-19T07:09:32.025295
[2025-05-19T07:09:40.358+0000] {logging_mixin.py:190} INFO - 📥 Received: ad_click from instagram at 2025-05-19T07:09:32.077902
[2025-05-19T07:09:40.358+0000] {logging_mixin.py:190} INFO - 📥 Received: play_start from instagram at 2025-05-19T07:09:32.130548
[2025-05-19T07:09:40.358+0000] {logging_mixin.py:190} INFO - 📥 Received: play_complete from youtube at 2025-05-19T07:09:32.183305
[2025-05-19T07:09:40.359+0000] {logging_mixin.py:190} INFO - 📥 Received: play_start from naver at 2025-05-19T07:09:32.236808
[2025-05-19T07:09:40.359+0000] {logging_mixin.py:190} INFO - 📥 Received: like_click from instagram at 2025-05-19T07:09:32.288586
[2025-05-19T07:09:40.359+0000] {logging_mixin.py:190} INFO - 📥 Received: ad_click from instagram at 2025-05-19T07:09:32.339801
[2025-05-19T07:09:40.359+0000] {logging_mixin.py:190} INFO - 📥 Received: ad_click from instagram at 2025-05-19T07:09:32.394566
[2025-05-19T07:09:40.359+0000] {logging_mixin.py:190} INFO - 📥 Received: play_complete from instagram at 2025-05-19T07:09:32.446294
[2025-05-19T07:09:40.359+0000] {logging_mixin.py:190} INFO - 📥 Received: play_start from instagram at 2025-05-19T07:09:32.497797
[2025-05-19T07:09:40.359+0000] {logging_mixin.py:190} INFO - 📥 Received: like_click from youtube at 2025-05-19T07:09:32.551550
[2025-05-19T07:09:40.359+0000] {logging_mixin.py:190} INFO - 📥 Received: movie_click from youtube at 2025-05-19T07:09:32.602574
[2025-05-19T07:09:40.359+0000] {logging_mixin.py:190} INFO - 📥 Received: play_complete from naver at 2025-05-19T07:09:32.659559
[2025-05-19T07:09:40.360+0000] {logging_mixin.py:190} INFO - 📥 Received: play_complete from instagram at 2025-05-19T07:09:32.714554
[2025-05-19T07:09:40.360+0000] {logging_mixin.py:190} INFO - 📥 Received: movie_click from youtube at 2025-05-19T07:09:32.767554
[2025-05-19T07:09:40.360+0000] {logging_mixin.py:190} INFO - 📥 Received: like_click from youtube at 2025-05-19T07:09:32.818550
[2025-05-19T07:09:40.360+0000] {logging_mixin.py:190} INFO - 📥 Received: ad_click from instagram at 2025-05-19T07:09:32.870555
[2025-05-19T07:09:40.360+0000] {logging_mixin.py:190} INFO - 📥 Received: like_click from naver at 2025-05-19T07:09:32.921564
[2025-05-19T07:09:40.360+0000] {logging_mixin.py:190} INFO - 📥 Received: play_complete from youtube at 2025-05-19T07:09:32.972559
[2025-05-19T07:09:40.360+0000] {logging_mixin.py:190} INFO - 📥 Received: like_click from youtube at 2025-05-19T07:09:33.023574
[2025-05-19T07:09:40.360+0000] {logging_mixin.py:190} INFO - 📥 Received: like_click from youtube at 2025-05-19T07:09:33.075582
[2025-05-19T07:09:40.361+0000] {logging_mixin.py:190} INFO - 📥 Received: like_click from youtube at 2025-05-19T07:09:33.128700
[2025-05-19T07:09:40.361+0000] {logging_mixin.py:190} INFO - 📥 Received: ad_click from youtube at 2025-05-19T07:09:33.183049
[2025-05-19T07:09:40.361+0000] {logging_mixin.py:190} INFO - 📥 Received: movie_click from naver at 2025-05-19T07:09:33.236621
[2025-05-19T07:09:40.361+0000] {logging_mixin.py:190} INFO - 📥 Received: like_click from naver at 2025-05-19T07:09:33.288822
[2025-05-19T07:09:40.361+0000] {logging_mixin.py:190} INFO - 📥 Received: play_complete from naver at 2025-05-19T07:09:33.344436
[2025-05-19T07:09:40.361+0000] {logging_mixin.py:190} INFO - 📥 Received: ad_click from youtube at 2025-05-19T07:09:33.398084
[2025-05-19T07:09:40.361+0000] {logging_mixin.py:190} INFO - 📥 Received: play_start from instagram at 2025-05-19T07:09:33.453976
[2025-05-19T07:09:40.361+0000] {logging_mixin.py:190} INFO - 📥 Received: movie_click from naver at 2025-05-19T07:09:33.508219
[2025-05-19T07:09:40.361+0000] {logging_mixin.py:190} INFO - 📥 Received: like_click from instagram at 2025-05-19T07:09:33.563920
[2025-05-19T07:09:40.362+0000] {logging_mixin.py:190} INFO - 📥 Received: play_start from naver at 2025-05-19T07:09:33.619605
[2025-05-19T07:09:40.362+0000] {logging_mixin.py:190} INFO - 📥 Received: like_click from youtube at 2025-05-19T07:09:33.675565
[2025-05-19T07:09:40.362+0000] {logging_mixin.py:190} INFO - 📥 Received: ad_click from youtube at 2025-05-19T07:09:33.731574
[2025-05-19T07:09:40.362+0000] {logging_mixin.py:190} INFO - 📥 Received: play_start from youtube at 2025-05-19T07:09:33.786479
[2025-05-19T07:09:40.362+0000] {logging_mixin.py:190} INFO - 📥 Received: movie_click from naver at 2025-05-19T07:09:33.840644
[2025-05-19T07:09:40.362+0000] {logging_mixin.py:190} INFO - 📥 Received: ad_click from youtube at 2025-05-19T07:09:33.895751
[2025-05-19T07:09:40.362+0000] {logging_mixin.py:190} INFO - 📥 Received: play_complete from youtube at 2025-05-19T07:09:33.948584
[2025-05-19T07:09:40.362+0000] {logging_mixin.py:190} INFO - 📥 Received: play_complete from instagram at 2025-05-19T07:09:34.001428
[2025-05-19T07:09:40.362+0000] {logging_mixin.py:190} INFO - 📥 Received: ad_click from youtube at 2025-05-19T07:09:34.054687
[2025-05-19T07:09:40.362+0000] {logging_mixin.py:190} INFO - 📥 Received: play_start from youtube at 2025-05-19T07:09:34.106902
[2025-05-19T07:09:40.363+0000] {logging_mixin.py:190} INFO - 📥 Received: play_start from instagram at 2025-05-19T07:09:34.158633
[2025-05-19T07:09:40.363+0000] {logging_mixin.py:190} INFO - 📥 Received: movie_click from youtube at 2025-05-19T07:09:34.210706
[2025-05-19T07:09:40.363+0000] {logging_mixin.py:190} INFO - 📥 Received: movie_click from instagram at 2025-05-19T07:09:34.262907
[2025-05-19T07:09:40.363+0000] {logging_mixin.py:190} INFO - 📥 Received: play_start from youtube at 2025-05-19T07:09:34.315443
[2025-05-19T07:09:40.363+0000] {logging_mixin.py:190} INFO - 📥 Received: play_start from naver at 2025-05-19T07:09:34.366749
[2025-05-19T07:09:40.363+0000] {logging_mixin.py:190} INFO - 📥 Received: play_complete from naver at 2025-05-19T07:09:34.419590
[2025-05-19T07:09:40.363+0000] {logging_mixin.py:190} INFO - 📥 Received: ad_click from instagram at 2025-05-19T07:09:34.473620
[2025-05-19T07:09:40.363+0000] {logging_mixin.py:190} INFO - 📥 Received: ad_click from naver at 2025-05-19T07:09:34.526080
[2025-05-19T07:09:40.364+0000] {logging_mixin.py:190} INFO - 📥 Received: movie_click from instagram at 2025-05-19T07:09:34.579926
[2025-05-19T07:09:40.364+0000] {logging_mixin.py:190} INFO - 📥 Received: movie_click from instagram at 2025-05-19T07:09:34.632739
[2025-05-19T07:09:40.364+0000] {logging_mixin.py:190} INFO - 📥 Received: movie_click from naver at 2025-05-19T07:09:34.686819
[2025-05-19T07:09:40.364+0000] {logging_mixin.py:190} INFO - 📥 Received: play_start from instagram at 2025-05-19T07:09:34.743625
[2025-05-19T07:09:40.364+0000] {logging_mixin.py:190} INFO - 📥 Received: play_start from youtube at 2025-05-19T07:09:34.800964
[2025-05-19T07:09:40.364+0000] {logging_mixin.py:190} INFO - 📥 Received: play_complete from youtube at 2025-05-19T07:09:34.856841
[2025-05-19T07:09:40.364+0000] {logging_mixin.py:190} INFO - 📥 Received: play_complete from naver at 2025-05-19T07:09:34.910661
[2025-05-19T07:09:40.364+0000] {logging_mixin.py:190} INFO - 📥 Received: ad_click from youtube at 2025-05-19T07:09:34.962845
[2025-05-19T07:09:40.364+0000] {logging_mixin.py:190} INFO - 📥 Received: ad_click from naver at 2025-05-19T07:09:35.014673
[2025-05-19T07:09:40.364+0000] {logging_mixin.py:190} INFO - 📥 Received: play_complete from naver at 2025-05-19T07:09:35.066767
[2025-05-19T07:09:40.365+0000] {logging_mixin.py:190} INFO - 📥 Received: play_complete from instagram at 2025-05-19T07:09:35.119337
[2025-05-19T07:09:40.365+0000] {logging_mixin.py:190} INFO - 📥 Received: play_start from naver at 2025-05-19T07:09:35.172745
[2025-05-19T07:09:40.365+0000] {logging_mixin.py:190} INFO - 📥 Received: movie_click from naver at 2025-05-19T07:09:35.225625
[2025-05-19T07:09:40.365+0000] {logging_mixin.py:190} INFO - 📥 Received: ad_click from naver at 2025-05-19T07:09:35.277980
[2025-05-19T07:09:40.365+0000] {logging_mixin.py:190} INFO - 📥 Received: movie_click from instagram at 2025-05-19T07:09:35.331659
[2025-05-19T07:09:40.365+0000] {logging_mixin.py:190} INFO - 📥 Received: like_click from naver at 2025-05-19T07:09:35.386813
[2025-05-19T07:09:40.365+0000] {logging_mixin.py:190} INFO - 📥 Received: movie_click from instagram at 2025-05-19T07:09:35.442226
[2025-05-19T07:09:40.365+0000] {logging_mixin.py:190} INFO - 📥 Received: movie_click from naver at 2025-05-19T07:09:35.496984
[2025-05-19T07:09:40.365+0000] {logging_mixin.py:190} INFO - 📥 Received: movie_click from instagram at 2025-05-19T07:09:35.551649
[2025-05-19T07:09:40.366+0000] {logging_mixin.py:190} INFO - 📥 Received: ad_click from naver at 2025-05-19T07:09:35.605768
[2025-05-19T07:09:40.366+0000] {logging_mixin.py:190} INFO - 📥 Received: ad_click from youtube at 2025-05-19T07:09:35.660797
[2025-05-19T07:09:40.366+0000] {logging_mixin.py:190} INFO - 📥 Received: movie_click from naver at 2025-05-19T07:09:35.717852
[2025-05-19T07:09:40.366+0000] {logging_mixin.py:190} INFO - 📥 Received: play_start from instagram at 2025-05-19T07:09:35.772025
[2025-05-19T07:09:40.366+0000] {logging_mixin.py:190} INFO - 📥 Received: play_start from instagram at 2025-05-19T07:09:35.827188
[2025-05-19T07:09:40.366+0000] {logging_mixin.py:190} INFO - 📥 Received: play_complete from naver at 2025-05-19T07:09:35.883236
[2025-05-19T07:09:40.366+0000] {logging_mixin.py:190} INFO - 📥 Received: like_click from youtube at 2025-05-19T07:09:35.937840
[2025-05-19T07:09:40.366+0000] {logging_mixin.py:190} INFO - 📥 Received: ad_click from youtube at 2025-05-19T07:09:35.994292
[2025-05-19T07:09:40.369+0000] {logging_mixin.py:190} INFO - ✅ Committed 400 messages.
[2025-05-19T07:09:40.373+0000] {base.py:84} INFO - Retrieving connection 'minio'
[2025-05-19T07:09:40.373+0000] {connection_wrapper.py:388} INFO - AWS Connection (conn_id='minio', conn_type='aws') credentials retrieved from login and password.
[2025-05-19T07:09:40.532+0000] {logging_mixin.py:190} INFO - ✅ File uploaded to MinIO: 2025-05-19_16-09-36.csv
[2025-05-19T07:09:40.532+0000] {base.py:834} INFO - Stopping heartbeat thread
[2025-05-19T07:09:43.535+0000] {base.py:1037} WARNING - Heartbeat thread did not fully terminate during close
[2025-05-19T07:09:43.537+0000] {base.py:865} INFO - Leaving consumer group (spark).
[2025-05-19T07:09:43.543+0000] {conn.py:945} INFO - <BrokerConnection client_id=kafka-python-2.2.7, node_id=1 host=172.16.24.224:9092 <connected> [IPv4 ('172.16.24.224', 9092)]>: Closing connection. 
[2025-05-19T07:09:43.544+0000] {conn.py:945} INFO - <BrokerConnection client_id=kafka-python-2.2.7, node_id=coordinator-1 host=172.16.24.224:9092 <connected> [IPv4 ('172.16.24.224', 9092)]>: Closing connection. 
[2025-05-19T07:09:43.546+0000] {python.py:240} INFO - Done. Returned value was: None
[2025-05-19T07:09:43.555+0000] {taskinstance.py:340} INFO - ::group::Post task execution logs
[2025-05-19T07:09:43.556+0000] {taskinstance.py:352} INFO - Marking task as SUCCESS. dag_id=csv_to_parquet, task_id=kafka_consumer, run_id=scheduled__2025-05-19T07:02:00+00:00, execution_date=20250519T070200, start_date=20250519T070936, end_date=20250519T070943
[2025-05-19T07:09:43.611+0000] {local_task_job_runner.py:266} INFO - Task exited with return code 0
[2025-05-19T07:09:43.626+0000] {taskinstance.py:3900} INFO - 1 downstream tasks scheduled from follow-on schedule check
[2025-05-19T07:09:43.627+0000] {local_task_job_runner.py:245} INFO - ::endgroup::
