[2025-05-20T08:17:11.836+0000] {local_task_job_runner.py:123} INFO - ::group::Pre task execution logs
[2025-05-20T08:17:11.843+0000] {taskinstance.py:2612} INFO - Dependencies all met for dep_context=non-requeueable deps ti=<TaskInstance: kafka_to_minio_to_spark.spark_etl scheduled__2025-05-20T01:00:00+00:00 [queued]>
[2025-05-20T08:17:11.846+0000] {taskinstance.py:2612} INFO - Dependencies all met for dep_context=requeueable deps ti=<TaskInstance: kafka_to_minio_to_spark.spark_etl scheduled__2025-05-20T01:00:00+00:00 [queued]>
[2025-05-20T08:17:11.846+0000] {taskinstance.py:2865} INFO - Starting attempt 18 of 20
[2025-05-20T08:17:11.849+0000] {taskinstance.py:2888} INFO - Executing <Task(SSHOperator): spark_etl> on 2025-05-20 01:00:00+00:00
[2025-05-20T08:17:11.851+0000] {standard_task_runner.py:72} INFO - Started process 236 to run task
[2025-05-20T08:17:11.853+0000] {standard_task_runner.py:104} INFO - Running: ['***', 'tasks', 'run', 'kafka_to_minio_to_spark', 'spark_etl', 'scheduled__2025-05-20T01:00:00+00:00', '--job-id', '167', '--raw', '--subdir', 'DAGS_FOLDER/testlog_ml.py', '--cfg-path', '/tmp/tmpdzxggs9m']
[2025-05-20T08:17:11.853+0000] {standard_task_runner.py:105} INFO - Job 167: Subtask spark_etl
[2025-05-20T08:17:11.940+0000] {task_command.py:467} INFO - Running <TaskInstance: kafka_to_minio_to_spark.spark_etl scheduled__2025-05-20T01:00:00+00:00 [running]> on host 84115a012c08
[2025-05-20T08:17:11.962+0000] {taskinstance.py:3131} INFO - Exporting env vars: AIRFLOW_CTX_DAG_OWNER='***' AIRFLOW_CTX_DAG_ID='kafka_to_minio_to_spark' AIRFLOW_CTX_TASK_ID='spark_etl' AIRFLOW_CTX_EXECUTION_DATE='2025-05-20T01:00:00+00:00' AIRFLOW_CTX_TRY_NUMBER='18' AIRFLOW_CTX_DAG_RUN_ID='scheduled__2025-05-20T01:00:00+00:00'
[2025-05-20T08:17:11.962+0000] {taskinstance.py:731} INFO - ::endgroup::
[2025-05-20T08:17:11.966+0000] {ssh.py:124} INFO - ssh_hook is not provided or invalid. Trying ssh_conn_id to create SSHHook.
[2025-05-20T08:17:11.968+0000] {base.py:84} INFO - Retrieving connection 'local_ssh'
[2025-05-20T08:17:11.969+0000] {ssh.py:309} WARNING - No Host Key Verification. This won't protect against Man-In-The-Middle attacks
[2025-05-20T08:17:12.013+0000] {transport.py:1923} INFO - Connected (version 2.0, client OpenSSH_9.8)
[2025-05-20T08:17:12.212+0000] {transport.py:1923} INFO - Authentication (password) successful!
[2025-05-20T08:17:12.212+0000] {ssh.py:493} INFO - Running command: sh -c "/Users/jeongmieun/.pyenv/versions/airminio/bin/python /Users/jeongmieun/test/docker_***/dags/testlog_ml_spark.py"
[2025-05-20T08:17:12.958+0000] {ssh.py:544} WARNING - 25/05/20 17:17:12 WARN Utils: Your hostname, jeongmieun-ui-MacBookAir.local resolves to a loopback address: 127.0.0.1; using 172.16.24.224 instead (on interface en0)
[2025-05-20T08:17:12.958+0000] {ssh.py:544} WARNING - 25/05/20 17:17:12 WARN Utils: Set SPARK_LOCAL_IP if you need to bind to another address
[2025-05-20T08:17:13.085+0000] {ssh.py:544} WARNING - 25/05/20 17:17:13 WARN NativeCodeLoader: Unable to load native-hadoop library for your platform... using builtin-java classes where applicable
[2025-05-20T08:17:13.154+0000] {ssh.py:544} WARNING - Setting default log level to "WARN".
[2025-05-20T08:17:13.156+0000] {ssh.py:544} WARNING - To adjust logging level use sc.setLogLevel(newLevel). For SparkR, use setLogLevel(newLevel).
[2025-05-20T08:17:14.864+0000] {ssh.py:544} WARNING - 25/05/20 17:17:14 WARN MetricsConfig: Cannot locate configuration: tried hadoop-metrics2-s3a-file-system.properties,hadoop-metrics2.properties
[2025-05-20T08:17:19.162+0000] {ssh.py:539} INFO - +-------+--------+-----------+-----------+-----------------+---------------+
[2025-05-20T08:17:19.163+0000] {ssh.py:539} INFO - |user_id|movie_id|sum(rating)|sum(review)|total_movie_click|sum(like_score)|
[2025-05-20T08:17:19.164+0000] {ssh.py:539} INFO - +-------+--------+-----------+-----------+-----------------+---------------+
[2025-05-20T08:17:19.164+0000] {ssh.py:539} INFO - |    100|    M005|          3|          2|                0|              6|
[2025-05-20T08:17:19.165+0000] {ssh.py:539} INFO - |    100|    M008|          7|          1|                0|              0|
[2025-05-20T08:17:19.165+0000] {ssh.py:539} INFO - |    100|    M007|          2|          1|                1|              3|
[2025-05-20T08:17:19.165+0000] {ssh.py:539} INFO - |    100|    M006|          0|          3|                0|              3|
[2025-05-20T08:17:19.166+0000] {ssh.py:539} INFO - |    100|    M003|          0|          2|                0|              9|
[2025-05-20T08:17:19.166+0000] {ssh.py:539} INFO - |    100|    M002|         12|          0|                2|              3|
[2025-05-20T08:17:19.166+0000] {ssh.py:539} INFO - |    100|    M004|          0|          1|                2|              6|
[2025-05-20T08:17:19.167+0000] {ssh.py:539} INFO - |    100|    M001|          1|          0|                1|              9|
[2025-05-20T08:17:19.167+0000] {ssh.py:539} INFO - |    100|    M010|          2|          0|                2|              3|
[2025-05-20T08:17:19.167+0000] {ssh.py:539} INFO - |    101|    M007|          0|          0|                1|              3|
[2025-05-20T08:17:19.167+0000] {ssh.py:539} INFO - |    101|    M010|          0|          0|                1|              0|
[2025-05-20T08:17:19.168+0000] {ssh.py:539} INFO - |    101|    M006|          4|          1|                1|              3|
[2025-05-20T08:17:19.168+0000] {ssh.py:539} INFO - |    101|    M001|          2|          0|                1|              6|
[2025-05-20T08:17:19.168+0000] {ssh.py:539} INFO - |    101|    M009|          5|          0|                1|              0|
[2025-05-20T08:17:19.169+0000] {ssh.py:539} INFO - |    101|    M004|         14|          1|                0|              0|
[2025-05-20T08:17:19.169+0000] {ssh.py:539} INFO - |    101|    M002|          1|          0|                5|              0|
[2025-05-20T08:17:19.169+0000] {ssh.py:539} INFO - |    101|    M008|          5|          0|                1|              3|
[2025-05-20T08:17:19.169+0000] {ssh.py:539} INFO - |    101|    M003|          0|          1|                0|              9|
[2025-05-20T08:17:19.170+0000] {ssh.py:539} INFO - |    101|    M005|          3|          2|                0|              0|
[2025-05-20T08:17:19.170+0000] {ssh.py:539} INFO - |    102|    M001|          2|          0|                0|              0|
[2025-05-20T08:17:19.170+0000] {ssh.py:539} INFO - +-------+--------+-----------+-----------+-----------------+---------------+
[2025-05-20T08:17:19.171+0000] {ssh.py:539} INFO - only showing top 20 rows
[2025-05-20T08:17:19.651+0000] {taskinstance.py:340} INFO - ::group::Post task execution logs
[2025-05-20T08:17:19.652+0000] {taskinstance.py:352} INFO - Marking task as SUCCESS. dag_id=kafka_to_minio_to_spark, task_id=spark_etl, run_id=scheduled__2025-05-20T01:00:00+00:00, execution_date=20250520T010000, start_date=20250520T081711, end_date=20250520T081719
[2025-05-20T08:17:19.694+0000] {local_task_job_runner.py:266} INFO - Task exited with return code 0
[2025-05-20T08:17:19.789+0000] {taskinstance.py:3900} INFO - 0 downstream tasks scheduled from follow-on schedule check
[2025-05-20T08:17:19.790+0000] {local_task_job_runner.py:245} INFO - ::endgroup::
