[2025-05-20T06:58:49.491+0000] {local_task_job_runner.py:123} INFO - ::group::Pre task execution logs
[2025-05-20T06:58:49.497+0000] {taskinstance.py:2612} INFO - Dependencies all met for dep_context=non-requeueable deps ti=<TaskInstance: kafka_to_minio_to_spark.check_minio_file scheduled__2025-05-20T01:00:00+00:00 [queued]>
[2025-05-20T06:58:49.500+0000] {taskinstance.py:2612} INFO - Dependencies all met for dep_context=requeueable deps ti=<TaskInstance: kafka_to_minio_to_spark.check_minio_file scheduled__2025-05-20T01:00:00+00:00 [queued]>
[2025-05-20T06:58:49.500+0000] {taskinstance.py:2865} INFO - Starting attempt 2 of 3
[2025-05-20T06:58:49.503+0000] {taskinstance.py:2888} INFO - Executing <Task(S3KeySensor): check_minio_file> on 2025-05-20 01:00:00+00:00
[2025-05-20T06:58:49.505+0000] {standard_task_runner.py:72} INFO - Started process 496 to run task
[2025-05-20T06:58:49.507+0000] {standard_task_runner.py:104} INFO - Running: ['***', 'tasks', 'run', 'kafka_to_minio_to_spark', 'check_minio_file', 'scheduled__2025-05-20T01:00:00+00:00', '--job-id', '152', '--raw', '--subdir', 'DAGS_FOLDER/testlog_ml.py', '--cfg-path', '/tmp/tmp72cnwrks']
[2025-05-20T06:58:49.508+0000] {standard_task_runner.py:105} INFO - Job 152: Subtask check_minio_file
[2025-05-20T06:58:49.525+0000] {task_command.py:467} INFO - Running <TaskInstance: kafka_to_minio_to_spark.check_minio_file scheduled__2025-05-20T01:00:00+00:00 [running]> on host 6efc53158415
[2025-05-20T06:58:49.622+0000] {taskinstance.py:3131} INFO - Exporting env vars: AIRFLOW_CTX_DAG_OWNER='***' AIRFLOW_CTX_DAG_ID='kafka_to_minio_to_spark' AIRFLOW_CTX_TASK_ID='check_minio_file' AIRFLOW_CTX_EXECUTION_DATE='2025-05-20T01:00:00+00:00' AIRFLOW_CTX_TRY_NUMBER='2' AIRFLOW_CTX_DAG_RUN_ID='scheduled__2025-05-20T01:00:00+00:00'
[2025-05-20T06:58:49.622+0000] {taskinstance.py:731} INFO - ::endgroup::
[2025-05-20T06:58:49.626+0000] {baseoperator.py:405} WARNING - S3KeySensor.execute cannot be called outside TaskInstance!
[2025-05-20T06:58:49.626+0000] {s3.py:118} INFO - Poking for key : s3://user-log-ml/2025-05-20_10-00-00.csv
[2025-05-20T06:58:49.629+0000] {base.py:84} INFO - Retrieving connection 'minio'
[2025-05-20T06:58:49.629+0000] {connection_wrapper.py:388} INFO - AWS Connection (conn_id='minio', conn_type='aws') credentials retrieved from login and password.
[2025-05-20T06:58:49.727+0000] {base.py:336} INFO - Success criteria met. Exiting.
[2025-05-20T06:58:49.730+0000] {taskinstance.py:340} INFO - ::group::Post task execution logs
[2025-05-20T06:58:49.730+0000] {taskinstance.py:352} INFO - Marking task as SUCCESS. dag_id=kafka_to_minio_to_spark, task_id=check_minio_file, run_id=scheduled__2025-05-20T01:00:00+00:00, execution_date=20250520T010000, start_date=20250520T065849, end_date=20250520T065849
[2025-05-20T06:58:49.774+0000] {local_task_job_runner.py:266} INFO - Task exited with return code 0
[2025-05-20T06:58:49.785+0000] {taskinstance.py:3900} INFO - 1 downstream tasks scheduled from follow-on schedule check
[2025-05-20T06:58:49.785+0000] {local_task_job_runner.py:245} INFO - ::endgroup::
