[2025-05-19T07:17:39.618+0000] {local_task_job_runner.py:123} INFO - ::group::Pre task execution logs
[2025-05-19T07:17:39.623+0000] {taskinstance.py:2612} INFO - Dependencies all met for dep_context=non-requeueable deps ti=<TaskInstance: csv_to_parquet.kafka_producer scheduled__2025-05-19T07:05:00+00:00 [queued]>
[2025-05-19T07:17:39.700+0000] {taskinstance.py:2612} INFO - Dependencies all met for dep_context=requeueable deps ti=<TaskInstance: csv_to_parquet.kafka_producer scheduled__2025-05-19T07:05:00+00:00 [queued]>
[2025-05-19T07:17:39.700+0000] {taskinstance.py:2865} INFO - Starting attempt 1 of 2
[2025-05-19T07:17:39.704+0000] {taskinstance.py:2888} INFO - Executing <Task(PythonOperator): kafka_producer> on 2025-05-19 07:05:00+00:00
[2025-05-19T07:17:39.707+0000] {standard_task_runner.py:72} INFO - Started process 954 to run task
[2025-05-19T07:17:39.708+0000] {standard_task_runner.py:104} INFO - Running: ['***', 'tasks', 'run', 'csv_to_parquet', 'kafka_producer', 'scheduled__2025-05-19T07:05:00+00:00', '--job-id', '30', '--raw', '--subdir', 'DAGS_FOLDER/log_to_csv.py', '--cfg-path', '/tmp/tmpz57p3sh_']
[2025-05-19T07:17:39.709+0000] {standard_task_runner.py:105} INFO - Job 30: Subtask kafka_producer
[2025-05-19T07:17:39.725+0000] {task_command.py:467} INFO - Running <TaskInstance: csv_to_parquet.kafka_producer scheduled__2025-05-19T07:05:00+00:00 [running]> on host 8b6a4ce3396b
[2025-05-19T07:17:39.749+0000] {taskinstance.py:3131} INFO - Exporting env vars: AIRFLOW_CTX_DAG_OWNER='***' AIRFLOW_CTX_DAG_ID='csv_to_parquet' AIRFLOW_CTX_TASK_ID='kafka_producer' AIRFLOW_CTX_EXECUTION_DATE='2025-05-19T07:05:00+00:00' AIRFLOW_CTX_TRY_NUMBER='1' AIRFLOW_CTX_DAG_RUN_ID='scheduled__2025-05-19T07:05:00+00:00'
[2025-05-19T07:17:39.750+0000] {taskinstance.py:731} INFO - ::endgroup::
[2025-05-19T07:17:39.756+0000] {conn.py:396} INFO - <BrokerConnection client_id=kafka-python-producer-1, node_id=bootstrap-0 host=host.docker.internal:9092 <connecting> [IPv4 ('192.168.65.254', 9092)]>: connecting to host.docker.internal:9092 [('192.168.65.254', 9092) IPv4]
[2025-05-19T07:17:39.759+0000] {conn.py:618} INFO - <BrokerConnection client_id=kafka-python-producer-1, node_id=bootstrap-0 host=host.docker.internal:9092 <checking_api_versions_recv> [IPv4 ('192.168.65.254', 9092)]>: Broker version identified as 2.6
[2025-05-19T07:17:39.759+0000] {conn.py:457} INFO - <BrokerConnection client_id=kafka-python-producer-1, node_id=bootstrap-0 host=host.docker.internal:9092 <connected> [IPv4 ('192.168.65.254', 9092)]>: Connection complete.
[2025-05-19T07:17:39.867+0000] {conn.py:396} INFO - <BrokerConnection client_id=kafka-python-producer-1, node_id=1 host=172.16.24.224:9092 <connecting> [IPv4 ('172.16.24.224', 9092)]>: connecting to 172.16.24.224:9092 [('172.16.24.224', 9092) IPv4]
[2025-05-19T07:17:39.868+0000] {conn.py:457} INFO - <BrokerConnection client_id=kafka-python-producer-1, node_id=1 host=172.16.24.224:9092 <connected> [IPv4 ('172.16.24.224', 9092)]>: Connection complete.
[2025-05-19T07:17:39.868+0000] {conn.py:945} INFO - <BrokerConnection client_id=kafka-python-producer-1, node_id=bootstrap-0 host=host.docker.internal:9092 <connected> [IPv4 ('192.168.65.254', 9092)]>: Closing connection. 
[2025-05-19T07:17:39.874+0000] {logging_mixin.py:190} INFO - ✅ Sent: like_click from naver
[2025-05-19T07:17:39.927+0000] {logging_mixin.py:190} INFO - ✅ Sent: ad_click from youtube
[2025-05-19T07:17:39.981+0000] {logging_mixin.py:190} INFO - ✅ Sent: movie_click from instagram
[2025-05-19T07:17:40.035+0000] {logging_mixin.py:190} INFO - ✅ Sent: ad_click from naver
[2025-05-19T07:17:40.092+0000] {logging_mixin.py:190} INFO - ✅ Sent: movie_click from youtube
[2025-05-19T07:17:40.148+0000] {logging_mixin.py:190} INFO - ✅ Sent: play_complete from youtube
[2025-05-19T07:17:40.204+0000] {logging_mixin.py:190} INFO - ✅ Sent: play_complete from instagram
[2025-05-19T07:17:40.259+0000] {logging_mixin.py:190} INFO - ✅ Sent: play_complete from naver
[2025-05-19T07:17:40.315+0000] {logging_mixin.py:190} INFO - ✅ Sent: movie_click from youtube
[2025-05-19T07:17:40.370+0000] {logging_mixin.py:190} INFO - ✅ Sent: movie_click from youtube
[2025-05-19T07:17:40.425+0000] {logging_mixin.py:190} INFO - ✅ Sent: play_complete from youtube
[2025-05-19T07:17:40.483+0000] {logging_mixin.py:190} INFO - ✅ Sent: ad_click from instagram
[2025-05-19T07:17:40.540+0000] {logging_mixin.py:190} INFO - ✅ Sent: ad_click from naver
[2025-05-19T07:17:40.595+0000] {logging_mixin.py:190} INFO - ✅ Sent: play_complete from instagram
[2025-05-19T07:17:40.653+0000] {logging_mixin.py:190} INFO - ✅ Sent: movie_click from instagram
[2025-05-19T07:17:40.705+0000] {logging_mixin.py:190} INFO - ✅ Sent: like_click from instagram
[2025-05-19T07:17:40.758+0000] {logging_mixin.py:190} INFO - ✅ Sent: play_start from naver
[2025-05-19T07:17:40.810+0000] {logging_mixin.py:190} INFO - ✅ Sent: play_start from naver
[2025-05-19T07:17:40.864+0000] {logging_mixin.py:190} INFO - ✅ Sent: movie_click from naver
[2025-05-19T07:17:40.921+0000] {logging_mixin.py:190} INFO - ✅ Sent: like_click from youtube
[2025-05-19T07:17:40.977+0000] {logging_mixin.py:190} INFO - ✅ Sent: play_start from youtube
[2025-05-19T07:17:41.035+0000] {logging_mixin.py:190} INFO - ✅ Sent: play_complete from youtube
[2025-05-19T07:17:41.089+0000] {logging_mixin.py:190} INFO - ✅ Sent: ad_click from youtube
[2025-05-19T07:17:41.145+0000] {logging_mixin.py:190} INFO - ✅ Sent: play_complete from naver
[2025-05-19T07:17:41.202+0000] {logging_mixin.py:190} INFO - ✅ Sent: play_complete from instagram
[2025-05-19T07:17:41.258+0000] {logging_mixin.py:190} INFO - ✅ Sent: play_complete from naver
[2025-05-19T07:17:41.314+0000] {logging_mixin.py:190} INFO - ✅ Sent: movie_click from naver
[2025-05-19T07:17:41.371+0000] {logging_mixin.py:190} INFO - ✅ Sent: play_complete from instagram
[2025-05-19T07:17:41.426+0000] {logging_mixin.py:190} INFO - ✅ Sent: play_start from instagram
[2025-05-19T07:17:41.480+0000] {logging_mixin.py:190} INFO - ✅ Sent: play_complete from instagram
[2025-05-19T07:17:41.534+0000] {logging_mixin.py:190} INFO - ✅ Sent: play_complete from instagram
[2025-05-19T07:17:41.589+0000] {logging_mixin.py:190} INFO - ✅ Sent: movie_click from naver
[2025-05-19T07:17:41.644+0000] {logging_mixin.py:190} INFO - ✅ Sent: play_start from naver
[2025-05-19T07:17:41.701+0000] {logging_mixin.py:190} INFO - ✅ Sent: ad_click from youtube
[2025-05-19T07:17:41.757+0000] {logging_mixin.py:190} INFO - ✅ Sent: play_complete from naver
[2025-05-19T07:17:41.811+0000] {logging_mixin.py:190} INFO - ✅ Sent: play_start from youtube
[2025-05-19T07:17:41.863+0000] {logging_mixin.py:190} INFO - ✅ Sent: movie_click from youtube
[2025-05-19T07:17:41.915+0000] {logging_mixin.py:190} INFO - ✅ Sent: ad_click from instagram
[2025-05-19T07:17:41.967+0000] {logging_mixin.py:190} INFO - ✅ Sent: ad_click from instagram
[2025-05-19T07:17:42.019+0000] {logging_mixin.py:190} INFO - ✅ Sent: movie_click from youtube
[2025-05-19T07:17:42.071+0000] {logging_mixin.py:190} INFO - ✅ Sent: play_complete from youtube
[2025-05-19T07:17:42.124+0000] {logging_mixin.py:190} INFO - ✅ Sent: like_click from instagram
[2025-05-19T07:17:42.176+0000] {logging_mixin.py:190} INFO - ✅ Sent: movie_click from naver
[2025-05-19T07:17:42.231+0000] {logging_mixin.py:190} INFO - ✅ Sent: movie_click from youtube
[2025-05-19T07:17:42.287+0000] {logging_mixin.py:190} INFO - ✅ Sent: movie_click from naver
[2025-05-19T07:17:42.342+0000] {logging_mixin.py:190} INFO - ✅ Sent: play_start from youtube
[2025-05-19T07:17:42.397+0000] {logging_mixin.py:190} INFO - ✅ Sent: movie_click from youtube
[2025-05-19T07:17:42.452+0000] {logging_mixin.py:190} INFO - ✅ Sent: play_start from youtube
[2025-05-19T07:17:42.510+0000] {logging_mixin.py:190} INFO - ✅ Sent: like_click from youtube
[2025-05-19T07:17:42.565+0000] {logging_mixin.py:190} INFO - ✅ Sent: play_complete from youtube
[2025-05-19T07:17:42.622+0000] {logging_mixin.py:190} INFO - ✅ Sent: play_start from naver
[2025-05-19T07:17:42.680+0000] {logging_mixin.py:190} INFO - ✅ Sent: movie_click from youtube
[2025-05-19T07:17:42.736+0000] {logging_mixin.py:190} INFO - ✅ Sent: like_click from youtube
[2025-05-19T07:17:42.792+0000] {logging_mixin.py:190} INFO - ✅ Sent: ad_click from naver
[2025-05-19T07:17:42.848+0000] {logging_mixin.py:190} INFO - ✅ Sent: play_start from youtube
[2025-05-19T07:17:42.900+0000] {logging_mixin.py:190} INFO - ✅ Sent: play_complete from naver
[2025-05-19T07:17:42.953+0000] {logging_mixin.py:190} INFO - ✅ Sent: movie_click from instagram
[2025-05-19T07:17:43.008+0000] {logging_mixin.py:190} INFO - ✅ Sent: play_complete from youtube
[2025-05-19T07:17:43.062+0000] {logging_mixin.py:190} INFO - ✅ Sent: like_click from youtube
[2025-05-19T07:17:43.118+0000] {logging_mixin.py:190} INFO - ✅ Sent: like_click from naver
[2025-05-19T07:17:43.173+0000] {logging_mixin.py:190} INFO - ✅ Sent: movie_click from naver
[2025-05-19T07:17:43.232+0000] {logging_mixin.py:190} INFO - ✅ Sent: play_complete from naver
[2025-05-19T07:17:43.286+0000] {logging_mixin.py:190} INFO - ✅ Sent: play_complete from instagram
[2025-05-19T07:17:43.341+0000] {logging_mixin.py:190} INFO - ✅ Sent: like_click from naver
[2025-05-19T07:17:43.398+0000] {logging_mixin.py:190} INFO - ✅ Sent: play_start from naver
[2025-05-19T07:17:43.452+0000] {logging_mixin.py:190} INFO - ✅ Sent: play_complete from instagram
[2025-05-19T07:17:43.507+0000] {logging_mixin.py:190} INFO - ✅ Sent: like_click from youtube
[2025-05-19T07:17:43.564+0000] {logging_mixin.py:190} INFO - ✅ Sent: like_click from instagram
[2025-05-19T07:17:43.619+0000] {logging_mixin.py:190} INFO - ✅ Sent: play_complete from naver
[2025-05-19T07:17:43.674+0000] {logging_mixin.py:190} INFO - ✅ Sent: ad_click from naver
[2025-05-19T07:17:43.728+0000] {logging_mixin.py:190} INFO - ✅ Sent: movie_click from naver
[2025-05-19T07:17:43.785+0000] {logging_mixin.py:190} INFO - ✅ Sent: like_click from youtube
[2025-05-19T07:17:43.841+0000] {logging_mixin.py:190} INFO - ✅ Sent: ad_click from youtube
[2025-05-19T07:17:43.895+0000] {logging_mixin.py:190} INFO - ✅ Sent: ad_click from youtube
[2025-05-19T07:17:43.948+0000] {logging_mixin.py:190} INFO - ✅ Sent: play_start from naver
[2025-05-19T07:17:44.001+0000] {logging_mixin.py:190} INFO - ✅ Sent: play_start from youtube
[2025-05-19T07:17:44.056+0000] {logging_mixin.py:190} INFO - ✅ Sent: like_click from naver
[2025-05-19T07:17:44.108+0000] {logging_mixin.py:190} INFO - ✅ Sent: movie_click from naver
[2025-05-19T07:17:44.160+0000] {logging_mixin.py:190} INFO - ✅ Sent: ad_click from youtube
[2025-05-19T07:17:44.212+0000] {logging_mixin.py:190} INFO - ✅ Sent: like_click from naver
[2025-05-19T07:17:44.263+0000] {logging_mixin.py:190} INFO - ✅ Sent: ad_click from naver
[2025-05-19T07:17:44.316+0000] {logging_mixin.py:190} INFO - ✅ Sent: play_complete from naver
[2025-05-19T07:17:44.372+0000] {logging_mixin.py:190} INFO - ✅ Sent: ad_click from youtube
[2025-05-19T07:17:44.428+0000] {logging_mixin.py:190} INFO - ✅ Sent: movie_click from youtube
[2025-05-19T07:17:44.483+0000] {logging_mixin.py:190} INFO - ✅ Sent: ad_click from instagram
[2025-05-19T07:17:44.537+0000] {logging_mixin.py:190} INFO - ✅ Sent: movie_click from youtube
[2025-05-19T07:17:44.594+0000] {logging_mixin.py:190} INFO - ✅ Sent: ad_click from instagram
[2025-05-19T07:17:44.647+0000] {logging_mixin.py:190} INFO - ✅ Sent: like_click from naver
[2025-05-19T07:17:44.701+0000] {logging_mixin.py:190} INFO - ✅ Sent: movie_click from naver
[2025-05-19T07:17:44.753+0000] {logging_mixin.py:190} INFO - ✅ Sent: play_complete from naver
[2025-05-19T07:17:44.810+0000] {logging_mixin.py:190} INFO - ✅ Sent: play_start from instagram
[2025-05-19T07:17:44.864+0000] {logging_mixin.py:190} INFO - ✅ Sent: like_click from naver
[2025-05-19T07:17:44.919+0000] {logging_mixin.py:190} INFO - ✅ Sent: ad_click from instagram
[2025-05-19T07:17:44.972+0000] {logging_mixin.py:190} INFO - ✅ Sent: like_click from youtube
[2025-05-19T07:17:45.024+0000] {logging_mixin.py:190} INFO - ✅ Sent: like_click from instagram
[2025-05-19T07:17:45.079+0000] {logging_mixin.py:190} INFO - ✅ Sent: play_complete from instagram
[2025-05-19T07:17:45.133+0000] {logging_mixin.py:190} INFO - ✅ Sent: like_click from naver
[2025-05-19T07:17:45.189+0000] {logging_mixin.py:190} INFO - ✅ Sent: ad_click from instagram
[2025-05-19T07:17:45.244+0000] {logging_mixin.py:190} INFO - ✅ Sent: play_complete from youtube
[2025-05-19T07:17:45.300+0000] {logging_mixin.py:190} INFO - ✅ Sent: play_start from youtube
[2025-05-19T07:17:45.352+0000] {conn.py:945} INFO - <BrokerConnection client_id=kafka-python-producer-1, node_id=1 host=172.16.24.224:9092 <connected> [IPv4 ('172.16.24.224', 9092)]>: Closing connection. 
[2025-05-19T07:17:45.353+0000] {python.py:240} INFO - Done. Returned value was: None
[2025-05-19T07:17:45.356+0000] {taskinstance.py:340} INFO - ::group::Post task execution logs
[2025-05-19T07:17:45.356+0000] {taskinstance.py:352} INFO - Marking task as SUCCESS. dag_id=csv_to_parquet, task_id=kafka_producer, run_id=scheduled__2025-05-19T07:05:00+00:00, execution_date=20250519T070500, start_date=20250519T071739, end_date=20250519T071745
[2025-05-19T07:17:45.368+0000] {local_task_job_runner.py:266} INFO - Task exited with return code 0
[2025-05-19T07:17:45.376+0000] {taskinstance.py:3900} INFO - 1 downstream tasks scheduled from follow-on schedule check
[2025-05-19T07:17:45.377+0000] {local_task_job_runner.py:245} INFO - ::endgroup::
