[2025-05-19T07:09:30.322+0000] {local_task_job_runner.py:123} INFO - ::group::Pre task execution logs
[2025-05-19T07:09:30.329+0000] {taskinstance.py:2612} INFO - Dependencies all met for dep_context=non-requeueable deps ti=<TaskInstance: csv_to_parquet.kafka_producer scheduled__2025-05-19T07:02:00+00:00 [queued]>
[2025-05-19T07:09:30.333+0000] {taskinstance.py:2612} INFO - Dependencies all met for dep_context=requeueable deps ti=<TaskInstance: csv_to_parquet.kafka_producer scheduled__2025-05-19T07:02:00+00:00 [queued]>
[2025-05-19T07:09:30.333+0000] {taskinstance.py:2865} INFO - Starting attempt 2 of 3
[2025-05-19T07:09:30.338+0000] {taskinstance.py:2888} INFO - Executing <Task(PythonOperator): kafka_producer> on 2025-05-19 07:02:00+00:00
[2025-05-19T07:09:30.341+0000] {standard_task_runner.py:72} INFO - Started process 813 to run task
[2025-05-19T07:09:30.343+0000] {standard_task_runner.py:104} INFO - Running: ['***', 'tasks', 'run', 'csv_to_parquet', 'kafka_producer', 'scheduled__2025-05-19T07:02:00+00:00', '--job-id', '26', '--raw', '--subdir', 'DAGS_FOLDER/log_to_csv.py', '--cfg-path', '/tmp/tmpvs0c5ovz']
[2025-05-19T07:09:30.344+0000] {standard_task_runner.py:105} INFO - Job 26: Subtask kafka_producer
[2025-05-19T07:09:30.362+0000] {task_command.py:467} INFO - Running <TaskInstance: csv_to_parquet.kafka_producer scheduled__2025-05-19T07:02:00+00:00 [running]> on host 8b6a4ce3396b
[2025-05-19T07:09:30.510+0000] {taskinstance.py:3131} INFO - Exporting env vars: AIRFLOW_CTX_DAG_OWNER='***' AIRFLOW_CTX_DAG_ID='csv_to_parquet' AIRFLOW_CTX_TASK_ID='kafka_producer' AIRFLOW_CTX_EXECUTION_DATE='2025-05-19T07:02:00+00:00' AIRFLOW_CTX_TRY_NUMBER='2' AIRFLOW_CTX_DAG_RUN_ID='scheduled__2025-05-19T07:02:00+00:00'
[2025-05-19T07:09:30.511+0000] {taskinstance.py:731} INFO - ::endgroup::
[2025-05-19T07:09:30.518+0000] {conn.py:396} INFO - <BrokerConnection client_id=kafka-python-producer-1, node_id=bootstrap-0 host=host.docker.internal:9092 <connecting> [IPv4 ('192.168.65.254', 9092)]>: connecting to host.docker.internal:9092 [('192.168.65.254', 9092) IPv4]
[2025-05-19T07:09:30.521+0000] {conn.py:618} INFO - <BrokerConnection client_id=kafka-python-producer-1, node_id=bootstrap-0 host=host.docker.internal:9092 <checking_api_versions_recv> [IPv4 ('192.168.65.254', 9092)]>: Broker version identified as 2.6
[2025-05-19T07:09:30.521+0000] {conn.py:457} INFO - <BrokerConnection client_id=kafka-python-producer-1, node_id=bootstrap-0 host=host.docker.internal:9092 <connected> [IPv4 ('192.168.65.254', 9092)]>: Connection complete.
[2025-05-19T07:09:30.628+0000] {conn.py:396} INFO - <BrokerConnection client_id=kafka-python-producer-1, node_id=1 host=172.16.24.224:9092 <connecting> [IPv4 ('172.16.24.224', 9092)]>: connecting to 172.16.24.224:9092 [('172.16.24.224', 9092) IPv4]
[2025-05-19T07:09:30.629+0000] {conn.py:457} INFO - <BrokerConnection client_id=kafka-python-producer-1, node_id=1 host=172.16.24.224:9092 <connected> [IPv4 ('172.16.24.224', 9092)]>: Connection complete.
[2025-05-19T07:09:30.630+0000] {conn.py:945} INFO - <BrokerConnection client_id=kafka-python-producer-1, node_id=bootstrap-0 host=host.docker.internal:9092 <connected> [IPv4 ('192.168.65.254', 9092)]>: Closing connection. 
[2025-05-19T07:09:30.636+0000] {logging_mixin.py:190} INFO - ✅ Sent: movie_click from instagram
[2025-05-19T07:09:30.690+0000] {logging_mixin.py:190} INFO - ✅ Sent: like_click from instagram
[2025-05-19T07:09:30.747+0000] {logging_mixin.py:190} INFO - ✅ Sent: like_click from naver
[2025-05-19T07:09:30.802+0000] {logging_mixin.py:190} INFO - ✅ Sent: play_start from youtube
[2025-05-19T07:09:30.862+0000] {logging_mixin.py:190} INFO - ✅ Sent: ad_click from youtube
[2025-05-19T07:09:30.920+0000] {logging_mixin.py:190} INFO - ✅ Sent: movie_click from youtube
[2025-05-19T07:09:30.977+0000] {logging_mixin.py:190} INFO - ✅ Sent: play_complete from youtube
[2025-05-19T07:09:31.035+0000] {logging_mixin.py:190} INFO - ✅ Sent: like_click from naver
[2025-05-19T07:09:31.090+0000] {logging_mixin.py:190} INFO - ✅ Sent: ad_click from youtube
[2025-05-19T07:09:31.141+0000] {logging_mixin.py:190} INFO - ✅ Sent: play_start from naver
[2025-05-19T07:09:31.195+0000] {logging_mixin.py:190} INFO - ✅ Sent: play_complete from instagram
[2025-05-19T07:09:31.253+0000] {logging_mixin.py:190} INFO - ✅ Sent: movie_click from naver
[2025-05-19T07:09:31.309+0000] {logging_mixin.py:190} INFO - ✅ Sent: movie_click from naver
[2025-05-19T07:09:31.364+0000] {logging_mixin.py:190} INFO - ✅ Sent: ad_click from youtube
[2025-05-19T07:09:31.419+0000] {logging_mixin.py:190} INFO - ✅ Sent: ad_click from instagram
[2025-05-19T07:09:31.476+0000] {logging_mixin.py:190} INFO - ✅ Sent: play_start from youtube
[2025-05-19T07:09:31.532+0000] {logging_mixin.py:190} INFO - ✅ Sent: play_complete from youtube
[2025-05-19T07:09:31.586+0000] {logging_mixin.py:190} INFO - ✅ Sent: play_complete from instagram
[2025-05-19T07:09:31.643+0000] {logging_mixin.py:190} INFO - ✅ Sent: like_click from instagram
[2025-05-19T07:09:31.704+0000] {logging_mixin.py:190} INFO - ✅ Sent: play_start from instagram
[2025-05-19T07:09:31.759+0000] {logging_mixin.py:190} INFO - ✅ Sent: play_start from youtube
[2025-05-19T07:09:31.811+0000] {logging_mixin.py:190} INFO - ✅ Sent: play_complete from youtube
[2025-05-19T07:09:31.866+0000] {logging_mixin.py:190} INFO - ✅ Sent: play_start from youtube
[2025-05-19T07:09:31.919+0000] {logging_mixin.py:190} INFO - ✅ Sent: play_start from naver
[2025-05-19T07:09:31.971+0000] {logging_mixin.py:190} INFO - ✅ Sent: movie_click from naver
[2025-05-19T07:09:32.025+0000] {logging_mixin.py:190} INFO - ✅ Sent: movie_click from instagram
[2025-05-19T07:09:32.078+0000] {logging_mixin.py:190} INFO - ✅ Sent: ad_click from instagram
[2025-05-19T07:09:32.130+0000] {logging_mixin.py:190} INFO - ✅ Sent: play_start from instagram
[2025-05-19T07:09:32.183+0000] {logging_mixin.py:190} INFO - ✅ Sent: play_complete from youtube
[2025-05-19T07:09:32.237+0000] {logging_mixin.py:190} INFO - ✅ Sent: play_start from naver
[2025-05-19T07:09:32.288+0000] {logging_mixin.py:190} INFO - ✅ Sent: like_click from instagram
[2025-05-19T07:09:32.339+0000] {logging_mixin.py:190} INFO - ✅ Sent: ad_click from instagram
[2025-05-19T07:09:32.394+0000] {logging_mixin.py:190} INFO - ✅ Sent: ad_click from instagram
[2025-05-19T07:09:32.446+0000] {logging_mixin.py:190} INFO - ✅ Sent: play_complete from instagram
[2025-05-19T07:09:32.498+0000] {logging_mixin.py:190} INFO - ✅ Sent: play_start from instagram
[2025-05-19T07:09:32.551+0000] {logging_mixin.py:190} INFO - ✅ Sent: like_click from youtube
[2025-05-19T07:09:32.602+0000] {logging_mixin.py:190} INFO - ✅ Sent: movie_click from youtube
[2025-05-19T07:09:32.659+0000] {logging_mixin.py:190} INFO - ✅ Sent: play_complete from naver
[2025-05-19T07:09:32.714+0000] {logging_mixin.py:190} INFO - ✅ Sent: play_complete from instagram
[2025-05-19T07:09:32.767+0000] {logging_mixin.py:190} INFO - ✅ Sent: movie_click from youtube
[2025-05-19T07:09:32.818+0000] {logging_mixin.py:190} INFO - ✅ Sent: like_click from youtube
[2025-05-19T07:09:32.870+0000] {logging_mixin.py:190} INFO - ✅ Sent: ad_click from instagram
[2025-05-19T07:09:32.921+0000] {logging_mixin.py:190} INFO - ✅ Sent: like_click from naver
[2025-05-19T07:09:32.972+0000] {logging_mixin.py:190} INFO - ✅ Sent: play_complete from youtube
[2025-05-19T07:09:33.023+0000] {logging_mixin.py:190} INFO - ✅ Sent: like_click from youtube
[2025-05-19T07:09:33.075+0000] {logging_mixin.py:190} INFO - ✅ Sent: like_click from youtube
[2025-05-19T07:09:33.131+0000] {logging_mixin.py:190} INFO - ✅ Sent: like_click from youtube
[2025-05-19T07:09:33.183+0000] {logging_mixin.py:190} INFO - ✅ Sent: ad_click from youtube
[2025-05-19T07:09:33.237+0000] {logging_mixin.py:190} INFO - ✅ Sent: movie_click from naver
[2025-05-19T07:09:33.289+0000] {logging_mixin.py:190} INFO - ✅ Sent: like_click from naver
[2025-05-19T07:09:33.345+0000] {logging_mixin.py:190} INFO - ✅ Sent: play_complete from naver
[2025-05-19T07:09:33.399+0000] {logging_mixin.py:190} INFO - ✅ Sent: ad_click from youtube
[2025-05-19T07:09:33.454+0000] {logging_mixin.py:190} INFO - ✅ Sent: play_start from instagram
[2025-05-19T07:09:33.509+0000] {logging_mixin.py:190} INFO - ✅ Sent: movie_click from naver
[2025-05-19T07:09:33.564+0000] {logging_mixin.py:190} INFO - ✅ Sent: like_click from instagram
[2025-05-19T07:09:33.620+0000] {logging_mixin.py:190} INFO - ✅ Sent: play_start from naver
[2025-05-19T07:09:33.676+0000] {logging_mixin.py:190} INFO - ✅ Sent: like_click from youtube
[2025-05-19T07:09:33.732+0000] {logging_mixin.py:190} INFO - ✅ Sent: ad_click from youtube
[2025-05-19T07:09:33.787+0000] {logging_mixin.py:190} INFO - ✅ Sent: play_start from youtube
[2025-05-19T07:09:33.841+0000] {logging_mixin.py:190} INFO - ✅ Sent: movie_click from naver
[2025-05-19T07:09:33.896+0000] {logging_mixin.py:190} INFO - ✅ Sent: ad_click from youtube
[2025-05-19T07:09:33.948+0000] {logging_mixin.py:190} INFO - ✅ Sent: play_complete from youtube
[2025-05-19T07:09:34.001+0000] {logging_mixin.py:190} INFO - ✅ Sent: play_complete from instagram
[2025-05-19T07:09:34.054+0000] {logging_mixin.py:190} INFO - ✅ Sent: ad_click from youtube
[2025-05-19T07:09:34.107+0000] {logging_mixin.py:190} INFO - ✅ Sent: play_start from youtube
[2025-05-19T07:09:34.158+0000] {logging_mixin.py:190} INFO - ✅ Sent: play_start from instagram
[2025-05-19T07:09:34.211+0000] {logging_mixin.py:190} INFO - ✅ Sent: movie_click from youtube
[2025-05-19T07:09:34.263+0000] {logging_mixin.py:190} INFO - ✅ Sent: movie_click from instagram
[2025-05-19T07:09:34.316+0000] {logging_mixin.py:190} INFO - ✅ Sent: play_start from youtube
[2025-05-19T07:09:34.367+0000] {logging_mixin.py:190} INFO - ✅ Sent: play_start from naver
[2025-05-19T07:09:34.419+0000] {logging_mixin.py:190} INFO - ✅ Sent: play_complete from naver
[2025-05-19T07:09:34.473+0000] {logging_mixin.py:190} INFO - ✅ Sent: ad_click from instagram
[2025-05-19T07:09:34.526+0000] {logging_mixin.py:190} INFO - ✅ Sent: ad_click from naver
[2025-05-19T07:09:34.580+0000] {logging_mixin.py:190} INFO - ✅ Sent: movie_click from instagram
[2025-05-19T07:09:34.633+0000] {logging_mixin.py:190} INFO - ✅ Sent: movie_click from instagram
[2025-05-19T07:09:34.687+0000] {logging_mixin.py:190} INFO - ✅ Sent: movie_click from naver
[2025-05-19T07:09:34.744+0000] {logging_mixin.py:190} INFO - ✅ Sent: play_start from instagram
[2025-05-19T07:09:34.801+0000] {logging_mixin.py:190} INFO - ✅ Sent: play_start from youtube
[2025-05-19T07:09:34.857+0000] {logging_mixin.py:190} INFO - ✅ Sent: play_complete from youtube
[2025-05-19T07:09:34.911+0000] {logging_mixin.py:190} INFO - ✅ Sent: play_complete from naver
[2025-05-19T07:09:34.963+0000] {logging_mixin.py:190} INFO - ✅ Sent: ad_click from youtube
[2025-05-19T07:09:35.015+0000] {logging_mixin.py:190} INFO - ✅ Sent: ad_click from naver
[2025-05-19T07:09:35.067+0000] {logging_mixin.py:190} INFO - ✅ Sent: play_complete from naver
[2025-05-19T07:09:35.119+0000] {logging_mixin.py:190} INFO - ✅ Sent: play_complete from instagram
[2025-05-19T07:09:35.173+0000] {logging_mixin.py:190} INFO - ✅ Sent: play_start from naver
[2025-05-19T07:09:35.226+0000] {logging_mixin.py:190} INFO - ✅ Sent: movie_click from naver
[2025-05-19T07:09:35.278+0000] {logging_mixin.py:190} INFO - ✅ Sent: ad_click from naver
[2025-05-19T07:09:35.332+0000] {logging_mixin.py:190} INFO - ✅ Sent: movie_click from instagram
[2025-05-19T07:09:35.387+0000] {logging_mixin.py:190} INFO - ✅ Sent: like_click from naver
[2025-05-19T07:09:35.442+0000] {logging_mixin.py:190} INFO - ✅ Sent: movie_click from instagram
[2025-05-19T07:09:35.497+0000] {logging_mixin.py:190} INFO - ✅ Sent: movie_click from naver
[2025-05-19T07:09:35.552+0000] {logging_mixin.py:190} INFO - ✅ Sent: movie_click from instagram
[2025-05-19T07:09:35.606+0000] {logging_mixin.py:190} INFO - ✅ Sent: ad_click from naver
[2025-05-19T07:09:35.661+0000] {logging_mixin.py:190} INFO - ✅ Sent: ad_click from youtube
[2025-05-19T07:09:35.718+0000] {logging_mixin.py:190} INFO - ✅ Sent: movie_click from naver
[2025-05-19T07:09:35.772+0000] {logging_mixin.py:190} INFO - ✅ Sent: play_start from instagram
[2025-05-19T07:09:35.828+0000] {logging_mixin.py:190} INFO - ✅ Sent: play_start from instagram
[2025-05-19T07:09:35.884+0000] {logging_mixin.py:190} INFO - ✅ Sent: play_complete from naver
[2025-05-19T07:09:35.938+0000] {logging_mixin.py:190} INFO - ✅ Sent: like_click from youtube
[2025-05-19T07:09:35.995+0000] {logging_mixin.py:190} INFO - ✅ Sent: ad_click from youtube
[2025-05-19T07:09:36.049+0000] {conn.py:945} INFO - <BrokerConnection client_id=kafka-python-producer-1, node_id=1 host=172.16.24.224:9092 <connected> [IPv4 ('172.16.24.224', 9092)]>: Closing connection. 
[2025-05-19T07:09:36.051+0000] {python.py:240} INFO - Done. Returned value was: None
[2025-05-19T07:09:36.063+0000] {taskinstance.py:340} INFO - ::group::Post task execution logs
[2025-05-19T07:09:36.063+0000] {taskinstance.py:352} INFO - Marking task as SUCCESS. dag_id=csv_to_parquet, task_id=kafka_producer, run_id=scheduled__2025-05-19T07:02:00+00:00, execution_date=20250519T070200, start_date=20250519T070930, end_date=20250519T070936
[2025-05-19T07:09:36.108+0000] {local_task_job_runner.py:266} INFO - Task exited with return code 0
[2025-05-19T07:09:36.125+0000] {taskinstance.py:3900} INFO - 1 downstream tasks scheduled from follow-on schedule check
[2025-05-19T07:09:36.126+0000] {local_task_job_runner.py:245} INFO - ::endgroup::
