[2025-05-19T07:02:00.988+0000] {local_task_job_runner.py:123} INFO - ::group::Pre task execution logs
[2025-05-19T07:02:00.993+0000] {taskinstance.py:2612} INFO - Dependencies all met for dep_context=non-requeueable deps ti=<TaskInstance: csv_to_parquet.kafka_producer scheduled__2025-05-19T07:02:00+00:00 [queued]>
[2025-05-19T07:02:00.996+0000] {taskinstance.py:2612} INFO - Dependencies all met for dep_context=requeueable deps ti=<TaskInstance: csv_to_parquet.kafka_producer scheduled__2025-05-19T07:02:00+00:00 [queued]>
[2025-05-19T07:02:00.996+0000] {taskinstance.py:2865} INFO - Starting attempt 1 of 2
[2025-05-19T07:02:01.000+0000] {taskinstance.py:2888} INFO - Executing <Task(PythonOperator): kafka_producer> on 2025-05-19 07:02:00+00:00
[2025-05-19T07:02:01.002+0000] {standard_task_runner.py:72} INFO - Started process 706 to run task
[2025-05-19T07:02:01.004+0000] {standard_task_runner.py:104} INFO - Running: ['***', 'tasks', 'run', 'csv_to_parquet', 'kafka_producer', 'scheduled__2025-05-19T07:02:00+00:00', '--job-id', '24', '--raw', '--subdir', 'DAGS_FOLDER/log_to_csv.py', '--cfg-path', '/tmp/tmpjhrkx83c']
[2025-05-19T07:02:01.004+0000] {standard_task_runner.py:105} INFO - Job 24: Subtask kafka_producer
[2025-05-19T07:02:01.020+0000] {task_command.py:467} INFO - Running <TaskInstance: csv_to_parquet.kafka_producer scheduled__2025-05-19T07:02:00+00:00 [running]> on host 8b6a4ce3396b
[2025-05-19T07:02:01.150+0000] {taskinstance.py:3131} INFO - Exporting env vars: AIRFLOW_CTX_DAG_OWNER='***' AIRFLOW_CTX_DAG_ID='csv_to_parquet' AIRFLOW_CTX_TASK_ID='kafka_producer' AIRFLOW_CTX_EXECUTION_DATE='2025-05-19T07:02:00+00:00' AIRFLOW_CTX_TRY_NUMBER='1' AIRFLOW_CTX_DAG_RUN_ID='scheduled__2025-05-19T07:02:00+00:00'
[2025-05-19T07:02:01.151+0000] {taskinstance.py:731} INFO - ::endgroup::
[2025-05-19T07:02:01.158+0000] {conn.py:396} INFO - <BrokerConnection client_id=kafka-python-producer-1, node_id=bootstrap-0 host=host.docker.internal:9092 <connecting> [IPv4 ('192.168.65.254', 9092)]>: connecting to host.docker.internal:9092 [('192.168.65.254', 9092) IPv4]
[2025-05-19T07:02:01.161+0000] {conn.py:618} INFO - <BrokerConnection client_id=kafka-python-producer-1, node_id=bootstrap-0 host=host.docker.internal:9092 <checking_api_versions_recv> [IPv4 ('192.168.65.254', 9092)]>: Broker version identified as 2.6
[2025-05-19T07:02:01.161+0000] {conn.py:457} INFO - <BrokerConnection client_id=kafka-python-producer-1, node_id=bootstrap-0 host=host.docker.internal:9092 <connected> [IPv4 ('192.168.65.254', 9092)]>: Connection complete.
[2025-05-19T07:02:01.266+0000] {conn.py:396} INFO - <BrokerConnection client_id=kafka-python-producer-1, node_id=1 host=172.16.24.224:9092 <connecting> [IPv4 ('172.16.24.224', 9092)]>: connecting to 172.16.24.224:9092 [('172.16.24.224', 9092) IPv4]
[2025-05-19T07:02:01.267+0000] {conn.py:457} INFO - <BrokerConnection client_id=kafka-python-producer-1, node_id=1 host=172.16.24.224:9092 <connected> [IPv4 ('172.16.24.224', 9092)]>: Connection complete.
[2025-05-19T07:02:01.268+0000] {conn.py:945} INFO - <BrokerConnection client_id=kafka-python-producer-1, node_id=bootstrap-0 host=host.docker.internal:9092 <connected> [IPv4 ('192.168.65.254', 9092)]>: Closing connection. 
[2025-05-19T07:02:01.272+0000] {logging_mixin.py:190} INFO - ✅ Sent: ad_click from youtube
[2025-05-19T07:02:01.328+0000] {logging_mixin.py:190} INFO - ✅ Sent: play_start from naver
[2025-05-19T07:02:01.386+0000] {logging_mixin.py:190} INFO - ✅ Sent: play_complete from instagram
[2025-05-19T07:02:01.445+0000] {logging_mixin.py:190} INFO - ✅ Sent: like_click from instagram
[2025-05-19T07:02:01.501+0000] {logging_mixin.py:190} INFO - ✅ Sent: movie_click from instagram
[2025-05-19T07:02:01.555+0000] {logging_mixin.py:190} INFO - ✅ Sent: movie_click from instagram
[2025-05-19T07:02:01.607+0000] {logging_mixin.py:190} INFO - ✅ Sent: play_start from naver
[2025-05-19T07:02:01.660+0000] {logging_mixin.py:190} INFO - ✅ Sent: play_start from instagram
[2025-05-19T07:02:01.716+0000] {logging_mixin.py:190} INFO - ✅ Sent: ad_click from youtube
[2025-05-19T07:02:01.771+0000] {logging_mixin.py:190} INFO - ✅ Sent: ad_click from naver
[2025-05-19T07:02:01.826+0000] {logging_mixin.py:190} INFO - ✅ Sent: movie_click from instagram
[2025-05-19T07:02:01.899+0000] {logging_mixin.py:190} INFO - ✅ Sent: like_click from naver
[2025-05-19T07:02:01.958+0000] {logging_mixin.py:190} INFO - ✅ Sent: play_complete from naver
[2025-05-19T07:02:02.016+0000] {logging_mixin.py:190} INFO - ✅ Sent: like_click from instagram
[2025-05-19T07:02:02.074+0000] {logging_mixin.py:190} INFO - ✅ Sent: play_start from instagram
[2025-05-19T07:02:02.133+0000] {logging_mixin.py:190} INFO - ✅ Sent: ad_click from youtube
[2025-05-19T07:02:02.193+0000] {logging_mixin.py:190} INFO - ✅ Sent: play_complete from youtube
[2025-05-19T07:02:02.254+0000] {logging_mixin.py:190} INFO - ✅ Sent: like_click from naver
[2025-05-19T07:02:02.315+0000] {logging_mixin.py:190} INFO - ✅ Sent: play_complete from instagram
[2025-05-19T07:02:02.371+0000] {logging_mixin.py:190} INFO - ✅ Sent: play_complete from naver
[2025-05-19T07:02:02.430+0000] {logging_mixin.py:190} INFO - ✅ Sent: movie_click from naver
[2025-05-19T07:02:02.489+0000] {logging_mixin.py:190} INFO - ✅ Sent: movie_click from youtube
[2025-05-19T07:02:02.544+0000] {logging_mixin.py:190} INFO - ✅ Sent: play_start from naver
[2025-05-19T07:02:02.604+0000] {logging_mixin.py:190} INFO - ✅ Sent: ad_click from youtube
[2025-05-19T07:02:02.658+0000] {logging_mixin.py:190} INFO - ✅ Sent: like_click from naver
[2025-05-19T07:02:02.716+0000] {logging_mixin.py:190} INFO - ✅ Sent: ad_click from youtube
[2025-05-19T07:02:02.768+0000] {logging_mixin.py:190} INFO - ✅ Sent: like_click from naver
[2025-05-19T07:02:02.821+0000] {logging_mixin.py:190} INFO - ✅ Sent: play_complete from youtube
[2025-05-19T07:02:02.874+0000] {logging_mixin.py:190} INFO - ✅ Sent: like_click from instagram
[2025-05-19T07:02:02.929+0000] {logging_mixin.py:190} INFO - ✅ Sent: ad_click from instagram
[2025-05-19T07:02:02.985+0000] {logging_mixin.py:190} INFO - ✅ Sent: play_start from youtube
[2025-05-19T07:02:03.044+0000] {logging_mixin.py:190} INFO - ✅ Sent: like_click from instagram
[2025-05-19T07:02:03.102+0000] {logging_mixin.py:190} INFO - ✅ Sent: ad_click from instagram
[2025-05-19T07:02:03.158+0000] {logging_mixin.py:190} INFO - ✅ Sent: play_complete from instagram
[2025-05-19T07:02:03.216+0000] {logging_mixin.py:190} INFO - ✅ Sent: ad_click from instagram
[2025-05-19T07:02:03.275+0000] {logging_mixin.py:190} INFO - ✅ Sent: ad_click from youtube
[2025-05-19T07:02:03.333+0000] {logging_mixin.py:190} INFO - ✅ Sent: play_complete from instagram
[2025-05-19T07:02:03.389+0000] {logging_mixin.py:190} INFO - ✅ Sent: play_complete from naver
[2025-05-19T07:02:03.445+0000] {logging_mixin.py:190} INFO - ✅ Sent: play_complete from naver
[2025-05-19T07:02:03.500+0000] {logging_mixin.py:190} INFO - ✅ Sent: like_click from naver
[2025-05-19T07:02:03.559+0000] {logging_mixin.py:190} INFO - ✅ Sent: ad_click from youtube
[2025-05-19T07:02:03.618+0000] {logging_mixin.py:190} INFO - ✅ Sent: play_complete from instagram
[2025-05-19T07:02:03.672+0000] {logging_mixin.py:190} INFO - ✅ Sent: movie_click from instagram
[2025-05-19T07:02:03.733+0000] {logging_mixin.py:190} INFO - ✅ Sent: play_complete from naver
[2025-05-19T07:02:03.792+0000] {logging_mixin.py:190} INFO - ✅ Sent: ad_click from naver
[2025-05-19T07:02:03.846+0000] {logging_mixin.py:190} INFO - ✅ Sent: play_complete from youtube
[2025-05-19T07:02:03.902+0000] {logging_mixin.py:190} INFO - ✅ Sent: movie_click from youtube
[2025-05-19T07:02:03.961+0000] {logging_mixin.py:190} INFO - ✅ Sent: movie_click from naver
[2025-05-19T07:02:04.019+0000] {logging_mixin.py:190} INFO - ✅ Sent: movie_click from naver
[2025-05-19T07:02:04.077+0000] {logging_mixin.py:190} INFO - ✅ Sent: play_start from instagram
[2025-05-19T07:02:04.136+0000] {logging_mixin.py:190} INFO - ✅ Sent: play_complete from youtube
[2025-05-19T07:02:04.190+0000] {logging_mixin.py:190} INFO - ✅ Sent: ad_click from naver
[2025-05-19T07:02:04.252+0000] {logging_mixin.py:190} INFO - ✅ Sent: play_start from youtube
[2025-05-19T07:02:04.310+0000] {logging_mixin.py:190} INFO - ✅ Sent: play_complete from instagram
[2025-05-19T07:02:04.363+0000] {logging_mixin.py:190} INFO - ✅ Sent: ad_click from naver
[2025-05-19T07:02:04.415+0000] {logging_mixin.py:190} INFO - ✅ Sent: ad_click from instagram
[2025-05-19T07:02:04.470+0000] {logging_mixin.py:190} INFO - ✅ Sent: play_start from instagram
[2025-05-19T07:02:04.527+0000] {logging_mixin.py:190} INFO - ✅ Sent: ad_click from youtube
[2025-05-19T07:02:04.586+0000] {logging_mixin.py:190} INFO - ✅ Sent: play_start from instagram
[2025-05-19T07:02:04.639+0000] {logging_mixin.py:190} INFO - ✅ Sent: like_click from naver
[2025-05-19T07:02:04.695+0000] {logging_mixin.py:190} INFO - ✅ Sent: play_start from youtube
[2025-05-19T07:02:04.754+0000] {logging_mixin.py:190} INFO - ✅ Sent: movie_click from naver
[2025-05-19T07:02:04.810+0000] {logging_mixin.py:190} INFO - ✅ Sent: play_complete from naver
[2025-05-19T07:02:04.867+0000] {logging_mixin.py:190} INFO - ✅ Sent: movie_click from naver
[2025-05-19T07:02:04.924+0000] {logging_mixin.py:190} INFO - ✅ Sent: ad_click from youtube
[2025-05-19T07:02:04.978+0000] {logging_mixin.py:190} INFO - ✅ Sent: play_start from naver
[2025-05-19T07:02:05.035+0000] {logging_mixin.py:190} INFO - ✅ Sent: ad_click from instagram
[2025-05-19T07:02:05.093+0000] {logging_mixin.py:190} INFO - ✅ Sent: movie_click from instagram
[2025-05-19T07:02:05.148+0000] {logging_mixin.py:190} INFO - ✅ Sent: movie_click from instagram
[2025-05-19T07:02:05.202+0000] {logging_mixin.py:190} INFO - ✅ Sent: play_start from youtube
[2025-05-19T07:02:05.261+0000] {logging_mixin.py:190} INFO - ✅ Sent: movie_click from naver
[2025-05-19T07:02:05.317+0000] {logging_mixin.py:190} INFO - ✅ Sent: play_start from naver
[2025-05-19T07:02:05.376+0000] {logging_mixin.py:190} INFO - ✅ Sent: play_complete from youtube
[2025-05-19T07:02:05.431+0000] {logging_mixin.py:190} INFO - ✅ Sent: play_start from youtube
[2025-05-19T07:02:05.486+0000] {logging_mixin.py:190} INFO - ✅ Sent: play_start from naver
[2025-05-19T07:02:05.543+0000] {logging_mixin.py:190} INFO - ✅ Sent: play_complete from instagram
[2025-05-19T07:02:05.600+0000] {logging_mixin.py:190} INFO - ✅ Sent: play_complete from youtube
[2025-05-19T07:02:05.656+0000] {logging_mixin.py:190} INFO - ✅ Sent: ad_click from instagram
[2025-05-19T07:02:05.709+0000] {logging_mixin.py:190} INFO - ✅ Sent: play_start from instagram
[2025-05-19T07:02:05.763+0000] {logging_mixin.py:190} INFO - ✅ Sent: play_complete from instagram
[2025-05-19T07:02:05.816+0000] {logging_mixin.py:190} INFO - ✅ Sent: ad_click from youtube
[2025-05-19T07:02:05.869+0000] {logging_mixin.py:190} INFO - ✅ Sent: ad_click from instagram
[2025-05-19T07:02:05.924+0000] {logging_mixin.py:190} INFO - ✅ Sent: movie_click from instagram
[2025-05-19T07:02:05.981+0000] {logging_mixin.py:190} INFO - ✅ Sent: play_complete from youtube
[2025-05-19T07:02:06.038+0000] {logging_mixin.py:190} INFO - ✅ Sent: like_click from naver
[2025-05-19T07:02:06.094+0000] {logging_mixin.py:190} INFO - ✅ Sent: play_complete from naver
[2025-05-19T07:02:06.146+0000] {logging_mixin.py:190} INFO - ✅ Sent: play_complete from naver
[2025-05-19T07:02:06.200+0000] {logging_mixin.py:190} INFO - ✅ Sent: ad_click from youtube
[2025-05-19T07:02:06.259+0000] {logging_mixin.py:190} INFO - ✅ Sent: play_complete from instagram
[2025-05-19T07:02:06.317+0000] {logging_mixin.py:190} INFO - ✅ Sent: play_start from instagram
[2025-05-19T07:02:06.374+0000] {logging_mixin.py:190} INFO - ✅ Sent: movie_click from youtube
[2025-05-19T07:02:06.435+0000] {logging_mixin.py:190} INFO - ✅ Sent: movie_click from naver
[2025-05-19T07:02:06.491+0000] {logging_mixin.py:190} INFO - ✅ Sent: movie_click from youtube
[2025-05-19T07:02:06.550+0000] {logging_mixin.py:190} INFO - ✅ Sent: play_complete from youtube
[2025-05-19T07:02:06.607+0000] {logging_mixin.py:190} INFO - ✅ Sent: play_complete from naver
[2025-05-19T07:02:06.662+0000] {logging_mixin.py:190} INFO - ✅ Sent: like_click from instagram
[2025-05-19T07:02:06.715+0000] {logging_mixin.py:190} INFO - ✅ Sent: play_start from youtube
[2025-05-19T07:02:06.771+0000] {logging_mixin.py:190} INFO - ✅ Sent: ad_click from naver
[2025-05-19T07:02:06.829+0000] {logging_mixin.py:190} INFO - ✅ Sent: play_start from naver
[2025-05-19T07:02:06.887+0000] {logging_mixin.py:190} INFO - ✅ Sent: play_start from naver
[2025-05-19T07:02:06.941+0000] {conn.py:945} INFO - <BrokerConnection client_id=kafka-python-producer-1, node_id=1 host=172.16.24.224:9092 <connected> [IPv4 ('172.16.24.224', 9092)]>: Closing connection. 
[2025-05-19T07:02:06.944+0000] {python.py:240} INFO - Done. Returned value was: None
[2025-05-19T07:02:06.958+0000] {taskinstance.py:340} INFO - ::group::Post task execution logs
[2025-05-19T07:02:06.959+0000] {taskinstance.py:352} INFO - Marking task as SUCCESS. dag_id=csv_to_parquet, task_id=kafka_producer, run_id=scheduled__2025-05-19T07:02:00+00:00, execution_date=20250519T070200, start_date=20250519T070200, end_date=20250519T070206
[2025-05-19T07:02:07.013+0000] {local_task_job_runner.py:266} INFO - Task exited with return code 0
[2025-05-19T07:02:07.028+0000] {taskinstance.py:3900} INFO - 1 downstream tasks scheduled from follow-on schedule check
[2025-05-19T07:02:07.029+0000] {local_task_job_runner.py:245} INFO - ::endgroup::
