[2025-05-20T05:05:06.483+0000] {local_task_job_runner.py:123} INFO - ::group::Pre task execution logs
[2025-05-20T05:05:06.571+0000] {taskinstance.py:2612} INFO - Dependencies all met for dep_context=non-requeueable deps ti=<TaskInstance: csv_to_parquet.kafka_consumer scheduled__2025-05-20T05:05:00+00:00 [queued]>
[2025-05-20T05:05:06.574+0000] {taskinstance.py:2612} INFO - Dependencies all met for dep_context=requeueable deps ti=<TaskInstance: csv_to_parquet.kafka_consumer scheduled__2025-05-20T05:05:00+00:00 [queued]>
[2025-05-20T05:05:06.575+0000] {taskinstance.py:2865} INFO - Starting attempt 1 of 2
[2025-05-20T05:05:06.579+0000] {taskinstance.py:2888} INFO - Executing <Task(PythonOperator): kafka_consumer> on 2025-05-20 05:05:00+00:00
[2025-05-20T05:05:06.582+0000] {standard_task_runner.py:72} INFO - Started process 1323 to run task
[2025-05-20T05:05:06.584+0000] {standard_task_runner.py:104} INFO - Running: ['***', 'tasks', 'run', 'csv_to_parquet', 'kafka_consumer', 'scheduled__2025-05-20T05:05:00+00:00', '--job-id', '126', '--raw', '--subdir', 'DAGS_FOLDER/log_to_csv.py', '--cfg-path', '/tmp/tmpw4fivjlm']
[2025-05-20T05:05:06.584+0000] {standard_task_runner.py:105} INFO - Job 126: Subtask kafka_consumer
[2025-05-20T05:05:06.602+0000] {task_command.py:467} INFO - Running <TaskInstance: csv_to_parquet.kafka_consumer scheduled__2025-05-20T05:05:00+00:00 [running]> on host 91a46f1a1993
[2025-05-20T05:05:06.629+0000] {taskinstance.py:3131} INFO - Exporting env vars: AIRFLOW_CTX_DAG_OWNER='***' AIRFLOW_CTX_DAG_ID='csv_to_parquet' AIRFLOW_CTX_TASK_ID='kafka_consumer' AIRFLOW_CTX_EXECUTION_DATE='2025-05-20T05:05:00+00:00' AIRFLOW_CTX_TRY_NUMBER='1' AIRFLOW_CTX_DAG_RUN_ID='scheduled__2025-05-20T05:05:00+00:00'
[2025-05-20T05:05:06.629+0000] {taskinstance.py:731} INFO - ::endgroup::
[2025-05-20T05:05:06.635+0000] {conn.py:396} INFO - <BrokerConnection client_id=kafka-python-2.2.7, node_id=bootstrap-0 host=host.docker.internal:9092 <connecting> [IPv4 ('192.168.65.254', 9092)]>: connecting to host.docker.internal:9092 [('192.168.65.254', 9092) IPv4]
[2025-05-20T05:05:06.638+0000] {conn.py:618} INFO - <BrokerConnection client_id=kafka-python-2.2.7, node_id=bootstrap-0 host=host.docker.internal:9092 <checking_api_versions_recv> [IPv4 ('192.168.65.254', 9092)]>: Broker version identified as 2.6
[2025-05-20T05:05:06.639+0000] {conn.py:457} INFO - <BrokerConnection client_id=kafka-python-2.2.7, node_id=bootstrap-0 host=host.docker.internal:9092 <connected> [IPv4 ('192.168.65.254', 9092)]>: Connection complete.
[2025-05-20T05:05:06.639+0000] {subscription_state.py:177} INFO - Updating subscribed topics to: ('***test',)
[2025-05-20T05:05:06.640+0000] {logging_mixin.py:190} INFO - ✅ Consumer started, waiting for messages...
[2025-05-20T05:05:06.641+0000] {conn.py:396} INFO - <BrokerConnection client_id=kafka-python-2.2.7, node_id=1 host=172.16.24.224:9092 <connecting> [IPv4 ('172.16.24.224', 9092)]>: connecting to 172.16.24.224:9092 [('172.16.24.224', 9092) IPv4]
[2025-05-20T05:05:06.742+0000] {conn.py:457} INFO - <BrokerConnection client_id=kafka-python-2.2.7, node_id=1 host=172.16.24.224:9092 <connected> [IPv4 ('172.16.24.224', 9092)]>: Connection complete.
[2025-05-20T05:05:06.742+0000] {conn.py:945} INFO - <BrokerConnection client_id=kafka-python-2.2.7, node_id=bootstrap-0 host=host.docker.internal:9092 <connected> [IPv4 ('192.168.65.254', 9092)]>: Closing connection. 
[2025-05-20T05:05:06.846+0000] {cluster.py:400} INFO - Coordinator for group/spark is ('coordinator-1', '172.16.24.224', 9092, None)
[2025-05-20T05:05:06.846+0000] {base.py:769} INFO - Discovered coordinator coordinator-1 for group spark
[2025-05-20T05:05:06.847+0000] {base.py:820} INFO - Starting new heartbeat thread
[2025-05-20T05:05:06.848+0000] {consumer.py:362} INFO - Revoking previously assigned partitions () for group spark
[2025-05-20T05:05:06.848+0000] {conn.py:396} INFO - <BrokerConnection client_id=kafka-python-2.2.7, node_id=coordinator-1 host=172.16.24.224:9092 <connecting> [IPv4 ('172.16.24.224', 9092)]>: connecting to 172.16.24.224:9092 [('172.16.24.224', 9092) IPv4]
[2025-05-20T05:05:06.951+0000] {conn.py:457} INFO - <BrokerConnection client_id=kafka-python-2.2.7, node_id=coordinator-1 host=172.16.24.224:9092 <connected> [IPv4 ('172.16.24.224', 9092)]>: Connection complete.
[2025-05-20T05:05:07.055+0000] {base.py:524} INFO - (Re-)joining group spark
[2025-05-20T05:05:07.066+0000] {base.py:524} INFO - (Re-)joining group spark
[2025-05-20T05:05:10.077+0000] {base.py:587} INFO - Elected group leader -- performing partition assignments using range
[2025-05-20T05:05:10.084+0000] {base.py:401} INFO - Successfully joined group spark with generation 11
[2025-05-20T05:05:10.085+0000] {subscription_state.py:246} INFO - Updated partition assignment: [('***test', 0)]
[2025-05-20T05:05:10.086+0000] {consumer.py:249} INFO - Setting newly assigned partitions (('***test', 0),) for group spark
[2025-05-20T05:05:10.108+0000] {logging_mixin.py:190} INFO - 📥 Received: like_click from instagram at 2025-05-20T05:05:00.544057
[2025-05-20T05:05:10.109+0000] {logging_mixin.py:190} INFO - 📥 Received: ad_click from youtube at 2025-05-20T05:05:00.705558
[2025-05-20T05:05:10.109+0000] {logging_mixin.py:190} INFO - 📥 Received: play_start from naver at 2025-05-20T05:05:00.756372
[2025-05-20T05:05:10.110+0000] {logging_mixin.py:190} INFO - 📥 Received: movie_click from instagram at 2025-05-20T05:05:00.811093
[2025-05-20T05:05:10.110+0000] {logging_mixin.py:190} INFO - 📥 Received: ad_click from instagram at 2025-05-20T05:05:00.862874
[2025-05-20T05:05:10.111+0000] {logging_mixin.py:190} INFO - 📥 Received: play_start from youtube at 2025-05-20T05:05:00.916110
[2025-05-20T05:05:10.111+0000] {logging_mixin.py:190} INFO - 📥 Received: ad_click from instagram at 2025-05-20T05:05:00.967327
[2025-05-20T05:05:10.111+0000] {logging_mixin.py:190} INFO - 📥 Received: play_complete from naver at 2025-05-20T05:05:01.018330
[2025-05-20T05:05:10.112+0000] {logging_mixin.py:190} INFO - 📥 Received: ad_click from youtube at 2025-05-20T05:05:01.070330
[2025-05-20T05:05:10.112+0000] {logging_mixin.py:190} INFO - 📥 Received: movie_click from naver at 2025-05-20T05:05:01.127335
[2025-05-20T05:05:10.112+0000] {logging_mixin.py:190} INFO - 📥 Received: like_click from naver at 2025-05-20T05:05:01.178562
[2025-05-20T05:05:10.112+0000] {logging_mixin.py:190} INFO - 📥 Received: movie_click from youtube at 2025-05-20T05:05:01.231349
[2025-05-20T05:05:10.113+0000] {logging_mixin.py:190} INFO - 📥 Received: ad_click from youtube at 2025-05-20T05:05:01.286328
[2025-05-20T05:05:10.113+0000] {logging_mixin.py:190} INFO - 📥 Received: like_click from youtube at 2025-05-20T05:05:01.337576
[2025-05-20T05:05:10.113+0000] {logging_mixin.py:190} INFO - 📥 Received: play_complete from naver at 2025-05-20T05:05:01.390576
[2025-05-20T05:05:10.113+0000] {logging_mixin.py:190} INFO - 📥 Received: play_complete from youtube at 2025-05-20T05:05:01.442567
[2025-05-20T05:05:10.114+0000] {logging_mixin.py:190} INFO - 📥 Received: ad_click from naver at 2025-05-20T05:05:01.497840
[2025-05-20T05:05:10.114+0000] {logging_mixin.py:190} INFO - 📥 Received: like_click from naver at 2025-05-20T05:05:01.550331
[2025-05-20T05:05:10.114+0000] {logging_mixin.py:190} INFO - 📥 Received: movie_click from instagram at 2025-05-20T05:05:01.601858
[2025-05-20T05:05:10.114+0000] {logging_mixin.py:190} INFO - 📥 Received: like_click from naver at 2025-05-20T05:05:01.654335
[2025-05-20T05:05:10.115+0000] {logging_mixin.py:190} INFO - 📥 Received: play_start from instagram at 2025-05-20T05:05:01.706077
[2025-05-20T05:05:10.115+0000] {logging_mixin.py:190} INFO - 📥 Received: ad_click from naver at 2025-05-20T05:05:01.758362
[2025-05-20T05:05:10.115+0000] {logging_mixin.py:190} INFO - 📥 Received: ad_click from youtube at 2025-05-20T05:05:01.810355
[2025-05-20T05:05:10.115+0000] {logging_mixin.py:190} INFO - 📥 Received: movie_click from youtube at 2025-05-20T05:05:01.862348
[2025-05-20T05:05:10.116+0000] {logging_mixin.py:190} INFO - 📥 Received: play_start from instagram at 2025-05-20T05:05:01.913385
[2025-05-20T05:05:10.116+0000] {logging_mixin.py:190} INFO - 📥 Received: play_start from youtube at 2025-05-20T05:05:01.966607
[2025-05-20T05:05:10.116+0000] {logging_mixin.py:190} INFO - 📥 Received: like_click from naver at 2025-05-20T05:05:02.021199
[2025-05-20T05:05:10.116+0000] {logging_mixin.py:190} INFO - 📥 Received: movie_click from instagram at 2025-05-20T05:05:02.075261
[2025-05-20T05:05:10.117+0000] {logging_mixin.py:190} INFO - 📥 Received: ad_click from youtube at 2025-05-20T05:05:02.132286
[2025-05-20T05:05:10.117+0000] {logging_mixin.py:190} INFO - 📥 Received: movie_click from youtube at 2025-05-20T05:05:02.188860
[2025-05-20T05:05:10.117+0000] {logging_mixin.py:190} INFO - 📥 Received: like_click from instagram at 2025-05-20T05:05:02.245001
[2025-05-20T05:05:10.117+0000] {logging_mixin.py:190} INFO - 📥 Received: play_start from youtube at 2025-05-20T05:05:02.299663
[2025-05-20T05:05:10.118+0000] {logging_mixin.py:190} INFO - 📥 Received: play_start from instagram at 2025-05-20T05:05:02.356660
[2025-05-20T05:05:10.118+0000] {logging_mixin.py:190} INFO - 📥 Received: movie_click from instagram at 2025-05-20T05:05:02.412463
[2025-05-20T05:05:10.118+0000] {logging_mixin.py:190} INFO - 📥 Received: like_click from youtube at 2025-05-20T05:05:02.467755
[2025-05-20T05:05:10.118+0000] {logging_mixin.py:190} INFO - 📥 Received: play_complete from youtube at 2025-05-20T05:05:02.522847
[2025-05-20T05:05:10.118+0000] {logging_mixin.py:190} INFO - 📥 Received: ad_click from youtube at 2025-05-20T05:05:02.578521
[2025-05-20T05:05:10.119+0000] {logging_mixin.py:190} INFO - 📥 Received: movie_click from instagram at 2025-05-20T05:05:02.633746
[2025-05-20T05:05:10.119+0000] {logging_mixin.py:190} INFO - 📥 Received: ad_click from instagram at 2025-05-20T05:05:02.690755
[2025-05-20T05:05:10.119+0000] {logging_mixin.py:190} INFO - 📥 Received: play_start from naver at 2025-05-20T05:05:02.745604
[2025-05-20T05:05:10.119+0000] {logging_mixin.py:190} INFO - 📥 Received: like_click from naver at 2025-05-20T05:05:02.801197
[2025-05-20T05:05:10.119+0000] {logging_mixin.py:190} INFO - 📥 Received: play_complete from youtube at 2025-05-20T05:05:02.860458
[2025-05-20T05:05:10.120+0000] {logging_mixin.py:190} INFO - 📥 Received: like_click from youtube at 2025-05-20T05:05:02.916216
[2025-05-20T05:05:10.120+0000] {logging_mixin.py:190} INFO - 📥 Received: movie_click from naver at 2025-05-20T05:05:02.970376
[2025-05-20T05:05:10.120+0000] {logging_mixin.py:190} INFO - 📥 Received: play_start from instagram at 2025-05-20T05:05:03.025835
[2025-05-20T05:05:10.120+0000] {logging_mixin.py:190} INFO - 📥 Received: ad_click from youtube at 2025-05-20T05:05:03.078383
[2025-05-20T05:05:10.121+0000] {logging_mixin.py:190} INFO - 📥 Received: movie_click from instagram at 2025-05-20T05:05:03.131133
[2025-05-20T05:05:10.121+0000] {logging_mixin.py:190} INFO - 📥 Received: play_complete from youtube at 2025-05-20T05:05:03.183912
[2025-05-20T05:05:10.121+0000] {logging_mixin.py:190} INFO - 📥 Received: play_complete from youtube at 2025-05-20T05:05:03.238580
[2025-05-20T05:05:10.121+0000] {logging_mixin.py:190} INFO - 📥 Received: like_click from instagram at 2025-05-20T05:05:03.295581
[2025-05-20T05:05:10.121+0000] {logging_mixin.py:190} INFO - 📥 Received: movie_click from instagram at 2025-05-20T05:05:03.353662
[2025-05-20T05:05:10.122+0000] {logging_mixin.py:190} INFO - 📥 Received: like_click from youtube at 2025-05-20T05:05:03.408658
[2025-05-20T05:05:10.122+0000] {logging_mixin.py:190} INFO - 📥 Received: play_complete from youtube at 2025-05-20T05:05:03.463953
[2025-05-20T05:05:10.122+0000] {logging_mixin.py:190} INFO - 📥 Received: play_complete from youtube at 2025-05-20T05:05:03.522196
[2025-05-20T05:05:10.122+0000] {logging_mixin.py:190} INFO - 📥 Received: play_complete from naver at 2025-05-20T05:05:03.583114
[2025-05-20T05:05:10.122+0000] {logging_mixin.py:190} INFO - 📥 Received: play_complete from instagram at 2025-05-20T05:05:03.638217
[2025-05-20T05:05:10.123+0000] {logging_mixin.py:190} INFO - 📥 Received: play_start from naver at 2025-05-20T05:05:03.697218
[2025-05-20T05:05:10.123+0000] {logging_mixin.py:190} INFO - 📥 Received: movie_click from youtube at 2025-05-20T05:05:03.752508
[2025-05-20T05:05:10.123+0000] {logging_mixin.py:190} INFO - 📥 Received: movie_click from naver at 2025-05-20T05:05:03.808454
[2025-05-20T05:05:10.123+0000] {logging_mixin.py:190} INFO - 📥 Received: like_click from youtube at 2025-05-20T05:05:03.866267
[2025-05-20T05:05:10.124+0000] {logging_mixin.py:190} INFO - 📥 Received: like_click from naver at 2025-05-20T05:05:03.922172
[2025-05-20T05:05:10.124+0000] {logging_mixin.py:190} INFO - 📥 Received: movie_click from youtube at 2025-05-20T05:05:03.976917
[2025-05-20T05:05:10.124+0000] {logging_mixin.py:190} INFO - 📥 Received: play_complete from instagram at 2025-05-20T05:05:04.032409
[2025-05-20T05:05:10.124+0000] {logging_mixin.py:190} INFO - 📥 Received: play_complete from youtube at 2025-05-20T05:05:04.091845
[2025-05-20T05:05:10.124+0000] {logging_mixin.py:190} INFO - 📥 Received: ad_click from naver at 2025-05-20T05:05:04.146867
[2025-05-20T05:05:10.125+0000] {logging_mixin.py:190} INFO - 📥 Received: play_complete from youtube at 2025-05-20T05:05:04.202367
[2025-05-20T05:05:10.125+0000] {logging_mixin.py:190} INFO - 📥 Received: ad_click from instagram at 2025-05-20T05:05:04.259506
[2025-05-20T05:05:10.125+0000] {logging_mixin.py:190} INFO - 📥 Received: play_start from youtube at 2025-05-20T05:05:04.315290
[2025-05-20T05:05:10.125+0000] {logging_mixin.py:190} INFO - 📥 Received: play_start from instagram at 2025-05-20T05:05:04.369634
[2025-05-20T05:05:10.125+0000] {logging_mixin.py:190} INFO - 📥 Received: play_complete from instagram at 2025-05-20T05:05:04.427519
[2025-05-20T05:05:10.125+0000] {logging_mixin.py:190} INFO - 📥 Received: ad_click from instagram at 2025-05-20T05:05:04.483210
[2025-05-20T05:05:10.126+0000] {logging_mixin.py:190} INFO - 📥 Received: like_click from instagram at 2025-05-20T05:05:04.540408
[2025-05-20T05:05:10.126+0000] {logging_mixin.py:190} INFO - 📥 Received: ad_click from naver at 2025-05-20T05:05:04.595398
[2025-05-20T05:05:10.126+0000] {logging_mixin.py:190} INFO - 📥 Received: ad_click from youtube at 2025-05-20T05:05:04.658650
[2025-05-20T05:05:10.126+0000] {logging_mixin.py:190} INFO - 📥 Received: movie_click from instagram at 2025-05-20T05:05:04.714339
[2025-05-20T05:05:10.126+0000] {logging_mixin.py:190} INFO - 📥 Received: ad_click from youtube at 2025-05-20T05:05:04.766535
[2025-05-20T05:05:10.127+0000] {logging_mixin.py:190} INFO - 📥 Received: play_start from youtube at 2025-05-20T05:05:04.819527
[2025-05-20T05:05:10.127+0000] {logging_mixin.py:190} INFO - 📥 Received: play_complete from youtube at 2025-05-20T05:05:04.872102
[2025-05-20T05:05:10.127+0000] {logging_mixin.py:190} INFO - 📥 Received: play_start from naver at 2025-05-20T05:05:04.924788
[2025-05-20T05:05:10.127+0000] {logging_mixin.py:190} INFO - 📥 Received: ad_click from youtube at 2025-05-20T05:05:04.977055
[2025-05-20T05:05:10.127+0000] {logging_mixin.py:190} INFO - 📥 Received: play_start from naver at 2025-05-20T05:05:05.032857
[2025-05-20T05:05:10.128+0000] {logging_mixin.py:190} INFO - 📥 Received: play_complete from naver at 2025-05-20T05:05:05.088207
[2025-05-20T05:05:10.128+0000] {logging_mixin.py:190} INFO - 📥 Received: movie_click from youtube at 2025-05-20T05:05:05.143748
[2025-05-20T05:05:10.128+0000] {logging_mixin.py:190} INFO - 📥 Received: like_click from youtube at 2025-05-20T05:05:05.201678
[2025-05-20T05:05:10.128+0000] {logging_mixin.py:190} INFO - 📥 Received: like_click from youtube at 2025-05-20T05:05:05.254498
[2025-05-20T05:05:10.128+0000] {logging_mixin.py:190} INFO - 📥 Received: like_click from instagram at 2025-05-20T05:05:05.308466
[2025-05-20T05:05:10.129+0000] {logging_mixin.py:190} INFO - 📥 Received: like_click from youtube at 2025-05-20T05:05:05.363976
[2025-05-20T05:05:10.129+0000] {logging_mixin.py:190} INFO - 📥 Received: movie_click from instagram at 2025-05-20T05:05:05.422226
[2025-05-20T05:05:10.129+0000] {logging_mixin.py:190} INFO - 📥 Received: play_start from youtube at 2025-05-20T05:05:05.477604
[2025-05-20T05:05:10.129+0000] {logging_mixin.py:190} INFO - 📥 Received: play_start from naver at 2025-05-20T05:05:05.532560
[2025-05-20T05:05:10.129+0000] {logging_mixin.py:190} INFO - 📥 Received: ad_click from naver at 2025-05-20T05:05:05.588170
[2025-05-20T05:05:10.129+0000] {logging_mixin.py:190} INFO - 📥 Received: movie_click from naver at 2025-05-20T05:05:05.641551
[2025-05-20T05:05:10.130+0000] {logging_mixin.py:190} INFO - 📥 Received: movie_click from naver at 2025-05-20T05:05:05.694800
[2025-05-20T05:05:10.130+0000] {logging_mixin.py:190} INFO - 📥 Received: ad_click from youtube at 2025-05-20T05:05:05.750476
[2025-05-20T05:05:10.130+0000] {logging_mixin.py:190} INFO - 📥 Received: movie_click from youtube at 2025-05-20T05:05:05.805825
[2025-05-20T05:05:10.130+0000] {logging_mixin.py:190} INFO - 📥 Received: play_complete from youtube at 2025-05-20T05:05:05.859038
[2025-05-20T05:05:10.130+0000] {logging_mixin.py:190} INFO - 📥 Received: movie_click from instagram at 2025-05-20T05:05:05.915660
[2025-05-20T05:05:10.130+0000] {logging_mixin.py:190} INFO - 📥 Received: ad_click from youtube at 2025-05-20T05:05:05.972233
[2025-05-20T05:05:10.131+0000] {logging_mixin.py:190} INFO - 📥 Received: ad_click from youtube at 2025-05-20T05:05:06.028220
[2025-05-20T05:05:10.131+0000] {logging_mixin.py:190} INFO - 📥 Received: like_click from instagram at 2025-05-20T05:05:06.083908
[2025-05-20T05:05:10.134+0000] {logging_mixin.py:190} INFO - ✅ Committed 100 messages.
[2025-05-20T05:05:10.142+0000] {base.py:84} INFO - Retrieving connection 'minio'
[2025-05-20T05:05:10.142+0000] {connection_wrapper.py:388} INFO - AWS Connection (conn_id='minio', conn_type='aws') credentials retrieved from login and password.
[2025-05-20T05:05:10.268+0000] {logging_mixin.py:190} INFO - ✅ File uploaded to MinIO: 2025-05-20_14-05-06.csv
[2025-05-20T05:05:10.268+0000] {base.py:834} INFO - Stopping heartbeat thread
[2025-05-20T05:05:13.273+0000] {base.py:1037} WARNING - Heartbeat thread did not fully terminate during close
[2025-05-20T05:05:13.274+0000] {base.py:865} INFO - Leaving consumer group (spark).
[2025-05-20T05:05:13.277+0000] {conn.py:945} INFO - <BrokerConnection client_id=kafka-python-2.2.7, node_id=1 host=172.16.24.224:9092 <connected> [IPv4 ('172.16.24.224', 9092)]>: Closing connection. 
[2025-05-20T05:05:13.278+0000] {conn.py:945} INFO - <BrokerConnection client_id=kafka-python-2.2.7, node_id=coordinator-1 host=172.16.24.224:9092 <connected> [IPv4 ('172.16.24.224', 9092)]>: Closing connection. 
[2025-05-20T05:05:13.278+0000] {python.py:240} INFO - Done. Returned value was: None
[2025-05-20T05:05:13.282+0000] {taskinstance.py:340} INFO - ::group::Post task execution logs
[2025-05-20T05:05:13.283+0000] {taskinstance.py:352} INFO - Marking task as SUCCESS. dag_id=csv_to_parquet, task_id=kafka_consumer, run_id=scheduled__2025-05-20T05:05:00+00:00, execution_date=20250520T050500, start_date=20250520T050506, end_date=20250520T050513
[2025-05-20T05:05:13.314+0000] {local_task_job_runner.py:266} INFO - Task exited with return code 0
[2025-05-20T05:05:13.323+0000] {taskinstance.py:3900} INFO - 1 downstream tasks scheduled from follow-on schedule check
[2025-05-20T05:05:13.324+0000] {local_task_job_runner.py:245} INFO - ::endgroup::
