[2025-05-20T10:37:43.201+0000] {local_task_job_runner.py:123} INFO - ::group::Pre task execution logs
[2025-05-20T10:37:43.227+0000] {taskinstance.py:2612} INFO - Dependencies all met for dep_context=non-requeueable deps ti=<TaskInstance: kafka_to_minio_to_spark.spark_etl scheduled__2025-05-19T16:00:00+00:00 [queued]>
[2025-05-20T10:37:43.236+0000] {taskinstance.py:2612} INFO - Dependencies all met for dep_context=requeueable deps ti=<TaskInstance: kafka_to_minio_to_spark.spark_etl scheduled__2025-05-19T16:00:00+00:00 [queued]>
[2025-05-20T10:37:43.236+0000] {taskinstance.py:2865} INFO - Starting attempt 27 of 29
[2025-05-20T10:37:43.244+0000] {taskinstance.py:2888} INFO - Executing <Task(SSHOperator): spark_etl> on 2025-05-19 16:00:00+00:00
[2025-05-20T10:37:43.248+0000] {standard_task_runner.py:72} INFO - Started process 442 to run task
[2025-05-20T10:37:43.251+0000] {standard_task_runner.py:104} INFO - Running: ['***', 'tasks', 'run', 'kafka_to_minio_to_spark', 'spark_etl', 'scheduled__2025-05-19T16:00:00+00:00', '--job-id', '74', '--raw', '--subdir', 'DAGS_FOLDER/testlog_ml.py', '--cfg-path', '/tmp/tmpo7dn850j']
[2025-05-20T10:37:43.252+0000] {standard_task_runner.py:105} INFO - Job 74: Subtask spark_etl
[2025-05-20T10:37:43.405+0000] {task_command.py:467} INFO - Running <TaskInstance: kafka_to_minio_to_spark.spark_etl scheduled__2025-05-19T16:00:00+00:00 [running]> on host 6a89a243c286
[2025-05-20T10:37:43.497+0000] {taskinstance.py:3131} INFO - Exporting env vars: AIRFLOW_CTX_DAG_OWNER='***' AIRFLOW_CTX_DAG_ID='kafka_to_minio_to_spark' AIRFLOW_CTX_TASK_ID='spark_etl' AIRFLOW_CTX_EXECUTION_DATE='2025-05-19T16:00:00+00:00' AIRFLOW_CTX_TRY_NUMBER='27' AIRFLOW_CTX_DAG_RUN_ID='scheduled__2025-05-19T16:00:00+00:00'
[2025-05-20T10:37:43.498+0000] {taskinstance.py:731} INFO - ::endgroup::
[2025-05-20T10:37:43.507+0000] {ssh.py:124} INFO - ssh_hook is not provided or invalid. Trying ssh_conn_id to create SSHHook.
[2025-05-20T10:37:43.529+0000] {base.py:84} INFO - Retrieving connection 'local_ssh'
[2025-05-20T10:37:43.534+0000] {ssh.py:309} WARNING - No Host Key Verification. This won't protect against Man-In-The-Middle attacks
[2025-05-20T10:37:43.583+0000] {transport.py:1923} INFO - Connected (version 2.0, client OpenSSH_9.8)
[2025-05-20T10:37:43.796+0000] {transport.py:1923} INFO - Authentication (password) successful!
[2025-05-20T10:37:43.799+0000] {ssh.py:493} INFO - Running command: sh -c "/Users/jeongmieun/.pyenv/versions/airminio/bin/python /Users/jeongmieun/test/docker_***/dags/testlog_ml_spark.py"
[2025-05-20T10:37:45.190+0000] {ssh.py:544} WARNING - 25/05/20 19:37:45 WARN Utils: Your hostname, jeongmieun-ui-MacBookAir.local resolves to a loopback address: 127.0.0.1; using 172.16.24.224 instead (on interface en0)
[2025-05-20T10:37:45.192+0000] {ssh.py:544} WARNING - 25/05/20 19:37:45 WARN Utils: Set SPARK_LOCAL_IP if you need to bind to another address
[2025-05-20T10:37:45.452+0000] {ssh.py:544} WARNING - 25/05/20 19:37:45 WARN NativeCodeLoader: Unable to load native-hadoop library for your platform... using builtin-java classes where applicable
[2025-05-20T10:37:45.576+0000] {ssh.py:544} WARNING - Setting default log level to "WARN".
[2025-05-20T10:37:45.578+0000] {ssh.py:544} WARNING - To adjust logging level use sc.setLogLevel(newLevel). For SparkR, use setLogLevel(newLevel).
[2025-05-20T10:37:46.203+0000] {ssh.py:544} WARNING - 25/05/20 19:37:46 WARN Utils: Service 'SparkUI' could not bind on port 4040. Attempting port 4041.
[2025-05-20T10:37:47.351+0000] {ssh.py:544} WARNING - 25/05/20 19:37:47 WARN MetricsConfig: Cannot locate configuration: tried hadoop-metrics2-s3a-file-system.properties,hadoop-metrics2.properties
[2025-05-20T10:37:52.200+0000] {ssh.py:539} INFO - +-------+--------+-----------+-----------+-----------------+---------------+
[2025-05-20T10:37:52.201+0000] {ssh.py:539} INFO - |user_id|movie_id|sum(rating)|sum(review)|total_movie_click|sum(like_score)|
[2025-05-20T10:37:52.201+0000] {ssh.py:539} INFO - +-------+--------+-----------+-----------+-----------------+---------------+
[2025-05-20T10:37:52.201+0000] {ssh.py:539} INFO - |    100|    M008|          1|          0|                1|              9|
[2025-05-20T10:37:52.202+0000] {ssh.py:539} INFO - |    100|    M005|          4|          0|                1|              0|
[2025-05-20T10:37:52.203+0000] {ssh.py:539} INFO - |    100|    M007|         10|          0|                3|              3|
[2025-05-20T10:37:52.203+0000] {ssh.py:539} INFO - |    100|    M006|          0|          0|                1|              0|
[2025-05-20T10:37:52.204+0000] {ssh.py:539} INFO - |    100|    M009|          3|          3|                0|              3|
[2025-05-20T10:37:52.204+0000] {ssh.py:539} INFO - |    100|    M003|          5|          0|                1|              0|
[2025-05-20T10:37:52.205+0000] {ssh.py:539} INFO - |    100|    M002|          5|          0|                2|              3|
[2025-05-20T10:37:52.205+0000] {ssh.py:539} INFO - |    100|    M004|          5|          1|                4|              0|
[2025-05-20T10:37:52.206+0000] {ssh.py:539} INFO - |    100|    M001|          4|          2|                2|              3|
[2025-05-20T10:37:52.206+0000] {ssh.py:539} INFO - |    100|    M010|          0|          0|                2|              0|
[2025-05-20T10:37:52.207+0000] {ssh.py:539} INFO - |    101|    M002|          5|          0|                1|              3|
[2025-05-20T10:37:52.207+0000] {ssh.py:539} INFO - |    101|    M006|          2|          0|                2|              3|
[2025-05-20T10:37:52.207+0000] {ssh.py:539} INFO - |    101|    M001|          7|          1|                0|              3|
[2025-05-20T10:37:52.208+0000] {ssh.py:539} INFO - |    101|    M004|          5|          1|                1|              0|
[2025-05-20T10:37:52.208+0000] {ssh.py:539} INFO - |    101|    M007|          2|          0|                3|              0|
[2025-05-20T10:37:52.209+0000] {ssh.py:539} INFO - |    101|    M009|          4|          1|                4|              0|
[2025-05-20T10:37:52.210+0000] {ssh.py:539} INFO - |    101|    M008|         10|          2|                1|              3|
[2025-05-20T10:37:52.210+0000] {ssh.py:539} INFO - |    101|    M003|          4|          0|                1|              0|
[2025-05-20T10:37:52.211+0000] {ssh.py:539} INFO - |    101|    M010|          0|          0|                1|              0|
[2025-05-20T10:37:52.212+0000] {ssh.py:539} INFO - |    101|    M005|          0|          0|                2|              0|
[2025-05-20T10:37:52.213+0000] {ssh.py:539} INFO - +-------+--------+-----------+-----------+-----------------+---------------+
[2025-05-20T10:37:52.214+0000] {ssh.py:539} INFO - only showing top 20 rows
[2025-05-20T10:37:52.788+0000] {taskinstance.py:340} INFO - ::group::Post task execution logs
[2025-05-20T10:37:52.788+0000] {taskinstance.py:352} INFO - Marking task as SUCCESS. dag_id=kafka_to_minio_to_spark, task_id=spark_etl, run_id=scheduled__2025-05-19T16:00:00+00:00, execution_date=20250519T160000, start_date=20250520T103743, end_date=20250520T103752
[2025-05-20T10:37:52.811+0000] {local_task_job_runner.py:266} INFO - Task exited with return code 0
[2025-05-20T10:37:52.917+0000] {taskinstance.py:3900} INFO - 0 downstream tasks scheduled from follow-on schedule check
[2025-05-20T10:37:52.919+0000] {local_task_job_runner.py:245} INFO - ::endgroup::
