[2025-05-20T06:58:41.964+0000] {local_task_job_runner.py:123} INFO - ::group::Pre task execution logs
[2025-05-20T06:58:41.969+0000] {taskinstance.py:2612} INFO - Dependencies all met for dep_context=non-requeueable deps ti=<TaskInstance: kafka_to_minio_to_spark.kafka_consumer scheduled__2025-05-20T01:00:00+00:00 [queued]>
[2025-05-20T06:58:41.972+0000] {taskinstance.py:2612} INFO - Dependencies all met for dep_context=requeueable deps ti=<TaskInstance: kafka_to_minio_to_spark.kafka_consumer scheduled__2025-05-20T01:00:00+00:00 [queued]>
[2025-05-20T06:58:41.972+0000] {taskinstance.py:2865} INFO - Starting attempt 8 of 9
[2025-05-20T06:58:41.976+0000] {taskinstance.py:2888} INFO - Executing <Task(PythonOperator): kafka_consumer> on 2025-05-20 01:00:00+00:00
[2025-05-20T06:58:41.978+0000] {standard_task_runner.py:72} INFO - Started process 490 to run task
[2025-05-20T06:58:41.979+0000] {standard_task_runner.py:104} INFO - Running: ['***', 'tasks', 'run', 'kafka_to_minio_to_spark', 'kafka_consumer', 'scheduled__2025-05-20T01:00:00+00:00', '--job-id', '151', '--raw', '--subdir', 'DAGS_FOLDER/testlog_ml.py', '--cfg-path', '/tmp/tmp3o7yr7vm']
[2025-05-20T06:58:41.980+0000] {standard_task_runner.py:105} INFO - Job 151: Subtask kafka_consumer
[2025-05-20T06:58:41.998+0000] {task_command.py:467} INFO - Running <TaskInstance: kafka_to_minio_to_spark.kafka_consumer scheduled__2025-05-20T01:00:00+00:00 [running]> on host 6efc53158415
[2025-05-20T06:58:42.090+0000] {taskinstance.py:3131} INFO - Exporting env vars: AIRFLOW_CTX_DAG_OWNER='***' AIRFLOW_CTX_DAG_ID='kafka_to_minio_to_spark' AIRFLOW_CTX_TASK_ID='kafka_consumer' AIRFLOW_CTX_EXECUTION_DATE='2025-05-20T01:00:00+00:00' AIRFLOW_CTX_TRY_NUMBER='8' AIRFLOW_CTX_DAG_RUN_ID='scheduled__2025-05-20T01:00:00+00:00'
[2025-05-20T06:58:42.091+0000] {taskinstance.py:731} INFO - ::endgroup::
[2025-05-20T06:58:42.096+0000] {conn.py:396} INFO - <BrokerConnection client_id=kafka-python-2.2.7, node_id=bootstrap-0 host=host.docker.internal:9092 <connecting> [IPv4 ('192.168.65.254', 9092)]>: connecting to host.docker.internal:9092 [('192.168.65.254', 9092) IPv4]
[2025-05-20T06:58:42.098+0000] {conn.py:618} INFO - <BrokerConnection client_id=kafka-python-2.2.7, node_id=bootstrap-0 host=host.docker.internal:9092 <checking_api_versions_recv> [IPv4 ('192.168.65.254', 9092)]>: Broker version identified as 2.6
[2025-05-20T06:58:42.098+0000] {conn.py:457} INFO - <BrokerConnection client_id=kafka-python-2.2.7, node_id=bootstrap-0 host=host.docker.internal:9092 <connected> [IPv4 ('192.168.65.254', 9092)]>: Connection complete.
[2025-05-20T06:58:42.098+0000] {subscription_state.py:177} INFO - Updating subscribed topics to: ('userlog',)
[2025-05-20T06:58:42.098+0000] {logging_mixin.py:190} INFO - ✅ consumer started, waiting for messages....
[2025-05-20T06:58:42.100+0000] {conn.py:396} INFO - <BrokerConnection client_id=kafka-python-2.2.7, node_id=1 host=172.16.24.224:9092 <connecting> [IPv4 ('172.16.24.224', 9092)]>: connecting to 172.16.24.224:9092 [('172.16.24.224', 9092) IPv4]
[2025-05-20T06:58:42.201+0000] {conn.py:457} INFO - <BrokerConnection client_id=kafka-python-2.2.7, node_id=1 host=172.16.24.224:9092 <connected> [IPv4 ('172.16.24.224', 9092)]>: Connection complete.
[2025-05-20T06:58:42.201+0000] {conn.py:945} INFO - <BrokerConnection client_id=kafka-python-2.2.7, node_id=bootstrap-0 host=host.docker.internal:9092 <connected> [IPv4 ('192.168.65.254', 9092)]>: Closing connection. 
[2025-05-20T06:58:42.306+0000] {cluster.py:400} INFO - Coordinator for group/tospark is ('coordinator-1', '172.16.24.224', 9092, None)
[2025-05-20T06:58:42.307+0000] {base.py:769} INFO - Discovered coordinator coordinator-1 for group tospark
[2025-05-20T06:58:42.307+0000] {base.py:820} INFO - Starting new heartbeat thread
[2025-05-20T06:58:42.309+0000] {consumer.py:362} INFO - Revoking previously assigned partitions () for group tospark
[2025-05-20T06:58:42.310+0000] {conn.py:396} INFO - <BrokerConnection client_id=kafka-python-2.2.7, node_id=coordinator-1 host=172.16.24.224:9092 <connecting> [IPv4 ('172.16.24.224', 9092)]>: connecting to 172.16.24.224:9092 [('172.16.24.224', 9092) IPv4]
[2025-05-20T06:58:42.413+0000] {conn.py:457} INFO - <BrokerConnection client_id=kafka-python-2.2.7, node_id=coordinator-1 host=172.16.24.224:9092 <connected> [IPv4 ('172.16.24.224', 9092)]>: Connection complete.
[2025-05-20T06:58:42.517+0000] {base.py:524} INFO - (Re-)joining group tospark
[2025-05-20T06:58:42.524+0000] {base.py:524} INFO - (Re-)joining group tospark
[2025-05-20T06:58:45.531+0000] {base.py:587} INFO - Elected group leader -- performing partition assignments using range
[2025-05-20T06:58:45.538+0000] {base.py:401} INFO - Successfully joined group tospark with generation 7
[2025-05-20T06:58:45.540+0000] {subscription_state.py:246} INFO - Updated partition assignment: [('userlog', 0)]
[2025-05-20T06:58:45.542+0000] {consumer.py:249} INFO - Setting newly assigned partitions (('userlog', 0),) for group tospark
[2025-05-20T06:58:45.595+0000] {logging_mixin.py:190} INFO - 📥 Received: page:main
[2025-05-20T06:58:45.596+0000] {logging_mixin.py:190} INFO - 📥 Received: page:main
[2025-05-20T06:58:45.596+0000] {logging_mixin.py:190} INFO - 📥 Received: page:movie_detail
[2025-05-20T06:58:45.596+0000] {logging_mixin.py:190} INFO - 📥 Received: page:main
[2025-05-20T06:58:45.596+0000] {logging_mixin.py:190} INFO - 📥 Received: page:movie_detail
[2025-05-20T06:58:45.597+0000] {logging_mixin.py:190} INFO - 📥 Received: page:movie_detail
[2025-05-20T06:58:45.597+0000] {logging_mixin.py:190} INFO - 📥 Received: page:main
[2025-05-20T06:58:45.597+0000] {logging_mixin.py:190} INFO - 📥 Received: page:main
[2025-05-20T06:58:45.597+0000] {logging_mixin.py:190} INFO - 📥 Received: page:movie_detail
[2025-05-20T06:58:45.597+0000] {logging_mixin.py:190} INFO - 📥 Received: page:movie_detail
[2025-05-20T06:58:45.597+0000] {logging_mixin.py:190} INFO - 📥 Received: page:main
[2025-05-20T06:58:45.598+0000] {logging_mixin.py:190} INFO - 📥 Received: page:main
[2025-05-20T06:58:45.598+0000] {logging_mixin.py:190} INFO - 📥 Received: page:movie_detail
[2025-05-20T06:58:45.598+0000] {logging_mixin.py:190} INFO - 📥 Received: page:main
[2025-05-20T06:58:45.598+0000] {logging_mixin.py:190} INFO - 📥 Received: page:main
[2025-05-20T06:58:45.598+0000] {logging_mixin.py:190} INFO - 📥 Received: page:movie_detail
[2025-05-20T06:58:45.598+0000] {logging_mixin.py:190} INFO - 📥 Received: page:movie_detail
[2025-05-20T06:58:45.598+0000] {logging_mixin.py:190} INFO - 📥 Received: page:movie_detail
[2025-05-20T06:58:45.599+0000] {logging_mixin.py:190} INFO - 📥 Received: page:movie_detail
[2025-05-20T06:58:45.599+0000] {logging_mixin.py:190} INFO - 📥 Received: page:movie_detail
[2025-05-20T06:58:45.599+0000] {logging_mixin.py:190} INFO - 📥 Received: page:movie_detail
[2025-05-20T06:58:45.599+0000] {logging_mixin.py:190} INFO - 📥 Received: page:movie_detail
[2025-05-20T06:58:45.599+0000] {logging_mixin.py:190} INFO - 📥 Received: page:movie_detail
[2025-05-20T06:58:45.599+0000] {logging_mixin.py:190} INFO - 📥 Received: page:movie_detail
[2025-05-20T06:58:45.600+0000] {logging_mixin.py:190} INFO - 📥 Received: page:movie_detail
[2025-05-20T06:58:45.600+0000] {logging_mixin.py:190} INFO - 📥 Received: page:movie_detail
[2025-05-20T06:58:45.600+0000] {logging_mixin.py:190} INFO - 📥 Received: page:movie_detail
[2025-05-20T06:58:45.600+0000] {logging_mixin.py:190} INFO - 📥 Received: page:main
[2025-05-20T06:58:45.600+0000] {logging_mixin.py:190} INFO - 📥 Received: page:movie_detail
[2025-05-20T06:58:45.600+0000] {logging_mixin.py:190} INFO - 📥 Received: page:movie_detail
[2025-05-20T06:58:45.600+0000] {logging_mixin.py:190} INFO - 📥 Received: page:movie_detail
[2025-05-20T06:58:45.601+0000] {logging_mixin.py:190} INFO - 📥 Received: page:movie_detail
[2025-05-20T06:58:45.601+0000] {logging_mixin.py:190} INFO - 📥 Received: page:main
[2025-05-20T06:58:45.601+0000] {logging_mixin.py:190} INFO - 📥 Received: page:movie_detail
[2025-05-20T06:58:45.601+0000] {logging_mixin.py:190} INFO - 📥 Received: page:movie_detail
[2025-05-20T06:58:45.601+0000] {logging_mixin.py:190} INFO - 📥 Received: page:movie_detail
[2025-05-20T06:58:45.601+0000] {logging_mixin.py:190} INFO - 📥 Received: page:movie_detail
[2025-05-20T06:58:45.601+0000] {logging_mixin.py:190} INFO - 📥 Received: page:movie_detail
[2025-05-20T06:58:45.602+0000] {logging_mixin.py:190} INFO - 📥 Received: page:movie_detail
[2025-05-20T06:58:45.602+0000] {logging_mixin.py:190} INFO - 📥 Received: page:main
[2025-05-20T06:58:45.602+0000] {logging_mixin.py:190} INFO - 📥 Received: page:main
[2025-05-20T06:58:45.602+0000] {logging_mixin.py:190} INFO - 📥 Received: page:movie_detail
[2025-05-20T06:58:45.602+0000] {logging_mixin.py:190} INFO - 📥 Received: page:movie_detail
[2025-05-20T06:58:45.602+0000] {logging_mixin.py:190} INFO - 📥 Received: page:movie_detail
[2025-05-20T06:58:45.602+0000] {logging_mixin.py:190} INFO - 📥 Received: page:main
[2025-05-20T06:58:45.603+0000] {logging_mixin.py:190} INFO - 📥 Received: page:movie_detail
[2025-05-20T06:58:45.603+0000] {logging_mixin.py:190} INFO - 📥 Received: page:movie_detail
[2025-05-20T06:58:45.603+0000] {logging_mixin.py:190} INFO - 📥 Received: page:movie_detail
[2025-05-20T06:58:45.603+0000] {logging_mixin.py:190} INFO - 📥 Received: page:movie_detail
[2025-05-20T06:58:45.603+0000] {logging_mixin.py:190} INFO - 📥 Received: page:movie_detail
[2025-05-20T06:58:45.603+0000] {logging_mixin.py:190} INFO - 📥 Received: page:movie_detail
[2025-05-20T06:58:45.603+0000] {logging_mixin.py:190} INFO - 📥 Received: page:movie_detail
[2025-05-20T06:58:45.603+0000] {logging_mixin.py:190} INFO - 📥 Received: page:movie_detail
[2025-05-20T06:58:45.604+0000] {logging_mixin.py:190} INFO - 📥 Received: page:movie_detail
[2025-05-20T06:58:45.604+0000] {logging_mixin.py:190} INFO - 📥 Received: page:movie_detail
[2025-05-20T06:58:45.604+0000] {logging_mixin.py:190} INFO - 📥 Received: page:movie_detail
[2025-05-20T06:58:45.604+0000] {logging_mixin.py:190} INFO - 📥 Received: page:movie_detail
[2025-05-20T06:58:45.604+0000] {logging_mixin.py:190} INFO - 📥 Received: page:main
[2025-05-20T06:58:45.604+0000] {logging_mixin.py:190} INFO - 📥 Received: page:movie_detail
[2025-05-20T06:58:45.604+0000] {logging_mixin.py:190} INFO - 📥 Received: page:movie_detail
[2025-05-20T06:58:45.605+0000] {logging_mixin.py:190} INFO - 📥 Received: page:movie_detail
[2025-05-20T06:58:45.605+0000] {logging_mixin.py:190} INFO - 📥 Received: page:movie_detail
[2025-05-20T06:58:45.605+0000] {logging_mixin.py:190} INFO - 📥 Received: page:movie_detail
[2025-05-20T06:58:45.605+0000] {logging_mixin.py:190} INFO - 📥 Received: page:movie_detail
[2025-05-20T06:58:45.605+0000] {logging_mixin.py:190} INFO - 📥 Received: page:main
[2025-05-20T06:58:45.605+0000] {logging_mixin.py:190} INFO - 📥 Received: page:movie_detail
[2025-05-20T06:58:45.605+0000] {logging_mixin.py:190} INFO - 📥 Received: page:movie_detail
[2025-05-20T06:58:45.605+0000] {logging_mixin.py:190} INFO - 📥 Received: page:main
[2025-05-20T06:58:45.606+0000] {logging_mixin.py:190} INFO - 📥 Received: page:movie_detail
[2025-05-20T06:58:45.606+0000] {logging_mixin.py:190} INFO - 📥 Received: page:movie_detail
[2025-05-20T06:58:45.606+0000] {logging_mixin.py:190} INFO - 📥 Received: page:main
[2025-05-20T06:58:45.606+0000] {logging_mixin.py:190} INFO - 📥 Received: page:movie_detail
[2025-05-20T06:58:45.606+0000] {logging_mixin.py:190} INFO - 📥 Received: page:movie_detail
[2025-05-20T06:58:45.606+0000] {logging_mixin.py:190} INFO - 📥 Received: page:movie_detail
[2025-05-20T06:58:45.606+0000] {logging_mixin.py:190} INFO - 📥 Received: page:movie_detail
[2025-05-20T06:58:45.607+0000] {logging_mixin.py:190} INFO - 📥 Received: page:movie_detail
[2025-05-20T06:58:45.607+0000] {logging_mixin.py:190} INFO - 📥 Received: page:movie_detail
[2025-05-20T06:58:45.607+0000] {logging_mixin.py:190} INFO - 📥 Received: page:movie_detail
[2025-05-20T06:58:45.607+0000] {logging_mixin.py:190} INFO - 📥 Received: page:movie_detail
[2025-05-20T06:58:45.607+0000] {logging_mixin.py:190} INFO - 📥 Received: page:movie_detail
[2025-05-20T06:58:45.607+0000] {logging_mixin.py:190} INFO - 📥 Received: page:movie_detail
[2025-05-20T06:58:45.607+0000] {logging_mixin.py:190} INFO - 📥 Received: page:main
[2025-05-20T06:58:45.607+0000] {logging_mixin.py:190} INFO - 📥 Received: page:movie_detail
[2025-05-20T06:58:45.608+0000] {logging_mixin.py:190} INFO - 📥 Received: page:movie_detail
[2025-05-20T06:58:45.608+0000] {logging_mixin.py:190} INFO - 📥 Received: page:main
[2025-05-20T06:58:45.608+0000] {logging_mixin.py:190} INFO - 📥 Received: page:movie_detail
[2025-05-20T06:58:45.608+0000] {logging_mixin.py:190} INFO - 📥 Received: page:movie_detail
[2025-05-20T06:58:45.608+0000] {logging_mixin.py:190} INFO - 📥 Received: page:movie_detail
[2025-05-20T06:58:45.608+0000] {logging_mixin.py:190} INFO - 📥 Received: page:main
[2025-05-20T06:58:45.608+0000] {logging_mixin.py:190} INFO - 📥 Received: page:movie_detail
[2025-05-20T06:58:45.608+0000] {logging_mixin.py:190} INFO - 📥 Received: page:main
[2025-05-20T06:58:45.609+0000] {logging_mixin.py:190} INFO - 📥 Received: page:movie_detail
[2025-05-20T06:58:45.609+0000] {logging_mixin.py:190} INFO - 📥 Received: page:movie_detail
[2025-05-20T06:58:45.609+0000] {logging_mixin.py:190} INFO - 📥 Received: page:movie_detail
[2025-05-20T06:58:45.609+0000] {logging_mixin.py:190} INFO - 📥 Received: page:main
[2025-05-20T06:58:45.609+0000] {logging_mixin.py:190} INFO - 📥 Received: page:movie_detail
[2025-05-20T06:58:45.609+0000] {logging_mixin.py:190} INFO - 📥 Received: page:movie_detail
[2025-05-20T06:58:45.609+0000] {logging_mixin.py:190} INFO - 📥 Received: page:main
[2025-05-20T06:58:45.610+0000] {logging_mixin.py:190} INFO - 📥 Received: page:movie_detail
[2025-05-20T06:58:45.610+0000] {logging_mixin.py:190} INFO - 📥 Received: page:main
[2025-05-20T06:58:45.610+0000] {logging_mixin.py:190} INFO - 📥 Received: page:main
[2025-05-20T06:58:45.610+0000] {logging_mixin.py:190} INFO - 📥 Received: page:movie_detail
[2025-05-20T06:58:45.610+0000] {logging_mixin.py:190} INFO - 📥 Received: page:main
[2025-05-20T06:58:45.610+0000] {logging_mixin.py:190} INFO - 📥 Received: page:movie_detail
[2025-05-20T06:58:45.610+0000] {logging_mixin.py:190} INFO - 📥 Received: page:movie_detail
[2025-05-20T06:58:45.610+0000] {logging_mixin.py:190} INFO - 📥 Received: page:movie_detail
[2025-05-20T06:58:45.611+0000] {logging_mixin.py:190} INFO - 📥 Received: page:movie_detail
[2025-05-20T06:58:45.611+0000] {logging_mixin.py:190} INFO - 📥 Received: page:movie_detail
[2025-05-20T06:58:45.611+0000] {logging_mixin.py:190} INFO - 📥 Received: page:movie_detail
[2025-05-20T06:58:45.611+0000] {logging_mixin.py:190} INFO - 📥 Received: page:movie_detail
[2025-05-20T06:58:45.611+0000] {logging_mixin.py:190} INFO - 📥 Received: page:movie_detail
[2025-05-20T06:58:45.611+0000] {logging_mixin.py:190} INFO - 📥 Received: page:movie_detail
[2025-05-20T06:58:45.611+0000] {logging_mixin.py:190} INFO - 📥 Received: page:movie_detail
[2025-05-20T06:58:45.611+0000] {logging_mixin.py:190} INFO - 📥 Received: page:movie_detail
[2025-05-20T06:58:45.612+0000] {logging_mixin.py:190} INFO - 📥 Received: page:movie_detail
[2025-05-20T06:58:45.612+0000] {logging_mixin.py:190} INFO - 📥 Received: page:movie_detail
[2025-05-20T06:58:45.612+0000] {logging_mixin.py:190} INFO - 📥 Received: page:main
[2025-05-20T06:58:45.612+0000] {logging_mixin.py:190} INFO - 📥 Received: page:movie_detail
[2025-05-20T06:58:45.612+0000] {logging_mixin.py:190} INFO - 📥 Received: page:movie_detail
[2025-05-20T06:58:45.612+0000] {logging_mixin.py:190} INFO - 📥 Received: page:movie_detail
[2025-05-20T06:58:45.612+0000] {logging_mixin.py:190} INFO - 📥 Received: page:movie_detail
[2025-05-20T06:58:45.612+0000] {logging_mixin.py:190} INFO - 📥 Received: page:movie_detail
[2025-05-20T06:58:45.613+0000] {logging_mixin.py:190} INFO - 📥 Received: page:movie_detail
[2025-05-20T06:58:45.613+0000] {logging_mixin.py:190} INFO - 📥 Received: page:movie_detail
[2025-05-20T06:58:45.613+0000] {logging_mixin.py:190} INFO - 📥 Received: page:movie_detail
[2025-05-20T06:58:45.613+0000] {logging_mixin.py:190} INFO - 📥 Received: page:main
[2025-05-20T06:58:45.613+0000] {logging_mixin.py:190} INFO - 📥 Received: page:main
[2025-05-20T06:58:45.613+0000] {logging_mixin.py:190} INFO - 📥 Received: page:main
[2025-05-20T06:58:45.613+0000] {logging_mixin.py:190} INFO - 📥 Received: page:movie_detail
[2025-05-20T06:58:45.613+0000] {logging_mixin.py:190} INFO - 📥 Received: page:movie_detail
[2025-05-20T06:58:45.614+0000] {logging_mixin.py:190} INFO - 📥 Received: page:movie_detail
[2025-05-20T06:58:45.614+0000] {logging_mixin.py:190} INFO - 📥 Received: page:movie_detail
[2025-05-20T06:58:45.614+0000] {logging_mixin.py:190} INFO - 📥 Received: page:movie_detail
[2025-05-20T06:58:45.614+0000] {logging_mixin.py:190} INFO - 📥 Received: page:movie_detail
[2025-05-20T06:58:45.614+0000] {logging_mixin.py:190} INFO - 📥 Received: page:movie_detail
[2025-05-20T06:58:45.614+0000] {logging_mixin.py:190} INFO - 📥 Received: page:movie_detail
[2025-05-20T06:58:45.614+0000] {logging_mixin.py:190} INFO - 📥 Received: page:movie_detail
[2025-05-20T06:58:45.614+0000] {logging_mixin.py:190} INFO - 📥 Received: page:movie_detail
[2025-05-20T06:58:45.615+0000] {logging_mixin.py:190} INFO - 📥 Received: page:main
[2025-05-20T06:58:45.615+0000] {logging_mixin.py:190} INFO - 📥 Received: page:movie_detail
[2025-05-20T06:58:45.615+0000] {logging_mixin.py:190} INFO - 📥 Received: page:main
[2025-05-20T06:58:45.615+0000] {logging_mixin.py:190} INFO - 📥 Received: page:movie_detail
[2025-05-20T06:58:45.615+0000] {logging_mixin.py:190} INFO - 📥 Received: page:movie_detail
[2025-05-20T06:58:45.615+0000] {logging_mixin.py:190} INFO - 📥 Received: page:movie_detail
[2025-05-20T06:58:45.615+0000] {logging_mixin.py:190} INFO - 📥 Received: page:main
[2025-05-20T06:58:45.615+0000] {logging_mixin.py:190} INFO - 📥 Received: page:movie_detail
[2025-05-20T06:58:45.615+0000] {logging_mixin.py:190} INFO - 📥 Received: page:movie_detail
[2025-05-20T06:58:45.616+0000] {logging_mixin.py:190} INFO - 📥 Received: page:movie_detail
[2025-05-20T06:58:45.616+0000] {logging_mixin.py:190} INFO - 📥 Received: page:movie_detail
[2025-05-20T06:58:45.616+0000] {logging_mixin.py:190} INFO - 📥 Received: page:main
[2025-05-20T06:58:45.616+0000] {logging_mixin.py:190} INFO - 📥 Received: page:movie_detail
[2025-05-20T06:58:45.616+0000] {logging_mixin.py:190} INFO - 📥 Received: page:movie_detail
[2025-05-20T06:58:45.616+0000] {logging_mixin.py:190} INFO - 📥 Received: page:movie_detail
[2025-05-20T06:58:45.616+0000] {logging_mixin.py:190} INFO - 📥 Received: page:movie_detail
[2025-05-20T06:58:45.616+0000] {logging_mixin.py:190} INFO - 📥 Received: page:movie_detail
[2025-05-20T06:58:45.617+0000] {logging_mixin.py:190} INFO - 📥 Received: page:movie_detail
[2025-05-20T06:58:45.617+0000] {logging_mixin.py:190} INFO - 📥 Received: page:movie_detail
[2025-05-20T06:58:45.617+0000] {logging_mixin.py:190} INFO - 📥 Received: page:movie_detail
[2025-05-20T06:58:45.617+0000] {logging_mixin.py:190} INFO - 📥 Received: page:main
[2025-05-20T06:58:45.617+0000] {logging_mixin.py:190} INFO - 📥 Received: page:movie_detail
[2025-05-20T06:58:45.617+0000] {logging_mixin.py:190} INFO - 📥 Received: page:main
[2025-05-20T06:58:45.617+0000] {logging_mixin.py:190} INFO - 📥 Received: page:main
[2025-05-20T06:58:45.617+0000] {logging_mixin.py:190} INFO - 📥 Received: page:movie_detail
[2025-05-20T06:58:45.618+0000] {logging_mixin.py:190} INFO - 📥 Received: page:movie_detail
[2025-05-20T06:58:45.618+0000] {logging_mixin.py:190} INFO - 📥 Received: page:main
[2025-05-20T06:58:45.618+0000] {logging_mixin.py:190} INFO - 📥 Received: page:movie_detail
[2025-05-20T06:58:45.618+0000] {logging_mixin.py:190} INFO - 📥 Received: page:movie_detail
[2025-05-20T06:58:45.618+0000] {logging_mixin.py:190} INFO - 📥 Received: page:movie_detail
[2025-05-20T06:58:45.618+0000] {logging_mixin.py:190} INFO - 📥 Received: page:movie_detail
[2025-05-20T06:58:45.618+0000] {logging_mixin.py:190} INFO - 📥 Received: page:movie_detail
[2025-05-20T06:58:45.618+0000] {logging_mixin.py:190} INFO - 📥 Received: page:movie_detail
[2025-05-20T06:58:45.619+0000] {logging_mixin.py:190} INFO - 📥 Received: page:movie_detail
[2025-05-20T06:58:45.619+0000] {logging_mixin.py:190} INFO - 📥 Received: page:movie_detail
[2025-05-20T06:58:45.619+0000] {logging_mixin.py:190} INFO - 📥 Received: page:main
[2025-05-20T06:58:45.619+0000] {logging_mixin.py:190} INFO - 📥 Received: page:movie_detail
[2025-05-20T06:58:45.619+0000] {logging_mixin.py:190} INFO - 📥 Received: page:movie_detail
[2025-05-20T06:58:45.619+0000] {logging_mixin.py:190} INFO - 📥 Received: page:movie_detail
[2025-05-20T06:58:45.619+0000] {logging_mixin.py:190} INFO - 📥 Received: page:movie_detail
[2025-05-20T06:58:45.619+0000] {logging_mixin.py:190} INFO - 📥 Received: page:movie_detail
[2025-05-20T06:58:45.620+0000] {logging_mixin.py:190} INFO - 📥 Received: page:movie_detail
[2025-05-20T06:58:45.620+0000] {logging_mixin.py:190} INFO - 📥 Received: page:movie_detail
[2025-05-20T06:58:45.620+0000] {logging_mixin.py:190} INFO - 📥 Received: page:movie_detail
[2025-05-20T06:58:45.620+0000] {logging_mixin.py:190} INFO - 📥 Received: page:movie_detail
[2025-05-20T06:58:45.620+0000] {logging_mixin.py:190} INFO - 📥 Received: page:movie_detail
[2025-05-20T06:58:45.620+0000] {logging_mixin.py:190} INFO - 📥 Received: page:main
[2025-05-20T06:58:45.620+0000] {logging_mixin.py:190} INFO - 📥 Received: page:main
[2025-05-20T06:58:45.620+0000] {logging_mixin.py:190} INFO - 📥 Received: page:main
[2025-05-20T06:58:45.620+0000] {logging_mixin.py:190} INFO - 📥 Received: page:movie_detail
[2025-05-20T06:58:45.621+0000] {logging_mixin.py:190} INFO - 📥 Received: page:main
[2025-05-20T06:58:45.621+0000] {logging_mixin.py:190} INFO - 📥 Received: page:main
[2025-05-20T06:58:45.621+0000] {logging_mixin.py:190} INFO - 📥 Received: page:movie_detail
[2025-05-20T06:58:45.621+0000] {logging_mixin.py:190} INFO - 📥 Received: page:main
[2025-05-20T06:58:45.621+0000] {logging_mixin.py:190} INFO - 📥 Received: page:movie_detail
[2025-05-20T06:58:45.621+0000] {logging_mixin.py:190} INFO - 📥 Received: page:movie_detail
[2025-05-20T06:58:45.621+0000] {logging_mixin.py:190} INFO - 📥 Received: page:movie_detail
[2025-05-20T06:58:45.621+0000] {logging_mixin.py:190} INFO - 📥 Received: page:main
[2025-05-20T06:58:45.622+0000] {logging_mixin.py:190} INFO - 📥 Received: page:movie_detail
[2025-05-20T06:58:45.622+0000] {logging_mixin.py:190} INFO - 📥 Received: page:main
[2025-05-20T06:58:45.622+0000] {logging_mixin.py:190} INFO - 📥 Received: page:movie_detail
[2025-05-20T06:58:45.622+0000] {logging_mixin.py:190} INFO - 📥 Received: page:movie_detail
[2025-05-20T06:58:45.622+0000] {logging_mixin.py:190} INFO - 📥 Received: page:movie_detail
[2025-05-20T06:58:45.622+0000] {logging_mixin.py:190} INFO - 📥 Received: page:movie_detail
[2025-05-20T06:58:45.622+0000] {logging_mixin.py:190} INFO - 📥 Received: page:movie_detail
[2025-05-20T06:58:45.622+0000] {logging_mixin.py:190} INFO - 📥 Received: page:movie_detail
[2025-05-20T06:58:45.622+0000] {logging_mixin.py:190} INFO - 📥 Received: page:main
[2025-05-20T06:58:45.623+0000] {logging_mixin.py:190} INFO - 📥 Received: page:movie_detail
[2025-05-20T06:58:45.623+0000] {logging_mixin.py:190} INFO - 📥 Received: page:movie_detail
[2025-05-20T06:58:45.623+0000] {logging_mixin.py:190} INFO - 📥 Received: page:movie_detail
[2025-05-20T06:58:45.623+0000] {logging_mixin.py:190} INFO - 📥 Received: page:movie_detail
[2025-05-20T06:58:45.623+0000] {logging_mixin.py:190} INFO - 📥 Received: page:movie_detail
[2025-05-20T06:58:45.623+0000] {logging_mixin.py:190} INFO - 📥 Received: page:movie_detail
[2025-05-20T06:58:45.623+0000] {logging_mixin.py:190} INFO - 📥 Received: page:movie_detail
[2025-05-20T06:58:45.623+0000] {logging_mixin.py:190} INFO - 📥 Received: page:movie_detail
[2025-05-20T06:58:45.624+0000] {logging_mixin.py:190} INFO - 📥 Received: page:movie_detail
[2025-05-20T06:58:45.624+0000] {logging_mixin.py:190} INFO - 📥 Received: page:main
[2025-05-20T06:58:45.624+0000] {logging_mixin.py:190} INFO - 📥 Received: page:movie_detail
[2025-05-20T06:58:45.624+0000] {logging_mixin.py:190} INFO - 📥 Received: page:movie_detail
[2025-05-20T06:58:45.624+0000] {logging_mixin.py:190} INFO - 📥 Received: page:movie_detail
[2025-05-20T06:58:45.624+0000] {logging_mixin.py:190} INFO - 📥 Received: page:movie_detail
[2025-05-20T06:58:45.624+0000] {logging_mixin.py:190} INFO - 📥 Received: page:main
[2025-05-20T06:58:45.624+0000] {logging_mixin.py:190} INFO - 📥 Received: page:movie_detail
[2025-05-20T06:58:45.625+0000] {logging_mixin.py:190} INFO - 📥 Received: page:movie_detail
[2025-05-20T06:58:45.625+0000] {logging_mixin.py:190} INFO - 📥 Received: page:movie_detail
[2025-05-20T06:58:45.625+0000] {logging_mixin.py:190} INFO - 📥 Received: page:movie_detail
[2025-05-20T06:58:45.625+0000] {logging_mixin.py:190} INFO - 📥 Received: page:movie_detail
[2025-05-20T06:58:45.625+0000] {logging_mixin.py:190} INFO - 📥 Received: page:movie_detail
[2025-05-20T06:58:45.625+0000] {logging_mixin.py:190} INFO - 📥 Received: page:movie_detail
[2025-05-20T06:58:45.625+0000] {logging_mixin.py:190} INFO - 📥 Received: page:movie_detail
[2025-05-20T06:58:45.625+0000] {logging_mixin.py:190} INFO - 📥 Received: page:main
[2025-05-20T06:58:45.625+0000] {logging_mixin.py:190} INFO - 📥 Received: page:movie_detail
[2025-05-20T06:58:45.626+0000] {logging_mixin.py:190} INFO - 📥 Received: page:movie_detail
[2025-05-20T06:58:45.626+0000] {logging_mixin.py:190} INFO - 📥 Received: page:main
[2025-05-20T06:58:45.626+0000] {logging_mixin.py:190} INFO - 📥 Received: page:movie_detail
[2025-05-20T06:58:45.626+0000] {logging_mixin.py:190} INFO - 📥 Received: page:movie_detail
[2025-05-20T06:58:45.626+0000] {logging_mixin.py:190} INFO - 📥 Received: page:movie_detail
[2025-05-20T06:58:45.626+0000] {logging_mixin.py:190} INFO - 📥 Received: page:movie_detail
[2025-05-20T06:58:45.626+0000] {logging_mixin.py:190} INFO - 📥 Received: page:movie_detail
[2025-05-20T06:58:45.626+0000] {logging_mixin.py:190} INFO - 📥 Received: page:movie_detail
[2025-05-20T06:58:45.626+0000] {logging_mixin.py:190} INFO - 📥 Received: page:main
[2025-05-20T06:58:45.627+0000] {logging_mixin.py:190} INFO - 📥 Received: page:main
[2025-05-20T06:58:45.627+0000] {logging_mixin.py:190} INFO - 📥 Received: page:movie_detail
[2025-05-20T06:58:45.627+0000] {logging_mixin.py:190} INFO - 📥 Received: page:movie_detail
[2025-05-20T06:58:45.627+0000] {logging_mixin.py:190} INFO - 📥 Received: page:movie_detail
[2025-05-20T06:58:45.627+0000] {logging_mixin.py:190} INFO - 📥 Received: page:movie_detail
[2025-05-20T06:58:45.627+0000] {logging_mixin.py:190} INFO - 📥 Received: page:movie_detail
[2025-05-20T06:58:45.627+0000] {logging_mixin.py:190} INFO - 📥 Received: page:movie_detail
[2025-05-20T06:58:45.627+0000] {logging_mixin.py:190} INFO - 📥 Received: page:movie_detail
[2025-05-20T06:58:45.627+0000] {logging_mixin.py:190} INFO - 📥 Received: page:movie_detail
[2025-05-20T06:58:45.628+0000] {logging_mixin.py:190} INFO - 📥 Received: page:main
[2025-05-20T06:58:45.628+0000] {logging_mixin.py:190} INFO - 📥 Received: page:movie_detail
[2025-05-20T06:58:45.628+0000] {logging_mixin.py:190} INFO - 📥 Received: page:movie_detail
[2025-05-20T06:58:45.628+0000] {logging_mixin.py:190} INFO - 📥 Received: page:main
[2025-05-20T06:58:45.628+0000] {logging_mixin.py:190} INFO - 📥 Received: page:movie_detail
[2025-05-20T06:58:45.628+0000] {logging_mixin.py:190} INFO - 📥 Received: page:movie_detail
[2025-05-20T06:58:45.628+0000] {logging_mixin.py:190} INFO - 📥 Received: page:movie_detail
[2025-05-20T06:58:45.628+0000] {logging_mixin.py:190} INFO - 📥 Received: page:movie_detail
[2025-05-20T06:58:45.628+0000] {logging_mixin.py:190} INFO - 📥 Received: page:movie_detail
[2025-05-20T06:58:45.629+0000] {logging_mixin.py:190} INFO - 📥 Received: page:movie_detail
[2025-05-20T06:58:45.629+0000] {logging_mixin.py:190} INFO - 📥 Received: page:movie_detail
[2025-05-20T06:58:45.629+0000] {logging_mixin.py:190} INFO - 📥 Received: page:movie_detail
[2025-05-20T06:58:45.629+0000] {logging_mixin.py:190} INFO - 📥 Received: page:movie_detail
[2025-05-20T06:58:45.629+0000] {logging_mixin.py:190} INFO - 📥 Received: page:movie_detail
[2025-05-20T06:58:45.629+0000] {logging_mixin.py:190} INFO - 📥 Received: page:movie_detail
[2025-05-20T06:58:45.629+0000] {logging_mixin.py:190} INFO - 📥 Received: page:movie_detail
[2025-05-20T06:58:45.629+0000] {logging_mixin.py:190} INFO - 📥 Received: page:movie_detail
[2025-05-20T06:58:45.629+0000] {logging_mixin.py:190} INFO - 📥 Received: page:movie_detail
[2025-05-20T06:58:45.630+0000] {logging_mixin.py:190} INFO - 📥 Received: page:movie_detail
[2025-05-20T06:58:45.630+0000] {logging_mixin.py:190} INFO - 📥 Received: page:movie_detail
[2025-05-20T06:58:45.630+0000] {logging_mixin.py:190} INFO - 📥 Received: page:movie_detail
[2025-05-20T06:58:45.630+0000] {logging_mixin.py:190} INFO - 📥 Received: page:movie_detail
[2025-05-20T06:58:45.630+0000] {logging_mixin.py:190} INFO - 📥 Received: page:movie_detail
[2025-05-20T06:58:45.630+0000] {logging_mixin.py:190} INFO - 📥 Received: page:main
[2025-05-20T06:58:45.630+0000] {logging_mixin.py:190} INFO - 📥 Received: page:movie_detail
[2025-05-20T06:58:45.630+0000] {logging_mixin.py:190} INFO - 📥 Received: page:movie_detail
[2025-05-20T06:58:45.631+0000] {logging_mixin.py:190} INFO - 📥 Received: page:movie_detail
[2025-05-20T06:58:45.631+0000] {logging_mixin.py:190} INFO - 📥 Received: page:movie_detail
[2025-05-20T06:58:45.631+0000] {logging_mixin.py:190} INFO - 📥 Received: page:movie_detail
[2025-05-20T06:58:45.631+0000] {logging_mixin.py:190} INFO - 📥 Received: page:movie_detail
[2025-05-20T06:58:45.631+0000] {logging_mixin.py:190} INFO - 📥 Received: page:movie_detail
[2025-05-20T06:58:45.631+0000] {logging_mixin.py:190} INFO - 📥 Received: page:movie_detail
[2025-05-20T06:58:45.631+0000] {logging_mixin.py:190} INFO - 📥 Received: page:movie_detail
[2025-05-20T06:58:45.631+0000] {logging_mixin.py:190} INFO - 📥 Received: page:movie_detail
[2025-05-20T06:58:45.631+0000] {logging_mixin.py:190} INFO - 📥 Received: page:movie_detail
[2025-05-20T06:58:45.632+0000] {logging_mixin.py:190} INFO - 📥 Received: page:movie_detail
[2025-05-20T06:58:45.632+0000] {logging_mixin.py:190} INFO - 📥 Received: page:movie_detail
[2025-05-20T06:58:45.632+0000] {logging_mixin.py:190} INFO - 📥 Received: page:main
[2025-05-20T06:58:45.632+0000] {logging_mixin.py:190} INFO - 📥 Received: page:movie_detail
[2025-05-20T06:58:45.632+0000] {logging_mixin.py:190} INFO - 📥 Received: page:movie_detail
[2025-05-20T06:58:45.632+0000] {logging_mixin.py:190} INFO - 📥 Received: page:movie_detail
[2025-05-20T06:58:45.632+0000] {logging_mixin.py:190} INFO - 📥 Received: page:movie_detail
[2025-05-20T06:58:45.632+0000] {logging_mixin.py:190} INFO - 📥 Received: page:movie_detail
[2025-05-20T06:58:45.632+0000] {logging_mixin.py:190} INFO - 📥 Received: page:movie_detail
[2025-05-20T06:58:45.633+0000] {logging_mixin.py:190} INFO - 📥 Received: page:movie_detail
[2025-05-20T06:58:45.633+0000] {logging_mixin.py:190} INFO - 📥 Received: page:movie_detail
[2025-05-20T06:58:45.633+0000] {logging_mixin.py:190} INFO - 📥 Received: page:main
[2025-05-20T06:58:45.633+0000] {logging_mixin.py:190} INFO - 📥 Received: page:main
[2025-05-20T06:58:45.633+0000] {logging_mixin.py:190} INFO - 📥 Received: page:movie_detail
[2025-05-20T06:58:45.633+0000] {logging_mixin.py:190} INFO - 📥 Received: page:movie_detail
[2025-05-20T06:58:45.633+0000] {logging_mixin.py:190} INFO - 📥 Received: page:main
[2025-05-20T06:58:45.633+0000] {logging_mixin.py:190} INFO - 📥 Received: page:main
[2025-05-20T06:58:45.634+0000] {logging_mixin.py:190} INFO - 📥 Received: page:movie_detail
[2025-05-20T06:58:45.634+0000] {logging_mixin.py:190} INFO - 📥 Received: page:main
[2025-05-20T06:58:45.634+0000] {logging_mixin.py:190} INFO - 📥 Received: page:movie_detail
[2025-05-20T06:58:45.634+0000] {logging_mixin.py:190} INFO - 📥 Received: page:movie_detail
[2025-05-20T06:58:45.634+0000] {logging_mixin.py:190} INFO - 📥 Received: page:movie_detail
[2025-05-20T06:58:45.634+0000] {logging_mixin.py:190} INFO - 📥 Received: page:main
[2025-05-20T06:58:45.634+0000] {logging_mixin.py:190} INFO - 📥 Received: page:main
[2025-05-20T06:58:45.634+0000] {logging_mixin.py:190} INFO - 📥 Received: page:movie_detail
[2025-05-20T06:58:45.634+0000] {logging_mixin.py:190} INFO - 📥 Received: page:movie_detail
[2025-05-20T06:58:45.635+0000] {logging_mixin.py:190} INFO - 📥 Received: page:main
[2025-05-20T06:58:45.635+0000] {logging_mixin.py:190} INFO - 📥 Received: page:main
[2025-05-20T06:58:45.635+0000] {logging_mixin.py:190} INFO - 📥 Received: page:main
[2025-05-20T06:58:45.635+0000] {logging_mixin.py:190} INFO - 📥 Received: page:movie_detail
[2025-05-20T06:58:45.635+0000] {logging_mixin.py:190} INFO - 📥 Received: page:movie_detail
[2025-05-20T06:58:45.635+0000] {logging_mixin.py:190} INFO - 📥 Received: page:main
[2025-05-20T06:58:45.635+0000] {logging_mixin.py:190} INFO - 📥 Received: page:movie_detail
[2025-05-20T06:58:45.635+0000] {logging_mixin.py:190} INFO - 📥 Received: page:movie_detail
[2025-05-20T06:58:45.635+0000] {logging_mixin.py:190} INFO - 📥 Received: page:movie_detail
[2025-05-20T06:58:45.636+0000] {logging_mixin.py:190} INFO - 📥 Received: page:main
[2025-05-20T06:58:45.636+0000] {logging_mixin.py:190} INFO - 📥 Received: page:main
[2025-05-20T06:58:45.636+0000] {logging_mixin.py:190} INFO - 📥 Received: page:main
[2025-05-20T06:58:45.636+0000] {logging_mixin.py:190} INFO - 📥 Received: page:main
[2025-05-20T06:58:45.636+0000] {logging_mixin.py:190} INFO - 📥 Received: page:movie_detail
[2025-05-20T06:58:45.636+0000] {logging_mixin.py:190} INFO - 📥 Received: page:movie_detail
[2025-05-20T06:58:45.636+0000] {logging_mixin.py:190} INFO - 📥 Received: page:movie_detail
[2025-05-20T06:58:45.636+0000] {logging_mixin.py:190} INFO - 📥 Received: page:movie_detail
[2025-05-20T06:58:45.636+0000] {logging_mixin.py:190} INFO - 📥 Received: page:movie_detail
[2025-05-20T06:58:45.636+0000] {logging_mixin.py:190} INFO - 📥 Received: page:movie_detail
[2025-05-20T06:58:45.637+0000] {logging_mixin.py:190} INFO - 📥 Received: page:main
[2025-05-20T06:58:45.637+0000] {logging_mixin.py:190} INFO - 📥 Received: page:main
[2025-05-20T06:58:45.637+0000] {logging_mixin.py:190} INFO - 📥 Received: page:main
[2025-05-20T06:58:45.637+0000] {logging_mixin.py:190} INFO - 📥 Received: page:movie_detail
[2025-05-20T06:58:45.637+0000] {logging_mixin.py:190} INFO - 📥 Received: page:movie_detail
[2025-05-20T06:58:45.637+0000] {logging_mixin.py:190} INFO - 📥 Received: page:movie_detail
[2025-05-20T06:58:45.637+0000] {logging_mixin.py:190} INFO - 📥 Received: page:main
[2025-05-20T06:58:45.637+0000] {logging_mixin.py:190} INFO - 📥 Received: page:movie_detail
[2025-05-20T06:58:45.637+0000] {logging_mixin.py:190} INFO - 📥 Received: page:movie_detail
[2025-05-20T06:58:45.638+0000] {logging_mixin.py:190} INFO - 📥 Received: page:main
[2025-05-20T06:58:45.638+0000] {logging_mixin.py:190} INFO - 📥 Received: page:main
[2025-05-20T06:58:45.638+0000] {logging_mixin.py:190} INFO - 📥 Received: page:movie_detail
[2025-05-20T06:58:45.638+0000] {logging_mixin.py:190} INFO - 📥 Received: page:movie_detail
[2025-05-20T06:58:45.638+0000] {logging_mixin.py:190} INFO - 📥 Received: page:movie_detail
[2025-05-20T06:58:45.638+0000] {logging_mixin.py:190} INFO - 📥 Received: page:movie_detail
[2025-05-20T06:58:45.638+0000] {logging_mixin.py:190} INFO - 📥 Received: page:movie_detail
[2025-05-20T06:58:45.638+0000] {logging_mixin.py:190} INFO - 📥 Received: page:main
[2025-05-20T06:58:45.638+0000] {logging_mixin.py:190} INFO - 📥 Received: page:movie_detail
[2025-05-20T06:58:45.639+0000] {logging_mixin.py:190} INFO - 📥 Received: page:movie_detail
[2025-05-20T06:58:45.639+0000] {logging_mixin.py:190} INFO - 📥 Received: page:movie_detail
[2025-05-20T06:58:45.639+0000] {logging_mixin.py:190} INFO - 📥 Received: page:movie_detail
[2025-05-20T06:58:45.639+0000] {logging_mixin.py:190} INFO - 📥 Received: page:movie_detail
[2025-05-20T06:58:45.639+0000] {logging_mixin.py:190} INFO - 📥 Received: page:movie_detail
[2025-05-20T06:58:45.639+0000] {logging_mixin.py:190} INFO - 📥 Received: page:movie_detail
[2025-05-20T06:58:45.639+0000] {logging_mixin.py:190} INFO - 📥 Received: page:movie_detail
[2025-05-20T06:58:45.639+0000] {logging_mixin.py:190} INFO - 📥 Received: page:movie_detail
[2025-05-20T06:58:45.640+0000] {logging_mixin.py:190} INFO - 📥 Received: page:main
[2025-05-20T06:58:45.640+0000] {logging_mixin.py:190} INFO - 📥 Received: page:movie_detail
[2025-05-20T06:58:45.640+0000] {logging_mixin.py:190} INFO - 📥 Received: page:movie_detail
[2025-05-20T06:58:45.640+0000] {logging_mixin.py:190} INFO - 📥 Received: page:main
[2025-05-20T06:58:45.640+0000] {logging_mixin.py:190} INFO - 📥 Received: page:movie_detail
[2025-05-20T06:58:45.640+0000] {logging_mixin.py:190} INFO - 📥 Received: page:movie_detail
[2025-05-20T06:58:45.640+0000] {logging_mixin.py:190} INFO - 📥 Received: page:main
[2025-05-20T06:58:45.640+0000] {logging_mixin.py:190} INFO - 📥 Received: page:movie_detail
[2025-05-20T06:58:45.641+0000] {logging_mixin.py:190} INFO - 📥 Received: page:main
[2025-05-20T06:58:45.641+0000] {logging_mixin.py:190} INFO - 📥 Received: page:main
[2025-05-20T06:58:45.641+0000] {logging_mixin.py:190} INFO - 📥 Received: page:main
[2025-05-20T06:58:45.641+0000] {logging_mixin.py:190} INFO - 📥 Received: page:movie_detail
[2025-05-20T06:58:45.641+0000] {logging_mixin.py:190} INFO - 📥 Received: page:movie_detail
[2025-05-20T06:58:45.641+0000] {logging_mixin.py:190} INFO - 📥 Received: page:movie_detail
[2025-05-20T06:58:45.641+0000] {logging_mixin.py:190} INFO - 📥 Received: page:movie_detail
[2025-05-20T06:58:45.641+0000] {logging_mixin.py:190} INFO - 📥 Received: page:main
[2025-05-20T06:58:45.641+0000] {logging_mixin.py:190} INFO - 📥 Received: page:movie_detail
[2025-05-20T06:58:45.642+0000] {logging_mixin.py:190} INFO - 📥 Received: page:movie_detail
[2025-05-20T06:58:45.642+0000] {logging_mixin.py:190} INFO - 📥 Received: page:movie_detail
[2025-05-20T06:58:45.642+0000] {logging_mixin.py:190} INFO - 📥 Received: page:movie_detail
[2025-05-20T06:58:45.642+0000] {logging_mixin.py:190} INFO - 📥 Received: page:movie_detail
[2025-05-20T06:58:45.642+0000] {logging_mixin.py:190} INFO - 📥 Received: page:movie_detail
[2025-05-20T06:58:45.642+0000] {logging_mixin.py:190} INFO - 📥 Received: page:movie_detail
[2025-05-20T06:58:45.642+0000] {logging_mixin.py:190} INFO - 📥 Received: page:movie_detail
[2025-05-20T06:58:45.642+0000] {logging_mixin.py:190} INFO - 📥 Received: page:movie_detail
[2025-05-20T06:58:45.643+0000] {logging_mixin.py:190} INFO - 📥 Received: page:movie_detail
[2025-05-20T06:58:45.643+0000] {logging_mixin.py:190} INFO - 📥 Received: page:movie_detail
[2025-05-20T06:58:45.643+0000] {logging_mixin.py:190} INFO - 📥 Received: page:movie_detail
[2025-05-20T06:58:45.643+0000] {logging_mixin.py:190} INFO - 📥 Received: page:movie_detail
[2025-05-20T06:58:45.643+0000] {logging_mixin.py:190} INFO - 📥 Received: page:movie_detail
[2025-05-20T06:58:45.643+0000] {logging_mixin.py:190} INFO - 📥 Received: page:main
[2025-05-20T06:58:45.643+0000] {logging_mixin.py:190} INFO - 📥 Received: page:movie_detail
[2025-05-20T06:58:45.643+0000] {logging_mixin.py:190} INFO - 📥 Received: page:movie_detail
[2025-05-20T06:58:45.643+0000] {logging_mixin.py:190} INFO - 📥 Received: page:main
[2025-05-20T06:58:45.644+0000] {logging_mixin.py:190} INFO - 📥 Received: page:main
[2025-05-20T06:58:45.644+0000] {logging_mixin.py:190} INFO - 📥 Received: page:main
[2025-05-20T06:58:45.644+0000] {logging_mixin.py:190} INFO - 📥 Received: page:movie_detail
[2025-05-20T06:58:45.644+0000] {logging_mixin.py:190} INFO - 📥 Received: page:movie_detail
[2025-05-20T06:58:45.644+0000] {logging_mixin.py:190} INFO - 📥 Received: page:main
[2025-05-20T06:58:45.644+0000] {logging_mixin.py:190} INFO - 📥 Received: page:movie_detail
[2025-05-20T06:58:45.644+0000] {logging_mixin.py:190} INFO - 📥 Received: page:main
[2025-05-20T06:58:45.644+0000] {logging_mixin.py:190} INFO - 📥 Received: page:movie_detail
[2025-05-20T06:58:45.645+0000] {logging_mixin.py:190} INFO - 📥 Received: page:main
[2025-05-20T06:58:45.645+0000] {logging_mixin.py:190} INFO - 📥 Received: page:movie_detail
[2025-05-20T06:58:45.645+0000] {logging_mixin.py:190} INFO - 📥 Received: page:movie_detail
[2025-05-20T06:58:45.645+0000] {logging_mixin.py:190} INFO - 📥 Received: page:movie_detail
[2025-05-20T06:58:45.645+0000] {logging_mixin.py:190} INFO - 📥 Received: page:movie_detail
[2025-05-20T06:58:45.645+0000] {logging_mixin.py:190} INFO - 📥 Received: page:main
[2025-05-20T06:58:45.645+0000] {logging_mixin.py:190} INFO - 📥 Received: page:movie_detail
[2025-05-20T06:58:45.645+0000] {logging_mixin.py:190} INFO - 📥 Received: page:movie_detail
[2025-05-20T06:58:45.646+0000] {logging_mixin.py:190} INFO - 📥 Received: page:movie_detail
[2025-05-20T06:58:45.646+0000] {logging_mixin.py:190} INFO - 📥 Received: page:main
[2025-05-20T06:58:45.646+0000] {logging_mixin.py:190} INFO - 📥 Received: page:movie_detail
[2025-05-20T06:58:45.646+0000] {logging_mixin.py:190} INFO - 📥 Received: page:movie_detail
[2025-05-20T06:58:45.646+0000] {logging_mixin.py:190} INFO - 📥 Received: page:movie_detail
[2025-05-20T06:58:45.646+0000] {logging_mixin.py:190} INFO - 📥 Received: page:movie_detail
[2025-05-20T06:58:45.646+0000] {logging_mixin.py:190} INFO - 📥 Received: page:movie_detail
[2025-05-20T06:58:45.646+0000] {logging_mixin.py:190} INFO - 📥 Received: page:movie_detail
[2025-05-20T06:58:45.647+0000] {logging_mixin.py:190} INFO - 📥 Received: page:movie_detail
[2025-05-20T06:58:45.647+0000] {logging_mixin.py:190} INFO - 📥 Received: page:main
[2025-05-20T06:58:45.647+0000] {logging_mixin.py:190} INFO - 📥 Received: page:main
[2025-05-20T06:58:45.647+0000] {logging_mixin.py:190} INFO - 📥 Received: page:movie_detail
[2025-05-20T06:58:45.647+0000] {logging_mixin.py:190} INFO - 📥 Received: page:main
[2025-05-20T06:58:45.647+0000] {logging_mixin.py:190} INFO - 📥 Received: page:movie_detail
[2025-05-20T06:58:45.647+0000] {logging_mixin.py:190} INFO - 📥 Received: page:movie_detail
[2025-05-20T06:58:45.647+0000] {logging_mixin.py:190} INFO - 📥 Received: page:main
[2025-05-20T06:58:45.647+0000] {logging_mixin.py:190} INFO - 📥 Received: page:main
[2025-05-20T06:58:45.648+0000] {logging_mixin.py:190} INFO - 📥 Received: page:main
[2025-05-20T06:58:45.648+0000] {logging_mixin.py:190} INFO - 📥 Received: page:movie_detail
[2025-05-20T06:58:45.648+0000] {logging_mixin.py:190} INFO - 📥 Received: page:movie_detail
[2025-05-20T06:58:45.648+0000] {logging_mixin.py:190} INFO - 📥 Received: page:movie_detail
[2025-05-20T06:58:45.648+0000] {logging_mixin.py:190} INFO - 📥 Received: page:main
[2025-05-20T06:58:45.648+0000] {logging_mixin.py:190} INFO - 📥 Received: page:movie_detail
[2025-05-20T06:58:45.648+0000] {logging_mixin.py:190} INFO - 📥 Received: page:movie_detail
[2025-05-20T06:58:45.648+0000] {logging_mixin.py:190} INFO - 📥 Received: page:main
[2025-05-20T06:58:45.649+0000] {logging_mixin.py:190} INFO - 📥 Received: page:movie_detail
[2025-05-20T06:58:45.649+0000] {logging_mixin.py:190} INFO - 📥 Received: page:main
[2025-05-20T06:58:45.649+0000] {logging_mixin.py:190} INFO - 📥 Received: page:main
[2025-05-20T06:58:45.649+0000] {logging_mixin.py:190} INFO - 📥 Received: page:main
[2025-05-20T06:58:45.649+0000] {logging_mixin.py:190} INFO - 📥 Received: page:movie_detail
[2025-05-20T06:58:45.649+0000] {logging_mixin.py:190} INFO - 📥 Received: page:movie_detail
[2025-05-20T06:58:45.649+0000] {logging_mixin.py:190} INFO - 📥 Received: page:movie_detail
[2025-05-20T06:58:45.649+0000] {logging_mixin.py:190} INFO - 📥 Received: page:movie_detail
[2025-05-20T06:58:45.649+0000] {logging_mixin.py:190} INFO - 📥 Received: page:movie_detail
[2025-05-20T06:58:45.649+0000] {logging_mixin.py:190} INFO - 📥 Received: page:main
[2025-05-20T06:58:45.650+0000] {logging_mixin.py:190} INFO - 📥 Received: page:movie_detail
[2025-05-20T06:58:45.650+0000] {logging_mixin.py:190} INFO - 📥 Received: page:movie_detail
[2025-05-20T06:58:45.650+0000] {logging_mixin.py:190} INFO - 📥 Received: page:main
[2025-05-20T06:58:45.650+0000] {logging_mixin.py:190} INFO - 📥 Received: page:movie_detail
[2025-05-20T06:58:45.650+0000] {logging_mixin.py:190} INFO - 📥 Received: page:movie_detail
[2025-05-20T06:58:45.650+0000] {logging_mixin.py:190} INFO - 📥 Received: page:movie_detail
[2025-05-20T06:58:45.650+0000] {logging_mixin.py:190} INFO - 📥 Received: page:movie_detail
[2025-05-20T06:58:45.650+0000] {logging_mixin.py:190} INFO - 📥 Received: page:movie_detail
[2025-05-20T06:58:45.650+0000] {logging_mixin.py:190} INFO - 📥 Received: page:movie_detail
[2025-05-20T06:58:45.651+0000] {logging_mixin.py:190} INFO - 📥 Received: page:movie_detail
[2025-05-20T06:58:45.651+0000] {logging_mixin.py:190} INFO - 📥 Received: page:movie_detail
[2025-05-20T06:58:45.651+0000] {logging_mixin.py:190} INFO - 📥 Received: page:main
[2025-05-20T06:58:45.651+0000] {logging_mixin.py:190} INFO - 📥 Received: page:movie_detail
[2025-05-20T06:58:45.651+0000] {logging_mixin.py:190} INFO - 📥 Received: page:main
[2025-05-20T06:58:45.651+0000] {logging_mixin.py:190} INFO - 📥 Received: page:movie_detail
[2025-05-20T06:58:45.651+0000] {logging_mixin.py:190} INFO - 📥 Received: page:movie_detail
[2025-05-20T06:58:45.651+0000] {logging_mixin.py:190} INFO - 📥 Received: page:main
[2025-05-20T06:58:45.651+0000] {logging_mixin.py:190} INFO - 📥 Received: page:main
[2025-05-20T06:58:45.651+0000] {logging_mixin.py:190} INFO - 📥 Received: page:movie_detail
[2025-05-20T06:58:45.652+0000] {logging_mixin.py:190} INFO - 📥 Received: page:movie_detail
[2025-05-20T06:58:45.652+0000] {logging_mixin.py:190} INFO - 📥 Received: page:main
[2025-05-20T06:58:45.652+0000] {logging_mixin.py:190} INFO - 📥 Received: page:movie_detail
[2025-05-20T06:58:45.652+0000] {logging_mixin.py:190} INFO - 📥 Received: page:movie_detail
[2025-05-20T06:58:45.652+0000] {logging_mixin.py:190} INFO - 📥 Received: page:main
[2025-05-20T06:58:45.652+0000] {logging_mixin.py:190} INFO - 📥 Received: page:movie_detail
[2025-05-20T06:58:45.652+0000] {logging_mixin.py:190} INFO - 📥 Received: page:movie_detail
[2025-05-20T06:58:45.652+0000] {logging_mixin.py:190} INFO - 📥 Received: page:movie_detail
[2025-05-20T06:58:45.652+0000] {logging_mixin.py:190} INFO - 📥 Received: page:movie_detail
[2025-05-20T06:58:45.653+0000] {logging_mixin.py:190} INFO - 📥 Received: page:main
[2025-05-20T06:58:45.653+0000] {logging_mixin.py:190} INFO - 📥 Received: page:movie_detail
[2025-05-20T06:58:45.653+0000] {logging_mixin.py:190} INFO - 📥 Received: page:movie_detail
[2025-05-20T06:58:45.653+0000] {logging_mixin.py:190} INFO - 📥 Received: page:movie_detail
[2025-05-20T06:58:45.653+0000] {logging_mixin.py:190} INFO - 📥 Received: page:movie_detail
[2025-05-20T06:58:45.653+0000] {logging_mixin.py:190} INFO - 📥 Received: page:movie_detail
[2025-05-20T06:58:45.653+0000] {logging_mixin.py:190} INFO - 📥 Received: page:movie_detail
[2025-05-20T06:58:45.653+0000] {logging_mixin.py:190} INFO - 📥 Received: page:main
[2025-05-20T06:58:45.653+0000] {logging_mixin.py:190} INFO - 📥 Received: page:movie_detail
[2025-05-20T06:58:45.653+0000] {logging_mixin.py:190} INFO - 📥 Received: page:movie_detail
[2025-05-20T06:58:45.654+0000] {logging_mixin.py:190} INFO - 📥 Received: page:main
[2025-05-20T06:58:45.654+0000] {logging_mixin.py:190} INFO - 📥 Received: page:movie_detail
[2025-05-20T06:58:45.654+0000] {logging_mixin.py:190} INFO - 📥 Received: page:movie_detail
[2025-05-20T06:58:45.654+0000] {logging_mixin.py:190} INFO - 📥 Received: page:movie_detail
[2025-05-20T06:58:45.654+0000] {logging_mixin.py:190} INFO - 📥 Received: page:main
[2025-05-20T06:58:45.654+0000] {logging_mixin.py:190} INFO - 📥 Received: page:movie_detail
[2025-05-20T06:58:45.654+0000] {logging_mixin.py:190} INFO - 📥 Received: page:main
[2025-05-20T06:58:45.654+0000] {logging_mixin.py:190} INFO - 📥 Received: page:movie_detail
[2025-05-20T06:58:45.654+0000] {logging_mixin.py:190} INFO - 📥 Received: page:movie_detail
[2025-05-20T06:58:45.655+0000] {logging_mixin.py:190} INFO - 📥 Received: page:movie_detail
[2025-05-20T06:58:45.655+0000] {logging_mixin.py:190} INFO - 📥 Received: page:movie_detail
[2025-05-20T06:58:45.655+0000] {logging_mixin.py:190} INFO - 📥 Received: page:movie_detail
[2025-05-20T06:58:45.655+0000] {logging_mixin.py:190} INFO - 📥 Received: page:main
[2025-05-20T06:58:45.655+0000] {logging_mixin.py:190} INFO - 📥 Received: page:movie_detail
[2025-05-20T06:58:45.655+0000] {logging_mixin.py:190} INFO - 📥 Received: page:main
[2025-05-20T06:58:45.655+0000] {logging_mixin.py:190} INFO - 📥 Received: page:movie_detail
[2025-05-20T06:58:45.655+0000] {logging_mixin.py:190} INFO - 📥 Received: page:movie_detail
[2025-05-20T06:58:45.655+0000] {logging_mixin.py:190} INFO - 📥 Received: page:main
[2025-05-20T06:58:45.656+0000] {logging_mixin.py:190} INFO - 📥 Received: page:movie_detail
[2025-05-20T06:58:45.656+0000] {logging_mixin.py:190} INFO - 📥 Received: page:main
[2025-05-20T06:58:45.656+0000] {logging_mixin.py:190} INFO - 📥 Received: page:movie_detail
[2025-05-20T06:58:45.656+0000] {logging_mixin.py:190} INFO - 📥 Received: page:movie_detail
[2025-05-20T06:58:45.656+0000] {logging_mixin.py:190} INFO - 📥 Received: page:main
[2025-05-20T06:58:45.658+0000] {logging_mixin.py:190} INFO - ✅Minio connected
[2025-05-20T06:58:45.662+0000] {base.py:84} INFO - Retrieving connection 'minio'
[2025-05-20T06:58:45.662+0000] {connection_wrapper.py:388} INFO - AWS Connection (conn_id='minio', conn_type='aws') credentials retrieved from login and password.
[2025-05-20T06:58:45.760+0000] {logging_mixin.py:190} INFO - ✅ Bucket 'user-log-ml' already exists.
[2025-05-20T06:58:45.764+0000] {logging_mixin.py:190} INFO - ✅ File uploaded to MinIO: 2025-05-20_10-00-00.csv
[2025-05-20T06:58:45.767+0000] {base.py:834} INFO - Stopping heartbeat thread
[2025-05-20T06:58:48.768+0000] {base.py:1037} WARNING - Heartbeat thread did not fully terminate during close
[2025-05-20T06:58:48.770+0000] {base.py:865} INFO - Leaving consumer group (tospark).
[2025-05-20T06:58:48.777+0000] {conn.py:945} INFO - <BrokerConnection client_id=kafka-python-2.2.7, node_id=1 host=172.16.24.224:9092 <connected> [IPv4 ('172.16.24.224', 9092)]>: Closing connection. 
[2025-05-20T06:58:48.779+0000] {conn.py:945} INFO - <BrokerConnection client_id=kafka-python-2.2.7, node_id=coordinator-1 host=172.16.24.224:9092 <connected> [IPv4 ('172.16.24.224', 9092)]>: Closing connection. 
[2025-05-20T06:58:48.782+0000] {python.py:240} INFO - Done. Returned value was: None
[2025-05-20T06:58:48.793+0000] {taskinstance.py:340} INFO - ::group::Post task execution logs
[2025-05-20T06:58:48.794+0000] {taskinstance.py:352} INFO - Marking task as SUCCESS. dag_id=kafka_to_minio_to_spark, task_id=kafka_consumer, run_id=scheduled__2025-05-20T01:00:00+00:00, execution_date=20250520T010000, start_date=20250520T065841, end_date=20250520T065848
[2025-05-20T06:58:48.812+0000] {local_task_job_runner.py:266} INFO - Task exited with return code 0
[2025-05-20T06:58:48.924+0000] {taskinstance.py:3900} INFO - 1 downstream tasks scheduled from follow-on schedule check
[2025-05-20T06:58:48.925+0000] {local_task_job_runner.py:245} INFO - ::endgroup::
