[2025-05-20T05:22:48.029+0000] {local_task_job_runner.py:123} INFO - ::group::Pre task execution logs
[2025-05-20T05:22:48.035+0000] {taskinstance.py:2612} INFO - Dependencies all met for dep_context=non-requeueable deps ti=<TaskInstance: kafka_to_minio_to_spark.kafka_consumer scheduled__2025-05-20T01:00:00+00:00 [queued]>
[2025-05-20T05:22:48.038+0000] {taskinstance.py:2612} INFO - Dependencies all met for dep_context=requeueable deps ti=<TaskInstance: kafka_to_minio_to_spark.kafka_consumer scheduled__2025-05-20T01:00:00+00:00 [queued]>
[2025-05-20T05:22:48.038+0000] {taskinstance.py:2865} INFO - Starting attempt 6 of 7
[2025-05-20T05:22:48.043+0000] {taskinstance.py:2888} INFO - Executing <Task(PythonOperator): kafka_consumer> on 2025-05-20 01:00:00+00:00
[2025-05-20T05:22:48.045+0000] {standard_task_runner.py:72} INFO - Started process 1579 to run task
[2025-05-20T05:22:48.046+0000] {standard_task_runner.py:104} INFO - Running: ['***', 'tasks', 'run', 'kafka_to_minio_to_spark', 'kafka_consumer', 'scheduled__2025-05-20T01:00:00+00:00', '--job-id', '129', '--raw', '--subdir', 'DAGS_FOLDER/testlog_ml.py', '--cfg-path', '/tmp/tmphej1m9_w']
[2025-05-20T05:22:48.047+0000] {standard_task_runner.py:105} INFO - Job 129: Subtask kafka_consumer
[2025-05-20T05:22:48.066+0000] {task_command.py:467} INFO - Running <TaskInstance: kafka_to_minio_to_spark.kafka_consumer scheduled__2025-05-20T01:00:00+00:00 [running]> on host 91a46f1a1993
[2025-05-20T05:22:48.174+0000] {taskinstance.py:3131} INFO - Exporting env vars: AIRFLOW_CTX_DAG_OWNER='***' AIRFLOW_CTX_DAG_ID='kafka_to_minio_to_spark' AIRFLOW_CTX_TASK_ID='kafka_consumer' AIRFLOW_CTX_EXECUTION_DATE='2025-05-20T01:00:00+00:00' AIRFLOW_CTX_TRY_NUMBER='6' AIRFLOW_CTX_DAG_RUN_ID='scheduled__2025-05-20T01:00:00+00:00'
[2025-05-20T05:22:48.174+0000] {taskinstance.py:731} INFO - ::endgroup::
[2025-05-20T05:22:48.180+0000] {conn.py:396} INFO - <BrokerConnection client_id=kafka-python-2.2.7, node_id=bootstrap-0 host=host.docker.internal:9092 <connecting> [IPv4 ('192.168.65.254', 9092)]>: connecting to host.docker.internal:9092 [('192.168.65.254', 9092) IPv4]
[2025-05-20T05:22:48.182+0000] {conn.py:618} INFO - <BrokerConnection client_id=kafka-python-2.2.7, node_id=bootstrap-0 host=host.docker.internal:9092 <checking_api_versions_recv> [IPv4 ('192.168.65.254', 9092)]>: Broker version identified as 2.6
[2025-05-20T05:22:48.182+0000] {conn.py:457} INFO - <BrokerConnection client_id=kafka-python-2.2.7, node_id=bootstrap-0 host=host.docker.internal:9092 <connected> [IPv4 ('192.168.65.254', 9092)]>: Connection complete.
[2025-05-20T05:22:48.182+0000] {subscription_state.py:177} INFO - Updating subscribed topics to: ('userlog',)
[2025-05-20T05:22:48.182+0000] {logging_mixin.py:190} INFO - ✅ consumer started, waiting for messages....
[2025-05-20T05:22:48.184+0000] {conn.py:396} INFO - <BrokerConnection client_id=kafka-python-2.2.7, node_id=1 host=172.16.24.224:9092 <connecting> [IPv4 ('172.16.24.224', 9092)]>: connecting to 172.16.24.224:9092 [('172.16.24.224', 9092) IPv4]
[2025-05-20T05:22:48.287+0000] {conn.py:457} INFO - <BrokerConnection client_id=kafka-python-2.2.7, node_id=1 host=172.16.24.224:9092 <connected> [IPv4 ('172.16.24.224', 9092)]>: Connection complete.
[2025-05-20T05:22:48.287+0000] {conn.py:945} INFO - <BrokerConnection client_id=kafka-python-2.2.7, node_id=bootstrap-0 host=host.docker.internal:9092 <connected> [IPv4 ('192.168.65.254', 9092)]>: Closing connection. 
[2025-05-20T05:22:48.390+0000] {cluster.py:400} INFO - Coordinator for group/tospark is ('coordinator-1', '172.16.24.224', 9092, None)
[2025-05-20T05:22:48.390+0000] {base.py:769} INFO - Discovered coordinator coordinator-1 for group tospark
[2025-05-20T05:22:48.391+0000] {base.py:820} INFO - Starting new heartbeat thread
[2025-05-20T05:22:48.391+0000] {consumer.py:362} INFO - Revoking previously assigned partitions () for group tospark
[2025-05-20T05:22:48.391+0000] {conn.py:396} INFO - <BrokerConnection client_id=kafka-python-2.2.7, node_id=coordinator-1 host=172.16.24.224:9092 <connecting> [IPv4 ('172.16.24.224', 9092)]>: connecting to 172.16.24.224:9092 [('172.16.24.224', 9092) IPv4]
[2025-05-20T05:22:48.493+0000] {conn.py:457} INFO - <BrokerConnection client_id=kafka-python-2.2.7, node_id=coordinator-1 host=172.16.24.224:9092 <connected> [IPv4 ('172.16.24.224', 9092)]>: Connection complete.
[2025-05-20T05:22:48.597+0000] {base.py:524} INFO - (Re-)joining group tospark
[2025-05-20T05:22:48.600+0000] {base.py:524} INFO - (Re-)joining group tospark
[2025-05-20T05:22:51.609+0000] {base.py:587} INFO - Elected group leader -- performing partition assignments using range
[2025-05-20T05:22:51.617+0000] {base.py:401} INFO - Successfully joined group tospark with generation 3
[2025-05-20T05:22:51.618+0000] {subscription_state.py:246} INFO - Updated partition assignment: [('userlog', 0)]
[2025-05-20T05:22:51.620+0000] {consumer.py:249} INFO - Setting newly assigned partitions (('userlog', 0),) for group tospark
[2025-05-20T05:22:51.669+0000] {logging_mixin.py:190} INFO - 📥 Received: page:movie_detail
[2025-05-20T05:22:51.670+0000] {logging_mixin.py:190} INFO - 📥 Received: page:movie_detail
[2025-05-20T05:22:51.670+0000] {logging_mixin.py:190} INFO - 📥 Received: page:movie_detail
[2025-05-20T05:22:51.670+0000] {logging_mixin.py:190} INFO - 📥 Received: page:movie_detail
[2025-05-20T05:22:51.670+0000] {logging_mixin.py:190} INFO - 📥 Received: page:movie_detail
[2025-05-20T05:22:51.670+0000] {logging_mixin.py:190} INFO - 📥 Received: page:main
[2025-05-20T05:22:51.671+0000] {logging_mixin.py:190} INFO - 📥 Received: page:movie_detail
[2025-05-20T05:22:51.671+0000] {logging_mixin.py:190} INFO - 📥 Received: page:movie_detail
[2025-05-20T05:22:51.671+0000] {logging_mixin.py:190} INFO - 📥 Received: page:movie_detail
[2025-05-20T05:22:51.671+0000] {logging_mixin.py:190} INFO - 📥 Received: page:movie_detail
[2025-05-20T05:22:51.671+0000] {logging_mixin.py:190} INFO - 📥 Received: page:movie_detail
[2025-05-20T05:22:51.671+0000] {logging_mixin.py:190} INFO - 📥 Received: page:movie_detail
[2025-05-20T05:22:51.672+0000] {logging_mixin.py:190} INFO - 📥 Received: page:movie_detail
[2025-05-20T05:22:51.672+0000] {logging_mixin.py:190} INFO - 📥 Received: page:movie_detail
[2025-05-20T05:22:51.672+0000] {logging_mixin.py:190} INFO - 📥 Received: page:main
[2025-05-20T05:22:51.672+0000] {logging_mixin.py:190} INFO - 📥 Received: page:main
[2025-05-20T05:22:51.672+0000] {logging_mixin.py:190} INFO - 📥 Received: page:movie_detail
[2025-05-20T05:22:51.672+0000] {logging_mixin.py:190} INFO - 📥 Received: page:movie_detail
[2025-05-20T05:22:51.672+0000] {logging_mixin.py:190} INFO - 📥 Received: page:movie_detail
[2025-05-20T05:22:51.673+0000] {logging_mixin.py:190} INFO - 📥 Received: page:movie_detail
[2025-05-20T05:22:51.673+0000] {logging_mixin.py:190} INFO - 📥 Received: page:movie_detail
[2025-05-20T05:22:51.673+0000] {logging_mixin.py:190} INFO - 📥 Received: page:movie_detail
[2025-05-20T05:22:51.673+0000] {logging_mixin.py:190} INFO - 📥 Received: page:movie_detail
[2025-05-20T05:22:51.673+0000] {logging_mixin.py:190} INFO - 📥 Received: page:movie_detail
[2025-05-20T05:22:51.673+0000] {logging_mixin.py:190} INFO - 📥 Received: page:movie_detail
[2025-05-20T05:22:51.673+0000] {logging_mixin.py:190} INFO - 📥 Received: page:main
[2025-05-20T05:22:51.674+0000] {logging_mixin.py:190} INFO - 📥 Received: page:movie_detail
[2025-05-20T05:22:51.674+0000] {logging_mixin.py:190} INFO - 📥 Received: page:main
[2025-05-20T05:22:51.674+0000] {logging_mixin.py:190} INFO - 📥 Received: page:movie_detail
[2025-05-20T05:22:51.674+0000] {logging_mixin.py:190} INFO - 📥 Received: page:movie_detail
[2025-05-20T05:22:51.674+0000] {logging_mixin.py:190} INFO - 📥 Received: page:movie_detail
[2025-05-20T05:22:51.674+0000] {logging_mixin.py:190} INFO - 📥 Received: page:movie_detail
[2025-05-20T05:22:51.674+0000] {logging_mixin.py:190} INFO - 📥 Received: page:movie_detail
[2025-05-20T05:22:51.675+0000] {logging_mixin.py:190} INFO - 📥 Received: page:movie_detail
[2025-05-20T05:22:51.675+0000] {logging_mixin.py:190} INFO - 📥 Received: page:movie_detail
[2025-05-20T05:22:51.675+0000] {logging_mixin.py:190} INFO - 📥 Received: page:movie_detail
[2025-05-20T05:22:51.675+0000] {logging_mixin.py:190} INFO - 📥 Received: page:movie_detail
[2025-05-20T05:22:51.675+0000] {logging_mixin.py:190} INFO - 📥 Received: page:main
[2025-05-20T05:22:51.675+0000] {logging_mixin.py:190} INFO - 📥 Received: page:movie_detail
[2025-05-20T05:22:51.676+0000] {logging_mixin.py:190} INFO - 📥 Received: page:movie_detail
[2025-05-20T05:22:51.676+0000] {logging_mixin.py:190} INFO - 📥 Received: page:movie_detail
[2025-05-20T05:22:51.676+0000] {logging_mixin.py:190} INFO - 📥 Received: page:main
[2025-05-20T05:22:51.676+0000] {logging_mixin.py:190} INFO - 📥 Received: page:movie_detail
[2025-05-20T05:22:51.676+0000] {logging_mixin.py:190} INFO - 📥 Received: page:movie_detail
[2025-05-20T05:22:51.676+0000] {logging_mixin.py:190} INFO - 📥 Received: page:movie_detail
[2025-05-20T05:22:51.676+0000] {logging_mixin.py:190} INFO - 📥 Received: page:main
[2025-05-20T05:22:51.676+0000] {logging_mixin.py:190} INFO - 📥 Received: page:movie_detail
[2025-05-20T05:22:51.677+0000] {logging_mixin.py:190} INFO - 📥 Received: page:movie_detail
[2025-05-20T05:22:51.677+0000] {logging_mixin.py:190} INFO - 📥 Received: page:movie_detail
[2025-05-20T05:22:51.677+0000] {logging_mixin.py:190} INFO - 📥 Received: page:movie_detail
[2025-05-20T05:22:51.677+0000] {logging_mixin.py:190} INFO - 📥 Received: page:main
[2025-05-20T05:22:51.677+0000] {logging_mixin.py:190} INFO - 📥 Received: page:main
[2025-05-20T05:22:51.677+0000] {logging_mixin.py:190} INFO - 📥 Received: page:movie_detail
[2025-05-20T05:22:51.677+0000] {logging_mixin.py:190} INFO - 📥 Received: page:movie_detail
[2025-05-20T05:22:51.678+0000] {logging_mixin.py:190} INFO - 📥 Received: page:main
[2025-05-20T05:22:51.678+0000] {logging_mixin.py:190} INFO - 📥 Received: page:movie_detail
[2025-05-20T05:22:51.678+0000] {logging_mixin.py:190} INFO - 📥 Received: page:movie_detail
[2025-05-20T05:22:51.678+0000] {logging_mixin.py:190} INFO - 📥 Received: page:main
[2025-05-20T05:22:51.678+0000] {logging_mixin.py:190} INFO - 📥 Received: page:movie_detail
[2025-05-20T05:22:51.678+0000] {logging_mixin.py:190} INFO - 📥 Received: page:movie_detail
[2025-05-20T05:22:51.678+0000] {logging_mixin.py:190} INFO - 📥 Received: page:movie_detail
[2025-05-20T05:22:51.679+0000] {logging_mixin.py:190} INFO - 📥 Received: page:main
[2025-05-20T05:22:51.679+0000] {logging_mixin.py:190} INFO - 📥 Received: page:movie_detail
[2025-05-20T05:22:51.679+0000] {logging_mixin.py:190} INFO - 📥 Received: page:movie_detail
[2025-05-20T05:22:51.679+0000] {logging_mixin.py:190} INFO - 📥 Received: page:movie_detail
[2025-05-20T05:22:51.679+0000] {logging_mixin.py:190} INFO - 📥 Received: page:movie_detail
[2025-05-20T05:22:51.679+0000] {logging_mixin.py:190} INFO - 📥 Received: page:movie_detail
[2025-05-20T05:22:51.679+0000] {logging_mixin.py:190} INFO - 📥 Received: page:movie_detail
[2025-05-20T05:22:51.679+0000] {logging_mixin.py:190} INFO - 📥 Received: page:main
[2025-05-20T05:22:51.680+0000] {logging_mixin.py:190} INFO - 📥 Received: page:main
[2025-05-20T05:22:51.680+0000] {logging_mixin.py:190} INFO - 📥 Received: page:movie_detail
[2025-05-20T05:22:51.680+0000] {logging_mixin.py:190} INFO - 📥 Received: page:main
[2025-05-20T05:22:51.680+0000] {logging_mixin.py:190} INFO - 📥 Received: page:movie_detail
[2025-05-20T05:22:51.680+0000] {logging_mixin.py:190} INFO - 📥 Received: page:movie_detail
[2025-05-20T05:22:51.680+0000] {logging_mixin.py:190} INFO - 📥 Received: page:movie_detail
[2025-05-20T05:22:51.680+0000] {logging_mixin.py:190} INFO - 📥 Received: page:movie_detail
[2025-05-20T05:22:51.681+0000] {logging_mixin.py:190} INFO - 📥 Received: page:main
[2025-05-20T05:22:51.681+0000] {logging_mixin.py:190} INFO - 📥 Received: page:movie_detail
[2025-05-20T05:22:51.681+0000] {logging_mixin.py:190} INFO - 📥 Received: page:movie_detail
[2025-05-20T05:22:51.681+0000] {logging_mixin.py:190} INFO - 📥 Received: page:main
[2025-05-20T05:22:51.681+0000] {logging_mixin.py:190} INFO - 📥 Received: page:movie_detail
[2025-05-20T05:22:51.681+0000] {logging_mixin.py:190} INFO - 📥 Received: page:main
[2025-05-20T05:22:51.681+0000] {logging_mixin.py:190} INFO - 📥 Received: page:movie_detail
[2025-05-20T05:22:51.681+0000] {logging_mixin.py:190} INFO - 📥 Received: page:movie_detail
[2025-05-20T05:22:51.682+0000] {logging_mixin.py:190} INFO - 📥 Received: page:movie_detail
[2025-05-20T05:22:51.682+0000] {logging_mixin.py:190} INFO - 📥 Received: page:movie_detail
[2025-05-20T05:22:51.682+0000] {logging_mixin.py:190} INFO - 📥 Received: page:main
[2025-05-20T05:22:51.682+0000] {logging_mixin.py:190} INFO - 📥 Received: page:main
[2025-05-20T05:22:51.682+0000] {logging_mixin.py:190} INFO - 📥 Received: page:movie_detail
[2025-05-20T05:22:51.682+0000] {logging_mixin.py:190} INFO - 📥 Received: page:movie_detail
[2025-05-20T05:22:51.682+0000] {logging_mixin.py:190} INFO - 📥 Received: page:movie_detail
[2025-05-20T05:22:51.683+0000] {logging_mixin.py:190} INFO - 📥 Received: page:movie_detail
[2025-05-20T05:22:51.683+0000] {logging_mixin.py:190} INFO - 📥 Received: page:movie_detail
[2025-05-20T05:22:51.683+0000] {logging_mixin.py:190} INFO - 📥 Received: page:movie_detail
[2025-05-20T05:22:51.683+0000] {logging_mixin.py:190} INFO - 📥 Received: page:movie_detail
[2025-05-20T05:22:51.683+0000] {logging_mixin.py:190} INFO - 📥 Received: page:movie_detail
[2025-05-20T05:22:51.683+0000] {logging_mixin.py:190} INFO - 📥 Received: page:main
[2025-05-20T05:22:51.683+0000] {logging_mixin.py:190} INFO - 📥 Received: page:movie_detail
[2025-05-20T05:22:51.683+0000] {logging_mixin.py:190} INFO - 📥 Received: page:movie_detail
[2025-05-20T05:22:51.684+0000] {logging_mixin.py:190} INFO - 📥 Received: page:main
[2025-05-20T05:22:51.684+0000] {logging_mixin.py:190} INFO - 📥 Received: page:movie_detail
[2025-05-20T05:22:51.684+0000] {logging_mixin.py:190} INFO - 📥 Received: page:main
[2025-05-20T05:22:51.684+0000] {logging_mixin.py:190} INFO - 📥 Received: page:movie_detail
[2025-05-20T05:22:51.684+0000] {logging_mixin.py:190} INFO - 📥 Received: page:movie_detail
[2025-05-20T05:22:51.684+0000] {logging_mixin.py:190} INFO - 📥 Received: page:movie_detail
[2025-05-20T05:22:51.684+0000] {logging_mixin.py:190} INFO - 📥 Received: page:movie_detail
[2025-05-20T05:22:51.684+0000] {logging_mixin.py:190} INFO - 📥 Received: page:movie_detail
[2025-05-20T05:22:51.685+0000] {logging_mixin.py:190} INFO - 📥 Received: page:movie_detail
[2025-05-20T05:22:51.685+0000] {logging_mixin.py:190} INFO - 📥 Received: page:movie_detail
[2025-05-20T05:22:51.685+0000] {logging_mixin.py:190} INFO - 📥 Received: page:main
[2025-05-20T05:22:51.685+0000] {logging_mixin.py:190} INFO - 📥 Received: page:movie_detail
[2025-05-20T05:22:51.685+0000] {logging_mixin.py:190} INFO - 📥 Received: page:main
[2025-05-20T05:22:51.685+0000] {logging_mixin.py:190} INFO - 📥 Received: page:movie_detail
[2025-05-20T05:22:51.685+0000] {logging_mixin.py:190} INFO - 📥 Received: page:movie_detail
[2025-05-20T05:22:51.685+0000] {logging_mixin.py:190} INFO - 📥 Received: page:movie_detail
[2025-05-20T05:22:51.686+0000] {logging_mixin.py:190} INFO - 📥 Received: page:movie_detail
[2025-05-20T05:22:51.686+0000] {logging_mixin.py:190} INFO - 📥 Received: page:movie_detail
[2025-05-20T05:22:51.686+0000] {logging_mixin.py:190} INFO - 📥 Received: page:movie_detail
[2025-05-20T05:22:51.686+0000] {logging_mixin.py:190} INFO - 📥 Received: page:main
[2025-05-20T05:22:51.686+0000] {logging_mixin.py:190} INFO - 📥 Received: page:main
[2025-05-20T05:22:51.686+0000] {logging_mixin.py:190} INFO - 📥 Received: page:movie_detail
[2025-05-20T05:22:51.686+0000] {logging_mixin.py:190} INFO - 📥 Received: page:movie_detail
[2025-05-20T05:22:51.686+0000] {logging_mixin.py:190} INFO - 📥 Received: page:movie_detail
[2025-05-20T05:22:51.687+0000] {logging_mixin.py:190} INFO - 📥 Received: page:movie_detail
[2025-05-20T05:22:51.687+0000] {logging_mixin.py:190} INFO - 📥 Received: page:main
[2025-05-20T05:22:51.687+0000] {logging_mixin.py:190} INFO - 📥 Received: page:movie_detail
[2025-05-20T05:22:51.687+0000] {logging_mixin.py:190} INFO - 📥 Received: page:main
[2025-05-20T05:22:51.687+0000] {logging_mixin.py:190} INFO - 📥 Received: page:movie_detail
[2025-05-20T05:22:51.687+0000] {logging_mixin.py:190} INFO - 📥 Received: page:movie_detail
[2025-05-20T05:22:51.687+0000] {logging_mixin.py:190} INFO - 📥 Received: page:movie_detail
[2025-05-20T05:22:51.687+0000] {logging_mixin.py:190} INFO - 📥 Received: page:movie_detail
[2025-05-20T05:22:51.688+0000] {logging_mixin.py:190} INFO - 📥 Received: page:movie_detail
[2025-05-20T05:22:51.688+0000] {logging_mixin.py:190} INFO - 📥 Received: page:movie_detail
[2025-05-20T05:22:51.688+0000] {logging_mixin.py:190} INFO - 📥 Received: page:movie_detail
[2025-05-20T05:22:51.688+0000] {logging_mixin.py:190} INFO - 📥 Received: page:movie_detail
[2025-05-20T05:22:51.688+0000] {logging_mixin.py:190} INFO - 📥 Received: page:movie_detail
[2025-05-20T05:22:51.688+0000] {logging_mixin.py:190} INFO - 📥 Received: page:movie_detail
[2025-05-20T05:22:51.688+0000] {logging_mixin.py:190} INFO - 📥 Received: page:movie_detail
[2025-05-20T05:22:51.688+0000] {logging_mixin.py:190} INFO - 📥 Received: page:movie_detail
[2025-05-20T05:22:51.689+0000] {logging_mixin.py:190} INFO - 📥 Received: page:movie_detail
[2025-05-20T05:22:51.689+0000] {logging_mixin.py:190} INFO - 📥 Received: page:movie_detail
[2025-05-20T05:22:51.689+0000] {logging_mixin.py:190} INFO - 📥 Received: page:main
[2025-05-20T05:22:51.689+0000] {logging_mixin.py:190} INFO - 📥 Received: page:movie_detail
[2025-05-20T05:22:51.689+0000] {logging_mixin.py:190} INFO - 📥 Received: page:movie_detail
[2025-05-20T05:22:51.689+0000] {logging_mixin.py:190} INFO - 📥 Received: page:movie_detail
[2025-05-20T05:22:51.689+0000] {logging_mixin.py:190} INFO - 📥 Received: page:movie_detail
[2025-05-20T05:22:51.689+0000] {logging_mixin.py:190} INFO - 📥 Received: page:movie_detail
[2025-05-20T05:22:51.690+0000] {logging_mixin.py:190} INFO - 📥 Received: page:main
[2025-05-20T05:22:51.690+0000] {logging_mixin.py:190} INFO - 📥 Received: page:movie_detail
[2025-05-20T05:22:51.690+0000] {logging_mixin.py:190} INFO - 📥 Received: page:movie_detail
[2025-05-20T05:22:51.690+0000] {logging_mixin.py:190} INFO - 📥 Received: page:movie_detail
[2025-05-20T05:22:51.690+0000] {logging_mixin.py:190} INFO - 📥 Received: page:movie_detail
[2025-05-20T05:22:51.690+0000] {logging_mixin.py:190} INFO - 📥 Received: page:movie_detail
[2025-05-20T05:22:51.690+0000] {logging_mixin.py:190} INFO - 📥 Received: page:movie_detail
[2025-05-20T05:22:51.690+0000] {logging_mixin.py:190} INFO - 📥 Received: page:movie_detail
[2025-05-20T05:22:51.691+0000] {logging_mixin.py:190} INFO - 📥 Received: page:movie_detail
[2025-05-20T05:22:51.691+0000] {logging_mixin.py:190} INFO - 📥 Received: page:movie_detail
[2025-05-20T05:22:51.691+0000] {logging_mixin.py:190} INFO - 📥 Received: page:main
[2025-05-20T05:22:51.691+0000] {logging_mixin.py:190} INFO - 📥 Received: page:movie_detail
[2025-05-20T05:22:51.691+0000] {logging_mixin.py:190} INFO - 📥 Received: page:main
[2025-05-20T05:22:51.691+0000] {logging_mixin.py:190} INFO - 📥 Received: page:main
[2025-05-20T05:22:51.691+0000] {logging_mixin.py:190} INFO - 📥 Received: page:movie_detail
[2025-05-20T05:22:51.691+0000] {logging_mixin.py:190} INFO - 📥 Received: page:movie_detail
[2025-05-20T05:22:51.692+0000] {logging_mixin.py:190} INFO - 📥 Received: page:main
[2025-05-20T05:22:51.692+0000] {logging_mixin.py:190} INFO - 📥 Received: page:movie_detail
[2025-05-20T05:22:51.692+0000] {logging_mixin.py:190} INFO - 📥 Received: page:movie_detail
[2025-05-20T05:22:51.692+0000] {logging_mixin.py:190} INFO - 📥 Received: page:movie_detail
[2025-05-20T05:22:51.692+0000] {logging_mixin.py:190} INFO - 📥 Received: page:movie_detail
[2025-05-20T05:22:51.692+0000] {logging_mixin.py:190} INFO - 📥 Received: page:movie_detail
[2025-05-20T05:22:51.692+0000] {logging_mixin.py:190} INFO - 📥 Received: page:main
[2025-05-20T05:22:51.692+0000] {logging_mixin.py:190} INFO - 📥 Received: page:movie_detail
[2025-05-20T05:22:51.693+0000] {logging_mixin.py:190} INFO - 📥 Received: page:movie_detail
[2025-05-20T05:22:51.693+0000] {logging_mixin.py:190} INFO - 📥 Received: page:main
[2025-05-20T05:22:51.693+0000] {logging_mixin.py:190} INFO - 📥 Received: page:movie_detail
[2025-05-20T05:22:51.693+0000] {logging_mixin.py:190} INFO - 📥 Received: page:movie_detail
[2025-05-20T05:22:51.693+0000] {logging_mixin.py:190} INFO - 📥 Received: page:movie_detail
[2025-05-20T05:22:51.693+0000] {logging_mixin.py:190} INFO - 📥 Received: page:movie_detail
[2025-05-20T05:22:51.693+0000] {logging_mixin.py:190} INFO - 📥 Received: page:movie_detail
[2025-05-20T05:22:51.693+0000] {logging_mixin.py:190} INFO - 📥 Received: page:movie_detail
[2025-05-20T05:22:51.693+0000] {logging_mixin.py:190} INFO - 📥 Received: page:movie_detail
[2025-05-20T05:22:51.694+0000] {logging_mixin.py:190} INFO - 📥 Received: page:movie_detail
[2025-05-20T05:22:51.694+0000] {logging_mixin.py:190} INFO - 📥 Received: page:movie_detail
[2025-05-20T05:22:51.694+0000] {logging_mixin.py:190} INFO - 📥 Received: page:main
[2025-05-20T05:22:51.694+0000] {logging_mixin.py:190} INFO - 📥 Received: page:main
[2025-05-20T05:22:51.694+0000] {logging_mixin.py:190} INFO - 📥 Received: page:movie_detail
[2025-05-20T05:22:51.694+0000] {logging_mixin.py:190} INFO - 📥 Received: page:movie_detail
[2025-05-20T05:22:51.694+0000] {logging_mixin.py:190} INFO - 📥 Received: page:main
[2025-05-20T05:22:51.694+0000] {logging_mixin.py:190} INFO - 📥 Received: page:movie_detail
[2025-05-20T05:22:51.695+0000] {logging_mixin.py:190} INFO - 📥 Received: page:movie_detail
[2025-05-20T05:22:51.695+0000] {logging_mixin.py:190} INFO - 📥 Received: page:movie_detail
[2025-05-20T05:22:51.695+0000] {logging_mixin.py:190} INFO - 📥 Received: page:movie_detail
[2025-05-20T05:22:51.695+0000] {logging_mixin.py:190} INFO - 📥 Received: page:movie_detail
[2025-05-20T05:22:51.695+0000] {logging_mixin.py:190} INFO - 📥 Received: page:movie_detail
[2025-05-20T05:22:51.695+0000] {logging_mixin.py:190} INFO - 📥 Received: page:movie_detail
[2025-05-20T05:22:51.695+0000] {logging_mixin.py:190} INFO - 📥 Received: page:movie_detail
[2025-05-20T05:22:51.695+0000] {logging_mixin.py:190} INFO - 📥 Received: page:movie_detail
[2025-05-20T05:22:51.696+0000] {logging_mixin.py:190} INFO - 📥 Received: page:movie_detail
[2025-05-20T05:22:51.696+0000] {logging_mixin.py:190} INFO - 📥 Received: page:movie_detail
[2025-05-20T05:22:51.696+0000] {logging_mixin.py:190} INFO - 📥 Received: page:movie_detail
[2025-05-20T05:22:51.696+0000] {logging_mixin.py:190} INFO - 📥 Received: page:movie_detail
[2025-05-20T05:22:51.696+0000] {logging_mixin.py:190} INFO - 📥 Received: page:main
[2025-05-20T05:22:51.696+0000] {logging_mixin.py:190} INFO - 📥 Received: page:movie_detail
[2025-05-20T05:22:51.696+0000] {logging_mixin.py:190} INFO - 📥 Received: page:main
[2025-05-20T05:22:51.696+0000] {logging_mixin.py:190} INFO - 📥 Received: page:movie_detail
[2025-05-20T05:22:51.696+0000] {logging_mixin.py:190} INFO - 📥 Received: page:movie_detail
[2025-05-20T05:22:51.697+0000] {logging_mixin.py:190} INFO - 📥 Received: page:movie_detail
[2025-05-20T05:22:51.697+0000] {logging_mixin.py:190} INFO - 📥 Received: page:movie_detail
[2025-05-20T05:22:51.697+0000] {logging_mixin.py:190} INFO - 📥 Received: page:movie_detail
[2025-05-20T05:22:51.697+0000] {logging_mixin.py:190} INFO - 📥 Received: page:movie_detail
[2025-05-20T05:22:51.697+0000] {logging_mixin.py:190} INFO - 📥 Received: page:main
[2025-05-20T05:22:51.697+0000] {logging_mixin.py:190} INFO - 📥 Received: page:movie_detail
[2025-05-20T05:22:51.697+0000] {logging_mixin.py:190} INFO - 📥 Received: page:movie_detail
[2025-05-20T05:22:51.697+0000] {logging_mixin.py:190} INFO - 📥 Received: page:main
[2025-05-20T05:22:51.698+0000] {logging_mixin.py:190} INFO - 📥 Received: page:movie_detail
[2025-05-20T05:22:51.698+0000] {logging_mixin.py:190} INFO - 📥 Received: page:movie_detail
[2025-05-20T05:22:51.698+0000] {logging_mixin.py:190} INFO - 📥 Received: page:movie_detail
[2025-05-20T05:22:51.698+0000] {logging_mixin.py:190} INFO - 📥 Received: page:movie_detail
[2025-05-20T05:22:51.698+0000] {logging_mixin.py:190} INFO - 📥 Received: page:movie_detail
[2025-05-20T05:22:51.698+0000] {logging_mixin.py:190} INFO - 📥 Received: page:movie_detail
[2025-05-20T05:22:51.698+0000] {logging_mixin.py:190} INFO - 📥 Received: page:main
[2025-05-20T05:22:51.698+0000] {logging_mixin.py:190} INFO - 📥 Received: page:movie_detail
[2025-05-20T05:22:51.699+0000] {logging_mixin.py:190} INFO - 📥 Received: page:main
[2025-05-20T05:22:51.699+0000] {logging_mixin.py:190} INFO - 📥 Received: page:main
[2025-05-20T05:22:51.699+0000] {logging_mixin.py:190} INFO - 📥 Received: page:movie_detail
[2025-05-20T05:22:51.699+0000] {logging_mixin.py:190} INFO - 📥 Received: page:movie_detail
[2025-05-20T05:22:51.699+0000] {logging_mixin.py:190} INFO - 📥 Received: page:movie_detail
[2025-05-20T05:22:51.699+0000] {logging_mixin.py:190} INFO - 📥 Received: page:movie_detail
[2025-05-20T05:22:51.699+0000] {logging_mixin.py:190} INFO - 📥 Received: page:movie_detail
[2025-05-20T05:22:51.699+0000] {logging_mixin.py:190} INFO - 📥 Received: page:movie_detail
[2025-05-20T05:22:51.699+0000] {logging_mixin.py:190} INFO - 📥 Received: page:movie_detail
[2025-05-20T05:22:51.700+0000] {logging_mixin.py:190} INFO - 📥 Received: page:main
[2025-05-20T05:22:51.700+0000] {logging_mixin.py:190} INFO - 📥 Received: page:movie_detail
[2025-05-20T05:22:51.700+0000] {logging_mixin.py:190} INFO - 📥 Received: page:movie_detail
[2025-05-20T05:22:51.700+0000] {logging_mixin.py:190} INFO - 📥 Received: page:movie_detail
[2025-05-20T05:22:51.700+0000] {logging_mixin.py:190} INFO - 📥 Received: page:movie_detail
[2025-05-20T05:22:51.700+0000] {logging_mixin.py:190} INFO - 📥 Received: page:main
[2025-05-20T05:22:51.700+0000] {logging_mixin.py:190} INFO - 📥 Received: page:main
[2025-05-20T05:22:51.700+0000] {logging_mixin.py:190} INFO - 📥 Received: page:movie_detail
[2025-05-20T05:22:51.700+0000] {logging_mixin.py:190} INFO - 📥 Received: page:movie_detail
[2025-05-20T05:22:51.701+0000] {logging_mixin.py:190} INFO - 📥 Received: page:movie_detail
[2025-05-20T05:22:51.701+0000] {logging_mixin.py:190} INFO - 📥 Received: page:movie_detail
[2025-05-20T05:22:51.701+0000] {logging_mixin.py:190} INFO - 📥 Received: page:movie_detail
[2025-05-20T05:22:51.701+0000] {logging_mixin.py:190} INFO - 📥 Received: page:movie_detail
[2025-05-20T05:22:51.701+0000] {logging_mixin.py:190} INFO - 📥 Received: page:movie_detail
[2025-05-20T05:22:51.701+0000] {logging_mixin.py:190} INFO - 📥 Received: page:movie_detail
[2025-05-20T05:22:51.701+0000] {logging_mixin.py:190} INFO - 📥 Received: page:movie_detail
[2025-05-20T05:22:51.701+0000] {logging_mixin.py:190} INFO - 📥 Received: page:movie_detail
[2025-05-20T05:22:51.702+0000] {logging_mixin.py:190} INFO - 📥 Received: page:movie_detail
[2025-05-20T05:22:51.702+0000] {logging_mixin.py:190} INFO - 📥 Received: page:movie_detail
[2025-05-20T05:22:51.702+0000] {logging_mixin.py:190} INFO - 📥 Received: page:movie_detail
[2025-05-20T05:22:51.702+0000] {logging_mixin.py:190} INFO - 📥 Received: page:movie_detail
[2025-05-20T05:22:51.702+0000] {logging_mixin.py:190} INFO - 📥 Received: page:movie_detail
[2025-05-20T05:22:51.702+0000] {logging_mixin.py:190} INFO - 📥 Received: page:movie_detail
[2025-05-20T05:22:51.702+0000] {logging_mixin.py:190} INFO - 📥 Received: page:movie_detail
[2025-05-20T05:22:51.702+0000] {logging_mixin.py:190} INFO - 📥 Received: page:movie_detail
[2025-05-20T05:22:51.702+0000] {logging_mixin.py:190} INFO - 📥 Received: page:movie_detail
[2025-05-20T05:22:51.703+0000] {logging_mixin.py:190} INFO - 📥 Received: page:movie_detail
[2025-05-20T05:22:51.703+0000] {logging_mixin.py:190} INFO - 📥 Received: page:main
[2025-05-20T05:22:51.703+0000] {logging_mixin.py:190} INFO - 📥 Received: page:movie_detail
[2025-05-20T05:22:51.703+0000] {logging_mixin.py:190} INFO - 📥 Received: page:movie_detail
[2025-05-20T05:22:51.703+0000] {logging_mixin.py:190} INFO - 📥 Received: page:movie_detail
[2025-05-20T05:22:51.703+0000] {logging_mixin.py:190} INFO - 📥 Received: page:movie_detail
[2025-05-20T05:22:51.703+0000] {logging_mixin.py:190} INFO - 📥 Received: page:movie_detail
[2025-05-20T05:22:51.703+0000] {logging_mixin.py:190} INFO - 📥 Received: page:movie_detail
[2025-05-20T05:22:51.703+0000] {logging_mixin.py:190} INFO - 📥 Received: page:main
[2025-05-20T05:22:51.704+0000] {logging_mixin.py:190} INFO - 📥 Received: page:movie_detail
[2025-05-20T05:22:51.704+0000] {logging_mixin.py:190} INFO - 📥 Received: page:movie_detail
[2025-05-20T05:22:51.704+0000] {logging_mixin.py:190} INFO - 📥 Received: page:movie_detail
[2025-05-20T05:22:51.704+0000] {logging_mixin.py:190} INFO - 📥 Received: page:main
[2025-05-20T05:22:51.704+0000] {logging_mixin.py:190} INFO - 📥 Received: page:movie_detail
[2025-05-20T05:22:51.704+0000] {logging_mixin.py:190} INFO - 📥 Received: page:main
[2025-05-20T05:22:51.704+0000] {logging_mixin.py:190} INFO - 📥 Received: page:movie_detail
[2025-05-20T05:22:51.704+0000] {logging_mixin.py:190} INFO - 📥 Received: page:movie_detail
[2025-05-20T05:22:51.704+0000] {logging_mixin.py:190} INFO - 📥 Received: page:movie_detail
[2025-05-20T05:22:51.705+0000] {logging_mixin.py:190} INFO - 📥 Received: page:main
[2025-05-20T05:22:51.705+0000] {logging_mixin.py:190} INFO - 📥 Received: page:movie_detail
[2025-05-20T05:22:51.705+0000] {logging_mixin.py:190} INFO - 📥 Received: page:movie_detail
[2025-05-20T05:22:51.705+0000] {logging_mixin.py:190} INFO - 📥 Received: page:main
[2025-05-20T05:22:51.705+0000] {logging_mixin.py:190} INFO - 📥 Received: page:movie_detail
[2025-05-20T05:22:51.705+0000] {logging_mixin.py:190} INFO - 📥 Received: page:movie_detail
[2025-05-20T05:22:51.705+0000] {logging_mixin.py:190} INFO - 📥 Received: page:movie_detail
[2025-05-20T05:22:51.705+0000] {logging_mixin.py:190} INFO - 📥 Received: page:movie_detail
[2025-05-20T05:22:51.705+0000] {logging_mixin.py:190} INFO - 📥 Received: page:main
[2025-05-20T05:22:51.706+0000] {logging_mixin.py:190} INFO - 📥 Received: page:main
[2025-05-20T05:22:51.706+0000] {logging_mixin.py:190} INFO - 📥 Received: page:main
[2025-05-20T05:22:51.706+0000] {logging_mixin.py:190} INFO - 📥 Received: page:main
[2025-05-20T05:22:51.706+0000] {logging_mixin.py:190} INFO - 📥 Received: page:movie_detail
[2025-05-20T05:22:51.706+0000] {logging_mixin.py:190} INFO - 📥 Received: page:movie_detail
[2025-05-20T05:22:51.706+0000] {logging_mixin.py:190} INFO - 📥 Received: page:main
[2025-05-20T05:22:51.706+0000] {logging_mixin.py:190} INFO - 📥 Received: page:movie_detail
[2025-05-20T05:22:51.706+0000] {logging_mixin.py:190} INFO - 📥 Received: page:main
[2025-05-20T05:22:51.706+0000] {logging_mixin.py:190} INFO - 📥 Received: page:movie_detail
[2025-05-20T05:22:51.707+0000] {logging_mixin.py:190} INFO - 📥 Received: page:main
[2025-05-20T05:22:51.707+0000] {logging_mixin.py:190} INFO - 📥 Received: page:main
[2025-05-20T05:22:51.707+0000] {logging_mixin.py:190} INFO - 📥 Received: page:movie_detail
[2025-05-20T05:22:51.707+0000] {logging_mixin.py:190} INFO - 📥 Received: page:movie_detail
[2025-05-20T05:22:51.707+0000] {logging_mixin.py:190} INFO - 📥 Received: page:movie_detail
[2025-05-20T05:22:51.707+0000] {logging_mixin.py:190} INFO - 📥 Received: page:movie_detail
[2025-05-20T05:22:51.707+0000] {logging_mixin.py:190} INFO - 📥 Received: page:movie_detail
[2025-05-20T05:22:51.707+0000] {logging_mixin.py:190} INFO - 📥 Received: page:main
[2025-05-20T05:22:51.707+0000] {logging_mixin.py:190} INFO - 📥 Received: page:main
[2025-05-20T05:22:51.708+0000] {logging_mixin.py:190} INFO - 📥 Received: page:main
[2025-05-20T05:22:51.708+0000] {logging_mixin.py:190} INFO - 📥 Received: page:movie_detail
[2025-05-20T05:22:51.708+0000] {logging_mixin.py:190} INFO - 📥 Received: page:movie_detail
[2025-05-20T05:22:51.708+0000] {logging_mixin.py:190} INFO - 📥 Received: page:movie_detail
[2025-05-20T05:22:51.708+0000] {logging_mixin.py:190} INFO - 📥 Received: page:movie_detail
[2025-05-20T05:22:51.708+0000] {logging_mixin.py:190} INFO - 📥 Received: page:movie_detail
[2025-05-20T05:22:51.708+0000] {logging_mixin.py:190} INFO - 📥 Received: page:movie_detail
[2025-05-20T05:22:51.708+0000] {logging_mixin.py:190} INFO - 📥 Received: page:main
[2025-05-20T05:22:51.708+0000] {logging_mixin.py:190} INFO - 📥 Received: page:movie_detail
[2025-05-20T05:22:51.709+0000] {logging_mixin.py:190} INFO - 📥 Received: page:movie_detail
[2025-05-20T05:22:51.709+0000] {logging_mixin.py:190} INFO - 📥 Received: page:movie_detail
[2025-05-20T05:22:51.709+0000] {logging_mixin.py:190} INFO - 📥 Received: page:main
[2025-05-20T05:22:51.709+0000] {logging_mixin.py:190} INFO - 📥 Received: page:movie_detail
[2025-05-20T05:22:51.709+0000] {logging_mixin.py:190} INFO - 📥 Received: page:main
[2025-05-20T05:22:51.709+0000] {logging_mixin.py:190} INFO - 📥 Received: page:movie_detail
[2025-05-20T05:22:51.709+0000] {logging_mixin.py:190} INFO - 📥 Received: page:movie_detail
[2025-05-20T05:22:51.709+0000] {logging_mixin.py:190} INFO - 📥 Received: page:main
[2025-05-20T05:22:51.710+0000] {logging_mixin.py:190} INFO - 📥 Received: page:main
[2025-05-20T05:22:51.710+0000] {logging_mixin.py:190} INFO - 📥 Received: page:main
[2025-05-20T05:22:51.710+0000] {logging_mixin.py:190} INFO - 📥 Received: page:movie_detail
[2025-05-20T05:22:51.710+0000] {logging_mixin.py:190} INFO - 📥 Received: page:movie_detail
[2025-05-20T05:22:51.710+0000] {logging_mixin.py:190} INFO - 📥 Received: page:movie_detail
[2025-05-20T05:22:51.710+0000] {logging_mixin.py:190} INFO - 📥 Received: page:movie_detail
[2025-05-20T05:22:51.710+0000] {logging_mixin.py:190} INFO - 📥 Received: page:movie_detail
[2025-05-20T05:22:51.710+0000] {logging_mixin.py:190} INFO - 📥 Received: page:movie_detail
[2025-05-20T05:22:51.710+0000] {logging_mixin.py:190} INFO - 📥 Received: page:main
[2025-05-20T05:22:51.711+0000] {logging_mixin.py:190} INFO - 📥 Received: page:main
[2025-05-20T05:22:51.711+0000] {logging_mixin.py:190} INFO - 📥 Received: page:movie_detail
[2025-05-20T05:22:51.711+0000] {logging_mixin.py:190} INFO - 📥 Received: page:movie_detail
[2025-05-20T05:22:51.711+0000] {logging_mixin.py:190} INFO - 📥 Received: page:movie_detail
[2025-05-20T05:22:51.711+0000] {logging_mixin.py:190} INFO - 📥 Received: page:movie_detail
[2025-05-20T05:22:51.711+0000] {logging_mixin.py:190} INFO - 📥 Received: page:main
[2025-05-20T05:22:51.711+0000] {logging_mixin.py:190} INFO - 📥 Received: page:movie_detail
[2025-05-20T05:22:51.711+0000] {logging_mixin.py:190} INFO - 📥 Received: page:movie_detail
[2025-05-20T05:22:51.711+0000] {logging_mixin.py:190} INFO - 📥 Received: page:main
[2025-05-20T05:22:51.712+0000] {logging_mixin.py:190} INFO - 📥 Received: page:movie_detail
[2025-05-20T05:22:51.712+0000] {logging_mixin.py:190} INFO - 📥 Received: page:main
[2025-05-20T05:22:51.712+0000] {logging_mixin.py:190} INFO - 📥 Received: page:movie_detail
[2025-05-20T05:22:51.712+0000] {logging_mixin.py:190} INFO - 📥 Received: page:main
[2025-05-20T05:22:51.712+0000] {logging_mixin.py:190} INFO - 📥 Received: page:movie_detail
[2025-05-20T05:22:51.712+0000] {logging_mixin.py:190} INFO - 📥 Received: page:movie_detail
[2025-05-20T05:22:51.712+0000] {logging_mixin.py:190} INFO - 📥 Received: page:movie_detail
[2025-05-20T05:22:51.712+0000] {logging_mixin.py:190} INFO - 📥 Received: page:movie_detail
[2025-05-20T05:22:51.712+0000] {logging_mixin.py:190} INFO - 📥 Received: page:movie_detail
[2025-05-20T05:22:51.713+0000] {logging_mixin.py:190} INFO - 📥 Received: page:main
[2025-05-20T05:22:51.713+0000] {logging_mixin.py:190} INFO - 📥 Received: page:movie_detail
[2025-05-20T05:22:51.713+0000] {logging_mixin.py:190} INFO - 📥 Received: page:main
[2025-05-20T05:22:51.713+0000] {logging_mixin.py:190} INFO - 📥 Received: page:movie_detail
[2025-05-20T05:22:51.713+0000] {logging_mixin.py:190} INFO - 📥 Received: page:main
[2025-05-20T05:22:51.713+0000] {logging_mixin.py:190} INFO - 📥 Received: page:movie_detail
[2025-05-20T05:22:51.713+0000] {logging_mixin.py:190} INFO - 📥 Received: page:main
[2025-05-20T05:22:51.713+0000] {logging_mixin.py:190} INFO - 📥 Received: page:movie_detail
[2025-05-20T05:22:51.713+0000] {logging_mixin.py:190} INFO - 📥 Received: page:main
[2025-05-20T05:22:51.714+0000] {logging_mixin.py:190} INFO - 📥 Received: page:movie_detail
[2025-05-20T05:22:51.714+0000] {logging_mixin.py:190} INFO - 📥 Received: page:movie_detail
[2025-05-20T05:22:51.714+0000] {logging_mixin.py:190} INFO - 📥 Received: page:movie_detail
[2025-05-20T05:22:51.714+0000] {logging_mixin.py:190} INFO - 📥 Received: page:movie_detail
[2025-05-20T05:22:51.714+0000] {logging_mixin.py:190} INFO - 📥 Received: page:movie_detail
[2025-05-20T05:22:51.714+0000] {logging_mixin.py:190} INFO - 📥 Received: page:main
[2025-05-20T05:22:51.714+0000] {logging_mixin.py:190} INFO - 📥 Received: page:movie_detail
[2025-05-20T05:22:51.714+0000] {logging_mixin.py:190} INFO - 📥 Received: page:movie_detail
[2025-05-20T05:22:51.714+0000] {logging_mixin.py:190} INFO - 📥 Received: page:movie_detail
[2025-05-20T05:22:51.714+0000] {logging_mixin.py:190} INFO - 📥 Received: page:movie_detail
[2025-05-20T05:22:51.715+0000] {logging_mixin.py:190} INFO - 📥 Received: page:movie_detail
[2025-05-20T05:22:51.715+0000] {logging_mixin.py:190} INFO - 📥 Received: page:movie_detail
[2025-05-20T05:22:51.715+0000] {logging_mixin.py:190} INFO - 📥 Received: page:main
[2025-05-20T05:22:51.715+0000] {logging_mixin.py:190} INFO - 📥 Received: page:movie_detail
[2025-05-20T05:22:51.715+0000] {logging_mixin.py:190} INFO - 📥 Received: page:movie_detail
[2025-05-20T05:22:51.715+0000] {logging_mixin.py:190} INFO - 📥 Received: page:movie_detail
[2025-05-20T05:22:51.715+0000] {logging_mixin.py:190} INFO - 📥 Received: page:movie_detail
[2025-05-20T05:22:51.715+0000] {logging_mixin.py:190} INFO - 📥 Received: page:movie_detail
[2025-05-20T05:22:51.715+0000] {logging_mixin.py:190} INFO - 📥 Received: page:main
[2025-05-20T05:22:51.716+0000] {logging_mixin.py:190} INFO - 📥 Received: page:movie_detail
[2025-05-20T05:22:51.716+0000] {logging_mixin.py:190} INFO - 📥 Received: page:main
[2025-05-20T05:22:51.716+0000] {logging_mixin.py:190} INFO - 📥 Received: page:movie_detail
[2025-05-20T05:22:51.716+0000] {logging_mixin.py:190} INFO - 📥 Received: page:main
[2025-05-20T05:22:51.716+0000] {logging_mixin.py:190} INFO - 📥 Received: page:movie_detail
[2025-05-20T05:22:51.716+0000] {logging_mixin.py:190} INFO - 📥 Received: page:movie_detail
[2025-05-20T05:22:51.716+0000] {logging_mixin.py:190} INFO - 📥 Received: page:movie_detail
[2025-05-20T05:22:51.716+0000] {logging_mixin.py:190} INFO - 📥 Received: page:movie_detail
[2025-05-20T05:22:51.716+0000] {logging_mixin.py:190} INFO - 📥 Received: page:movie_detail
[2025-05-20T05:22:51.717+0000] {logging_mixin.py:190} INFO - 📥 Received: page:main
[2025-05-20T05:22:51.717+0000] {logging_mixin.py:190} INFO - 📥 Received: page:main
[2025-05-20T05:22:51.717+0000] {logging_mixin.py:190} INFO - 📥 Received: page:movie_detail
[2025-05-20T05:22:51.717+0000] {logging_mixin.py:190} INFO - 📥 Received: page:movie_detail
[2025-05-20T05:22:51.717+0000] {logging_mixin.py:190} INFO - 📥 Received: page:movie_detail
[2025-05-20T05:22:51.717+0000] {logging_mixin.py:190} INFO - 📥 Received: page:movie_detail
[2025-05-20T05:22:51.717+0000] {logging_mixin.py:190} INFO - 📥 Received: page:main
[2025-05-20T05:22:51.717+0000] {logging_mixin.py:190} INFO - 📥 Received: page:movie_detail
[2025-05-20T05:22:51.717+0000] {logging_mixin.py:190} INFO - 📥 Received: page:movie_detail
[2025-05-20T05:22:51.718+0000] {logging_mixin.py:190} INFO - 📥 Received: page:movie_detail
[2025-05-20T05:22:51.718+0000] {logging_mixin.py:190} INFO - 📥 Received: page:movie_detail
[2025-05-20T05:22:51.718+0000] {logging_mixin.py:190} INFO - 📥 Received: page:movie_detail
[2025-05-20T05:22:51.718+0000] {logging_mixin.py:190} INFO - 📥 Received: page:movie_detail
[2025-05-20T05:22:51.718+0000] {logging_mixin.py:190} INFO - 📥 Received: page:movie_detail
[2025-05-20T05:22:51.718+0000] {logging_mixin.py:190} INFO - 📥 Received: page:movie_detail
[2025-05-20T05:22:51.718+0000] {logging_mixin.py:190} INFO - 📥 Received: page:movie_detail
[2025-05-20T05:22:51.718+0000] {logging_mixin.py:190} INFO - 📥 Received: page:movie_detail
[2025-05-20T05:22:51.718+0000] {logging_mixin.py:190} INFO - 📥 Received: page:movie_detail
[2025-05-20T05:22:51.719+0000] {logging_mixin.py:190} INFO - 📥 Received: page:movie_detail
[2025-05-20T05:22:51.719+0000] {logging_mixin.py:190} INFO - 📥 Received: page:movie_detail
[2025-05-20T05:22:51.719+0000] {logging_mixin.py:190} INFO - 📥 Received: page:movie_detail
[2025-05-20T05:22:51.719+0000] {logging_mixin.py:190} INFO - 📥 Received: page:movie_detail
[2025-05-20T05:22:51.719+0000] {logging_mixin.py:190} INFO - 📥 Received: page:movie_detail
[2025-05-20T05:22:51.719+0000] {logging_mixin.py:190} INFO - 📥 Received: page:movie_detail
[2025-05-20T05:22:51.719+0000] {logging_mixin.py:190} INFO - 📥 Received: page:movie_detail
[2025-05-20T05:22:51.719+0000] {logging_mixin.py:190} INFO - 📥 Received: page:movie_detail
[2025-05-20T05:22:51.720+0000] {logging_mixin.py:190} INFO - 📥 Received: page:movie_detail
[2025-05-20T05:22:51.720+0000] {logging_mixin.py:190} INFO - 📥 Received: page:main
[2025-05-20T05:22:51.720+0000] {logging_mixin.py:190} INFO - 📥 Received: page:movie_detail
[2025-05-20T05:22:51.720+0000] {logging_mixin.py:190} INFO - 📥 Received: page:movie_detail
[2025-05-20T05:22:51.720+0000] {logging_mixin.py:190} INFO - 📥 Received: page:main
[2025-05-20T05:22:51.720+0000] {logging_mixin.py:190} INFO - 📥 Received: page:main
[2025-05-20T05:22:51.720+0000] {logging_mixin.py:190} INFO - 📥 Received: page:movie_detail
[2025-05-20T05:22:51.720+0000] {logging_mixin.py:190} INFO - 📥 Received: page:movie_detail
[2025-05-20T05:22:51.720+0000] {logging_mixin.py:190} INFO - 📥 Received: page:movie_detail
[2025-05-20T05:22:51.721+0000] {logging_mixin.py:190} INFO - 📥 Received: page:movie_detail
[2025-05-20T05:22:51.721+0000] {logging_mixin.py:190} INFO - 📥 Received: page:movie_detail
[2025-05-20T05:22:51.721+0000] {logging_mixin.py:190} INFO - 📥 Received: page:movie_detail
[2025-05-20T05:22:51.721+0000] {logging_mixin.py:190} INFO - 📥 Received: page:movie_detail
[2025-05-20T05:22:51.721+0000] {logging_mixin.py:190} INFO - 📥 Received: page:movie_detail
[2025-05-20T05:22:51.721+0000] {logging_mixin.py:190} INFO - 📥 Received: page:movie_detail
[2025-05-20T05:22:51.721+0000] {logging_mixin.py:190} INFO - 📥 Received: page:movie_detail
[2025-05-20T05:22:51.721+0000] {logging_mixin.py:190} INFO - 📥 Received: page:movie_detail
[2025-05-20T05:22:51.722+0000] {logging_mixin.py:190} INFO - 📥 Received: page:movie_detail
[2025-05-20T05:22:51.722+0000] {logging_mixin.py:190} INFO - 📥 Received: page:movie_detail
[2025-05-20T05:22:51.722+0000] {logging_mixin.py:190} INFO - 📥 Received: page:movie_detail
[2025-05-20T05:22:51.722+0000] {logging_mixin.py:190} INFO - 📥 Received: page:movie_detail
[2025-05-20T05:22:51.722+0000] {logging_mixin.py:190} INFO - 📥 Received: page:main
[2025-05-20T05:22:51.722+0000] {logging_mixin.py:190} INFO - 📥 Received: page:movie_detail
[2025-05-20T05:22:51.722+0000] {logging_mixin.py:190} INFO - 📥 Received: page:movie_detail
[2025-05-20T05:22:51.722+0000] {logging_mixin.py:190} INFO - 📥 Received: page:movie_detail
[2025-05-20T05:22:51.723+0000] {logging_mixin.py:190} INFO - 📥 Received: page:movie_detail
[2025-05-20T05:22:51.723+0000] {logging_mixin.py:190} INFO - 📥 Received: page:movie_detail
[2025-05-20T05:22:51.723+0000] {logging_mixin.py:190} INFO - 📥 Received: page:movie_detail
[2025-05-20T05:22:51.723+0000] {logging_mixin.py:190} INFO - 📥 Received: page:main
[2025-05-20T05:22:51.723+0000] {logging_mixin.py:190} INFO - 📥 Received: page:main
[2025-05-20T05:22:51.723+0000] {logging_mixin.py:190} INFO - 📥 Received: page:main
[2025-05-20T05:22:51.723+0000] {logging_mixin.py:190} INFO - 📥 Received: page:main
[2025-05-20T05:22:51.723+0000] {logging_mixin.py:190} INFO - 📥 Received: page:movie_detail
[2025-05-20T05:22:51.723+0000] {logging_mixin.py:190} INFO - 📥 Received: page:movie_detail
[2025-05-20T05:22:51.724+0000] {logging_mixin.py:190} INFO - 📥 Received: page:main
[2025-05-20T05:22:51.724+0000] {logging_mixin.py:190} INFO - 📥 Received: page:main
[2025-05-20T05:22:51.724+0000] {logging_mixin.py:190} INFO - 📥 Received: page:movie_detail
[2025-05-20T05:22:51.724+0000] {logging_mixin.py:190} INFO - 📥 Received: page:main
[2025-05-20T05:22:51.724+0000] {logging_mixin.py:190} INFO - 📥 Received: page:movie_detail
[2025-05-20T05:22:51.724+0000] {logging_mixin.py:190} INFO - 📥 Received: page:movie_detail
[2025-05-20T05:22:51.724+0000] {logging_mixin.py:190} INFO - 📥 Received: page:main
[2025-05-20T05:22:51.724+0000] {logging_mixin.py:190} INFO - 📥 Received: page:movie_detail
[2025-05-20T05:22:51.725+0000] {logging_mixin.py:190} INFO - 📥 Received: page:movie_detail
[2025-05-20T05:22:51.725+0000] {logging_mixin.py:190} INFO - 📥 Received: page:movie_detail
[2025-05-20T05:22:51.725+0000] {logging_mixin.py:190} INFO - 📥 Received: page:movie_detail
[2025-05-20T05:22:51.725+0000] {logging_mixin.py:190} INFO - 📥 Received: page:movie_detail
[2025-05-20T05:22:51.725+0000] {logging_mixin.py:190} INFO - 📥 Received: page:movie_detail
[2025-05-20T05:22:51.725+0000] {logging_mixin.py:190} INFO - 📥 Received: page:movie_detail
[2025-05-20T05:22:51.725+0000] {logging_mixin.py:190} INFO - 📥 Received: page:movie_detail
[2025-05-20T05:22:51.725+0000] {logging_mixin.py:190} INFO - 📥 Received: page:movie_detail
[2025-05-20T05:22:51.725+0000] {logging_mixin.py:190} INFO - 📥 Received: page:main
[2025-05-20T05:22:51.726+0000] {logging_mixin.py:190} INFO - 📥 Received: page:main
[2025-05-20T05:22:51.726+0000] {logging_mixin.py:190} INFO - 📥 Received: page:movie_detail
[2025-05-20T05:22:51.726+0000] {logging_mixin.py:190} INFO - 📥 Received: page:movie_detail
[2025-05-20T05:22:51.726+0000] {logging_mixin.py:190} INFO - 📥 Received: page:main
[2025-05-20T05:22:51.726+0000] {logging_mixin.py:190} INFO - 📥 Received: page:movie_detail
[2025-05-20T05:22:51.726+0000] {logging_mixin.py:190} INFO - 📥 Received: page:main
[2025-05-20T05:22:51.726+0000] {logging_mixin.py:190} INFO - 📥 Received: page:movie_detail
[2025-05-20T05:22:51.726+0000] {logging_mixin.py:190} INFO - 📥 Received: page:movie_detail
[2025-05-20T05:22:51.727+0000] {logging_mixin.py:190} INFO - 📥 Received: page:movie_detail
[2025-05-20T05:22:51.727+0000] {logging_mixin.py:190} INFO - 📥 Received: page:movie_detail
[2025-05-20T05:22:51.727+0000] {logging_mixin.py:190} INFO - 📥 Received: page:movie_detail
[2025-05-20T05:22:51.727+0000] {logging_mixin.py:190} INFO - 📥 Received: page:movie_detail
[2025-05-20T05:22:51.727+0000] {logging_mixin.py:190} INFO - 📥 Received: page:movie_detail
[2025-05-20T05:22:51.727+0000] {logging_mixin.py:190} INFO - 📥 Received: page:movie_detail
[2025-05-20T05:22:51.727+0000] {logging_mixin.py:190} INFO - 📥 Received: page:movie_detail
[2025-05-20T05:22:51.727+0000] {logging_mixin.py:190} INFO - 📥 Received: page:movie_detail
[2025-05-20T05:22:51.727+0000] {logging_mixin.py:190} INFO - 📥 Received: page:movie_detail
[2025-05-20T05:22:51.727+0000] {logging_mixin.py:190} INFO - 📥 Received: page:movie_detail
[2025-05-20T05:22:51.728+0000] {logging_mixin.py:190} INFO - 📥 Received: page:movie_detail
[2025-05-20T05:22:51.728+0000] {logging_mixin.py:190} INFO - 📥 Received: page:movie_detail
[2025-05-20T05:22:51.728+0000] {logging_mixin.py:190} INFO - 📥 Received: page:movie_detail
[2025-05-20T05:22:51.728+0000] {logging_mixin.py:190} INFO - 📥 Received: page:movie_detail
[2025-05-20T05:22:51.728+0000] {logging_mixin.py:190} INFO - 📥 Received: page:movie_detail
[2025-05-20T05:22:51.728+0000] {logging_mixin.py:190} INFO - 📥 Received: page:movie_detail
[2025-05-20T05:22:51.728+0000] {logging_mixin.py:190} INFO - 📥 Received: page:movie_detail
[2025-05-20T05:22:51.728+0000] {logging_mixin.py:190} INFO - 📥 Received: page:movie_detail
[2025-05-20T05:22:51.728+0000] {logging_mixin.py:190} INFO - 📥 Received: page:movie_detail
[2025-05-20T05:22:51.729+0000] {logging_mixin.py:190} INFO - 📥 Received: page:main
[2025-05-20T05:22:51.729+0000] {logging_mixin.py:190} INFO - 📥 Received: page:movie_detail
[2025-05-20T05:22:51.729+0000] {logging_mixin.py:190} INFO - 📥 Received: page:movie_detail
[2025-05-20T05:22:51.729+0000] {logging_mixin.py:190} INFO - 📥 Received: page:movie_detail
[2025-05-20T05:22:51.729+0000] {logging_mixin.py:190} INFO - 📥 Received: page:movie_detail
[2025-05-20T05:22:51.729+0000] {logging_mixin.py:190} INFO - 📥 Received: page:movie_detail
[2025-05-20T05:22:51.729+0000] {logging_mixin.py:190} INFO - 📥 Received: page:movie_detail
[2025-05-20T05:22:51.729+0000] {logging_mixin.py:190} INFO - 📥 Received: page:movie_detail
[2025-05-20T05:22:51.729+0000] {logging_mixin.py:190} INFO - 📥 Received: page:movie_detail
[2025-05-20T05:22:51.729+0000] {logging_mixin.py:190} INFO - 📥 Received: page:movie_detail
[2025-05-20T05:22:51.730+0000] {logging_mixin.py:190} INFO - 📥 Received: page:movie_detail
[2025-05-20T05:22:51.730+0000] {logging_mixin.py:190} INFO - 📥 Received: page:movie_detail
[2025-05-20T05:22:51.730+0000] {logging_mixin.py:190} INFO - 📥 Received: page:movie_detail
[2025-05-20T05:22:51.730+0000] {logging_mixin.py:190} INFO - 📥 Received: page:movie_detail
[2025-05-20T05:22:51.733+0000] {logging_mixin.py:190} INFO - ✅Minio connected
[2025-05-20T05:22:51.737+0000] {base.py:84} INFO - Retrieving connection 'minio'
[2025-05-20T05:22:51.737+0000] {connection_wrapper.py:388} INFO - AWS Connection (conn_id='minio', conn_type='aws') credentials retrieved from login and password.
[2025-05-20T05:22:51.834+0000] {logging_mixin.py:190} INFO - ✅ Bucket 'user-log-ml' already exists.
[2025-05-20T05:22:51.839+0000] {logging_mixin.py:190} INFO - ✅ File uploaded to MinIO: 2025-05-20_10-00-00.csv
[2025-05-20T05:22:51.841+0000] {base.py:834} INFO - Stopping heartbeat thread
[2025-05-20T05:22:54.843+0000] {base.py:1037} WARNING - Heartbeat thread did not fully terminate during close
[2025-05-20T05:22:54.845+0000] {base.py:865} INFO - Leaving consumer group (tospark).
[2025-05-20T05:22:54.854+0000] {conn.py:945} INFO - <BrokerConnection client_id=kafka-python-2.2.7, node_id=1 host=172.16.24.224:9092 <connected> [IPv4 ('172.16.24.224', 9092)]>: Closing connection. 
[2025-05-20T05:22:54.857+0000] {conn.py:945} INFO - <BrokerConnection client_id=kafka-python-2.2.7, node_id=coordinator-1 host=172.16.24.224:9092 <connected> [IPv4 ('172.16.24.224', 9092)]>: Closing connection. 
[2025-05-20T05:22:54.863+0000] {python.py:240} INFO - Done. Returned value was: None
[2025-05-20T05:22:54.879+0000] {taskinstance.py:340} INFO - ::group::Post task execution logs
[2025-05-20T05:22:54.880+0000] {taskinstance.py:352} INFO - Marking task as SUCCESS. dag_id=kafka_to_minio_to_spark, task_id=kafka_consumer, run_id=scheduled__2025-05-20T01:00:00+00:00, execution_date=20250520T010000, start_date=20250520T052248, end_date=20250520T052254
[2025-05-20T05:22:54.908+0000] {local_task_job_runner.py:266} INFO - Task exited with return code 0
[2025-05-20T05:22:54.921+0000] {taskinstance.py:3900} INFO - 1 downstream tasks scheduled from follow-on schedule check
[2025-05-20T05:22:54.922+0000] {local_task_job_runner.py:245} INFO - ::endgroup::
