[2025-05-20T03:30:50.358+0000] {local_task_job_runner.py:123} INFO - ::group::Pre task execution logs
[2025-05-20T03:30:50.363+0000] {taskinstance.py:2612} INFO - Dependencies all met for dep_context=non-requeueable deps ti=<TaskInstance: kafka_to_minio_to_spark.kafka_consumer scheduled__2025-05-20T01:00:00+00:00 [queued]>
[2025-05-20T03:30:50.365+0000] {taskinstance.py:2612} INFO - Dependencies all met for dep_context=requeueable deps ti=<TaskInstance: kafka_to_minio_to_spark.kafka_consumer scheduled__2025-05-20T01:00:00+00:00 [queued]>
[2025-05-20T03:30:50.366+0000] {taskinstance.py:2865} INFO - Starting attempt 4 of 5
[2025-05-20T03:30:50.369+0000] {taskinstance.py:2888} INFO - Executing <Task(PythonOperator): kafka_consumer> on 2025-05-20 01:00:00+00:00
[2025-05-20T03:30:50.371+0000] {standard_task_runner.py:72} INFO - Started process 81 to run task
[2025-05-20T03:30:50.373+0000] {standard_task_runner.py:104} INFO - Running: ['***', 'tasks', 'run', 'kafka_to_minio_to_spark', 'kafka_consumer', 'scheduled__2025-05-20T01:00:00+00:00', '--job-id', '116', '--raw', '--subdir', 'DAGS_FOLDER/testlog_ml.py', '--cfg-path', '/tmp/tmpjdbv0xk5']
[2025-05-20T03:30:50.373+0000] {standard_task_runner.py:105} INFO - Job 116: Subtask kafka_consumer
[2025-05-20T03:30:50.389+0000] {task_command.py:467} INFO - Running <TaskInstance: kafka_to_minio_to_spark.kafka_consumer scheduled__2025-05-20T01:00:00+00:00 [running]> on host 84baf2b9d738
[2025-05-20T03:30:50.412+0000] {taskinstance.py:3131} INFO - Exporting env vars: AIRFLOW_CTX_DAG_OWNER='***' AIRFLOW_CTX_DAG_ID='kafka_to_minio_to_spark' AIRFLOW_CTX_TASK_ID='kafka_consumer' AIRFLOW_CTX_EXECUTION_DATE='2025-05-20T01:00:00+00:00' AIRFLOW_CTX_TRY_NUMBER='4' AIRFLOW_CTX_DAG_RUN_ID='scheduled__2025-05-20T01:00:00+00:00'
[2025-05-20T03:30:50.412+0000] {taskinstance.py:731} INFO - ::endgroup::
[2025-05-20T03:30:50.419+0000] {conn.py:396} INFO - <BrokerConnection client_id=kafka-python-2.2.7, node_id=bootstrap-0 host=host.docker.internal:9092 <connecting> [IPv4 ('192.168.65.254', 9092)]>: connecting to host.docker.internal:9092 [('192.168.65.254', 9092) IPv4]
[2025-05-20T03:30:50.421+0000] {conn.py:618} INFO - <BrokerConnection client_id=kafka-python-2.2.7, node_id=bootstrap-0 host=host.docker.internal:9092 <checking_api_versions_recv> [IPv4 ('192.168.65.254', 9092)]>: Broker version identified as 2.6
[2025-05-20T03:30:50.421+0000] {conn.py:457} INFO - <BrokerConnection client_id=kafka-python-2.2.7, node_id=bootstrap-0 host=host.docker.internal:9092 <connected> [IPv4 ('192.168.65.254', 9092)]>: Connection complete.
[2025-05-20T03:30:50.422+0000] {subscription_state.py:177} INFO - Updating subscribed topics to: ('userlog',)
[2025-05-20T03:30:50.422+0000] {logging_mixin.py:190} INFO - ✅ consumer started, waiting for messages....
[2025-05-20T03:30:50.424+0000] {conn.py:396} INFO - <BrokerConnection client_id=kafka-python-2.2.7, node_id=1 host=172.16.24.224:9092 <connecting> [IPv4 ('172.16.24.224', 9092)]>: connecting to 172.16.24.224:9092 [('172.16.24.224', 9092) IPv4]
[2025-05-20T03:30:50.526+0000] {conn.py:457} INFO - <BrokerConnection client_id=kafka-python-2.2.7, node_id=1 host=172.16.24.224:9092 <connected> [IPv4 ('172.16.24.224', 9092)]>: Connection complete.
[2025-05-20T03:30:50.526+0000] {conn.py:945} INFO - <BrokerConnection client_id=kafka-python-2.2.7, node_id=bootstrap-0 host=host.docker.internal:9092 <connected> [IPv4 ('192.168.65.254', 9092)]>: Closing connection. 
[2025-05-20T03:30:50.630+0000] {cluster.py:400} INFO - Coordinator for group/testlog is ('coordinator-1', '172.16.24.224', 9092, None)
[2025-05-20T03:30:50.630+0000] {base.py:769} INFO - Discovered coordinator coordinator-1 for group testlog
[2025-05-20T03:30:50.631+0000] {base.py:820} INFO - Starting new heartbeat thread
[2025-05-20T03:30:50.631+0000] {consumer.py:362} INFO - Revoking previously assigned partitions () for group testlog
[2025-05-20T03:30:50.632+0000] {conn.py:396} INFO - <BrokerConnection client_id=kafka-python-2.2.7, node_id=coordinator-1 host=172.16.24.224:9092 <connecting> [IPv4 ('172.16.24.224', 9092)]>: connecting to 172.16.24.224:9092 [('172.16.24.224', 9092) IPv4]
[2025-05-20T03:30:50.735+0000] {conn.py:457} INFO - <BrokerConnection client_id=kafka-python-2.2.7, node_id=coordinator-1 host=172.16.24.224:9092 <connected> [IPv4 ('172.16.24.224', 9092)]>: Connection complete.
[2025-05-20T03:30:50.838+0000] {base.py:524} INFO - (Re-)joining group testlog
[2025-05-20T03:30:50.845+0000] {base.py:524} INFO - (Re-)joining group testlog
[2025-05-20T03:30:53.854+0000] {base.py:587} INFO - Elected group leader -- performing partition assignments using range
[2025-05-20T03:30:53.862+0000] {base.py:401} INFO - Successfully joined group testlog with generation 1
[2025-05-20T03:30:53.863+0000] {subscription_state.py:246} INFO - Updated partition assignment: [('userlog', 0)]
[2025-05-20T03:30:53.864+0000] {consumer.py:249} INFO - Setting newly assigned partitions (('userlog', 0),) for group testlog
[2025-05-20T03:30:53.869+0000] {fetcher.py:413} INFO - Resetting offset for partition ('userlog', 0) to offset 0.
[2025-05-20T03:30:53.901+0000] {logging_mixin.py:190} INFO - 📥 Received: page:movie_detail
[2025-05-20T03:30:53.901+0000] {logging_mixin.py:190} INFO - 📥 Received: page:movie_detail
[2025-05-20T03:30:53.902+0000] {logging_mixin.py:190} INFO - 📥 Received: page:movie_detail
[2025-05-20T03:30:53.902+0000] {logging_mixin.py:190} INFO - 📥 Received: page:main
[2025-05-20T03:30:53.902+0000] {logging_mixin.py:190} INFO - 📥 Received: page:movie_detail
[2025-05-20T03:30:53.902+0000] {logging_mixin.py:190} INFO - 📥 Received: page:movie_detail
[2025-05-20T03:30:53.902+0000] {logging_mixin.py:190} INFO - 📥 Received: page:movie_detail
[2025-05-20T03:30:53.902+0000] {logging_mixin.py:190} INFO - 📥 Received: page:movie_detail
[2025-05-20T03:30:53.903+0000] {logging_mixin.py:190} INFO - 📥 Received: page:movie_detail
[2025-05-20T03:30:53.903+0000] {logging_mixin.py:190} INFO - 📥 Received: page:main
[2025-05-20T03:30:53.903+0000] {logging_mixin.py:190} INFO - 📥 Received: page:movie_detail
[2025-05-20T03:30:53.903+0000] {logging_mixin.py:190} INFO - 📥 Received: page:movie_detail
[2025-05-20T03:30:53.903+0000] {logging_mixin.py:190} INFO - 📥 Received: page:movie_detail
[2025-05-20T03:30:53.903+0000] {logging_mixin.py:190} INFO - 📥 Received: page:main
[2025-05-20T03:30:53.903+0000] {logging_mixin.py:190} INFO - 📥 Received: page:main
[2025-05-20T03:30:53.904+0000] {logging_mixin.py:190} INFO - 📥 Received: page:movie_detail
[2025-05-20T03:30:53.904+0000] {logging_mixin.py:190} INFO - 📥 Received: page:movie_detail
[2025-05-20T03:30:53.904+0000] {logging_mixin.py:190} INFO - 📥 Received: page:main
[2025-05-20T03:30:53.904+0000] {logging_mixin.py:190} INFO - 📥 Received: page:movie_detail
[2025-05-20T03:30:53.904+0000] {logging_mixin.py:190} INFO - 📥 Received: page:main
[2025-05-20T03:30:53.904+0000] {logging_mixin.py:190} INFO - 📥 Received: page:main
[2025-05-20T03:30:53.905+0000] {logging_mixin.py:190} INFO - 📥 Received: page:movie_detail
[2025-05-20T03:30:53.905+0000] {logging_mixin.py:190} INFO - 📥 Received: page:movie_detail
[2025-05-20T03:30:53.905+0000] {logging_mixin.py:190} INFO - 📥 Received: page:movie_detail
[2025-05-20T03:30:53.905+0000] {logging_mixin.py:190} INFO - 📥 Received: page:main
[2025-05-20T03:30:53.905+0000] {logging_mixin.py:190} INFO - 📥 Received: page:movie_detail
[2025-05-20T03:30:53.905+0000] {logging_mixin.py:190} INFO - 📥 Received: page:movie_detail
[2025-05-20T03:30:53.905+0000] {logging_mixin.py:190} INFO - 📥 Received: page:movie_detail
[2025-05-20T03:30:53.906+0000] {logging_mixin.py:190} INFO - 📥 Received: page:movie_detail
[2025-05-20T03:30:53.906+0000] {logging_mixin.py:190} INFO - 📥 Received: page:movie_detail
[2025-05-20T03:30:53.906+0000] {logging_mixin.py:190} INFO - 📥 Received: page:movie_detail
[2025-05-20T03:30:53.906+0000] {logging_mixin.py:190} INFO - 📥 Received: page:main
[2025-05-20T03:30:53.906+0000] {logging_mixin.py:190} INFO - 📥 Received: page:movie_detail
[2025-05-20T03:30:53.906+0000] {logging_mixin.py:190} INFO - 📥 Received: page:movie_detail
[2025-05-20T03:30:53.906+0000] {logging_mixin.py:190} INFO - 📥 Received: page:movie_detail
[2025-05-20T03:30:53.907+0000] {logging_mixin.py:190} INFO - 📥 Received: page:movie_detail
[2025-05-20T03:30:53.907+0000] {logging_mixin.py:190} INFO - 📥 Received: page:movie_detail
[2025-05-20T03:30:53.907+0000] {logging_mixin.py:190} INFO - 📥 Received: page:movie_detail
[2025-05-20T03:30:53.907+0000] {logging_mixin.py:190} INFO - 📥 Received: page:movie_detail
[2025-05-20T03:30:53.907+0000] {logging_mixin.py:190} INFO - 📥 Received: page:movie_detail
[2025-05-20T03:30:53.907+0000] {logging_mixin.py:190} INFO - 📥 Received: page:movie_detail
[2025-05-20T03:30:53.907+0000] {logging_mixin.py:190} INFO - 📥 Received: page:movie_detail
[2025-05-20T03:30:53.908+0000] {logging_mixin.py:190} INFO - 📥 Received: page:movie_detail
[2025-05-20T03:30:53.908+0000] {logging_mixin.py:190} INFO - 📥 Received: page:movie_detail
[2025-05-20T03:30:53.908+0000] {logging_mixin.py:190} INFO - 📥 Received: page:main
[2025-05-20T03:30:53.908+0000] {logging_mixin.py:190} INFO - 📥 Received: page:movie_detail
[2025-05-20T03:30:53.908+0000] {logging_mixin.py:190} INFO - 📥 Received: page:movie_detail
[2025-05-20T03:30:53.908+0000] {logging_mixin.py:190} INFO - 📥 Received: page:movie_detail
[2025-05-20T03:30:53.908+0000] {logging_mixin.py:190} INFO - 📥 Received: page:movie_detail
[2025-05-20T03:30:53.908+0000] {logging_mixin.py:190} INFO - 📥 Received: page:main
[2025-05-20T03:30:53.909+0000] {logging_mixin.py:190} INFO - 📥 Received: page:movie_detail
[2025-05-20T03:30:53.909+0000] {logging_mixin.py:190} INFO - 📥 Received: page:movie_detail
[2025-05-20T03:30:53.909+0000] {logging_mixin.py:190} INFO - 📥 Received: page:movie_detail
[2025-05-20T03:30:53.909+0000] {logging_mixin.py:190} INFO - 📥 Received: page:main
[2025-05-20T03:30:53.909+0000] {logging_mixin.py:190} INFO - 📥 Received: page:main
[2025-05-20T03:30:53.909+0000] {logging_mixin.py:190} INFO - 📥 Received: page:movie_detail
[2025-05-20T03:30:53.909+0000] {logging_mixin.py:190} INFO - 📥 Received: page:movie_detail
[2025-05-20T03:30:53.910+0000] {logging_mixin.py:190} INFO - 📥 Received: page:movie_detail
[2025-05-20T03:30:53.910+0000] {logging_mixin.py:190} INFO - 📥 Received: page:movie_detail
[2025-05-20T03:30:53.910+0000] {logging_mixin.py:190} INFO - 📥 Received: page:main
[2025-05-20T03:30:53.910+0000] {logging_mixin.py:190} INFO - 📥 Received: page:movie_detail
[2025-05-20T03:30:53.910+0000] {logging_mixin.py:190} INFO - 📥 Received: page:movie_detail
[2025-05-20T03:30:53.910+0000] {logging_mixin.py:190} INFO - 📥 Received: page:movie_detail
[2025-05-20T03:30:53.910+0000] {logging_mixin.py:190} INFO - 📥 Received: page:main
[2025-05-20T03:30:53.910+0000] {logging_mixin.py:190} INFO - 📥 Received: page:movie_detail
[2025-05-20T03:30:53.911+0000] {logging_mixin.py:190} INFO - 📥 Received: page:movie_detail
[2025-05-20T03:30:53.911+0000] {logging_mixin.py:190} INFO - 📥 Received: page:movie_detail
[2025-05-20T03:30:53.911+0000] {logging_mixin.py:190} INFO - 📥 Received: page:movie_detail
[2025-05-20T03:30:53.911+0000] {logging_mixin.py:190} INFO - 📥 Received: page:movie_detail
[2025-05-20T03:30:53.911+0000] {logging_mixin.py:190} INFO - 📥 Received: page:movie_detail
[2025-05-20T03:30:53.911+0000] {logging_mixin.py:190} INFO - 📥 Received: page:movie_detail
[2025-05-20T03:30:53.911+0000] {logging_mixin.py:190} INFO - 📥 Received: page:movie_detail
[2025-05-20T03:30:53.912+0000] {logging_mixin.py:190} INFO - 📥 Received: page:movie_detail
[2025-05-20T03:30:53.912+0000] {logging_mixin.py:190} INFO - 📥 Received: page:main
[2025-05-20T03:30:53.912+0000] {logging_mixin.py:190} INFO - 📥 Received: page:movie_detail
[2025-05-20T03:30:53.912+0000] {logging_mixin.py:190} INFO - 📥 Received: page:movie_detail
[2025-05-20T03:30:53.912+0000] {logging_mixin.py:190} INFO - 📥 Received: page:movie_detail
[2025-05-20T03:30:53.912+0000] {logging_mixin.py:190} INFO - 📥 Received: page:main
[2025-05-20T03:30:53.912+0000] {logging_mixin.py:190} INFO - 📥 Received: page:movie_detail
[2025-05-20T03:30:53.912+0000] {logging_mixin.py:190} INFO - 📥 Received: page:movie_detail
[2025-05-20T03:30:53.913+0000] {logging_mixin.py:190} INFO - 📥 Received: page:movie_detail
[2025-05-20T03:30:53.913+0000] {logging_mixin.py:190} INFO - 📥 Received: page:movie_detail
[2025-05-20T03:30:53.913+0000] {logging_mixin.py:190} INFO - 📥 Received: page:main
[2025-05-20T03:30:53.913+0000] {logging_mixin.py:190} INFO - 📥 Received: page:movie_detail
[2025-05-20T03:30:53.913+0000] {logging_mixin.py:190} INFO - 📥 Received: page:movie_detail
[2025-05-20T03:30:53.913+0000] {logging_mixin.py:190} INFO - 📥 Received: page:movie_detail
[2025-05-20T03:30:53.913+0000] {logging_mixin.py:190} INFO - 📥 Received: page:movie_detail
[2025-05-20T03:30:53.914+0000] {logging_mixin.py:190} INFO - 📥 Received: page:movie_detail
[2025-05-20T03:30:53.914+0000] {logging_mixin.py:190} INFO - 📥 Received: page:movie_detail
[2025-05-20T03:30:53.914+0000] {logging_mixin.py:190} INFO - 📥 Received: page:movie_detail
[2025-05-20T03:30:53.914+0000] {logging_mixin.py:190} INFO - 📥 Received: page:movie_detail
[2025-05-20T03:30:53.914+0000] {logging_mixin.py:190} INFO - 📥 Received: page:main
[2025-05-20T03:30:53.914+0000] {logging_mixin.py:190} INFO - 📥 Received: page:movie_detail
[2025-05-20T03:30:53.914+0000] {logging_mixin.py:190} INFO - 📥 Received: page:movie_detail
[2025-05-20T03:30:53.914+0000] {logging_mixin.py:190} INFO - 📥 Received: page:movie_detail
[2025-05-20T03:30:53.915+0000] {logging_mixin.py:190} INFO - 📥 Received: page:movie_detail
[2025-05-20T03:30:53.915+0000] {logging_mixin.py:190} INFO - 📥 Received: page:movie_detail
[2025-05-20T03:30:53.915+0000] {logging_mixin.py:190} INFO - 📥 Received: page:main
[2025-05-20T03:30:53.915+0000] {logging_mixin.py:190} INFO - 📥 Received: page:movie_detail
[2025-05-20T03:30:53.915+0000] {logging_mixin.py:190} INFO - 📥 Received: page:movie_detail
[2025-05-20T03:30:53.915+0000] {logging_mixin.py:190} INFO - 📥 Received: page:movie_detail
[2025-05-20T03:30:53.915+0000] {logging_mixin.py:190} INFO - 📥 Received: page:main
[2025-05-20T03:30:53.915+0000] {logging_mixin.py:190} INFO - 📥 Received: page:movie_detail
[2025-05-20T03:30:53.916+0000] {logging_mixin.py:190} INFO - 📥 Received: page:movie_detail
[2025-05-20T03:30:53.916+0000] {logging_mixin.py:190} INFO - 📥 Received: page:movie_detail
[2025-05-20T03:30:53.916+0000] {logging_mixin.py:190} INFO - 📥 Received: page:main
[2025-05-20T03:30:53.916+0000] {logging_mixin.py:190} INFO - 📥 Received: page:main
[2025-05-20T03:30:53.916+0000] {logging_mixin.py:190} INFO - 📥 Received: page:main
[2025-05-20T03:30:53.916+0000] {logging_mixin.py:190} INFO - 📥 Received: page:movie_detail
[2025-05-20T03:30:53.916+0000] {logging_mixin.py:190} INFO - 📥 Received: page:movie_detail
[2025-05-20T03:30:53.916+0000] {logging_mixin.py:190} INFO - 📥 Received: page:movie_detail
[2025-05-20T03:30:53.916+0000] {logging_mixin.py:190} INFO - 📥 Received: page:main
[2025-05-20T03:30:53.917+0000] {logging_mixin.py:190} INFO - 📥 Received: page:movie_detail
[2025-05-20T03:30:53.917+0000] {logging_mixin.py:190} INFO - 📥 Received: page:main
[2025-05-20T03:30:53.917+0000] {logging_mixin.py:190} INFO - 📥 Received: page:movie_detail
[2025-05-20T03:30:53.917+0000] {logging_mixin.py:190} INFO - 📥 Received: page:movie_detail
[2025-05-20T03:30:53.917+0000] {logging_mixin.py:190} INFO - 📥 Received: page:movie_detail
[2025-05-20T03:30:53.917+0000] {logging_mixin.py:190} INFO - 📥 Received: page:movie_detail
[2025-05-20T03:30:53.917+0000] {logging_mixin.py:190} INFO - 📥 Received: page:movie_detail
[2025-05-20T03:30:53.917+0000] {logging_mixin.py:190} INFO - 📥 Received: page:movie_detail
[2025-05-20T03:30:53.918+0000] {logging_mixin.py:190} INFO - 📥 Received: page:movie_detail
[2025-05-20T03:30:53.918+0000] {logging_mixin.py:190} INFO - 📥 Received: page:main
[2025-05-20T03:30:53.918+0000] {logging_mixin.py:190} INFO - 📥 Received: page:movie_detail
[2025-05-20T03:30:53.918+0000] {logging_mixin.py:190} INFO - 📥 Received: page:movie_detail
[2025-05-20T03:30:53.918+0000] {logging_mixin.py:190} INFO - 📥 Received: page:movie_detail
[2025-05-20T03:30:53.918+0000] {logging_mixin.py:190} INFO - 📥 Received: page:movie_detail
[2025-05-20T03:30:53.918+0000] {logging_mixin.py:190} INFO - 📥 Received: page:movie_detail
[2025-05-20T03:30:53.918+0000] {logging_mixin.py:190} INFO - 📥 Received: page:movie_detail
[2025-05-20T03:30:53.919+0000] {logging_mixin.py:190} INFO - 📥 Received: page:movie_detail
[2025-05-20T03:30:53.919+0000] {logging_mixin.py:190} INFO - 📥 Received: page:movie_detail
[2025-05-20T03:30:53.919+0000] {logging_mixin.py:190} INFO - 📥 Received: page:movie_detail
[2025-05-20T03:30:53.919+0000] {logging_mixin.py:190} INFO - 📥 Received: page:movie_detail
[2025-05-20T03:30:53.919+0000] {logging_mixin.py:190} INFO - 📥 Received: page:movie_detail
[2025-05-20T03:30:53.919+0000] {logging_mixin.py:190} INFO - 📥 Received: page:movie_detail
[2025-05-20T03:30:53.919+0000] {logging_mixin.py:190} INFO - 📥 Received: page:movie_detail
[2025-05-20T03:30:53.919+0000] {logging_mixin.py:190} INFO - 📥 Received: page:movie_detail
[2025-05-20T03:30:53.920+0000] {logging_mixin.py:190} INFO - 📥 Received: page:movie_detail
[2025-05-20T03:30:53.920+0000] {logging_mixin.py:190} INFO - 📥 Received: page:movie_detail
[2025-05-20T03:30:53.920+0000] {logging_mixin.py:190} INFO - 📥 Received: page:movie_detail
[2025-05-20T03:30:53.920+0000] {logging_mixin.py:190} INFO - 📥 Received: page:movie_detail
[2025-05-20T03:30:53.920+0000] {logging_mixin.py:190} INFO - 📥 Received: page:main
[2025-05-20T03:30:53.920+0000] {logging_mixin.py:190} INFO - 📥 Received: page:movie_detail
[2025-05-20T03:30:53.920+0000] {logging_mixin.py:190} INFO - 📥 Received: page:movie_detail
[2025-05-20T03:30:53.920+0000] {logging_mixin.py:190} INFO - 📥 Received: page:movie_detail
[2025-05-20T03:30:53.921+0000] {logging_mixin.py:190} INFO - 📥 Received: page:movie_detail
[2025-05-20T03:30:53.921+0000] {logging_mixin.py:190} INFO - 📥 Received: page:movie_detail
[2025-05-20T03:30:53.921+0000] {logging_mixin.py:190} INFO - 📥 Received: page:main
[2025-05-20T03:30:53.921+0000] {logging_mixin.py:190} INFO - 📥 Received: page:movie_detail
[2025-05-20T03:30:53.921+0000] {logging_mixin.py:190} INFO - 📥 Received: page:movie_detail
[2025-05-20T03:30:53.921+0000] {logging_mixin.py:190} INFO - 📥 Received: page:main
[2025-05-20T03:30:53.921+0000] {logging_mixin.py:190} INFO - 📥 Received: page:main
[2025-05-20T03:30:53.921+0000] {logging_mixin.py:190} INFO - 📥 Received: page:main
[2025-05-20T03:30:53.921+0000] {logging_mixin.py:190} INFO - 📥 Received: page:movie_detail
[2025-05-20T03:30:53.922+0000] {logging_mixin.py:190} INFO - 📥 Received: page:movie_detail
[2025-05-20T03:30:53.922+0000] {logging_mixin.py:190} INFO - 📥 Received: page:movie_detail
[2025-05-20T03:30:53.922+0000] {logging_mixin.py:190} INFO - 📥 Received: page:movie_detail
[2025-05-20T03:30:53.922+0000] {logging_mixin.py:190} INFO - 📥 Received: page:main
[2025-05-20T03:30:53.922+0000] {logging_mixin.py:190} INFO - 📥 Received: page:movie_detail
[2025-05-20T03:30:53.922+0000] {logging_mixin.py:190} INFO - 📥 Received: page:main
[2025-05-20T03:30:53.922+0000] {logging_mixin.py:190} INFO - 📥 Received: page:movie_detail
[2025-05-20T03:30:53.922+0000] {logging_mixin.py:190} INFO - 📥 Received: page:movie_detail
[2025-05-20T03:30:53.923+0000] {logging_mixin.py:190} INFO - 📥 Received: page:main
[2025-05-20T03:30:53.923+0000] {logging_mixin.py:190} INFO - 📥 Received: page:movie_detail
[2025-05-20T03:30:53.923+0000] {logging_mixin.py:190} INFO - 📥 Received: page:movie_detail
[2025-05-20T03:30:53.923+0000] {logging_mixin.py:190} INFO - 📥 Received: page:movie_detail
[2025-05-20T03:30:53.923+0000] {logging_mixin.py:190} INFO - 📥 Received: page:main
[2025-05-20T03:30:53.923+0000] {logging_mixin.py:190} INFO - 📥 Received: page:main
[2025-05-20T03:30:53.923+0000] {logging_mixin.py:190} INFO - 📥 Received: page:main
[2025-05-20T03:30:53.923+0000] {logging_mixin.py:190} INFO - 📥 Received: page:movie_detail
[2025-05-20T03:30:53.924+0000] {logging_mixin.py:190} INFO - 📥 Received: page:main
[2025-05-20T03:30:53.924+0000] {logging_mixin.py:190} INFO - 📥 Received: page:movie_detail
[2025-05-20T03:30:53.924+0000] {logging_mixin.py:190} INFO - 📥 Received: page:movie_detail
[2025-05-20T03:30:53.924+0000] {logging_mixin.py:190} INFO - 📥 Received: page:movie_detail
[2025-05-20T03:30:53.924+0000] {logging_mixin.py:190} INFO - 📥 Received: page:main
[2025-05-20T03:30:53.924+0000] {logging_mixin.py:190} INFO - 📥 Received: page:movie_detail
[2025-05-20T03:30:53.924+0000] {logging_mixin.py:190} INFO - 📥 Received: page:movie_detail
[2025-05-20T03:30:53.924+0000] {logging_mixin.py:190} INFO - 📥 Received: page:main
[2025-05-20T03:30:53.924+0000] {logging_mixin.py:190} INFO - 📥 Received: page:movie_detail
[2025-05-20T03:30:53.925+0000] {logging_mixin.py:190} INFO - 📥 Received: page:movie_detail
[2025-05-20T03:30:53.925+0000] {logging_mixin.py:190} INFO - 📥 Received: page:movie_detail
[2025-05-20T03:30:53.925+0000] {logging_mixin.py:190} INFO - 📥 Received: page:movie_detail
[2025-05-20T03:30:53.925+0000] {logging_mixin.py:190} INFO - 📥 Received: page:movie_detail
[2025-05-20T03:30:53.925+0000] {logging_mixin.py:190} INFO - 📥 Received: page:movie_detail
[2025-05-20T03:30:53.925+0000] {logging_mixin.py:190} INFO - 📥 Received: page:movie_detail
[2025-05-20T03:30:53.925+0000] {logging_mixin.py:190} INFO - 📥 Received: page:movie_detail
[2025-05-20T03:30:53.925+0000] {logging_mixin.py:190} INFO - 📥 Received: page:main
[2025-05-20T03:30:53.926+0000] {logging_mixin.py:190} INFO - 📥 Received: page:movie_detail
[2025-05-20T03:30:53.926+0000] {logging_mixin.py:190} INFO - 📥 Received: page:movie_detail
[2025-05-20T03:30:53.926+0000] {logging_mixin.py:190} INFO - 📥 Received: page:movie_detail
[2025-05-20T03:30:53.926+0000] {logging_mixin.py:190} INFO - 📥 Received: page:main
[2025-05-20T03:30:53.926+0000] {logging_mixin.py:190} INFO - 📥 Received: page:movie_detail
[2025-05-20T03:30:53.926+0000] {logging_mixin.py:190} INFO - 📥 Received: page:movie_detail
[2025-05-20T03:30:53.926+0000] {logging_mixin.py:190} INFO - 📥 Received: page:movie_detail
[2025-05-20T03:30:53.926+0000] {logging_mixin.py:190} INFO - 📥 Received: page:movie_detail
[2025-05-20T03:30:53.926+0000] {logging_mixin.py:190} INFO - 📥 Received: page:movie_detail
[2025-05-20T03:30:53.927+0000] {logging_mixin.py:190} INFO - 📥 Received: page:movie_detail
[2025-05-20T03:30:53.927+0000] {logging_mixin.py:190} INFO - 📥 Received: page:movie_detail
[2025-05-20T03:30:53.927+0000] {logging_mixin.py:190} INFO - 📥 Received: page:movie_detail
[2025-05-20T03:30:53.927+0000] {logging_mixin.py:190} INFO - 📥 Received: page:movie_detail
[2025-05-20T03:30:53.927+0000] {logging_mixin.py:190} INFO - 📥 Received: page:movie_detail
[2025-05-20T03:30:53.927+0000] {logging_mixin.py:190} INFO - 📥 Received: page:movie_detail
[2025-05-20T03:30:53.927+0000] {logging_mixin.py:190} INFO - 📥 Received: page:movie_detail
[2025-05-20T03:30:53.927+0000] {logging_mixin.py:190} INFO - 📥 Received: page:movie_detail
[2025-05-20T03:30:53.927+0000] {logging_mixin.py:190} INFO - 📥 Received: page:movie_detail
[2025-05-20T03:30:53.928+0000] {logging_mixin.py:190} INFO - 📥 Received: page:movie_detail
[2025-05-20T03:30:53.928+0000] {logging_mixin.py:190} INFO - 📥 Received: page:main
[2025-05-20T03:30:53.928+0000] {logging_mixin.py:190} INFO - 📥 Received: page:movie_detail
[2025-05-20T03:30:53.928+0000] {logging_mixin.py:190} INFO - 📥 Received: page:main
[2025-05-20T03:30:53.928+0000] {logging_mixin.py:190} INFO - 📥 Received: page:movie_detail
[2025-05-20T03:30:53.928+0000] {logging_mixin.py:190} INFO - 📥 Received: page:movie_detail
[2025-05-20T03:30:53.928+0000] {logging_mixin.py:190} INFO - 📥 Received: page:movie_detail
[2025-05-20T03:30:53.928+0000] {logging_mixin.py:190} INFO - 📥 Received: page:movie_detail
[2025-05-20T03:30:53.929+0000] {logging_mixin.py:190} INFO - 📥 Received: page:movie_detail
[2025-05-20T03:30:53.929+0000] {logging_mixin.py:190} INFO - 📥 Received: page:movie_detail
[2025-05-20T03:30:53.929+0000] {logging_mixin.py:190} INFO - 📥 Received: page:main
[2025-05-20T03:30:53.929+0000] {logging_mixin.py:190} INFO - 📥 Received: page:movie_detail
[2025-05-20T03:30:53.929+0000] {logging_mixin.py:190} INFO - 📥 Received: page:movie_detail
[2025-05-20T03:30:53.929+0000] {logging_mixin.py:190} INFO - 📥 Received: page:movie_detail
[2025-05-20T03:30:53.929+0000] {logging_mixin.py:190} INFO - 📥 Received: page:movie_detail
[2025-05-20T03:30:53.929+0000] {logging_mixin.py:190} INFO - 📥 Received: page:movie_detail
[2025-05-20T03:30:53.929+0000] {logging_mixin.py:190} INFO - 📥 Received: page:movie_detail
[2025-05-20T03:30:53.930+0000] {logging_mixin.py:190} INFO - 📥 Received: page:main
[2025-05-20T03:30:53.930+0000] {logging_mixin.py:190} INFO - 📥 Received: page:movie_detail
[2025-05-20T03:30:53.930+0000] {logging_mixin.py:190} INFO - 📥 Received: page:movie_detail
[2025-05-20T03:30:53.930+0000] {logging_mixin.py:190} INFO - 📥 Received: page:movie_detail
[2025-05-20T03:30:53.930+0000] {logging_mixin.py:190} INFO - 📥 Received: page:movie_detail
[2025-05-20T03:30:53.930+0000] {logging_mixin.py:190} INFO - 📥 Received: page:main
[2025-05-20T03:30:53.930+0000] {logging_mixin.py:190} INFO - 📥 Received: page:movie_detail
[2025-05-20T03:30:53.930+0000] {logging_mixin.py:190} INFO - 📥 Received: page:movie_detail
[2025-05-20T03:30:53.930+0000] {logging_mixin.py:190} INFO - 📥 Received: page:movie_detail
[2025-05-20T03:30:53.931+0000] {logging_mixin.py:190} INFO - 📥 Received: page:movie_detail
[2025-05-20T03:30:53.931+0000] {logging_mixin.py:190} INFO - 📥 Received: page:movie_detail
[2025-05-20T03:30:53.931+0000] {logging_mixin.py:190} INFO - 📥 Received: page:main
[2025-05-20T03:30:53.931+0000] {logging_mixin.py:190} INFO - 📥 Received: page:movie_detail
[2025-05-20T03:30:53.931+0000] {logging_mixin.py:190} INFO - 📥 Received: page:movie_detail
[2025-05-20T03:30:53.931+0000] {logging_mixin.py:190} INFO - 📥 Received: page:movie_detail
[2025-05-20T03:30:53.931+0000] {logging_mixin.py:190} INFO - 📥 Received: page:movie_detail
[2025-05-20T03:30:53.931+0000] {logging_mixin.py:190} INFO - 📥 Received: page:movie_detail
[2025-05-20T03:30:53.931+0000] {logging_mixin.py:190} INFO - 📥 Received: page:movie_detail
[2025-05-20T03:30:53.932+0000] {logging_mixin.py:190} INFO - 📥 Received: page:movie_detail
[2025-05-20T03:30:53.932+0000] {logging_mixin.py:190} INFO - 📥 Received: page:movie_detail
[2025-05-20T03:30:53.932+0000] {logging_mixin.py:190} INFO - 📥 Received: page:movie_detail
[2025-05-20T03:30:53.932+0000] {logging_mixin.py:190} INFO - 📥 Received: page:movie_detail
[2025-05-20T03:30:53.932+0000] {logging_mixin.py:190} INFO - 📥 Received: page:main
[2025-05-20T03:30:53.932+0000] {logging_mixin.py:190} INFO - 📥 Received: page:main
[2025-05-20T03:30:53.932+0000] {logging_mixin.py:190} INFO - 📥 Received: page:movie_detail
[2025-05-20T03:30:53.932+0000] {logging_mixin.py:190} INFO - 📥 Received: page:movie_detail
[2025-05-20T03:30:53.932+0000] {logging_mixin.py:190} INFO - 📥 Received: page:main
[2025-05-20T03:30:53.933+0000] {logging_mixin.py:190} INFO - 📥 Received: page:movie_detail
[2025-05-20T03:30:53.933+0000] {logging_mixin.py:190} INFO - 📥 Received: page:movie_detail
[2025-05-20T03:30:53.933+0000] {logging_mixin.py:190} INFO - 📥 Received: page:movie_detail
[2025-05-20T03:30:53.933+0000] {logging_mixin.py:190} INFO - 📥 Received: page:movie_detail
[2025-05-20T03:30:53.933+0000] {logging_mixin.py:190} INFO - 📥 Received: page:main
[2025-05-20T03:30:53.933+0000] {logging_mixin.py:190} INFO - 📥 Received: page:movie_detail
[2025-05-20T03:30:53.933+0000] {logging_mixin.py:190} INFO - 📥 Received: page:movie_detail
[2025-05-20T03:30:53.933+0000] {logging_mixin.py:190} INFO - 📥 Received: page:movie_detail
[2025-05-20T03:30:53.933+0000] {logging_mixin.py:190} INFO - 📥 Received: page:movie_detail
[2025-05-20T03:30:53.934+0000] {logging_mixin.py:190} INFO - 📥 Received: page:main
[2025-05-20T03:30:53.934+0000] {logging_mixin.py:190} INFO - 📥 Received: page:movie_detail
[2025-05-20T03:30:53.934+0000] {logging_mixin.py:190} INFO - 📥 Received: page:main
[2025-05-20T03:30:53.934+0000] {logging_mixin.py:190} INFO - 📥 Received: page:movie_detail
[2025-05-20T03:30:53.934+0000] {logging_mixin.py:190} INFO - 📥 Received: page:movie_detail
[2025-05-20T03:30:53.934+0000] {logging_mixin.py:190} INFO - 📥 Received: page:main
[2025-05-20T03:30:53.934+0000] {logging_mixin.py:190} INFO - 📥 Received: page:main
[2025-05-20T03:30:53.934+0000] {logging_mixin.py:190} INFO - 📥 Received: page:movie_detail
[2025-05-20T03:30:53.934+0000] {logging_mixin.py:190} INFO - 📥 Received: page:movie_detail
[2025-05-20T03:30:53.935+0000] {logging_mixin.py:190} INFO - 📥 Received: page:movie_detail
[2025-05-20T03:30:53.935+0000] {logging_mixin.py:190} INFO - 📥 Received: page:main
[2025-05-20T03:30:53.935+0000] {logging_mixin.py:190} INFO - 📥 Received: page:movie_detail
[2025-05-20T03:30:53.935+0000] {logging_mixin.py:190} INFO - 📥 Received: page:main
[2025-05-20T03:30:53.935+0000] {logging_mixin.py:190} INFO - 📥 Received: page:movie_detail
[2025-05-20T03:30:53.935+0000] {logging_mixin.py:190} INFO - 📥 Received: page:movie_detail
[2025-05-20T03:30:53.935+0000] {logging_mixin.py:190} INFO - 📥 Received: page:main
[2025-05-20T03:30:53.935+0000] {logging_mixin.py:190} INFO - 📥 Received: page:main
[2025-05-20T03:30:53.935+0000] {logging_mixin.py:190} INFO - 📥 Received: page:movie_detail
[2025-05-20T03:30:53.935+0000] {logging_mixin.py:190} INFO - 📥 Received: page:main
[2025-05-20T03:30:53.936+0000] {logging_mixin.py:190} INFO - 📥 Received: page:movie_detail
[2025-05-20T03:30:53.936+0000] {logging_mixin.py:190} INFO - 📥 Received: page:movie_detail
[2025-05-20T03:30:53.936+0000] {logging_mixin.py:190} INFO - 📥 Received: page:movie_detail
[2025-05-20T03:30:53.936+0000] {logging_mixin.py:190} INFO - 📥 Received: page:main
[2025-05-20T03:30:53.936+0000] {logging_mixin.py:190} INFO - 📥 Received: page:movie_detail
[2025-05-20T03:30:53.936+0000] {logging_mixin.py:190} INFO - 📥 Received: page:movie_detail
[2025-05-20T03:30:53.936+0000] {logging_mixin.py:190} INFO - 📥 Received: page:movie_detail
[2025-05-20T03:30:53.936+0000] {logging_mixin.py:190} INFO - 📥 Received: page:main
[2025-05-20T03:30:53.936+0000] {logging_mixin.py:190} INFO - 📥 Received: page:movie_detail
[2025-05-20T03:30:53.937+0000] {logging_mixin.py:190} INFO - 📥 Received: page:main
[2025-05-20T03:30:53.937+0000] {logging_mixin.py:190} INFO - 📥 Received: page:movie_detail
[2025-05-20T03:30:53.937+0000] {logging_mixin.py:190} INFO - 📥 Received: page:main
[2025-05-20T03:30:53.937+0000] {logging_mixin.py:190} INFO - 📥 Received: page:main
[2025-05-20T03:30:53.937+0000] {logging_mixin.py:190} INFO - 📥 Received: page:movie_detail
[2025-05-20T03:30:53.937+0000] {logging_mixin.py:190} INFO - 📥 Received: page:main
[2025-05-20T03:30:53.937+0000] {logging_mixin.py:190} INFO - 📥 Received: page:main
[2025-05-20T03:30:53.937+0000] {logging_mixin.py:190} INFO - 📥 Received: page:movie_detail
[2025-05-20T03:30:53.937+0000] {logging_mixin.py:190} INFO - 📥 Received: page:movie_detail
[2025-05-20T03:30:53.938+0000] {logging_mixin.py:190} INFO - 📥 Received: page:movie_detail
[2025-05-20T03:30:53.938+0000] {logging_mixin.py:190} INFO - 📥 Received: page:movie_detail
[2025-05-20T03:30:53.938+0000] {logging_mixin.py:190} INFO - 📥 Received: page:movie_detail
[2025-05-20T03:30:53.938+0000] {logging_mixin.py:190} INFO - 📥 Received: page:movie_detail
[2025-05-20T03:30:53.938+0000] {logging_mixin.py:190} INFO - 📥 Received: page:movie_detail
[2025-05-20T03:30:53.938+0000] {logging_mixin.py:190} INFO - 📥 Received: page:movie_detail
[2025-05-20T03:30:53.938+0000] {logging_mixin.py:190} INFO - 📥 Received: page:movie_detail
[2025-05-20T03:30:53.938+0000] {logging_mixin.py:190} INFO - 📥 Received: page:main
[2025-05-20T03:30:53.938+0000] {logging_mixin.py:190} INFO - 📥 Received: page:movie_detail
[2025-05-20T03:30:53.939+0000] {logging_mixin.py:190} INFO - 📥 Received: page:movie_detail
[2025-05-20T03:30:53.939+0000] {logging_mixin.py:190} INFO - 📥 Received: page:movie_detail
[2025-05-20T03:30:53.939+0000] {logging_mixin.py:190} INFO - 📥 Received: page:main
[2025-05-20T03:30:53.939+0000] {logging_mixin.py:190} INFO - 📥 Received: page:movie_detail
[2025-05-20T03:30:53.939+0000] {logging_mixin.py:190} INFO - 📥 Received: page:movie_detail
[2025-05-20T03:30:53.939+0000] {logging_mixin.py:190} INFO - 📥 Received: page:main
[2025-05-20T03:30:53.939+0000] {logging_mixin.py:190} INFO - 📥 Received: page:movie_detail
[2025-05-20T03:30:53.939+0000] {logging_mixin.py:190} INFO - 📥 Received: page:movie_detail
[2025-05-20T03:30:53.939+0000] {logging_mixin.py:190} INFO - 📥 Received: page:main
[2025-05-20T03:30:53.940+0000] {logging_mixin.py:190} INFO - 📥 Received: page:main
[2025-05-20T03:30:53.940+0000] {logging_mixin.py:190} INFO - 📥 Received: page:movie_detail
[2025-05-20T03:30:53.940+0000] {logging_mixin.py:190} INFO - 📥 Received: page:movie_detail
[2025-05-20T03:30:53.940+0000] {logging_mixin.py:190} INFO - 📥 Received: page:movie_detail
[2025-05-20T03:30:53.940+0000] {logging_mixin.py:190} INFO - 📥 Received: page:movie_detail
[2025-05-20T03:30:53.940+0000] {logging_mixin.py:190} INFO - 📥 Received: page:main
[2025-05-20T03:30:53.940+0000] {logging_mixin.py:190} INFO - 📥 Received: page:movie_detail
[2025-05-20T03:30:53.940+0000] {logging_mixin.py:190} INFO - 📥 Received: page:movie_detail
[2025-05-20T03:30:53.940+0000] {logging_mixin.py:190} INFO - 📥 Received: page:movie_detail
[2025-05-20T03:30:53.941+0000] {logging_mixin.py:190} INFO - 📥 Received: page:main
[2025-05-20T03:30:53.941+0000] {logging_mixin.py:190} INFO - 📥 Received: page:movie_detail
[2025-05-20T03:30:53.941+0000] {logging_mixin.py:190} INFO - 📥 Received: page:movie_detail
[2025-05-20T03:30:53.941+0000] {logging_mixin.py:190} INFO - 📥 Received: page:main
[2025-05-20T03:30:53.941+0000] {logging_mixin.py:190} INFO - 📥 Received: page:movie_detail
[2025-05-20T03:30:53.941+0000] {logging_mixin.py:190} INFO - 📥 Received: page:movie_detail
[2025-05-20T03:30:53.941+0000] {logging_mixin.py:190} INFO - 📥 Received: page:main
[2025-05-20T03:30:53.941+0000] {logging_mixin.py:190} INFO - 📥 Received: page:movie_detail
[2025-05-20T03:30:53.941+0000] {logging_mixin.py:190} INFO - 📥 Received: page:main
[2025-05-20T03:30:53.942+0000] {logging_mixin.py:190} INFO - 📥 Received: page:movie_detail
[2025-05-20T03:30:53.942+0000] {logging_mixin.py:190} INFO - 📥 Received: page:movie_detail
[2025-05-20T03:30:53.942+0000] {logging_mixin.py:190} INFO - 📥 Received: page:movie_detail
[2025-05-20T03:30:53.942+0000] {logging_mixin.py:190} INFO - 📥 Received: page:movie_detail
[2025-05-20T03:30:53.942+0000] {logging_mixin.py:190} INFO - 📥 Received: page:main
[2025-05-20T03:30:53.942+0000] {logging_mixin.py:190} INFO - 📥 Received: page:movie_detail
[2025-05-20T03:30:53.942+0000] {logging_mixin.py:190} INFO - 📥 Received: page:movie_detail
[2025-05-20T03:30:53.942+0000] {logging_mixin.py:190} INFO - 📥 Received: page:main
[2025-05-20T03:30:53.942+0000] {logging_mixin.py:190} INFO - 📥 Received: page:movie_detail
[2025-05-20T03:30:53.943+0000] {logging_mixin.py:190} INFO - 📥 Received: page:movie_detail
[2025-05-20T03:30:53.943+0000] {logging_mixin.py:190} INFO - 📥 Received: page:movie_detail
[2025-05-20T03:30:53.943+0000] {logging_mixin.py:190} INFO - 📥 Received: page:movie_detail
[2025-05-20T03:30:53.943+0000] {logging_mixin.py:190} INFO - 📥 Received: page:movie_detail
[2025-05-20T03:30:53.943+0000] {logging_mixin.py:190} INFO - 📥 Received: page:movie_detail
[2025-05-20T03:30:53.943+0000] {logging_mixin.py:190} INFO - 📥 Received: page:main
[2025-05-20T03:30:53.943+0000] {logging_mixin.py:190} INFO - 📥 Received: page:movie_detail
[2025-05-20T03:30:53.943+0000] {logging_mixin.py:190} INFO - 📥 Received: page:movie_detail
[2025-05-20T03:30:53.943+0000] {logging_mixin.py:190} INFO - 📥 Received: page:movie_detail
[2025-05-20T03:30:53.944+0000] {logging_mixin.py:190} INFO - 📥 Received: page:movie_detail
[2025-05-20T03:30:53.944+0000] {logging_mixin.py:190} INFO - 📥 Received: page:movie_detail
[2025-05-20T03:30:53.944+0000] {logging_mixin.py:190} INFO - 📥 Received: page:movie_detail
[2025-05-20T03:30:53.944+0000] {logging_mixin.py:190} INFO - 📥 Received: page:main
[2025-05-20T03:30:53.944+0000] {logging_mixin.py:190} INFO - 📥 Received: page:movie_detail
[2025-05-20T03:30:53.944+0000] {logging_mixin.py:190} INFO - 📥 Received: page:main
[2025-05-20T03:30:53.944+0000] {logging_mixin.py:190} INFO - 📥 Received: page:movie_detail
[2025-05-20T03:30:53.944+0000] {logging_mixin.py:190} INFO - 📥 Received: page:movie_detail
[2025-05-20T03:30:53.944+0000] {logging_mixin.py:190} INFO - 📥 Received: page:movie_detail
[2025-05-20T03:30:53.945+0000] {logging_mixin.py:190} INFO - 📥 Received: page:main
[2025-05-20T03:30:53.945+0000] {logging_mixin.py:190} INFO - 📥 Received: page:main
[2025-05-20T03:30:53.945+0000] {logging_mixin.py:190} INFO - 📥 Received: page:movie_detail
[2025-05-20T03:30:53.945+0000] {logging_mixin.py:190} INFO - 📥 Received: page:movie_detail
[2025-05-20T03:30:53.945+0000] {logging_mixin.py:190} INFO - 📥 Received: page:movie_detail
[2025-05-20T03:30:53.945+0000] {logging_mixin.py:190} INFO - 📥 Received: page:main
[2025-05-20T03:30:53.945+0000] {logging_mixin.py:190} INFO - 📥 Received: page:movie_detail
[2025-05-20T03:30:53.945+0000] {logging_mixin.py:190} INFO - 📥 Received: page:main
[2025-05-20T03:30:53.945+0000] {logging_mixin.py:190} INFO - 📥 Received: page:movie_detail
[2025-05-20T03:30:53.946+0000] {logging_mixin.py:190} INFO - 📥 Received: page:main
[2025-05-20T03:30:53.946+0000] {logging_mixin.py:190} INFO - 📥 Received: page:movie_detail
[2025-05-20T03:30:53.946+0000] {logging_mixin.py:190} INFO - 📥 Received: page:movie_detail
[2025-05-20T03:30:53.946+0000] {logging_mixin.py:190} INFO - 📥 Received: page:movie_detail
[2025-05-20T03:30:53.946+0000] {logging_mixin.py:190} INFO - 📥 Received: page:movie_detail
[2025-05-20T03:30:53.946+0000] {logging_mixin.py:190} INFO - 📥 Received: page:movie_detail
[2025-05-20T03:30:53.946+0000] {logging_mixin.py:190} INFO - 📥 Received: page:movie_detail
[2025-05-20T03:30:53.946+0000] {logging_mixin.py:190} INFO - 📥 Received: page:movie_detail
[2025-05-20T03:30:53.946+0000] {logging_mixin.py:190} INFO - 📥 Received: page:main
[2025-05-20T03:30:53.947+0000] {logging_mixin.py:190} INFO - 📥 Received: page:movie_detail
[2025-05-20T03:30:53.947+0000] {logging_mixin.py:190} INFO - 📥 Received: page:movie_detail
[2025-05-20T03:30:53.947+0000] {logging_mixin.py:190} INFO - 📥 Received: page:main
[2025-05-20T03:30:53.947+0000] {logging_mixin.py:190} INFO - 📥 Received: page:movie_detail
[2025-05-20T03:30:53.947+0000] {logging_mixin.py:190} INFO - 📥 Received: page:movie_detail
[2025-05-20T03:30:53.947+0000] {logging_mixin.py:190} INFO - 📥 Received: page:movie_detail
[2025-05-20T03:30:53.947+0000] {logging_mixin.py:190} INFO - 📥 Received: page:main
[2025-05-20T03:30:53.947+0000] {logging_mixin.py:190} INFO - 📥 Received: page:movie_detail
[2025-05-20T03:30:53.947+0000] {logging_mixin.py:190} INFO - 📥 Received: page:movie_detail
[2025-05-20T03:30:53.948+0000] {logging_mixin.py:190} INFO - 📥 Received: page:main
[2025-05-20T03:30:53.948+0000] {logging_mixin.py:190} INFO - 📥 Received: page:main
[2025-05-20T03:30:53.948+0000] {logging_mixin.py:190} INFO - 📥 Received: page:movie_detail
[2025-05-20T03:30:53.948+0000] {logging_mixin.py:190} INFO - 📥 Received: page:movie_detail
[2025-05-20T03:30:53.948+0000] {logging_mixin.py:190} INFO - 📥 Received: page:movie_detail
[2025-05-20T03:30:53.948+0000] {logging_mixin.py:190} INFO - 📥 Received: page:movie_detail
[2025-05-20T03:30:53.948+0000] {logging_mixin.py:190} INFO - 📥 Received: page:movie_detail
[2025-05-20T03:30:53.948+0000] {logging_mixin.py:190} INFO - 📥 Received: page:main
[2025-05-20T03:30:53.949+0000] {logging_mixin.py:190} INFO - 📥 Received: page:movie_detail
[2025-05-20T03:30:53.949+0000] {logging_mixin.py:190} INFO - 📥 Received: page:movie_detail
[2025-05-20T03:30:53.949+0000] {logging_mixin.py:190} INFO - 📥 Received: page:movie_detail
[2025-05-20T03:30:53.949+0000] {logging_mixin.py:190} INFO - 📥 Received: page:main
[2025-05-20T03:30:53.949+0000] {logging_mixin.py:190} INFO - 📥 Received: page:movie_detail
[2025-05-20T03:30:53.949+0000] {logging_mixin.py:190} INFO - 📥 Received: page:movie_detail
[2025-05-20T03:30:53.949+0000] {logging_mixin.py:190} INFO - 📥 Received: page:main
[2025-05-20T03:30:53.949+0000] {logging_mixin.py:190} INFO - 📥 Received: page:movie_detail
[2025-05-20T03:30:53.949+0000] {logging_mixin.py:190} INFO - 📥 Received: page:movie_detail
[2025-05-20T03:30:53.950+0000] {logging_mixin.py:190} INFO - 📥 Received: page:movie_detail
[2025-05-20T03:30:53.950+0000] {logging_mixin.py:190} INFO - 📥 Received: page:movie_detail
[2025-05-20T03:30:53.950+0000] {logging_mixin.py:190} INFO - 📥 Received: page:main
[2025-05-20T03:30:53.950+0000] {logging_mixin.py:190} INFO - 📥 Received: page:main
[2025-05-20T03:30:53.950+0000] {logging_mixin.py:190} INFO - 📥 Received: page:movie_detail
[2025-05-20T03:30:53.950+0000] {logging_mixin.py:190} INFO - 📥 Received: page:movie_detail
[2025-05-20T03:30:53.950+0000] {logging_mixin.py:190} INFO - 📥 Received: page:movie_detail
[2025-05-20T03:30:53.950+0000] {logging_mixin.py:190} INFO - 📥 Received: page:movie_detail
[2025-05-20T03:30:53.950+0000] {logging_mixin.py:190} INFO - 📥 Received: page:movie_detail
[2025-05-20T03:30:53.951+0000] {logging_mixin.py:190} INFO - 📥 Received: page:main
[2025-05-20T03:30:53.951+0000] {logging_mixin.py:190} INFO - 📥 Received: page:main
[2025-05-20T03:30:53.951+0000] {logging_mixin.py:190} INFO - 📥 Received: page:movie_detail
[2025-05-20T03:30:53.951+0000] {logging_mixin.py:190} INFO - 📥 Received: page:main
[2025-05-20T03:30:53.951+0000] {logging_mixin.py:190} INFO - 📥 Received: page:movie_detail
[2025-05-20T03:30:53.951+0000] {logging_mixin.py:190} INFO - 📥 Received: page:movie_detail
[2025-05-20T03:30:53.951+0000] {logging_mixin.py:190} INFO - 📥 Received: page:movie_detail
[2025-05-20T03:30:53.951+0000] {logging_mixin.py:190} INFO - 📥 Received: page:movie_detail
[2025-05-20T03:30:53.951+0000] {logging_mixin.py:190} INFO - 📥 Received: page:main
[2025-05-20T03:30:53.952+0000] {logging_mixin.py:190} INFO - 📥 Received: page:movie_detail
[2025-05-20T03:30:53.952+0000] {logging_mixin.py:190} INFO - 📥 Received: page:main
[2025-05-20T03:30:53.952+0000] {logging_mixin.py:190} INFO - 📥 Received: page:movie_detail
[2025-05-20T03:30:53.952+0000] {logging_mixin.py:190} INFO - 📥 Received: page:main
[2025-05-20T03:30:53.952+0000] {logging_mixin.py:190} INFO - 📥 Received: page:main
[2025-05-20T03:30:53.952+0000] {logging_mixin.py:190} INFO - 📥 Received: page:movie_detail
[2025-05-20T03:30:53.952+0000] {logging_mixin.py:190} INFO - 📥 Received: page:main
[2025-05-20T03:30:53.952+0000] {logging_mixin.py:190} INFO - 📥 Received: page:movie_detail
[2025-05-20T03:30:53.953+0000] {logging_mixin.py:190} INFO - 📥 Received: page:main
[2025-05-20T03:30:53.953+0000] {logging_mixin.py:190} INFO - 📥 Received: page:movie_detail
[2025-05-20T03:30:53.953+0000] {logging_mixin.py:190} INFO - 📥 Received: page:main
[2025-05-20T03:30:53.953+0000] {logging_mixin.py:190} INFO - 📥 Received: page:movie_detail
[2025-05-20T03:30:53.953+0000] {logging_mixin.py:190} INFO - 📥 Received: page:movie_detail
[2025-05-20T03:30:53.953+0000] {logging_mixin.py:190} INFO - 📥 Received: page:movie_detail
[2025-05-20T03:30:53.953+0000] {logging_mixin.py:190} INFO - 📥 Received: page:movie_detail
[2025-05-20T03:30:53.953+0000] {logging_mixin.py:190} INFO - 📥 Received: page:movie_detail
[2025-05-20T03:30:53.953+0000] {logging_mixin.py:190} INFO - 📥 Received: page:movie_detail
[2025-05-20T03:30:53.954+0000] {logging_mixin.py:190} INFO - 📥 Received: page:main
[2025-05-20T03:30:53.954+0000] {logging_mixin.py:190} INFO - 📥 Received: page:movie_detail
[2025-05-20T03:30:53.954+0000] {logging_mixin.py:190} INFO - 📥 Received: page:movie_detail
[2025-05-20T03:30:53.954+0000] {logging_mixin.py:190} INFO - 📥 Received: page:movie_detail
[2025-05-20T03:30:53.954+0000] {logging_mixin.py:190} INFO - 📥 Received: page:movie_detail
[2025-05-20T03:30:53.954+0000] {logging_mixin.py:190} INFO - 📥 Received: page:movie_detail
[2025-05-20T03:30:53.954+0000] {logging_mixin.py:190} INFO - 📥 Received: page:movie_detail
[2025-05-20T03:30:53.954+0000] {logging_mixin.py:190} INFO - 📥 Received: page:movie_detail
[2025-05-20T03:30:53.954+0000] {logging_mixin.py:190} INFO - 📥 Received: page:movie_detail
[2025-05-20T03:30:53.955+0000] {logging_mixin.py:190} INFO - 📥 Received: page:movie_detail
[2025-05-20T03:30:53.955+0000] {logging_mixin.py:190} INFO - 📥 Received: page:movie_detail
[2025-05-20T03:30:53.955+0000] {logging_mixin.py:190} INFO - 📥 Received: page:main
[2025-05-20T03:30:53.955+0000] {logging_mixin.py:190} INFO - 📥 Received: page:movie_detail
[2025-05-20T03:30:53.955+0000] {logging_mixin.py:190} INFO - 📥 Received: page:movie_detail
[2025-05-20T03:30:53.955+0000] {logging_mixin.py:190} INFO - 📥 Received: page:movie_detail
[2025-05-20T03:30:53.955+0000] {logging_mixin.py:190} INFO - 📥 Received: page:main
[2025-05-20T03:30:53.955+0000] {logging_mixin.py:190} INFO - 📥 Received: page:main
[2025-05-20T03:30:53.955+0000] {logging_mixin.py:190} INFO - 📥 Received: page:movie_detail
[2025-05-20T03:30:53.956+0000] {logging_mixin.py:190} INFO - 📥 Received: page:movie_detail
[2025-05-20T03:30:53.956+0000] {logging_mixin.py:190} INFO - 📥 Received: page:movie_detail
[2025-05-20T03:30:53.956+0000] {logging_mixin.py:190} INFO - 📥 Received: page:movie_detail
[2025-05-20T03:30:53.956+0000] {logging_mixin.py:190} INFO - 📥 Received: page:main
[2025-05-20T03:30:53.956+0000] {logging_mixin.py:190} INFO - 📥 Received: page:movie_detail
[2025-05-20T03:30:53.956+0000] {logging_mixin.py:190} INFO - 📥 Received: page:main
[2025-05-20T03:30:53.956+0000] {logging_mixin.py:190} INFO - 📥 Received: page:main
[2025-05-20T03:30:53.956+0000] {logging_mixin.py:190} INFO - 📥 Received: page:main
[2025-05-20T03:30:53.956+0000] {logging_mixin.py:190} INFO - 📥 Received: page:main
[2025-05-20T03:30:53.956+0000] {logging_mixin.py:190} INFO - 📥 Received: page:movie_detail
[2025-05-20T03:30:53.957+0000] {logging_mixin.py:190} INFO - 📥 Received: page:main
[2025-05-20T03:30:53.957+0000] {logging_mixin.py:190} INFO - 📥 Received: page:movie_detail
[2025-05-20T03:30:53.957+0000] {logging_mixin.py:190} INFO - 📥 Received: page:movie_detail
[2025-05-20T03:30:53.957+0000] {logging_mixin.py:190} INFO - 📥 Received: page:movie_detail
[2025-05-20T03:30:53.957+0000] {logging_mixin.py:190} INFO - 📥 Received: page:main
[2025-05-20T03:30:53.957+0000] {logging_mixin.py:190} INFO - 📥 Received: page:main
[2025-05-20T03:30:53.957+0000] {logging_mixin.py:190} INFO - 📥 Received: page:movie_detail
[2025-05-20T03:30:53.957+0000] {logging_mixin.py:190} INFO - 📥 Received: page:main
[2025-05-20T03:30:53.957+0000] {logging_mixin.py:190} INFO - 📥 Received: page:main
[2025-05-20T03:30:53.957+0000] {logging_mixin.py:190} INFO - 📥 Received: page:movie_detail
[2025-05-20T03:30:53.958+0000] {logging_mixin.py:190} INFO - 📥 Received: page:movie_detail
[2025-05-20T03:30:53.958+0000] {logging_mixin.py:190} INFO - 📥 Received: page:movie_detail
[2025-05-20T03:30:53.958+0000] {logging_mixin.py:190} INFO - 📥 Received: page:movie_detail
[2025-05-20T03:30:53.958+0000] {logging_mixin.py:190} INFO - 📥 Received: page:movie_detail
[2025-05-20T03:30:53.958+0000] {logging_mixin.py:190} INFO - 📥 Received: page:movie_detail
[2025-05-20T03:30:53.958+0000] {logging_mixin.py:190} INFO - 📥 Received: page:movie_detail
[2025-05-20T03:30:53.958+0000] {logging_mixin.py:190} INFO - 📥 Received: page:movie_detail
[2025-05-20T03:30:53.958+0000] {logging_mixin.py:190} INFO - 📥 Received: page:movie_detail
[2025-05-20T03:30:53.958+0000] {logging_mixin.py:190} INFO - 📥 Received: page:movie_detail
[2025-05-20T03:30:53.958+0000] {logging_mixin.py:190} INFO - 📥 Received: page:movie_detail
[2025-05-20T03:30:53.959+0000] {logging_mixin.py:190} INFO - 📥 Received: page:movie_detail
[2025-05-20T03:30:53.959+0000] {logging_mixin.py:190} INFO - 📥 Received: page:movie_detail
[2025-05-20T03:30:53.959+0000] {logging_mixin.py:190} INFO - 📥 Received: page:main
[2025-05-20T03:30:53.959+0000] {logging_mixin.py:190} INFO - 📥 Received: page:main
[2025-05-20T03:30:53.959+0000] {logging_mixin.py:190} INFO - 📥 Received: page:movie_detail
[2025-05-20T03:30:53.959+0000] {logging_mixin.py:190} INFO - 📥 Received: page:movie_detail
[2025-05-20T03:30:53.959+0000] {logging_mixin.py:190} INFO - 📥 Received: page:main
[2025-05-20T03:30:53.959+0000] {logging_mixin.py:190} INFO - 📥 Received: page:movie_detail
[2025-05-20T03:30:53.959+0000] {logging_mixin.py:190} INFO - 📥 Received: page:main
[2025-05-20T03:30:53.960+0000] {logging_mixin.py:190} INFO - 📥 Received: page:movie_detail
[2025-05-20T03:30:53.960+0000] {logging_mixin.py:190} INFO - 📥 Received: page:main
[2025-05-20T03:30:53.960+0000] {logging_mixin.py:190} INFO - 📥 Received: page:movie_detail
[2025-05-20T03:30:53.960+0000] {logging_mixin.py:190} INFO - 📥 Received: page:main
[2025-05-20T03:30:53.960+0000] {logging_mixin.py:190} INFO - 📥 Received: page:movie_detail
[2025-05-20T03:30:53.960+0000] {logging_mixin.py:190} INFO - 📥 Received: page:movie_detail
[2025-05-20T03:30:53.960+0000] {logging_mixin.py:190} INFO - 📥 Received: page:movie_detail
[2025-05-20T03:30:53.963+0000] {logging_mixin.py:190} INFO - ✅Minio connected
[2025-05-20T03:30:53.967+0000] {base.py:84} INFO - Retrieving connection 'minio'
[2025-05-20T03:30:53.967+0000] {connection_wrapper.py:388} INFO - AWS Connection (conn_id='minio', conn_type='aws') credentials retrieved from login and password.
[2025-05-20T03:30:54.139+0000] {logging_mixin.py:190} INFO - ✅ Bucket 'user-log-ml' already exists.
[2025-05-20T03:30:54.143+0000] {logging_mixin.py:190} INFO - ✅ File uploaded to MinIO: 2025-05-20_10-00-00.csv
[2025-05-20T03:30:54.146+0000] {base.py:834} INFO - Stopping heartbeat thread
[2025-05-20T03:30:57.147+0000] {base.py:1037} WARNING - Heartbeat thread did not fully terminate during close
[2025-05-20T03:30:57.148+0000] {base.py:865} INFO - Leaving consumer group (testlog).
[2025-05-20T03:30:57.153+0000] {conn.py:945} INFO - <BrokerConnection client_id=kafka-python-2.2.7, node_id=1 host=172.16.24.224:9092 <connected> [IPv4 ('172.16.24.224', 9092)]>: Closing connection. 
[2025-05-20T03:30:57.153+0000] {conn.py:945} INFO - <BrokerConnection client_id=kafka-python-2.2.7, node_id=coordinator-1 host=172.16.24.224:9092 <connected> [IPv4 ('172.16.24.224', 9092)]>: Closing connection. 
[2025-05-20T03:30:57.154+0000] {python.py:240} INFO - Done. Returned value was: None
[2025-05-20T03:30:57.161+0000] {taskinstance.py:340} INFO - ::group::Post task execution logs
[2025-05-20T03:30:57.162+0000] {taskinstance.py:352} INFO - Marking task as SUCCESS. dag_id=kafka_to_minio_to_spark, task_id=kafka_consumer, run_id=scheduled__2025-05-20T01:00:00+00:00, execution_date=20250520T010000, start_date=20250520T033050, end_date=20250520T033057
[2025-05-20T03:30:57.178+0000] {local_task_job_runner.py:266} INFO - Task exited with return code 0
[2025-05-20T03:30:57.195+0000] {taskinstance.py:3900} INFO - 0 downstream tasks scheduled from follow-on schedule check
[2025-05-20T03:30:57.196+0000] {local_task_job_runner.py:245} INFO - ::endgroup::
