[2025-05-20T03:40:40.118+0000] {local_task_job_runner.py:123} INFO - ::group::Pre task execution logs
[2025-05-20T03:40:40.124+0000] {taskinstance.py:2612} INFO - Dependencies all met for dep_context=non-requeueable deps ti=<TaskInstance: kafka_to_minio_to_spark.kafka_consumer scheduled__2025-05-20T01:00:00+00:00 [queued]>
[2025-05-20T03:40:40.126+0000] {taskinstance.py:2612} INFO - Dependencies all met for dep_context=requeueable deps ti=<TaskInstance: kafka_to_minio_to_spark.kafka_consumer scheduled__2025-05-20T01:00:00+00:00 [queued]>
[2025-05-20T03:40:40.126+0000] {taskinstance.py:2865} INFO - Starting attempt 5 of 6
[2025-05-20T03:40:40.130+0000] {taskinstance.py:2888} INFO - Executing <Task(PythonOperator): kafka_consumer> on 2025-05-20 01:00:00+00:00
[2025-05-20T03:40:40.133+0000] {standard_task_runner.py:72} INFO - Started process 170 to run task
[2025-05-20T03:40:40.134+0000] {standard_task_runner.py:104} INFO - Running: ['***', 'tasks', 'run', 'kafka_to_minio_to_spark', 'kafka_consumer', 'scheduled__2025-05-20T01:00:00+00:00', '--job-id', '121', '--raw', '--subdir', 'DAGS_FOLDER/testlog_ml.py', '--cfg-path', '/tmp/tmpx_ktppph']
[2025-05-20T03:40:40.135+0000] {standard_task_runner.py:105} INFO - Job 121: Subtask kafka_consumer
[2025-05-20T03:40:40.151+0000] {task_command.py:467} INFO - Running <TaskInstance: kafka_to_minio_to_spark.kafka_consumer scheduled__2025-05-20T01:00:00+00:00 [running]> on host 91a46f1a1993
[2025-05-20T03:40:40.174+0000] {taskinstance.py:3131} INFO - Exporting env vars: AIRFLOW_CTX_DAG_OWNER='***' AIRFLOW_CTX_DAG_ID='kafka_to_minio_to_spark' AIRFLOW_CTX_TASK_ID='kafka_consumer' AIRFLOW_CTX_EXECUTION_DATE='2025-05-20T01:00:00+00:00' AIRFLOW_CTX_TRY_NUMBER='5' AIRFLOW_CTX_DAG_RUN_ID='scheduled__2025-05-20T01:00:00+00:00'
[2025-05-20T03:40:40.174+0000] {taskinstance.py:731} INFO - ::endgroup::
[2025-05-20T03:40:40.180+0000] {conn.py:396} INFO - <BrokerConnection client_id=kafka-python-2.2.7, node_id=bootstrap-0 host=host.docker.internal:9092 <connecting> [IPv4 ('192.168.65.254', 9092)]>: connecting to host.docker.internal:9092 [('192.168.65.254', 9092) IPv4]
[2025-05-20T03:40:40.182+0000] {conn.py:618} INFO - <BrokerConnection client_id=kafka-python-2.2.7, node_id=bootstrap-0 host=host.docker.internal:9092 <checking_api_versions_recv> [IPv4 ('192.168.65.254', 9092)]>: Broker version identified as 2.6
[2025-05-20T03:40:40.182+0000] {conn.py:457} INFO - <BrokerConnection client_id=kafka-python-2.2.7, node_id=bootstrap-0 host=host.docker.internal:9092 <connected> [IPv4 ('192.168.65.254', 9092)]>: Connection complete.
[2025-05-20T03:40:40.183+0000] {subscription_state.py:177} INFO - Updating subscribed topics to: ('userlog',)
[2025-05-20T03:40:40.183+0000] {logging_mixin.py:190} INFO - ✅ consumer started, waiting for messages....
[2025-05-20T03:40:40.186+0000] {conn.py:396} INFO - <BrokerConnection client_id=kafka-python-2.2.7, node_id=1 host=172.16.24.224:9092 <connecting> [IPv4 ('172.16.24.224', 9092)]>: connecting to 172.16.24.224:9092 [('172.16.24.224', 9092) IPv4]
[2025-05-20T03:40:40.291+0000] {conn.py:457} INFO - <BrokerConnection client_id=kafka-python-2.2.7, node_id=1 host=172.16.24.224:9092 <connected> [IPv4 ('172.16.24.224', 9092)]>: Connection complete.
[2025-05-20T03:40:40.291+0000] {conn.py:945} INFO - <BrokerConnection client_id=kafka-python-2.2.7, node_id=bootstrap-0 host=host.docker.internal:9092 <connected> [IPv4 ('192.168.65.254', 9092)]>: Closing connection. 
[2025-05-20T03:40:40.403+0000] {cluster.py:400} INFO - Coordinator for group/tospark is ('coordinator-1', '172.16.24.224', 9092, None)
[2025-05-20T03:40:40.404+0000] {base.py:769} INFO - Discovered coordinator coordinator-1 for group tospark
[2025-05-20T03:40:40.405+0000] {base.py:820} INFO - Starting new heartbeat thread
[2025-05-20T03:40:40.407+0000] {consumer.py:362} INFO - Revoking previously assigned partitions () for group tospark
[2025-05-20T03:40:40.409+0000] {conn.py:396} INFO - <BrokerConnection client_id=kafka-python-2.2.7, node_id=coordinator-1 host=172.16.24.224:9092 <connecting> [IPv4 ('172.16.24.224', 9092)]>: connecting to 172.16.24.224:9092 [('172.16.24.224', 9092) IPv4]
[2025-05-20T03:40:40.513+0000] {conn.py:457} INFO - <BrokerConnection client_id=kafka-python-2.2.7, node_id=coordinator-1 host=172.16.24.224:9092 <connected> [IPv4 ('172.16.24.224', 9092)]>: Connection complete.
[2025-05-20T03:40:40.616+0000] {base.py:524} INFO - (Re-)joining group tospark
[2025-05-20T03:40:40.625+0000] {base.py:524} INFO - (Re-)joining group tospark
[2025-05-20T03:40:43.634+0000] {base.py:587} INFO - Elected group leader -- performing partition assignments using range
[2025-05-20T03:40:43.644+0000] {base.py:401} INFO - Successfully joined group tospark with generation 1
[2025-05-20T03:40:43.645+0000] {subscription_state.py:246} INFO - Updated partition assignment: [('userlog', 0)]
[2025-05-20T03:40:43.646+0000] {consumer.py:249} INFO - Setting newly assigned partitions (('userlog', 0),) for group tospark
[2025-05-20T03:40:43.651+0000] {fetcher.py:413} INFO - Resetting offset for partition ('userlog', 0) to offset 0.
[2025-05-20T03:40:43.694+0000] {logging_mixin.py:190} INFO - 📥 Received: page:movie_detail
[2025-05-20T03:40:43.695+0000] {logging_mixin.py:190} INFO - 📥 Received: page:movie_detail
[2025-05-20T03:40:43.695+0000] {logging_mixin.py:190} INFO - 📥 Received: page:movie_detail
[2025-05-20T03:40:43.695+0000] {logging_mixin.py:190} INFO - 📥 Received: page:main
[2025-05-20T03:40:43.695+0000] {logging_mixin.py:190} INFO - 📥 Received: page:movie_detail
[2025-05-20T03:40:43.695+0000] {logging_mixin.py:190} INFO - 📥 Received: page:movie_detail
[2025-05-20T03:40:43.695+0000] {logging_mixin.py:190} INFO - 📥 Received: page:movie_detail
[2025-05-20T03:40:43.696+0000] {logging_mixin.py:190} INFO - 📥 Received: page:movie_detail
[2025-05-20T03:40:43.696+0000] {logging_mixin.py:190} INFO - 📥 Received: page:movie_detail
[2025-05-20T03:40:43.696+0000] {logging_mixin.py:190} INFO - 📥 Received: page:main
[2025-05-20T03:40:43.696+0000] {logging_mixin.py:190} INFO - 📥 Received: page:movie_detail
[2025-05-20T03:40:43.696+0000] {logging_mixin.py:190} INFO - 📥 Received: page:movie_detail
[2025-05-20T03:40:43.696+0000] {logging_mixin.py:190} INFO - 📥 Received: page:movie_detail
[2025-05-20T03:40:43.696+0000] {logging_mixin.py:190} INFO - 📥 Received: page:main
[2025-05-20T03:40:43.696+0000] {logging_mixin.py:190} INFO - 📥 Received: page:main
[2025-05-20T03:40:43.696+0000] {logging_mixin.py:190} INFO - 📥 Received: page:movie_detail
[2025-05-20T03:40:43.697+0000] {logging_mixin.py:190} INFO - 📥 Received: page:movie_detail
[2025-05-20T03:40:43.697+0000] {logging_mixin.py:190} INFO - 📥 Received: page:main
[2025-05-20T03:40:43.697+0000] {logging_mixin.py:190} INFO - 📥 Received: page:movie_detail
[2025-05-20T03:40:43.697+0000] {logging_mixin.py:190} INFO - 📥 Received: page:main
[2025-05-20T03:40:43.697+0000] {logging_mixin.py:190} INFO - 📥 Received: page:main
[2025-05-20T03:40:43.697+0000] {logging_mixin.py:190} INFO - 📥 Received: page:movie_detail
[2025-05-20T03:40:43.697+0000] {logging_mixin.py:190} INFO - 📥 Received: page:movie_detail
[2025-05-20T03:40:43.697+0000] {logging_mixin.py:190} INFO - 📥 Received: page:movie_detail
[2025-05-20T03:40:43.697+0000] {logging_mixin.py:190} INFO - 📥 Received: page:main
[2025-05-20T03:40:43.698+0000] {logging_mixin.py:190} INFO - 📥 Received: page:movie_detail
[2025-05-20T03:40:43.698+0000] {logging_mixin.py:190} INFO - 📥 Received: page:movie_detail
[2025-05-20T03:40:43.698+0000] {logging_mixin.py:190} INFO - 📥 Received: page:movie_detail
[2025-05-20T03:40:43.698+0000] {logging_mixin.py:190} INFO - 📥 Received: page:movie_detail
[2025-05-20T03:40:43.698+0000] {logging_mixin.py:190} INFO - 📥 Received: page:movie_detail
[2025-05-20T03:40:43.698+0000] {logging_mixin.py:190} INFO - 📥 Received: page:movie_detail
[2025-05-20T03:40:43.699+0000] {logging_mixin.py:190} INFO - 📥 Received: page:main
[2025-05-20T03:40:43.699+0000] {logging_mixin.py:190} INFO - 📥 Received: page:movie_detail
[2025-05-20T03:40:43.699+0000] {logging_mixin.py:190} INFO - 📥 Received: page:movie_detail
[2025-05-20T03:40:43.699+0000] {logging_mixin.py:190} INFO - 📥 Received: page:movie_detail
[2025-05-20T03:40:43.699+0000] {logging_mixin.py:190} INFO - 📥 Received: page:movie_detail
[2025-05-20T03:40:43.699+0000] {logging_mixin.py:190} INFO - 📥 Received: page:movie_detail
[2025-05-20T03:40:43.699+0000] {logging_mixin.py:190} INFO - 📥 Received: page:movie_detail
[2025-05-20T03:40:43.700+0000] {logging_mixin.py:190} INFO - 📥 Received: page:movie_detail
[2025-05-20T03:40:43.700+0000] {logging_mixin.py:190} INFO - 📥 Received: page:movie_detail
[2025-05-20T03:40:43.700+0000] {logging_mixin.py:190} INFO - 📥 Received: page:movie_detail
[2025-05-20T03:40:43.700+0000] {logging_mixin.py:190} INFO - 📥 Received: page:movie_detail
[2025-05-20T03:40:43.700+0000] {logging_mixin.py:190} INFO - 📥 Received: page:movie_detail
[2025-05-20T03:40:43.700+0000] {logging_mixin.py:190} INFO - 📥 Received: page:movie_detail
[2025-05-20T03:40:43.700+0000] {logging_mixin.py:190} INFO - 📥 Received: page:main
[2025-05-20T03:40:43.701+0000] {logging_mixin.py:190} INFO - 📥 Received: page:movie_detail
[2025-05-20T03:40:43.701+0000] {logging_mixin.py:190} INFO - 📥 Received: page:movie_detail
[2025-05-20T03:40:43.701+0000] {logging_mixin.py:190} INFO - 📥 Received: page:movie_detail
[2025-05-20T03:40:43.701+0000] {logging_mixin.py:190} INFO - 📥 Received: page:movie_detail
[2025-05-20T03:40:43.701+0000] {logging_mixin.py:190} INFO - 📥 Received: page:main
[2025-05-20T03:40:43.701+0000] {logging_mixin.py:190} INFO - 📥 Received: page:movie_detail
[2025-05-20T03:40:43.701+0000] {logging_mixin.py:190} INFO - 📥 Received: page:movie_detail
[2025-05-20T03:40:43.702+0000] {logging_mixin.py:190} INFO - 📥 Received: page:movie_detail
[2025-05-20T03:40:43.702+0000] {logging_mixin.py:190} INFO - 📥 Received: page:main
[2025-05-20T03:40:43.702+0000] {logging_mixin.py:190} INFO - 📥 Received: page:main
[2025-05-20T03:40:43.702+0000] {logging_mixin.py:190} INFO - 📥 Received: page:movie_detail
[2025-05-20T03:40:43.702+0000] {logging_mixin.py:190} INFO - 📥 Received: page:movie_detail
[2025-05-20T03:40:43.702+0000] {logging_mixin.py:190} INFO - 📥 Received: page:movie_detail
[2025-05-20T03:40:43.702+0000] {logging_mixin.py:190} INFO - 📥 Received: page:movie_detail
[2025-05-20T03:40:43.702+0000] {logging_mixin.py:190} INFO - 📥 Received: page:main
[2025-05-20T03:40:43.703+0000] {logging_mixin.py:190} INFO - 📥 Received: page:movie_detail
[2025-05-20T03:40:43.703+0000] {logging_mixin.py:190} INFO - 📥 Received: page:movie_detail
[2025-05-20T03:40:43.703+0000] {logging_mixin.py:190} INFO - 📥 Received: page:movie_detail
[2025-05-20T03:40:43.703+0000] {logging_mixin.py:190} INFO - 📥 Received: page:main
[2025-05-20T03:40:43.703+0000] {logging_mixin.py:190} INFO - 📥 Received: page:movie_detail
[2025-05-20T03:40:43.703+0000] {logging_mixin.py:190} INFO - 📥 Received: page:movie_detail
[2025-05-20T03:40:43.703+0000] {logging_mixin.py:190} INFO - 📥 Received: page:movie_detail
[2025-05-20T03:40:43.704+0000] {logging_mixin.py:190} INFO - 📥 Received: page:movie_detail
[2025-05-20T03:40:43.704+0000] {logging_mixin.py:190} INFO - 📥 Received: page:movie_detail
[2025-05-20T03:40:43.704+0000] {logging_mixin.py:190} INFO - 📥 Received: page:movie_detail
[2025-05-20T03:40:43.704+0000] {logging_mixin.py:190} INFO - 📥 Received: page:movie_detail
[2025-05-20T03:40:43.704+0000] {logging_mixin.py:190} INFO - 📥 Received: page:movie_detail
[2025-05-20T03:40:43.704+0000] {logging_mixin.py:190} INFO - 📥 Received: page:movie_detail
[2025-05-20T03:40:43.704+0000] {logging_mixin.py:190} INFO - 📥 Received: page:main
[2025-05-20T03:40:43.705+0000] {logging_mixin.py:190} INFO - 📥 Received: page:movie_detail
[2025-05-20T03:40:43.705+0000] {logging_mixin.py:190} INFO - 📥 Received: page:movie_detail
[2025-05-20T03:40:43.705+0000] {logging_mixin.py:190} INFO - 📥 Received: page:movie_detail
[2025-05-20T03:40:43.705+0000] {logging_mixin.py:190} INFO - 📥 Received: page:main
[2025-05-20T03:40:43.705+0000] {logging_mixin.py:190} INFO - 📥 Received: page:movie_detail
[2025-05-20T03:40:43.705+0000] {logging_mixin.py:190} INFO - 📥 Received: page:movie_detail
[2025-05-20T03:40:43.706+0000] {logging_mixin.py:190} INFO - 📥 Received: page:movie_detail
[2025-05-20T03:40:43.706+0000] {logging_mixin.py:190} INFO - 📥 Received: page:movie_detail
[2025-05-20T03:40:43.706+0000] {logging_mixin.py:190} INFO - 📥 Received: page:main
[2025-05-20T03:40:43.706+0000] {logging_mixin.py:190} INFO - 📥 Received: page:movie_detail
[2025-05-20T03:40:43.706+0000] {logging_mixin.py:190} INFO - 📥 Received: page:movie_detail
[2025-05-20T03:40:43.706+0000] {logging_mixin.py:190} INFO - 📥 Received: page:movie_detail
[2025-05-20T03:40:43.707+0000] {logging_mixin.py:190} INFO - 📥 Received: page:movie_detail
[2025-05-20T03:40:43.707+0000] {logging_mixin.py:190} INFO - 📥 Received: page:movie_detail
[2025-05-20T03:40:43.707+0000] {logging_mixin.py:190} INFO - 📥 Received: page:movie_detail
[2025-05-20T03:40:43.707+0000] {logging_mixin.py:190} INFO - 📥 Received: page:movie_detail
[2025-05-20T03:40:43.707+0000] {logging_mixin.py:190} INFO - 📥 Received: page:movie_detail
[2025-05-20T03:40:43.707+0000] {logging_mixin.py:190} INFO - 📥 Received: page:main
[2025-05-20T03:40:43.707+0000] {logging_mixin.py:190} INFO - 📥 Received: page:movie_detail
[2025-05-20T03:40:43.708+0000] {logging_mixin.py:190} INFO - 📥 Received: page:movie_detail
[2025-05-20T03:40:43.708+0000] {logging_mixin.py:190} INFO - 📥 Received: page:movie_detail
[2025-05-20T03:40:43.708+0000] {logging_mixin.py:190} INFO - 📥 Received: page:movie_detail
[2025-05-20T03:40:43.708+0000] {logging_mixin.py:190} INFO - 📥 Received: page:movie_detail
[2025-05-20T03:40:43.708+0000] {logging_mixin.py:190} INFO - 📥 Received: page:main
[2025-05-20T03:40:43.708+0000] {logging_mixin.py:190} INFO - 📥 Received: page:movie_detail
[2025-05-20T03:40:43.708+0000] {logging_mixin.py:190} INFO - 📥 Received: page:movie_detail
[2025-05-20T03:40:43.709+0000] {logging_mixin.py:190} INFO - 📥 Received: page:movie_detail
[2025-05-20T03:40:43.709+0000] {logging_mixin.py:190} INFO - 📥 Received: page:main
[2025-05-20T03:40:43.709+0000] {logging_mixin.py:190} INFO - 📥 Received: page:movie_detail
[2025-05-20T03:40:43.709+0000] {logging_mixin.py:190} INFO - 📥 Received: page:movie_detail
[2025-05-20T03:40:43.709+0000] {logging_mixin.py:190} INFO - 📥 Received: page:movie_detail
[2025-05-20T03:40:43.709+0000] {logging_mixin.py:190} INFO - 📥 Received: page:main
[2025-05-20T03:40:43.709+0000] {logging_mixin.py:190} INFO - 📥 Received: page:main
[2025-05-20T03:40:43.710+0000] {logging_mixin.py:190} INFO - 📥 Received: page:main
[2025-05-20T03:40:43.710+0000] {logging_mixin.py:190} INFO - 📥 Received: page:movie_detail
[2025-05-20T03:40:43.710+0000] {logging_mixin.py:190} INFO - 📥 Received: page:movie_detail
[2025-05-20T03:40:43.710+0000] {logging_mixin.py:190} INFO - 📥 Received: page:movie_detail
[2025-05-20T03:40:43.710+0000] {logging_mixin.py:190} INFO - 📥 Received: page:main
[2025-05-20T03:40:43.710+0000] {logging_mixin.py:190} INFO - 📥 Received: page:movie_detail
[2025-05-20T03:40:43.710+0000] {logging_mixin.py:190} INFO - 📥 Received: page:main
[2025-05-20T03:40:43.710+0000] {logging_mixin.py:190} INFO - 📥 Received: page:movie_detail
[2025-05-20T03:40:43.711+0000] {logging_mixin.py:190} INFO - 📥 Received: page:movie_detail
[2025-05-20T03:40:43.711+0000] {logging_mixin.py:190} INFO - 📥 Received: page:movie_detail
[2025-05-20T03:40:43.711+0000] {logging_mixin.py:190} INFO - 📥 Received: page:movie_detail
[2025-05-20T03:40:43.711+0000] {logging_mixin.py:190} INFO - 📥 Received: page:movie_detail
[2025-05-20T03:40:43.711+0000] {logging_mixin.py:190} INFO - 📥 Received: page:movie_detail
[2025-05-20T03:40:43.711+0000] {logging_mixin.py:190} INFO - 📥 Received: page:movie_detail
[2025-05-20T03:40:43.711+0000] {logging_mixin.py:190} INFO - 📥 Received: page:main
[2025-05-20T03:40:43.711+0000] {logging_mixin.py:190} INFO - 📥 Received: page:movie_detail
[2025-05-20T03:40:43.712+0000] {logging_mixin.py:190} INFO - 📥 Received: page:movie_detail
[2025-05-20T03:40:43.712+0000] {logging_mixin.py:190} INFO - 📥 Received: page:movie_detail
[2025-05-20T03:40:43.712+0000] {logging_mixin.py:190} INFO - 📥 Received: page:movie_detail
[2025-05-20T03:40:43.712+0000] {logging_mixin.py:190} INFO - 📥 Received: page:movie_detail
[2025-05-20T03:40:43.712+0000] {logging_mixin.py:190} INFO - 📥 Received: page:movie_detail
[2025-05-20T03:40:43.712+0000] {logging_mixin.py:190} INFO - 📥 Received: page:movie_detail
[2025-05-20T03:40:43.712+0000] {logging_mixin.py:190} INFO - 📥 Received: page:movie_detail
[2025-05-20T03:40:43.712+0000] {logging_mixin.py:190} INFO - 📥 Received: page:movie_detail
[2025-05-20T03:40:43.713+0000] {logging_mixin.py:190} INFO - 📥 Received: page:movie_detail
[2025-05-20T03:40:43.713+0000] {logging_mixin.py:190} INFO - 📥 Received: page:movie_detail
[2025-05-20T03:40:43.713+0000] {logging_mixin.py:190} INFO - 📥 Received: page:movie_detail
[2025-05-20T03:40:43.713+0000] {logging_mixin.py:190} INFO - 📥 Received: page:movie_detail
[2025-05-20T03:40:43.713+0000] {logging_mixin.py:190} INFO - 📥 Received: page:movie_detail
[2025-05-20T03:40:43.713+0000] {logging_mixin.py:190} INFO - 📥 Received: page:movie_detail
[2025-05-20T03:40:43.713+0000] {logging_mixin.py:190} INFO - 📥 Received: page:movie_detail
[2025-05-20T03:40:43.713+0000] {logging_mixin.py:190} INFO - 📥 Received: page:movie_detail
[2025-05-20T03:40:43.714+0000] {logging_mixin.py:190} INFO - 📥 Received: page:movie_detail
[2025-05-20T03:40:43.714+0000] {logging_mixin.py:190} INFO - 📥 Received: page:main
[2025-05-20T03:40:43.714+0000] {logging_mixin.py:190} INFO - 📥 Received: page:movie_detail
[2025-05-20T03:40:43.714+0000] {logging_mixin.py:190} INFO - 📥 Received: page:movie_detail
[2025-05-20T03:40:43.714+0000] {logging_mixin.py:190} INFO - 📥 Received: page:movie_detail
[2025-05-20T03:40:43.714+0000] {logging_mixin.py:190} INFO - 📥 Received: page:movie_detail
[2025-05-20T03:40:43.714+0000] {logging_mixin.py:190} INFO - 📥 Received: page:movie_detail
[2025-05-20T03:40:43.714+0000] {logging_mixin.py:190} INFO - 📥 Received: page:main
[2025-05-20T03:40:43.715+0000] {logging_mixin.py:190} INFO - 📥 Received: page:movie_detail
[2025-05-20T03:40:43.715+0000] {logging_mixin.py:190} INFO - 📥 Received: page:movie_detail
[2025-05-20T03:40:43.715+0000] {logging_mixin.py:190} INFO - 📥 Received: page:main
[2025-05-20T03:40:43.715+0000] {logging_mixin.py:190} INFO - 📥 Received: page:main
[2025-05-20T03:40:43.715+0000] {logging_mixin.py:190} INFO - 📥 Received: page:main
[2025-05-20T03:40:43.715+0000] {logging_mixin.py:190} INFO - 📥 Received: page:movie_detail
[2025-05-20T03:40:43.715+0000] {logging_mixin.py:190} INFO - 📥 Received: page:movie_detail
[2025-05-20T03:40:43.715+0000] {logging_mixin.py:190} INFO - 📥 Received: page:movie_detail
[2025-05-20T03:40:43.716+0000] {logging_mixin.py:190} INFO - 📥 Received: page:movie_detail
[2025-05-20T03:40:43.716+0000] {logging_mixin.py:190} INFO - 📥 Received: page:main
[2025-05-20T03:40:43.716+0000] {logging_mixin.py:190} INFO - 📥 Received: page:movie_detail
[2025-05-20T03:40:43.716+0000] {logging_mixin.py:190} INFO - 📥 Received: page:main
[2025-05-20T03:40:43.716+0000] {logging_mixin.py:190} INFO - 📥 Received: page:movie_detail
[2025-05-20T03:40:43.716+0000] {logging_mixin.py:190} INFO - 📥 Received: page:movie_detail
[2025-05-20T03:40:43.716+0000] {logging_mixin.py:190} INFO - 📥 Received: page:main
[2025-05-20T03:40:43.716+0000] {logging_mixin.py:190} INFO - 📥 Received: page:movie_detail
[2025-05-20T03:40:43.717+0000] {logging_mixin.py:190} INFO - 📥 Received: page:movie_detail
[2025-05-20T03:40:43.717+0000] {logging_mixin.py:190} INFO - 📥 Received: page:movie_detail
[2025-05-20T03:40:43.717+0000] {logging_mixin.py:190} INFO - 📥 Received: page:main
[2025-05-20T03:40:43.717+0000] {logging_mixin.py:190} INFO - 📥 Received: page:main
[2025-05-20T03:40:43.717+0000] {logging_mixin.py:190} INFO - 📥 Received: page:main
[2025-05-20T03:40:43.717+0000] {logging_mixin.py:190} INFO - 📥 Received: page:movie_detail
[2025-05-20T03:40:43.717+0000] {logging_mixin.py:190} INFO - 📥 Received: page:main
[2025-05-20T03:40:43.717+0000] {logging_mixin.py:190} INFO - 📥 Received: page:movie_detail
[2025-05-20T03:40:43.717+0000] {logging_mixin.py:190} INFO - 📥 Received: page:movie_detail
[2025-05-20T03:40:43.718+0000] {logging_mixin.py:190} INFO - 📥 Received: page:movie_detail
[2025-05-20T03:40:43.718+0000] {logging_mixin.py:190} INFO - 📥 Received: page:main
[2025-05-20T03:40:43.718+0000] {logging_mixin.py:190} INFO - 📥 Received: page:movie_detail
[2025-05-20T03:40:43.718+0000] {logging_mixin.py:190} INFO - 📥 Received: page:movie_detail
[2025-05-20T03:40:43.718+0000] {logging_mixin.py:190} INFO - 📥 Received: page:main
[2025-05-20T03:40:43.718+0000] {logging_mixin.py:190} INFO - 📥 Received: page:movie_detail
[2025-05-20T03:40:43.718+0000] {logging_mixin.py:190} INFO - 📥 Received: page:movie_detail
[2025-05-20T03:40:43.718+0000] {logging_mixin.py:190} INFO - 📥 Received: page:movie_detail
[2025-05-20T03:40:43.719+0000] {logging_mixin.py:190} INFO - 📥 Received: page:movie_detail
[2025-05-20T03:40:43.719+0000] {logging_mixin.py:190} INFO - 📥 Received: page:movie_detail
[2025-05-20T03:40:43.719+0000] {logging_mixin.py:190} INFO - 📥 Received: page:movie_detail
[2025-05-20T03:40:43.719+0000] {logging_mixin.py:190} INFO - 📥 Received: page:movie_detail
[2025-05-20T03:40:43.719+0000] {logging_mixin.py:190} INFO - 📥 Received: page:movie_detail
[2025-05-20T03:40:43.719+0000] {logging_mixin.py:190} INFO - 📥 Received: page:main
[2025-05-20T03:40:43.719+0000] {logging_mixin.py:190} INFO - 📥 Received: page:movie_detail
[2025-05-20T03:40:43.719+0000] {logging_mixin.py:190} INFO - 📥 Received: page:movie_detail
[2025-05-20T03:40:43.719+0000] {logging_mixin.py:190} INFO - 📥 Received: page:movie_detail
[2025-05-20T03:40:43.720+0000] {logging_mixin.py:190} INFO - 📥 Received: page:main
[2025-05-20T03:40:43.720+0000] {logging_mixin.py:190} INFO - 📥 Received: page:movie_detail
[2025-05-20T03:40:43.720+0000] {logging_mixin.py:190} INFO - 📥 Received: page:movie_detail
[2025-05-20T03:40:43.720+0000] {logging_mixin.py:190} INFO - 📥 Received: page:movie_detail
[2025-05-20T03:40:43.720+0000] {logging_mixin.py:190} INFO - 📥 Received: page:movie_detail
[2025-05-20T03:40:43.720+0000] {logging_mixin.py:190} INFO - 📥 Received: page:movie_detail
[2025-05-20T03:40:43.720+0000] {logging_mixin.py:190} INFO - 📥 Received: page:movie_detail
[2025-05-20T03:40:43.720+0000] {logging_mixin.py:190} INFO - 📥 Received: page:movie_detail
[2025-05-20T03:40:43.721+0000] {logging_mixin.py:190} INFO - 📥 Received: page:movie_detail
[2025-05-20T03:40:43.721+0000] {logging_mixin.py:190} INFO - 📥 Received: page:movie_detail
[2025-05-20T03:40:43.721+0000] {logging_mixin.py:190} INFO - 📥 Received: page:movie_detail
[2025-05-20T03:40:43.721+0000] {logging_mixin.py:190} INFO - 📥 Received: page:movie_detail
[2025-05-20T03:40:43.721+0000] {logging_mixin.py:190} INFO - 📥 Received: page:movie_detail
[2025-05-20T03:40:43.721+0000] {logging_mixin.py:190} INFO - 📥 Received: page:movie_detail
[2025-05-20T03:40:43.721+0000] {logging_mixin.py:190} INFO - 📥 Received: page:movie_detail
[2025-05-20T03:40:43.721+0000] {logging_mixin.py:190} INFO - 📥 Received: page:movie_detail
[2025-05-20T03:40:43.721+0000] {logging_mixin.py:190} INFO - 📥 Received: page:main
[2025-05-20T03:40:43.722+0000] {logging_mixin.py:190} INFO - 📥 Received: page:movie_detail
[2025-05-20T03:40:43.722+0000] {logging_mixin.py:190} INFO - 📥 Received: page:main
[2025-05-20T03:40:43.722+0000] {logging_mixin.py:190} INFO - 📥 Received: page:movie_detail
[2025-05-20T03:40:43.722+0000] {logging_mixin.py:190} INFO - 📥 Received: page:movie_detail
[2025-05-20T03:40:43.722+0000] {logging_mixin.py:190} INFO - 📥 Received: page:movie_detail
[2025-05-20T03:40:43.722+0000] {logging_mixin.py:190} INFO - 📥 Received: page:movie_detail
[2025-05-20T03:40:43.722+0000] {logging_mixin.py:190} INFO - 📥 Received: page:movie_detail
[2025-05-20T03:40:43.722+0000] {logging_mixin.py:190} INFO - 📥 Received: page:movie_detail
[2025-05-20T03:40:43.723+0000] {logging_mixin.py:190} INFO - 📥 Received: page:main
[2025-05-20T03:40:43.723+0000] {logging_mixin.py:190} INFO - 📥 Received: page:movie_detail
[2025-05-20T03:40:43.723+0000] {logging_mixin.py:190} INFO - 📥 Received: page:movie_detail
[2025-05-20T03:40:43.723+0000] {logging_mixin.py:190} INFO - 📥 Received: page:movie_detail
[2025-05-20T03:40:43.723+0000] {logging_mixin.py:190} INFO - 📥 Received: page:movie_detail
[2025-05-20T03:40:43.723+0000] {logging_mixin.py:190} INFO - 📥 Received: page:movie_detail
[2025-05-20T03:40:43.723+0000] {logging_mixin.py:190} INFO - 📥 Received: page:movie_detail
[2025-05-20T03:40:43.723+0000] {logging_mixin.py:190} INFO - 📥 Received: page:main
[2025-05-20T03:40:43.724+0000] {logging_mixin.py:190} INFO - 📥 Received: page:movie_detail
[2025-05-20T03:40:43.724+0000] {logging_mixin.py:190} INFO - 📥 Received: page:movie_detail
[2025-05-20T03:40:43.724+0000] {logging_mixin.py:190} INFO - 📥 Received: page:movie_detail
[2025-05-20T03:40:43.724+0000] {logging_mixin.py:190} INFO - 📥 Received: page:movie_detail
[2025-05-20T03:40:43.724+0000] {logging_mixin.py:190} INFO - 📥 Received: page:main
[2025-05-20T03:40:43.724+0000] {logging_mixin.py:190} INFO - 📥 Received: page:movie_detail
[2025-05-20T03:40:43.724+0000] {logging_mixin.py:190} INFO - 📥 Received: page:movie_detail
[2025-05-20T03:40:43.724+0000] {logging_mixin.py:190} INFO - 📥 Received: page:movie_detail
[2025-05-20T03:40:43.724+0000] {logging_mixin.py:190} INFO - 📥 Received: page:movie_detail
[2025-05-20T03:40:43.725+0000] {logging_mixin.py:190} INFO - 📥 Received: page:movie_detail
[2025-05-20T03:40:43.725+0000] {logging_mixin.py:190} INFO - 📥 Received: page:main
[2025-05-20T03:40:43.725+0000] {logging_mixin.py:190} INFO - 📥 Received: page:movie_detail
[2025-05-20T03:40:43.725+0000] {logging_mixin.py:190} INFO - 📥 Received: page:movie_detail
[2025-05-20T03:40:43.725+0000] {logging_mixin.py:190} INFO - 📥 Received: page:movie_detail
[2025-05-20T03:40:43.725+0000] {logging_mixin.py:190} INFO - 📥 Received: page:movie_detail
[2025-05-20T03:40:43.725+0000] {logging_mixin.py:190} INFO - 📥 Received: page:movie_detail
[2025-05-20T03:40:43.725+0000] {logging_mixin.py:190} INFO - 📥 Received: page:movie_detail
[2025-05-20T03:40:43.725+0000] {logging_mixin.py:190} INFO - 📥 Received: page:movie_detail
[2025-05-20T03:40:43.726+0000] {logging_mixin.py:190} INFO - 📥 Received: page:movie_detail
[2025-05-20T03:40:43.726+0000] {logging_mixin.py:190} INFO - 📥 Received: page:movie_detail
[2025-05-20T03:40:43.726+0000] {logging_mixin.py:190} INFO - 📥 Received: page:movie_detail
[2025-05-20T03:40:43.726+0000] {logging_mixin.py:190} INFO - 📥 Received: page:main
[2025-05-20T03:40:43.726+0000] {logging_mixin.py:190} INFO - 📥 Received: page:main
[2025-05-20T03:40:43.726+0000] {logging_mixin.py:190} INFO - 📥 Received: page:movie_detail
[2025-05-20T03:40:43.726+0000] {logging_mixin.py:190} INFO - 📥 Received: page:movie_detail
[2025-05-20T03:40:43.726+0000] {logging_mixin.py:190} INFO - 📥 Received: page:main
[2025-05-20T03:40:43.726+0000] {logging_mixin.py:190} INFO - 📥 Received: page:movie_detail
[2025-05-20T03:40:43.727+0000] {logging_mixin.py:190} INFO - 📥 Received: page:movie_detail
[2025-05-20T03:40:43.727+0000] {logging_mixin.py:190} INFO - 📥 Received: page:movie_detail
[2025-05-20T03:40:43.727+0000] {logging_mixin.py:190} INFO - 📥 Received: page:movie_detail
[2025-05-20T03:40:43.727+0000] {logging_mixin.py:190} INFO - 📥 Received: page:main
[2025-05-20T03:40:43.727+0000] {logging_mixin.py:190} INFO - 📥 Received: page:movie_detail
[2025-05-20T03:40:43.727+0000] {logging_mixin.py:190} INFO - 📥 Received: page:movie_detail
[2025-05-20T03:40:43.727+0000] {logging_mixin.py:190} INFO - 📥 Received: page:movie_detail
[2025-05-20T03:40:43.727+0000] {logging_mixin.py:190} INFO - 📥 Received: page:movie_detail
[2025-05-20T03:40:43.728+0000] {logging_mixin.py:190} INFO - 📥 Received: page:main
[2025-05-20T03:40:43.728+0000] {logging_mixin.py:190} INFO - 📥 Received: page:movie_detail
[2025-05-20T03:40:43.728+0000] {logging_mixin.py:190} INFO - 📥 Received: page:main
[2025-05-20T03:40:43.728+0000] {logging_mixin.py:190} INFO - 📥 Received: page:movie_detail
[2025-05-20T03:40:43.728+0000] {logging_mixin.py:190} INFO - 📥 Received: page:movie_detail
[2025-05-20T03:40:43.728+0000] {logging_mixin.py:190} INFO - 📥 Received: page:main
[2025-05-20T03:40:43.728+0000] {logging_mixin.py:190} INFO - 📥 Received: page:main
[2025-05-20T03:40:43.728+0000] {logging_mixin.py:190} INFO - 📥 Received: page:movie_detail
[2025-05-20T03:40:43.728+0000] {logging_mixin.py:190} INFO - 📥 Received: page:movie_detail
[2025-05-20T03:40:43.729+0000] {logging_mixin.py:190} INFO - 📥 Received: page:movie_detail
[2025-05-20T03:40:43.729+0000] {logging_mixin.py:190} INFO - 📥 Received: page:main
[2025-05-20T03:40:43.729+0000] {logging_mixin.py:190} INFO - 📥 Received: page:movie_detail
[2025-05-20T03:40:43.729+0000] {logging_mixin.py:190} INFO - 📥 Received: page:main
[2025-05-20T03:40:43.729+0000] {logging_mixin.py:190} INFO - 📥 Received: page:movie_detail
[2025-05-20T03:40:43.729+0000] {logging_mixin.py:190} INFO - 📥 Received: page:movie_detail
[2025-05-20T03:40:43.729+0000] {logging_mixin.py:190} INFO - 📥 Received: page:main
[2025-05-20T03:40:43.729+0000] {logging_mixin.py:190} INFO - 📥 Received: page:main
[2025-05-20T03:40:43.729+0000] {logging_mixin.py:190} INFO - 📥 Received: page:movie_detail
[2025-05-20T03:40:43.730+0000] {logging_mixin.py:190} INFO - 📥 Received: page:main
[2025-05-20T03:40:43.730+0000] {logging_mixin.py:190} INFO - 📥 Received: page:movie_detail
[2025-05-20T03:40:43.730+0000] {logging_mixin.py:190} INFO - 📥 Received: page:movie_detail
[2025-05-20T03:40:43.730+0000] {logging_mixin.py:190} INFO - 📥 Received: page:movie_detail
[2025-05-20T03:40:43.730+0000] {logging_mixin.py:190} INFO - 📥 Received: page:main
[2025-05-20T03:40:43.730+0000] {logging_mixin.py:190} INFO - 📥 Received: page:movie_detail
[2025-05-20T03:40:43.730+0000] {logging_mixin.py:190} INFO - 📥 Received: page:movie_detail
[2025-05-20T03:40:43.730+0000] {logging_mixin.py:190} INFO - 📥 Received: page:movie_detail
[2025-05-20T03:40:43.730+0000] {logging_mixin.py:190} INFO - 📥 Received: page:main
[2025-05-20T03:40:43.731+0000] {logging_mixin.py:190} INFO - 📥 Received: page:movie_detail
[2025-05-20T03:40:43.731+0000] {logging_mixin.py:190} INFO - 📥 Received: page:main
[2025-05-20T03:40:43.731+0000] {logging_mixin.py:190} INFO - 📥 Received: page:movie_detail
[2025-05-20T03:40:43.731+0000] {logging_mixin.py:190} INFO - 📥 Received: page:main
[2025-05-20T03:40:43.731+0000] {logging_mixin.py:190} INFO - 📥 Received: page:main
[2025-05-20T03:40:43.731+0000] {logging_mixin.py:190} INFO - 📥 Received: page:movie_detail
[2025-05-20T03:40:43.731+0000] {logging_mixin.py:190} INFO - 📥 Received: page:main
[2025-05-20T03:40:43.731+0000] {logging_mixin.py:190} INFO - 📥 Received: page:main
[2025-05-20T03:40:43.731+0000] {logging_mixin.py:190} INFO - 📥 Received: page:movie_detail
[2025-05-20T03:40:43.732+0000] {logging_mixin.py:190} INFO - 📥 Received: page:movie_detail
[2025-05-20T03:40:43.732+0000] {logging_mixin.py:190} INFO - 📥 Received: page:movie_detail
[2025-05-20T03:40:43.732+0000] {logging_mixin.py:190} INFO - 📥 Received: page:movie_detail
[2025-05-20T03:40:43.732+0000] {logging_mixin.py:190} INFO - 📥 Received: page:movie_detail
[2025-05-20T03:40:43.732+0000] {logging_mixin.py:190} INFO - 📥 Received: page:movie_detail
[2025-05-20T03:40:43.732+0000] {logging_mixin.py:190} INFO - 📥 Received: page:movie_detail
[2025-05-20T03:40:43.732+0000] {logging_mixin.py:190} INFO - 📥 Received: page:movie_detail
[2025-05-20T03:40:43.732+0000] {logging_mixin.py:190} INFO - 📥 Received: page:movie_detail
[2025-05-20T03:40:43.732+0000] {logging_mixin.py:190} INFO - 📥 Received: page:main
[2025-05-20T03:40:43.733+0000] {logging_mixin.py:190} INFO - 📥 Received: page:movie_detail
[2025-05-20T03:40:43.733+0000] {logging_mixin.py:190} INFO - 📥 Received: page:movie_detail
[2025-05-20T03:40:43.733+0000] {logging_mixin.py:190} INFO - 📥 Received: page:movie_detail
[2025-05-20T03:40:43.733+0000] {logging_mixin.py:190} INFO - 📥 Received: page:main
[2025-05-20T03:40:43.733+0000] {logging_mixin.py:190} INFO - 📥 Received: page:movie_detail
[2025-05-20T03:40:43.733+0000] {logging_mixin.py:190} INFO - 📥 Received: page:movie_detail
[2025-05-20T03:40:43.733+0000] {logging_mixin.py:190} INFO - 📥 Received: page:main
[2025-05-20T03:40:43.733+0000] {logging_mixin.py:190} INFO - 📥 Received: page:movie_detail
[2025-05-20T03:40:43.733+0000] {logging_mixin.py:190} INFO - 📥 Received: page:movie_detail
[2025-05-20T03:40:43.734+0000] {logging_mixin.py:190} INFO - 📥 Received: page:main
[2025-05-20T03:40:43.734+0000] {logging_mixin.py:190} INFO - 📥 Received: page:main
[2025-05-20T03:40:43.734+0000] {logging_mixin.py:190} INFO - 📥 Received: page:movie_detail
[2025-05-20T03:40:43.734+0000] {logging_mixin.py:190} INFO - 📥 Received: page:movie_detail
[2025-05-20T03:40:43.734+0000] {logging_mixin.py:190} INFO - 📥 Received: page:movie_detail
[2025-05-20T03:40:43.734+0000] {logging_mixin.py:190} INFO - 📥 Received: page:movie_detail
[2025-05-20T03:40:43.734+0000] {logging_mixin.py:190} INFO - 📥 Received: page:main
[2025-05-20T03:40:43.734+0000] {logging_mixin.py:190} INFO - 📥 Received: page:movie_detail
[2025-05-20T03:40:43.734+0000] {logging_mixin.py:190} INFO - 📥 Received: page:movie_detail
[2025-05-20T03:40:43.735+0000] {logging_mixin.py:190} INFO - 📥 Received: page:movie_detail
[2025-05-20T03:40:43.735+0000] {logging_mixin.py:190} INFO - 📥 Received: page:main
[2025-05-20T03:40:43.735+0000] {logging_mixin.py:190} INFO - 📥 Received: page:movie_detail
[2025-05-20T03:40:43.735+0000] {logging_mixin.py:190} INFO - 📥 Received: page:movie_detail
[2025-05-20T03:40:43.735+0000] {logging_mixin.py:190} INFO - 📥 Received: page:main
[2025-05-20T03:40:43.735+0000] {logging_mixin.py:190} INFO - 📥 Received: page:movie_detail
[2025-05-20T03:40:43.735+0000] {logging_mixin.py:190} INFO - 📥 Received: page:movie_detail
[2025-05-20T03:40:43.735+0000] {logging_mixin.py:190} INFO - 📥 Received: page:main
[2025-05-20T03:40:43.735+0000] {logging_mixin.py:190} INFO - 📥 Received: page:movie_detail
[2025-05-20T03:40:43.736+0000] {logging_mixin.py:190} INFO - 📥 Received: page:main
[2025-05-20T03:40:43.736+0000] {logging_mixin.py:190} INFO - 📥 Received: page:movie_detail
[2025-05-20T03:40:43.736+0000] {logging_mixin.py:190} INFO - 📥 Received: page:movie_detail
[2025-05-20T03:40:43.736+0000] {logging_mixin.py:190} INFO - 📥 Received: page:movie_detail
[2025-05-20T03:40:43.736+0000] {logging_mixin.py:190} INFO - 📥 Received: page:movie_detail
[2025-05-20T03:40:43.736+0000] {logging_mixin.py:190} INFO - 📥 Received: page:main
[2025-05-20T03:40:43.736+0000] {logging_mixin.py:190} INFO - 📥 Received: page:movie_detail
[2025-05-20T03:40:43.736+0000] {logging_mixin.py:190} INFO - 📥 Received: page:movie_detail
[2025-05-20T03:40:43.736+0000] {logging_mixin.py:190} INFO - 📥 Received: page:main
[2025-05-20T03:40:43.737+0000] {logging_mixin.py:190} INFO - 📥 Received: page:movie_detail
[2025-05-20T03:40:43.737+0000] {logging_mixin.py:190} INFO - 📥 Received: page:movie_detail
[2025-05-20T03:40:43.737+0000] {logging_mixin.py:190} INFO - 📥 Received: page:movie_detail
[2025-05-20T03:40:43.737+0000] {logging_mixin.py:190} INFO - 📥 Received: page:movie_detail
[2025-05-20T03:40:43.737+0000] {logging_mixin.py:190} INFO - 📥 Received: page:movie_detail
[2025-05-20T03:40:43.737+0000] {logging_mixin.py:190} INFO - 📥 Received: page:movie_detail
[2025-05-20T03:40:43.737+0000] {logging_mixin.py:190} INFO - 📥 Received: page:main
[2025-05-20T03:40:43.737+0000] {logging_mixin.py:190} INFO - 📥 Received: page:movie_detail
[2025-05-20T03:40:43.738+0000] {logging_mixin.py:190} INFO - 📥 Received: page:movie_detail
[2025-05-20T03:40:43.738+0000] {logging_mixin.py:190} INFO - 📥 Received: page:movie_detail
[2025-05-20T03:40:43.738+0000] {logging_mixin.py:190} INFO - 📥 Received: page:movie_detail
[2025-05-20T03:40:43.738+0000] {logging_mixin.py:190} INFO - 📥 Received: page:movie_detail
[2025-05-20T03:40:43.738+0000] {logging_mixin.py:190} INFO - 📥 Received: page:movie_detail
[2025-05-20T03:40:43.738+0000] {logging_mixin.py:190} INFO - 📥 Received: page:main
[2025-05-20T03:40:43.738+0000] {logging_mixin.py:190} INFO - 📥 Received: page:movie_detail
[2025-05-20T03:40:43.738+0000] {logging_mixin.py:190} INFO - 📥 Received: page:main
[2025-05-20T03:40:43.738+0000] {logging_mixin.py:190} INFO - 📥 Received: page:movie_detail
[2025-05-20T03:40:43.738+0000] {logging_mixin.py:190} INFO - 📥 Received: page:movie_detail
[2025-05-20T03:40:43.739+0000] {logging_mixin.py:190} INFO - 📥 Received: page:movie_detail
[2025-05-20T03:40:43.739+0000] {logging_mixin.py:190} INFO - 📥 Received: page:main
[2025-05-20T03:40:43.739+0000] {logging_mixin.py:190} INFO - 📥 Received: page:main
[2025-05-20T03:40:43.739+0000] {logging_mixin.py:190} INFO - 📥 Received: page:movie_detail
[2025-05-20T03:40:43.739+0000] {logging_mixin.py:190} INFO - 📥 Received: page:movie_detail
[2025-05-20T03:40:43.739+0000] {logging_mixin.py:190} INFO - 📥 Received: page:movie_detail
[2025-05-20T03:40:43.739+0000] {logging_mixin.py:190} INFO - 📥 Received: page:main
[2025-05-20T03:40:43.739+0000] {logging_mixin.py:190} INFO - 📥 Received: page:movie_detail
[2025-05-20T03:40:43.739+0000] {logging_mixin.py:190} INFO - 📥 Received: page:main
[2025-05-20T03:40:43.740+0000] {logging_mixin.py:190} INFO - 📥 Received: page:movie_detail
[2025-05-20T03:40:43.740+0000] {logging_mixin.py:190} INFO - 📥 Received: page:main
[2025-05-20T03:40:43.740+0000] {logging_mixin.py:190} INFO - 📥 Received: page:movie_detail
[2025-05-20T03:40:43.740+0000] {logging_mixin.py:190} INFO - 📥 Received: page:movie_detail
[2025-05-20T03:40:43.740+0000] {logging_mixin.py:190} INFO - 📥 Received: page:movie_detail
[2025-05-20T03:40:43.740+0000] {logging_mixin.py:190} INFO - 📥 Received: page:movie_detail
[2025-05-20T03:40:43.740+0000] {logging_mixin.py:190} INFO - 📥 Received: page:movie_detail
[2025-05-20T03:40:43.740+0000] {logging_mixin.py:190} INFO - 📥 Received: page:movie_detail
[2025-05-20T03:40:43.740+0000] {logging_mixin.py:190} INFO - 📥 Received: page:movie_detail
[2025-05-20T03:40:43.740+0000] {logging_mixin.py:190} INFO - 📥 Received: page:main
[2025-05-20T03:40:43.741+0000] {logging_mixin.py:190} INFO - 📥 Received: page:movie_detail
[2025-05-20T03:40:43.741+0000] {logging_mixin.py:190} INFO - 📥 Received: page:movie_detail
[2025-05-20T03:40:43.741+0000] {logging_mixin.py:190} INFO - 📥 Received: page:main
[2025-05-20T03:40:43.741+0000] {logging_mixin.py:190} INFO - 📥 Received: page:movie_detail
[2025-05-20T03:40:43.741+0000] {logging_mixin.py:190} INFO - 📥 Received: page:movie_detail
[2025-05-20T03:40:43.741+0000] {logging_mixin.py:190} INFO - 📥 Received: page:movie_detail
[2025-05-20T03:40:43.741+0000] {logging_mixin.py:190} INFO - 📥 Received: page:main
[2025-05-20T03:40:43.741+0000] {logging_mixin.py:190} INFO - 📥 Received: page:movie_detail
[2025-05-20T03:40:43.741+0000] {logging_mixin.py:190} INFO - 📥 Received: page:movie_detail
[2025-05-20T03:40:43.742+0000] {logging_mixin.py:190} INFO - 📥 Received: page:main
[2025-05-20T03:40:43.742+0000] {logging_mixin.py:190} INFO - 📥 Received: page:main
[2025-05-20T03:40:43.742+0000] {logging_mixin.py:190} INFO - 📥 Received: page:movie_detail
[2025-05-20T03:40:43.742+0000] {logging_mixin.py:190} INFO - 📥 Received: page:movie_detail
[2025-05-20T03:40:43.742+0000] {logging_mixin.py:190} INFO - 📥 Received: page:movie_detail
[2025-05-20T03:40:43.742+0000] {logging_mixin.py:190} INFO - 📥 Received: page:movie_detail
[2025-05-20T03:40:43.742+0000] {logging_mixin.py:190} INFO - 📥 Received: page:movie_detail
[2025-05-20T03:40:43.742+0000] {logging_mixin.py:190} INFO - 📥 Received: page:main
[2025-05-20T03:40:43.743+0000] {logging_mixin.py:190} INFO - 📥 Received: page:movie_detail
[2025-05-20T03:40:43.743+0000] {logging_mixin.py:190} INFO - 📥 Received: page:movie_detail
[2025-05-20T03:40:43.743+0000] {logging_mixin.py:190} INFO - 📥 Received: page:movie_detail
[2025-05-20T03:40:43.743+0000] {logging_mixin.py:190} INFO - 📥 Received: page:main
[2025-05-20T03:40:43.743+0000] {logging_mixin.py:190} INFO - 📥 Received: page:movie_detail
[2025-05-20T03:40:43.743+0000] {logging_mixin.py:190} INFO - 📥 Received: page:movie_detail
[2025-05-20T03:40:43.743+0000] {logging_mixin.py:190} INFO - 📥 Received: page:main
[2025-05-20T03:40:43.743+0000] {logging_mixin.py:190} INFO - 📥 Received: page:movie_detail
[2025-05-20T03:40:43.743+0000] {logging_mixin.py:190} INFO - 📥 Received: page:movie_detail
[2025-05-20T03:40:43.744+0000] {logging_mixin.py:190} INFO - 📥 Received: page:movie_detail
[2025-05-20T03:40:43.744+0000] {logging_mixin.py:190} INFO - 📥 Received: page:movie_detail
[2025-05-20T03:40:43.744+0000] {logging_mixin.py:190} INFO - 📥 Received: page:main
[2025-05-20T03:40:43.744+0000] {logging_mixin.py:190} INFO - 📥 Received: page:main
[2025-05-20T03:40:43.744+0000] {logging_mixin.py:190} INFO - 📥 Received: page:movie_detail
[2025-05-20T03:40:43.744+0000] {logging_mixin.py:190} INFO - 📥 Received: page:movie_detail
[2025-05-20T03:40:43.744+0000] {logging_mixin.py:190} INFO - 📥 Received: page:movie_detail
[2025-05-20T03:40:43.744+0000] {logging_mixin.py:190} INFO - 📥 Received: page:movie_detail
[2025-05-20T03:40:43.744+0000] {logging_mixin.py:190} INFO - 📥 Received: page:movie_detail
[2025-05-20T03:40:43.745+0000] {logging_mixin.py:190} INFO - 📥 Received: page:main
[2025-05-20T03:40:43.745+0000] {logging_mixin.py:190} INFO - 📥 Received: page:main
[2025-05-20T03:40:43.745+0000] {logging_mixin.py:190} INFO - 📥 Received: page:movie_detail
[2025-05-20T03:40:43.745+0000] {logging_mixin.py:190} INFO - 📥 Received: page:main
[2025-05-20T03:40:43.745+0000] {logging_mixin.py:190} INFO - 📥 Received: page:movie_detail
[2025-05-20T03:40:43.745+0000] {logging_mixin.py:190} INFO - 📥 Received: page:movie_detail
[2025-05-20T03:40:43.745+0000] {logging_mixin.py:190} INFO - 📥 Received: page:movie_detail
[2025-05-20T03:40:43.745+0000] {logging_mixin.py:190} INFO - 📥 Received: page:movie_detail
[2025-05-20T03:40:43.745+0000] {logging_mixin.py:190} INFO - 📥 Received: page:main
[2025-05-20T03:40:43.746+0000] {logging_mixin.py:190} INFO - 📥 Received: page:movie_detail
[2025-05-20T03:40:43.746+0000] {logging_mixin.py:190} INFO - 📥 Received: page:main
[2025-05-20T03:40:43.746+0000] {logging_mixin.py:190} INFO - 📥 Received: page:movie_detail
[2025-05-20T03:40:43.746+0000] {logging_mixin.py:190} INFO - 📥 Received: page:main
[2025-05-20T03:40:43.746+0000] {logging_mixin.py:190} INFO - 📥 Received: page:main
[2025-05-20T03:40:43.746+0000] {logging_mixin.py:190} INFO - 📥 Received: page:movie_detail
[2025-05-20T03:40:43.746+0000] {logging_mixin.py:190} INFO - 📥 Received: page:main
[2025-05-20T03:40:43.747+0000] {logging_mixin.py:190} INFO - 📥 Received: page:movie_detail
[2025-05-20T03:40:43.747+0000] {logging_mixin.py:190} INFO - 📥 Received: page:main
[2025-05-20T03:40:43.747+0000] {logging_mixin.py:190} INFO - 📥 Received: page:movie_detail
[2025-05-20T03:40:43.747+0000] {logging_mixin.py:190} INFO - 📥 Received: page:main
[2025-05-20T03:40:43.747+0000] {logging_mixin.py:190} INFO - 📥 Received: page:movie_detail
[2025-05-20T03:40:43.747+0000] {logging_mixin.py:190} INFO - 📥 Received: page:movie_detail
[2025-05-20T03:40:43.747+0000] {logging_mixin.py:190} INFO - 📥 Received: page:movie_detail
[2025-05-20T03:40:43.747+0000] {logging_mixin.py:190} INFO - 📥 Received: page:movie_detail
[2025-05-20T03:40:43.747+0000] {logging_mixin.py:190} INFO - 📥 Received: page:movie_detail
[2025-05-20T03:40:43.748+0000] {logging_mixin.py:190} INFO - 📥 Received: page:movie_detail
[2025-05-20T03:40:43.748+0000] {logging_mixin.py:190} INFO - 📥 Received: page:main
[2025-05-20T03:40:43.748+0000] {logging_mixin.py:190} INFO - 📥 Received: page:movie_detail
[2025-05-20T03:40:43.748+0000] {logging_mixin.py:190} INFO - 📥 Received: page:movie_detail
[2025-05-20T03:40:43.748+0000] {logging_mixin.py:190} INFO - 📥 Received: page:movie_detail
[2025-05-20T03:40:43.748+0000] {logging_mixin.py:190} INFO - 📥 Received: page:movie_detail
[2025-05-20T03:40:43.748+0000] {logging_mixin.py:190} INFO - 📥 Received: page:movie_detail
[2025-05-20T03:40:43.748+0000] {logging_mixin.py:190} INFO - 📥 Received: page:movie_detail
[2025-05-20T03:40:43.749+0000] {logging_mixin.py:190} INFO - 📥 Received: page:movie_detail
[2025-05-20T03:40:43.749+0000] {logging_mixin.py:190} INFO - 📥 Received: page:movie_detail
[2025-05-20T03:40:43.749+0000] {logging_mixin.py:190} INFO - 📥 Received: page:movie_detail
[2025-05-20T03:40:43.749+0000] {logging_mixin.py:190} INFO - 📥 Received: page:movie_detail
[2025-05-20T03:40:43.749+0000] {logging_mixin.py:190} INFO - 📥 Received: page:main
[2025-05-20T03:40:43.749+0000] {logging_mixin.py:190} INFO - 📥 Received: page:movie_detail
[2025-05-20T03:40:43.749+0000] {logging_mixin.py:190} INFO - 📥 Received: page:movie_detail
[2025-05-20T03:40:43.749+0000] {logging_mixin.py:190} INFO - 📥 Received: page:movie_detail
[2025-05-20T03:40:43.749+0000] {logging_mixin.py:190} INFO - 📥 Received: page:main
[2025-05-20T03:40:43.750+0000] {logging_mixin.py:190} INFO - 📥 Received: page:main
[2025-05-20T03:40:43.750+0000] {logging_mixin.py:190} INFO - 📥 Received: page:movie_detail
[2025-05-20T03:40:43.750+0000] {logging_mixin.py:190} INFO - 📥 Received: page:movie_detail
[2025-05-20T03:40:43.750+0000] {logging_mixin.py:190} INFO - 📥 Received: page:movie_detail
[2025-05-20T03:40:43.750+0000] {logging_mixin.py:190} INFO - 📥 Received: page:movie_detail
[2025-05-20T03:40:43.750+0000] {logging_mixin.py:190} INFO - 📥 Received: page:main
[2025-05-20T03:40:43.750+0000] {logging_mixin.py:190} INFO - 📥 Received: page:movie_detail
[2025-05-20T03:40:43.750+0000] {logging_mixin.py:190} INFO - 📥 Received: page:main
[2025-05-20T03:40:43.750+0000] {logging_mixin.py:190} INFO - 📥 Received: page:main
[2025-05-20T03:40:43.751+0000] {logging_mixin.py:190} INFO - 📥 Received: page:main
[2025-05-20T03:40:43.751+0000] {logging_mixin.py:190} INFO - 📥 Received: page:main
[2025-05-20T03:40:43.751+0000] {logging_mixin.py:190} INFO - 📥 Received: page:movie_detail
[2025-05-20T03:40:43.751+0000] {logging_mixin.py:190} INFO - 📥 Received: page:main
[2025-05-20T03:40:43.751+0000] {logging_mixin.py:190} INFO - 📥 Received: page:movie_detail
[2025-05-20T03:40:43.751+0000] {logging_mixin.py:190} INFO - 📥 Received: page:movie_detail
[2025-05-20T03:40:43.751+0000] {logging_mixin.py:190} INFO - 📥 Received: page:movie_detail
[2025-05-20T03:40:43.751+0000] {logging_mixin.py:190} INFO - 📥 Received: page:main
[2025-05-20T03:40:43.752+0000] {logging_mixin.py:190} INFO - 📥 Received: page:main
[2025-05-20T03:40:43.752+0000] {logging_mixin.py:190} INFO - 📥 Received: page:movie_detail
[2025-05-20T03:40:43.752+0000] {logging_mixin.py:190} INFO - 📥 Received: page:main
[2025-05-20T03:40:43.752+0000] {logging_mixin.py:190} INFO - 📥 Received: page:main
[2025-05-20T03:40:43.752+0000] {logging_mixin.py:190} INFO - 📥 Received: page:movie_detail
[2025-05-20T03:40:43.752+0000] {logging_mixin.py:190} INFO - 📥 Received: page:movie_detail
[2025-05-20T03:40:43.752+0000] {logging_mixin.py:190} INFO - 📥 Received: page:movie_detail
[2025-05-20T03:40:43.752+0000] {logging_mixin.py:190} INFO - 📥 Received: page:movie_detail
[2025-05-20T03:40:43.752+0000] {logging_mixin.py:190} INFO - 📥 Received: page:movie_detail
[2025-05-20T03:40:43.753+0000] {logging_mixin.py:190} INFO - 📥 Received: page:movie_detail
[2025-05-20T03:40:43.753+0000] {logging_mixin.py:190} INFO - 📥 Received: page:movie_detail
[2025-05-20T03:40:43.753+0000] {logging_mixin.py:190} INFO - 📥 Received: page:movie_detail
[2025-05-20T03:40:43.753+0000] {logging_mixin.py:190} INFO - 📥 Received: page:movie_detail
[2025-05-20T03:40:43.753+0000] {logging_mixin.py:190} INFO - 📥 Received: page:movie_detail
[2025-05-20T03:40:43.753+0000] {logging_mixin.py:190} INFO - 📥 Received: page:movie_detail
[2025-05-20T03:40:43.753+0000] {logging_mixin.py:190} INFO - 📥 Received: page:movie_detail
[2025-05-20T03:40:43.753+0000] {logging_mixin.py:190} INFO - 📥 Received: page:movie_detail
[2025-05-20T03:40:43.753+0000] {logging_mixin.py:190} INFO - 📥 Received: page:main
[2025-05-20T03:40:43.754+0000] {logging_mixin.py:190} INFO - 📥 Received: page:main
[2025-05-20T03:40:43.754+0000] {logging_mixin.py:190} INFO - 📥 Received: page:movie_detail
[2025-05-20T03:40:43.754+0000] {logging_mixin.py:190} INFO - 📥 Received: page:movie_detail
[2025-05-20T03:40:43.754+0000] {logging_mixin.py:190} INFO - 📥 Received: page:main
[2025-05-20T03:40:43.754+0000] {logging_mixin.py:190} INFO - 📥 Received: page:movie_detail
[2025-05-20T03:40:43.754+0000] {logging_mixin.py:190} INFO - 📥 Received: page:main
[2025-05-20T03:40:43.754+0000] {logging_mixin.py:190} INFO - 📥 Received: page:movie_detail
[2025-05-20T03:40:43.754+0000] {logging_mixin.py:190} INFO - 📥 Received: page:main
[2025-05-20T03:40:43.754+0000] {logging_mixin.py:190} INFO - 📥 Received: page:movie_detail
[2025-05-20T03:40:43.755+0000] {logging_mixin.py:190} INFO - 📥 Received: page:main
[2025-05-20T03:40:43.755+0000] {logging_mixin.py:190} INFO - 📥 Received: page:movie_detail
[2025-05-20T03:40:43.755+0000] {logging_mixin.py:190} INFO - 📥 Received: page:movie_detail
[2025-05-20T03:40:43.755+0000] {logging_mixin.py:190} INFO - 📥 Received: page:movie_detail
[2025-05-20T03:40:43.759+0000] {logging_mixin.py:190} INFO - ✅Minio connected
[2025-05-20T03:40:43.762+0000] {base.py:84} INFO - Retrieving connection 'minio'
[2025-05-20T03:40:43.763+0000] {connection_wrapper.py:388} INFO - AWS Connection (conn_id='minio', conn_type='aws') credentials retrieved from login and password.
[2025-05-20T03:40:43.933+0000] {logging_mixin.py:190} INFO - ✅ Bucket 'user-log-ml' already exists.
[2025-05-20T03:40:43.938+0000] {logging_mixin.py:190} INFO - ✅ File uploaded to MinIO: 2025-05-20_10-00-00.csv
[2025-05-20T03:40:43.940+0000] {base.py:834} INFO - Stopping heartbeat thread
[2025-05-20T03:40:46.941+0000] {base.py:1037} WARNING - Heartbeat thread did not fully terminate during close
[2025-05-20T03:40:46.942+0000] {base.py:865} INFO - Leaving consumer group (tospark).
[2025-05-20T03:40:46.945+0000] {conn.py:945} INFO - <BrokerConnection client_id=kafka-python-2.2.7, node_id=1 host=172.16.24.224:9092 <connected> [IPv4 ('172.16.24.224', 9092)]>: Closing connection. 
[2025-05-20T03:40:46.945+0000] {conn.py:945} INFO - <BrokerConnection client_id=kafka-python-2.2.7, node_id=coordinator-1 host=172.16.24.224:9092 <connected> [IPv4 ('172.16.24.224', 9092)]>: Closing connection. 
[2025-05-20T03:40:46.946+0000] {python.py:240} INFO - Done. Returned value was: None
[2025-05-20T03:40:46.952+0000] {taskinstance.py:340} INFO - ::group::Post task execution logs
[2025-05-20T03:40:46.953+0000] {taskinstance.py:352} INFO - Marking task as SUCCESS. dag_id=kafka_to_minio_to_spark, task_id=kafka_consumer, run_id=scheduled__2025-05-20T01:00:00+00:00, execution_date=20250520T010000, start_date=20250520T034040, end_date=20250520T034046
[2025-05-20T03:40:46.970+0000] {local_task_job_runner.py:266} INFO - Task exited with return code 0
[2025-05-20T03:40:46.978+0000] {taskinstance.py:3900} INFO - 0 downstream tasks scheduled from follow-on schedule check
[2025-05-20T03:40:46.979+0000] {local_task_job_runner.py:245} INFO - ::endgroup::
