[2025-05-20T06:57:29.492+0000] {local_task_job_runner.py:123} INFO - ::group::Pre task execution logs
[2025-05-20T06:57:29.497+0000] {taskinstance.py:2612} INFO - Dependencies all met for dep_context=non-requeueable deps ti=<TaskInstance: kafka_to_minio_to_spark.kafka_consumer scheduled__2025-05-20T01:00:00+00:00 [queued]>
[2025-05-20T06:57:29.500+0000] {taskinstance.py:2612} INFO - Dependencies all met for dep_context=requeueable deps ti=<TaskInstance: kafka_to_minio_to_spark.kafka_consumer scheduled__2025-05-20T01:00:00+00:00 [queued]>
[2025-05-20T06:57:29.500+0000] {taskinstance.py:2865} INFO - Starting attempt 7 of 8
[2025-05-20T06:57:29.504+0000] {taskinstance.py:2888} INFO - Executing <Task(PythonOperator): kafka_consumer> on 2025-05-20 01:00:00+00:00
[2025-05-20T06:57:29.506+0000] {standard_task_runner.py:72} INFO - Started process 459 to run task
[2025-05-20T06:57:29.507+0000] {standard_task_runner.py:104} INFO - Running: ['***', 'tasks', 'run', 'kafka_to_minio_to_spark', 'kafka_consumer', 'scheduled__2025-05-20T01:00:00+00:00', '--job-id', '149', '--raw', '--subdir', 'DAGS_FOLDER/testlog_ml.py', '--cfg-path', '/tmp/tmp48e2740_']
[2025-05-20T06:57:29.508+0000] {standard_task_runner.py:105} INFO - Job 149: Subtask kafka_consumer
[2025-05-20T06:57:29.525+0000] {task_command.py:467} INFO - Running <TaskInstance: kafka_to_minio_to_spark.kafka_consumer scheduled__2025-05-20T01:00:00+00:00 [running]> on host 6efc53158415
[2025-05-20T06:57:29.623+0000] {taskinstance.py:3131} INFO - Exporting env vars: AIRFLOW_CTX_DAG_OWNER='***' AIRFLOW_CTX_DAG_ID='kafka_to_minio_to_spark' AIRFLOW_CTX_TASK_ID='kafka_consumer' AIRFLOW_CTX_EXECUTION_DATE='2025-05-20T01:00:00+00:00' AIRFLOW_CTX_TRY_NUMBER='7' AIRFLOW_CTX_DAG_RUN_ID='scheduled__2025-05-20T01:00:00+00:00'
[2025-05-20T06:57:29.623+0000] {taskinstance.py:731} INFO - ::endgroup::
[2025-05-20T06:57:29.629+0000] {conn.py:396} INFO - <BrokerConnection client_id=kafka-python-2.2.7, node_id=bootstrap-0 host=host.docker.internal:9092 <connecting> [IPv4 ('192.168.65.254', 9092)]>: connecting to host.docker.internal:9092 [('192.168.65.254', 9092) IPv4]
[2025-05-20T06:57:29.631+0000] {conn.py:618} INFO - <BrokerConnection client_id=kafka-python-2.2.7, node_id=bootstrap-0 host=host.docker.internal:9092 <checking_api_versions_recv> [IPv4 ('192.168.65.254', 9092)]>: Broker version identified as 2.6
[2025-05-20T06:57:29.631+0000] {conn.py:457} INFO - <BrokerConnection client_id=kafka-python-2.2.7, node_id=bootstrap-0 host=host.docker.internal:9092 <connected> [IPv4 ('192.168.65.254', 9092)]>: Connection complete.
[2025-05-20T06:57:29.631+0000] {subscription_state.py:177} INFO - Updating subscribed topics to: ('userlog',)
[2025-05-20T06:57:29.632+0000] {logging_mixin.py:190} INFO - ✅ consumer started, waiting for messages....
[2025-05-20T06:57:29.633+0000] {conn.py:396} INFO - <BrokerConnection client_id=kafka-python-2.2.7, node_id=1 host=172.16.24.224:9092 <connecting> [IPv4 ('172.16.24.224', 9092)]>: connecting to 172.16.24.224:9092 [('172.16.24.224', 9092) IPv4]
[2025-05-20T06:57:29.734+0000] {conn.py:457} INFO - <BrokerConnection client_id=kafka-python-2.2.7, node_id=1 host=172.16.24.224:9092 <connected> [IPv4 ('172.16.24.224', 9092)]>: Connection complete.
[2025-05-20T06:57:29.734+0000] {conn.py:945} INFO - <BrokerConnection client_id=kafka-python-2.2.7, node_id=bootstrap-0 host=host.docker.internal:9092 <connected> [IPv4 ('192.168.65.254', 9092)]>: Closing connection. 
[2025-05-20T06:57:29.843+0000] {cluster.py:400} INFO - Coordinator for group/tospark is ('coordinator-1', '172.16.24.224', 9092, None)
[2025-05-20T06:57:29.844+0000] {base.py:769} INFO - Discovered coordinator coordinator-1 for group tospark
[2025-05-20T06:57:29.844+0000] {base.py:820} INFO - Starting new heartbeat thread
[2025-05-20T06:57:29.845+0000] {consumer.py:362} INFO - Revoking previously assigned partitions () for group tospark
[2025-05-20T06:57:29.846+0000] {conn.py:396} INFO - <BrokerConnection client_id=kafka-python-2.2.7, node_id=coordinator-1 host=172.16.24.224:9092 <connecting> [IPv4 ('172.16.24.224', 9092)]>: connecting to 172.16.24.224:9092 [('172.16.24.224', 9092) IPv4]
[2025-05-20T06:57:29.949+0000] {conn.py:457} INFO - <BrokerConnection client_id=kafka-python-2.2.7, node_id=coordinator-1 host=172.16.24.224:9092 <connected> [IPv4 ('172.16.24.224', 9092)]>: Connection complete.
[2025-05-20T06:57:30.055+0000] {base.py:524} INFO - (Re-)joining group tospark
[2025-05-20T06:57:30.065+0000] {base.py:524} INFO - (Re-)joining group tospark
[2025-05-20T06:57:33.072+0000] {base.py:587} INFO - Elected group leader -- performing partition assignments using range
[2025-05-20T06:57:33.079+0000] {base.py:401} INFO - Successfully joined group tospark with generation 5
[2025-05-20T06:57:33.079+0000] {subscription_state.py:246} INFO - Updated partition assignment: [('userlog', 0)]
[2025-05-20T06:57:33.079+0000] {consumer.py:249} INFO - Setting newly assigned partitions (('userlog', 0),) for group tospark
[2025-05-20T06:57:33.114+0000] {logging_mixin.py:190} INFO - 📥 Received: page:movie_detail
[2025-05-20T06:57:33.114+0000] {logging_mixin.py:190} INFO - 📥 Received: page:movie_detail
[2025-05-20T06:57:33.114+0000] {logging_mixin.py:190} INFO - 📥 Received: page:movie_detail
[2025-05-20T06:57:33.115+0000] {logging_mixin.py:190} INFO - 📥 Received: page:movie_detail
[2025-05-20T06:57:33.115+0000] {logging_mixin.py:190} INFO - 📥 Received: page:movie_detail
[2025-05-20T06:57:33.115+0000] {logging_mixin.py:190} INFO - 📥 Received: page:movie_detail
[2025-05-20T06:57:33.115+0000] {logging_mixin.py:190} INFO - 📥 Received: page:main
[2025-05-20T06:57:33.115+0000] {logging_mixin.py:190} INFO - 📥 Received: page:movie_detail
[2025-05-20T06:57:33.115+0000] {logging_mixin.py:190} INFO - 📥 Received: page:movie_detail
[2025-05-20T06:57:33.116+0000] {logging_mixin.py:190} INFO - 📥 Received: page:main
[2025-05-20T06:57:33.116+0000] {logging_mixin.py:190} INFO - 📥 Received: page:movie_detail
[2025-05-20T06:57:33.116+0000] {logging_mixin.py:190} INFO - 📥 Received: page:movie_detail
[2025-05-20T06:57:33.116+0000] {logging_mixin.py:190} INFO - 📥 Received: page:movie_detail
[2025-05-20T06:57:33.116+0000] {logging_mixin.py:190} INFO - 📥 Received: page:movie_detail
[2025-05-20T06:57:33.116+0000] {logging_mixin.py:190} INFO - 📥 Received: page:main
[2025-05-20T06:57:33.116+0000] {logging_mixin.py:190} INFO - 📥 Received: page:movie_detail
[2025-05-20T06:57:33.116+0000] {logging_mixin.py:190} INFO - 📥 Received: page:movie_detail
[2025-05-20T06:57:33.117+0000] {logging_mixin.py:190} INFO - 📥 Received: page:movie_detail
[2025-05-20T06:57:33.117+0000] {logging_mixin.py:190} INFO - 📥 Received: page:main
[2025-05-20T06:57:33.117+0000] {logging_mixin.py:190} INFO - 📥 Received: page:movie_detail
[2025-05-20T06:57:33.117+0000] {logging_mixin.py:190} INFO - 📥 Received: page:main
[2025-05-20T06:57:33.117+0000] {logging_mixin.py:190} INFO - 📥 Received: page:movie_detail
[2025-05-20T06:57:33.117+0000] {logging_mixin.py:190} INFO - 📥 Received: page:movie_detail
[2025-05-20T06:57:33.117+0000] {logging_mixin.py:190} INFO - 📥 Received: page:movie_detail
[2025-05-20T06:57:33.118+0000] {logging_mixin.py:190} INFO - 📥 Received: page:movie_detail
[2025-05-20T06:57:33.118+0000] {logging_mixin.py:190} INFO - 📥 Received: page:movie_detail
[2025-05-20T06:57:33.118+0000] {logging_mixin.py:190} INFO - 📥 Received: page:movie_detail
[2025-05-20T06:57:33.118+0000] {logging_mixin.py:190} INFO - 📥 Received: page:movie_detail
[2025-05-20T06:57:33.118+0000] {logging_mixin.py:190} INFO - 📥 Received: page:movie_detail
[2025-05-20T06:57:33.118+0000] {logging_mixin.py:190} INFO - 📥 Received: page:movie_detail
[2025-05-20T06:57:33.118+0000] {logging_mixin.py:190} INFO - 📥 Received: page:main
[2025-05-20T06:57:33.119+0000] {logging_mixin.py:190} INFO - 📥 Received: page:movie_detail
[2025-05-20T06:57:33.119+0000] {logging_mixin.py:190} INFO - 📥 Received: page:movie_detail
[2025-05-20T06:57:33.119+0000] {logging_mixin.py:190} INFO - 📥 Received: page:movie_detail
[2025-05-20T06:57:33.119+0000] {logging_mixin.py:190} INFO - 📥 Received: page:movie_detail
[2025-05-20T06:57:33.119+0000] {logging_mixin.py:190} INFO - 📥 Received: page:movie_detail
[2025-05-20T06:57:33.119+0000] {logging_mixin.py:190} INFO - 📥 Received: page:movie_detail
[2025-05-20T06:57:33.119+0000] {logging_mixin.py:190} INFO - 📥 Received: page:main
[2025-05-20T06:57:33.119+0000] {logging_mixin.py:190} INFO - 📥 Received: page:main
[2025-05-20T06:57:33.120+0000] {logging_mixin.py:190} INFO - 📥 Received: page:movie_detail
[2025-05-20T06:57:33.120+0000] {logging_mixin.py:190} INFO - 📥 Received: page:movie_detail
[2025-05-20T06:57:33.120+0000] {logging_mixin.py:190} INFO - 📥 Received: page:movie_detail
[2025-05-20T06:57:33.120+0000] {logging_mixin.py:190} INFO - 📥 Received: page:movie_detail
[2025-05-20T06:57:33.120+0000] {logging_mixin.py:190} INFO - 📥 Received: page:main
[2025-05-20T06:57:33.120+0000] {logging_mixin.py:190} INFO - 📥 Received: page:movie_detail
[2025-05-20T06:57:33.120+0000] {logging_mixin.py:190} INFO - 📥 Received: page:movie_detail
[2025-05-20T06:57:33.120+0000] {logging_mixin.py:190} INFO - 📥 Received: page:movie_detail
[2025-05-20T06:57:33.121+0000] {logging_mixin.py:190} INFO - 📥 Received: page:movie_detail
[2025-05-20T06:57:33.121+0000] {logging_mixin.py:190} INFO - 📥 Received: page:main
[2025-05-20T06:57:33.121+0000] {logging_mixin.py:190} INFO - 📥 Received: page:movie_detail
[2025-05-20T06:57:33.121+0000] {logging_mixin.py:190} INFO - 📥 Received: page:movie_detail
[2025-05-20T06:57:33.121+0000] {logging_mixin.py:190} INFO - 📥 Received: page:movie_detail
[2025-05-20T06:57:33.121+0000] {logging_mixin.py:190} INFO - 📥 Received: page:movie_detail
[2025-05-20T06:57:33.121+0000] {logging_mixin.py:190} INFO - 📥 Received: page:movie_detail
[2025-05-20T06:57:33.122+0000] {logging_mixin.py:190} INFO - 📥 Received: page:movie_detail
[2025-05-20T06:57:33.122+0000] {logging_mixin.py:190} INFO - 📥 Received: page:movie_detail
[2025-05-20T06:57:33.122+0000] {logging_mixin.py:190} INFO - 📥 Received: page:movie_detail
[2025-05-20T06:57:33.122+0000] {logging_mixin.py:190} INFO - 📥 Received: page:movie_detail
[2025-05-20T06:57:33.122+0000] {logging_mixin.py:190} INFO - 📥 Received: page:movie_detail
[2025-05-20T06:57:33.122+0000] {logging_mixin.py:190} INFO - 📥 Received: page:movie_detail
[2025-05-20T06:57:33.122+0000] {logging_mixin.py:190} INFO - 📥 Received: page:movie_detail
[2025-05-20T06:57:33.122+0000] {logging_mixin.py:190} INFO - 📥 Received: page:movie_detail
[2025-05-20T06:57:33.123+0000] {logging_mixin.py:190} INFO - 📥 Received: page:movie_detail
[2025-05-20T06:57:33.123+0000] {logging_mixin.py:190} INFO - 📥 Received: page:movie_detail
[2025-05-20T06:57:33.123+0000] {logging_mixin.py:190} INFO - 📥 Received: page:movie_detail
[2025-05-20T06:57:33.123+0000] {logging_mixin.py:190} INFO - 📥 Received: page:movie_detail
[2025-05-20T06:57:33.123+0000] {logging_mixin.py:190} INFO - 📥 Received: page:movie_detail
[2025-05-20T06:57:33.123+0000] {logging_mixin.py:190} INFO - 📥 Received: page:movie_detail
[2025-05-20T06:57:33.123+0000] {logging_mixin.py:190} INFO - 📥 Received: page:movie_detail
[2025-05-20T06:57:33.123+0000] {logging_mixin.py:190} INFO - 📥 Received: page:movie_detail
[2025-05-20T06:57:33.124+0000] {logging_mixin.py:190} INFO - 📥 Received: page:main
[2025-05-20T06:57:33.124+0000] {logging_mixin.py:190} INFO - 📥 Received: page:main
[2025-05-20T06:57:33.124+0000] {logging_mixin.py:190} INFO - 📥 Received: page:movie_detail
[2025-05-20T06:57:33.124+0000] {logging_mixin.py:190} INFO - 📥 Received: page:movie_detail
[2025-05-20T06:57:33.124+0000] {logging_mixin.py:190} INFO - 📥 Received: page:movie_detail
[2025-05-20T06:57:33.124+0000] {logging_mixin.py:190} INFO - 📥 Received: page:movie_detail
[2025-05-20T06:57:33.124+0000] {logging_mixin.py:190} INFO - 📥 Received: page:movie_detail
[2025-05-20T06:57:33.124+0000] {logging_mixin.py:190} INFO - 📥 Received: page:movie_detail
[2025-05-20T06:57:33.125+0000] {logging_mixin.py:190} INFO - 📥 Received: page:main
[2025-05-20T06:57:33.125+0000] {logging_mixin.py:190} INFO - 📥 Received: page:movie_detail
[2025-05-20T06:57:33.125+0000] {logging_mixin.py:190} INFO - 📥 Received: page:movie_detail
[2025-05-20T06:57:33.125+0000] {logging_mixin.py:190} INFO - 📥 Received: page:movie_detail
[2025-05-20T06:57:33.125+0000] {logging_mixin.py:190} INFO - 📥 Received: page:movie_detail
[2025-05-20T06:57:33.125+0000] {logging_mixin.py:190} INFO - 📥 Received: page:movie_detail
[2025-05-20T06:57:33.125+0000] {logging_mixin.py:190} INFO - 📥 Received: page:main
[2025-05-20T06:57:33.125+0000] {logging_mixin.py:190} INFO - 📥 Received: page:movie_detail
[2025-05-20T06:57:33.126+0000] {logging_mixin.py:190} INFO - 📥 Received: page:movie_detail
[2025-05-20T06:57:33.126+0000] {logging_mixin.py:190} INFO - 📥 Received: page:movie_detail
[2025-05-20T06:57:33.126+0000] {logging_mixin.py:190} INFO - 📥 Received: page:movie_detail
[2025-05-20T06:57:33.126+0000] {logging_mixin.py:190} INFO - 📥 Received: page:movie_detail
[2025-05-20T06:57:33.126+0000] {logging_mixin.py:190} INFO - 📥 Received: page:movie_detail
[2025-05-20T06:57:33.126+0000] {logging_mixin.py:190} INFO - 📥 Received: page:movie_detail
[2025-05-20T06:57:33.126+0000] {logging_mixin.py:190} INFO - 📥 Received: page:main
[2025-05-20T06:57:33.126+0000] {logging_mixin.py:190} INFO - 📥 Received: page:movie_detail
[2025-05-20T06:57:33.126+0000] {logging_mixin.py:190} INFO - 📥 Received: page:movie_detail
[2025-05-20T06:57:33.127+0000] {logging_mixin.py:190} INFO - 📥 Received: page:movie_detail
[2025-05-20T06:57:33.127+0000] {logging_mixin.py:190} INFO - 📥 Received: page:movie_detail
[2025-05-20T06:57:33.127+0000] {logging_mixin.py:190} INFO - 📥 Received: page:movie_detail
[2025-05-20T06:57:33.127+0000] {logging_mixin.py:190} INFO - 📥 Received: page:movie_detail
[2025-05-20T06:57:33.127+0000] {logging_mixin.py:190} INFO - 📥 Received: page:main
[2025-05-20T06:57:33.127+0000] {logging_mixin.py:190} INFO - 📥 Received: page:main
[2025-05-20T06:57:33.127+0000] {logging_mixin.py:190} INFO - 📥 Received: page:movie_detail
[2025-05-20T06:57:33.127+0000] {logging_mixin.py:190} INFO - 📥 Received: page:movie_detail
[2025-05-20T06:57:33.128+0000] {logging_mixin.py:190} INFO - 📥 Received: page:main
[2025-05-20T06:57:33.128+0000] {logging_mixin.py:190} INFO - 📥 Received: page:main
[2025-05-20T06:57:33.128+0000] {logging_mixin.py:190} INFO - 📥 Received: page:movie_detail
[2025-05-20T06:57:33.128+0000] {logging_mixin.py:190} INFO - 📥 Received: page:movie_detail
[2025-05-20T06:57:33.128+0000] {logging_mixin.py:190} INFO - 📥 Received: page:movie_detail
[2025-05-20T06:57:33.128+0000] {logging_mixin.py:190} INFO - 📥 Received: page:movie_detail
[2025-05-20T06:57:33.128+0000] {logging_mixin.py:190} INFO - 📥 Received: page:movie_detail
[2025-05-20T06:57:33.128+0000] {logging_mixin.py:190} INFO - 📥 Received: page:movie_detail
[2025-05-20T06:57:33.129+0000] {logging_mixin.py:190} INFO - 📥 Received: page:movie_detail
[2025-05-20T06:57:33.129+0000] {logging_mixin.py:190} INFO - 📥 Received: page:main
[2025-05-20T06:57:33.129+0000] {logging_mixin.py:190} INFO - 📥 Received: page:movie_detail
[2025-05-20T06:57:33.129+0000] {logging_mixin.py:190} INFO - 📥 Received: page:movie_detail
[2025-05-20T06:57:33.129+0000] {logging_mixin.py:190} INFO - 📥 Received: page:main
[2025-05-20T06:57:33.129+0000] {logging_mixin.py:190} INFO - 📥 Received: page:movie_detail
[2025-05-20T06:57:33.129+0000] {logging_mixin.py:190} INFO - 📥 Received: page:movie_detail
[2025-05-20T06:57:33.129+0000] {logging_mixin.py:190} INFO - 📥 Received: page:movie_detail
[2025-05-20T06:57:33.129+0000] {logging_mixin.py:190} INFO - 📥 Received: page:main
[2025-05-20T06:57:33.130+0000] {logging_mixin.py:190} INFO - 📥 Received: page:movie_detail
[2025-05-20T06:57:33.130+0000] {logging_mixin.py:190} INFO - 📥 Received: page:movie_detail
[2025-05-20T06:57:33.130+0000] {logging_mixin.py:190} INFO - 📥 Received: page:movie_detail
[2025-05-20T06:57:33.130+0000] {logging_mixin.py:190} INFO - 📥 Received: page:movie_detail
[2025-05-20T06:57:33.130+0000] {logging_mixin.py:190} INFO - 📥 Received: page:movie_detail
[2025-05-20T06:57:33.130+0000] {logging_mixin.py:190} INFO - 📥 Received: page:movie_detail
[2025-05-20T06:57:33.130+0000] {logging_mixin.py:190} INFO - 📥 Received: page:main
[2025-05-20T06:57:33.130+0000] {logging_mixin.py:190} INFO - 📥 Received: page:movie_detail
[2025-05-20T06:57:33.131+0000] {logging_mixin.py:190} INFO - 📥 Received: page:movie_detail
[2025-05-20T06:57:33.131+0000] {logging_mixin.py:190} INFO - 📥 Received: page:movie_detail
[2025-05-20T06:57:33.131+0000] {logging_mixin.py:190} INFO - 📥 Received: page:main
[2025-05-20T06:57:33.131+0000] {logging_mixin.py:190} INFO - 📥 Received: page:movie_detail
[2025-05-20T06:57:33.131+0000] {logging_mixin.py:190} INFO - 📥 Received: page:movie_detail
[2025-05-20T06:57:33.131+0000] {logging_mixin.py:190} INFO - 📥 Received: page:main
[2025-05-20T06:57:33.131+0000] {logging_mixin.py:190} INFO - 📥 Received: page:main
[2025-05-20T06:57:33.131+0000] {logging_mixin.py:190} INFO - 📥 Received: page:movie_detail
[2025-05-20T06:57:33.131+0000] {logging_mixin.py:190} INFO - 📥 Received: page:movie_detail
[2025-05-20T06:57:33.132+0000] {logging_mixin.py:190} INFO - 📥 Received: page:main
[2025-05-20T06:57:33.132+0000] {logging_mixin.py:190} INFO - 📥 Received: page:movie_detail
[2025-05-20T06:57:33.132+0000] {logging_mixin.py:190} INFO - 📥 Received: page:movie_detail
[2025-05-20T06:57:33.132+0000] {logging_mixin.py:190} INFO - 📥 Received: page:movie_detail
[2025-05-20T06:57:33.132+0000] {logging_mixin.py:190} INFO - 📥 Received: page:movie_detail
[2025-05-20T06:57:33.132+0000] {logging_mixin.py:190} INFO - 📥 Received: page:movie_detail
[2025-05-20T06:57:33.132+0000] {logging_mixin.py:190} INFO - 📥 Received: page:movie_detail
[2025-05-20T06:57:33.132+0000] {logging_mixin.py:190} INFO - 📥 Received: page:movie_detail
[2025-05-20T06:57:33.133+0000] {logging_mixin.py:190} INFO - 📥 Received: page:movie_detail
[2025-05-20T06:57:33.133+0000] {logging_mixin.py:190} INFO - 📥 Received: page:movie_detail
[2025-05-20T06:57:33.133+0000] {logging_mixin.py:190} INFO - 📥 Received: page:movie_detail
[2025-05-20T06:57:33.133+0000] {logging_mixin.py:190} INFO - 📥 Received: page:movie_detail
[2025-05-20T06:57:33.133+0000] {logging_mixin.py:190} INFO - 📥 Received: page:movie_detail
[2025-05-20T06:57:33.133+0000] {logging_mixin.py:190} INFO - 📥 Received: page:movie_detail
[2025-05-20T06:57:33.133+0000] {logging_mixin.py:190} INFO - 📥 Received: page:movie_detail
[2025-05-20T06:57:33.133+0000] {logging_mixin.py:190} INFO - 📥 Received: page:movie_detail
[2025-05-20T06:57:33.133+0000] {logging_mixin.py:190} INFO - 📥 Received: page:movie_detail
[2025-05-20T06:57:33.134+0000] {logging_mixin.py:190} INFO - 📥 Received: page:main
[2025-05-20T06:57:33.134+0000] {logging_mixin.py:190} INFO - 📥 Received: page:movie_detail
[2025-05-20T06:57:33.134+0000] {logging_mixin.py:190} INFO - 📥 Received: page:movie_detail
[2025-05-20T06:57:33.134+0000] {logging_mixin.py:190} INFO - 📥 Received: page:movie_detail
[2025-05-20T06:57:33.134+0000] {logging_mixin.py:190} INFO - 📥 Received: page:movie_detail
[2025-05-20T06:57:33.134+0000] {logging_mixin.py:190} INFO - 📥 Received: page:movie_detail
[2025-05-20T06:57:33.134+0000] {logging_mixin.py:190} INFO - 📥 Received: page:main
[2025-05-20T06:57:33.134+0000] {logging_mixin.py:190} INFO - 📥 Received: page:movie_detail
[2025-05-20T06:57:33.134+0000] {logging_mixin.py:190} INFO - 📥 Received: page:main
[2025-05-20T06:57:33.135+0000] {logging_mixin.py:190} INFO - 📥 Received: page:movie_detail
[2025-05-20T06:57:33.135+0000] {logging_mixin.py:190} INFO - 📥 Received: page:movie_detail
[2025-05-20T06:57:33.135+0000] {logging_mixin.py:190} INFO - 📥 Received: page:movie_detail
[2025-05-20T06:57:33.135+0000] {logging_mixin.py:190} INFO - 📥 Received: page:movie_detail
[2025-05-20T06:57:33.135+0000] {logging_mixin.py:190} INFO - 📥 Received: page:movie_detail
[2025-05-20T06:57:33.135+0000] {logging_mixin.py:190} INFO - 📥 Received: page:movie_detail
[2025-05-20T06:57:33.135+0000] {logging_mixin.py:190} INFO - 📥 Received: page:movie_detail
[2025-05-20T06:57:33.135+0000] {logging_mixin.py:190} INFO - 📥 Received: page:movie_detail
[2025-05-20T06:57:33.135+0000] {logging_mixin.py:190} INFO - 📥 Received: page:main
[2025-05-20T06:57:33.136+0000] {logging_mixin.py:190} INFO - 📥 Received: page:movie_detail
[2025-05-20T06:57:33.136+0000] {logging_mixin.py:190} INFO - 📥 Received: page:movie_detail
[2025-05-20T06:57:33.136+0000] {logging_mixin.py:190} INFO - 📥 Received: page:movie_detail
[2025-05-20T06:57:33.136+0000] {logging_mixin.py:190} INFO - 📥 Received: page:movie_detail
[2025-05-20T06:57:33.136+0000] {logging_mixin.py:190} INFO - 📥 Received: page:movie_detail
[2025-05-20T06:57:33.136+0000] {logging_mixin.py:190} INFO - 📥 Received: page:main
[2025-05-20T06:57:33.136+0000] {logging_mixin.py:190} INFO - 📥 Received: page:main
[2025-05-20T06:57:33.136+0000] {logging_mixin.py:190} INFO - 📥 Received: page:movie_detail
[2025-05-20T06:57:33.137+0000] {logging_mixin.py:190} INFO - 📥 Received: page:movie_detail
[2025-05-20T06:57:33.137+0000] {logging_mixin.py:190} INFO - 📥 Received: page:main
[2025-05-20T06:57:33.137+0000] {logging_mixin.py:190} INFO - 📥 Received: page:main
[2025-05-20T06:57:33.137+0000] {logging_mixin.py:190} INFO - 📥 Received: page:movie_detail
[2025-05-20T06:57:33.137+0000] {logging_mixin.py:190} INFO - 📥 Received: page:movie_detail
[2025-05-20T06:57:33.137+0000] {logging_mixin.py:190} INFO - 📥 Received: page:movie_detail
[2025-05-20T06:57:33.137+0000] {logging_mixin.py:190} INFO - 📥 Received: page:movie_detail
[2025-05-20T06:57:33.137+0000] {logging_mixin.py:190} INFO - 📥 Received: page:movie_detail
[2025-05-20T06:57:33.137+0000] {logging_mixin.py:190} INFO - 📥 Received: page:movie_detail
[2025-05-20T06:57:33.138+0000] {logging_mixin.py:190} INFO - 📥 Received: page:main
[2025-05-20T06:57:33.138+0000] {logging_mixin.py:190} INFO - 📥 Received: page:movie_detail
[2025-05-20T06:57:33.138+0000] {logging_mixin.py:190} INFO - 📥 Received: page:movie_detail
[2025-05-20T06:57:33.138+0000] {logging_mixin.py:190} INFO - 📥 Received: page:movie_detail
[2025-05-20T06:57:33.138+0000] {logging_mixin.py:190} INFO - 📥 Received: page:movie_detail
[2025-05-20T06:57:33.138+0000] {logging_mixin.py:190} INFO - 📥 Received: page:main
[2025-05-20T06:57:33.138+0000] {logging_mixin.py:190} INFO - 📥 Received: page:movie_detail
[2025-05-20T06:57:33.138+0000] {logging_mixin.py:190} INFO - 📥 Received: page:main
[2025-05-20T06:57:33.138+0000] {logging_mixin.py:190} INFO - 📥 Received: page:movie_detail
[2025-05-20T06:57:33.139+0000] {logging_mixin.py:190} INFO - 📥 Received: page:movie_detail
[2025-05-20T06:57:33.139+0000] {logging_mixin.py:190} INFO - 📥 Received: page:main
[2025-05-20T06:57:33.139+0000] {logging_mixin.py:190} INFO - 📥 Received: page:movie_detail
[2025-05-20T06:57:33.139+0000] {logging_mixin.py:190} INFO - 📥 Received: page:movie_detail
[2025-05-20T06:57:33.139+0000] {logging_mixin.py:190} INFO - 📥 Received: page:main
[2025-05-20T06:57:33.139+0000] {logging_mixin.py:190} INFO - 📥 Received: page:main
[2025-05-20T06:57:33.139+0000] {logging_mixin.py:190} INFO - 📥 Received: page:movie_detail
[2025-05-20T06:57:33.139+0000] {logging_mixin.py:190} INFO - 📥 Received: page:movie_detail
[2025-05-20T06:57:33.139+0000] {logging_mixin.py:190} INFO - 📥 Received: page:main
[2025-05-20T06:57:33.140+0000] {logging_mixin.py:190} INFO - 📥 Received: page:movie_detail
[2025-05-20T06:57:33.140+0000] {logging_mixin.py:190} INFO - 📥 Received: page:movie_detail
[2025-05-20T06:57:33.140+0000] {logging_mixin.py:190} INFO - 📥 Received: page:main
[2025-05-20T06:57:33.140+0000] {logging_mixin.py:190} INFO - 📥 Received: page:movie_detail
[2025-05-20T06:57:33.140+0000] {logging_mixin.py:190} INFO - 📥 Received: page:movie_detail
[2025-05-20T06:57:33.140+0000] {logging_mixin.py:190} INFO - 📥 Received: page:movie_detail
[2025-05-20T06:57:33.140+0000] {logging_mixin.py:190} INFO - 📥 Received: page:movie_detail
[2025-05-20T06:57:33.140+0000] {logging_mixin.py:190} INFO - 📥 Received: page:movie_detail
[2025-05-20T06:57:33.140+0000] {logging_mixin.py:190} INFO - 📥 Received: page:movie_detail
[2025-05-20T06:57:33.141+0000] {logging_mixin.py:190} INFO - 📥 Received: page:main
[2025-05-20T06:57:33.141+0000] {logging_mixin.py:190} INFO - 📥 Received: page:movie_detail
[2025-05-20T06:57:33.141+0000] {logging_mixin.py:190} INFO - 📥 Received: page:movie_detail
[2025-05-20T06:57:33.141+0000] {logging_mixin.py:190} INFO - 📥 Received: page:main
[2025-05-20T06:57:33.141+0000] {logging_mixin.py:190} INFO - 📥 Received: page:movie_detail
[2025-05-20T06:57:33.141+0000] {logging_mixin.py:190} INFO - 📥 Received: page:movie_detail
[2025-05-20T06:57:33.141+0000] {logging_mixin.py:190} INFO - 📥 Received: page:main
[2025-05-20T06:57:33.141+0000] {logging_mixin.py:190} INFO - 📥 Received: page:movie_detail
[2025-05-20T06:57:33.141+0000] {logging_mixin.py:190} INFO - 📥 Received: page:movie_detail
[2025-05-20T06:57:33.142+0000] {logging_mixin.py:190} INFO - 📥 Received: page:movie_detail
[2025-05-20T06:57:33.142+0000] {logging_mixin.py:190} INFO - 📥 Received: page:movie_detail
[2025-05-20T06:57:33.142+0000] {logging_mixin.py:190} INFO - 📥 Received: page:movie_detail
[2025-05-20T06:57:33.142+0000] {logging_mixin.py:190} INFO - 📥 Received: page:movie_detail
[2025-05-20T06:57:33.142+0000] {logging_mixin.py:190} INFO - 📥 Received: page:movie_detail
[2025-05-20T06:57:33.142+0000] {logging_mixin.py:190} INFO - 📥 Received: page:movie_detail
[2025-05-20T06:57:33.142+0000] {logging_mixin.py:190} INFO - 📥 Received: page:movie_detail
[2025-05-20T06:57:33.142+0000] {logging_mixin.py:190} INFO - 📥 Received: page:movie_detail
[2025-05-20T06:57:33.142+0000] {logging_mixin.py:190} INFO - 📥 Received: page:movie_detail
[2025-05-20T06:57:33.143+0000] {logging_mixin.py:190} INFO - 📥 Received: page:movie_detail
[2025-05-20T06:57:33.143+0000] {logging_mixin.py:190} INFO - 📥 Received: page:movie_detail
[2025-05-20T06:57:33.143+0000] {logging_mixin.py:190} INFO - 📥 Received: page:movie_detail
[2025-05-20T06:57:33.143+0000] {logging_mixin.py:190} INFO - 📥 Received: page:movie_detail
[2025-05-20T06:57:33.143+0000] {logging_mixin.py:190} INFO - 📥 Received: page:movie_detail
[2025-05-20T06:57:33.143+0000] {logging_mixin.py:190} INFO - 📥 Received: page:movie_detail
[2025-05-20T06:57:33.143+0000] {logging_mixin.py:190} INFO - 📥 Received: page:movie_detail
[2025-05-20T06:57:33.143+0000] {logging_mixin.py:190} INFO - 📥 Received: page:movie_detail
[2025-05-20T06:57:33.143+0000] {logging_mixin.py:190} INFO - 📥 Received: page:main
[2025-05-20T06:57:33.144+0000] {logging_mixin.py:190} INFO - 📥 Received: page:main
[2025-05-20T06:57:33.144+0000] {logging_mixin.py:190} INFO - 📥 Received: page:main
[2025-05-20T06:57:33.144+0000] {logging_mixin.py:190} INFO - 📥 Received: page:movie_detail
[2025-05-20T06:57:33.144+0000] {logging_mixin.py:190} INFO - 📥 Received: page:movie_detail
[2025-05-20T06:57:33.144+0000] {logging_mixin.py:190} INFO - 📥 Received: page:movie_detail
[2025-05-20T06:57:33.144+0000] {logging_mixin.py:190} INFO - 📥 Received: page:movie_detail
[2025-05-20T06:57:33.144+0000] {logging_mixin.py:190} INFO - 📥 Received: page:movie_detail
[2025-05-20T06:57:33.144+0000] {logging_mixin.py:190} INFO - 📥 Received: page:movie_detail
[2025-05-20T06:57:33.144+0000] {logging_mixin.py:190} INFO - 📥 Received: page:movie_detail
[2025-05-20T06:57:33.145+0000] {logging_mixin.py:190} INFO - 📥 Received: page:movie_detail
[2025-05-20T06:57:33.145+0000] {logging_mixin.py:190} INFO - 📥 Received: page:movie_detail
[2025-05-20T06:57:33.145+0000] {logging_mixin.py:190} INFO - 📥 Received: page:movie_detail
[2025-05-20T06:57:33.145+0000] {logging_mixin.py:190} INFO - 📥 Received: page:movie_detail
[2025-05-20T06:57:33.145+0000] {logging_mixin.py:190} INFO - 📥 Received: page:movie_detail
[2025-05-20T06:57:33.145+0000] {logging_mixin.py:190} INFO - 📥 Received: page:main
[2025-05-20T06:57:33.145+0000] {logging_mixin.py:190} INFO - 📥 Received: page:movie_detail
[2025-05-20T06:57:33.145+0000] {logging_mixin.py:190} INFO - 📥 Received: page:movie_detail
[2025-05-20T06:57:33.146+0000] {logging_mixin.py:190} INFO - 📥 Received: page:movie_detail
[2025-05-20T06:57:33.146+0000] {logging_mixin.py:190} INFO - 📥 Received: page:main
[2025-05-20T06:57:33.146+0000] {logging_mixin.py:190} INFO - 📥 Received: page:movie_detail
[2025-05-20T06:57:33.146+0000] {logging_mixin.py:190} INFO - 📥 Received: page:movie_detail
[2025-05-20T06:57:33.146+0000] {logging_mixin.py:190} INFO - 📥 Received: page:movie_detail
[2025-05-20T06:57:33.146+0000] {logging_mixin.py:190} INFO - 📥 Received: page:main
[2025-05-20T06:57:33.146+0000] {logging_mixin.py:190} INFO - 📥 Received: page:movie_detail
[2025-05-20T06:57:33.146+0000] {logging_mixin.py:190} INFO - 📥 Received: page:main
[2025-05-20T06:57:33.146+0000] {logging_mixin.py:190} INFO - 📥 Received: page:main
[2025-05-20T06:57:33.147+0000] {logging_mixin.py:190} INFO - 📥 Received: page:movie_detail
[2025-05-20T06:57:33.147+0000] {logging_mixin.py:190} INFO - 📥 Received: page:movie_detail
[2025-05-20T06:57:33.147+0000] {logging_mixin.py:190} INFO - 📥 Received: page:main
[2025-05-20T06:57:33.147+0000] {logging_mixin.py:190} INFO - 📥 Received: page:movie_detail
[2025-05-20T06:57:33.147+0000] {logging_mixin.py:190} INFO - 📥 Received: page:movie_detail
[2025-05-20T06:57:33.147+0000] {logging_mixin.py:190} INFO - 📥 Received: page:main
[2025-05-20T06:57:33.147+0000] {logging_mixin.py:190} INFO - 📥 Received: page:movie_detail
[2025-05-20T06:57:33.147+0000] {logging_mixin.py:190} INFO - 📥 Received: page:movie_detail
[2025-05-20T06:57:33.148+0000] {logging_mixin.py:190} INFO - 📥 Received: page:movie_detail
[2025-05-20T06:57:33.148+0000] {logging_mixin.py:190} INFO - 📥 Received: page:movie_detail
[2025-05-20T06:57:33.148+0000] {logging_mixin.py:190} INFO - 📥 Received: page:main
[2025-05-20T06:57:33.148+0000] {logging_mixin.py:190} INFO - 📥 Received: page:movie_detail
[2025-05-20T06:57:33.148+0000] {logging_mixin.py:190} INFO - 📥 Received: page:movie_detail
[2025-05-20T06:57:33.148+0000] {logging_mixin.py:190} INFO - 📥 Received: page:movie_detail
[2025-05-20T06:57:33.148+0000] {logging_mixin.py:190} INFO - 📥 Received: page:main
[2025-05-20T06:57:33.148+0000] {logging_mixin.py:190} INFO - 📥 Received: page:movie_detail
[2025-05-20T06:57:33.148+0000] {logging_mixin.py:190} INFO - 📥 Received: page:movie_detail
[2025-05-20T06:57:33.149+0000] {logging_mixin.py:190} INFO - 📥 Received: page:movie_detail
[2025-05-20T06:57:33.149+0000] {logging_mixin.py:190} INFO - 📥 Received: page:main
[2025-05-20T06:57:33.149+0000] {logging_mixin.py:190} INFO - 📥 Received: page:main
[2025-05-20T06:57:33.149+0000] {logging_mixin.py:190} INFO - 📥 Received: page:main
[2025-05-20T06:57:33.149+0000] {logging_mixin.py:190} INFO - 📥 Received: page:movie_detail
[2025-05-20T06:57:33.149+0000] {logging_mixin.py:190} INFO - 📥 Received: page:main
[2025-05-20T06:57:33.149+0000] {logging_mixin.py:190} INFO - 📥 Received: page:movie_detail
[2025-05-20T06:57:33.149+0000] {logging_mixin.py:190} INFO - 📥 Received: page:movie_detail
[2025-05-20T06:57:33.150+0000] {logging_mixin.py:190} INFO - 📥 Received: page:movie_detail
[2025-05-20T06:57:33.150+0000] {logging_mixin.py:190} INFO - 📥 Received: page:main
[2025-05-20T06:57:33.150+0000] {logging_mixin.py:190} INFO - 📥 Received: page:movie_detail
[2025-05-20T06:57:33.150+0000] {logging_mixin.py:190} INFO - 📥 Received: page:movie_detail
[2025-05-20T06:57:33.150+0000] {logging_mixin.py:190} INFO - 📥 Received: page:movie_detail
[2025-05-20T06:57:33.150+0000] {logging_mixin.py:190} INFO - 📥 Received: page:main
[2025-05-20T06:57:33.150+0000] {logging_mixin.py:190} INFO - 📥 Received: page:movie_detail
[2025-05-20T06:57:33.150+0000] {logging_mixin.py:190} INFO - 📥 Received: page:movie_detail
[2025-05-20T06:57:33.151+0000] {logging_mixin.py:190} INFO - 📥 Received: page:main
[2025-05-20T06:57:33.151+0000] {logging_mixin.py:190} INFO - 📥 Received: page:movie_detail
[2025-05-20T06:57:33.151+0000] {logging_mixin.py:190} INFO - 📥 Received: page:main
[2025-05-20T06:57:33.151+0000] {logging_mixin.py:190} INFO - 📥 Received: page:movie_detail
[2025-05-20T06:57:33.151+0000] {logging_mixin.py:190} INFO - 📥 Received: page:movie_detail
[2025-05-20T06:57:33.151+0000] {logging_mixin.py:190} INFO - 📥 Received: page:main
[2025-05-20T06:57:33.151+0000] {logging_mixin.py:190} INFO - 📥 Received: page:movie_detail
[2025-05-20T06:57:33.151+0000] {logging_mixin.py:190} INFO - 📥 Received: page:movie_detail
[2025-05-20T06:57:33.151+0000] {logging_mixin.py:190} INFO - 📥 Received: page:movie_detail
[2025-05-20T06:57:33.152+0000] {logging_mixin.py:190} INFO - 📥 Received: page:main
[2025-05-20T06:57:33.152+0000] {logging_mixin.py:190} INFO - 📥 Received: page:movie_detail
[2025-05-20T06:57:33.152+0000] {logging_mixin.py:190} INFO - 📥 Received: page:movie_detail
[2025-05-20T06:57:33.152+0000] {logging_mixin.py:190} INFO - 📥 Received: page:movie_detail
[2025-05-20T06:57:33.152+0000] {logging_mixin.py:190} INFO - 📥 Received: page:movie_detail
[2025-05-20T06:57:33.152+0000] {logging_mixin.py:190} INFO - 📥 Received: page:movie_detail
[2025-05-20T06:57:33.152+0000] {logging_mixin.py:190} INFO - 📥 Received: page:movie_detail
[2025-05-20T06:57:33.152+0000] {logging_mixin.py:190} INFO - 📥 Received: page:movie_detail
[2025-05-20T06:57:33.152+0000] {logging_mixin.py:190} INFO - 📥 Received: page:main
[2025-05-20T06:57:33.153+0000] {logging_mixin.py:190} INFO - 📥 Received: page:movie_detail
[2025-05-20T06:57:33.153+0000] {logging_mixin.py:190} INFO - 📥 Received: page:movie_detail
[2025-05-20T06:57:33.153+0000] {logging_mixin.py:190} INFO - 📥 Received: page:movie_detail
[2025-05-20T06:57:33.153+0000] {logging_mixin.py:190} INFO - 📥 Received: page:movie_detail
[2025-05-20T06:57:33.153+0000] {logging_mixin.py:190} INFO - 📥 Received: page:main
[2025-05-20T06:57:33.153+0000] {logging_mixin.py:190} INFO - 📥 Received: page:main
[2025-05-20T06:57:33.153+0000] {logging_mixin.py:190} INFO - 📥 Received: page:movie_detail
[2025-05-20T06:57:33.153+0000] {logging_mixin.py:190} INFO - 📥 Received: page:movie_detail
[2025-05-20T06:57:33.153+0000] {logging_mixin.py:190} INFO - 📥 Received: page:movie_detail
[2025-05-20T06:57:33.154+0000] {logging_mixin.py:190} INFO - 📥 Received: page:main
[2025-05-20T06:57:33.154+0000] {logging_mixin.py:190} INFO - 📥 Received: page:movie_detail
[2025-05-20T06:57:33.154+0000] {logging_mixin.py:190} INFO - 📥 Received: page:movie_detail
[2025-05-20T06:57:33.154+0000] {logging_mixin.py:190} INFO - 📥 Received: page:movie_detail
[2025-05-20T06:57:33.154+0000] {logging_mixin.py:190} INFO - 📥 Received: page:movie_detail
[2025-05-20T06:57:33.154+0000] {logging_mixin.py:190} INFO - 📥 Received: page:main
[2025-05-20T06:57:33.154+0000] {logging_mixin.py:190} INFO - 📥 Received: page:main
[2025-05-20T06:57:33.154+0000] {logging_mixin.py:190} INFO - 📥 Received: page:main
[2025-05-20T06:57:33.154+0000] {logging_mixin.py:190} INFO - 📥 Received: page:movie_detail
[2025-05-20T06:57:33.154+0000] {logging_mixin.py:190} INFO - 📥 Received: page:main
[2025-05-20T06:57:33.155+0000] {logging_mixin.py:190} INFO - 📥 Received: page:main
[2025-05-20T06:57:33.155+0000] {logging_mixin.py:190} INFO - 📥 Received: page:movie_detail
[2025-05-20T06:57:33.155+0000] {logging_mixin.py:190} INFO - 📥 Received: page:movie_detail
[2025-05-20T06:57:33.155+0000] {logging_mixin.py:190} INFO - 📥 Received: page:movie_detail
[2025-05-20T06:57:33.155+0000] {logging_mixin.py:190} INFO - 📥 Received: page:main
[2025-05-20T06:57:33.155+0000] {logging_mixin.py:190} INFO - 📥 Received: page:movie_detail
[2025-05-20T06:57:33.155+0000] {logging_mixin.py:190} INFO - 📥 Received: page:movie_detail
[2025-05-20T06:57:33.155+0000] {logging_mixin.py:190} INFO - 📥 Received: page:main
[2025-05-20T06:57:33.155+0000] {logging_mixin.py:190} INFO - 📥 Received: page:movie_detail
[2025-05-20T06:57:33.156+0000] {logging_mixin.py:190} INFO - 📥 Received: page:movie_detail
[2025-05-20T06:57:33.156+0000] {logging_mixin.py:190} INFO - 📥 Received: page:main
[2025-05-20T06:57:33.156+0000] {logging_mixin.py:190} INFO - 📥 Received: page:movie_detail
[2025-05-20T06:57:33.156+0000] {logging_mixin.py:190} INFO - 📥 Received: page:movie_detail
[2025-05-20T06:57:33.156+0000] {logging_mixin.py:190} INFO - 📥 Received: page:movie_detail
[2025-05-20T06:57:33.156+0000] {logging_mixin.py:190} INFO - 📥 Received: page:movie_detail
[2025-05-20T06:57:33.156+0000] {logging_mixin.py:190} INFO - 📥 Received: page:main
[2025-05-20T06:57:33.156+0000] {logging_mixin.py:190} INFO - 📥 Received: page:movie_detail
[2025-05-20T06:57:33.156+0000] {logging_mixin.py:190} INFO - 📥 Received: page:movie_detail
[2025-05-20T06:57:33.156+0000] {logging_mixin.py:190} INFO - 📥 Received: page:main
[2025-05-20T06:57:33.157+0000] {logging_mixin.py:190} INFO - 📥 Received: page:movie_detail
[2025-05-20T06:57:33.157+0000] {logging_mixin.py:190} INFO - 📥 Received: page:movie_detail
[2025-05-20T06:57:33.157+0000] {logging_mixin.py:190} INFO - 📥 Received: page:movie_detail
[2025-05-20T06:57:33.157+0000] {logging_mixin.py:190} INFO - 📥 Received: page:movie_detail
[2025-05-20T06:57:33.157+0000] {logging_mixin.py:190} INFO - 📥 Received: page:main
[2025-05-20T06:57:33.157+0000] {logging_mixin.py:190} INFO - 📥 Received: page:movie_detail
[2025-05-20T06:57:33.157+0000] {logging_mixin.py:190} INFO - 📥 Received: page:movie_detail
[2025-05-20T06:57:33.157+0000] {logging_mixin.py:190} INFO - 📥 Received: page:movie_detail
[2025-05-20T06:57:33.157+0000] {logging_mixin.py:190} INFO - 📥 Received: page:main
[2025-05-20T06:57:33.157+0000] {logging_mixin.py:190} INFO - 📥 Received: page:main
[2025-05-20T06:57:33.158+0000] {logging_mixin.py:190} INFO - 📥 Received: page:movie_detail
[2025-05-20T06:57:33.158+0000] {logging_mixin.py:190} INFO - 📥 Received: page:movie_detail
[2025-05-20T06:57:33.158+0000] {logging_mixin.py:190} INFO - 📥 Received: page:movie_detail
[2025-05-20T06:57:33.158+0000] {logging_mixin.py:190} INFO - 📥 Received: page:main
[2025-05-20T06:57:33.158+0000] {logging_mixin.py:190} INFO - 📥 Received: page:movie_detail
[2025-05-20T06:57:33.158+0000] {logging_mixin.py:190} INFO - 📥 Received: page:movie_detail
[2025-05-20T06:57:33.158+0000] {logging_mixin.py:190} INFO - 📥 Received: page:movie_detail
[2025-05-20T06:57:33.158+0000] {logging_mixin.py:190} INFO - 📥 Received: page:movie_detail
[2025-05-20T06:57:33.158+0000] {logging_mixin.py:190} INFO - 📥 Received: page:movie_detail
[2025-05-20T06:57:33.159+0000] {logging_mixin.py:190} INFO - 📥 Received: page:movie_detail
[2025-05-20T06:57:33.159+0000] {logging_mixin.py:190} INFO - 📥 Received: page:movie_detail
[2025-05-20T06:57:33.159+0000] {logging_mixin.py:190} INFO - 📥 Received: page:movie_detail
[2025-05-20T06:57:33.159+0000] {logging_mixin.py:190} INFO - 📥 Received: page:main
[2025-05-20T06:57:33.159+0000] {logging_mixin.py:190} INFO - 📥 Received: page:movie_detail
[2025-05-20T06:57:33.159+0000] {logging_mixin.py:190} INFO - 📥 Received: page:movie_detail
[2025-05-20T06:57:33.159+0000] {logging_mixin.py:190} INFO - 📥 Received: page:movie_detail
[2025-05-20T06:57:33.159+0000] {logging_mixin.py:190} INFO - 📥 Received: page:main
[2025-05-20T06:57:33.159+0000] {logging_mixin.py:190} INFO - 📥 Received: page:main
[2025-05-20T06:57:33.159+0000] {logging_mixin.py:190} INFO - 📥 Received: page:main
[2025-05-20T06:57:33.160+0000] {logging_mixin.py:190} INFO - 📥 Received: page:main
[2025-05-20T06:57:33.160+0000] {logging_mixin.py:190} INFO - 📥 Received: page:movie_detail
[2025-05-20T06:57:33.160+0000] {logging_mixin.py:190} INFO - 📥 Received: page:main
[2025-05-20T06:57:33.160+0000] {logging_mixin.py:190} INFO - 📥 Received: page:movie_detail
[2025-05-20T06:57:33.160+0000] {logging_mixin.py:190} INFO - 📥 Received: page:movie_detail
[2025-05-20T06:57:33.160+0000] {logging_mixin.py:190} INFO - 📥 Received: page:movie_detail
[2025-05-20T06:57:33.160+0000] {logging_mixin.py:190} INFO - 📥 Received: page:movie_detail
[2025-05-20T06:57:33.160+0000] {logging_mixin.py:190} INFO - 📥 Received: page:movie_detail
[2025-05-20T06:57:33.160+0000] {logging_mixin.py:190} INFO - 📥 Received: page:main
[2025-05-20T06:57:33.161+0000] {logging_mixin.py:190} INFO - 📥 Received: page:main
[2025-05-20T06:57:33.161+0000] {logging_mixin.py:190} INFO - 📥 Received: page:movie_detail
[2025-05-20T06:57:33.161+0000] {logging_mixin.py:190} INFO - 📥 Received: page:movie_detail
[2025-05-20T06:57:33.161+0000] {logging_mixin.py:190} INFO - 📥 Received: page:movie_detail
[2025-05-20T06:57:33.161+0000] {logging_mixin.py:190} INFO - 📥 Received: page:main
[2025-05-20T06:57:33.161+0000] {logging_mixin.py:190} INFO - 📥 Received: page:movie_detail
[2025-05-20T06:57:33.161+0000] {logging_mixin.py:190} INFO - 📥 Received: page:movie_detail
[2025-05-20T06:57:33.161+0000] {logging_mixin.py:190} INFO - 📥 Received: page:main
[2025-05-20T06:57:33.161+0000] {logging_mixin.py:190} INFO - 📥 Received: page:movie_detail
[2025-05-20T06:57:33.161+0000] {logging_mixin.py:190} INFO - 📥 Received: page:movie_detail
[2025-05-20T06:57:33.162+0000] {logging_mixin.py:190} INFO - 📥 Received: page:movie_detail
[2025-05-20T06:57:33.162+0000] {logging_mixin.py:190} INFO - 📥 Received: page:movie_detail
[2025-05-20T06:57:33.162+0000] {logging_mixin.py:190} INFO - 📥 Received: page:main
[2025-05-20T06:57:33.162+0000] {logging_mixin.py:190} INFO - 📥 Received: page:movie_detail
[2025-05-20T06:57:33.162+0000] {logging_mixin.py:190} INFO - 📥 Received: page:movie_detail
[2025-05-20T06:57:33.162+0000] {logging_mixin.py:190} INFO - 📥 Received: page:main
[2025-05-20T06:57:33.162+0000] {logging_mixin.py:190} INFO - 📥 Received: page:movie_detail
[2025-05-20T06:57:33.162+0000] {logging_mixin.py:190} INFO - 📥 Received: page:movie_detail
[2025-05-20T06:57:33.162+0000] {logging_mixin.py:190} INFO - 📥 Received: page:main
[2025-05-20T06:57:33.163+0000] {logging_mixin.py:190} INFO - 📥 Received: page:movie_detail
[2025-05-20T06:57:33.163+0000] {logging_mixin.py:190} INFO - 📥 Received: page:movie_detail
[2025-05-20T06:57:33.163+0000] {logging_mixin.py:190} INFO - 📥 Received: page:movie_detail
[2025-05-20T06:57:33.163+0000] {logging_mixin.py:190} INFO - 📥 Received: page:main
[2025-05-20T06:57:33.163+0000] {logging_mixin.py:190} INFO - 📥 Received: page:movie_detail
[2025-05-20T06:57:33.163+0000] {logging_mixin.py:190} INFO - 📥 Received: page:movie_detail
[2025-05-20T06:57:33.163+0000] {logging_mixin.py:190} INFO - 📥 Received: page:main
[2025-05-20T06:57:33.163+0000] {logging_mixin.py:190} INFO - 📥 Received: page:movie_detail
[2025-05-20T06:57:33.163+0000] {logging_mixin.py:190} INFO - 📥 Received: page:main
[2025-05-20T06:57:33.163+0000] {logging_mixin.py:190} INFO - 📥 Received: page:movie_detail
[2025-05-20T06:57:33.164+0000] {logging_mixin.py:190} INFO - 📥 Received: page:movie_detail
[2025-05-20T06:57:33.164+0000] {logging_mixin.py:190} INFO - 📥 Received: page:movie_detail
[2025-05-20T06:57:33.164+0000] {logging_mixin.py:190} INFO - 📥 Received: page:movie_detail
[2025-05-20T06:57:33.164+0000] {logging_mixin.py:190} INFO - 📥 Received: page:main
[2025-05-20T06:57:33.164+0000] {logging_mixin.py:190} INFO - 📥 Received: page:movie_detail
[2025-05-20T06:57:33.164+0000] {logging_mixin.py:190} INFO - 📥 Received: page:movie_detail
[2025-05-20T06:57:33.164+0000] {logging_mixin.py:190} INFO - 📥 Received: page:main
[2025-05-20T06:57:33.164+0000] {logging_mixin.py:190} INFO - 📥 Received: page:movie_detail
[2025-05-20T06:57:33.164+0000] {logging_mixin.py:190} INFO - 📥 Received: page:main
[2025-05-20T06:57:33.165+0000] {logging_mixin.py:190} INFO - 📥 Received: page:movie_detail
[2025-05-20T06:57:33.165+0000] {logging_mixin.py:190} INFO - 📥 Received: page:movie_detail
[2025-05-20T06:57:33.165+0000] {logging_mixin.py:190} INFO - 📥 Received: page:movie_detail
[2025-05-20T06:57:33.165+0000] {logging_mixin.py:190} INFO - 📥 Received: page:movie_detail
[2025-05-20T06:57:33.165+0000] {logging_mixin.py:190} INFO - 📥 Received: page:movie_detail
[2025-05-20T06:57:33.165+0000] {logging_mixin.py:190} INFO - 📥 Received: page:movie_detail
[2025-05-20T06:57:33.165+0000] {logging_mixin.py:190} INFO - 📥 Received: page:movie_detail
[2025-05-20T06:57:33.165+0000] {logging_mixin.py:190} INFO - 📥 Received: page:movie_detail
[2025-05-20T06:57:33.165+0000] {logging_mixin.py:190} INFO - 📥 Received: page:movie_detail
[2025-05-20T06:57:33.166+0000] {logging_mixin.py:190} INFO - 📥 Received: page:movie_detail
[2025-05-20T06:57:33.166+0000] {logging_mixin.py:190} INFO - 📥 Received: page:movie_detail
[2025-05-20T06:57:33.166+0000] {logging_mixin.py:190} INFO - 📥 Received: page:movie_detail
[2025-05-20T06:57:33.166+0000] {logging_mixin.py:190} INFO - 📥 Received: page:movie_detail
[2025-05-20T06:57:33.166+0000] {logging_mixin.py:190} INFO - 📥 Received: page:main
[2025-05-20T06:57:33.166+0000] {logging_mixin.py:190} INFO - 📥 Received: page:movie_detail
[2025-05-20T06:57:33.166+0000] {logging_mixin.py:190} INFO - 📥 Received: page:main
[2025-05-20T06:57:33.166+0000] {logging_mixin.py:190} INFO - 📥 Received: page:movie_detail
[2025-05-20T06:57:33.166+0000] {logging_mixin.py:190} INFO - 📥 Received: page:movie_detail
[2025-05-20T06:57:33.167+0000] {logging_mixin.py:190} INFO - 📥 Received: page:movie_detail
[2025-05-20T06:57:33.167+0000] {logging_mixin.py:190} INFO - 📥 Received: page:main
[2025-05-20T06:57:33.167+0000] {logging_mixin.py:190} INFO - 📥 Received: page:movie_detail
[2025-05-20T06:57:33.167+0000] {logging_mixin.py:190} INFO - 📥 Received: page:main
[2025-05-20T06:57:33.167+0000] {logging_mixin.py:190} INFO - 📥 Received: page:main
[2025-05-20T06:57:33.167+0000] {logging_mixin.py:190} INFO - 📥 Received: page:movie_detail
[2025-05-20T06:57:33.167+0000] {logging_mixin.py:190} INFO - 📥 Received: page:movie_detail
[2025-05-20T06:57:33.167+0000] {logging_mixin.py:190} INFO - 📥 Received: page:movie_detail
[2025-05-20T06:57:33.167+0000] {logging_mixin.py:190} INFO - 📥 Received: page:movie_detail
[2025-05-20T06:57:33.167+0000] {logging_mixin.py:190} INFO - 📥 Received: page:movie_detail
[2025-05-20T06:57:33.168+0000] {logging_mixin.py:190} INFO - 📥 Received: page:movie_detail
[2025-05-20T06:57:33.168+0000] {logging_mixin.py:190} INFO - 📥 Received: page:movie_detail
[2025-05-20T06:57:33.168+0000] {logging_mixin.py:190} INFO - 📥 Received: page:movie_detail
[2025-05-20T06:57:33.168+0000] {logging_mixin.py:190} INFO - 📥 Received: page:movie_detail
[2025-05-20T06:57:33.168+0000] {logging_mixin.py:190} INFO - 📥 Received: page:movie_detail
[2025-05-20T06:57:33.168+0000] {logging_mixin.py:190} INFO - 📥 Received: page:movie_detail
[2025-05-20T06:57:33.168+0000] {logging_mixin.py:190} INFO - 📥 Received: page:movie_detail
[2025-05-20T06:57:33.168+0000] {logging_mixin.py:190} INFO - 📥 Received: page:movie_detail
[2025-05-20T06:57:33.168+0000] {logging_mixin.py:190} INFO - 📥 Received: page:movie_detail
[2025-05-20T06:57:33.169+0000] {logging_mixin.py:190} INFO - 📥 Received: page:movie_detail
[2025-05-20T06:57:33.169+0000] {logging_mixin.py:190} INFO - 📥 Received: page:main
[2025-05-20T06:57:33.169+0000] {logging_mixin.py:190} INFO - 📥 Received: page:movie_detail
[2025-05-20T06:57:33.169+0000] {logging_mixin.py:190} INFO - 📥 Received: page:main
[2025-05-20T06:57:33.169+0000] {logging_mixin.py:190} INFO - 📥 Received: page:movie_detail
[2025-05-20T06:57:33.169+0000] {logging_mixin.py:190} INFO - 📥 Received: page:main
[2025-05-20T06:57:33.169+0000] {logging_mixin.py:190} INFO - 📥 Received: page:movie_detail
[2025-05-20T06:57:33.169+0000] {logging_mixin.py:190} INFO - 📥 Received: page:movie_detail
[2025-05-20T06:57:33.169+0000] {logging_mixin.py:190} INFO - 📥 Received: page:main
[2025-05-20T06:57:33.170+0000] {logging_mixin.py:190} INFO - 📥 Received: page:main
[2025-05-20T06:57:33.170+0000] {logging_mixin.py:190} INFO - 📥 Received: page:movie_detail
[2025-05-20T06:57:33.170+0000] {logging_mixin.py:190} INFO - 📥 Received: page:main
[2025-05-20T06:57:33.170+0000] {logging_mixin.py:190} INFO - 📥 Received: page:movie_detail
[2025-05-20T06:57:33.170+0000] {logging_mixin.py:190} INFO - 📥 Received: page:movie_detail
[2025-05-20T06:57:33.170+0000] {logging_mixin.py:190} INFO - 📥 Received: page:movie_detail
[2025-05-20T06:57:33.170+0000] {logging_mixin.py:190} INFO - 📥 Received: page:movie_detail
[2025-05-20T06:57:33.170+0000] {logging_mixin.py:190} INFO - 📥 Received: page:movie_detail
[2025-05-20T06:57:33.170+0000] {logging_mixin.py:190} INFO - 📥 Received: page:movie_detail
[2025-05-20T06:57:33.170+0000] {logging_mixin.py:190} INFO - 📥 Received: page:movie_detail
[2025-05-20T06:57:33.171+0000] {logging_mixin.py:190} INFO - 📥 Received: page:movie_detail
[2025-05-20T06:57:33.171+0000] {logging_mixin.py:190} INFO - 📥 Received: page:movie_detail
[2025-05-20T06:57:33.171+0000] {logging_mixin.py:190} INFO - 📥 Received: page:movie_detail
[2025-05-20T06:57:33.171+0000] {logging_mixin.py:190} INFO - 📥 Received: page:main
[2025-05-20T06:57:33.171+0000] {logging_mixin.py:190} INFO - 📥 Received: page:movie_detail
[2025-05-20T06:57:33.171+0000] {logging_mixin.py:190} INFO - 📥 Received: page:movie_detail
[2025-05-20T06:57:33.171+0000] {logging_mixin.py:190} INFO - 📥 Received: page:main
[2025-05-20T06:57:33.171+0000] {logging_mixin.py:190} INFO - 📥 Received: page:movie_detail
[2025-05-20T06:57:33.171+0000] {logging_mixin.py:190} INFO - 📥 Received: page:movie_detail
[2025-05-20T06:57:33.172+0000] {logging_mixin.py:190} INFO - 📥 Received: page:movie_detail
[2025-05-20T06:57:33.175+0000] {logging_mixin.py:190} INFO - ✅Minio connected
[2025-05-20T06:57:33.179+0000] {base.py:84} INFO - Retrieving connection 'minio'
[2025-05-20T06:57:33.179+0000] {connection_wrapper.py:388} INFO - AWS Connection (conn_id='minio', conn_type='aws') credentials retrieved from login and password.
[2025-05-20T06:57:33.288+0000] {logging_mixin.py:190} INFO - ✅ Bucket 'user-log-ml' already exists.
[2025-05-20T06:57:33.294+0000] {logging_mixin.py:190} INFO - ✅ File uploaded to MinIO: 2025-05-20_10-00-00.csv
[2025-05-20T06:57:33.297+0000] {base.py:834} INFO - Stopping heartbeat thread
[2025-05-20T06:57:36.298+0000] {base.py:1037} WARNING - Heartbeat thread did not fully terminate during close
[2025-05-20T06:57:36.298+0000] {base.py:865} INFO - Leaving consumer group (tospark).
[2025-05-20T06:57:36.303+0000] {conn.py:945} INFO - <BrokerConnection client_id=kafka-python-2.2.7, node_id=1 host=172.16.24.224:9092 <connected> [IPv4 ('172.16.24.224', 9092)]>: Closing connection. 
[2025-05-20T06:57:36.304+0000] {conn.py:945} INFO - <BrokerConnection client_id=kafka-python-2.2.7, node_id=coordinator-1 host=172.16.24.224:9092 <connected> [IPv4 ('172.16.24.224', 9092)]>: Closing connection. 
[2025-05-20T06:57:36.305+0000] {python.py:240} INFO - Done. Returned value was: None
[2025-05-20T06:57:36.312+0000] {taskinstance.py:340} INFO - ::group::Post task execution logs
[2025-05-20T06:57:36.312+0000] {taskinstance.py:352} INFO - Marking task as SUCCESS. dag_id=kafka_to_minio_to_spark, task_id=kafka_consumer, run_id=scheduled__2025-05-20T01:00:00+00:00, execution_date=20250520T010000, start_date=20250520T065729, end_date=20250520T065736
[2025-05-20T06:57:36.335+0000] {local_task_job_runner.py:266} INFO - Task exited with return code 0
[2025-05-20T06:57:36.440+0000] {taskinstance.py:3900} INFO - 0 downstream tasks scheduled from follow-on schedule check
[2025-05-20T06:57:36.442+0000] {local_task_job_runner.py:245} INFO - ::endgroup::
