[2025-05-20T06:06:54.077+0000] {local_task_job_runner.py:123} INFO - ::group::Pre task execution logs
[2025-05-20T06:06:54.083+0000] {taskinstance.py:2612} INFO - Dependencies all met for dep_context=non-requeueable deps ti=<TaskInstance: kafka_to_minio_to_spark.upload_postgres scheduled__2025-05-20T01:00:00+00:00 [queued]>
[2025-05-20T06:06:54.085+0000] {taskinstance.py:2612} INFO - Dependencies all met for dep_context=requeueable deps ti=<TaskInstance: kafka_to_minio_to_spark.upload_postgres scheduled__2025-05-20T01:00:00+00:00 [queued]>
[2025-05-20T06:06:54.085+0000] {taskinstance.py:2865} INFO - Starting attempt 8 of 9
[2025-05-20T06:06:54.089+0000] {taskinstance.py:2888} INFO - Executing <Task(PostgresOperator): upload_postgres> on 2025-05-20 01:00:00+00:00
[2025-05-20T06:06:54.091+0000] {standard_task_runner.py:72} INFO - Started process 2217 to run task
[2025-05-20T06:06:54.093+0000] {standard_task_runner.py:104} INFO - Running: ['***', 'tasks', 'run', 'kafka_to_minio_to_spark', 'upload_postgres', 'scheduled__2025-05-20T01:00:00+00:00', '--job-id', '142', '--raw', '--subdir', 'DAGS_FOLDER/testlog_ml.py', '--cfg-path', '/tmp/tmp2p0aha1t']
[2025-05-20T06:06:54.093+0000] {standard_task_runner.py:105} INFO - Job 142: Subtask upload_postgres
[2025-05-20T06:06:54.110+0000] {task_command.py:467} INFO - Running <TaskInstance: kafka_to_minio_to_spark.upload_postgres scheduled__2025-05-20T01:00:00+00:00 [running]> on host 91a46f1a1993
[2025-05-20T06:06:54.250+0000] {taskinstance.py:3131} INFO - Exporting env vars: AIRFLOW_CTX_DAG_OWNER='***' AIRFLOW_CTX_DAG_ID='kafka_to_minio_to_spark' AIRFLOW_CTX_TASK_ID='upload_postgres' AIRFLOW_CTX_EXECUTION_DATE='2025-05-20T01:00:00+00:00' AIRFLOW_CTX_TRY_NUMBER='8' AIRFLOW_CTX_DAG_RUN_ID='scheduled__2025-05-20T01:00:00+00:00'
[2025-05-20T06:06:54.250+0000] {taskinstance.py:731} INFO - ::endgroup::
[2025-05-20T06:06:54.254+0000] {sql.py:266} INFO - Executing: 
        INSERT INTO testtable (key, value)
        VALUES ('hello', 'world')
        
[2025-05-20T06:06:54.257+0000] {base.py:84} INFO - Retrieving connection 'postgres'
[2025-05-20T06:06:54.260+0000] {base.py:84} INFO - Retrieving connection 'postgres'
[2025-05-20T06:06:54.261+0000] {sql.py:509} INFO - Running statement: 
        INSERT INTO testtable (key, value)
        VALUES ('hello', 'world')
        , parameters: None
[2025-05-20T06:06:54.261+0000] {sql.py:518} INFO - Rows affected: 1
[2025-05-20T06:06:54.264+0000] {taskinstance.py:340} INFO - ::group::Post task execution logs
[2025-05-20T06:06:54.265+0000] {taskinstance.py:352} INFO - Marking task as SUCCESS. dag_id=kafka_to_minio_to_spark, task_id=upload_postgres, run_id=scheduled__2025-05-20T01:00:00+00:00, execution_date=20250520T010000, start_date=20250520T060654, end_date=20250520T060654
[2025-05-20T06:06:54.275+0000] {local_task_job_runner.py:266} INFO - Task exited with return code 0
[2025-05-20T06:06:54.281+0000] {taskinstance.py:3900} INFO - 0 downstream tasks scheduled from follow-on schedule check
[2025-05-20T06:06:54.282+0000] {local_task_job_runner.py:245} INFO - ::endgroup::
