[2025-05-22T10:51:31.662+0000] {local_task_job_runner.py:123} INFO - ::group::Pre task execution logs
[2025-05-22T10:51:31.667+0000] {taskinstance.py:2612} INFO - Dependencies all met for dep_context=non-requeueable deps ti=<TaskInstance: kafka_to_minio_to_spark.kafka_consumer scheduled__2025-05-21T16:00:00+00:00 [queued]>
[2025-05-22T10:51:31.670+0000] {taskinstance.py:2612} INFO - Dependencies all met for dep_context=requeueable deps ti=<TaskInstance: kafka_to_minio_to_spark.kafka_consumer scheduled__2025-05-21T16:00:00+00:00 [queued]>
[2025-05-22T10:51:31.670+0000] {taskinstance.py:2865} INFO - Starting attempt 14 of 16
[2025-05-22T10:51:31.674+0000] {taskinstance.py:2888} INFO - Executing <Task(PythonOperator): kafka_consumer> on 2025-05-21 16:00:00+00:00
[2025-05-22T10:51:31.677+0000] {standard_task_runner.py:72} INFO - Started process 82 to run task
[2025-05-22T10:51:31.679+0000] {standard_task_runner.py:104} INFO - Running: ['***', 'tasks', 'run', 'kafka_to_minio_to_spark', 'kafka_consumer', 'scheduled__2025-05-21T16:00:00+00:00', '--job-id', '237', '--raw', '--subdir', 'DAGS_FOLDER/testlog_ml.py', '--cfg-path', '/tmp/tmpk_k9czq9']
[2025-05-22T10:51:31.679+0000] {standard_task_runner.py:105} INFO - Job 237: Subtask kafka_consumer
[2025-05-22T10:51:31.699+0000] {task_command.py:467} INFO - Running <TaskInstance: kafka_to_minio_to_spark.kafka_consumer scheduled__2025-05-21T16:00:00+00:00 [running]> on host b589638bb236
[2025-05-22T10:51:31.725+0000] {taskinstance.py:3131} INFO - Exporting env vars: AIRFLOW_CTX_DAG_OWNER='***' AIRFLOW_CTX_DAG_ID='kafka_to_minio_to_spark' AIRFLOW_CTX_TASK_ID='kafka_consumer' AIRFLOW_CTX_EXECUTION_DATE='2025-05-21T16:00:00+00:00' AIRFLOW_CTX_TRY_NUMBER='14' AIRFLOW_CTX_DAG_RUN_ID='scheduled__2025-05-21T16:00:00+00:00'
[2025-05-22T10:51:31.726+0000] {taskinstance.py:731} INFO - ::endgroup::
[2025-05-22T10:51:31.731+0000] {conn.py:380} INFO - <BrokerConnection node_id=bootstrap-0 host=3.34.144.17:9092 <connecting> [IPv4 ('3.34.144.17', 9092)]>: connecting to 3.34.144.17:9092 [('3.34.144.17', 9092) IPv4]
[2025-05-22T10:51:31.731+0000] {conn.py:1205} INFO - Probing node bootstrap-0 broker version
[2025-05-22T10:51:31.740+0000] {conn.py:410} INFO - <BrokerConnection node_id=bootstrap-0 host=3.34.144.17:9092 <connecting> [IPv4 ('3.34.144.17', 9092)]>: Connection complete.
[2025-05-22T10:51:31.858+0000] {conn.py:1267} INFO - Broker version identified as 2.5.0
[2025-05-22T10:51:31.858+0000] {conn.py:1268} INFO - Set configuration api_version=(2, 5, 0) to skip auto check_version requests on startup
[2025-05-22T10:51:31.859+0000] {subscription_state.py:171} INFO - Updating subscribed topics to: ('userlog',)
[2025-05-22T10:51:31.859+0000] {logging_mixin.py:190} INFO - ✅ consumer started, waiting for messages....
[2025-05-22T10:51:31.868+0000] {cluster.py:371} INFO - Group coordinator for kafka is ('coordinator-1', '3.34.144.17', 9092, None)
[2025-05-22T10:51:31.868+0000] {base.py:693} INFO - Discovered coordinator coordinator-1 for group kafka
[2025-05-22T10:51:31.868+0000] {base.py:741} INFO - Starting new heartbeat thread
[2025-05-22T10:51:31.869+0000] {consumer.py:348} INFO - Revoking previously assigned partitions () for group kafka
[2025-05-22T10:51:31.869+0000] {conn.py:380} INFO - <BrokerConnection node_id=coordinator-1 host=3.34.144.17:9092 <connecting> [IPv4 ('3.34.144.17', 9092)]>: connecting to 3.34.144.17:9092 [('3.34.144.17', 9092) IPv4]
[2025-05-22T10:51:31.972+0000] {conn.py:410} INFO - <BrokerConnection node_id=coordinator-1 host=3.34.144.17:9092 <connecting> [IPv4 ('3.34.144.17', 9092)]>: Connection complete.
[2025-05-22T10:51:31.974+0000] {conn.py:919} INFO - <BrokerConnection node_id=bootstrap-0 host=3.34.144.17:9092 <connected> [IPv4 ('3.34.144.17', 9092)]>: Closing connection. 
[2025-05-22T10:51:32.076+0000] {base.py:450} INFO - (Re-)joining group kafka
[2025-05-22T10:51:35.089+0000] {base.py:521} INFO - Elected group leader -- performing partition assignments using range
[2025-05-22T10:51:35.093+0000] {conn.py:380} INFO - <BrokerConnection node_id=1 host=3.34.144.17:9092 <connecting> [IPv4 ('3.34.144.17', 9092)]>: connecting to 3.34.144.17:9092 [('3.34.144.17', 9092) IPv4]
[2025-05-22T10:51:35.102+0000] {base.py:335} INFO - Successfully joined group kafka with generation 1
[2025-05-22T10:51:35.104+0000] {subscription_state.py:257} INFO - Updated partition assignment: [('userlog', 0)]
[2025-05-22T10:51:35.105+0000] {consumer.py:245} INFO - Setting newly assigned partitions (('userlog', 0),) for group kafka
[2025-05-22T10:51:35.106+0000] {conn.py:410} INFO - <BrokerConnection node_id=1 host=3.34.144.17:9092 <connecting> [IPv4 ('3.34.144.17', 9092)]>: Connection complete.
[2025-05-22T10:51:35.454+0000] {logging_mixin.py:190} INFO - 📥 Received: page:movie_detail
[2025-05-22T10:51:35.463+0000] {logging_mixin.py:190} INFO - 📥 Received: page:movie_detail
[2025-05-22T10:51:35.471+0000] {logging_mixin.py:190} INFO - 📥 Received: page:movie_detail
[2025-05-22T10:51:35.478+0000] {logging_mixin.py:190} INFO - 📥 Received: page:movie_detail
[2025-05-22T10:51:35.486+0000] {logging_mixin.py:190} INFO - 📥 Received: page:main
[2025-05-22T10:51:35.496+0000] {logging_mixin.py:190} INFO - 📥 Received: page:movie_detail
[2025-05-22T10:51:35.506+0000] {logging_mixin.py:190} INFO - 📥 Received: page:movie_detail
[2025-05-22T10:51:35.514+0000] {logging_mixin.py:190} INFO - 📥 Received: page:movie_detail
[2025-05-22T10:51:35.521+0000] {logging_mixin.py:190} INFO - 📥 Received: page:movie_detail
[2025-05-22T10:51:35.529+0000] {logging_mixin.py:190} INFO - 📥 Received: page:main
[2025-05-22T10:51:35.539+0000] {logging_mixin.py:190} INFO - 📥 Received: page:main
[2025-05-22T10:51:35.551+0000] {logging_mixin.py:190} INFO - 📥 Received: page:movie_detail
[2025-05-22T10:51:35.567+0000] {logging_mixin.py:190} INFO - 📥 Received: page:movie_detail
[2025-05-22T10:51:35.577+0000] {logging_mixin.py:190} INFO - 📥 Received: page:main
[2025-05-22T10:51:35.587+0000] {logging_mixin.py:190} INFO - 📥 Received: page:main
[2025-05-22T10:51:35.598+0000] {logging_mixin.py:190} INFO - 📥 Received: page:movie_detail
[2025-05-22T10:51:35.608+0000] {logging_mixin.py:190} INFO - 📥 Received: page:movie_detail
[2025-05-22T10:51:35.617+0000] {logging_mixin.py:190} INFO - 📥 Received: page:movie_detail
[2025-05-22T10:51:35.627+0000] {logging_mixin.py:190} INFO - 📥 Received: page:main
[2025-05-22T10:51:35.637+0000] {logging_mixin.py:190} INFO - 📥 Received: page:movie_detail
[2025-05-22T10:51:35.648+0000] {logging_mixin.py:190} INFO - 📥 Received: page:movie_detail
[2025-05-22T10:51:35.659+0000] {logging_mixin.py:190} INFO - 📥 Received: page:movie_detail
[2025-05-22T10:51:35.670+0000] {logging_mixin.py:190} INFO - 📥 Received: page:movie_detail
[2025-05-22T10:51:35.682+0000] {logging_mixin.py:190} INFO - 📥 Received: page:movie_detail
[2025-05-22T10:51:35.692+0000] {logging_mixin.py:190} INFO - 📥 Received: page:main
[2025-05-22T10:51:35.703+0000] {logging_mixin.py:190} INFO - 📥 Received: page:movie_detail
[2025-05-22T10:51:35.713+0000] {logging_mixin.py:190} INFO - 📥 Received: page:movie_detail
[2025-05-22T10:51:35.725+0000] {logging_mixin.py:190} INFO - 📥 Received: page:movie_detail
[2025-05-22T10:51:35.735+0000] {logging_mixin.py:190} INFO - 📥 Received: page:movie_detail
[2025-05-22T10:51:35.744+0000] {logging_mixin.py:190} INFO - 📥 Received: page:main
[2025-05-22T10:51:35.754+0000] {logging_mixin.py:190} INFO - 📥 Received: page:movie_detail
[2025-05-22T10:51:35.766+0000] {logging_mixin.py:190} INFO - 📥 Received: page:movie_detail
[2025-05-22T10:51:35.778+0000] {logging_mixin.py:190} INFO - 📥 Received: page:main
[2025-05-22T10:51:35.793+0000] {logging_mixin.py:190} INFO - 📥 Received: page:main
[2025-05-22T10:51:35.805+0000] {logging_mixin.py:190} INFO - 📥 Received: page:main
[2025-05-22T10:51:35.817+0000] {logging_mixin.py:190} INFO - 📥 Received: page:movie_detail
[2025-05-22T10:51:35.829+0000] {logging_mixin.py:190} INFO - 📥 Received: page:movie_detail
[2025-05-22T10:51:35.838+0000] {logging_mixin.py:190} INFO - 📥 Received: page:movie_detail
[2025-05-22T10:51:35.848+0000] {logging_mixin.py:190} INFO - 📥 Received: page:movie_detail
[2025-05-22T10:51:35.861+0000] {logging_mixin.py:190} INFO - 📥 Received: page:movie_detail
[2025-05-22T10:51:35.872+0000] {logging_mixin.py:190} INFO - 📥 Received: page:movie_detail
[2025-05-22T10:51:35.883+0000] {logging_mixin.py:190} INFO - 📥 Received: page:movie_detail
[2025-05-22T10:51:35.896+0000] {logging_mixin.py:190} INFO - 📥 Received: page:movie_detail
[2025-05-22T10:51:35.907+0000] {logging_mixin.py:190} INFO - 📥 Received: page:movie_detail
[2025-05-22T10:51:35.916+0000] {logging_mixin.py:190} INFO - 📥 Received: page:movie_detail
[2025-05-22T10:51:35.926+0000] {logging_mixin.py:190} INFO - 📥 Received: page:movie_detail
[2025-05-22T10:51:35.936+0000] {logging_mixin.py:190} INFO - 📥 Received: page:movie_detail
[2025-05-22T10:51:35.946+0000] {logging_mixin.py:190} INFO - 📥 Received: page:movie_detail
[2025-05-22T10:51:35.956+0000] {logging_mixin.py:190} INFO - 📥 Received: page:movie_detail
[2025-05-22T10:51:35.969+0000] {logging_mixin.py:190} INFO - 📥 Received: page:movie_detail
[2025-05-22T10:51:35.979+0000] {logging_mixin.py:190} INFO - 📥 Received: page:main
[2025-05-22T10:51:35.989+0000] {logging_mixin.py:190} INFO - 📥 Received: page:movie_detail
[2025-05-22T10:51:36.000+0000] {logging_mixin.py:190} INFO - 📥 Received: page:movie_detail
[2025-05-22T10:51:36.010+0000] {logging_mixin.py:190} INFO - 📥 Received: page:main
[2025-05-22T10:51:36.020+0000] {logging_mixin.py:190} INFO - 📥 Received: page:movie_detail
[2025-05-22T10:51:36.032+0000] {logging_mixin.py:190} INFO - 📥 Received: page:movie_detail
[2025-05-22T10:51:36.043+0000] {logging_mixin.py:190} INFO - 📥 Received: page:movie_detail
[2025-05-22T10:51:36.053+0000] {logging_mixin.py:190} INFO - 📥 Received: page:movie_detail
[2025-05-22T10:51:36.065+0000] {logging_mixin.py:190} INFO - 📥 Received: page:movie_detail
[2025-05-22T10:51:36.077+0000] {logging_mixin.py:190} INFO - 📥 Received: page:movie_detail
[2025-05-22T10:51:36.089+0000] {logging_mixin.py:190} INFO - 📥 Received: page:main
[2025-05-22T10:51:36.100+0000] {logging_mixin.py:190} INFO - 📥 Received: page:movie_detail
[2025-05-22T10:51:36.110+0000] {logging_mixin.py:190} INFO - 📥 Received: page:movie_detail
[2025-05-22T10:51:36.120+0000] {logging_mixin.py:190} INFO - 📥 Received: page:movie_detail
[2025-05-22T10:51:36.131+0000] {logging_mixin.py:190} INFO - 📥 Received: page:main
[2025-05-22T10:51:36.143+0000] {logging_mixin.py:190} INFO - 📥 Received: page:movie_detail
[2025-05-22T10:51:36.153+0000] {logging_mixin.py:190} INFO - 📥 Received: page:movie_detail
[2025-05-22T10:51:36.163+0000] {logging_mixin.py:190} INFO - 📥 Received: page:movie_detail
[2025-05-22T10:51:36.174+0000] {logging_mixin.py:190} INFO - 📥 Received: page:main
[2025-05-22T10:51:36.183+0000] {logging_mixin.py:190} INFO - 📥 Received: page:movie_detail
[2025-05-22T10:51:36.194+0000] {logging_mixin.py:190} INFO - 📥 Received: page:movie_detail
[2025-05-22T10:51:36.204+0000] {logging_mixin.py:190} INFO - 📥 Received: page:movie_detail
[2025-05-22T10:51:36.215+0000] {logging_mixin.py:190} INFO - 📥 Received: page:main
[2025-05-22T10:51:36.225+0000] {logging_mixin.py:190} INFO - 📥 Received: page:movie_detail
[2025-05-22T10:51:36.237+0000] {logging_mixin.py:190} INFO - 📥 Received: page:movie_detail
[2025-05-22T10:51:36.249+0000] {logging_mixin.py:190} INFO - 📥 Received: page:movie_detail
[2025-05-22T10:51:36.260+0000] {logging_mixin.py:190} INFO - 📥 Received: page:movie_detail
[2025-05-22T10:51:36.270+0000] {logging_mixin.py:190} INFO - 📥 Received: page:movie_detail
[2025-05-22T10:51:36.282+0000] {logging_mixin.py:190} INFO - 📥 Received: page:movie_detail
[2025-05-22T10:51:36.291+0000] {logging_mixin.py:190} INFO - 📥 Received: page:movie_detail
[2025-05-22T10:51:36.304+0000] {logging_mixin.py:190} INFO - 📥 Received: page:main
[2025-05-22T10:51:36.315+0000] {logging_mixin.py:190} INFO - 📥 Received: page:movie_detail
[2025-05-22T10:51:36.325+0000] {logging_mixin.py:190} INFO - 📥 Received: page:main
[2025-05-22T10:51:36.334+0000] {logging_mixin.py:190} INFO - 📥 Received: page:movie_detail
[2025-05-22T10:51:36.345+0000] {logging_mixin.py:190} INFO - 📥 Received: page:movie_detail
[2025-05-22T10:51:36.356+0000] {logging_mixin.py:190} INFO - 📥 Received: page:movie_detail
[2025-05-22T10:51:36.366+0000] {logging_mixin.py:190} INFO - 📥 Received: page:movie_detail
[2025-05-22T10:51:36.378+0000] {logging_mixin.py:190} INFO - 📥 Received: page:movie_detail
[2025-05-22T10:51:36.387+0000] {logging_mixin.py:190} INFO - 📥 Received: page:movie_detail
[2025-05-22T10:51:36.397+0000] {logging_mixin.py:190} INFO - 📥 Received: page:main
[2025-05-22T10:51:36.409+0000] {logging_mixin.py:190} INFO - 📥 Received: page:movie_detail
[2025-05-22T10:51:36.420+0000] {logging_mixin.py:190} INFO - 📥 Received: page:movie_detail
[2025-05-22T10:51:36.432+0000] {logging_mixin.py:190} INFO - 📥 Received: page:main
[2025-05-22T10:51:36.446+0000] {logging_mixin.py:190} INFO - 📥 Received: page:movie_detail
[2025-05-22T10:51:36.457+0000] {logging_mixin.py:190} INFO - 📥 Received: page:movie_detail
[2025-05-22T10:51:36.468+0000] {logging_mixin.py:190} INFO - 📥 Received: page:main
[2025-05-22T10:51:36.477+0000] {logging_mixin.py:190} INFO - 📥 Received: page:movie_detail
[2025-05-22T10:51:36.487+0000] {logging_mixin.py:190} INFO - 📥 Received: page:movie_detail
[2025-05-22T10:51:36.496+0000] {logging_mixin.py:190} INFO - 📥 Received: page:movie_detail
[2025-05-22T10:51:36.508+0000] {logging_mixin.py:190} INFO - 📥 Received: page:movie_detail
[2025-05-22T10:51:36.515+0000] {logging_mixin.py:190} INFO - 📥 Received: page:movie_detail
[2025-05-22T10:51:36.523+0000] {logging_mixin.py:190} INFO - 📥 Received: page:movie_detail
[2025-05-22T10:51:36.531+0000] {logging_mixin.py:190} INFO - 📥 Received: page:main
[2025-05-22T10:51:36.539+0000] {logging_mixin.py:190} INFO - 📥 Received: page:movie_detail
[2025-05-22T10:51:36.547+0000] {logging_mixin.py:190} INFO - 📥 Received: page:movie_detail
[2025-05-22T10:51:36.554+0000] {logging_mixin.py:190} INFO - 📥 Received: page:movie_detail
[2025-05-22T10:51:36.562+0000] {logging_mixin.py:190} INFO - 📥 Received: page:movie_detail
[2025-05-22T10:51:36.571+0000] {logging_mixin.py:190} INFO - 📥 Received: page:movie_detail
[2025-05-22T10:51:36.583+0000] {logging_mixin.py:190} INFO - 📥 Received: page:movie_detail
[2025-05-22T10:51:36.592+0000] {logging_mixin.py:190} INFO - 📥 Received: page:movie_detail
[2025-05-22T10:51:36.602+0000] {logging_mixin.py:190} INFO - 📥 Received: page:movie_detail
[2025-05-22T10:51:36.614+0000] {logging_mixin.py:190} INFO - 📥 Received: page:movie_detail
[2025-05-22T10:51:36.632+0000] {logging_mixin.py:190} INFO - 📥 Received: page:movie_detail
[2025-05-22T10:51:36.650+0000] {logging_mixin.py:190} INFO - 📥 Received: page:movie_detail
[2025-05-22T10:51:36.663+0000] {logging_mixin.py:190} INFO - 📥 Received: page:movie_detail
[2025-05-22T10:51:36.674+0000] {logging_mixin.py:190} INFO - 📥 Received: page:movie_detail
[2025-05-22T10:51:36.686+0000] {logging_mixin.py:190} INFO - 📥 Received: page:movie_detail
[2025-05-22T10:51:36.697+0000] {logging_mixin.py:190} INFO - 📥 Received: page:movie_detail
[2025-05-22T10:51:36.709+0000] {logging_mixin.py:190} INFO - 📥 Received: page:movie_detail
[2025-05-22T10:51:36.723+0000] {logging_mixin.py:190} INFO - 📥 Received: page:movie_detail
[2025-05-22T10:51:36.730+0000] {logging_mixin.py:190} INFO - 📥 Received: page:main
[2025-05-22T10:51:36.738+0000] {logging_mixin.py:190} INFO - 📥 Received: page:movie_detail
[2025-05-22T10:51:36.746+0000] {logging_mixin.py:190} INFO - 📥 Received: page:movie_detail
[2025-05-22T10:51:36.754+0000] {logging_mixin.py:190} INFO - 📥 Received: page:movie_detail
[2025-05-22T10:51:36.763+0000] {logging_mixin.py:190} INFO - 📥 Received: page:movie_detail
[2025-05-22T10:51:36.771+0000] {logging_mixin.py:190} INFO - 📥 Received: page:movie_detail
[2025-05-22T10:51:36.785+0000] {logging_mixin.py:190} INFO - 📥 Received: page:movie_detail
[2025-05-22T10:51:36.795+0000] {logging_mixin.py:190} INFO - 📥 Received: page:movie_detail
[2025-05-22T10:51:36.805+0000] {logging_mixin.py:190} INFO - 📥 Received: page:movie_detail
[2025-05-22T10:51:36.815+0000] {logging_mixin.py:190} INFO - 📥 Received: page:movie_detail
[2025-05-22T10:51:36.825+0000] {logging_mixin.py:190} INFO - 📥 Received: page:main
[2025-05-22T10:51:36.837+0000] {logging_mixin.py:190} INFO - 📥 Received: page:movie_detail
[2025-05-22T10:51:36.848+0000] {logging_mixin.py:190} INFO - 📥 Received: page:main
[2025-05-22T10:51:36.860+0000] {logging_mixin.py:190} INFO - 📥 Received: page:movie_detail
[2025-05-22T10:51:36.869+0000] {logging_mixin.py:190} INFO - 📥 Received: page:movie_detail
[2025-05-22T10:51:36.881+0000] {logging_mixin.py:190} INFO - 📥 Received: page:movie_detail
[2025-05-22T10:51:36.891+0000] {logging_mixin.py:190} INFO - 📥 Received: page:movie_detail
[2025-05-22T10:51:36.901+0000] {logging_mixin.py:190} INFO - 📥 Received: page:main
[2025-05-22T10:51:36.911+0000] {logging_mixin.py:190} INFO - 📥 Received: page:main
[2025-05-22T10:51:36.923+0000] {logging_mixin.py:190} INFO - 📥 Received: page:movie_detail
[2025-05-22T10:51:36.934+0000] {logging_mixin.py:190} INFO - 📥 Received: page:movie_detail
[2025-05-22T10:51:36.944+0000] {logging_mixin.py:190} INFO - 📥 Received: page:movie_detail
[2025-05-22T10:51:36.957+0000] {logging_mixin.py:190} INFO - 📥 Received: page:movie_detail
[2025-05-22T10:51:36.967+0000] {logging_mixin.py:190} INFO - 📥 Received: page:movie_detail
[2025-05-22T10:51:36.985+0000] {logging_mixin.py:190} INFO - 📥 Received: page:movie_detail
[2025-05-22T10:51:36.996+0000] {logging_mixin.py:190} INFO - 📥 Received: page:movie_detail
[2025-05-22T10:51:37.006+0000] {logging_mixin.py:190} INFO - 📥 Received: page:main
[2025-05-22T10:51:37.018+0000] {logging_mixin.py:190} INFO - 📥 Received: page:movie_detail
[2025-05-22T10:51:37.028+0000] {logging_mixin.py:190} INFO - 📥 Received: page:movie_detail
[2025-05-22T10:51:37.040+0000] {logging_mixin.py:190} INFO - 📥 Received: page:main
[2025-05-22T10:51:37.053+0000] {logging_mixin.py:190} INFO - 📥 Received: page:movie_detail
[2025-05-22T10:51:37.065+0000] {logging_mixin.py:190} INFO - 📥 Received: page:main
[2025-05-22T10:51:37.077+0000] {logging_mixin.py:190} INFO - 📥 Received: page:movie_detail
[2025-05-22T10:51:37.088+0000] {logging_mixin.py:190} INFO - 📥 Received: page:movie_detail
[2025-05-22T10:51:37.100+0000] {logging_mixin.py:190} INFO - 📥 Received: page:movie_detail
[2025-05-22T10:51:37.112+0000] {logging_mixin.py:190} INFO - 📥 Received: page:movie_detail
[2025-05-22T10:51:37.125+0000] {logging_mixin.py:190} INFO - 📥 Received: page:movie_detail
[2025-05-22T10:51:37.135+0000] {logging_mixin.py:190} INFO - 📥 Received: page:movie_detail
[2025-05-22T10:51:37.145+0000] {logging_mixin.py:190} INFO - 📥 Received: page:movie_detail
[2025-05-22T10:51:37.156+0000] {logging_mixin.py:190} INFO - 📥 Received: page:movie_detail
[2025-05-22T10:51:37.173+0000] {logging_mixin.py:190} INFO - 📥 Received: page:main
[2025-05-22T10:51:37.189+0000] {logging_mixin.py:190} INFO - 📥 Received: page:main
[2025-05-22T10:51:37.200+0000] {logging_mixin.py:190} INFO - 📥 Received: page:main
[2025-05-22T10:51:37.209+0000] {logging_mixin.py:190} INFO - 📥 Received: page:movie_detail
[2025-05-22T10:51:37.219+0000] {logging_mixin.py:190} INFO - 📥 Received: page:movie_detail
[2025-05-22T10:51:37.231+0000] {logging_mixin.py:190} INFO - 📥 Received: page:movie_detail
[2025-05-22T10:51:37.242+0000] {logging_mixin.py:190} INFO - 📥 Received: page:movie_detail
[2025-05-22T10:51:37.256+0000] {logging_mixin.py:190} INFO - 📥 Received: page:movie_detail
[2025-05-22T10:51:37.268+0000] {logging_mixin.py:190} INFO - 📥 Received: page:movie_detail
[2025-05-22T10:51:37.280+0000] {logging_mixin.py:190} INFO - 📥 Received: page:movie_detail
[2025-05-22T10:51:37.289+0000] {logging_mixin.py:190} INFO - 📥 Received: page:movie_detail
[2025-05-22T10:51:37.299+0000] {logging_mixin.py:190} INFO - 📥 Received: page:movie_detail
[2025-05-22T10:51:37.309+0000] {logging_mixin.py:190} INFO - 📥 Received: page:movie_detail
[2025-05-22T10:51:37.319+0000] {logging_mixin.py:190} INFO - 📥 Received: page:movie_detail
[2025-05-22T10:51:37.331+0000] {logging_mixin.py:190} INFO - 📥 Received: page:movie_detail
[2025-05-22T10:51:37.342+0000] {logging_mixin.py:190} INFO - 📥 Received: page:movie_detail
[2025-05-22T10:51:37.355+0000] {logging_mixin.py:190} INFO - 📥 Received: page:main
[2025-05-22T10:51:37.366+0000] {logging_mixin.py:190} INFO - 📥 Received: page:movie_detail
[2025-05-22T10:51:37.377+0000] {logging_mixin.py:190} INFO - 📥 Received: page:movie_detail
[2025-05-22T10:51:37.392+0000] {logging_mixin.py:190} INFO - 📥 Received: page:main
[2025-05-22T10:51:37.403+0000] {logging_mixin.py:190} INFO - 📥 Received: page:movie_detail
[2025-05-22T10:51:37.415+0000] {logging_mixin.py:190} INFO - 📥 Received: page:movie_detail
[2025-05-22T10:51:37.426+0000] {logging_mixin.py:190} INFO - 📥 Received: page:movie_detail
[2025-05-22T10:51:37.437+0000] {logging_mixin.py:190} INFO - 📥 Received: page:main
[2025-05-22T10:51:37.447+0000] {logging_mixin.py:190} INFO - 📥 Received: page:movie_detail
[2025-05-22T10:51:37.461+0000] {logging_mixin.py:190} INFO - 📥 Received: page:movie_detail
[2025-05-22T10:51:37.473+0000] {logging_mixin.py:190} INFO - 📥 Received: page:movie_detail
[2025-05-22T10:51:37.483+0000] {logging_mixin.py:190} INFO - 📥 Received: page:movie_detail
[2025-05-22T10:51:37.493+0000] {logging_mixin.py:190} INFO - 📥 Received: page:main
[2025-05-22T10:51:37.503+0000] {logging_mixin.py:190} INFO - 📥 Received: page:movie_detail
[2025-05-22T10:51:37.512+0000] {logging_mixin.py:190} INFO - 📥 Received: page:movie_detail
[2025-05-22T10:51:37.522+0000] {logging_mixin.py:190} INFO - 📥 Received: page:movie_detail
[2025-05-22T10:51:37.534+0000] {logging_mixin.py:190} INFO - 📥 Received: page:movie_detail
[2025-05-22T10:51:37.545+0000] {logging_mixin.py:190} INFO - 📥 Received: page:movie_detail
[2025-05-22T10:51:37.554+0000] {logging_mixin.py:190} INFO - 📥 Received: page:main
[2025-05-22T10:51:37.562+0000] {logging_mixin.py:190} INFO - 📥 Received: page:movie_detail
[2025-05-22T10:51:37.570+0000] {logging_mixin.py:190} INFO - 📥 Received: page:movie_detail
[2025-05-22T10:51:37.578+0000] {logging_mixin.py:190} INFO - 📥 Received: page:movie_detail
[2025-05-22T10:51:37.586+0000] {logging_mixin.py:190} INFO - 📥 Received: page:movie_detail
[2025-05-22T10:51:37.596+0000] {logging_mixin.py:190} INFO - 📥 Received: page:movie_detail
[2025-05-22T10:51:37.603+0000] {logging_mixin.py:190} INFO - 📥 Received: page:movie_detail
[2025-05-22T10:51:37.611+0000] {logging_mixin.py:190} INFO - 📥 Received: page:main
[2025-05-22T10:51:37.619+0000] {logging_mixin.py:190} INFO - 📥 Received: page:movie_detail
[2025-05-22T10:51:37.631+0000] {logging_mixin.py:190} INFO - 📥 Received: page:main
[2025-05-22T10:51:37.641+0000] {logging_mixin.py:190} INFO - 📥 Received: page:movie_detail
[2025-05-22T10:51:37.651+0000] {logging_mixin.py:190} INFO - 📥 Received: page:main
[2025-05-22T10:51:37.665+0000] {logging_mixin.py:190} INFO - 📥 Received: page:main
[2025-05-22T10:51:37.674+0000] {logging_mixin.py:190} INFO - 📥 Received: page:movie_detail
[2025-05-22T10:51:37.684+0000] {logging_mixin.py:190} INFO - 📥 Received: page:movie_detail
[2025-05-22T10:51:37.694+0000] {logging_mixin.py:190} INFO - 📥 Received: page:movie_detail
[2025-05-22T10:51:37.706+0000] {logging_mixin.py:190} INFO - 📥 Received: page:main
[2025-05-22T10:51:37.715+0000] {logging_mixin.py:190} INFO - 📥 Received: page:movie_detail
[2025-05-22T10:51:37.725+0000] {logging_mixin.py:190} INFO - 📥 Received: page:movie_detail
[2025-05-22T10:51:37.738+0000] {logging_mixin.py:190} INFO - 📥 Received: page:movie_detail
[2025-05-22T10:51:37.750+0000] {logging_mixin.py:190} INFO - 📥 Received: page:movie_detail
[2025-05-22T10:51:37.760+0000] {logging_mixin.py:190} INFO - 📥 Received: page:movie_detail
[2025-05-22T10:51:37.772+0000] {logging_mixin.py:190} INFO - 📥 Received: page:movie_detail
[2025-05-22T10:51:37.782+0000] {logging_mixin.py:190} INFO - 📥 Received: page:movie_detail
[2025-05-22T10:51:37.791+0000] {logging_mixin.py:190} INFO - 📥 Received: page:movie_detail
[2025-05-22T10:51:37.805+0000] {logging_mixin.py:190} INFO - 📥 Received: page:main
[2025-05-22T10:51:37.815+0000] {logging_mixin.py:190} INFO - 📥 Received: page:movie_detail
[2025-05-22T10:51:37.825+0000] {logging_mixin.py:190} INFO - 📥 Received: page:main
[2025-05-22T10:51:37.834+0000] {logging_mixin.py:190} INFO - 📥 Received: page:movie_detail
[2025-05-22T10:51:37.844+0000] {logging_mixin.py:190} INFO - 📥 Received: page:main
[2025-05-22T10:51:37.854+0000] {logging_mixin.py:190} INFO - 📥 Received: page:movie_detail
[2025-05-22T10:51:37.864+0000] {logging_mixin.py:190} INFO - 📥 Received: page:main
[2025-05-22T10:51:37.873+0000] {logging_mixin.py:190} INFO - 📥 Received: page:movie_detail
[2025-05-22T10:51:37.883+0000] {logging_mixin.py:190} INFO - 📥 Received: page:movie_detail
[2025-05-22T10:51:37.893+0000] {logging_mixin.py:190} INFO - 📥 Received: page:movie_detail
[2025-05-22T10:51:37.903+0000] {logging_mixin.py:190} INFO - 📥 Received: page:movie_detail
[2025-05-22T10:51:37.912+0000] {logging_mixin.py:190} INFO - 📥 Received: page:movie_detail
[2025-05-22T10:51:37.922+0000] {logging_mixin.py:190} INFO - 📥 Received: page:movie_detail
[2025-05-22T10:51:37.936+0000] {logging_mixin.py:190} INFO - 📥 Received: page:movie_detail
[2025-05-22T10:51:37.946+0000] {logging_mixin.py:190} INFO - 📥 Received: page:movie_detail
[2025-05-22T10:51:37.955+0000] {logging_mixin.py:190} INFO - 📥 Received: page:movie_detail
[2025-05-22T10:51:37.965+0000] {logging_mixin.py:190} INFO - 📥 Received: page:movie_detail
[2025-05-22T10:51:37.975+0000] {logging_mixin.py:190} INFO - 📥 Received: page:movie_detail
[2025-05-22T10:51:37.985+0000] {logging_mixin.py:190} INFO - 📥 Received: page:main
[2025-05-22T10:51:37.994+0000] {logging_mixin.py:190} INFO - 📥 Received: page:main
[2025-05-22T10:51:38.004+0000] {logging_mixin.py:190} INFO - 📥 Received: page:movie_detail
[2025-05-22T10:51:38.014+0000] {logging_mixin.py:190} INFO - 📥 Received: page:movie_detail
[2025-05-22T10:51:38.024+0000] {logging_mixin.py:190} INFO - 📥 Received: page:main
[2025-05-22T10:51:38.036+0000] {logging_mixin.py:190} INFO - 📥 Received: page:movie_detail
[2025-05-22T10:51:38.045+0000] {logging_mixin.py:190} INFO - 📥 Received: page:main
[2025-05-22T10:51:38.055+0000] {logging_mixin.py:190} INFO - 📥 Received: page:movie_detail
[2025-05-22T10:51:38.065+0000] {logging_mixin.py:190} INFO - 📥 Received: page:movie_detail
[2025-05-22T10:51:38.078+0000] {logging_mixin.py:190} INFO - 📥 Received: page:main
[2025-05-22T10:51:38.088+0000] {logging_mixin.py:190} INFO - 📥 Received: page:main
[2025-05-22T10:51:38.098+0000] {logging_mixin.py:190} INFO - 📥 Received: page:main
[2025-05-22T10:51:38.107+0000] {logging_mixin.py:190} INFO - 📥 Received: page:main
[2025-05-22T10:51:38.117+0000] {logging_mixin.py:190} INFO - 📥 Received: page:movie_detail
[2025-05-22T10:51:38.127+0000] {logging_mixin.py:190} INFO - 📥 Received: page:main
[2025-05-22T10:51:38.140+0000] {logging_mixin.py:190} INFO - 📥 Received: page:movie_detail
[2025-05-22T10:51:38.151+0000] {logging_mixin.py:190} INFO - 📥 Received: page:movie_detail
[2025-05-22T10:51:38.162+0000] {logging_mixin.py:190} INFO - 📥 Received: page:movie_detail
[2025-05-22T10:51:38.172+0000] {logging_mixin.py:190} INFO - 📥 Received: page:movie_detail
[2025-05-22T10:51:38.182+0000] {logging_mixin.py:190} INFO - 📥 Received: page:movie_detail
[2025-05-22T10:51:38.192+0000] {logging_mixin.py:190} INFO - 📥 Received: page:main
[2025-05-22T10:51:38.201+0000] {logging_mixin.py:190} INFO - 📥 Received: page:movie_detail
[2025-05-22T10:51:38.211+0000] {logging_mixin.py:190} INFO - 📥 Received: page:movie_detail
[2025-05-22T10:51:38.221+0000] {logging_mixin.py:190} INFO - 📥 Received: page:movie_detail
[2025-05-22T10:51:38.231+0000] {logging_mixin.py:190} INFO - 📥 Received: page:movie_detail
[2025-05-22T10:51:38.241+0000] {logging_mixin.py:190} INFO - 📥 Received: page:movie_detail
[2025-05-22T10:51:38.250+0000] {logging_mixin.py:190} INFO - 📥 Received: page:main
[2025-05-22T10:51:38.260+0000] {logging_mixin.py:190} INFO - 📥 Received: page:movie_detail
[2025-05-22T10:51:38.270+0000] {logging_mixin.py:190} INFO - 📥 Received: page:movie_detail
[2025-05-22T10:51:38.280+0000] {logging_mixin.py:190} INFO - 📥 Received: page:movie_detail
[2025-05-22T10:51:38.289+0000] {logging_mixin.py:190} INFO - 📥 Received: page:movie_detail
[2025-05-22T10:51:38.299+0000] {logging_mixin.py:190} INFO - 📥 Received: page:movie_detail
[2025-05-22T10:51:38.311+0000] {logging_mixin.py:190} INFO - 📥 Received: page:movie_detail
[2025-05-22T10:51:38.320+0000] {logging_mixin.py:190} INFO - 📥 Received: page:main
[2025-05-22T10:51:38.330+0000] {logging_mixin.py:190} INFO - 📥 Received: page:movie_detail
[2025-05-22T10:51:38.340+0000] {logging_mixin.py:190} INFO - 📥 Received: page:movie_detail
[2025-05-22T10:51:38.350+0000] {logging_mixin.py:190} INFO - 📥 Received: page:movie_detail
[2025-05-22T10:51:38.360+0000] {logging_mixin.py:190} INFO - 📥 Received: page:movie_detail
[2025-05-22T10:51:38.369+0000] {logging_mixin.py:190} INFO - 📥 Received: page:main
[2025-05-22T10:51:38.379+0000] {logging_mixin.py:190} INFO - 📥 Received: page:main
[2025-05-22T10:51:38.389+0000] {logging_mixin.py:190} INFO - 📥 Received: page:movie_detail
[2025-05-22T10:51:38.399+0000] {logging_mixin.py:190} INFO - 📥 Received: page:movie_detail
[2025-05-22T10:51:38.408+0000] {logging_mixin.py:190} INFO - 📥 Received: page:main
[2025-05-22T10:51:38.420+0000] {logging_mixin.py:190} INFO - 📥 Received: page:main
[2025-05-22T10:51:38.430+0000] {logging_mixin.py:190} INFO - 📥 Received: page:movie_detail
[2025-05-22T10:51:38.440+0000] {logging_mixin.py:190} INFO - 📥 Received: page:movie_detail
[2025-05-22T10:51:38.450+0000] {logging_mixin.py:190} INFO - 📥 Received: page:main
[2025-05-22T10:51:38.459+0000] {logging_mixin.py:190} INFO - 📥 Received: page:movie_detail
[2025-05-22T10:51:38.469+0000] {logging_mixin.py:190} INFO - 📥 Received: page:movie_detail
[2025-05-22T10:51:38.479+0000] {logging_mixin.py:190} INFO - 📥 Received: page:main
[2025-05-22T10:51:38.488+0000] {logging_mixin.py:190} INFO - 📥 Received: page:movie_detail
[2025-05-22T10:51:38.498+0000] {logging_mixin.py:190} INFO - 📥 Received: page:movie_detail
[2025-05-22T10:51:38.508+0000] {logging_mixin.py:190} INFO - 📥 Received: page:movie_detail
[2025-05-22T10:51:38.518+0000] {logging_mixin.py:190} INFO - 📥 Received: page:movie_detail
[2025-05-22T10:51:38.528+0000] {logging_mixin.py:190} INFO - 📥 Received: page:movie_detail
[2025-05-22T10:51:38.540+0000] {logging_mixin.py:190} INFO - 📥 Received: page:main
[2025-05-22T10:51:38.549+0000] {logging_mixin.py:190} INFO - 📥 Received: page:movie_detail
[2025-05-22T10:51:38.561+0000] {logging_mixin.py:190} INFO - 📥 Received: page:movie_detail
[2025-05-22T10:51:38.574+0000] {logging_mixin.py:190} INFO - 📥 Received: page:movie_detail
[2025-05-22T10:51:38.587+0000] {logging_mixin.py:190} INFO - 📥 Received: page:main
[2025-05-22T10:51:38.596+0000] {logging_mixin.py:190} INFO - 📥 Received: page:movie_detail
[2025-05-22T10:51:38.603+0000] {logging_mixin.py:190} INFO - 📥 Received: page:movie_detail
[2025-05-22T10:51:38.611+0000] {logging_mixin.py:190} INFO - 📥 Received: page:movie_detail
[2025-05-22T10:51:38.619+0000] {logging_mixin.py:190} INFO - 📥 Received: page:movie_detail
[2025-05-22T10:51:38.627+0000] {logging_mixin.py:190} INFO - 📥 Received: page:movie_detail
[2025-05-22T10:51:38.636+0000] {logging_mixin.py:190} INFO - 📥 Received: page:movie_detail
[2025-05-22T10:51:38.646+0000] {logging_mixin.py:190} INFO - 📥 Received: page:movie_detail
[2025-05-22T10:51:38.654+0000] {logging_mixin.py:190} INFO - 📥 Received: page:main
[2025-05-22T10:51:38.662+0000] {logging_mixin.py:190} INFO - 📥 Received: page:movie_detail
[2025-05-22T10:51:38.670+0000] {logging_mixin.py:190} INFO - 📥 Received: page:main
[2025-05-22T10:51:38.680+0000] {logging_mixin.py:190} INFO - 📥 Received: page:movie_detail
[2025-05-22T10:51:38.692+0000] {logging_mixin.py:190} INFO - 📥 Received: page:movie_detail
[2025-05-22T10:51:38.704+0000] {logging_mixin.py:190} INFO - 📥 Received: page:movie_detail
[2025-05-22T10:51:38.715+0000] {logging_mixin.py:190} INFO - 📥 Received: page:main
[2025-05-22T10:51:38.725+0000] {logging_mixin.py:190} INFO - 📥 Received: page:movie_detail
[2025-05-22T10:51:38.735+0000] {logging_mixin.py:190} INFO - 📥 Received: page:movie_detail
[2025-05-22T10:51:38.745+0000] {logging_mixin.py:190} INFO - 📥 Received: page:main
[2025-05-22T10:51:38.756+0000] {logging_mixin.py:190} INFO - 📥 Received: page:movie_detail
[2025-05-22T10:51:38.766+0000] {logging_mixin.py:190} INFO - 📥 Received: page:movie_detail
[2025-05-22T10:51:38.776+0000] {logging_mixin.py:190} INFO - 📥 Received: page:movie_detail
[2025-05-22T10:51:38.786+0000] {logging_mixin.py:190} INFO - 📥 Received: page:movie_detail
[2025-05-22T10:51:38.795+0000] {logging_mixin.py:190} INFO - 📥 Received: page:main
[2025-05-22T10:51:38.805+0000] {logging_mixin.py:190} INFO - 📥 Received: page:movie_detail
[2025-05-22T10:51:38.815+0000] {logging_mixin.py:190} INFO - 📥 Received: page:movie_detail
[2025-05-22T10:51:38.824+0000] {logging_mixin.py:190} INFO - 📥 Received: page:movie_detail
[2025-05-22T10:51:38.834+0000] {logging_mixin.py:190} INFO - 📥 Received: page:movie_detail
[2025-05-22T10:51:38.844+0000] {logging_mixin.py:190} INFO - 📥 Received: page:movie_detail
[2025-05-22T10:51:38.857+0000] {logging_mixin.py:190} INFO - 📥 Received: page:movie_detail
[2025-05-22T10:51:38.867+0000] {logging_mixin.py:190} INFO - 📥 Received: page:movie_detail
[2025-05-22T10:51:38.877+0000] {logging_mixin.py:190} INFO - 📥 Received: page:movie_detail
[2025-05-22T10:51:38.887+0000] {logging_mixin.py:190} INFO - 📥 Received: page:movie_detail
[2025-05-22T10:51:38.897+0000] {logging_mixin.py:190} INFO - 📥 Received: page:main
[2025-05-22T10:51:38.906+0000] {logging_mixin.py:190} INFO - 📥 Received: page:main
[2025-05-22T10:51:38.916+0000] {logging_mixin.py:190} INFO - 📥 Received: page:movie_detail
[2025-05-22T10:51:38.926+0000] {logging_mixin.py:190} INFO - 📥 Received: page:movie_detail
[2025-05-22T10:51:38.937+0000] {logging_mixin.py:190} INFO - 📥 Received: page:main
[2025-05-22T10:51:38.947+0000] {logging_mixin.py:190} INFO - 📥 Received: page:movie_detail
[2025-05-22T10:51:38.959+0000] {logging_mixin.py:190} INFO - 📥 Received: page:movie_detail
[2025-05-22T10:51:38.969+0000] {logging_mixin.py:190} INFO - 📥 Received: page:movie_detail
[2025-05-22T10:51:38.981+0000] {logging_mixin.py:190} INFO - 📥 Received: page:movie_detail
[2025-05-22T10:51:38.990+0000] {logging_mixin.py:190} INFO - 📥 Received: page:movie_detail
[2025-05-22T10:51:39.000+0000] {logging_mixin.py:190} INFO - 📥 Received: page:movie_detail
[2025-05-22T10:51:39.007+0000] {logging_mixin.py:190} INFO - 📥 Received: page:movie_detail
[2025-05-22T10:51:39.015+0000] {logging_mixin.py:190} INFO - 📥 Received: page:main
[2025-05-22T10:51:39.023+0000] {logging_mixin.py:190} INFO - 📥 Received: page:main
[2025-05-22T10:51:39.031+0000] {logging_mixin.py:190} INFO - 📥 Received: page:movie_detail
[2025-05-22T10:51:39.039+0000] {logging_mixin.py:190} INFO - 📥 Received: page:main
[2025-05-22T10:51:39.046+0000] {logging_mixin.py:190} INFO - 📥 Received: page:movie_detail
[2025-05-22T10:51:39.055+0000] {logging_mixin.py:190} INFO - 📥 Received: page:movie_detail
[2025-05-22T10:51:39.064+0000] {logging_mixin.py:190} INFO - 📥 Received: page:movie_detail
[2025-05-22T10:51:39.072+0000] {logging_mixin.py:190} INFO - 📥 Received: page:movie_detail
[2025-05-22T10:51:39.080+0000] {logging_mixin.py:190} INFO - 📥 Received: page:movie_detail
[2025-05-22T10:51:39.088+0000] {logging_mixin.py:190} INFO - 📥 Received: page:movie_detail
[2025-05-22T10:51:39.095+0000] {logging_mixin.py:190} INFO - 📥 Received: page:movie_detail
[2025-05-22T10:51:39.103+0000] {logging_mixin.py:190} INFO - 📥 Received: page:movie_detail
[2025-05-22T10:51:39.111+0000] {logging_mixin.py:190} INFO - 📥 Received: page:movie_detail
[2025-05-22T10:51:39.119+0000] {logging_mixin.py:190} INFO - 📥 Received: page:main
[2025-05-22T10:51:39.127+0000] {logging_mixin.py:190} INFO - 📥 Received: page:movie_detail
[2025-05-22T10:51:39.134+0000] {logging_mixin.py:190} INFO - 📥 Received: page:main
[2025-05-22T10:51:39.142+0000] {logging_mixin.py:190} INFO - 📥 Received: page:movie_detail
[2025-05-22T10:51:39.150+0000] {logging_mixin.py:190} INFO - 📥 Received: page:movie_detail
[2025-05-22T10:51:39.158+0000] {logging_mixin.py:190} INFO - 📥 Received: page:movie_detail
[2025-05-22T10:51:39.166+0000] {logging_mixin.py:190} INFO - 📥 Received: page:main
[2025-05-22T10:51:39.173+0000] {logging_mixin.py:190} INFO - 📥 Received: page:main
[2025-05-22T10:51:39.181+0000] {logging_mixin.py:190} INFO - 📥 Received: page:movie_detail
[2025-05-22T10:51:39.189+0000] {logging_mixin.py:190} INFO - 📥 Received: page:movie_detail
[2025-05-22T10:51:39.197+0000] {logging_mixin.py:190} INFO - 📥 Received: page:movie_detail
[2025-05-22T10:51:39.205+0000] {logging_mixin.py:190} INFO - 📥 Received: page:movie_detail
[2025-05-22T10:51:39.212+0000] {logging_mixin.py:190} INFO - 📥 Received: page:movie_detail
[2025-05-22T10:51:39.220+0000] {logging_mixin.py:190} INFO - 📥 Received: page:movie_detail
[2025-05-22T10:51:39.228+0000] {logging_mixin.py:190} INFO - 📥 Received: page:movie_detail
[2025-05-22T10:51:39.236+0000] {logging_mixin.py:190} INFO - 📥 Received: page:movie_detail
[2025-05-22T10:51:39.244+0000] {logging_mixin.py:190} INFO - 📥 Received: page:movie_detail
[2025-05-22T10:51:39.251+0000] {logging_mixin.py:190} INFO - 📥 Received: page:movie_detail
[2025-05-22T10:51:39.260+0000] {logging_mixin.py:190} INFO - 📥 Received: page:movie_detail
[2025-05-22T10:51:39.267+0000] {logging_mixin.py:190} INFO - 📥 Received: page:main
[2025-05-22T10:51:39.275+0000] {logging_mixin.py:190} INFO - 📥 Received: page:movie_detail
[2025-05-22T10:51:39.283+0000] {logging_mixin.py:190} INFO - 📥 Received: page:movie_detail
[2025-05-22T10:51:39.291+0000] {logging_mixin.py:190} INFO - 📥 Received: page:movie_detail
[2025-05-22T10:51:39.300+0000] {logging_mixin.py:190} INFO - 📥 Received: page:main
[2025-05-22T10:51:39.308+0000] {logging_mixin.py:190} INFO - 📥 Received: page:movie_detail
[2025-05-22T10:51:39.316+0000] {logging_mixin.py:190} INFO - 📥 Received: page:movie_detail
[2025-05-22T10:51:39.324+0000] {logging_mixin.py:190} INFO - 📥 Received: page:main
[2025-05-22T10:51:39.332+0000] {logging_mixin.py:190} INFO - 📥 Received: page:main
[2025-05-22T10:51:39.339+0000] {logging_mixin.py:190} INFO - 📥 Received: page:movie_detail
[2025-05-22T10:51:39.349+0000] {logging_mixin.py:190} INFO - 📥 Received: page:movie_detail
[2025-05-22T10:51:39.357+0000] {logging_mixin.py:190} INFO - 📥 Received: page:movie_detail
[2025-05-22T10:51:39.366+0000] {logging_mixin.py:190} INFO - 📥 Received: page:movie_detail
[2025-05-22T10:51:39.375+0000] {logging_mixin.py:190} INFO - 📥 Received: page:movie_detail
[2025-05-22T10:51:39.382+0000] {logging_mixin.py:190} INFO - 📥 Received: page:main
[2025-05-22T10:51:39.391+0000] {logging_mixin.py:190} INFO - 📥 Received: page:movie_detail
[2025-05-22T10:51:39.398+0000] {logging_mixin.py:190} INFO - 📥 Received: page:movie_detail
[2025-05-22T10:51:39.406+0000] {logging_mixin.py:190} INFO - 📥 Received: page:movie_detail
[2025-05-22T10:51:39.414+0000] {logging_mixin.py:190} INFO - 📥 Received: page:movie_detail
[2025-05-22T10:51:39.421+0000] {logging_mixin.py:190} INFO - 📥 Received: page:movie_detail
[2025-05-22T10:51:39.429+0000] {logging_mixin.py:190} INFO - 📥 Received: page:movie_detail
[2025-05-22T10:51:39.437+0000] {logging_mixin.py:190} INFO - 📥 Received: page:movie_detail
[2025-05-22T10:51:39.446+0000] {logging_mixin.py:190} INFO - 📥 Received: page:main
[2025-05-22T10:51:39.453+0000] {logging_mixin.py:190} INFO - 📥 Received: page:movie_detail
[2025-05-22T10:51:39.460+0000] {logging_mixin.py:190} INFO - 📥 Received: page:movie_detail
[2025-05-22T10:51:39.468+0000] {logging_mixin.py:190} INFO - 📥 Received: page:main
[2025-05-22T10:51:39.476+0000] {logging_mixin.py:190} INFO - 📥 Received: page:main
[2025-05-22T10:51:39.484+0000] {logging_mixin.py:190} INFO - 📥 Received: page:main
[2025-05-22T10:51:39.494+0000] {logging_mixin.py:190} INFO - 📥 Received: page:movie_detail
[2025-05-22T10:51:39.501+0000] {logging_mixin.py:190} INFO - 📥 Received: page:main
[2025-05-22T10:51:39.509+0000] {logging_mixin.py:190} INFO - 📥 Received: page:movie_detail
[2025-05-22T10:51:39.517+0000] {logging_mixin.py:190} INFO - 📥 Received: page:movie_detail
[2025-05-22T10:51:39.525+0000] {logging_mixin.py:190} INFO - 📥 Received: page:movie_detail
[2025-05-22T10:51:39.533+0000] {logging_mixin.py:190} INFO - 📥 Received: page:main
[2025-05-22T10:51:39.541+0000] {logging_mixin.py:190} INFO - 📥 Received: page:main
[2025-05-22T10:51:39.548+0000] {logging_mixin.py:190} INFO - 📥 Received: page:movie_detail
[2025-05-22T10:51:39.556+0000] {logging_mixin.py:190} INFO - 📥 Received: page:main
[2025-05-22T10:51:39.564+0000] {logging_mixin.py:190} INFO - 📥 Received: page:movie_detail
[2025-05-22T10:51:39.572+0000] {logging_mixin.py:190} INFO - 📥 Received: page:main
[2025-05-22T10:51:39.580+0000] {logging_mixin.py:190} INFO - 📥 Received: page:movie_detail
[2025-05-22T10:51:39.587+0000] {logging_mixin.py:190} INFO - 📥 Received: page:movie_detail
[2025-05-22T10:51:39.595+0000] {logging_mixin.py:190} INFO - 📥 Received: page:movie_detail
[2025-05-22T10:51:39.603+0000] {logging_mixin.py:190} INFO - 📥 Received: page:movie_detail
[2025-05-22T10:51:39.611+0000] {logging_mixin.py:190} INFO - 📥 Received: page:main
[2025-05-22T10:51:39.619+0000] {logging_mixin.py:190} INFO - 📥 Received: page:movie_detail
[2025-05-22T10:51:39.627+0000] {logging_mixin.py:190} INFO - 📥 Received: page:main
[2025-05-22T10:51:39.634+0000] {logging_mixin.py:190} INFO - 📥 Received: page:movie_detail
[2025-05-22T10:51:39.642+0000] {logging_mixin.py:190} INFO - 📥 Received: page:movie_detail
[2025-05-22T10:51:39.650+0000] {logging_mixin.py:190} INFO - 📥 Received: page:movie_detail
[2025-05-22T10:51:39.658+0000] {logging_mixin.py:190} INFO - 📥 Received: page:main
[2025-05-22T10:51:39.666+0000] {logging_mixin.py:190} INFO - 📥 Received: page:main
[2025-05-22T10:51:39.675+0000] {logging_mixin.py:190} INFO - 📥 Received: page:movie_detail
[2025-05-22T10:51:39.683+0000] {logging_mixin.py:190} INFO - 📥 Received: page:movie_detail
[2025-05-22T10:51:39.691+0000] {logging_mixin.py:190} INFO - 📥 Received: page:movie_detail
[2025-05-22T10:51:39.699+0000] {logging_mixin.py:190} INFO - 📥 Received: page:movie_detail
[2025-05-22T10:51:39.707+0000] {logging_mixin.py:190} INFO - 📥 Received: page:movie_detail
[2025-05-22T10:51:39.714+0000] {logging_mixin.py:190} INFO - 📥 Received: page:main
[2025-05-22T10:51:39.722+0000] {logging_mixin.py:190} INFO - 📥 Received: page:movie_detail
[2025-05-22T10:51:39.730+0000] {logging_mixin.py:190} INFO - 📥 Received: page:movie_detail
[2025-05-22T10:51:39.738+0000] {logging_mixin.py:190} INFO - 📥 Received: page:movie_detail
[2025-05-22T10:51:39.745+0000] {logging_mixin.py:190} INFO - 📥 Received: page:movie_detail
[2025-05-22T10:51:39.754+0000] {logging_mixin.py:190} INFO - 📥 Received: page:main
[2025-05-22T10:51:39.763+0000] {logging_mixin.py:190} INFO - 📥 Received: page:movie_detail
[2025-05-22T10:51:39.771+0000] {logging_mixin.py:190} INFO - 📥 Received: page:main
[2025-05-22T10:51:39.783+0000] {logging_mixin.py:190} INFO - 📥 Received: page:movie_detail
[2025-05-22T10:51:39.790+0000] {logging_mixin.py:190} INFO - 📥 Received: page:main
[2025-05-22T10:51:39.798+0000] {logging_mixin.py:190} INFO - 📥 Received: page:movie_detail
[2025-05-22T10:51:39.806+0000] {logging_mixin.py:190} INFO - 📥 Received: page:movie_detail
[2025-05-22T10:51:39.814+0000] {logging_mixin.py:190} INFO - 📥 Received: page:movie_detail
[2025-05-22T10:51:39.822+0000] {logging_mixin.py:190} INFO - 📥 Received: page:movie_detail
[2025-05-22T10:51:39.829+0000] {logging_mixin.py:190} INFO - 📥 Received: page:main
[2025-05-22T10:51:39.837+0000] {logging_mixin.py:190} INFO - 📥 Received: page:movie_detail
[2025-05-22T10:51:39.845+0000] {logging_mixin.py:190} INFO - 📥 Received: page:main
[2025-05-22T10:51:39.853+0000] {logging_mixin.py:190} INFO - 📥 Received: page:movie_detail
[2025-05-22T10:51:39.861+0000] {logging_mixin.py:190} INFO - 📥 Received: page:main
[2025-05-22T10:51:39.869+0000] {logging_mixin.py:190} INFO - 📥 Received: page:movie_detail
[2025-05-22T10:51:39.876+0000] {logging_mixin.py:190} INFO - 📥 Received: page:movie_detail
[2025-05-22T10:51:39.886+0000] {logging_mixin.py:190} INFO - 📥 Received: page:movie_detail
[2025-05-22T10:51:39.894+0000] {logging_mixin.py:190} INFO - 📥 Received: page:movie_detail
[2025-05-22T10:51:39.902+0000] {logging_mixin.py:190} INFO - 📥 Received: page:movie_detail
[2025-05-22T10:51:39.910+0000] {logging_mixin.py:190} INFO - 📥 Received: page:movie_detail
[2025-05-22T10:51:39.917+0000] {logging_mixin.py:190} INFO - 📥 Received: page:main
[2025-05-22T10:51:39.930+0000] {logging_mixin.py:190} INFO - 📥 Received: page:movie_detail
[2025-05-22T10:51:39.939+0000] {logging_mixin.py:190} INFO - 📥 Received: page:movie_detail
[2025-05-22T10:51:39.947+0000] {logging_mixin.py:190} INFO - 📥 Received: page:movie_detail
[2025-05-22T10:51:39.955+0000] {logging_mixin.py:190} INFO - 📥 Received: page:movie_detail
[2025-05-22T10:51:39.962+0000] {logging_mixin.py:190} INFO - 📥 Received: page:movie_detail
[2025-05-22T10:51:39.970+0000] {logging_mixin.py:190} INFO - 📥 Received: page:main
[2025-05-22T10:51:39.978+0000] {logging_mixin.py:190} INFO - 📥 Received: page:main
[2025-05-22T10:51:39.986+0000] {logging_mixin.py:190} INFO - 📥 Received: page:main
[2025-05-22T10:51:39.996+0000] {logging_mixin.py:190} INFO - 📥 Received: page:movie_detail
[2025-05-22T10:51:40.003+0000] {logging_mixin.py:190} INFO - 📥 Received: page:movie_detail
[2025-05-22T10:51:40.011+0000] {logging_mixin.py:190} INFO - 📥 Received: page:movie_detail
[2025-05-22T10:51:40.019+0000] {logging_mixin.py:190} INFO - 📥 Received: page:movie_detail
[2025-05-22T10:51:40.027+0000] {logging_mixin.py:190} INFO - 📥 Received: page:movie_detail
[2025-05-22T10:51:40.035+0000] {logging_mixin.py:190} INFO - 📥 Received: page:movie_detail
[2025-05-22T10:51:40.043+0000] {logging_mixin.py:190} INFO - 📥 Received: page:movie_detail
[2025-05-22T10:51:40.050+0000] {logging_mixin.py:190} INFO - 📥 Received: page:main
[2025-05-22T10:51:40.058+0000] {logging_mixin.py:190} INFO - 📥 Received: page:movie_detail
[2025-05-22T10:51:40.066+0000] {logging_mixin.py:190} INFO - 📥 Received: page:movie_detail
[2025-05-22T10:51:40.074+0000] {logging_mixin.py:190} INFO - 📥 Received: page:movie_detail
[2025-05-22T10:51:40.082+0000] {logging_mixin.py:190} INFO - 📥 Received: page:main
[2025-05-22T10:51:40.091+0000] {logging_mixin.py:190} INFO - 📥 Received: page:movie_detail
[2025-05-22T10:51:40.099+0000] {logging_mixin.py:190} INFO - 📥 Received: page:main
[2025-05-22T10:51:40.109+0000] {logging_mixin.py:190} INFO - 📥 Received: page:main
[2025-05-22T10:51:40.117+0000] {logging_mixin.py:190} INFO - 📥 Received: page:movie_detail
[2025-05-22T10:51:40.125+0000] {logging_mixin.py:190} INFO - 📥 Received: page:movie_detail
[2025-05-22T10:51:40.133+0000] {logging_mixin.py:190} INFO - 📥 Received: page:movie_detail
[2025-05-22T10:51:40.141+0000] {logging_mixin.py:190} INFO - 📥 Received: page:movie_detail
[2025-05-22T10:51:40.148+0000] {logging_mixin.py:190} INFO - 📥 Received: page:main
[2025-05-22T10:51:40.156+0000] {logging_mixin.py:190} INFO - 📥 Received: page:movie_detail
[2025-05-22T10:51:40.164+0000] {logging_mixin.py:190} INFO - 📥 Received: page:movie_detail
[2025-05-22T10:51:40.172+0000] {logging_mixin.py:190} INFO - 📥 Received: page:movie_detail
[2025-05-22T10:51:40.179+0000] {logging_mixin.py:190} INFO - 📥 Received: page:main
[2025-05-22T10:51:40.188+0000] {logging_mixin.py:190} INFO - 📥 Received: page:movie_detail
[2025-05-22T10:51:40.212+0000] {logging_mixin.py:190} INFO - 📥 Received: page:movie_detail
[2025-05-22T10:51:40.224+0000] {logging_mixin.py:190} INFO - 📥 Received: page:main
[2025-05-22T10:51:40.232+0000] {logging_mixin.py:190} INFO - 📥 Received: page:movie_detail
[2025-05-22T10:51:40.240+0000] {logging_mixin.py:190} INFO - 📥 Received: page:movie_detail
[2025-05-22T10:51:40.248+0000] {logging_mixin.py:190} INFO - 📥 Received: page:main
[2025-05-22T10:51:40.255+0000] {logging_mixin.py:190} INFO - 📥 Received: page:main
[2025-05-22T10:51:40.263+0000] {logging_mixin.py:190} INFO - 📥 Received: page:main
[2025-05-22T10:51:40.271+0000] {logging_mixin.py:190} INFO - 📥 Received: page:movie_detail
[2025-05-22T10:51:40.279+0000] {logging_mixin.py:190} INFO - 📥 Received: page:movie_detail
[2025-05-22T10:51:40.287+0000] {logging_mixin.py:190} INFO - 📥 Received: page:movie_detail
[2025-05-22T10:51:40.297+0000] {logging_mixin.py:190} INFO - 📥 Received: page:main
[2025-05-22T10:51:40.304+0000] {logging_mixin.py:190} INFO - 📥 Received: page:movie_detail
[2025-05-22T10:51:40.312+0000] {logging_mixin.py:190} INFO - 📥 Received: page:movie_detail
[2025-05-22T10:51:40.320+0000] {logging_mixin.py:190} INFO - ✅Minio connected
[2025-05-22T10:51:40.325+0000] {base.py:84} INFO - Retrieving connection 'minio'
[2025-05-22T10:51:40.325+0000] {connection_wrapper.py:388} INFO - AWS Connection (conn_id='minio', conn_type='aws') credentials retrieved from login and password.
[2025-05-22T10:51:40.535+0000] {logging_mixin.py:190} INFO - ✅ Bucket 'user-log-ml' already exists.
[2025-05-22T10:51:40.573+0000] {logging_mixin.py:190} INFO - ✅ File uploaded to MinIO: 2025-05-22_01-00-00.csv
[2025-05-22T10:51:40.573+0000] {base.py:748} INFO - Stopping heartbeat thread
[2025-05-22T10:51:40.573+0000] {base.py:773} INFO - Leaving consumer group (kafka).
[2025-05-22T10:51:40.581+0000] {conn.py:919} INFO - <BrokerConnection node_id=coordinator-1 host=3.34.144.17:9092 <connected> [IPv4 ('3.34.144.17', 9092)]>: Closing connection. 
[2025-05-22T10:51:40.581+0000] {conn.py:919} INFO - <BrokerConnection node_id=1 host=3.34.144.17:9092 <connected> [IPv4 ('3.34.144.17', 9092)]>: Closing connection. 
[2025-05-22T10:51:40.582+0000] {python.py:240} INFO - Done. Returned value was: None
[2025-05-22T10:51:40.586+0000] {taskinstance.py:340} INFO - ::group::Post task execution logs
[2025-05-22T10:51:40.587+0000] {taskinstance.py:352} INFO - Marking task as SUCCESS. dag_id=kafka_to_minio_to_spark, task_id=kafka_consumer, run_id=scheduled__2025-05-21T16:00:00+00:00, execution_date=20250521T160000, start_date=20250522T105131, end_date=20250522T105140
[2025-05-22T10:51:40.623+0000] {local_task_job_runner.py:266} INFO - Task exited with return code 0
[2025-05-22T10:51:40.633+0000] {taskinstance.py:3900} INFO - 0 downstream tasks scheduled from follow-on schedule check
[2025-05-22T10:51:40.634+0000] {local_task_job_runner.py:245} INFO - ::endgroup::
