[2025-05-22T00:07:40.524+0000] {local_task_job_runner.py:123} INFO - ::group::Pre task execution logs
[2025-05-22T00:07:40.530+0000] {taskinstance.py:2612} INFO - Dependencies all met for dep_context=non-requeueable deps ti=<TaskInstance: kafka_to_minio_to_spark.kafka_consumer scheduled__2025-05-21T16:00:00+00:00 [queued]>
[2025-05-22T00:07:40.533+0000] {taskinstance.py:2612} INFO - Dependencies all met for dep_context=requeueable deps ti=<TaskInstance: kafka_to_minio_to_spark.kafka_consumer scheduled__2025-05-21T16:00:00+00:00 [queued]>
[2025-05-22T00:07:40.533+0000] {taskinstance.py:2865} INFO - Starting attempt 4 of 6
[2025-05-22T00:07:40.537+0000] {taskinstance.py:2888} INFO - Executing <Task(PythonOperator): kafka_consumer> on 2025-05-21 16:00:00+00:00
[2025-05-22T00:07:40.539+0000] {standard_task_runner.py:72} INFO - Started process 339 to run task
[2025-05-22T00:07:40.541+0000] {standard_task_runner.py:104} INFO - Running: ['***', 'tasks', 'run', 'kafka_to_minio_to_spark', 'kafka_consumer', 'scheduled__2025-05-21T16:00:00+00:00', '--job-id', '193', '--raw', '--subdir', 'DAGS_FOLDER/testlog_ml.py', '--cfg-path', '/tmp/tmpealimrrb']
[2025-05-22T00:07:40.541+0000] {standard_task_runner.py:105} INFO - Job 193: Subtask kafka_consumer
[2025-05-22T00:07:40.557+0000] {task_command.py:467} INFO - Running <TaskInstance: kafka_to_minio_to_spark.kafka_consumer scheduled__2025-05-21T16:00:00+00:00 [running]> on host f901d5ffba09
[2025-05-22T00:07:40.582+0000] {taskinstance.py:3131} INFO - Exporting env vars: AIRFLOW_CTX_DAG_OWNER='***' AIRFLOW_CTX_DAG_ID='kafka_to_minio_to_spark' AIRFLOW_CTX_TASK_ID='kafka_consumer' AIRFLOW_CTX_EXECUTION_DATE='2025-05-21T16:00:00+00:00' AIRFLOW_CTX_TRY_NUMBER='4' AIRFLOW_CTX_DAG_RUN_ID='scheduled__2025-05-21T16:00:00+00:00'
[2025-05-22T00:07:40.583+0000] {taskinstance.py:731} INFO - ::endgroup::
[2025-05-22T00:07:40.658+0000] {conn.py:380} INFO - <BrokerConnection node_id=bootstrap-0 host=host.docker.internal:9092 <connecting> [IPv4 ('192.168.65.254', 9092)]>: connecting to host.docker.internal:9092 [('192.168.65.254', 9092) IPv4]
[2025-05-22T00:07:40.658+0000] {conn.py:1205} INFO - Probing node bootstrap-0 broker version
[2025-05-22T00:07:40.659+0000] {conn.py:410} INFO - <BrokerConnection node_id=bootstrap-0 host=host.docker.internal:9092 <connecting> [IPv4 ('192.168.65.254', 9092)]>: Connection complete.
[2025-05-22T00:07:40.762+0000] {conn.py:1267} INFO - Broker version identified as 2.5.0
[2025-05-22T00:07:40.762+0000] {conn.py:1268} INFO - Set configuration api_version=(2, 5, 0) to skip auto check_version requests on startup
[2025-05-22T00:07:40.763+0000] {subscription_state.py:171} INFO - Updating subscribed topics to: ('userlog',)
[2025-05-22T00:07:40.763+0000] {logging_mixin.py:190} INFO - ✅ consumer started, waiting for messages....
[2025-05-22T00:07:40.764+0000] {cluster.py:371} INFO - Group coordinator for to is ('coordinator-1', '172.16.24.224', 9092, None)
[2025-05-22T00:07:40.764+0000] {base.py:693} INFO - Discovered coordinator coordinator-1 for group to
[2025-05-22T00:07:40.764+0000] {base.py:741} INFO - Starting new heartbeat thread
[2025-05-22T00:07:40.765+0000] {consumer.py:348} INFO - Revoking previously assigned partitions () for group to
[2025-05-22T00:07:40.765+0000] {conn.py:380} INFO - <BrokerConnection node_id=coordinator-1 host=172.16.24.224:9092 <connecting> [IPv4 ('172.16.24.224', 9092)]>: connecting to 172.16.24.224:9092 [('172.16.24.224', 9092) IPv4]
[2025-05-22T00:07:40.866+0000] {conn.py:410} INFO - <BrokerConnection node_id=coordinator-1 host=172.16.24.224:9092 <connecting> [IPv4 ('172.16.24.224', 9092)]>: Connection complete.
[2025-05-22T00:07:40.867+0000] {conn.py:919} INFO - <BrokerConnection node_id=bootstrap-0 host=host.docker.internal:9092 <connected> [IPv4 ('192.168.65.254', 9092)]>: Closing connection. 
[2025-05-22T00:07:40.969+0000] {base.py:450} INFO - (Re-)joining group to
[2025-05-22T00:07:43.977+0000] {base.py:521} INFO - Elected group leader -- performing partition assignments using range
[2025-05-22T00:07:43.983+0000] {conn.py:380} INFO - <BrokerConnection node_id=1 host=172.16.24.224:9092 <connecting> [IPv4 ('172.16.24.224', 9092)]>: connecting to 172.16.24.224:9092 [('172.16.24.224', 9092) IPv4]
[2025-05-22T00:07:43.996+0000] {conn.py:410} INFO - <BrokerConnection node_id=1 host=172.16.24.224:9092 <connecting> [IPv4 ('172.16.24.224', 9092)]>: Connection complete.
[2025-05-22T00:07:43.999+0000] {base.py:335} INFO - Successfully joined group to with generation 3
[2025-05-22T00:07:44.001+0000] {subscription_state.py:257} INFO - Updated partition assignment: [('userlog', 0)]
[2025-05-22T00:07:44.004+0000] {consumer.py:245} INFO - Setting newly assigned partitions (('userlog', 0),) for group to
[2025-05-22T00:07:44.228+0000] {logging_mixin.py:190} INFO - 📥 Received: page:movie_detail
[2025-05-22T00:07:44.250+0000] {logging_mixin.py:190} INFO - 📥 Received: page:movie_detail
[2025-05-22T00:07:44.252+0000] {logging_mixin.py:190} INFO - 📥 Received: page:main
[2025-05-22T00:07:44.254+0000] {logging_mixin.py:190} INFO - 📥 Received: page:movie_detail
[2025-05-22T00:07:44.255+0000] {logging_mixin.py:190} INFO - 📥 Received: page:movie_detail
[2025-05-22T00:07:44.256+0000] {logging_mixin.py:190} INFO - 📥 Received: page:movie_detail
[2025-05-22T00:07:44.257+0000] {logging_mixin.py:190} INFO - 📥 Received: page:movie_detail
[2025-05-22T00:07:44.258+0000] {logging_mixin.py:190} INFO - 📥 Received: page:main
[2025-05-22T00:07:44.259+0000] {logging_mixin.py:190} INFO - 📥 Received: page:main
[2025-05-22T00:07:44.260+0000] {logging_mixin.py:190} INFO - 📥 Received: page:movie_detail
[2025-05-22T00:07:44.260+0000] {logging_mixin.py:190} INFO - 📥 Received: page:movie_detail
[2025-05-22T00:07:44.261+0000] {logging_mixin.py:190} INFO - 📥 Received: page:movie_detail
[2025-05-22T00:07:44.262+0000] {logging_mixin.py:190} INFO - 📥 Received: page:movie_detail
[2025-05-22T00:07:44.263+0000] {logging_mixin.py:190} INFO - 📥 Received: page:movie_detail
[2025-05-22T00:07:44.264+0000] {logging_mixin.py:190} INFO - 📥 Received: page:movie_detail
[2025-05-22T00:07:44.265+0000] {logging_mixin.py:190} INFO - 📥 Received: page:movie_detail
[2025-05-22T00:07:44.265+0000] {logging_mixin.py:190} INFO - 📥 Received: page:movie_detail
[2025-05-22T00:07:44.266+0000] {logging_mixin.py:190} INFO - 📥 Received: page:movie_detail
[2025-05-22T00:07:44.267+0000] {logging_mixin.py:190} INFO - 📥 Received: page:main
[2025-05-22T00:07:44.268+0000] {logging_mixin.py:190} INFO - 📥 Received: page:movie_detail
[2025-05-22T00:07:44.268+0000] {logging_mixin.py:190} INFO - 📥 Received: page:movie_detail
[2025-05-22T00:07:44.269+0000] {logging_mixin.py:190} INFO - 📥 Received: page:movie_detail
[2025-05-22T00:07:44.270+0000] {logging_mixin.py:190} INFO - 📥 Received: page:movie_detail
[2025-05-22T00:07:44.271+0000] {logging_mixin.py:190} INFO - 📥 Received: page:main
[2025-05-22T00:07:44.271+0000] {logging_mixin.py:190} INFO - 📥 Received: page:movie_detail
[2025-05-22T00:07:44.272+0000] {logging_mixin.py:190} INFO - 📥 Received: page:movie_detail
[2025-05-22T00:07:44.273+0000] {logging_mixin.py:190} INFO - 📥 Received: page:movie_detail
[2025-05-22T00:07:44.274+0000] {logging_mixin.py:190} INFO - 📥 Received: page:movie_detail
[2025-05-22T00:07:44.274+0000] {logging_mixin.py:190} INFO - 📥 Received: page:movie_detail
[2025-05-22T00:07:44.275+0000] {logging_mixin.py:190} INFO - 📥 Received: page:movie_detail
[2025-05-22T00:07:44.276+0000] {logging_mixin.py:190} INFO - 📥 Received: page:main
[2025-05-22T00:07:44.276+0000] {logging_mixin.py:190} INFO - 📥 Received: page:movie_detail
[2025-05-22T00:07:44.277+0000] {logging_mixin.py:190} INFO - 📥 Received: page:movie_detail
[2025-05-22T00:07:44.278+0000] {logging_mixin.py:190} INFO - 📥 Received: page:movie_detail
[2025-05-22T00:07:44.279+0000] {logging_mixin.py:190} INFO - 📥 Received: page:main
[2025-05-22T00:07:44.279+0000] {logging_mixin.py:190} INFO - 📥 Received: page:movie_detail
[2025-05-22T00:07:44.280+0000] {logging_mixin.py:190} INFO - 📥 Received: page:movie_detail
[2025-05-22T00:07:44.281+0000] {logging_mixin.py:190} INFO - 📥 Received: page:movie_detail
[2025-05-22T00:07:44.282+0000] {logging_mixin.py:190} INFO - 📥 Received: page:movie_detail
[2025-05-22T00:07:44.282+0000] {logging_mixin.py:190} INFO - 📥 Received: page:main
[2025-05-22T00:07:44.283+0000] {logging_mixin.py:190} INFO - 📥 Received: page:movie_detail
[2025-05-22T00:07:44.284+0000] {logging_mixin.py:190} INFO - 📥 Received: page:main
[2025-05-22T00:07:44.285+0000] {logging_mixin.py:190} INFO - 📥 Received: page:main
[2025-05-22T00:07:44.285+0000] {logging_mixin.py:190} INFO - 📥 Received: page:movie_detail
[2025-05-22T00:07:44.286+0000] {logging_mixin.py:190} INFO - 📥 Received: page:main
[2025-05-22T00:07:44.287+0000] {logging_mixin.py:190} INFO - 📥 Received: page:main
[2025-05-22T00:07:44.288+0000] {logging_mixin.py:190} INFO - 📥 Received: page:movie_detail
[2025-05-22T00:07:44.288+0000] {logging_mixin.py:190} INFO - 📥 Received: page:movie_detail
[2025-05-22T00:07:44.289+0000] {logging_mixin.py:190} INFO - 📥 Received: page:movie_detail
[2025-05-22T00:07:44.290+0000] {logging_mixin.py:190} INFO - 📥 Received: page:movie_detail
[2025-05-22T00:07:44.291+0000] {logging_mixin.py:190} INFO - 📥 Received: page:main
[2025-05-22T00:07:44.291+0000] {logging_mixin.py:190} INFO - 📥 Received: page:main
[2025-05-22T00:07:44.292+0000] {logging_mixin.py:190} INFO - 📥 Received: page:main
[2025-05-22T00:07:44.293+0000] {logging_mixin.py:190} INFO - 📥 Received: page:main
[2025-05-22T00:07:44.294+0000] {logging_mixin.py:190} INFO - 📥 Received: page:main
[2025-05-22T00:07:44.294+0000] {logging_mixin.py:190} INFO - 📥 Received: page:movie_detail
[2025-05-22T00:07:44.295+0000] {logging_mixin.py:190} INFO - 📥 Received: page:movie_detail
[2025-05-22T00:07:44.296+0000] {logging_mixin.py:190} INFO - 📥 Received: page:movie_detail
[2025-05-22T00:07:44.296+0000] {logging_mixin.py:190} INFO - 📥 Received: page:movie_detail
[2025-05-22T00:07:44.297+0000] {logging_mixin.py:190} INFO - 📥 Received: page:movie_detail
[2025-05-22T00:07:44.298+0000] {logging_mixin.py:190} INFO - 📥 Received: page:main
[2025-05-22T00:07:44.299+0000] {logging_mixin.py:190} INFO - 📥 Received: page:movie_detail
[2025-05-22T00:07:44.300+0000] {logging_mixin.py:190} INFO - 📥 Received: page:movie_detail
[2025-05-22T00:07:44.301+0000] {logging_mixin.py:190} INFO - 📥 Received: page:movie_detail
[2025-05-22T00:07:44.302+0000] {logging_mixin.py:190} INFO - 📥 Received: page:movie_detail
[2025-05-22T00:07:44.302+0000] {logging_mixin.py:190} INFO - 📥 Received: page:movie_detail
[2025-05-22T00:07:44.303+0000] {logging_mixin.py:190} INFO - 📥 Received: page:main
[2025-05-22T00:07:44.304+0000] {logging_mixin.py:190} INFO - 📥 Received: page:movie_detail
[2025-05-22T00:07:44.304+0000] {logging_mixin.py:190} INFO - 📥 Received: page:main
[2025-05-22T00:07:44.305+0000] {logging_mixin.py:190} INFO - 📥 Received: page:movie_detail
[2025-05-22T00:07:44.306+0000] {logging_mixin.py:190} INFO - 📥 Received: page:movie_detail
[2025-05-22T00:07:44.306+0000] {logging_mixin.py:190} INFO - 📥 Received: page:movie_detail
[2025-05-22T00:07:44.317+0000] {logging_mixin.py:190} INFO - 📥 Received: page:movie_detail
[2025-05-22T00:07:44.318+0000] {logging_mixin.py:190} INFO - 📥 Received: page:movie_detail
[2025-05-22T00:07:44.319+0000] {logging_mixin.py:190} INFO - 📥 Received: page:movie_detail
[2025-05-22T00:07:44.319+0000] {logging_mixin.py:190} INFO - 📥 Received: page:movie_detail
[2025-05-22T00:07:44.320+0000] {logging_mixin.py:190} INFO - 📥 Received: page:main
[2025-05-22T00:07:44.320+0000] {logging_mixin.py:190} INFO - 📥 Received: page:main
[2025-05-22T00:07:44.321+0000] {logging_mixin.py:190} INFO - 📥 Received: page:main
[2025-05-22T00:07:44.321+0000] {logging_mixin.py:190} INFO - 📥 Received: page:movie_detail
[2025-05-22T00:07:44.322+0000] {logging_mixin.py:190} INFO - 📥 Received: page:movie_detail
[2025-05-22T00:07:44.322+0000] {logging_mixin.py:190} INFO - 📥 Received: page:main
[2025-05-22T00:07:44.323+0000] {logging_mixin.py:190} INFO - 📥 Received: page:movie_detail
[2025-05-22T00:07:44.324+0000] {logging_mixin.py:190} INFO - 📥 Received: page:movie_detail
[2025-05-22T00:07:44.324+0000] {logging_mixin.py:190} INFO - 📥 Received: page:movie_detail
[2025-05-22T00:07:44.325+0000] {logging_mixin.py:190} INFO - 📥 Received: page:movie_detail
[2025-05-22T00:07:44.325+0000] {logging_mixin.py:190} INFO - 📥 Received: page:movie_detail
[2025-05-22T00:07:44.326+0000] {logging_mixin.py:190} INFO - 📥 Received: page:main
[2025-05-22T00:07:44.326+0000] {logging_mixin.py:190} INFO - 📥 Received: page:movie_detail
[2025-05-22T00:07:44.327+0000] {logging_mixin.py:190} INFO - 📥 Received: page:main
[2025-05-22T00:07:44.328+0000] {logging_mixin.py:190} INFO - 📥 Received: page:movie_detail
[2025-05-22T00:07:44.328+0000] {logging_mixin.py:190} INFO - 📥 Received: page:main
[2025-05-22T00:07:44.329+0000] {logging_mixin.py:190} INFO - 📥 Received: page:movie_detail
[2025-05-22T00:07:44.329+0000] {logging_mixin.py:190} INFO - 📥 Received: page:movie_detail
[2025-05-22T00:07:44.330+0000] {logging_mixin.py:190} INFO - 📥 Received: page:movie_detail
[2025-05-22T00:07:44.330+0000] {logging_mixin.py:190} INFO - 📥 Received: page:movie_detail
[2025-05-22T00:07:44.331+0000] {logging_mixin.py:190} INFO - 📥 Received: page:movie_detail
[2025-05-22T00:07:44.331+0000] {logging_mixin.py:190} INFO - 📥 Received: page:movie_detail
[2025-05-22T00:07:44.332+0000] {logging_mixin.py:190} INFO - 📥 Received: page:movie_detail
[2025-05-22T00:07:44.333+0000] {logging_mixin.py:190} INFO - 📥 Received: page:movie_detail
[2025-05-22T00:07:44.333+0000] {logging_mixin.py:190} INFO - 📥 Received: page:main
[2025-05-22T00:07:44.334+0000] {logging_mixin.py:190} INFO - 📥 Received: page:main
[2025-05-22T00:07:44.334+0000] {logging_mixin.py:190} INFO - 📥 Received: page:main
[2025-05-22T00:07:44.335+0000] {logging_mixin.py:190} INFO - 📥 Received: page:movie_detail
[2025-05-22T00:07:44.335+0000] {logging_mixin.py:190} INFO - 📥 Received: page:movie_detail
[2025-05-22T00:07:44.336+0000] {logging_mixin.py:190} INFO - 📥 Received: page:main
[2025-05-22T00:07:44.336+0000] {logging_mixin.py:190} INFO - 📥 Received: page:movie_detail
[2025-05-22T00:07:44.337+0000] {logging_mixin.py:190} INFO - 📥 Received: page:movie_detail
[2025-05-22T00:07:44.337+0000] {logging_mixin.py:190} INFO - 📥 Received: page:movie_detail
[2025-05-22T00:07:44.338+0000] {logging_mixin.py:190} INFO - 📥 Received: page:movie_detail
[2025-05-22T00:07:44.339+0000] {logging_mixin.py:190} INFO - 📥 Received: page:movie_detail
[2025-05-22T00:07:44.339+0000] {logging_mixin.py:190} INFO - 📥 Received: page:movie_detail
[2025-05-22T00:07:44.340+0000] {logging_mixin.py:190} INFO - 📥 Received: page:movie_detail
[2025-05-22T00:07:44.340+0000] {logging_mixin.py:190} INFO - 📥 Received: page:movie_detail
[2025-05-22T00:07:44.341+0000] {logging_mixin.py:190} INFO - 📥 Received: page:main
[2025-05-22T00:07:44.342+0000] {logging_mixin.py:190} INFO - 📥 Received: page:main
[2025-05-22T00:07:44.342+0000] {logging_mixin.py:190} INFO - 📥 Received: page:movie_detail
[2025-05-22T00:07:44.343+0000] {logging_mixin.py:190} INFO - 📥 Received: page:movie_detail
[2025-05-22T00:07:44.343+0000] {logging_mixin.py:190} INFO - 📥 Received: page:movie_detail
[2025-05-22T00:07:44.344+0000] {logging_mixin.py:190} INFO - 📥 Received: page:main
[2025-05-22T00:07:44.345+0000] {logging_mixin.py:190} INFO - 📥 Received: page:movie_detail
[2025-05-22T00:07:44.345+0000] {logging_mixin.py:190} INFO - 📥 Received: page:movie_detail
[2025-05-22T00:07:44.346+0000] {logging_mixin.py:190} INFO - 📥 Received: page:movie_detail
[2025-05-22T00:07:44.346+0000] {logging_mixin.py:190} INFO - 📥 Received: page:main
[2025-05-22T00:07:44.347+0000] {logging_mixin.py:190} INFO - 📥 Received: page:movie_detail
[2025-05-22T00:07:44.348+0000] {logging_mixin.py:190} INFO - 📥 Received: page:movie_detail
[2025-05-22T00:07:44.348+0000] {logging_mixin.py:190} INFO - 📥 Received: page:movie_detail
[2025-05-22T00:07:44.349+0000] {logging_mixin.py:190} INFO - 📥 Received: page:movie_detail
[2025-05-22T00:07:44.349+0000] {logging_mixin.py:190} INFO - 📥 Received: page:movie_detail
[2025-05-22T00:07:44.350+0000] {logging_mixin.py:190} INFO - 📥 Received: page:movie_detail
[2025-05-22T00:07:44.351+0000] {logging_mixin.py:190} INFO - 📥 Received: page:main
[2025-05-22T00:07:44.351+0000] {logging_mixin.py:190} INFO - 📥 Received: page:movie_detail
[2025-05-22T00:07:44.352+0000] {logging_mixin.py:190} INFO - 📥 Received: page:movie_detail
[2025-05-22T00:07:44.352+0000] {logging_mixin.py:190} INFO - 📥 Received: page:movie_detail
[2025-05-22T00:07:44.353+0000] {logging_mixin.py:190} INFO - 📥 Received: page:movie_detail
[2025-05-22T00:07:44.353+0000] {logging_mixin.py:190} INFO - 📥 Received: page:main
[2025-05-22T00:07:44.354+0000] {logging_mixin.py:190} INFO - 📥 Received: page:movie_detail
[2025-05-22T00:07:44.355+0000] {logging_mixin.py:190} INFO - 📥 Received: page:movie_detail
[2025-05-22T00:07:44.355+0000] {logging_mixin.py:190} INFO - 📥 Received: page:main
[2025-05-22T00:07:44.356+0000] {logging_mixin.py:190} INFO - 📥 Received: page:movie_detail
[2025-05-22T00:07:44.356+0000] {logging_mixin.py:190} INFO - 📥 Received: page:main
[2025-05-22T00:07:44.357+0000] {logging_mixin.py:190} INFO - 📥 Received: page:movie_detail
[2025-05-22T00:07:44.357+0000] {logging_mixin.py:190} INFO - 📥 Received: page:main
[2025-05-22T00:07:44.358+0000] {logging_mixin.py:190} INFO - 📥 Received: page:movie_detail
[2025-05-22T00:07:44.358+0000] {logging_mixin.py:190} INFO - 📥 Received: page:movie_detail
[2025-05-22T00:07:44.359+0000] {logging_mixin.py:190} INFO - 📥 Received: page:movie_detail
[2025-05-22T00:07:44.359+0000] {logging_mixin.py:190} INFO - 📥 Received: page:movie_detail
[2025-05-22T00:07:44.360+0000] {logging_mixin.py:190} INFO - 📥 Received: page:movie_detail
[2025-05-22T00:07:44.360+0000] {logging_mixin.py:190} INFO - 📥 Received: page:movie_detail
[2025-05-22T00:07:44.361+0000] {logging_mixin.py:190} INFO - 📥 Received: page:main
[2025-05-22T00:07:44.361+0000] {logging_mixin.py:190} INFO - 📥 Received: page:movie_detail
[2025-05-22T00:07:44.362+0000] {logging_mixin.py:190} INFO - 📥 Received: page:movie_detail
[2025-05-22T00:07:44.363+0000] {logging_mixin.py:190} INFO - 📥 Received: page:movie_detail
[2025-05-22T00:07:44.363+0000] {logging_mixin.py:190} INFO - 📥 Received: page:movie_detail
[2025-05-22T00:07:44.364+0000] {logging_mixin.py:190} INFO - 📥 Received: page:movie_detail
[2025-05-22T00:07:44.364+0000] {logging_mixin.py:190} INFO - 📥 Received: page:movie_detail
[2025-05-22T00:07:44.365+0000] {logging_mixin.py:190} INFO - 📥 Received: page:movie_detail
[2025-05-22T00:07:44.365+0000] {logging_mixin.py:190} INFO - 📥 Received: page:movie_detail
[2025-05-22T00:07:44.366+0000] {logging_mixin.py:190} INFO - 📥 Received: page:movie_detail
[2025-05-22T00:07:44.366+0000] {logging_mixin.py:190} INFO - 📥 Received: page:movie_detail
[2025-05-22T00:07:44.367+0000] {logging_mixin.py:190} INFO - 📥 Received: page:movie_detail
[2025-05-22T00:07:44.367+0000] {logging_mixin.py:190} INFO - 📥 Received: page:movie_detail
[2025-05-22T00:07:44.368+0000] {logging_mixin.py:190} INFO - 📥 Received: page:movie_detail
[2025-05-22T00:07:44.368+0000] {logging_mixin.py:190} INFO - 📥 Received: page:movie_detail
[2025-05-22T00:07:44.369+0000] {logging_mixin.py:190} INFO - 📥 Received: page:main
[2025-05-22T00:07:44.369+0000] {logging_mixin.py:190} INFO - 📥 Received: page:movie_detail
[2025-05-22T00:07:44.370+0000] {logging_mixin.py:190} INFO - 📥 Received: page:movie_detail
[2025-05-22T00:07:44.370+0000] {logging_mixin.py:190} INFO - 📥 Received: page:movie_detail
[2025-05-22T00:07:44.371+0000] {logging_mixin.py:190} INFO - 📥 Received: page:movie_detail
[2025-05-22T00:07:44.371+0000] {logging_mixin.py:190} INFO - 📥 Received: page:movie_detail
[2025-05-22T00:07:44.372+0000] {logging_mixin.py:190} INFO - 📥 Received: page:movie_detail
[2025-05-22T00:07:44.372+0000] {logging_mixin.py:190} INFO - 📥 Received: page:movie_detail
[2025-05-22T00:07:44.373+0000] {logging_mixin.py:190} INFO - 📥 Received: page:main
[2025-05-22T00:07:44.373+0000] {logging_mixin.py:190} INFO - 📥 Received: page:movie_detail
[2025-05-22T00:07:44.374+0000] {logging_mixin.py:190} INFO - 📥 Received: page:main
[2025-05-22T00:07:44.374+0000] {logging_mixin.py:190} INFO - 📥 Received: page:movie_detail
[2025-05-22T00:07:44.375+0000] {logging_mixin.py:190} INFO - 📥 Received: page:main
[2025-05-22T00:07:44.375+0000] {logging_mixin.py:190} INFO - 📥 Received: page:movie_detail
[2025-05-22T00:07:44.376+0000] {logging_mixin.py:190} INFO - 📥 Received: page:movie_detail
[2025-05-22T00:07:44.376+0000] {logging_mixin.py:190} INFO - 📥 Received: page:movie_detail
[2025-05-22T00:07:44.377+0000] {logging_mixin.py:190} INFO - 📥 Received: page:movie_detail
[2025-05-22T00:07:44.377+0000] {logging_mixin.py:190} INFO - 📥 Received: page:movie_detail
[2025-05-22T00:07:44.378+0000] {logging_mixin.py:190} INFO - 📥 Received: page:movie_detail
[2025-05-22T00:07:44.378+0000] {logging_mixin.py:190} INFO - 📥 Received: page:movie_detail
[2025-05-22T00:07:44.379+0000] {logging_mixin.py:190} INFO - 📥 Received: page:movie_detail
[2025-05-22T00:07:44.379+0000] {logging_mixin.py:190} INFO - 📥 Received: page:movie_detail
[2025-05-22T00:07:44.380+0000] {logging_mixin.py:190} INFO - 📥 Received: page:movie_detail
[2025-05-22T00:07:44.380+0000] {logging_mixin.py:190} INFO - 📥 Received: page:movie_detail
[2025-05-22T00:07:44.381+0000] {logging_mixin.py:190} INFO - 📥 Received: page:movie_detail
[2025-05-22T00:07:44.381+0000] {logging_mixin.py:190} INFO - 📥 Received: page:movie_detail
[2025-05-22T00:07:44.382+0000] {logging_mixin.py:190} INFO - 📥 Received: page:movie_detail
[2025-05-22T00:07:44.382+0000] {logging_mixin.py:190} INFO - 📥 Received: page:movie_detail
[2025-05-22T00:07:44.383+0000] {logging_mixin.py:190} INFO - 📥 Received: page:main
[2025-05-22T00:07:44.383+0000] {logging_mixin.py:190} INFO - 📥 Received: page:main
[2025-05-22T00:07:44.384+0000] {logging_mixin.py:190} INFO - 📥 Received: page:movie_detail
[2025-05-22T00:07:44.384+0000] {logging_mixin.py:190} INFO - 📥 Received: page:movie_detail
[2025-05-22T00:07:44.384+0000] {logging_mixin.py:190} INFO - 📥 Received: page:movie_detail
[2025-05-22T00:07:44.385+0000] {logging_mixin.py:190} INFO - 📥 Received: page:movie_detail
[2025-05-22T00:07:44.385+0000] {logging_mixin.py:190} INFO - 📥 Received: page:main
[2025-05-22T00:07:44.386+0000] {logging_mixin.py:190} INFO - 📥 Received: page:movie_detail
[2025-05-22T00:07:44.386+0000] {logging_mixin.py:190} INFO - 📥 Received: page:movie_detail
[2025-05-22T00:07:44.387+0000] {logging_mixin.py:190} INFO - 📥 Received: page:movie_detail
[2025-05-22T00:07:44.387+0000] {logging_mixin.py:190} INFO - 📥 Received: page:main
[2025-05-22T00:07:44.388+0000] {logging_mixin.py:190} INFO - 📥 Received: page:movie_detail
[2025-05-22T00:07:44.388+0000] {logging_mixin.py:190} INFO - 📥 Received: page:movie_detail
[2025-05-22T00:07:44.389+0000] {logging_mixin.py:190} INFO - 📥 Received: page:movie_detail
[2025-05-22T00:07:44.389+0000] {logging_mixin.py:190} INFO - 📥 Received: page:movie_detail
[2025-05-22T00:07:44.390+0000] {logging_mixin.py:190} INFO - 📥 Received: page:movie_detail
[2025-05-22T00:07:44.390+0000] {logging_mixin.py:190} INFO - 📥 Received: page:movie_detail
[2025-05-22T00:07:44.391+0000] {logging_mixin.py:190} INFO - 📥 Received: page:movie_detail
[2025-05-22T00:07:44.391+0000] {logging_mixin.py:190} INFO - 📥 Received: page:main
[2025-05-22T00:07:44.392+0000] {logging_mixin.py:190} INFO - 📥 Received: page:movie_detail
[2025-05-22T00:07:44.392+0000] {logging_mixin.py:190} INFO - 📥 Received: page:main
[2025-05-22T00:07:44.392+0000] {logging_mixin.py:190} INFO - 📥 Received: page:movie_detail
[2025-05-22T00:07:44.393+0000] {logging_mixin.py:190} INFO - 📥 Received: page:main
[2025-05-22T00:07:44.393+0000] {logging_mixin.py:190} INFO - 📥 Received: page:movie_detail
[2025-05-22T00:07:44.394+0000] {logging_mixin.py:190} INFO - 📥 Received: page:movie_detail
[2025-05-22T00:07:44.394+0000] {logging_mixin.py:190} INFO - 📥 Received: page:main
[2025-05-22T00:07:44.395+0000] {logging_mixin.py:190} INFO - 📥 Received: page:movie_detail
[2025-05-22T00:07:44.395+0000] {logging_mixin.py:190} INFO - 📥 Received: page:movie_detail
[2025-05-22T00:07:44.396+0000] {logging_mixin.py:190} INFO - 📥 Received: page:movie_detail
[2025-05-22T00:07:44.396+0000] {logging_mixin.py:190} INFO - 📥 Received: page:movie_detail
[2025-05-22T00:07:44.397+0000] {logging_mixin.py:190} INFO - 📥 Received: page:movie_detail
[2025-05-22T00:07:44.397+0000] {logging_mixin.py:190} INFO - 📥 Received: page:movie_detail
[2025-05-22T00:07:44.398+0000] {logging_mixin.py:190} INFO - 📥 Received: page:movie_detail
[2025-05-22T00:07:44.398+0000] {logging_mixin.py:190} INFO - 📥 Received: page:main
[2025-05-22T00:07:44.399+0000] {logging_mixin.py:190} INFO - 📥 Received: page:movie_detail
[2025-05-22T00:07:44.399+0000] {logging_mixin.py:190} INFO - 📥 Received: page:main
[2025-05-22T00:07:44.400+0000] {logging_mixin.py:190} INFO - 📥 Received: page:movie_detail
[2025-05-22T00:07:44.400+0000] {logging_mixin.py:190} INFO - 📥 Received: page:movie_detail
[2025-05-22T00:07:44.401+0000] {logging_mixin.py:190} INFO - 📥 Received: page:main
[2025-05-22T00:07:44.401+0000] {logging_mixin.py:190} INFO - 📥 Received: page:movie_detail
[2025-05-22T00:07:44.402+0000] {logging_mixin.py:190} INFO - 📥 Received: page:movie_detail
[2025-05-22T00:07:44.402+0000] {logging_mixin.py:190} INFO - 📥 Received: page:movie_detail
[2025-05-22T00:07:44.403+0000] {logging_mixin.py:190} INFO - 📥 Received: page:movie_detail
[2025-05-22T00:07:44.403+0000] {logging_mixin.py:190} INFO - 📥 Received: page:movie_detail
[2025-05-22T00:07:44.404+0000] {logging_mixin.py:190} INFO - 📥 Received: page:movie_detail
[2025-05-22T00:07:44.404+0000] {logging_mixin.py:190} INFO - 📥 Received: page:movie_detail
[2025-05-22T00:07:44.405+0000] {logging_mixin.py:190} INFO - 📥 Received: page:movie_detail
[2025-05-22T00:07:44.405+0000] {logging_mixin.py:190} INFO - 📥 Received: page:main
[2025-05-22T00:07:44.406+0000] {logging_mixin.py:190} INFO - 📥 Received: page:movie_detail
[2025-05-22T00:07:44.407+0000] {logging_mixin.py:190} INFO - 📥 Received: page:main
[2025-05-22T00:07:44.407+0000] {logging_mixin.py:190} INFO - 📥 Received: page:movie_detail
[2025-05-22T00:07:44.408+0000] {logging_mixin.py:190} INFO - 📥 Received: page:movie_detail
[2025-05-22T00:07:44.408+0000] {logging_mixin.py:190} INFO - 📥 Received: page:movie_detail
[2025-05-22T00:07:44.409+0000] {logging_mixin.py:190} INFO - 📥 Received: page:movie_detail
[2025-05-22T00:07:44.409+0000] {logging_mixin.py:190} INFO - 📥 Received: page:movie_detail
[2025-05-22T00:07:44.410+0000] {logging_mixin.py:190} INFO - 📥 Received: page:movie_detail
[2025-05-22T00:07:44.410+0000] {logging_mixin.py:190} INFO - 📥 Received: page:main
[2025-05-22T00:07:44.411+0000] {logging_mixin.py:190} INFO - 📥 Received: page:movie_detail
[2025-05-22T00:07:44.411+0000] {logging_mixin.py:190} INFO - 📥 Received: page:main
[2025-05-22T00:07:44.412+0000] {logging_mixin.py:190} INFO - 📥 Received: page:main
[2025-05-22T00:07:44.412+0000] {logging_mixin.py:190} INFO - 📥 Received: page:movie_detail
[2025-05-22T00:07:44.412+0000] {logging_mixin.py:190} INFO - 📥 Received: page:movie_detail
[2025-05-22T00:07:44.413+0000] {logging_mixin.py:190} INFO - 📥 Received: page:movie_detail
[2025-05-22T00:07:44.413+0000] {logging_mixin.py:190} INFO - 📥 Received: page:movie_detail
[2025-05-22T00:07:44.414+0000] {logging_mixin.py:190} INFO - 📥 Received: page:movie_detail
[2025-05-22T00:07:44.414+0000] {logging_mixin.py:190} INFO - 📥 Received: page:movie_detail
[2025-05-22T00:07:44.415+0000] {logging_mixin.py:190} INFO - 📥 Received: page:movie_detail
[2025-05-22T00:07:44.415+0000] {logging_mixin.py:190} INFO - 📥 Received: page:movie_detail
[2025-05-22T00:07:44.416+0000] {logging_mixin.py:190} INFO - 📥 Received: page:movie_detail
[2025-05-22T00:07:44.416+0000] {logging_mixin.py:190} INFO - 📥 Received: page:movie_detail
[2025-05-22T00:07:44.417+0000] {logging_mixin.py:190} INFO - 📥 Received: page:movie_detail
[2025-05-22T00:07:44.417+0000] {logging_mixin.py:190} INFO - 📥 Received: page:movie_detail
[2025-05-22T00:07:44.418+0000] {logging_mixin.py:190} INFO - 📥 Received: page:movie_detail
[2025-05-22T00:07:44.418+0000] {logging_mixin.py:190} INFO - 📥 Received: page:movie_detail
[2025-05-22T00:07:44.419+0000] {logging_mixin.py:190} INFO - 📥 Received: page:movie_detail
[2025-05-22T00:07:44.419+0000] {logging_mixin.py:190} INFO - 📥 Received: page:movie_detail
[2025-05-22T00:07:44.420+0000] {logging_mixin.py:190} INFO - 📥 Received: page:main
[2025-05-22T00:07:44.420+0000] {logging_mixin.py:190} INFO - 📥 Received: page:main
[2025-05-22T00:07:44.421+0000] {logging_mixin.py:190} INFO - 📥 Received: page:movie_detail
[2025-05-22T00:07:44.421+0000] {logging_mixin.py:190} INFO - 📥 Received: page:movie_detail
[2025-05-22T00:07:44.422+0000] {logging_mixin.py:190} INFO - 📥 Received: page:movie_detail
[2025-05-22T00:07:44.422+0000] {logging_mixin.py:190} INFO - 📥 Received: page:movie_detail
[2025-05-22T00:07:44.422+0000] {logging_mixin.py:190} INFO - 📥 Received: page:movie_detail
[2025-05-22T00:07:44.423+0000] {logging_mixin.py:190} INFO - 📥 Received: page:movie_detail
[2025-05-22T00:07:44.423+0000] {logging_mixin.py:190} INFO - 📥 Received: page:main
[2025-05-22T00:07:44.424+0000] {logging_mixin.py:190} INFO - 📥 Received: page:main
[2025-05-22T00:07:44.424+0000] {logging_mixin.py:190} INFO - 📥 Received: page:main
[2025-05-22T00:07:44.425+0000] {logging_mixin.py:190} INFO - 📥 Received: page:movie_detail
[2025-05-22T00:07:44.425+0000] {logging_mixin.py:190} INFO - 📥 Received: page:movie_detail
[2025-05-22T00:07:44.426+0000] {logging_mixin.py:190} INFO - 📥 Received: page:main
[2025-05-22T00:07:44.426+0000] {logging_mixin.py:190} INFO - 📥 Received: page:main
[2025-05-22T00:07:44.426+0000] {logging_mixin.py:190} INFO - 📥 Received: page:movie_detail
[2025-05-22T00:07:44.427+0000] {logging_mixin.py:190} INFO - 📥 Received: page:movie_detail
[2025-05-22T00:07:44.427+0000] {logging_mixin.py:190} INFO - 📥 Received: page:main
[2025-05-22T00:07:44.428+0000] {logging_mixin.py:190} INFO - 📥 Received: page:movie_detail
[2025-05-22T00:07:44.428+0000] {logging_mixin.py:190} INFO - 📥 Received: page:movie_detail
[2025-05-22T00:07:44.429+0000] {logging_mixin.py:190} INFO - 📥 Received: page:movie_detail
[2025-05-22T00:07:44.429+0000] {logging_mixin.py:190} INFO - 📥 Received: page:movie_detail
[2025-05-22T00:07:44.430+0000] {logging_mixin.py:190} INFO - 📥 Received: page:movie_detail
[2025-05-22T00:07:44.430+0000] {logging_mixin.py:190} INFO - 📥 Received: page:main
[2025-05-22T00:07:44.430+0000] {logging_mixin.py:190} INFO - 📥 Received: page:movie_detail
[2025-05-22T00:07:44.431+0000] {logging_mixin.py:190} INFO - 📥 Received: page:movie_detail
[2025-05-22T00:07:44.431+0000] {logging_mixin.py:190} INFO - 📥 Received: page:movie_detail
[2025-05-22T00:07:44.432+0000] {logging_mixin.py:190} INFO - 📥 Received: page:movie_detail
[2025-05-22T00:07:44.432+0000] {logging_mixin.py:190} INFO - 📥 Received: page:movie_detail
[2025-05-22T00:07:44.433+0000] {logging_mixin.py:190} INFO - 📥 Received: page:main
[2025-05-22T00:07:44.433+0000] {logging_mixin.py:190} INFO - 📥 Received: page:movie_detail
[2025-05-22T00:07:44.434+0000] {logging_mixin.py:190} INFO - 📥 Received: page:movie_detail
[2025-05-22T00:07:44.434+0000] {logging_mixin.py:190} INFO - 📥 Received: page:main
[2025-05-22T00:07:44.434+0000] {logging_mixin.py:190} INFO - 📥 Received: page:movie_detail
[2025-05-22T00:07:44.435+0000] {logging_mixin.py:190} INFO - 📥 Received: page:movie_detail
[2025-05-22T00:07:44.435+0000] {logging_mixin.py:190} INFO - 📥 Received: page:main
[2025-05-22T00:07:44.436+0000] {logging_mixin.py:190} INFO - 📥 Received: page:movie_detail
[2025-05-22T00:07:44.436+0000] {logging_mixin.py:190} INFO - 📥 Received: page:movie_detail
[2025-05-22T00:07:44.437+0000] {logging_mixin.py:190} INFO - 📥 Received: page:main
[2025-05-22T00:07:44.437+0000] {logging_mixin.py:190} INFO - 📥 Received: page:movie_detail
[2025-05-22T00:07:44.438+0000] {logging_mixin.py:190} INFO - 📥 Received: page:movie_detail
[2025-05-22T00:07:44.438+0000] {logging_mixin.py:190} INFO - 📥 Received: page:main
[2025-05-22T00:07:44.438+0000] {logging_mixin.py:190} INFO - 📥 Received: page:movie_detail
[2025-05-22T00:07:44.439+0000] {logging_mixin.py:190} INFO - 📥 Received: page:movie_detail
[2025-05-22T00:07:44.439+0000] {logging_mixin.py:190} INFO - 📥 Received: page:movie_detail
[2025-05-22T00:07:44.440+0000] {logging_mixin.py:190} INFO - 📥 Received: page:movie_detail
[2025-05-22T00:07:44.440+0000] {logging_mixin.py:190} INFO - 📥 Received: page:movie_detail
[2025-05-22T00:07:44.441+0000] {logging_mixin.py:190} INFO - 📥 Received: page:movie_detail
[2025-05-22T00:07:44.441+0000] {logging_mixin.py:190} INFO - 📥 Received: page:main
[2025-05-22T00:07:44.442+0000] {logging_mixin.py:190} INFO - 📥 Received: page:movie_detail
[2025-05-22T00:07:44.442+0000] {logging_mixin.py:190} INFO - 📥 Received: page:movie_detail
[2025-05-22T00:07:44.442+0000] {logging_mixin.py:190} INFO - 📥 Received: page:main
[2025-05-22T00:07:44.443+0000] {logging_mixin.py:190} INFO - 📥 Received: page:main
[2025-05-22T00:07:44.443+0000] {logging_mixin.py:190} INFO - 📥 Received: page:main
[2025-05-22T00:07:44.444+0000] {logging_mixin.py:190} INFO - 📥 Received: page:main
[2025-05-22T00:07:44.444+0000] {logging_mixin.py:190} INFO - 📥 Received: page:main
[2025-05-22T00:07:44.445+0000] {logging_mixin.py:190} INFO - 📥 Received: page:main
[2025-05-22T00:07:44.445+0000] {logging_mixin.py:190} INFO - 📥 Received: page:movie_detail
[2025-05-22T00:07:44.445+0000] {logging_mixin.py:190} INFO - 📥 Received: page:main
[2025-05-22T00:07:44.446+0000] {logging_mixin.py:190} INFO - 📥 Received: page:main
[2025-05-22T00:07:44.446+0000] {logging_mixin.py:190} INFO - 📥 Received: page:movie_detail
[2025-05-22T00:07:44.447+0000] {logging_mixin.py:190} INFO - 📥 Received: page:movie_detail
[2025-05-22T00:07:44.447+0000] {logging_mixin.py:190} INFO - 📥 Received: page:movie_detail
[2025-05-22T00:07:44.448+0000] {logging_mixin.py:190} INFO - 📥 Received: page:main
[2025-05-22T00:07:44.448+0000] {logging_mixin.py:190} INFO - 📥 Received: page:movie_detail
[2025-05-22T00:07:44.449+0000] {logging_mixin.py:190} INFO - 📥 Received: page:main
[2025-05-22T00:07:44.449+0000] {logging_mixin.py:190} INFO - 📥 Received: page:movie_detail
[2025-05-22T00:07:44.449+0000] {logging_mixin.py:190} INFO - 📥 Received: page:movie_detail
[2025-05-22T00:07:44.450+0000] {logging_mixin.py:190} INFO - 📥 Received: page:main
[2025-05-22T00:07:44.450+0000] {logging_mixin.py:190} INFO - 📥 Received: page:movie_detail
[2025-05-22T00:07:44.451+0000] {logging_mixin.py:190} INFO - 📥 Received: page:movie_detail
[2025-05-22T00:07:44.451+0000] {logging_mixin.py:190} INFO - 📥 Received: page:movie_detail
[2025-05-22T00:07:44.452+0000] {logging_mixin.py:190} INFO - 📥 Received: page:main
[2025-05-22T00:07:44.452+0000] {logging_mixin.py:190} INFO - 📥 Received: page:main
[2025-05-22T00:07:44.452+0000] {logging_mixin.py:190} INFO - 📥 Received: page:movie_detail
[2025-05-22T00:07:44.453+0000] {logging_mixin.py:190} INFO - 📥 Received: page:movie_detail
[2025-05-22T00:07:44.453+0000] {logging_mixin.py:190} INFO - 📥 Received: page:movie_detail
[2025-05-22T00:07:44.454+0000] {logging_mixin.py:190} INFO - 📥 Received: page:movie_detail
[2025-05-22T00:07:44.454+0000] {logging_mixin.py:190} INFO - 📥 Received: page:movie_detail
[2025-05-22T00:07:44.455+0000] {logging_mixin.py:190} INFO - 📥 Received: page:movie_detail
[2025-05-22T00:07:44.455+0000] {logging_mixin.py:190} INFO - 📥 Received: page:main
[2025-05-22T00:07:44.455+0000] {logging_mixin.py:190} INFO - 📥 Received: page:movie_detail
[2025-05-22T00:07:44.456+0000] {logging_mixin.py:190} INFO - 📥 Received: page:main
[2025-05-22T00:07:44.456+0000] {logging_mixin.py:190} INFO - 📥 Received: page:main
[2025-05-22T00:07:44.457+0000] {logging_mixin.py:190} INFO - 📥 Received: page:movie_detail
[2025-05-22T00:07:44.457+0000] {logging_mixin.py:190} INFO - 📥 Received: page:movie_detail
[2025-05-22T00:07:44.458+0000] {logging_mixin.py:190} INFO - 📥 Received: page:movie_detail
[2025-05-22T00:07:44.458+0000] {logging_mixin.py:190} INFO - 📥 Received: page:movie_detail
[2025-05-22T00:07:44.458+0000] {logging_mixin.py:190} INFO - 📥 Received: page:movie_detail
[2025-05-22T00:07:44.459+0000] {logging_mixin.py:190} INFO - 📥 Received: page:movie_detail
[2025-05-22T00:07:44.459+0000] {logging_mixin.py:190} INFO - 📥 Received: page:main
[2025-05-22T00:07:44.460+0000] {logging_mixin.py:190} INFO - 📥 Received: page:movie_detail
[2025-05-22T00:07:44.460+0000] {logging_mixin.py:190} INFO - 📥 Received: page:movie_detail
[2025-05-22T00:07:44.461+0000] {logging_mixin.py:190} INFO - 📥 Received: page:movie_detail
[2025-05-22T00:07:44.461+0000] {logging_mixin.py:190} INFO - 📥 Received: page:main
[2025-05-22T00:07:44.462+0000] {logging_mixin.py:190} INFO - 📥 Received: page:movie_detail
[2025-05-22T00:07:44.462+0000] {logging_mixin.py:190} INFO - 📥 Received: page:movie_detail
[2025-05-22T00:07:44.463+0000] {logging_mixin.py:190} INFO - 📥 Received: page:movie_detail
[2025-05-22T00:07:44.463+0000] {logging_mixin.py:190} INFO - 📥 Received: page:main
[2025-05-22T00:07:44.464+0000] {logging_mixin.py:190} INFO - 📥 Received: page:movie_detail
[2025-05-22T00:07:44.464+0000] {logging_mixin.py:190} INFO - 📥 Received: page:movie_detail
[2025-05-22T00:07:44.465+0000] {logging_mixin.py:190} INFO - 📥 Received: page:main
[2025-05-22T00:07:44.465+0000] {logging_mixin.py:190} INFO - 📥 Received: page:main
[2025-05-22T00:07:44.466+0000] {logging_mixin.py:190} INFO - 📥 Received: page:main
[2025-05-22T00:07:44.466+0000] {logging_mixin.py:190} INFO - 📥 Received: page:movie_detail
[2025-05-22T00:07:44.467+0000] {logging_mixin.py:190} INFO - 📥 Received: page:movie_detail
[2025-05-22T00:07:44.467+0000] {logging_mixin.py:190} INFO - 📥 Received: page:movie_detail
[2025-05-22T00:07:44.468+0000] {logging_mixin.py:190} INFO - 📥 Received: page:movie_detail
[2025-05-22T00:07:44.468+0000] {logging_mixin.py:190} INFO - 📥 Received: page:main
[2025-05-22T00:07:44.469+0000] {logging_mixin.py:190} INFO - 📥 Received: page:main
[2025-05-22T00:07:44.469+0000] {logging_mixin.py:190} INFO - 📥 Received: page:movie_detail
[2025-05-22T00:07:44.470+0000] {logging_mixin.py:190} INFO - 📥 Received: page:movie_detail
[2025-05-22T00:07:44.470+0000] {logging_mixin.py:190} INFO - 📥 Received: page:movie_detail
[2025-05-22T00:07:44.471+0000] {logging_mixin.py:190} INFO - 📥 Received: page:movie_detail
[2025-05-22T00:07:44.471+0000] {logging_mixin.py:190} INFO - 📥 Received: page:main
[2025-05-22T00:07:44.472+0000] {logging_mixin.py:190} INFO - 📥 Received: page:movie_detail
[2025-05-22T00:07:44.472+0000] {logging_mixin.py:190} INFO - 📥 Received: page:movie_detail
[2025-05-22T00:07:44.473+0000] {logging_mixin.py:190} INFO - 📥 Received: page:movie_detail
[2025-05-22T00:07:44.473+0000] {logging_mixin.py:190} INFO - 📥 Received: page:movie_detail
[2025-05-22T00:07:44.474+0000] {logging_mixin.py:190} INFO - 📥 Received: page:movie_detail
[2025-05-22T00:07:44.474+0000] {logging_mixin.py:190} INFO - 📥 Received: page:movie_detail
[2025-05-22T00:07:44.475+0000] {logging_mixin.py:190} INFO - 📥 Received: page:movie_detail
[2025-05-22T00:07:44.475+0000] {logging_mixin.py:190} INFO - 📥 Received: page:main
[2025-05-22T00:07:44.476+0000] {logging_mixin.py:190} INFO - 📥 Received: page:movie_detail
[2025-05-22T00:07:44.476+0000] {logging_mixin.py:190} INFO - 📥 Received: page:movie_detail
[2025-05-22T00:07:44.477+0000] {logging_mixin.py:190} INFO - 📥 Received: page:movie_detail
[2025-05-22T00:07:44.477+0000] {logging_mixin.py:190} INFO - 📥 Received: page:main
[2025-05-22T00:07:44.478+0000] {logging_mixin.py:190} INFO - 📥 Received: page:movie_detail
[2025-05-22T00:07:44.478+0000] {logging_mixin.py:190} INFO - 📥 Received: page:movie_detail
[2025-05-22T00:07:44.479+0000] {logging_mixin.py:190} INFO - 📥 Received: page:main
[2025-05-22T00:07:44.479+0000] {logging_mixin.py:190} INFO - 📥 Received: page:movie_detail
[2025-05-22T00:07:44.480+0000] {logging_mixin.py:190} INFO - 📥 Received: page:movie_detail
[2025-05-22T00:07:44.480+0000] {logging_mixin.py:190} INFO - 📥 Received: page:movie_detail
[2025-05-22T00:07:44.481+0000] {logging_mixin.py:190} INFO - 📥 Received: page:main
[2025-05-22T00:07:44.481+0000] {logging_mixin.py:190} INFO - 📥 Received: page:movie_detail
[2025-05-22T00:07:44.482+0000] {logging_mixin.py:190} INFO - 📥 Received: page:movie_detail
[2025-05-22T00:07:44.482+0000] {logging_mixin.py:190} INFO - 📥 Received: page:movie_detail
[2025-05-22T00:07:44.483+0000] {logging_mixin.py:190} INFO - 📥 Received: page:movie_detail
[2025-05-22T00:07:44.483+0000] {logging_mixin.py:190} INFO - 📥 Received: page:movie_detail
[2025-05-22T00:07:44.483+0000] {logging_mixin.py:190} INFO - 📥 Received: page:movie_detail
[2025-05-22T00:07:44.484+0000] {logging_mixin.py:190} INFO - 📥 Received: page:movie_detail
[2025-05-22T00:07:44.484+0000] {logging_mixin.py:190} INFO - 📥 Received: page:movie_detail
[2025-05-22T00:07:44.485+0000] {logging_mixin.py:190} INFO - 📥 Received: page:movie_detail
[2025-05-22T00:07:44.485+0000] {logging_mixin.py:190} INFO - 📥 Received: page:main
[2025-05-22T00:07:44.486+0000] {logging_mixin.py:190} INFO - 📥 Received: page:movie_detail
[2025-05-22T00:07:44.486+0000] {logging_mixin.py:190} INFO - 📥 Received: page:movie_detail
[2025-05-22T00:07:44.486+0000] {logging_mixin.py:190} INFO - 📥 Received: page:movie_detail
[2025-05-22T00:07:44.487+0000] {logging_mixin.py:190} INFO - 📥 Received: page:movie_detail
[2025-05-22T00:07:44.487+0000] {logging_mixin.py:190} INFO - 📥 Received: page:movie_detail
[2025-05-22T00:07:44.488+0000] {logging_mixin.py:190} INFO - 📥 Received: page:movie_detail
[2025-05-22T00:07:44.488+0000] {logging_mixin.py:190} INFO - 📥 Received: page:movie_detail
[2025-05-22T00:07:44.489+0000] {logging_mixin.py:190} INFO - 📥 Received: page:movie_detail
[2025-05-22T00:07:44.489+0000] {logging_mixin.py:190} INFO - 📥 Received: page:movie_detail
[2025-05-22T00:07:44.489+0000] {logging_mixin.py:190} INFO - 📥 Received: page:movie_detail
[2025-05-22T00:07:44.490+0000] {logging_mixin.py:190} INFO - 📥 Received: page:main
[2025-05-22T00:07:44.490+0000] {logging_mixin.py:190} INFO - 📥 Received: page:movie_detail
[2025-05-22T00:07:44.491+0000] {logging_mixin.py:190} INFO - 📥 Received: page:main
[2025-05-22T00:07:44.491+0000] {logging_mixin.py:190} INFO - 📥 Received: page:movie_detail
[2025-05-22T00:07:44.491+0000] {logging_mixin.py:190} INFO - 📥 Received: page:main
[2025-05-22T00:07:44.492+0000] {logging_mixin.py:190} INFO - 📥 Received: page:movie_detail
[2025-05-22T00:07:44.492+0000] {logging_mixin.py:190} INFO - 📥 Received: page:main
[2025-05-22T00:07:44.493+0000] {logging_mixin.py:190} INFO - 📥 Received: page:movie_detail
[2025-05-22T00:07:44.493+0000] {logging_mixin.py:190} INFO - 📥 Received: page:movie_detail
[2025-05-22T00:07:44.494+0000] {logging_mixin.py:190} INFO - 📥 Received: page:main
[2025-05-22T00:07:44.494+0000] {logging_mixin.py:190} INFO - 📥 Received: page:movie_detail
[2025-05-22T00:07:44.494+0000] {logging_mixin.py:190} INFO - 📥 Received: page:movie_detail
[2025-05-22T00:07:44.495+0000] {logging_mixin.py:190} INFO - 📥 Received: page:main
[2025-05-22T00:07:44.495+0000] {logging_mixin.py:190} INFO - 📥 Received: page:movie_detail
[2025-05-22T00:07:44.496+0000] {logging_mixin.py:190} INFO - 📥 Received: page:main
[2025-05-22T00:07:44.496+0000] {logging_mixin.py:190} INFO - 📥 Received: page:movie_detail
[2025-05-22T00:07:44.496+0000] {logging_mixin.py:190} INFO - 📥 Received: page:movie_detail
[2025-05-22T00:07:44.497+0000] {logging_mixin.py:190} INFO - 📥 Received: page:movie_detail
[2025-05-22T00:07:44.497+0000] {logging_mixin.py:190} INFO - 📥 Received: page:movie_detail
[2025-05-22T00:07:44.498+0000] {logging_mixin.py:190} INFO - 📥 Received: page:movie_detail
[2025-05-22T00:07:44.498+0000] {logging_mixin.py:190} INFO - 📥 Received: page:main
[2025-05-22T00:07:44.499+0000] {logging_mixin.py:190} INFO - 📥 Received: page:movie_detail
[2025-05-22T00:07:44.499+0000] {logging_mixin.py:190} INFO - 📥 Received: page:movie_detail
[2025-05-22T00:07:44.499+0000] {logging_mixin.py:190} INFO - 📥 Received: page:movie_detail
[2025-05-22T00:07:44.500+0000] {logging_mixin.py:190} INFO - 📥 Received: page:movie_detail
[2025-05-22T00:07:44.500+0000] {logging_mixin.py:190} INFO - 📥 Received: page:movie_detail
[2025-05-22T00:07:44.501+0000] {logging_mixin.py:190} INFO - 📥 Received: page:movie_detail
[2025-05-22T00:07:44.501+0000] {logging_mixin.py:190} INFO - 📥 Received: page:movie_detail
[2025-05-22T00:07:44.502+0000] {logging_mixin.py:190} INFO - 📥 Received: page:main
[2025-05-22T00:07:44.502+0000] {logging_mixin.py:190} INFO - 📥 Received: page:movie_detail
[2025-05-22T00:07:44.502+0000] {logging_mixin.py:190} INFO - 📥 Received: page:main
[2025-05-22T00:07:44.503+0000] {logging_mixin.py:190} INFO - 📥 Received: page:movie_detail
[2025-05-22T00:07:44.503+0000] {logging_mixin.py:190} INFO - 📥 Received: page:movie_detail
[2025-05-22T00:07:44.504+0000] {logging_mixin.py:190} INFO - 📥 Received: page:movie_detail
[2025-05-22T00:07:44.504+0000] {logging_mixin.py:190} INFO - 📥 Received: page:movie_detail
[2025-05-22T00:07:44.505+0000] {logging_mixin.py:190} INFO - 📥 Received: page:movie_detail
[2025-05-22T00:07:44.505+0000] {logging_mixin.py:190} INFO - 📥 Received: page:movie_detail
[2025-05-22T00:07:44.505+0000] {logging_mixin.py:190} INFO - 📥 Received: page:movie_detail
[2025-05-22T00:07:44.506+0000] {logging_mixin.py:190} INFO - 📥 Received: page:main
[2025-05-22T00:07:44.506+0000] {logging_mixin.py:190} INFO - 📥 Received: page:movie_detail
[2025-05-22T00:07:44.507+0000] {logging_mixin.py:190} INFO - 📥 Received: page:movie_detail
[2025-05-22T00:07:44.507+0000] {logging_mixin.py:190} INFO - 📥 Received: page:movie_detail
[2025-05-22T00:07:44.508+0000] {logging_mixin.py:190} INFO - 📥 Received: page:movie_detail
[2025-05-22T00:07:44.508+0000] {logging_mixin.py:190} INFO - 📥 Received: page:movie_detail
[2025-05-22T00:07:44.508+0000] {logging_mixin.py:190} INFO - 📥 Received: page:movie_detail
[2025-05-22T00:07:44.509+0000] {logging_mixin.py:190} INFO - 📥 Received: page:movie_detail
[2025-05-22T00:07:44.509+0000] {logging_mixin.py:190} INFO - 📥 Received: page:movie_detail
[2025-05-22T00:07:44.510+0000] {logging_mixin.py:190} INFO - 📥 Received: page:main
[2025-05-22T00:07:44.510+0000] {logging_mixin.py:190} INFO - 📥 Received: page:movie_detail
[2025-05-22T00:07:44.510+0000] {logging_mixin.py:190} INFO - 📥 Received: page:movie_detail
[2025-05-22T00:07:44.511+0000] {logging_mixin.py:190} INFO - 📥 Received: page:movie_detail
[2025-05-22T00:07:44.511+0000] {logging_mixin.py:190} INFO - 📥 Received: page:movie_detail
[2025-05-22T00:07:44.512+0000] {logging_mixin.py:190} INFO - 📥 Received: page:movie_detail
[2025-05-22T00:07:44.512+0000] {logging_mixin.py:190} INFO - 📥 Received: page:movie_detail
[2025-05-22T00:07:44.513+0000] {logging_mixin.py:190} INFO - 📥 Received: page:movie_detail
[2025-05-22T00:07:44.513+0000] {logging_mixin.py:190} INFO - 📥 Received: page:movie_detail
[2025-05-22T00:07:44.513+0000] {logging_mixin.py:190} INFO - 📥 Received: page:movie_detail
[2025-05-22T00:07:44.514+0000] {logging_mixin.py:190} INFO - 📥 Received: page:movie_detail
[2025-05-22T00:07:44.514+0000] {logging_mixin.py:190} INFO - 📥 Received: page:movie_detail
[2025-05-22T00:07:44.515+0000] {logging_mixin.py:190} INFO - 📥 Received: page:movie_detail
[2025-05-22T00:07:44.515+0000] {logging_mixin.py:190} INFO - 📥 Received: page:movie_detail
[2025-05-22T00:07:44.516+0000] {logging_mixin.py:190} INFO - 📥 Received: page:movie_detail
[2025-05-22T00:07:44.516+0000] {logging_mixin.py:190} INFO - 📥 Received: page:movie_detail
[2025-05-22T00:07:44.517+0000] {logging_mixin.py:190} INFO - 📥 Received: page:movie_detail
[2025-05-22T00:07:44.517+0000] {logging_mixin.py:190} INFO - 📥 Received: page:main
[2025-05-22T00:07:44.518+0000] {logging_mixin.py:190} INFO - 📥 Received: page:movie_detail
[2025-05-22T00:07:44.518+0000] {logging_mixin.py:190} INFO - 📥 Received: page:main
[2025-05-22T00:07:44.518+0000] {logging_mixin.py:190} INFO - 📥 Received: page:movie_detail
[2025-05-22T00:07:44.519+0000] {logging_mixin.py:190} INFO - 📥 Received: page:movie_detail
[2025-05-22T00:07:44.519+0000] {logging_mixin.py:190} INFO - 📥 Received: page:movie_detail
[2025-05-22T00:07:44.520+0000] {logging_mixin.py:190} INFO - 📥 Received: page:main
[2025-05-22T00:07:44.520+0000] {logging_mixin.py:190} INFO - 📥 Received: page:movie_detail
[2025-05-22T00:07:44.521+0000] {logging_mixin.py:190} INFO - 📥 Received: page:movie_detail
[2025-05-22T00:07:44.521+0000] {logging_mixin.py:190} INFO - 📥 Received: page:movie_detail
[2025-05-22T00:07:44.521+0000] {logging_mixin.py:190} INFO - 📥 Received: page:movie_detail
[2025-05-22T00:07:44.522+0000] {logging_mixin.py:190} INFO - 📥 Received: page:movie_detail
[2025-05-22T00:07:44.522+0000] {logging_mixin.py:190} INFO - 📥 Received: page:movie_detail
[2025-05-22T00:07:44.523+0000] {logging_mixin.py:190} INFO - 📥 Received: page:movie_detail
[2025-05-22T00:07:44.523+0000] {logging_mixin.py:190} INFO - ✅Minio connected
[2025-05-22T00:07:44.527+0000] {base.py:84} INFO - Retrieving connection 'minio'
[2025-05-22T00:07:44.527+0000] {connection_wrapper.py:388} INFO - AWS Connection (conn_id='minio', conn_type='aws') credentials retrieved from login and password.
[2025-05-22T00:07:44.636+0000] {logging_mixin.py:190} INFO - ✅ Bucket 'user-log-ml' already exists.
[2025-05-22T00:07:44.642+0000] {logging_mixin.py:190} INFO - ✅ File uploaded to MinIO: 2025-05-22_01-00-00.csv
[2025-05-22T00:07:44.642+0000] {base.py:748} INFO - Stopping heartbeat thread
[2025-05-22T00:07:44.642+0000] {base.py:773} INFO - Leaving consumer group (to).
[2025-05-22T00:07:44.643+0000] {conn.py:919} INFO - <BrokerConnection node_id=coordinator-1 host=172.16.24.224:9092 <connected> [IPv4 ('172.16.24.224', 9092)]>: Closing connection. 
[2025-05-22T00:07:44.643+0000] {conn.py:919} INFO - <BrokerConnection node_id=1 host=172.16.24.224:9092 <connected> [IPv4 ('172.16.24.224', 9092)]>: Closing connection. 
[2025-05-22T00:07:44.644+0000] {python.py:240} INFO - Done. Returned value was: None
[2025-05-22T00:07:44.647+0000] {taskinstance.py:340} INFO - ::group::Post task execution logs
[2025-05-22T00:07:44.648+0000] {taskinstance.py:352} INFO - Marking task as SUCCESS. dag_id=kafka_to_minio_to_spark, task_id=kafka_consumer, run_id=scheduled__2025-05-21T16:00:00+00:00, execution_date=20250521T160000, start_date=20250522T000740, end_date=20250522T000744
[2025-05-22T00:07:44.662+0000] {local_task_job_runner.py:266} INFO - Task exited with return code 0
[2025-05-22T00:07:44.672+0000] {taskinstance.py:3900} INFO - 1 downstream tasks scheduled from follow-on schedule check
[2025-05-22T00:07:44.673+0000] {local_task_job_runner.py:245} INFO - ::endgroup::
