[2025-05-22T10:33:20.852+0000] {local_task_job_runner.py:123} INFO - ::group::Pre task execution logs
[2025-05-22T10:33:20.857+0000] {taskinstance.py:2612} INFO - Dependencies all met for dep_context=non-requeueable deps ti=<TaskInstance: kafka_to_minio_to_spark.check_minio_file scheduled__2025-05-21T16:00:00+00:00 [queued]>
[2025-05-22T10:33:20.860+0000] {taskinstance.py:2612} INFO - Dependencies all met for dep_context=requeueable deps ti=<TaskInstance: kafka_to_minio_to_spark.check_minio_file scheduled__2025-05-21T16:00:00+00:00 [queued]>
[2025-05-22T10:33:20.860+0000] {taskinstance.py:2865} INFO - Starting attempt 7 of 8
[2025-05-22T10:33:20.864+0000] {taskinstance.py:2888} INFO - Executing <Task(S3KeySensor): check_minio_file> on 2025-05-21 16:00:00+00:00
[2025-05-22T10:33:20.866+0000] {standard_task_runner.py:72} INFO - Started process 223 to run task
[2025-05-22T10:33:20.867+0000] {standard_task_runner.py:104} INFO - Running: ['***', 'tasks', 'run', 'kafka_to_minio_to_spark', 'check_minio_file', 'scheduled__2025-05-21T16:00:00+00:00', '--job-id', '232', '--raw', '--subdir', 'DAGS_FOLDER/testlog_ml.py', '--cfg-path', '/tmp/tmp894nt04b']
[2025-05-22T10:33:20.868+0000] {standard_task_runner.py:105} INFO - Job 232: Subtask check_minio_file
[2025-05-22T10:33:20.885+0000] {task_command.py:467} INFO - Running <TaskInstance: kafka_to_minio_to_spark.check_minio_file scheduled__2025-05-21T16:00:00+00:00 [running]> on host fb2b30c0fd51
[2025-05-22T10:33:20.908+0000] {taskinstance.py:3131} INFO - Exporting env vars: AIRFLOW_CTX_DAG_OWNER='***' AIRFLOW_CTX_DAG_ID='kafka_to_minio_to_spark' AIRFLOW_CTX_TASK_ID='check_minio_file' AIRFLOW_CTX_EXECUTION_DATE='2025-05-21T16:00:00+00:00' AIRFLOW_CTX_TRY_NUMBER='7' AIRFLOW_CTX_DAG_RUN_ID='scheduled__2025-05-21T16:00:00+00:00'
[2025-05-22T10:33:20.909+0000] {taskinstance.py:731} INFO - ::endgroup::
[2025-05-22T10:33:20.913+0000] {baseoperator.py:405} WARNING - S3KeySensor.execute cannot be called outside TaskInstance!
[2025-05-22T10:33:20.913+0000] {s3.py:118} INFO - Poking for key : s3://user-log-ml/2025-05-21_*.csv
[2025-05-22T10:33:20.917+0000] {base.py:84} INFO - Retrieving connection 'minio'
[2025-05-22T10:33:20.917+0000] {connection_wrapper.py:388} INFO - AWS Connection (conn_id='minio', conn_type='aws') credentials retrieved from login and password.
[2025-05-22T10:33:26.105+0000] {s3.py:118} INFO - Poking for key : s3://user-log-ml/2025-05-21_*.csv
[2025-05-22T10:33:31.130+0000] {s3.py:118} INFO - Poking for key : s3://user-log-ml/2025-05-21_*.csv
[2025-05-22T10:33:36.156+0000] {s3.py:118} INFO - Poking for key : s3://user-log-ml/2025-05-21_*.csv
[2025-05-22T10:33:41.178+0000] {s3.py:118} INFO - Poking for key : s3://user-log-ml/2025-05-21_*.csv
[2025-05-22T10:33:46.208+0000] {s3.py:118} INFO - Poking for key : s3://user-log-ml/2025-05-21_*.csv
[2025-05-22T10:33:51.228+0000] {s3.py:118} INFO - Poking for key : s3://user-log-ml/2025-05-21_*.csv
[2025-05-22T10:33:56.251+0000] {s3.py:118} INFO - Poking for key : s3://user-log-ml/2025-05-21_*.csv
[2025-05-22T10:34:01.272+0000] {s3.py:118} INFO - Poking for key : s3://user-log-ml/2025-05-21_*.csv
[2025-05-22T10:34:06.300+0000] {s3.py:118} INFO - Poking for key : s3://user-log-ml/2025-05-21_*.csv
[2025-05-22T10:34:11.323+0000] {s3.py:118} INFO - Poking for key : s3://user-log-ml/2025-05-21_*.csv
[2025-05-22T10:34:16.345+0000] {s3.py:118} INFO - Poking for key : s3://user-log-ml/2025-05-21_*.csv
[2025-05-22T10:34:21.369+0000] {s3.py:118} INFO - Poking for key : s3://user-log-ml/2025-05-21_*.csv
[2025-05-22T10:34:26.392+0000] {s3.py:118} INFO - Poking for key : s3://user-log-ml/2025-05-21_*.csv
[2025-05-22T10:34:31.423+0000] {s3.py:118} INFO - Poking for key : s3://user-log-ml/2025-05-21_*.csv
[2025-05-22T10:34:36.446+0000] {s3.py:118} INFO - Poking for key : s3://user-log-ml/2025-05-21_*.csv
[2025-05-22T10:34:41.468+0000] {s3.py:118} INFO - Poking for key : s3://user-log-ml/2025-05-21_*.csv
[2025-05-22T10:34:46.498+0000] {s3.py:118} INFO - Poking for key : s3://user-log-ml/2025-05-21_*.csv
[2025-05-22T10:34:51.510+0000] {s3.py:118} INFO - Poking for key : s3://user-log-ml/2025-05-21_*.csv
[2025-05-22T10:34:56.534+0000] {s3.py:118} INFO - Poking for key : s3://user-log-ml/2025-05-21_*.csv
[2025-05-22T10:35:01.550+0000] {s3.py:118} INFO - Poking for key : s3://user-log-ml/2025-05-21_*.csv
[2025-05-22T10:35:06.568+0000] {s3.py:118} INFO - Poking for key : s3://user-log-ml/2025-05-21_*.csv
[2025-05-22T10:35:11.587+0000] {s3.py:118} INFO - Poking for key : s3://user-log-ml/2025-05-21_*.csv
[2025-05-22T10:35:16.609+0000] {s3.py:118} INFO - Poking for key : s3://user-log-ml/2025-05-21_*.csv
[2025-05-22T10:35:21.629+0000] {s3.py:118} INFO - Poking for key : s3://user-log-ml/2025-05-21_*.csv
[2025-05-22T10:35:26.646+0000] {s3.py:118} INFO - Poking for key : s3://user-log-ml/2025-05-21_*.csv
[2025-05-22T10:35:31.665+0000] {s3.py:118} INFO - Poking for key : s3://user-log-ml/2025-05-21_*.csv
[2025-05-22T10:35:36.694+0000] {s3.py:118} INFO - Poking for key : s3://user-log-ml/2025-05-21_*.csv
[2025-05-22T10:35:41.718+0000] {s3.py:118} INFO - Poking for key : s3://user-log-ml/2025-05-21_*.csv
[2025-05-22T10:35:46.740+0000] {s3.py:118} INFO - Poking for key : s3://user-log-ml/2025-05-21_*.csv
[2025-05-22T10:35:51.762+0000] {s3.py:118} INFO - Poking for key : s3://user-log-ml/2025-05-21_*.csv
[2025-05-22T10:35:56.784+0000] {s3.py:118} INFO - Poking for key : s3://user-log-ml/2025-05-21_*.csv
[2025-05-22T10:36:01.803+0000] {s3.py:118} INFO - Poking for key : s3://user-log-ml/2025-05-21_*.csv
[2025-05-22T10:36:06.827+0000] {s3.py:118} INFO - Poking for key : s3://user-log-ml/2025-05-21_*.csv
[2025-05-22T10:36:11.849+0000] {s3.py:118} INFO - Poking for key : s3://user-log-ml/2025-05-21_*.csv
[2025-05-22T10:36:16.879+0000] {s3.py:118} INFO - Poking for key : s3://user-log-ml/2025-05-21_*.csv
[2025-05-22T10:36:21.902+0000] {s3.py:118} INFO - Poking for key : s3://user-log-ml/2025-05-21_*.csv
[2025-05-22T10:36:26.924+0000] {s3.py:118} INFO - Poking for key : s3://user-log-ml/2025-05-21_*.csv
[2025-05-22T10:36:31.954+0000] {s3.py:118} INFO - Poking for key : s3://user-log-ml/2025-05-21_*.csv
[2025-05-22T10:36:36.988+0000] {s3.py:118} INFO - Poking for key : s3://user-log-ml/2025-05-21_*.csv
[2025-05-22T10:36:42.014+0000] {s3.py:118} INFO - Poking for key : s3://user-log-ml/2025-05-21_*.csv
[2025-05-22T10:36:47.048+0000] {s3.py:118} INFO - Poking for key : s3://user-log-ml/2025-05-21_*.csv
[2025-05-22T10:36:52.083+0000] {s3.py:118} INFO - Poking for key : s3://user-log-ml/2025-05-21_*.csv
[2025-05-22T10:36:57.107+0000] {s3.py:118} INFO - Poking for key : s3://user-log-ml/2025-05-21_*.csv
[2025-05-22T10:37:02.129+0000] {s3.py:118} INFO - Poking for key : s3://user-log-ml/2025-05-21_*.csv
[2025-05-22T10:37:07.156+0000] {s3.py:118} INFO - Poking for key : s3://user-log-ml/2025-05-21_*.csv
[2025-05-22T10:37:12.183+0000] {s3.py:118} INFO - Poking for key : s3://user-log-ml/2025-05-21_*.csv
[2025-05-22T10:37:17.213+0000] {s3.py:118} INFO - Poking for key : s3://user-log-ml/2025-05-21_*.csv
[2025-05-22T10:37:22.239+0000] {s3.py:118} INFO - Poking for key : s3://user-log-ml/2025-05-21_*.csv
[2025-05-22T10:37:27.268+0000] {s3.py:118} INFO - Poking for key : s3://user-log-ml/2025-05-21_*.csv
[2025-05-22T10:37:32.298+0000] {s3.py:118} INFO - Poking for key : s3://user-log-ml/2025-05-21_*.csv
[2025-05-22T10:37:37.329+0000] {s3.py:118} INFO - Poking for key : s3://user-log-ml/2025-05-21_*.csv
[2025-05-22T10:37:42.353+0000] {s3.py:118} INFO - Poking for key : s3://user-log-ml/2025-05-21_*.csv
[2025-05-22T10:37:47.380+0000] {s3.py:118} INFO - Poking for key : s3://user-log-ml/2025-05-21_*.csv
[2025-05-22T10:37:52.407+0000] {s3.py:118} INFO - Poking for key : s3://user-log-ml/2025-05-21_*.csv
[2025-05-22T10:37:57.430+0000] {s3.py:118} INFO - Poking for key : s3://user-log-ml/2025-05-21_*.csv
[2025-05-22T10:38:02.448+0000] {s3.py:118} INFO - Poking for key : s3://user-log-ml/2025-05-21_*.csv
[2025-05-22T10:38:07.474+0000] {s3.py:118} INFO - Poking for key : s3://user-log-ml/2025-05-21_*.csv
[2025-05-22T10:38:12.505+0000] {s3.py:118} INFO - Poking for key : s3://user-log-ml/2025-05-21_*.csv
[2025-05-22T10:38:17.523+0000] {s3.py:118} INFO - Poking for key : s3://user-log-ml/2025-05-21_*.csv
[2025-05-22T10:38:22.548+0000] {s3.py:118} INFO - Poking for key : s3://user-log-ml/2025-05-21_*.csv
[2025-05-22T10:38:27.568+0000] {s3.py:118} INFO - Poking for key : s3://user-log-ml/2025-05-21_*.csv
[2025-05-22T10:38:32.590+0000] {s3.py:118} INFO - Poking for key : s3://user-log-ml/2025-05-21_*.csv
[2025-05-22T10:38:37.623+0000] {s3.py:118} INFO - Poking for key : s3://user-log-ml/2025-05-21_*.csv
[2025-05-22T10:38:42.648+0000] {s3.py:118} INFO - Poking for key : s3://user-log-ml/2025-05-21_*.csv
[2025-05-22T10:38:47.678+0000] {s3.py:118} INFO - Poking for key : s3://user-log-ml/2025-05-21_*.csv
[2025-05-22T10:38:52.706+0000] {s3.py:118} INFO - Poking for key : s3://user-log-ml/2025-05-21_*.csv
[2025-05-22T10:38:57.727+0000] {s3.py:118} INFO - Poking for key : s3://user-log-ml/2025-05-21_*.csv
[2025-05-22T10:39:02.756+0000] {s3.py:118} INFO - Poking for key : s3://user-log-ml/2025-05-21_*.csv
[2025-05-22T10:39:07.781+0000] {s3.py:118} INFO - Poking for key : s3://user-log-ml/2025-05-21_*.csv
[2025-05-22T10:39:12.809+0000] {s3.py:118} INFO - Poking for key : s3://user-log-ml/2025-05-21_*.csv
[2025-05-22T10:39:17.835+0000] {s3.py:118} INFO - Poking for key : s3://user-log-ml/2025-05-21_*.csv
[2025-05-22T10:39:22.857+0000] {s3.py:118} INFO - Poking for key : s3://user-log-ml/2025-05-21_*.csv
[2025-05-22T10:39:27.885+0000] {s3.py:118} INFO - Poking for key : s3://user-log-ml/2025-05-21_*.csv
[2025-05-22T10:39:32.906+0000] {s3.py:118} INFO - Poking for key : s3://user-log-ml/2025-05-21_*.csv
[2025-05-22T10:39:37.927+0000] {s3.py:118} INFO - Poking for key : s3://user-log-ml/2025-05-21_*.csv
[2025-05-22T10:39:42.950+0000] {s3.py:118} INFO - Poking for key : s3://user-log-ml/2025-05-21_*.csv
[2025-05-22T10:39:47.987+0000] {s3.py:118} INFO - Poking for key : s3://user-log-ml/2025-05-21_*.csv
[2025-05-22T10:39:53.001+0000] {s3.py:118} INFO - Poking for key : s3://user-log-ml/2025-05-21_*.csv
[2025-05-22T10:39:58.020+0000] {s3.py:118} INFO - Poking for key : s3://user-log-ml/2025-05-21_*.csv
[2025-05-22T10:40:03.040+0000] {s3.py:118} INFO - Poking for key : s3://user-log-ml/2025-05-21_*.csv
[2025-05-22T10:40:08.057+0000] {s3.py:118} INFO - Poking for key : s3://user-log-ml/2025-05-21_*.csv
[2025-05-22T10:40:13.081+0000] {s3.py:118} INFO - Poking for key : s3://user-log-ml/2025-05-21_*.csv
[2025-05-22T10:40:18.101+0000] {s3.py:118} INFO - Poking for key : s3://user-log-ml/2025-05-21_*.csv
[2025-05-22T10:40:23.125+0000] {s3.py:118} INFO - Poking for key : s3://user-log-ml/2025-05-21_*.csv
[2025-05-22T10:40:28.145+0000] {s3.py:118} INFO - Poking for key : s3://user-log-ml/2025-05-21_*.csv
[2025-05-22T10:40:33.161+0000] {s3.py:118} INFO - Poking for key : s3://user-log-ml/2025-05-21_*.csv
[2025-05-22T10:40:38.176+0000] {s3.py:118} INFO - Poking for key : s3://user-log-ml/2025-05-21_*.csv
[2025-05-22T10:40:43.200+0000] {s3.py:118} INFO - Poking for key : s3://user-log-ml/2025-05-21_*.csv
[2025-05-22T10:40:48.221+0000] {s3.py:118} INFO - Poking for key : s3://user-log-ml/2025-05-21_*.csv
[2025-05-22T10:40:53.249+0000] {s3.py:118} INFO - Poking for key : s3://user-log-ml/2025-05-21_*.csv
[2025-05-22T10:40:58.275+0000] {s3.py:118} INFO - Poking for key : s3://user-log-ml/2025-05-21_*.csv
[2025-05-22T10:41:03.308+0000] {s3.py:118} INFO - Poking for key : s3://user-log-ml/2025-05-21_*.csv
[2025-05-22T10:41:08.335+0000] {s3.py:118} INFO - Poking for key : s3://user-log-ml/2025-05-21_*.csv
[2025-05-22T10:41:13.352+0000] {s3.py:118} INFO - Poking for key : s3://user-log-ml/2025-05-21_*.csv
[2025-05-22T10:41:18.378+0000] {s3.py:118} INFO - Poking for key : s3://user-log-ml/2025-05-21_*.csv
[2025-05-22T10:41:23.404+0000] {s3.py:118} INFO - Poking for key : s3://user-log-ml/2025-05-21_*.csv
[2025-05-22T10:41:28.432+0000] {s3.py:118} INFO - Poking for key : s3://user-log-ml/2025-05-21_*.csv
[2025-05-22T10:41:33.460+0000] {s3.py:118} INFO - Poking for key : s3://user-log-ml/2025-05-21_*.csv
[2025-05-22T10:41:38.477+0000] {s3.py:118} INFO - Poking for key : s3://user-log-ml/2025-05-21_*.csv
[2025-05-22T10:41:43.500+0000] {s3.py:118} INFO - Poking for key : s3://user-log-ml/2025-05-21_*.csv
[2025-05-22T10:41:48.526+0000] {s3.py:118} INFO - Poking for key : s3://user-log-ml/2025-05-21_*.csv
[2025-05-22T10:41:53.552+0000] {s3.py:118} INFO - Poking for key : s3://user-log-ml/2025-05-21_*.csv
[2025-05-22T10:41:58.585+0000] {s3.py:118} INFO - Poking for key : s3://user-log-ml/2025-05-21_*.csv
[2025-05-22T10:42:03.613+0000] {s3.py:118} INFO - Poking for key : s3://user-log-ml/2025-05-21_*.csv
[2025-05-22T10:42:08.634+0000] {s3.py:118} INFO - Poking for key : s3://user-log-ml/2025-05-21_*.csv
[2025-05-22T10:42:13.665+0000] {s3.py:118} INFO - Poking for key : s3://user-log-ml/2025-05-21_*.csv
[2025-05-22T10:42:18.692+0000] {s3.py:118} INFO - Poking for key : s3://user-log-ml/2025-05-21_*.csv
[2025-05-22T10:42:23.718+0000] {s3.py:118} INFO - Poking for key : s3://user-log-ml/2025-05-21_*.csv
[2025-05-22T10:42:28.740+0000] {s3.py:118} INFO - Poking for key : s3://user-log-ml/2025-05-21_*.csv
[2025-05-22T10:42:33.765+0000] {s3.py:118} INFO - Poking for key : s3://user-log-ml/2025-05-21_*.csv
[2025-05-22T10:42:38.778+0000] {s3.py:118} INFO - Poking for key : s3://user-log-ml/2025-05-21_*.csv
[2025-05-22T10:42:43.801+0000] {s3.py:118} INFO - Poking for key : s3://user-log-ml/2025-05-21_*.csv
[2025-05-22T10:42:48.826+0000] {s3.py:118} INFO - Poking for key : s3://user-log-ml/2025-05-21_*.csv
[2025-05-22T10:42:53.856+0000] {s3.py:118} INFO - Poking for key : s3://user-log-ml/2025-05-21_*.csv
[2025-05-22T10:42:58.888+0000] {s3.py:118} INFO - Poking for key : s3://user-log-ml/2025-05-21_*.csv
[2025-05-22T10:43:03.919+0000] {s3.py:118} INFO - Poking for key : s3://user-log-ml/2025-05-21_*.csv
[2025-05-22T10:43:08.949+0000] {s3.py:118} INFO - Poking for key : s3://user-log-ml/2025-05-21_*.csv
[2025-05-22T10:43:13.979+0000] {s3.py:118} INFO - Poking for key : s3://user-log-ml/2025-05-21_*.csv
[2025-05-22T10:43:19.007+0000] {s3.py:118} INFO - Poking for key : s3://user-log-ml/2025-05-21_*.csv
[2025-05-22T10:43:24.116+0000] {s3.py:118} INFO - Poking for key : s3://user-log-ml/2025-05-21_*.csv
[2025-05-22T10:43:29.141+0000] {s3.py:118} INFO - Poking for key : s3://user-log-ml/2025-05-21_*.csv
[2025-05-22T10:43:34.174+0000] {s3.py:118} INFO - Poking for key : s3://user-log-ml/2025-05-21_*.csv
[2025-05-22T10:43:39.202+0000] {s3.py:118} INFO - Poking for key : s3://user-log-ml/2025-05-21_*.csv
[2025-05-22T10:43:44.231+0000] {s3.py:118} INFO - Poking for key : s3://user-log-ml/2025-05-21_*.csv
[2025-05-22T10:43:49.255+0000] {s3.py:118} INFO - Poking for key : s3://user-log-ml/2025-05-21_*.csv
[2025-05-22T10:43:54.285+0000] {s3.py:118} INFO - Poking for key : s3://user-log-ml/2025-05-21_*.csv
[2025-05-22T10:43:59.308+0000] {s3.py:118} INFO - Poking for key : s3://user-log-ml/2025-05-21_*.csv
[2025-05-22T10:44:04.328+0000] {s3.py:118} INFO - Poking for key : s3://user-log-ml/2025-05-21_*.csv
[2025-05-22T10:44:09.356+0000] {s3.py:118} INFO - Poking for key : s3://user-log-ml/2025-05-21_*.csv
[2025-05-22T10:44:14.380+0000] {s3.py:118} INFO - Poking for key : s3://user-log-ml/2025-05-21_*.csv
[2025-05-22T10:44:19.399+0000] {s3.py:118} INFO - Poking for key : s3://user-log-ml/2025-05-21_*.csv
[2025-05-22T10:44:24.413+0000] {s3.py:118} INFO - Poking for key : s3://user-log-ml/2025-05-21_*.csv
[2025-05-22T10:44:29.441+0000] {s3.py:118} INFO - Poking for key : s3://user-log-ml/2025-05-21_*.csv
[2025-05-22T10:44:34.468+0000] {s3.py:118} INFO - Poking for key : s3://user-log-ml/2025-05-21_*.csv
[2025-05-22T10:44:39.494+0000] {s3.py:118} INFO - Poking for key : s3://user-log-ml/2025-05-21_*.csv
[2025-05-22T10:44:44.515+0000] {s3.py:118} INFO - Poking for key : s3://user-log-ml/2025-05-21_*.csv
[2025-05-22T10:44:49.544+0000] {s3.py:118} INFO - Poking for key : s3://user-log-ml/2025-05-21_*.csv
[2025-05-22T10:44:54.575+0000] {s3.py:118} INFO - Poking for key : s3://user-log-ml/2025-05-21_*.csv
[2025-05-22T10:44:59.596+0000] {s3.py:118} INFO - Poking for key : s3://user-log-ml/2025-05-21_*.csv
[2025-05-22T10:45:04.627+0000] {s3.py:118} INFO - Poking for key : s3://user-log-ml/2025-05-21_*.csv
[2025-05-22T10:45:09.658+0000] {s3.py:118} INFO - Poking for key : s3://user-log-ml/2025-05-21_*.csv
[2025-05-22T10:45:14.676+0000] {s3.py:118} INFO - Poking for key : s3://user-log-ml/2025-05-21_*.csv
[2025-05-22T10:45:19.693+0000] {s3.py:118} INFO - Poking for key : s3://user-log-ml/2025-05-21_*.csv
[2025-05-22T10:45:24.713+0000] {s3.py:118} INFO - Poking for key : s3://user-log-ml/2025-05-21_*.csv
[2025-05-22T10:45:29.736+0000] {s3.py:118} INFO - Poking for key : s3://user-log-ml/2025-05-21_*.csv
[2025-05-22T10:45:34.755+0000] {s3.py:118} INFO - Poking for key : s3://user-log-ml/2025-05-21_*.csv
[2025-05-22T10:45:39.781+0000] {s3.py:118} INFO - Poking for key : s3://user-log-ml/2025-05-21_*.csv
[2025-05-22T10:45:44.803+0000] {s3.py:118} INFO - Poking for key : s3://user-log-ml/2025-05-21_*.csv
[2025-05-22T10:45:49.833+0000] {s3.py:118} INFO - Poking for key : s3://user-log-ml/2025-05-21_*.csv
[2025-05-22T10:45:54.864+0000] {s3.py:118} INFO - Poking for key : s3://user-log-ml/2025-05-21_*.csv
[2025-05-22T10:45:59.888+0000] {s3.py:118} INFO - Poking for key : s3://user-log-ml/2025-05-21_*.csv
[2025-05-22T10:46:04.914+0000] {s3.py:118} INFO - Poking for key : s3://user-log-ml/2025-05-21_*.csv
[2025-05-22T10:46:09.948+0000] {s3.py:118} INFO - Poking for key : s3://user-log-ml/2025-05-21_*.csv
[2025-05-22T10:46:14.973+0000] {s3.py:118} INFO - Poking for key : s3://user-log-ml/2025-05-21_*.csv
[2025-05-22T10:46:20.002+0000] {s3.py:118} INFO - Poking for key : s3://user-log-ml/2025-05-21_*.csv
[2025-05-22T10:46:25.033+0000] {s3.py:118} INFO - Poking for key : s3://user-log-ml/2025-05-21_*.csv
[2025-05-22T10:46:30.064+0000] {s3.py:118} INFO - Poking for key : s3://user-log-ml/2025-05-21_*.csv
[2025-05-22T10:46:35.092+0000] {s3.py:118} INFO - Poking for key : s3://user-log-ml/2025-05-21_*.csv
[2025-05-22T10:46:40.120+0000] {s3.py:118} INFO - Poking for key : s3://user-log-ml/2025-05-21_*.csv
[2025-05-22T10:46:45.154+0000] {s3.py:118} INFO - Poking for key : s3://user-log-ml/2025-05-21_*.csv
[2025-05-22T10:46:50.192+0000] {s3.py:118} INFO - Poking for key : s3://user-log-ml/2025-05-21_*.csv
[2025-05-22T10:46:55.213+0000] {s3.py:118} INFO - Poking for key : s3://user-log-ml/2025-05-21_*.csv
[2025-05-22T10:47:00.240+0000] {s3.py:118} INFO - Poking for key : s3://user-log-ml/2025-05-21_*.csv
[2025-05-22T10:47:05.272+0000] {s3.py:118} INFO - Poking for key : s3://user-log-ml/2025-05-21_*.csv
[2025-05-22T10:47:10.299+0000] {s3.py:118} INFO - Poking for key : s3://user-log-ml/2025-05-21_*.csv
[2025-05-22T10:47:15.326+0000] {s3.py:118} INFO - Poking for key : s3://user-log-ml/2025-05-21_*.csv
[2025-05-22T10:47:20.348+0000] {s3.py:118} INFO - Poking for key : s3://user-log-ml/2025-05-21_*.csv
[2025-05-22T10:47:25.363+0000] {s3.py:118} INFO - Poking for key : s3://user-log-ml/2025-05-21_*.csv
[2025-05-22T10:47:30.386+0000] {s3.py:118} INFO - Poking for key : s3://user-log-ml/2025-05-21_*.csv
[2025-05-22T10:47:35.408+0000] {s3.py:118} INFO - Poking for key : s3://user-log-ml/2025-05-21_*.csv
[2025-05-22T10:47:40.438+0000] {s3.py:118} INFO - Poking for key : s3://user-log-ml/2025-05-21_*.csv
[2025-05-22T10:47:45.454+0000] {s3.py:118} INFO - Poking for key : s3://user-log-ml/2025-05-21_*.csv
[2025-05-22T10:47:50.484+0000] {s3.py:118} INFO - Poking for key : s3://user-log-ml/2025-05-21_*.csv
[2025-05-22T10:47:55.511+0000] {s3.py:118} INFO - Poking for key : s3://user-log-ml/2025-05-21_*.csv
[2025-05-22T10:48:00.542+0000] {s3.py:118} INFO - Poking for key : s3://user-log-ml/2025-05-21_*.csv
[2025-05-22T10:48:05.603+0000] {s3.py:118} INFO - Poking for key : s3://user-log-ml/2025-05-21_*.csv
[2025-05-22T10:48:10.631+0000] {s3.py:118} INFO - Poking for key : s3://user-log-ml/2025-05-21_*.csv
[2025-05-22T10:48:15.651+0000] {s3.py:118} INFO - Poking for key : s3://user-log-ml/2025-05-21_*.csv
[2025-05-22T10:48:20.674+0000] {s3.py:118} INFO - Poking for key : s3://user-log-ml/2025-05-21_*.csv
[2025-05-22T10:48:25.696+0000] {s3.py:118} INFO - Poking for key : s3://user-log-ml/2025-05-21_*.csv
[2025-05-22T10:48:30.722+0000] {s3.py:118} INFO - Poking for key : s3://user-log-ml/2025-05-21_*.csv
[2025-05-22T10:48:35.736+0000] {s3.py:118} INFO - Poking for key : s3://user-log-ml/2025-05-21_*.csv
[2025-05-22T10:48:40.767+0000] {s3.py:118} INFO - Poking for key : s3://user-log-ml/2025-05-21_*.csv
[2025-05-22T10:48:45.800+0000] {s3.py:118} INFO - Poking for key : s3://user-log-ml/2025-05-21_*.csv
[2025-05-22T10:48:50.821+0000] {s3.py:118} INFO - Poking for key : s3://user-log-ml/2025-05-21_*.csv
[2025-05-22T10:48:55.840+0000] {s3.py:118} INFO - Poking for key : s3://user-log-ml/2025-05-21_*.csv
[2025-05-22T10:49:00.865+0000] {s3.py:118} INFO - Poking for key : s3://user-log-ml/2025-05-21_*.csv
[2025-05-22T10:49:05.882+0000] {s3.py:118} INFO - Poking for key : s3://user-log-ml/2025-05-21_*.csv
[2025-05-22T10:49:10.897+0000] {s3.py:118} INFO - Poking for key : s3://user-log-ml/2025-05-21_*.csv
[2025-05-22T10:49:15.924+0000] {s3.py:118} INFO - Poking for key : s3://user-log-ml/2025-05-21_*.csv
[2025-05-22T10:49:20.946+0000] {s3.py:118} INFO - Poking for key : s3://user-log-ml/2025-05-21_*.csv
[2025-05-22T10:49:25.965+0000] {s3.py:118} INFO - Poking for key : s3://user-log-ml/2025-05-21_*.csv
[2025-05-22T10:49:30.992+0000] {s3.py:118} INFO - Poking for key : s3://user-log-ml/2025-05-21_*.csv
[2025-05-22T10:49:36.010+0000] {s3.py:118} INFO - Poking for key : s3://user-log-ml/2025-05-21_*.csv
[2025-05-22T10:49:41.039+0000] {s3.py:118} INFO - Poking for key : s3://user-log-ml/2025-05-21_*.csv
[2025-05-22T10:49:46.067+0000] {s3.py:118} INFO - Poking for key : s3://user-log-ml/2025-05-21_*.csv
