[2025-05-22T10:52:59.652+0000] {local_task_job_runner.py:123} INFO - ::group::Pre task execution logs
[2025-05-22T10:52:59.658+0000] {taskinstance.py:2612} INFO - Dependencies all met for dep_context=non-requeueable deps ti=<TaskInstance: kafka_to_minio_to_spark.check_minio_file scheduled__2025-05-21T16:00:00+00:00 [queued]>
[2025-05-22T10:52:59.661+0000] {taskinstance.py:2612} INFO - Dependencies all met for dep_context=requeueable deps ti=<TaskInstance: kafka_to_minio_to_spark.check_minio_file scheduled__2025-05-21T16:00:00+00:00 [queued]>
[2025-05-22T10:52:59.661+0000] {taskinstance.py:2865} INFO - Starting attempt 9 of 11
[2025-05-22T10:52:59.665+0000] {taskinstance.py:2888} INFO - Executing <Task(S3KeySensor): check_minio_file> on 2025-05-21 16:00:00+00:00
[2025-05-22T10:52:59.667+0000] {standard_task_runner.py:72} INFO - Started process 112 to run task
[2025-05-22T10:52:59.669+0000] {standard_task_runner.py:104} INFO - Running: ['***', 'tasks', 'run', 'kafka_to_minio_to_spark', 'check_minio_file', 'scheduled__2025-05-21T16:00:00+00:00', '--job-id', '239', '--raw', '--subdir', 'DAGS_FOLDER/testlog_ml.py', '--cfg-path', '/tmp/tmpjv39j511']
[2025-05-22T10:52:59.669+0000] {standard_task_runner.py:105} INFO - Job 239: Subtask check_minio_file
[2025-05-22T10:52:59.687+0000] {task_command.py:467} INFO - Running <TaskInstance: kafka_to_minio_to_spark.check_minio_file scheduled__2025-05-21T16:00:00+00:00 [running]> on host b589638bb236
[2025-05-22T10:52:59.713+0000] {taskinstance.py:3131} INFO - Exporting env vars: AIRFLOW_CTX_DAG_OWNER='***' AIRFLOW_CTX_DAG_ID='kafka_to_minio_to_spark' AIRFLOW_CTX_TASK_ID='check_minio_file' AIRFLOW_CTX_EXECUTION_DATE='2025-05-21T16:00:00+00:00' AIRFLOW_CTX_TRY_NUMBER='9' AIRFLOW_CTX_DAG_RUN_ID='scheduled__2025-05-21T16:00:00+00:00'
[2025-05-22T10:52:59.714+0000] {taskinstance.py:731} INFO - ::endgroup::
[2025-05-22T10:52:59.718+0000] {baseoperator.py:405} WARNING - S3KeySensor.execute cannot be called outside TaskInstance!
[2025-05-22T10:52:59.718+0000] {s3.py:118} INFO - Poking for key : s3://user-log-ml/2025-05-22_*.csv
[2025-05-22T10:52:59.722+0000] {base.py:84} INFO - Retrieving connection 'minio'
[2025-05-22T10:52:59.723+0000] {connection_wrapper.py:388} INFO - AWS Connection (conn_id='minio', conn_type='aws') credentials retrieved from login and password.
[2025-05-22T10:52:59.917+0000] {base.py:336} INFO - Success criteria met. Exiting.
[2025-05-22T10:52:59.920+0000] {taskinstance.py:340} INFO - ::group::Post task execution logs
[2025-05-22T10:52:59.921+0000] {taskinstance.py:352} INFO - Marking task as SUCCESS. dag_id=kafka_to_minio_to_spark, task_id=check_minio_file, run_id=scheduled__2025-05-21T16:00:00+00:00, execution_date=20250521T160000, start_date=20250522T105259, end_date=20250522T105259
[2025-05-22T10:52:59.941+0000] {local_task_job_runner.py:266} INFO - Task exited with return code 0
[2025-05-22T10:52:59.953+0000] {taskinstance.py:3900} INFO - 1 downstream tasks scheduled from follow-on schedule check
[2025-05-22T10:52:59.953+0000] {local_task_job_runner.py:245} INFO - ::endgroup::
