[2025-05-22T10:50:36.423+0000] {local_task_job_runner.py:123} INFO - ::group::Pre task execution logs
[2025-05-22T10:50:36.435+0000] {taskinstance.py:2612} INFO - Dependencies all met for dep_context=non-requeueable deps ti=<TaskInstance: kafka_to_minio_to_spark.kafka_producer scheduled__2025-05-21T16:00:00+00:00 [queued]>
[2025-05-22T10:50:36.440+0000] {taskinstance.py:2612} INFO - Dependencies all met for dep_context=requeueable deps ti=<TaskInstance: kafka_to_minio_to_spark.kafka_producer scheduled__2025-05-21T16:00:00+00:00 [queued]>
[2025-05-22T10:50:36.442+0000] {taskinstance.py:2865} INFO - Starting attempt 18 of 20
[2025-05-22T10:50:36.450+0000] {taskinstance.py:2888} INFO - Executing <Task(PythonOperator): kafka_producer> on 2025-05-21 16:00:00+00:00
[2025-05-22T10:50:36.453+0000] {standard_task_runner.py:72} INFO - Started process 64 to run task
[2025-05-22T10:50:36.457+0000] {standard_task_runner.py:104} INFO - Running: ['***', 'tasks', 'run', 'kafka_to_minio_to_spark', 'kafka_producer', 'scheduled__2025-05-21T16:00:00+00:00', '--job-id', '236', '--raw', '--subdir', 'DAGS_FOLDER/testlog_ml.py', '--cfg-path', '/tmp/tmpfmvk_skq']
[2025-05-22T10:50:36.458+0000] {standard_task_runner.py:105} INFO - Job 236: Subtask kafka_producer
[2025-05-22T10:50:36.494+0000] {task_command.py:467} INFO - Running <TaskInstance: kafka_to_minio_to_spark.kafka_producer scheduled__2025-05-21T16:00:00+00:00 [running]> on host b589638bb236
[2025-05-22T10:50:36.531+0000] {taskinstance.py:3131} INFO - Exporting env vars: AIRFLOW_CTX_DAG_OWNER='***' AIRFLOW_CTX_DAG_ID='kafka_to_minio_to_spark' AIRFLOW_CTX_TASK_ID='kafka_producer' AIRFLOW_CTX_EXECUTION_DATE='2025-05-21T16:00:00+00:00' AIRFLOW_CTX_TRY_NUMBER='18' AIRFLOW_CTX_DAG_RUN_ID='scheduled__2025-05-21T16:00:00+00:00'
[2025-05-22T10:50:36.532+0000] {taskinstance.py:731} INFO - ::endgroup::
[2025-05-22T10:50:36.544+0000] {conn.py:380} INFO - <BrokerConnection node_id=bootstrap-0 host=3.34.144.17:9092 <connecting> [IPv4 ('3.34.144.17', 9092)]>: connecting to 3.34.144.17:9092 [('3.34.144.17', 9092) IPv4]
[2025-05-22T10:50:36.544+0000] {conn.py:1205} INFO - Probing node bootstrap-0 broker version
[2025-05-22T10:50:36.555+0000] {conn.py:410} INFO - <BrokerConnection node_id=bootstrap-0 host=3.34.144.17:9092 <connecting> [IPv4 ('3.34.144.17', 9092)]>: Connection complete.
[2025-05-22T10:50:36.667+0000] {conn.py:1267} INFO - Broker version identified as 2.5.0
[2025-05-22T10:50:36.668+0000] {conn.py:1268} INFO - Set configuration api_version=(2, 5, 0) to skip auto check_version requests on startup
[2025-05-22T10:50:36.679+0000] {logging_mixin.py:190} INFO - 💌message 1 sent: user_id=120
[2025-05-22T10:50:36.680+0000] {conn.py:380} INFO - <BrokerConnection node_id=1 host=3.34.144.17:9092 <connecting> [IPv4 ('3.34.144.17', 9092)]>: connecting to 3.34.144.17:9092 [('3.34.144.17', 9092) IPv4]
[2025-05-22T10:50:36.688+0000] {conn.py:410} INFO - <BrokerConnection node_id=1 host=3.34.144.17:9092 <connecting> [IPv4 ('3.34.144.17', 9092)]>: Connection complete.
[2025-05-22T10:50:36.688+0000] {conn.py:919} INFO - <BrokerConnection node_id=bootstrap-0 host=3.34.144.17:9092 <connected> [IPv4 ('3.34.144.17', 9092)]>: Closing connection. 
[2025-05-22T10:50:36.731+0000] {logging_mixin.py:190} INFO - 💌message 2 sent: user_id=147
[2025-05-22T10:50:36.785+0000] {logging_mixin.py:190} INFO - 💌message 3 sent: user_id=118
[2025-05-22T10:50:36.843+0000] {logging_mixin.py:190} INFO - 💌message 4 sent: user_id=107
[2025-05-22T10:50:36.898+0000] {logging_mixin.py:190} INFO - 💌message 5 sent: user_id=119
[2025-05-22T10:50:36.952+0000] {logging_mixin.py:190} INFO - 💌message 6 sent: user_id=128
[2025-05-22T10:50:37.005+0000] {logging_mixin.py:190} INFO - 💌message 7 sent: user_id=145
[2025-05-22T10:50:37.062+0000] {logging_mixin.py:190} INFO - 💌message 8 sent: user_id=105
[2025-05-22T10:50:37.115+0000] {logging_mixin.py:190} INFO - 💌message 9 sent: user_id=149
[2025-05-22T10:50:37.171+0000] {logging_mixin.py:190} INFO - 💌message 10 sent: user_id=102
[2025-05-22T10:50:37.225+0000] {logging_mixin.py:190} INFO - 💌message 11 sent: user_id=112
[2025-05-22T10:50:37.277+0000] {logging_mixin.py:190} INFO - 💌message 12 sent: user_id=127
[2025-05-22T10:50:37.329+0000] {logging_mixin.py:190} INFO - 💌message 13 sent: user_id=112
[2025-05-22T10:50:37.380+0000] {logging_mixin.py:190} INFO - 💌message 14 sent: user_id=136
[2025-05-22T10:50:37.433+0000] {logging_mixin.py:190} INFO - 💌message 15 sent: user_id=130
[2025-05-22T10:50:37.484+0000] {logging_mixin.py:190} INFO - 💌message 16 sent: user_id=132
[2025-05-22T10:50:37.535+0000] {logging_mixin.py:190} INFO - 💌message 17 sent: user_id=126
[2025-05-22T10:50:37.593+0000] {logging_mixin.py:190} INFO - 💌message 18 sent: user_id=108
[2025-05-22T10:50:37.645+0000] {logging_mixin.py:190} INFO - 💌message 19 sent: user_id=136
[2025-05-22T10:50:37.698+0000] {logging_mixin.py:190} INFO - 💌message 20 sent: user_id=125
[2025-05-22T10:50:37.752+0000] {logging_mixin.py:190} INFO - 💌message 21 sent: user_id=137
[2025-05-22T10:50:37.804+0000] {logging_mixin.py:190} INFO - 💌message 22 sent: user_id=114
[2025-05-22T10:50:37.857+0000] {logging_mixin.py:190} INFO - 💌message 23 sent: user_id=107
[2025-05-22T10:50:37.908+0000] {logging_mixin.py:190} INFO - 💌message 24 sent: user_id=132
[2025-05-22T10:50:37.959+0000] {logging_mixin.py:190} INFO - 💌message 25 sent: user_id=119
[2025-05-22T10:50:38.010+0000] {logging_mixin.py:190} INFO - 💌message 26 sent: user_id=102
[2025-05-22T10:50:38.062+0000] {logging_mixin.py:190} INFO - 💌message 27 sent: user_id=113
[2025-05-22T10:50:38.114+0000] {logging_mixin.py:190} INFO - 💌message 28 sent: user_id=105
[2025-05-22T10:50:38.170+0000] {logging_mixin.py:190} INFO - 💌message 29 sent: user_id=142
[2025-05-22T10:50:38.223+0000] {logging_mixin.py:190} INFO - 💌message 30 sent: user_id=118
[2025-05-22T10:50:38.275+0000] {logging_mixin.py:190} INFO - 💌message 31 sent: user_id=116
[2025-05-22T10:50:38.326+0000] {logging_mixin.py:190} INFO - 💌message 32 sent: user_id=126
[2025-05-22T10:50:38.378+0000] {logging_mixin.py:190} INFO - 💌message 33 sent: user_id=103
[2025-05-22T10:50:38.430+0000] {logging_mixin.py:190} INFO - 💌message 34 sent: user_id=127
[2025-05-22T10:50:38.485+0000] {logging_mixin.py:190} INFO - 💌message 35 sent: user_id=121
[2025-05-22T10:50:38.540+0000] {logging_mixin.py:190} INFO - 💌message 36 sent: user_id=121
[2025-05-22T10:50:38.595+0000] {logging_mixin.py:190} INFO - 💌message 37 sent: user_id=123
[2025-05-22T10:50:38.651+0000] {logging_mixin.py:190} INFO - 💌message 38 sent: user_id=103
[2025-05-22T10:50:38.703+0000] {logging_mixin.py:190} INFO - 💌message 39 sent: user_id=115
[2025-05-22T10:50:38.756+0000] {logging_mixin.py:190} INFO - 💌message 40 sent: user_id=139
[2025-05-22T10:50:38.812+0000] {logging_mixin.py:190} INFO - 💌message 41 sent: user_id=107
[2025-05-22T10:50:38.868+0000] {logging_mixin.py:190} INFO - 💌message 42 sent: user_id=147
[2025-05-22T10:50:38.924+0000] {logging_mixin.py:190} INFO - 💌message 43 sent: user_id=145
[2025-05-22T10:50:38.984+0000] {logging_mixin.py:190} INFO - 💌message 44 sent: user_id=104
[2025-05-22T10:50:39.039+0000] {logging_mixin.py:190} INFO - 💌message 45 sent: user_id=119
[2025-05-22T10:50:39.094+0000] {logging_mixin.py:190} INFO - 💌message 46 sent: user_id=137
[2025-05-22T10:50:39.148+0000] {logging_mixin.py:190} INFO - 💌message 47 sent: user_id=121
[2025-05-22T10:50:39.203+0000] {logging_mixin.py:190} INFO - 💌message 48 sent: user_id=100
[2025-05-22T10:50:39.255+0000] {logging_mixin.py:190} INFO - 💌message 49 sent: user_id=104
[2025-05-22T10:50:39.309+0000] {logging_mixin.py:190} INFO - 💌message 50 sent: user_id=150
[2025-05-22T10:50:39.363+0000] {logging_mixin.py:190} INFO - 💌message 51 sent: user_id=128
[2025-05-22T10:50:39.418+0000] {logging_mixin.py:190} INFO - 💌message 52 sent: user_id=140
[2025-05-22T10:50:39.472+0000] {logging_mixin.py:190} INFO - 💌message 53 sent: user_id=111
[2025-05-22T10:50:39.529+0000] {logging_mixin.py:190} INFO - 💌message 54 sent: user_id=150
[2025-05-22T10:50:39.584+0000] {logging_mixin.py:190} INFO - 💌message 55 sent: user_id=131
[2025-05-22T10:50:39.644+0000] {logging_mixin.py:190} INFO - 💌message 56 sent: user_id=141
[2025-05-22T10:50:39.701+0000] {logging_mixin.py:190} INFO - 💌message 57 sent: user_id=137
[2025-05-22T10:50:39.756+0000] {logging_mixin.py:190} INFO - 💌message 58 sent: user_id=106
[2025-05-22T10:50:39.812+0000] {logging_mixin.py:190} INFO - 💌message 59 sent: user_id=149
[2025-05-22T10:50:39.867+0000] {logging_mixin.py:190} INFO - 💌message 60 sent: user_id=127
[2025-05-22T10:50:39.918+0000] {logging_mixin.py:190} INFO - 💌message 61 sent: user_id=145
[2025-05-22T10:50:39.971+0000] {logging_mixin.py:190} INFO - 💌message 62 sent: user_id=150
[2025-05-22T10:50:40.023+0000] {logging_mixin.py:190} INFO - 💌message 63 sent: user_id=123
[2025-05-22T10:50:40.075+0000] {logging_mixin.py:190} INFO - 💌message 64 sent: user_id=118
[2025-05-22T10:50:40.129+0000] {logging_mixin.py:190} INFO - 💌message 65 sent: user_id=143
[2025-05-22T10:50:40.181+0000] {logging_mixin.py:190} INFO - 💌message 66 sent: user_id=107
[2025-05-22T10:50:40.235+0000] {logging_mixin.py:190} INFO - 💌message 67 sent: user_id=130
[2025-05-22T10:50:40.290+0000] {logging_mixin.py:190} INFO - 💌message 68 sent: user_id=145
[2025-05-22T10:50:40.345+0000] {logging_mixin.py:190} INFO - 💌message 69 sent: user_id=141
[2025-05-22T10:50:40.403+0000] {logging_mixin.py:190} INFO - 💌message 70 sent: user_id=136
[2025-05-22T10:50:40.458+0000] {logging_mixin.py:190} INFO - 💌message 71 sent: user_id=119
[2025-05-22T10:50:40.514+0000] {logging_mixin.py:190} INFO - 💌message 72 sent: user_id=118
[2025-05-22T10:50:40.569+0000] {logging_mixin.py:190} INFO - 💌message 73 sent: user_id=110
[2025-05-22T10:50:40.629+0000] {logging_mixin.py:190} INFO - 💌message 74 sent: user_id=126
[2025-05-22T10:50:40.684+0000] {logging_mixin.py:190} INFO - 💌message 75 sent: user_id=128
[2025-05-22T10:50:40.740+0000] {logging_mixin.py:190} INFO - 💌message 76 sent: user_id=137
[2025-05-22T10:50:40.794+0000] {logging_mixin.py:190} INFO - 💌message 77 sent: user_id=103
[2025-05-22T10:50:40.848+0000] {logging_mixin.py:190} INFO - 💌message 78 sent: user_id=116
[2025-05-22T10:50:40.904+0000] {logging_mixin.py:190} INFO - 💌message 79 sent: user_id=141
[2025-05-22T10:50:40.959+0000] {logging_mixin.py:190} INFO - 💌message 80 sent: user_id=141
[2025-05-22T10:50:41.015+0000] {logging_mixin.py:190} INFO - 💌message 81 sent: user_id=131
[2025-05-22T10:50:41.069+0000] {logging_mixin.py:190} INFO - 💌message 82 sent: user_id=147
[2025-05-22T10:50:41.123+0000] {logging_mixin.py:190} INFO - 💌message 83 sent: user_id=128
[2025-05-22T10:50:41.176+0000] {logging_mixin.py:190} INFO - 💌message 84 sent: user_id=105
[2025-05-22T10:50:41.230+0000] {logging_mixin.py:190} INFO - 💌message 85 sent: user_id=148
[2025-05-22T10:50:41.286+0000] {logging_mixin.py:190} INFO - 💌message 86 sent: user_id=131
[2025-05-22T10:50:41.343+0000] {logging_mixin.py:190} INFO - 💌message 87 sent: user_id=146
[2025-05-22T10:50:41.398+0000] {logging_mixin.py:190} INFO - 💌message 88 sent: user_id=107
[2025-05-22T10:50:41.455+0000] {logging_mixin.py:190} INFO - 💌message 89 sent: user_id=109
[2025-05-22T10:50:41.507+0000] {logging_mixin.py:190} INFO - 💌message 90 sent: user_id=121
[2025-05-22T10:50:41.561+0000] {logging_mixin.py:190} INFO - 💌message 91 sent: user_id=119
[2025-05-22T10:50:41.615+0000] {logging_mixin.py:190} INFO - 💌message 92 sent: user_id=131
[2025-05-22T10:50:41.679+0000] {logging_mixin.py:190} INFO - 💌message 93 sent: user_id=114
[2025-05-22T10:50:41.732+0000] {logging_mixin.py:190} INFO - 💌message 94 sent: user_id=128
[2025-05-22T10:50:41.788+0000] {logging_mixin.py:190} INFO - 💌message 95 sent: user_id=117
[2025-05-22T10:50:41.845+0000] {logging_mixin.py:190} INFO - 💌message 96 sent: user_id=140
[2025-05-22T10:50:41.902+0000] {logging_mixin.py:190} INFO - 💌message 97 sent: user_id=122
[2025-05-22T10:50:41.955+0000] {logging_mixin.py:190} INFO - 💌message 98 sent: user_id=120
[2025-05-22T10:50:42.012+0000] {logging_mixin.py:190} INFO - 💌message 99 sent: user_id=145
[2025-05-22T10:50:42.068+0000] {logging_mixin.py:190} INFO - 💌message 100 sent: user_id=128
[2025-05-22T10:50:42.122+0000] {logging_mixin.py:190} INFO - 💌message 101 sent: user_id=100
[2025-05-22T10:50:42.175+0000] {logging_mixin.py:190} INFO - 💌message 102 sent: user_id=142
[2025-05-22T10:50:42.228+0000] {logging_mixin.py:190} INFO - 💌message 103 sent: user_id=136
[2025-05-22T10:50:42.286+0000] {logging_mixin.py:190} INFO - 💌message 104 sent: user_id=145
[2025-05-22T10:50:42.340+0000] {logging_mixin.py:190} INFO - 💌message 105 sent: user_id=137
[2025-05-22T10:50:42.400+0000] {logging_mixin.py:190} INFO - 💌message 106 sent: user_id=140
[2025-05-22T10:50:42.457+0000] {logging_mixin.py:190} INFO - 💌message 107 sent: user_id=112
[2025-05-22T10:50:42.512+0000] {logging_mixin.py:190} INFO - 💌message 108 sent: user_id=129
[2025-05-22T10:50:42.572+0000] {logging_mixin.py:190} INFO - 💌message 109 sent: user_id=109
[2025-05-22T10:50:42.630+0000] {logging_mixin.py:190} INFO - 💌message 110 sent: user_id=116
[2025-05-22T10:50:42.686+0000] {logging_mixin.py:190} INFO - 💌message 111 sent: user_id=120
[2025-05-22T10:50:42.742+0000] {logging_mixin.py:190} INFO - 💌message 112 sent: user_id=117
[2025-05-22T10:50:42.797+0000] {logging_mixin.py:190} INFO - 💌message 113 sent: user_id=135
[2025-05-22T10:50:42.852+0000] {logging_mixin.py:190} INFO - 💌message 114 sent: user_id=142
[2025-05-22T10:50:42.910+0000] {logging_mixin.py:190} INFO - 💌message 115 sent: user_id=147
[2025-05-22T10:50:42.964+0000] {logging_mixin.py:190} INFO - 💌message 116 sent: user_id=107
[2025-05-22T10:50:43.020+0000] {logging_mixin.py:190} INFO - 💌message 117 sent: user_id=115
[2025-05-22T10:50:43.076+0000] {logging_mixin.py:190} INFO - 💌message 118 sent: user_id=112
[2025-05-22T10:50:43.131+0000] {logging_mixin.py:190} INFO - 💌message 119 sent: user_id=144
[2025-05-22T10:50:43.188+0000] {logging_mixin.py:190} INFO - 💌message 120 sent: user_id=103
[2025-05-22T10:50:43.241+0000] {logging_mixin.py:190} INFO - 💌message 121 sent: user_id=123
[2025-05-22T10:50:43.294+0000] {logging_mixin.py:190} INFO - 💌message 122 sent: user_id=100
[2025-05-22T10:50:43.351+0000] {logging_mixin.py:190} INFO - 💌message 123 sent: user_id=148
[2025-05-22T10:50:43.404+0000] {logging_mixin.py:190} INFO - 💌message 124 sent: user_id=131
[2025-05-22T10:50:43.456+0000] {logging_mixin.py:190} INFO - 💌message 125 sent: user_id=124
[2025-05-22T10:50:43.507+0000] {logging_mixin.py:190} INFO - 💌message 126 sent: user_id=135
[2025-05-22T10:50:43.561+0000] {logging_mixin.py:190} INFO - 💌message 127 sent: user_id=106
[2025-05-22T10:50:43.613+0000] {logging_mixin.py:190} INFO - 💌message 128 sent: user_id=124
[2025-05-22T10:50:43.664+0000] {logging_mixin.py:190} INFO - 💌message 129 sent: user_id=122
[2025-05-22T10:50:43.715+0000] {logging_mixin.py:190} INFO - 💌message 130 sent: user_id=130
[2025-05-22T10:50:43.767+0000] {logging_mixin.py:190} INFO - 💌message 131 sent: user_id=131
[2025-05-22T10:50:43.821+0000] {logging_mixin.py:190} INFO - 💌message 132 sent: user_id=136
[2025-05-22T10:50:43.875+0000] {logging_mixin.py:190} INFO - 💌message 133 sent: user_id=109
[2025-05-22T10:50:43.930+0000] {logging_mixin.py:190} INFO - 💌message 134 sent: user_id=112
[2025-05-22T10:50:43.986+0000] {logging_mixin.py:190} INFO - 💌message 135 sent: user_id=129
[2025-05-22T10:50:44.039+0000] {logging_mixin.py:190} INFO - 💌message 136 sent: user_id=133
[2025-05-22T10:50:44.091+0000] {logging_mixin.py:190} INFO - 💌message 137 sent: user_id=125
[2025-05-22T10:50:44.147+0000] {logging_mixin.py:190} INFO - 💌message 138 sent: user_id=119
[2025-05-22T10:50:44.198+0000] {logging_mixin.py:190} INFO - 💌message 139 sent: user_id=129
[2025-05-22T10:50:44.250+0000] {logging_mixin.py:190} INFO - 💌message 140 sent: user_id=104
[2025-05-22T10:50:44.301+0000] {logging_mixin.py:190} INFO - 💌message 141 sent: user_id=119
[2025-05-22T10:50:44.355+0000] {logging_mixin.py:190} INFO - 💌message 142 sent: user_id=131
[2025-05-22T10:50:44.406+0000] {logging_mixin.py:190} INFO - 💌message 143 sent: user_id=123
[2025-05-22T10:50:44.460+0000] {logging_mixin.py:190} INFO - 💌message 144 sent: user_id=121
[2025-05-22T10:50:44.511+0000] {logging_mixin.py:190} INFO - 💌message 145 sent: user_id=108
[2025-05-22T10:50:44.565+0000] {logging_mixin.py:190} INFO - 💌message 146 sent: user_id=134
[2025-05-22T10:50:44.620+0000] {logging_mixin.py:190} INFO - 💌message 147 sent: user_id=119
[2025-05-22T10:50:44.674+0000] {logging_mixin.py:190} INFO - 💌message 148 sent: user_id=134
[2025-05-22T10:50:44.729+0000] {logging_mixin.py:190} INFO - 💌message 149 sent: user_id=140
[2025-05-22T10:50:44.787+0000] {logging_mixin.py:190} INFO - 💌message 150 sent: user_id=119
[2025-05-22T10:50:44.843+0000] {logging_mixin.py:190} INFO - 💌message 151 sent: user_id=125
[2025-05-22T10:50:44.898+0000] {logging_mixin.py:190} INFO - 💌message 152 sent: user_id=105
[2025-05-22T10:50:44.955+0000] {logging_mixin.py:190} INFO - 💌message 153 sent: user_id=124
[2025-05-22T10:50:45.009+0000] {logging_mixin.py:190} INFO - 💌message 154 sent: user_id=113
[2025-05-22T10:50:45.063+0000] {logging_mixin.py:190} INFO - 💌message 155 sent: user_id=131
[2025-05-22T10:50:45.116+0000] {logging_mixin.py:190} INFO - 💌message 156 sent: user_id=133
[2025-05-22T10:50:45.171+0000] {logging_mixin.py:190} INFO - 💌message 157 sent: user_id=138
[2025-05-22T10:50:45.223+0000] {logging_mixin.py:190} INFO - 💌message 158 sent: user_id=117
[2025-05-22T10:50:45.279+0000] {logging_mixin.py:190} INFO - 💌message 159 sent: user_id=137
[2025-05-22T10:50:45.331+0000] {logging_mixin.py:190} INFO - 💌message 160 sent: user_id=134
[2025-05-22T10:50:45.384+0000] {logging_mixin.py:190} INFO - 💌message 161 sent: user_id=127
[2025-05-22T10:50:45.440+0000] {logging_mixin.py:190} INFO - 💌message 162 sent: user_id=139
[2025-05-22T10:50:45.495+0000] {logging_mixin.py:190} INFO - 💌message 163 sent: user_id=127
[2025-05-22T10:50:45.551+0000] {logging_mixin.py:190} INFO - 💌message 164 sent: user_id=116
[2025-05-22T10:50:45.609+0000] {logging_mixin.py:190} INFO - 💌message 165 sent: user_id=119
[2025-05-22T10:50:45.664+0000] {logging_mixin.py:190} INFO - 💌message 166 sent: user_id=131
[2025-05-22T10:50:45.720+0000] {logging_mixin.py:190} INFO - 💌message 167 sent: user_id=142
[2025-05-22T10:50:45.775+0000] {logging_mixin.py:190} INFO - 💌message 168 sent: user_id=127
[2025-05-22T10:50:45.832+0000] {logging_mixin.py:190} INFO - 💌message 169 sent: user_id=145
[2025-05-22T10:50:45.890+0000] {logging_mixin.py:190} INFO - 💌message 170 sent: user_id=107
[2025-05-22T10:50:45.945+0000] {logging_mixin.py:190} INFO - 💌message 171 sent: user_id=132
[2025-05-22T10:50:46.002+0000] {logging_mixin.py:190} INFO - 💌message 172 sent: user_id=145
[2025-05-22T10:50:46.056+0000] {logging_mixin.py:190} INFO - 💌message 173 sent: user_id=110
[2025-05-22T10:50:46.110+0000] {logging_mixin.py:190} INFO - 💌message 174 sent: user_id=119
[2025-05-22T10:50:46.167+0000] {logging_mixin.py:190} INFO - 💌message 175 sent: user_id=109
[2025-05-22T10:50:46.220+0000] {logging_mixin.py:190} INFO - 💌message 176 sent: user_id=122
[2025-05-22T10:50:46.276+0000] {logging_mixin.py:190} INFO - 💌message 177 sent: user_id=112
[2025-05-22T10:50:46.330+0000] {logging_mixin.py:190} INFO - 💌message 178 sent: user_id=123
[2025-05-22T10:50:46.388+0000] {logging_mixin.py:190} INFO - 💌message 179 sent: user_id=150
[2025-05-22T10:50:46.445+0000] {logging_mixin.py:190} INFO - 💌message 180 sent: user_id=107
[2025-05-22T10:50:46.498+0000] {logging_mixin.py:190} INFO - 💌message 181 sent: user_id=120
[2025-05-22T10:50:46.554+0000] {logging_mixin.py:190} INFO - 💌message 182 sent: user_id=112
[2025-05-22T10:50:46.607+0000] {logging_mixin.py:190} INFO - 💌message 183 sent: user_id=125
[2025-05-22T10:50:46.659+0000] {logging_mixin.py:190} INFO - 💌message 184 sent: user_id=129
[2025-05-22T10:50:46.710+0000] {logging_mixin.py:190} INFO - 💌message 185 sent: user_id=136
[2025-05-22T10:50:46.762+0000] {logging_mixin.py:190} INFO - 💌message 186 sent: user_id=110
[2025-05-22T10:50:46.817+0000] {logging_mixin.py:190} INFO - 💌message 187 sent: user_id=131
[2025-05-22T10:50:46.870+0000] {logging_mixin.py:190} INFO - 💌message 188 sent: user_id=111
[2025-05-22T10:50:46.923+0000] {logging_mixin.py:190} INFO - 💌message 189 sent: user_id=140
[2025-05-22T10:50:46.976+0000] {logging_mixin.py:190} INFO - 💌message 190 sent: user_id=116
[2025-05-22T10:50:47.027+0000] {logging_mixin.py:190} INFO - 💌message 191 sent: user_id=127
[2025-05-22T10:50:47.084+0000] {logging_mixin.py:190} INFO - 💌message 192 sent: user_id=121
[2025-05-22T10:50:47.135+0000] {logging_mixin.py:190} INFO - 💌message 193 sent: user_id=106
[2025-05-22T10:50:47.188+0000] {logging_mixin.py:190} INFO - 💌message 194 sent: user_id=130
[2025-05-22T10:50:47.242+0000] {logging_mixin.py:190} INFO - 💌message 195 sent: user_id=138
[2025-05-22T10:50:47.293+0000] {logging_mixin.py:190} INFO - 💌message 196 sent: user_id=103
[2025-05-22T10:50:47.347+0000] {logging_mixin.py:190} INFO - 💌message 197 sent: user_id=104
[2025-05-22T10:50:47.399+0000] {logging_mixin.py:190} INFO - 💌message 198 sent: user_id=147
[2025-05-22T10:50:47.452+0000] {logging_mixin.py:190} INFO - 💌message 199 sent: user_id=141
[2025-05-22T10:50:47.505+0000] {logging_mixin.py:190} INFO - 💌message 200 sent: user_id=113
[2025-05-22T10:50:47.556+0000] {logging_mixin.py:190} INFO - 💌message 201 sent: user_id=124
[2025-05-22T10:50:47.609+0000] {logging_mixin.py:190} INFO - 💌message 202 sent: user_id=127
[2025-05-22T10:50:47.663+0000] {logging_mixin.py:190} INFO - 💌message 203 sent: user_id=123
[2025-05-22T10:50:47.723+0000] {logging_mixin.py:190} INFO - 💌message 204 sent: user_id=133
[2025-05-22T10:50:47.777+0000] {logging_mixin.py:190} INFO - 💌message 205 sent: user_id=124
[2025-05-22T10:50:47.828+0000] {logging_mixin.py:190} INFO - 💌message 206 sent: user_id=106
[2025-05-22T10:50:47.883+0000] {logging_mixin.py:190} INFO - 💌message 207 sent: user_id=129
[2025-05-22T10:50:47.937+0000] {logging_mixin.py:190} INFO - 💌message 208 sent: user_id=139
[2025-05-22T10:50:47.993+0000] {logging_mixin.py:190} INFO - 💌message 209 sent: user_id=125
[2025-05-22T10:50:48.048+0000] {logging_mixin.py:190} INFO - 💌message 210 sent: user_id=125
[2025-05-22T10:50:48.105+0000] {logging_mixin.py:190} INFO - 💌message 211 sent: user_id=104
[2025-05-22T10:50:48.161+0000] {logging_mixin.py:190} INFO - 💌message 212 sent: user_id=150
[2025-05-22T10:50:48.212+0000] {logging_mixin.py:190} INFO - 💌message 213 sent: user_id=130
[2025-05-22T10:50:48.265+0000] {logging_mixin.py:190} INFO - 💌message 214 sent: user_id=131
[2025-05-22T10:50:48.322+0000] {logging_mixin.py:190} INFO - 💌message 215 sent: user_id=111
[2025-05-22T10:50:48.377+0000] {logging_mixin.py:190} INFO - 💌message 216 sent: user_id=141
[2025-05-22T10:50:48.436+0000] {logging_mixin.py:190} INFO - 💌message 217 sent: user_id=102
[2025-05-22T10:50:48.491+0000] {logging_mixin.py:190} INFO - 💌message 218 sent: user_id=148
[2025-05-22T10:50:48.551+0000] {logging_mixin.py:190} INFO - 💌message 219 sent: user_id=117
[2025-05-22T10:50:48.604+0000] {logging_mixin.py:190} INFO - 💌message 220 sent: user_id=126
[2025-05-22T10:50:48.659+0000] {logging_mixin.py:190} INFO - 💌message 221 sent: user_id=128
[2025-05-22T10:50:48.712+0000] {logging_mixin.py:190} INFO - 💌message 222 sent: user_id=101
[2025-05-22T10:50:48.768+0000] {logging_mixin.py:190} INFO - 💌message 223 sent: user_id=111
[2025-05-22T10:50:48.824+0000] {logging_mixin.py:190} INFO - 💌message 224 sent: user_id=111
[2025-05-22T10:50:48.879+0000] {logging_mixin.py:190} INFO - 💌message 225 sent: user_id=147
[2025-05-22T10:50:48.932+0000] {logging_mixin.py:190} INFO - 💌message 226 sent: user_id=113
[2025-05-22T10:50:48.985+0000] {logging_mixin.py:190} INFO - 💌message 227 sent: user_id=141
[2025-05-22T10:50:49.038+0000] {logging_mixin.py:190} INFO - 💌message 228 sent: user_id=101
[2025-05-22T10:50:49.090+0000] {logging_mixin.py:190} INFO - 💌message 229 sent: user_id=103
[2025-05-22T10:50:49.143+0000] {logging_mixin.py:190} INFO - 💌message 230 sent: user_id=125
[2025-05-22T10:50:49.194+0000] {logging_mixin.py:190} INFO - 💌message 231 sent: user_id=127
[2025-05-22T10:50:49.247+0000] {logging_mixin.py:190} INFO - 💌message 232 sent: user_id=133
[2025-05-22T10:50:49.302+0000] {logging_mixin.py:190} INFO - 💌message 233 sent: user_id=127
[2025-05-22T10:50:49.354+0000] {logging_mixin.py:190} INFO - 💌message 234 sent: user_id=144
[2025-05-22T10:50:49.409+0000] {logging_mixin.py:190} INFO - 💌message 235 sent: user_id=141
[2025-05-22T10:50:49.467+0000] {logging_mixin.py:190} INFO - 💌message 236 sent: user_id=105
[2025-05-22T10:50:49.529+0000] {logging_mixin.py:190} INFO - 💌message 237 sent: user_id=139
[2025-05-22T10:50:49.587+0000] {logging_mixin.py:190} INFO - 💌message 238 sent: user_id=143
[2025-05-22T10:50:49.646+0000] {logging_mixin.py:190} INFO - 💌message 239 sent: user_id=108
[2025-05-22T10:50:49.703+0000] {logging_mixin.py:190} INFO - 💌message 240 sent: user_id=147
[2025-05-22T10:50:49.761+0000] {logging_mixin.py:190} INFO - 💌message 241 sent: user_id=104
[2025-05-22T10:50:49.815+0000] {logging_mixin.py:190} INFO - 💌message 242 sent: user_id=137
[2025-05-22T10:50:49.867+0000] {logging_mixin.py:190} INFO - 💌message 243 sent: user_id=102
[2025-05-22T10:50:49.922+0000] {logging_mixin.py:190} INFO - 💌message 244 sent: user_id=130
[2025-05-22T10:50:49.975+0000] {logging_mixin.py:190} INFO - 💌message 245 sent: user_id=145
[2025-05-22T10:50:50.029+0000] {logging_mixin.py:190} INFO - 💌message 246 sent: user_id=129
[2025-05-22T10:50:50.082+0000] {logging_mixin.py:190} INFO - 💌message 247 sent: user_id=137
[2025-05-22T10:50:50.138+0000] {logging_mixin.py:190} INFO - 💌message 248 sent: user_id=141
[2025-05-22T10:50:50.190+0000] {logging_mixin.py:190} INFO - 💌message 249 sent: user_id=137
[2025-05-22T10:50:50.243+0000] {logging_mixin.py:190} INFO - 💌message 250 sent: user_id=136
[2025-05-22T10:50:50.299+0000] {logging_mixin.py:190} INFO - 💌message 251 sent: user_id=130
[2025-05-22T10:50:50.354+0000] {logging_mixin.py:190} INFO - 💌message 252 sent: user_id=127
[2025-05-22T10:50:50.409+0000] {logging_mixin.py:190} INFO - 💌message 253 sent: user_id=125
[2025-05-22T10:50:50.466+0000] {logging_mixin.py:190} INFO - 💌message 254 sent: user_id=126
[2025-05-22T10:50:50.524+0000] {logging_mixin.py:190} INFO - 💌message 255 sent: user_id=149
[2025-05-22T10:50:50.580+0000] {logging_mixin.py:190} INFO - 💌message 256 sent: user_id=105
[2025-05-22T10:50:50.751+0000] {logging_mixin.py:190} INFO - 💌message 257 sent: user_id=136
[2025-05-22T10:50:50.802+0000] {logging_mixin.py:190} INFO - 💌message 258 sent: user_id=129
[2025-05-22T10:50:50.855+0000] {logging_mixin.py:190} INFO - 💌message 259 sent: user_id=104
[2025-05-22T10:50:50.907+0000] {logging_mixin.py:190} INFO - 💌message 260 sent: user_id=116
[2025-05-22T10:50:50.963+0000] {logging_mixin.py:190} INFO - 💌message 261 sent: user_id=145
[2025-05-22T10:50:51.015+0000] {logging_mixin.py:190} INFO - 💌message 262 sent: user_id=104
[2025-05-22T10:50:51.067+0000] {logging_mixin.py:190} INFO - 💌message 263 sent: user_id=132
[2025-05-22T10:50:51.118+0000] {logging_mixin.py:190} INFO - 💌message 264 sent: user_id=118
[2025-05-22T10:50:51.171+0000] {logging_mixin.py:190} INFO - 💌message 265 sent: user_id=103
[2025-05-22T10:50:51.223+0000] {logging_mixin.py:190} INFO - 💌message 266 sent: user_id=109
[2025-05-22T10:50:51.275+0000] {logging_mixin.py:190} INFO - 💌message 267 sent: user_id=128
[2025-05-22T10:50:51.327+0000] {logging_mixin.py:190} INFO - 💌message 268 sent: user_id=139
[2025-05-22T10:50:51.379+0000] {logging_mixin.py:190} INFO - 💌message 269 sent: user_id=128
[2025-05-22T10:50:51.436+0000] {logging_mixin.py:190} INFO - 💌message 270 sent: user_id=111
[2025-05-22T10:50:51.491+0000] {logging_mixin.py:190} INFO - 💌message 271 sent: user_id=103
[2025-05-22T10:50:51.549+0000] {logging_mixin.py:190} INFO - 💌message 272 sent: user_id=102
[2025-05-22T10:50:51.603+0000] {logging_mixin.py:190} INFO - 💌message 273 sent: user_id=117
[2025-05-22T10:50:51.657+0000] {logging_mixin.py:190} INFO - 💌message 274 sent: user_id=141
[2025-05-22T10:50:51.712+0000] {logging_mixin.py:190} INFO - 💌message 275 sent: user_id=124
[2025-05-22T10:50:51.765+0000] {logging_mixin.py:190} INFO - 💌message 276 sent: user_id=105
[2025-05-22T10:50:51.819+0000] {logging_mixin.py:190} INFO - 💌message 277 sent: user_id=101
[2025-05-22T10:50:51.879+0000] {logging_mixin.py:190} INFO - 💌message 278 sent: user_id=119
[2025-05-22T10:50:51.934+0000] {logging_mixin.py:190} INFO - 💌message 279 sent: user_id=129
[2025-05-22T10:50:51.992+0000] {logging_mixin.py:190} INFO - 💌message 280 sent: user_id=129
[2025-05-22T10:50:52.044+0000] {logging_mixin.py:190} INFO - 💌message 281 sent: user_id=100
[2025-05-22T10:50:52.098+0000] {logging_mixin.py:190} INFO - 💌message 282 sent: user_id=111
[2025-05-22T10:50:52.150+0000] {logging_mixin.py:190} INFO - 💌message 283 sent: user_id=128
[2025-05-22T10:50:52.205+0000] {logging_mixin.py:190} INFO - 💌message 284 sent: user_id=144
[2025-05-22T10:50:52.258+0000] {logging_mixin.py:190} INFO - 💌message 285 sent: user_id=115
[2025-05-22T10:50:52.312+0000] {logging_mixin.py:190} INFO - 💌message 286 sent: user_id=118
[2025-05-22T10:50:52.368+0000] {logging_mixin.py:190} INFO - 💌message 287 sent: user_id=131
[2025-05-22T10:50:52.425+0000] {logging_mixin.py:190} INFO - 💌message 288 sent: user_id=107
[2025-05-22T10:50:52.479+0000] {logging_mixin.py:190} INFO - 💌message 289 sent: user_id=107
[2025-05-22T10:50:52.534+0000] {logging_mixin.py:190} INFO - 💌message 290 sent: user_id=137
[2025-05-22T10:50:52.588+0000] {logging_mixin.py:190} INFO - 💌message 291 sent: user_id=102
[2025-05-22T10:50:52.644+0000] {logging_mixin.py:190} INFO - 💌message 292 sent: user_id=107
[2025-05-22T10:50:52.699+0000] {logging_mixin.py:190} INFO - 💌message 293 sent: user_id=124
[2025-05-22T10:50:52.756+0000] {logging_mixin.py:190} INFO - 💌message 294 sent: user_id=107
[2025-05-22T10:50:52.812+0000] {logging_mixin.py:190} INFO - 💌message 295 sent: user_id=135
[2025-05-22T10:50:52.867+0000] {logging_mixin.py:190} INFO - 💌message 296 sent: user_id=141
[2025-05-22T10:50:52.924+0000] {logging_mixin.py:190} INFO - 💌message 297 sent: user_id=125
[2025-05-22T10:50:52.979+0000] {logging_mixin.py:190} INFO - 💌message 298 sent: user_id=118
[2025-05-22T10:50:53.034+0000] {logging_mixin.py:190} INFO - 💌message 299 sent: user_id=128
[2025-05-22T10:50:53.089+0000] {logging_mixin.py:190} INFO - 💌message 300 sent: user_id=141
[2025-05-22T10:50:53.144+0000] {logging_mixin.py:190} INFO - 💌message 301 sent: user_id=108
[2025-05-22T10:50:53.199+0000] {logging_mixin.py:190} INFO - 💌message 302 sent: user_id=139
[2025-05-22T10:50:53.256+0000] {logging_mixin.py:190} INFO - 💌message 303 sent: user_id=122
[2025-05-22T10:50:53.310+0000] {logging_mixin.py:190} INFO - 💌message 304 sent: user_id=118
[2025-05-22T10:50:53.364+0000] {logging_mixin.py:190} INFO - 💌message 305 sent: user_id=120
[2025-05-22T10:50:53.421+0000] {logging_mixin.py:190} INFO - 💌message 306 sent: user_id=142
[2025-05-22T10:50:53.477+0000] {logging_mixin.py:190} INFO - 💌message 307 sent: user_id=144
[2025-05-22T10:50:53.533+0000] {logging_mixin.py:190} INFO - 💌message 308 sent: user_id=102
[2025-05-22T10:50:53.591+0000] {logging_mixin.py:190} INFO - 💌message 309 sent: user_id=146
[2025-05-22T10:50:53.647+0000] {logging_mixin.py:190} INFO - 💌message 310 sent: user_id=127
[2025-05-22T10:50:53.701+0000] {logging_mixin.py:190} INFO - 💌message 311 sent: user_id=132
[2025-05-22T10:50:53.760+0000] {logging_mixin.py:190} INFO - 💌message 312 sent: user_id=124
[2025-05-22T10:50:53.815+0000] {logging_mixin.py:190} INFO - 💌message 313 sent: user_id=129
[2025-05-22T10:50:53.868+0000] {logging_mixin.py:190} INFO - 💌message 314 sent: user_id=129
[2025-05-22T10:50:53.920+0000] {logging_mixin.py:190} INFO - 💌message 315 sent: user_id=143
[2025-05-22T10:50:53.972+0000] {logging_mixin.py:190} INFO - 💌message 316 sent: user_id=112
[2025-05-22T10:50:54.026+0000] {logging_mixin.py:190} INFO - 💌message 317 sent: user_id=149
[2025-05-22T10:50:54.077+0000] {logging_mixin.py:190} INFO - 💌message 318 sent: user_id=141
[2025-05-22T10:50:54.129+0000] {logging_mixin.py:190} INFO - 💌message 319 sent: user_id=107
[2025-05-22T10:50:54.186+0000] {logging_mixin.py:190} INFO - 💌message 320 sent: user_id=103
[2025-05-22T10:50:54.242+0000] {logging_mixin.py:190} INFO - 💌message 321 sent: user_id=107
[2025-05-22T10:50:54.299+0000] {logging_mixin.py:190} INFO - 💌message 322 sent: user_id=109
[2025-05-22T10:50:54.353+0000] {logging_mixin.py:190} INFO - 💌message 323 sent: user_id=149
[2025-05-22T10:50:54.407+0000] {logging_mixin.py:190} INFO - 💌message 324 sent: user_id=128
[2025-05-22T10:50:54.461+0000] {logging_mixin.py:190} INFO - 💌message 325 sent: user_id=132
[2025-05-22T10:50:54.519+0000] {logging_mixin.py:190} INFO - 💌message 326 sent: user_id=109
[2025-05-22T10:50:54.573+0000] {logging_mixin.py:190} INFO - 💌message 327 sent: user_id=120
[2025-05-22T10:50:54.628+0000] {logging_mixin.py:190} INFO - 💌message 328 sent: user_id=140
[2025-05-22T10:50:54.683+0000] {logging_mixin.py:190} INFO - 💌message 329 sent: user_id=143
[2025-05-22T10:50:54.740+0000] {logging_mixin.py:190} INFO - 💌message 330 sent: user_id=115
[2025-05-22T10:50:54.793+0000] {logging_mixin.py:190} INFO - 💌message 331 sent: user_id=109
[2025-05-22T10:50:54.849+0000] {logging_mixin.py:190} INFO - 💌message 332 sent: user_id=145
[2025-05-22T10:50:54.904+0000] {logging_mixin.py:190} INFO - 💌message 333 sent: user_id=148
[2025-05-22T10:50:54.957+0000] {logging_mixin.py:190} INFO - 💌message 334 sent: user_id=101
[2025-05-22T10:50:55.011+0000] {logging_mixin.py:190} INFO - 💌message 335 sent: user_id=140
[2025-05-22T10:50:55.066+0000] {logging_mixin.py:190} INFO - 💌message 336 sent: user_id=138
[2025-05-22T10:50:55.123+0000] {logging_mixin.py:190} INFO - 💌message 337 sent: user_id=138
[2025-05-22T10:50:55.175+0000] {logging_mixin.py:190} INFO - 💌message 338 sent: user_id=109
[2025-05-22T10:50:55.227+0000] {logging_mixin.py:190} INFO - 💌message 339 sent: user_id=149
[2025-05-22T10:50:55.279+0000] {logging_mixin.py:190} INFO - 💌message 340 sent: user_id=147
[2025-05-22T10:50:55.330+0000] {logging_mixin.py:190} INFO - 💌message 341 sent: user_id=103
[2025-05-22T10:50:55.382+0000] {logging_mixin.py:190} INFO - 💌message 342 sent: user_id=135
[2025-05-22T10:50:55.435+0000] {logging_mixin.py:190} INFO - 💌message 343 sent: user_id=140
[2025-05-22T10:50:55.487+0000] {logging_mixin.py:190} INFO - 💌message 344 sent: user_id=105
[2025-05-22T10:50:55.541+0000] {logging_mixin.py:190} INFO - 💌message 345 sent: user_id=107
[2025-05-22T10:50:55.596+0000] {logging_mixin.py:190} INFO - 💌message 346 sent: user_id=149
[2025-05-22T10:50:55.651+0000] {logging_mixin.py:190} INFO - 💌message 347 sent: user_id=134
[2025-05-22T10:50:55.707+0000] {logging_mixin.py:190} INFO - 💌message 348 sent: user_id=147
[2025-05-22T10:50:55.761+0000] {logging_mixin.py:190} INFO - 💌message 349 sent: user_id=105
[2025-05-22T10:50:55.818+0000] {logging_mixin.py:190} INFO - 💌message 350 sent: user_id=145
[2025-05-22T10:50:55.872+0000] {logging_mixin.py:190} INFO - 💌message 351 sent: user_id=112
[2025-05-22T10:50:55.924+0000] {logging_mixin.py:190} INFO - 💌message 352 sent: user_id=130
[2025-05-22T10:50:55.977+0000] {logging_mixin.py:190} INFO - 💌message 353 sent: user_id=136
[2025-05-22T10:50:56.029+0000] {logging_mixin.py:190} INFO - 💌message 354 sent: user_id=122
[2025-05-22T10:50:56.083+0000] {logging_mixin.py:190} INFO - 💌message 355 sent: user_id=134
[2025-05-22T10:50:56.137+0000] {logging_mixin.py:190} INFO - 💌message 356 sent: user_id=129
[2025-05-22T10:50:56.190+0000] {logging_mixin.py:190} INFO - 💌message 357 sent: user_id=143
[2025-05-22T10:50:56.242+0000] {logging_mixin.py:190} INFO - 💌message 358 sent: user_id=137
[2025-05-22T10:50:56.295+0000] {logging_mixin.py:190} INFO - 💌message 359 sent: user_id=135
[2025-05-22T10:50:56.349+0000] {logging_mixin.py:190} INFO - 💌message 360 sent: user_id=112
[2025-05-22T10:50:56.404+0000] {logging_mixin.py:190} INFO - 💌message 361 sent: user_id=117
[2025-05-22T10:50:56.459+0000] {logging_mixin.py:190} INFO - 💌message 362 sent: user_id=112
[2025-05-22T10:50:56.513+0000] {logging_mixin.py:190} INFO - 💌message 363 sent: user_id=141
[2025-05-22T10:50:56.567+0000] {logging_mixin.py:190} INFO - 💌message 364 sent: user_id=113
[2025-05-22T10:50:56.622+0000] {logging_mixin.py:190} INFO - 💌message 365 sent: user_id=118
[2025-05-22T10:50:56.675+0000] {logging_mixin.py:190} INFO - 💌message 366 sent: user_id=135
[2025-05-22T10:50:56.728+0000] {logging_mixin.py:190} INFO - 💌message 367 sent: user_id=115
[2025-05-22T10:50:56.780+0000] {logging_mixin.py:190} INFO - 💌message 368 sent: user_id=129
[2025-05-22T10:50:56.832+0000] {logging_mixin.py:190} INFO - 💌message 369 sent: user_id=122
[2025-05-22T10:50:56.883+0000] {logging_mixin.py:190} INFO - 💌message 370 sent: user_id=130
[2025-05-22T10:50:56.936+0000] {logging_mixin.py:190} INFO - 💌message 371 sent: user_id=116
[2025-05-22T10:50:56.987+0000] {logging_mixin.py:190} INFO - 💌message 372 sent: user_id=100
[2025-05-22T10:50:57.041+0000] {logging_mixin.py:190} INFO - 💌message 373 sent: user_id=120
[2025-05-22T10:50:57.095+0000] {logging_mixin.py:190} INFO - 💌message 374 sent: user_id=117
[2025-05-22T10:50:57.147+0000] {logging_mixin.py:190} INFO - 💌message 375 sent: user_id=130
[2025-05-22T10:50:57.199+0000] {logging_mixin.py:190} INFO - 💌message 376 sent: user_id=103
[2025-05-22T10:50:57.252+0000] {logging_mixin.py:190} INFO - 💌message 377 sent: user_id=132
[2025-05-22T10:50:57.307+0000] {logging_mixin.py:190} INFO - 💌message 378 sent: user_id=114
[2025-05-22T10:50:57.359+0000] {logging_mixin.py:190} INFO - 💌message 379 sent: user_id=125
[2025-05-22T10:50:57.411+0000] {logging_mixin.py:190} INFO - 💌message 380 sent: user_id=116
[2025-05-22T10:50:57.463+0000] {logging_mixin.py:190} INFO - 💌message 381 sent: user_id=150
[2025-05-22T10:50:57.518+0000] {logging_mixin.py:190} INFO - 💌message 382 sent: user_id=114
[2025-05-22T10:50:57.571+0000] {logging_mixin.py:190} INFO - 💌message 383 sent: user_id=101
[2025-05-22T10:50:57.625+0000] {logging_mixin.py:190} INFO - 💌message 384 sent: user_id=137
[2025-05-22T10:50:57.681+0000] {logging_mixin.py:190} INFO - 💌message 385 sent: user_id=129
[2025-05-22T10:50:57.736+0000] {logging_mixin.py:190} INFO - 💌message 386 sent: user_id=133
[2025-05-22T10:50:57.789+0000] {logging_mixin.py:190} INFO - 💌message 387 sent: user_id=137
[2025-05-22T10:50:57.841+0000] {logging_mixin.py:190} INFO - 💌message 388 sent: user_id=111
[2025-05-22T10:50:57.894+0000] {logging_mixin.py:190} INFO - 💌message 389 sent: user_id=138
[2025-05-22T10:50:57.946+0000] {logging_mixin.py:190} INFO - 💌message 390 sent: user_id=106
[2025-05-22T10:50:58.000+0000] {logging_mixin.py:190} INFO - 💌message 391 sent: user_id=129
[2025-05-22T10:50:58.051+0000] {logging_mixin.py:190} INFO - 💌message 392 sent: user_id=146
[2025-05-22T10:50:58.104+0000] {logging_mixin.py:190} INFO - 💌message 393 sent: user_id=136
[2025-05-22T10:50:58.156+0000] {logging_mixin.py:190} INFO - 💌message 394 sent: user_id=130
[2025-05-22T10:50:58.208+0000] {logging_mixin.py:190} INFO - 💌message 395 sent: user_id=131
[2025-05-22T10:50:58.260+0000] {logging_mixin.py:190} INFO - 💌message 396 sent: user_id=108
[2025-05-22T10:50:58.312+0000] {logging_mixin.py:190} INFO - 💌message 397 sent: user_id=131
[2025-05-22T10:50:58.364+0000] {logging_mixin.py:190} INFO - 💌message 398 sent: user_id=132
[2025-05-22T10:50:58.415+0000] {logging_mixin.py:190} INFO - 💌message 399 sent: user_id=132
[2025-05-22T10:50:58.467+0000] {logging_mixin.py:190} INFO - 💌message 400 sent: user_id=121
[2025-05-22T10:50:58.519+0000] {logging_mixin.py:190} INFO - 💌message 401 sent: user_id=132
[2025-05-22T10:50:58.572+0000] {logging_mixin.py:190} INFO - 💌message 402 sent: user_id=145
[2025-05-22T10:50:58.623+0000] {logging_mixin.py:190} INFO - 💌message 403 sent: user_id=137
[2025-05-22T10:50:58.675+0000] {logging_mixin.py:190} INFO - 💌message 404 sent: user_id=125
[2025-05-22T10:50:58.726+0000] {logging_mixin.py:190} INFO - 💌message 405 sent: user_id=122
[2025-05-22T10:50:58.778+0000] {logging_mixin.py:190} INFO - 💌message 406 sent: user_id=113
[2025-05-22T10:50:58.830+0000] {logging_mixin.py:190} INFO - 💌message 407 sent: user_id=129
[2025-05-22T10:50:58.882+0000] {logging_mixin.py:190} INFO - 💌message 408 sent: user_id=144
[2025-05-22T10:50:58.935+0000] {logging_mixin.py:190} INFO - 💌message 409 sent: user_id=139
[2025-05-22T10:50:58.986+0000] {logging_mixin.py:190} INFO - 💌message 410 sent: user_id=117
[2025-05-22T10:50:59.039+0000] {logging_mixin.py:190} INFO - 💌message 411 sent: user_id=132
[2025-05-22T10:50:59.095+0000] {logging_mixin.py:190} INFO - 💌message 412 sent: user_id=107
[2025-05-22T10:50:59.147+0000] {logging_mixin.py:190} INFO - 💌message 413 sent: user_id=103
[2025-05-22T10:50:59.198+0000] {logging_mixin.py:190} INFO - 💌message 414 sent: user_id=146
[2025-05-22T10:50:59.250+0000] {logging_mixin.py:190} INFO - 💌message 415 sent: user_id=119
[2025-05-22T10:50:59.302+0000] {logging_mixin.py:190} INFO - 💌message 416 sent: user_id=125
[2025-05-22T10:50:59.354+0000] {logging_mixin.py:190} INFO - 💌message 417 sent: user_id=119
[2025-05-22T10:50:59.405+0000] {logging_mixin.py:190} INFO - 💌message 418 sent: user_id=140
[2025-05-22T10:50:59.457+0000] {logging_mixin.py:190} INFO - 💌message 419 sent: user_id=119
[2025-05-22T10:50:59.510+0000] {logging_mixin.py:190} INFO - 💌message 420 sent: user_id=128
[2025-05-22T10:50:59.561+0000] {logging_mixin.py:190} INFO - 💌message 421 sent: user_id=140
[2025-05-22T10:50:59.613+0000] {logging_mixin.py:190} INFO - 💌message 422 sent: user_id=119
[2025-05-22T10:50:59.666+0000] {logging_mixin.py:190} INFO - 💌message 423 sent: user_id=143
[2025-05-22T10:50:59.718+0000] {logging_mixin.py:190} INFO - 💌message 424 sent: user_id=131
[2025-05-22T10:50:59.770+0000] {logging_mixin.py:190} INFO - 💌message 425 sent: user_id=146
[2025-05-22T10:50:59.821+0000] {logging_mixin.py:190} INFO - 💌message 426 sent: user_id=136
[2025-05-22T10:50:59.873+0000] {logging_mixin.py:190} INFO - 💌message 427 sent: user_id=137
[2025-05-22T10:50:59.925+0000] {logging_mixin.py:190} INFO - 💌message 428 sent: user_id=116
[2025-05-22T10:50:59.978+0000] {logging_mixin.py:190} INFO - 💌message 429 sent: user_id=101
[2025-05-22T10:51:00.030+0000] {logging_mixin.py:190} INFO - 💌message 430 sent: user_id=104
[2025-05-22T10:51:00.084+0000] {logging_mixin.py:190} INFO - 💌message 431 sent: user_id=119
[2025-05-22T10:51:00.136+0000] {logging_mixin.py:190} INFO - 💌message 432 sent: user_id=129
[2025-05-22T10:51:00.188+0000] {logging_mixin.py:190} INFO - 💌message 433 sent: user_id=136
[2025-05-22T10:51:00.241+0000] {logging_mixin.py:190} INFO - 💌message 434 sent: user_id=102
[2025-05-22T10:51:00.298+0000] {logging_mixin.py:190} INFO - 💌message 435 sent: user_id=100
[2025-05-22T10:51:00.351+0000] {logging_mixin.py:190} INFO - 💌message 436 sent: user_id=150
[2025-05-22T10:51:00.403+0000] {logging_mixin.py:190} INFO - 💌message 437 sent: user_id=139
[2025-05-22T10:51:00.457+0000] {logging_mixin.py:190} INFO - 💌message 438 sent: user_id=111
[2025-05-22T10:51:00.509+0000] {logging_mixin.py:190} INFO - 💌message 439 sent: user_id=149
[2025-05-22T10:51:00.563+0000] {logging_mixin.py:190} INFO - 💌message 440 sent: user_id=130
[2025-05-22T10:51:00.615+0000] {logging_mixin.py:190} INFO - 💌message 441 sent: user_id=140
[2025-05-22T10:51:00.668+0000] {logging_mixin.py:190} INFO - 💌message 442 sent: user_id=121
[2025-05-22T10:51:00.720+0000] {logging_mixin.py:190} INFO - 💌message 443 sent: user_id=141
[2025-05-22T10:51:00.773+0000] {logging_mixin.py:190} INFO - 💌message 444 sent: user_id=112
[2025-05-22T10:51:00.825+0000] {logging_mixin.py:190} INFO - 💌message 445 sent: user_id=124
[2025-05-22T10:51:00.877+0000] {logging_mixin.py:190} INFO - 💌message 446 sent: user_id=107
[2025-05-22T10:51:00.929+0000] {logging_mixin.py:190} INFO - 💌message 447 sent: user_id=107
[2025-05-22T10:51:00.982+0000] {logging_mixin.py:190} INFO - 💌message 448 sent: user_id=125
[2025-05-22T10:51:01.033+0000] {logging_mixin.py:190} INFO - 💌message 449 sent: user_id=108
[2025-05-22T10:51:01.085+0000] {logging_mixin.py:190} INFO - 💌message 450 sent: user_id=146
[2025-05-22T10:51:01.138+0000] {logging_mixin.py:190} INFO - 💌message 451 sent: user_id=109
[2025-05-22T10:51:01.190+0000] {logging_mixin.py:190} INFO - 💌message 452 sent: user_id=145
[2025-05-22T10:51:01.241+0000] {logging_mixin.py:190} INFO - 💌message 453 sent: user_id=141
[2025-05-22T10:51:01.294+0000] {logging_mixin.py:190} INFO - 💌message 454 sent: user_id=103
[2025-05-22T10:51:01.345+0000] {logging_mixin.py:190} INFO - 💌message 455 sent: user_id=138
[2025-05-22T10:51:01.397+0000] {logging_mixin.py:190} INFO - 💌message 456 sent: user_id=148
[2025-05-22T10:51:01.449+0000] {logging_mixin.py:190} INFO - 💌message 457 sent: user_id=140
[2025-05-22T10:51:01.501+0000] {logging_mixin.py:190} INFO - 💌message 458 sent: user_id=115
[2025-05-22T10:51:01.553+0000] {logging_mixin.py:190} INFO - 💌message 459 sent: user_id=105
[2025-05-22T10:51:01.606+0000] {logging_mixin.py:190} INFO - 💌message 460 sent: user_id=107
[2025-05-22T10:51:01.657+0000] {logging_mixin.py:190} INFO - 💌message 461 sent: user_id=118
[2025-05-22T10:51:01.709+0000] {logging_mixin.py:190} INFO - 💌message 462 sent: user_id=109
[2025-05-22T10:51:01.762+0000] {logging_mixin.py:190} INFO - 💌message 463 sent: user_id=150
[2025-05-22T10:51:01.814+0000] {logging_mixin.py:190} INFO - 💌message 464 sent: user_id=117
[2025-05-22T10:51:01.866+0000] {logging_mixin.py:190} INFO - 💌message 465 sent: user_id=113
[2025-05-22T10:51:01.918+0000] {logging_mixin.py:190} INFO - 💌message 466 sent: user_id=105
[2025-05-22T10:51:01.970+0000] {logging_mixin.py:190} INFO - 💌message 467 sent: user_id=141
[2025-05-22T10:51:02.022+0000] {logging_mixin.py:190} INFO - 💌message 468 sent: user_id=139
[2025-05-22T10:51:02.074+0000] {logging_mixin.py:190} INFO - 💌message 469 sent: user_id=145
[2025-05-22T10:51:02.126+0000] {logging_mixin.py:190} INFO - 💌message 470 sent: user_id=101
[2025-05-22T10:51:02.178+0000] {logging_mixin.py:190} INFO - 💌message 471 sent: user_id=133
[2025-05-22T10:51:02.231+0000] {logging_mixin.py:190} INFO - 💌message 472 sent: user_id=140
[2025-05-22T10:51:02.284+0000] {logging_mixin.py:190} INFO - 💌message 473 sent: user_id=150
[2025-05-22T10:51:02.338+0000] {logging_mixin.py:190} INFO - 💌message 474 sent: user_id=150
[2025-05-22T10:51:02.391+0000] {logging_mixin.py:190} INFO - 💌message 475 sent: user_id=132
[2025-05-22T10:51:02.451+0000] {logging_mixin.py:190} INFO - 💌message 476 sent: user_id=136
[2025-05-22T10:51:02.506+0000] {logging_mixin.py:190} INFO - 💌message 477 sent: user_id=141
[2025-05-22T10:51:02.563+0000] {logging_mixin.py:190} INFO - 💌message 478 sent: user_id=102
[2025-05-22T10:51:02.617+0000] {logging_mixin.py:190} INFO - 💌message 479 sent: user_id=101
[2025-05-22T10:51:02.677+0000] {logging_mixin.py:190} INFO - 💌message 480 sent: user_id=131
[2025-05-22T10:51:02.732+0000] {logging_mixin.py:190} INFO - 💌message 481 sent: user_id=107
[2025-05-22T10:51:02.786+0000] {logging_mixin.py:190} INFO - 💌message 482 sent: user_id=115
[2025-05-22T10:51:02.841+0000] {logging_mixin.py:190} INFO - 💌message 483 sent: user_id=130
[2025-05-22T10:51:02.897+0000] {logging_mixin.py:190} INFO - 💌message 484 sent: user_id=141
[2025-05-22T10:51:02.951+0000] {logging_mixin.py:190} INFO - 💌message 485 sent: user_id=124
[2025-05-22T10:51:03.009+0000] {logging_mixin.py:190} INFO - 💌message 486 sent: user_id=126
[2025-05-22T10:51:03.065+0000] {logging_mixin.py:190} INFO - 💌message 487 sent: user_id=112
[2025-05-22T10:51:03.121+0000] {logging_mixin.py:190} INFO - 💌message 488 sent: user_id=143
[2025-05-22T10:51:03.175+0000] {logging_mixin.py:190} INFO - 💌message 489 sent: user_id=138
[2025-05-22T10:51:03.230+0000] {logging_mixin.py:190} INFO - 💌message 490 sent: user_id=117
[2025-05-22T10:51:03.284+0000] {logging_mixin.py:190} INFO - 💌message 491 sent: user_id=140
[2025-05-22T10:51:03.336+0000] {logging_mixin.py:190} INFO - 💌message 492 sent: user_id=123
[2025-05-22T10:51:03.390+0000] {logging_mixin.py:190} INFO - 💌message 493 sent: user_id=119
[2025-05-22T10:51:03.441+0000] {logging_mixin.py:190} INFO - 💌message 494 sent: user_id=109
[2025-05-22T10:51:03.493+0000] {logging_mixin.py:190} INFO - 💌message 495 sent: user_id=134
[2025-05-22T10:51:03.546+0000] {logging_mixin.py:190} INFO - 💌message 496 sent: user_id=120
[2025-05-22T10:51:03.600+0000] {logging_mixin.py:190} INFO - 💌message 497 sent: user_id=113
[2025-05-22T10:51:03.656+0000] {logging_mixin.py:190} INFO - 💌message 498 sent: user_id=108
[2025-05-22T10:51:03.710+0000] {logging_mixin.py:190} INFO - 💌message 499 sent: user_id=123
[2025-05-22T10:51:03.768+0000] {logging_mixin.py:190} INFO - 💌message 500 sent: user_id=114
[2025-05-22T10:51:03.822+0000] {logging_mixin.py:190} INFO - 💌message 501 sent: user_id=114
[2025-05-22T10:51:03.878+0000] {logging_mixin.py:190} INFO - 💌message 502 sent: user_id=141
[2025-05-22T10:51:03.934+0000] {logging_mixin.py:190} INFO - 💌message 503 sent: user_id=148
[2025-05-22T10:51:03.991+0000] {logging_mixin.py:190} INFO - 💌message 504 sent: user_id=139
[2025-05-22T10:51:04.047+0000] {logging_mixin.py:190} INFO - 💌message 505 sent: user_id=126
[2025-05-22T10:51:04.103+0000] {logging_mixin.py:190} INFO - 💌message 506 sent: user_id=109
[2025-05-22T10:51:04.158+0000] {logging_mixin.py:190} INFO - 💌message 507 sent: user_id=112
[2025-05-22T10:51:04.214+0000] {logging_mixin.py:190} INFO - 💌message 508 sent: user_id=113
[2025-05-22T10:51:04.268+0000] {logging_mixin.py:190} INFO - 💌message 509 sent: user_id=145
[2025-05-22T10:51:04.322+0000] {logging_mixin.py:190} INFO - 💌message 510 sent: user_id=139
[2025-05-22T10:51:04.376+0000] {logging_mixin.py:190} INFO - 💌message 511 sent: user_id=108
[2025-05-22T10:51:04.428+0000] {logging_mixin.py:190} INFO - 💌message 512 sent: user_id=146
[2025-05-22T10:51:04.483+0000] {logging_mixin.py:190} INFO - 💌message 513 sent: user_id=100
[2025-05-22T10:51:04.539+0000] {logging_mixin.py:190} INFO - 💌message 514 sent: user_id=133
[2025-05-22T10:51:04.596+0000] {logging_mixin.py:190} INFO - 💌message 515 sent: user_id=138
[2025-05-22T10:51:04.653+0000] {logging_mixin.py:190} INFO - 💌message 516 sent: user_id=106
[2025-05-22T10:51:04.709+0000] {logging_mixin.py:190} INFO - 💌message 517 sent: user_id=116
[2025-05-22T10:51:04.763+0000] {logging_mixin.py:190} INFO - 💌message 518 sent: user_id=142
[2025-05-22T10:51:04.819+0000] {logging_mixin.py:190} INFO - 💌message 519 sent: user_id=128
[2025-05-22T10:51:04.874+0000] {logging_mixin.py:190} INFO - 💌message 520 sent: user_id=146
[2025-05-22T10:51:04.928+0000] {logging_mixin.py:190} INFO - 💌message 521 sent: user_id=105
[2025-05-22T10:51:04.980+0000] {logging_mixin.py:190} INFO - 💌message 522 sent: user_id=149
[2025-05-22T10:51:05.033+0000] {logging_mixin.py:190} INFO - 💌message 523 sent: user_id=132
[2025-05-22T10:51:05.086+0000] {logging_mixin.py:190} INFO - 💌message 524 sent: user_id=144
[2025-05-22T10:51:05.138+0000] {logging_mixin.py:190} INFO - 💌message 525 sent: user_id=122
[2025-05-22T10:51:05.193+0000] {logging_mixin.py:190} INFO - 💌message 526 sent: user_id=141
[2025-05-22T10:51:05.247+0000] {logging_mixin.py:190} INFO - 💌message 527 sent: user_id=129
[2025-05-22T10:51:05.299+0000] {logging_mixin.py:190} INFO - 💌message 528 sent: user_id=139
[2025-05-22T10:51:05.353+0000] {logging_mixin.py:190} INFO - 💌message 529 sent: user_id=109
[2025-05-22T10:51:05.409+0000] {logging_mixin.py:190} INFO - 💌message 530 sent: user_id=132
[2025-05-22T10:51:05.465+0000] {logging_mixin.py:190} INFO - 💌message 531 sent: user_id=150
[2025-05-22T10:51:05.522+0000] {logging_mixin.py:190} INFO - 💌message 532 sent: user_id=102
[2025-05-22T10:51:05.577+0000] {logging_mixin.py:190} INFO - 💌message 533 sent: user_id=119
[2025-05-22T10:51:05.632+0000] {logging_mixin.py:190} INFO - 💌message 534 sent: user_id=145
[2025-05-22T10:51:05.687+0000] {logging_mixin.py:190} INFO - 💌message 535 sent: user_id=129
[2025-05-22T10:51:05.740+0000] {logging_mixin.py:190} INFO - 💌message 536 sent: user_id=118
[2025-05-22T10:51:05.795+0000] {logging_mixin.py:190} INFO - 💌message 537 sent: user_id=103
[2025-05-22T10:51:05.853+0000] {logging_mixin.py:190} INFO - 💌message 538 sent: user_id=120
[2025-05-22T10:51:05.908+0000] {logging_mixin.py:190} INFO - 💌message 539 sent: user_id=145
[2025-05-22T10:51:05.964+0000] {logging_mixin.py:190} INFO - 💌message 540 sent: user_id=113
[2025-05-22T10:51:06.018+0000] {logging_mixin.py:190} INFO - 💌message 541 sent: user_id=135
[2025-05-22T10:51:06.078+0000] {logging_mixin.py:190} INFO - 💌message 542 sent: user_id=118
[2025-05-22T10:51:06.136+0000] {logging_mixin.py:190} INFO - 💌message 543 sent: user_id=116
[2025-05-22T10:51:06.190+0000] {logging_mixin.py:190} INFO - 💌message 544 sent: user_id=125
[2025-05-22T10:51:06.245+0000] {logging_mixin.py:190} INFO - 💌message 545 sent: user_id=144
[2025-05-22T10:51:06.299+0000] {logging_mixin.py:190} INFO - 💌message 546 sent: user_id=133
[2025-05-22T10:51:06.352+0000] {logging_mixin.py:190} INFO - 💌message 547 sent: user_id=100
[2025-05-22T10:51:06.406+0000] {logging_mixin.py:190} INFO - 💌message 548 sent: user_id=148
[2025-05-22T10:51:06.461+0000] {logging_mixin.py:190} INFO - 💌message 549 sent: user_id=119
[2025-05-22T10:51:06.516+0000] {logging_mixin.py:190} INFO - 💌message 550 sent: user_id=129
[2025-05-22T10:51:06.570+0000] {logging_mixin.py:190} INFO - 💌message 551 sent: user_id=144
[2025-05-22T10:51:06.624+0000] {logging_mixin.py:190} INFO - 💌message 552 sent: user_id=142
[2025-05-22T10:51:06.680+0000] {logging_mixin.py:190} INFO - 💌message 553 sent: user_id=112
[2025-05-22T10:51:06.735+0000] {logging_mixin.py:190} INFO - 💌message 554 sent: user_id=124
[2025-05-22T10:51:06.791+0000] {logging_mixin.py:190} INFO - 💌message 555 sent: user_id=127
[2025-05-22T10:51:06.846+0000] {logging_mixin.py:190} INFO - 💌message 556 sent: user_id=124
[2025-05-22T10:51:06.903+0000] {logging_mixin.py:190} INFO - 💌message 557 sent: user_id=134
[2025-05-22T10:51:06.957+0000] {logging_mixin.py:190} INFO - 💌message 558 sent: user_id=116
[2025-05-22T10:51:07.012+0000] {logging_mixin.py:190} INFO - 💌message 559 sent: user_id=128
[2025-05-22T10:51:07.067+0000] {logging_mixin.py:190} INFO - 💌message 560 sent: user_id=145
[2025-05-22T10:51:07.121+0000] {logging_mixin.py:190} INFO - 💌message 561 sent: user_id=111
[2025-05-22T10:51:07.176+0000] {logging_mixin.py:190} INFO - 💌message 562 sent: user_id=118
[2025-05-22T10:51:07.232+0000] {logging_mixin.py:190} INFO - 💌message 563 sent: user_id=134
[2025-05-22T10:51:07.287+0000] {logging_mixin.py:190} INFO - 💌message 564 sent: user_id=150
[2025-05-22T10:51:07.340+0000] {logging_mixin.py:190} INFO - 💌message 565 sent: user_id=115
[2025-05-22T10:51:07.394+0000] {logging_mixin.py:190} INFO - 💌message 566 sent: user_id=147
[2025-05-22T10:51:07.447+0000] {logging_mixin.py:190} INFO - 💌message 567 sent: user_id=139
[2025-05-22T10:51:07.502+0000] {logging_mixin.py:190} INFO - 💌message 568 sent: user_id=116
[2025-05-22T10:51:07.558+0000] {logging_mixin.py:190} INFO - 💌message 569 sent: user_id=143
[2025-05-22T10:51:07.613+0000] {logging_mixin.py:190} INFO - 💌message 570 sent: user_id=108
[2025-05-22T10:51:07.666+0000] {logging_mixin.py:190} INFO - 💌message 571 sent: user_id=103
[2025-05-22T10:51:07.722+0000] {logging_mixin.py:190} INFO - 💌message 572 sent: user_id=145
[2025-05-22T10:51:07.778+0000] {logging_mixin.py:190} INFO - 💌message 573 sent: user_id=132
[2025-05-22T10:51:07.835+0000] {logging_mixin.py:190} INFO - 💌message 574 sent: user_id=145
[2025-05-22T10:51:07.888+0000] {logging_mixin.py:190} INFO - 💌message 575 sent: user_id=107
[2025-05-22T10:51:07.943+0000] {logging_mixin.py:190} INFO - 💌message 576 sent: user_id=116
[2025-05-22T10:51:07.997+0000] {logging_mixin.py:190} INFO - 💌message 577 sent: user_id=122
[2025-05-22T10:51:08.049+0000] {logging_mixin.py:190} INFO - 💌message 578 sent: user_id=108
[2025-05-22T10:51:08.102+0000] {logging_mixin.py:190} INFO - 💌message 579 sent: user_id=122
[2025-05-22T10:51:08.155+0000] {logging_mixin.py:190} INFO - 💌message 580 sent: user_id=140
[2025-05-22T10:51:08.210+0000] {logging_mixin.py:190} INFO - 💌message 581 sent: user_id=146
[2025-05-22T10:51:08.264+0000] {logging_mixin.py:190} INFO - 💌message 582 sent: user_id=110
[2025-05-22T10:51:08.318+0000] {logging_mixin.py:190} INFO - 💌message 583 sent: user_id=102
[2025-05-22T10:51:08.369+0000] {logging_mixin.py:190} INFO - 💌message 584 sent: user_id=131
[2025-05-22T10:51:08.421+0000] {logging_mixin.py:190} INFO - 💌message 585 sent: user_id=135
[2025-05-22T10:51:08.472+0000] {logging_mixin.py:190} INFO - 💌message 586 sent: user_id=134
[2025-05-22T10:51:08.525+0000] {logging_mixin.py:190} INFO - 💌message 587 sent: user_id=116
[2025-05-22T10:51:08.579+0000] {logging_mixin.py:190} INFO - 💌message 588 sent: user_id=134
[2025-05-22T10:51:08.630+0000] {logging_mixin.py:190} INFO - 💌message 589 sent: user_id=138
[2025-05-22T10:51:08.681+0000] {logging_mixin.py:190} INFO - 💌message 590 sent: user_id=109
[2025-05-22T10:51:08.734+0000] {logging_mixin.py:190} INFO - 💌message 591 sent: user_id=139
[2025-05-22T10:51:08.788+0000] {logging_mixin.py:190} INFO - 💌message 592 sent: user_id=129
[2025-05-22T10:51:08.839+0000] {logging_mixin.py:190} INFO - 💌message 593 sent: user_id=147
[2025-05-22T10:51:08.892+0000] {logging_mixin.py:190} INFO - 💌message 594 sent: user_id=111
[2025-05-22T10:51:08.943+0000] {logging_mixin.py:190} INFO - 💌message 595 sent: user_id=124
[2025-05-22T10:51:08.997+0000] {logging_mixin.py:190} INFO - 💌message 596 sent: user_id=118
[2025-05-22T10:51:09.052+0000] {logging_mixin.py:190} INFO - 💌message 597 sent: user_id=116
[2025-05-22T10:51:09.104+0000] {logging_mixin.py:190} INFO - 💌message 598 sent: user_id=121
[2025-05-22T10:51:09.155+0000] {logging_mixin.py:190} INFO - 💌message 599 sent: user_id=137
[2025-05-22T10:51:09.206+0000] {logging_mixin.py:190} INFO - 💌message 600 sent: user_id=124
[2025-05-22T10:51:09.259+0000] {logging_mixin.py:190} INFO - 💌message 601 sent: user_id=103
[2025-05-22T10:51:09.312+0000] {logging_mixin.py:190} INFO - 💌message 602 sent: user_id=119
[2025-05-22T10:51:09.364+0000] {logging_mixin.py:190} INFO - 💌message 603 sent: user_id=148
[2025-05-22T10:51:09.415+0000] {logging_mixin.py:190} INFO - 💌message 604 sent: user_id=101
[2025-05-22T10:51:09.467+0000] {logging_mixin.py:190} INFO - 💌message 605 sent: user_id=111
[2025-05-22T10:51:09.519+0000] {logging_mixin.py:190} INFO - 💌message 606 sent: user_id=132
[2025-05-22T10:51:09.572+0000] {logging_mixin.py:190} INFO - 💌message 607 sent: user_id=128
[2025-05-22T10:51:09.625+0000] {logging_mixin.py:190} INFO - 💌message 608 sent: user_id=142
[2025-05-22T10:51:09.682+0000] {logging_mixin.py:190} INFO - 💌message 609 sent: user_id=132
[2025-05-22T10:51:09.737+0000] {logging_mixin.py:190} INFO - 💌message 610 sent: user_id=106
[2025-05-22T10:51:09.790+0000] {logging_mixin.py:190} INFO - 💌message 611 sent: user_id=135
[2025-05-22T10:51:09.846+0000] {logging_mixin.py:190} INFO - 💌message 612 sent: user_id=103
[2025-05-22T10:51:09.898+0000] {logging_mixin.py:190} INFO - 💌message 613 sent: user_id=129
[2025-05-22T10:51:09.952+0000] {logging_mixin.py:190} INFO - 💌message 614 sent: user_id=137
[2025-05-22T10:51:10.006+0000] {logging_mixin.py:190} INFO - 💌message 615 sent: user_id=124
[2025-05-22T10:51:10.061+0000] {logging_mixin.py:190} INFO - 💌message 616 sent: user_id=105
[2025-05-22T10:51:10.116+0000] {logging_mixin.py:190} INFO - 💌message 617 sent: user_id=102
[2025-05-22T10:51:10.170+0000] {logging_mixin.py:190} INFO - 💌message 618 sent: user_id=116
[2025-05-22T10:51:10.225+0000] {logging_mixin.py:190} INFO - 💌message 619 sent: user_id=148
[2025-05-22T10:51:10.278+0000] {logging_mixin.py:190} INFO - 💌message 620 sent: user_id=123
[2025-05-22T10:51:10.330+0000] {logging_mixin.py:190} INFO - 💌message 621 sent: user_id=130
[2025-05-22T10:51:10.383+0000] {logging_mixin.py:190} INFO - 💌message 622 sent: user_id=122
[2025-05-22T10:51:10.439+0000] {logging_mixin.py:190} INFO - 💌message 623 sent: user_id=111
[2025-05-22T10:51:10.502+0000] {logging_mixin.py:190} INFO - 💌message 624 sent: user_id=141
[2025-05-22T10:51:10.557+0000] {logging_mixin.py:190} INFO - 💌message 625 sent: user_id=122
[2025-05-22T10:51:10.610+0000] {logging_mixin.py:190} INFO - 💌message 626 sent: user_id=101
[2025-05-22T10:51:10.665+0000] {logging_mixin.py:190} INFO - 💌message 627 sent: user_id=148
[2025-05-22T10:51:10.720+0000] {logging_mixin.py:190} INFO - 💌message 628 sent: user_id=145
[2025-05-22T10:51:10.774+0000] {logging_mixin.py:190} INFO - 💌message 629 sent: user_id=111
[2025-05-22T10:51:10.831+0000] {logging_mixin.py:190} INFO - 💌message 630 sent: user_id=135
[2025-05-22T10:51:10.886+0000] {logging_mixin.py:190} INFO - 💌message 631 sent: user_id=149
[2025-05-22T10:51:10.940+0000] {logging_mixin.py:190} INFO - 💌message 632 sent: user_id=112
[2025-05-22T10:51:10.994+0000] {logging_mixin.py:190} INFO - 💌message 633 sent: user_id=142
[2025-05-22T10:51:11.049+0000] {logging_mixin.py:190} INFO - 💌message 634 sent: user_id=135
[2025-05-22T10:51:11.105+0000] {logging_mixin.py:190} INFO - 💌message 635 sent: user_id=119
[2025-05-22T10:51:11.160+0000] {logging_mixin.py:190} INFO - 💌message 636 sent: user_id=114
[2025-05-22T10:51:11.214+0000] {logging_mixin.py:190} INFO - 💌message 637 sent: user_id=120
[2025-05-22T10:51:11.268+0000] {logging_mixin.py:190} INFO - 💌message 638 sent: user_id=150
[2025-05-22T10:51:11.326+0000] {logging_mixin.py:190} INFO - 💌message 639 sent: user_id=134
[2025-05-22T10:51:11.378+0000] {logging_mixin.py:190} INFO - 💌message 640 sent: user_id=149
[2025-05-22T10:51:11.433+0000] {logging_mixin.py:190} INFO - 💌message 641 sent: user_id=106
[2025-05-22T10:51:11.488+0000] {logging_mixin.py:190} INFO - 💌message 642 sent: user_id=103
[2025-05-22T10:51:11.550+0000] {logging_mixin.py:190} INFO - 💌message 643 sent: user_id=139
[2025-05-22T10:51:11.605+0000] {logging_mixin.py:190} INFO - 💌message 644 sent: user_id=118
[2025-05-22T10:51:11.663+0000] {logging_mixin.py:190} INFO - 💌message 645 sent: user_id=140
[2025-05-22T10:51:11.719+0000] {logging_mixin.py:190} INFO - 💌message 646 sent: user_id=134
[2025-05-22T10:51:11.773+0000] {logging_mixin.py:190} INFO - 💌message 647 sent: user_id=105
[2025-05-22T10:51:11.829+0000] {logging_mixin.py:190} INFO - 💌message 648 sent: user_id=107
[2025-05-22T10:51:11.882+0000] {logging_mixin.py:190} INFO - 💌message 649 sent: user_id=106
[2025-05-22T10:51:11.938+0000] {logging_mixin.py:190} INFO - 💌message 650 sent: user_id=149
[2025-05-22T10:51:11.994+0000] {logging_mixin.py:190} INFO - 💌message 651 sent: user_id=129
[2025-05-22T10:51:12.048+0000] {logging_mixin.py:190} INFO - 💌message 652 sent: user_id=102
[2025-05-22T10:51:12.109+0000] {logging_mixin.py:190} INFO - 💌message 653 sent: user_id=132
[2025-05-22T10:51:12.161+0000] {logging_mixin.py:190} INFO - 💌message 654 sent: user_id=106
[2025-05-22T10:51:12.215+0000] {logging_mixin.py:190} INFO - 💌message 655 sent: user_id=103
[2025-05-22T10:51:12.272+0000] {logging_mixin.py:190} INFO - 💌message 656 sent: user_id=140
[2025-05-22T10:51:12.326+0000] {logging_mixin.py:190} INFO - 💌message 657 sent: user_id=148
[2025-05-22T10:51:12.380+0000] {logging_mixin.py:190} INFO - 💌message 658 sent: user_id=110
[2025-05-22T10:51:12.433+0000] {logging_mixin.py:190} INFO - 💌message 659 sent: user_id=136
[2025-05-22T10:51:12.486+0000] {logging_mixin.py:190} INFO - 💌message 660 sent: user_id=123
[2025-05-22T10:51:12.540+0000] {logging_mixin.py:190} INFO - 💌message 661 sent: user_id=141
[2025-05-22T10:51:12.596+0000] {logging_mixin.py:190} INFO - 💌message 662 sent: user_id=118
[2025-05-22T10:51:12.651+0000] {logging_mixin.py:190} INFO - 💌message 663 sent: user_id=121
[2025-05-22T10:51:12.705+0000] {logging_mixin.py:190} INFO - 💌message 664 sent: user_id=128
[2025-05-22T10:51:12.759+0000] {logging_mixin.py:190} INFO - 💌message 665 sent: user_id=107
[2025-05-22T10:51:12.814+0000] {logging_mixin.py:190} INFO - 💌message 666 sent: user_id=124
[2025-05-22T10:51:12.869+0000] {logging_mixin.py:190} INFO - 💌message 667 sent: user_id=132
[2025-05-22T10:51:12.923+0000] {logging_mixin.py:190} INFO - 💌message 668 sent: user_id=107
[2025-05-22T10:51:12.978+0000] {logging_mixin.py:190} INFO - 💌message 669 sent: user_id=145
[2025-05-22T10:51:13.034+0000] {logging_mixin.py:190} INFO - 💌message 670 sent: user_id=137
[2025-05-22T10:51:13.087+0000] {logging_mixin.py:190} INFO - 💌message 671 sent: user_id=138
[2025-05-22T10:51:13.142+0000] {logging_mixin.py:190} INFO - 💌message 672 sent: user_id=150
[2025-05-22T10:51:13.195+0000] {logging_mixin.py:190} INFO - 💌message 673 sent: user_id=142
[2025-05-22T10:51:13.252+0000] {logging_mixin.py:190} INFO - 💌message 674 sent: user_id=118
[2025-05-22T10:51:13.309+0000] {logging_mixin.py:190} INFO - 💌message 675 sent: user_id=114
[2025-05-22T10:51:13.363+0000] {logging_mixin.py:190} INFO - 💌message 676 sent: user_id=100
[2025-05-22T10:51:13.419+0000] {logging_mixin.py:190} INFO - 💌message 677 sent: user_id=116
[2025-05-22T10:51:13.472+0000] {logging_mixin.py:190} INFO - 💌message 678 sent: user_id=141
[2025-05-22T10:51:13.526+0000] {logging_mixin.py:190} INFO - 💌message 679 sent: user_id=101
[2025-05-22T10:51:13.579+0000] {logging_mixin.py:190} INFO - 💌message 680 sent: user_id=115
[2025-05-22T10:51:13.634+0000] {logging_mixin.py:190} INFO - 💌message 681 sent: user_id=113
[2025-05-22T10:51:13.688+0000] {logging_mixin.py:190} INFO - 💌message 682 sent: user_id=135
[2025-05-22T10:51:13.744+0000] {logging_mixin.py:190} INFO - 💌message 683 sent: user_id=123
[2025-05-22T10:51:13.798+0000] {logging_mixin.py:190} INFO - 💌message 684 sent: user_id=137
[2025-05-22T10:51:13.852+0000] {logging_mixin.py:190} INFO - 💌message 685 sent: user_id=136
[2025-05-22T10:51:13.907+0000] {logging_mixin.py:190} INFO - 💌message 686 sent: user_id=141
[2025-05-22T10:51:13.961+0000] {logging_mixin.py:190} INFO - 💌message 687 sent: user_id=144
[2025-05-22T10:51:14.019+0000] {logging_mixin.py:190} INFO - 💌message 688 sent: user_id=128
[2025-05-22T10:51:14.074+0000] {logging_mixin.py:190} INFO - 💌message 689 sent: user_id=118
[2025-05-22T10:51:14.128+0000] {logging_mixin.py:190} INFO - 💌message 690 sent: user_id=119
[2025-05-22T10:51:14.183+0000] {logging_mixin.py:190} INFO - 💌message 691 sent: user_id=111
[2025-05-22T10:51:14.238+0000] {logging_mixin.py:190} INFO - 💌message 692 sent: user_id=110
[2025-05-22T10:51:14.292+0000] {logging_mixin.py:190} INFO - 💌message 693 sent: user_id=121
[2025-05-22T10:51:14.347+0000] {logging_mixin.py:190} INFO - 💌message 694 sent: user_id=116
[2025-05-22T10:51:14.401+0000] {logging_mixin.py:190} INFO - 💌message 695 sent: user_id=140
[2025-05-22T10:51:14.454+0000] {logging_mixin.py:190} INFO - 💌message 696 sent: user_id=125
[2025-05-22T10:51:14.507+0000] {logging_mixin.py:190} INFO - 💌message 697 sent: user_id=145
[2025-05-22T10:51:14.559+0000] {logging_mixin.py:190} INFO - 💌message 698 sent: user_id=144
[2025-05-22T10:51:14.613+0000] {logging_mixin.py:190} INFO - 💌message 699 sent: user_id=115
[2025-05-22T10:51:14.666+0000] {logging_mixin.py:190} INFO - 💌message 700 sent: user_id=149
[2025-05-22T10:51:14.718+0000] {logging_mixin.py:190} INFO - 💌message 701 sent: user_id=128
[2025-05-22T10:51:14.779+0000] {logging_mixin.py:190} INFO - 💌message 702 sent: user_id=135
[2025-05-22T10:51:14.845+0000] {logging_mixin.py:190} INFO - 💌message 703 sent: user_id=120
[2025-05-22T10:51:14.896+0000] {logging_mixin.py:190} INFO - 💌message 704 sent: user_id=141
[2025-05-22T10:51:14.948+0000] {logging_mixin.py:190} INFO - 💌message 705 sent: user_id=122
[2025-05-22T10:51:15.001+0000] {logging_mixin.py:190} INFO - 💌message 706 sent: user_id=115
[2025-05-22T10:51:15.052+0000] {logging_mixin.py:190} INFO - 💌message 707 sent: user_id=107
[2025-05-22T10:51:15.103+0000] {logging_mixin.py:190} INFO - 💌message 708 sent: user_id=123
[2025-05-22T10:51:15.155+0000] {logging_mixin.py:190} INFO - 💌message 709 sent: user_id=105
[2025-05-22T10:51:15.206+0000] {logging_mixin.py:190} INFO - 💌message 710 sent: user_id=116
[2025-05-22T10:51:15.258+0000] {logging_mixin.py:190} INFO - 💌message 711 sent: user_id=123
[2025-05-22T10:51:15.310+0000] {logging_mixin.py:190} INFO - 💌message 712 sent: user_id=120
[2025-05-22T10:51:15.362+0000] {logging_mixin.py:190} INFO - 💌message 713 sent: user_id=144
[2025-05-22T10:51:15.414+0000] {logging_mixin.py:190} INFO - 💌message 714 sent: user_id=142
[2025-05-22T10:51:15.468+0000] {logging_mixin.py:190} INFO - 💌message 715 sent: user_id=105
[2025-05-22T10:51:15.520+0000] {logging_mixin.py:190} INFO - 💌message 716 sent: user_id=130
[2025-05-22T10:51:15.573+0000] {logging_mixin.py:190} INFO - 💌message 717 sent: user_id=127
[2025-05-22T10:51:15.626+0000] {logging_mixin.py:190} INFO - 💌message 718 sent: user_id=110
[2025-05-22T10:51:15.683+0000] {logging_mixin.py:190} INFO - 💌message 719 sent: user_id=121
[2025-05-22T10:51:15.734+0000] {logging_mixin.py:190} INFO - 💌message 720 sent: user_id=137
[2025-05-22T10:51:15.786+0000] {logging_mixin.py:190} INFO - 💌message 721 sent: user_id=128
[2025-05-22T10:51:15.838+0000] {logging_mixin.py:190} INFO - 💌message 722 sent: user_id=150
[2025-05-22T10:51:15.893+0000] {logging_mixin.py:190} INFO - 💌message 723 sent: user_id=118
[2025-05-22T10:51:15.947+0000] {logging_mixin.py:190} INFO - 💌message 724 sent: user_id=120
[2025-05-22T10:51:16.002+0000] {logging_mixin.py:190} INFO - 💌message 725 sent: user_id=127
[2025-05-22T10:51:16.056+0000] {logging_mixin.py:190} INFO - 💌message 726 sent: user_id=125
[2025-05-22T10:51:16.110+0000] {logging_mixin.py:190} INFO - 💌message 727 sent: user_id=134
[2025-05-22T10:51:16.165+0000] {logging_mixin.py:190} INFO - 💌message 728 sent: user_id=113
[2025-05-22T10:51:16.220+0000] {logging_mixin.py:190} INFO - 💌message 729 sent: user_id=125
[2025-05-22T10:51:16.276+0000] {logging_mixin.py:190} INFO - 💌message 730 sent: user_id=131
[2025-05-22T10:51:16.329+0000] {logging_mixin.py:190} INFO - 💌message 731 sent: user_id=138
[2025-05-22T10:51:16.382+0000] {logging_mixin.py:190} INFO - 💌message 732 sent: user_id=139
[2025-05-22T10:51:16.436+0000] {logging_mixin.py:190} INFO - 💌message 733 sent: user_id=138
[2025-05-22T10:51:16.490+0000] {logging_mixin.py:190} INFO - 💌message 734 sent: user_id=104
[2025-05-22T10:51:16.545+0000] {logging_mixin.py:190} INFO - 💌message 735 sent: user_id=150
[2025-05-22T10:51:16.601+0000] {logging_mixin.py:190} INFO - 💌message 736 sent: user_id=100
[2025-05-22T10:51:16.659+0000] {logging_mixin.py:190} INFO - 💌message 737 sent: user_id=136
[2025-05-22T10:51:16.715+0000] {logging_mixin.py:190} INFO - 💌message 738 sent: user_id=137
[2025-05-22T10:51:16.770+0000] {logging_mixin.py:190} INFO - 💌message 739 sent: user_id=116
[2025-05-22T10:51:16.824+0000] {logging_mixin.py:190} INFO - 💌message 740 sent: user_id=116
[2025-05-22T10:51:16.881+0000] {logging_mixin.py:190} INFO - 💌message 741 sent: user_id=138
[2025-05-22T10:51:16.939+0000] {logging_mixin.py:190} INFO - 💌message 742 sent: user_id=108
[2025-05-22T10:51:16.994+0000] {logging_mixin.py:190} INFO - 💌message 743 sent: user_id=131
[2025-05-22T10:51:17.048+0000] {logging_mixin.py:190} INFO - 💌message 744 sent: user_id=139
[2025-05-22T10:51:17.104+0000] {logging_mixin.py:190} INFO - 💌message 745 sent: user_id=104
[2025-05-22T10:51:17.159+0000] {logging_mixin.py:190} INFO - 💌message 746 sent: user_id=141
[2025-05-22T10:51:17.215+0000] {logging_mixin.py:190} INFO - 💌message 747 sent: user_id=120
[2025-05-22T10:51:17.269+0000] {logging_mixin.py:190} INFO - 💌message 748 sent: user_id=125
[2025-05-22T10:51:17.327+0000] {logging_mixin.py:190} INFO - 💌message 749 sent: user_id=111
[2025-05-22T10:51:17.383+0000] {logging_mixin.py:190} INFO - 💌message 750 sent: user_id=149
[2025-05-22T10:51:17.435+0000] {logging_mixin.py:190} INFO - 💌message 751 sent: user_id=121
[2025-05-22T10:51:17.490+0000] {logging_mixin.py:190} INFO - 💌message 752 sent: user_id=107
[2025-05-22T10:51:17.542+0000] {logging_mixin.py:190} INFO - 💌message 753 sent: user_id=134
[2025-05-22T10:51:17.594+0000] {logging_mixin.py:190} INFO - 💌message 754 sent: user_id=105
[2025-05-22T10:51:17.646+0000] {logging_mixin.py:190} INFO - 💌message 755 sent: user_id=127
[2025-05-22T10:51:17.700+0000] {logging_mixin.py:190} INFO - 💌message 756 sent: user_id=146
[2025-05-22T10:51:17.756+0000] {logging_mixin.py:190} INFO - 💌message 757 sent: user_id=137
[2025-05-22T10:51:17.807+0000] {logging_mixin.py:190} INFO - 💌message 758 sent: user_id=150
[2025-05-22T10:51:17.859+0000] {logging_mixin.py:190} INFO - 💌message 759 sent: user_id=125
[2025-05-22T10:51:17.913+0000] {logging_mixin.py:190} INFO - 💌message 760 sent: user_id=122
[2025-05-22T10:51:17.970+0000] {logging_mixin.py:190} INFO - 💌message 761 sent: user_id=150
[2025-05-22T10:51:18.021+0000] {logging_mixin.py:190} INFO - 💌message 762 sent: user_id=101
[2025-05-22T10:51:18.084+0000] {logging_mixin.py:190} INFO - 💌message 763 sent: user_id=140
[2025-05-22T10:51:18.138+0000] {logging_mixin.py:190} INFO - 💌message 764 sent: user_id=106
[2025-05-22T10:51:18.191+0000] {logging_mixin.py:190} INFO - 💌message 765 sent: user_id=102
[2025-05-22T10:51:18.242+0000] {logging_mixin.py:190} INFO - 💌message 766 sent: user_id=124
[2025-05-22T10:51:18.294+0000] {logging_mixin.py:190} INFO - 💌message 767 sent: user_id=126
[2025-05-22T10:51:18.349+0000] {logging_mixin.py:190} INFO - 💌message 768 sent: user_id=126
[2025-05-22T10:51:18.402+0000] {logging_mixin.py:190} INFO - 💌message 769 sent: user_id=143
[2025-05-22T10:51:18.454+0000] {logging_mixin.py:190} INFO - 💌message 770 sent: user_id=147
[2025-05-22T10:51:18.508+0000] {logging_mixin.py:190} INFO - 💌message 771 sent: user_id=125
[2025-05-22T10:51:18.560+0000] {logging_mixin.py:190} INFO - 💌message 772 sent: user_id=133
[2025-05-22T10:51:18.613+0000] {logging_mixin.py:190} INFO - 💌message 773 sent: user_id=121
[2025-05-22T10:51:18.666+0000] {logging_mixin.py:190} INFO - 💌message 774 sent: user_id=124
[2025-05-22T10:51:18.721+0000] {logging_mixin.py:190} INFO - 💌message 775 sent: user_id=117
[2025-05-22T10:51:18.777+0000] {logging_mixin.py:190} INFO - 💌message 776 sent: user_id=107
[2025-05-22T10:51:18.833+0000] {logging_mixin.py:190} INFO - 💌message 777 sent: user_id=115
[2025-05-22T10:51:18.887+0000] {logging_mixin.py:190} INFO - 💌message 778 sent: user_id=149
[2025-05-22T10:51:18.945+0000] {logging_mixin.py:190} INFO - 💌message 779 sent: user_id=106
[2025-05-22T10:51:18.999+0000] {logging_mixin.py:190} INFO - 💌message 780 sent: user_id=131
[2025-05-22T10:51:19.053+0000] {logging_mixin.py:190} INFO - 💌message 781 sent: user_id=135
[2025-05-22T10:51:19.108+0000] {logging_mixin.py:190} INFO - 💌message 782 sent: user_id=119
[2025-05-22T10:51:19.164+0000] {logging_mixin.py:190} INFO - 💌message 783 sent: user_id=123
[2025-05-22T10:51:19.219+0000] {logging_mixin.py:190} INFO - 💌message 784 sent: user_id=102
[2025-05-22T10:51:19.274+0000] {logging_mixin.py:190} INFO - 💌message 785 sent: user_id=125
[2025-05-22T10:51:19.329+0000] {logging_mixin.py:190} INFO - 💌message 786 sent: user_id=114
[2025-05-22T10:51:19.383+0000] {logging_mixin.py:190} INFO - 💌message 787 sent: user_id=109
[2025-05-22T10:51:19.436+0000] {logging_mixin.py:190} INFO - 💌message 788 sent: user_id=141
[2025-05-22T10:51:19.494+0000] {logging_mixin.py:190} INFO - 💌message 789 sent: user_id=131
[2025-05-22T10:51:19.549+0000] {logging_mixin.py:190} INFO - 💌message 790 sent: user_id=146
[2025-05-22T10:51:19.602+0000] {logging_mixin.py:190} INFO - 💌message 791 sent: user_id=107
[2025-05-22T10:51:19.660+0000] {logging_mixin.py:190} INFO - 💌message 792 sent: user_id=120
[2025-05-22T10:51:19.712+0000] {logging_mixin.py:190} INFO - 💌message 793 sent: user_id=143
[2025-05-22T10:51:19.769+0000] {logging_mixin.py:190} INFO - 💌message 794 sent: user_id=140
[2025-05-22T10:51:19.823+0000] {logging_mixin.py:190} INFO - 💌message 795 sent: user_id=119
[2025-05-22T10:51:19.876+0000] {logging_mixin.py:190} INFO - 💌message 796 sent: user_id=148
[2025-05-22T10:51:19.931+0000] {logging_mixin.py:190} INFO - 💌message 797 sent: user_id=125
[2025-05-22T10:51:19.986+0000] {logging_mixin.py:190} INFO - 💌message 798 sent: user_id=110
[2025-05-22T10:51:20.039+0000] {logging_mixin.py:190} INFO - 💌message 799 sent: user_id=146
[2025-05-22T10:51:20.093+0000] {logging_mixin.py:190} INFO - 💌message 800 sent: user_id=131
[2025-05-22T10:51:20.146+0000] {logging_mixin.py:190} INFO - 💌message 801 sent: user_id=130
[2025-05-22T10:51:20.201+0000] {logging_mixin.py:190} INFO - 💌message 802 sent: user_id=127
[2025-05-22T10:51:20.254+0000] {logging_mixin.py:190} INFO - 💌message 803 sent: user_id=146
[2025-05-22T10:51:20.311+0000] {logging_mixin.py:190} INFO - 💌message 804 sent: user_id=145
[2025-05-22T10:51:20.363+0000] {logging_mixin.py:190} INFO - 💌message 805 sent: user_id=136
[2025-05-22T10:51:20.417+0000] {logging_mixin.py:190} INFO - 💌message 806 sent: user_id=128
[2025-05-22T10:51:20.472+0000] {logging_mixin.py:190} INFO - 💌message 807 sent: user_id=111
[2025-05-22T10:51:20.528+0000] {logging_mixin.py:190} INFO - 💌message 808 sent: user_id=112
[2025-05-22T10:51:20.583+0000] {logging_mixin.py:190} INFO - 💌message 809 sent: user_id=138
[2025-05-22T10:51:20.641+0000] {logging_mixin.py:190} INFO - 💌message 810 sent: user_id=128
[2025-05-22T10:51:20.697+0000] {logging_mixin.py:190} INFO - 💌message 811 sent: user_id=140
[2025-05-22T10:51:20.751+0000] {logging_mixin.py:190} INFO - 💌message 812 sent: user_id=106
[2025-05-22T10:51:20.805+0000] {logging_mixin.py:190} INFO - 💌message 813 sent: user_id=132
[2025-05-22T10:51:20.858+0000] {logging_mixin.py:190} INFO - 💌message 814 sent: user_id=140
[2025-05-22T10:51:20.912+0000] {logging_mixin.py:190} INFO - 💌message 815 sent: user_id=111
[2025-05-22T10:51:20.965+0000] {logging_mixin.py:190} INFO - 💌message 816 sent: user_id=138
[2025-05-22T10:51:21.021+0000] {logging_mixin.py:190} INFO - 💌message 817 sent: user_id=131
[2025-05-22T10:51:21.076+0000] {logging_mixin.py:190} INFO - 💌message 818 sent: user_id=120
[2025-05-22T10:51:21.130+0000] {logging_mixin.py:190} INFO - 💌message 819 sent: user_id=116
[2025-05-22T10:51:21.185+0000] {logging_mixin.py:190} INFO - 💌message 820 sent: user_id=107
[2025-05-22T10:51:21.239+0000] {logging_mixin.py:190} INFO - 💌message 821 sent: user_id=123
[2025-05-22T10:51:21.293+0000] {logging_mixin.py:190} INFO - 💌message 822 sent: user_id=132
[2025-05-22T10:51:21.347+0000] {logging_mixin.py:190} INFO - 💌message 823 sent: user_id=125
[2025-05-22T10:51:21.399+0000] {logging_mixin.py:190} INFO - 💌message 824 sent: user_id=110
[2025-05-22T10:51:21.454+0000] {logging_mixin.py:190} INFO - 💌message 825 sent: user_id=127
[2025-05-22T10:51:21.507+0000] {logging_mixin.py:190} INFO - 💌message 826 sent: user_id=132
[2025-05-22T10:51:21.562+0000] {logging_mixin.py:190} INFO - 💌message 827 sent: user_id=117
[2025-05-22T10:51:21.615+0000] {logging_mixin.py:190} INFO - 💌message 828 sent: user_id=126
[2025-05-22T10:51:21.668+0000] {logging_mixin.py:190} INFO - 💌message 829 sent: user_id=103
[2025-05-22T10:51:21.723+0000] {logging_mixin.py:190} INFO - 💌message 830 sent: user_id=148
[2025-05-22T10:51:21.777+0000] {logging_mixin.py:190} INFO - 💌message 831 sent: user_id=108
[2025-05-22T10:51:21.830+0000] {logging_mixin.py:190} INFO - 💌message 832 sent: user_id=127
[2025-05-22T10:51:21.887+0000] {logging_mixin.py:190} INFO - 💌message 833 sent: user_id=109
[2025-05-22T10:51:21.942+0000] {logging_mixin.py:190} INFO - 💌message 834 sent: user_id=104
[2025-05-22T10:51:21.996+0000] {logging_mixin.py:190} INFO - 💌message 835 sent: user_id=138
[2025-05-22T10:51:22.050+0000] {logging_mixin.py:190} INFO - 💌message 836 sent: user_id=122
[2025-05-22T10:51:22.105+0000] {logging_mixin.py:190} INFO - 💌message 837 sent: user_id=123
[2025-05-22T10:51:22.157+0000] {logging_mixin.py:190} INFO - 💌message 838 sent: user_id=112
[2025-05-22T10:51:22.210+0000] {logging_mixin.py:190} INFO - 💌message 839 sent: user_id=149
[2025-05-22T10:51:22.264+0000] {logging_mixin.py:190} INFO - 💌message 840 sent: user_id=134
[2025-05-22T10:51:22.318+0000] {logging_mixin.py:190} INFO - 💌message 841 sent: user_id=147
[2025-05-22T10:51:22.371+0000] {logging_mixin.py:190} INFO - 💌message 842 sent: user_id=138
[2025-05-22T10:51:22.425+0000] {logging_mixin.py:190} INFO - 💌message 843 sent: user_id=126
[2025-05-22T10:51:22.479+0000] {logging_mixin.py:190} INFO - 💌message 844 sent: user_id=111
[2025-05-22T10:51:22.533+0000] {logging_mixin.py:190} INFO - 💌message 845 sent: user_id=139
[2025-05-22T10:51:22.586+0000] {logging_mixin.py:190} INFO - 💌message 846 sent: user_id=124
[2025-05-22T10:51:22.661+0000] {logging_mixin.py:190} INFO - 💌message 847 sent: user_id=148
[2025-05-22T10:51:22.720+0000] {logging_mixin.py:190} INFO - 💌message 848 sent: user_id=134
[2025-05-22T10:51:22.774+0000] {logging_mixin.py:190} INFO - 💌message 849 sent: user_id=103
[2025-05-22T10:51:22.827+0000] {logging_mixin.py:190} INFO - 💌message 850 sent: user_id=133
[2025-05-22T10:51:22.886+0000] {logging_mixin.py:190} INFO - 💌message 851 sent: user_id=149
[2025-05-22T10:51:22.939+0000] {logging_mixin.py:190} INFO - 💌message 852 sent: user_id=132
[2025-05-22T10:51:22.998+0000] {logging_mixin.py:190} INFO - 💌message 853 sent: user_id=147
[2025-05-22T10:51:23.052+0000] {logging_mixin.py:190} INFO - 💌message 854 sent: user_id=132
[2025-05-22T10:51:23.107+0000] {logging_mixin.py:190} INFO - 💌message 855 sent: user_id=111
[2025-05-22T10:51:23.163+0000] {logging_mixin.py:190} INFO - 💌message 856 sent: user_id=110
[2025-05-22T10:51:23.218+0000] {logging_mixin.py:190} INFO - 💌message 857 sent: user_id=131
[2025-05-22T10:51:23.273+0000] {logging_mixin.py:190} INFO - 💌message 858 sent: user_id=147
[2025-05-22T10:51:23.329+0000] {logging_mixin.py:190} INFO - 💌message 859 sent: user_id=115
[2025-05-22T10:51:23.383+0000] {logging_mixin.py:190} INFO - 💌message 860 sent: user_id=134
[2025-05-22T10:51:23.436+0000] {logging_mixin.py:190} INFO - 💌message 861 sent: user_id=113
[2025-05-22T10:51:23.489+0000] {logging_mixin.py:190} INFO - 💌message 862 sent: user_id=105
[2025-05-22T10:51:23.542+0000] {logging_mixin.py:190} INFO - 💌message 863 sent: user_id=136
[2025-05-22T10:51:23.597+0000] {logging_mixin.py:190} INFO - 💌message 864 sent: user_id=123
[2025-05-22T10:51:23.656+0000] {logging_mixin.py:190} INFO - 💌message 865 sent: user_id=122
[2025-05-22T10:51:23.710+0000] {logging_mixin.py:190} INFO - 💌message 866 sent: user_id=113
[2025-05-22T10:51:23.765+0000] {logging_mixin.py:190} INFO - 💌message 867 sent: user_id=110
[2025-05-22T10:51:23.819+0000] {logging_mixin.py:190} INFO - 💌message 868 sent: user_id=144
[2025-05-22T10:51:23.873+0000] {logging_mixin.py:190} INFO - 💌message 869 sent: user_id=126
[2025-05-22T10:51:23.926+0000] {logging_mixin.py:190} INFO - 💌message 870 sent: user_id=119
[2025-05-22T10:51:23.981+0000] {logging_mixin.py:190} INFO - 💌message 871 sent: user_id=114
[2025-05-22T10:51:24.035+0000] {logging_mixin.py:190} INFO - 💌message 872 sent: user_id=107
[2025-05-22T10:51:24.088+0000] {logging_mixin.py:190} INFO - 💌message 873 sent: user_id=110
[2025-05-22T10:51:24.144+0000] {logging_mixin.py:190} INFO - 💌message 874 sent: user_id=122
[2025-05-22T10:51:24.201+0000] {logging_mixin.py:190} INFO - 💌message 875 sent: user_id=130
[2025-05-22T10:51:24.253+0000] {logging_mixin.py:190} INFO - 💌message 876 sent: user_id=112
[2025-05-22T10:51:24.306+0000] {logging_mixin.py:190} INFO - 💌message 877 sent: user_id=127
[2025-05-22T10:51:24.360+0000] {logging_mixin.py:190} INFO - 💌message 878 sent: user_id=107
[2025-05-22T10:51:24.414+0000] {logging_mixin.py:190} INFO - 💌message 879 sent: user_id=116
[2025-05-22T10:51:24.467+0000] {logging_mixin.py:190} INFO - 💌message 880 sent: user_id=124
[2025-05-22T10:51:24.520+0000] {logging_mixin.py:190} INFO - 💌message 881 sent: user_id=148
[2025-05-22T10:51:24.572+0000] {logging_mixin.py:190} INFO - 💌message 882 sent: user_id=149
[2025-05-22T10:51:24.625+0000] {logging_mixin.py:190} INFO - 💌message 883 sent: user_id=145
[2025-05-22T10:51:24.679+0000] {logging_mixin.py:190} INFO - 💌message 884 sent: user_id=148
[2025-05-22T10:51:24.735+0000] {logging_mixin.py:190} INFO - 💌message 885 sent: user_id=120
[2025-05-22T10:51:24.790+0000] {logging_mixin.py:190} INFO - 💌message 886 sent: user_id=121
[2025-05-22T10:51:24.844+0000] {logging_mixin.py:190} INFO - 💌message 887 sent: user_id=119
[2025-05-22T10:51:24.898+0000] {logging_mixin.py:190} INFO - 💌message 888 sent: user_id=139
[2025-05-22T10:51:24.954+0000] {logging_mixin.py:190} INFO - 💌message 889 sent: user_id=108
[2025-05-22T10:51:25.009+0000] {logging_mixin.py:190} INFO - 💌message 890 sent: user_id=104
[2025-05-22T10:51:25.062+0000] {logging_mixin.py:190} INFO - 💌message 891 sent: user_id=150
[2025-05-22T10:51:25.115+0000] {logging_mixin.py:190} INFO - 💌message 892 sent: user_id=116
[2025-05-22T10:51:25.180+0000] {logging_mixin.py:190} INFO - 💌message 893 sent: user_id=150
[2025-05-22T10:51:25.234+0000] {logging_mixin.py:190} INFO - 💌message 894 sent: user_id=139
[2025-05-22T10:51:25.288+0000] {logging_mixin.py:190} INFO - 💌message 895 sent: user_id=109
[2025-05-22T10:51:25.341+0000] {logging_mixin.py:190} INFO - 💌message 896 sent: user_id=113
[2025-05-22T10:51:25.395+0000] {logging_mixin.py:190} INFO - 💌message 897 sent: user_id=123
[2025-05-22T10:51:25.447+0000] {logging_mixin.py:190} INFO - 💌message 898 sent: user_id=105
[2025-05-22T10:51:25.502+0000] {logging_mixin.py:190} INFO - 💌message 899 sent: user_id=128
[2025-05-22T10:51:25.557+0000] {logging_mixin.py:190} INFO - 💌message 900 sent: user_id=140
[2025-05-22T10:51:25.612+0000] {logging_mixin.py:190} INFO - 💌message 901 sent: user_id=141
[2025-05-22T10:51:25.666+0000] {logging_mixin.py:190} INFO - 💌message 902 sent: user_id=144
[2025-05-22T10:51:25.721+0000] {logging_mixin.py:190} INFO - 💌message 903 sent: user_id=123
[2025-05-22T10:51:25.775+0000] {logging_mixin.py:190} INFO - 💌message 904 sent: user_id=100
[2025-05-22T10:51:25.830+0000] {logging_mixin.py:190} INFO - 💌message 905 sent: user_id=139
[2025-05-22T10:51:25.884+0000] {logging_mixin.py:190} INFO - 💌message 906 sent: user_id=138
[2025-05-22T10:51:25.943+0000] {logging_mixin.py:190} INFO - 💌message 907 sent: user_id=123
[2025-05-22T10:51:25.997+0000] {logging_mixin.py:190} INFO - 💌message 908 sent: user_id=119
[2025-05-22T10:51:26.051+0000] {logging_mixin.py:190} INFO - 💌message 909 sent: user_id=102
[2025-05-22T10:51:26.106+0000] {logging_mixin.py:190} INFO - 💌message 910 sent: user_id=129
[2025-05-22T10:51:26.160+0000] {logging_mixin.py:190} INFO - 💌message 911 sent: user_id=147
[2025-05-22T10:51:26.214+0000] {logging_mixin.py:190} INFO - 💌message 912 sent: user_id=135
[2025-05-22T10:51:26.270+0000] {logging_mixin.py:190} INFO - 💌message 913 sent: user_id=111
[2025-05-22T10:51:26.325+0000] {logging_mixin.py:190} INFO - 💌message 914 sent: user_id=139
[2025-05-22T10:51:26.380+0000] {logging_mixin.py:190} INFO - 💌message 915 sent: user_id=142
[2025-05-22T10:51:26.434+0000] {logging_mixin.py:190} INFO - 💌message 916 sent: user_id=101
[2025-05-22T10:51:26.486+0000] {logging_mixin.py:190} INFO - 💌message 917 sent: user_id=139
[2025-05-22T10:51:26.543+0000] {logging_mixin.py:190} INFO - 💌message 918 sent: user_id=123
[2025-05-22T10:51:26.599+0000] {logging_mixin.py:190} INFO - 💌message 919 sent: user_id=150
[2025-05-22T10:51:26.655+0000] {logging_mixin.py:190} INFO - 💌message 920 sent: user_id=117
[2025-05-22T10:51:26.711+0000] {logging_mixin.py:190} INFO - 💌message 921 sent: user_id=121
[2025-05-22T10:51:26.767+0000] {logging_mixin.py:190} INFO - 💌message 922 sent: user_id=137
[2025-05-22T10:51:26.823+0000] {logging_mixin.py:190} INFO - 💌message 923 sent: user_id=131
[2025-05-22T10:51:26.876+0000] {logging_mixin.py:190} INFO - 💌message 924 sent: user_id=119
[2025-05-22T10:51:26.931+0000] {logging_mixin.py:190} INFO - 💌message 925 sent: user_id=150
[2025-05-22T10:51:26.985+0000] {logging_mixin.py:190} INFO - 💌message 926 sent: user_id=114
[2025-05-22T10:51:27.038+0000] {logging_mixin.py:190} INFO - 💌message 927 sent: user_id=105
[2025-05-22T10:51:27.093+0000] {logging_mixin.py:190} INFO - 💌message 928 sent: user_id=143
[2025-05-22T10:51:27.147+0000] {logging_mixin.py:190} INFO - 💌message 929 sent: user_id=150
[2025-05-22T10:51:27.202+0000] {logging_mixin.py:190} INFO - 💌message 930 sent: user_id=108
[2025-05-22T10:51:27.256+0000] {logging_mixin.py:190} INFO - 💌message 931 sent: user_id=126
[2025-05-22T10:51:27.310+0000] {logging_mixin.py:190} INFO - 💌message 932 sent: user_id=111
[2025-05-22T10:51:27.368+0000] {logging_mixin.py:190} INFO - 💌message 933 sent: user_id=138
[2025-05-22T10:51:27.423+0000] {logging_mixin.py:190} INFO - 💌message 934 sent: user_id=113
[2025-05-22T10:51:27.477+0000] {logging_mixin.py:190} INFO - 💌message 935 sent: user_id=141
[2025-05-22T10:51:27.535+0000] {logging_mixin.py:190} INFO - 💌message 936 sent: user_id=123
[2025-05-22T10:51:27.589+0000] {logging_mixin.py:190} INFO - 💌message 937 sent: user_id=145
[2025-05-22T10:51:27.646+0000] {logging_mixin.py:190} INFO - 💌message 938 sent: user_id=133
[2025-05-22T10:51:27.702+0000] {logging_mixin.py:190} INFO - 💌message 939 sent: user_id=109
[2025-05-22T10:51:27.758+0000] {logging_mixin.py:190} INFO - 💌message 940 sent: user_id=120
[2025-05-22T10:51:27.813+0000] {logging_mixin.py:190} INFO - 💌message 941 sent: user_id=110
[2025-05-22T10:51:27.869+0000] {logging_mixin.py:190} INFO - 💌message 942 sent: user_id=134
[2025-05-22T10:51:27.923+0000] {logging_mixin.py:190} INFO - 💌message 943 sent: user_id=104
[2025-05-22T10:51:27.978+0000] {logging_mixin.py:190} INFO - 💌message 944 sent: user_id=148
[2025-05-22T10:51:28.033+0000] {logging_mixin.py:190} INFO - 💌message 945 sent: user_id=142
[2025-05-22T10:51:28.086+0000] {logging_mixin.py:190} INFO - 💌message 946 sent: user_id=104
[2025-05-22T10:51:28.141+0000] {logging_mixin.py:190} INFO - 💌message 947 sent: user_id=100
[2025-05-22T10:51:28.195+0000] {logging_mixin.py:190} INFO - 💌message 948 sent: user_id=108
[2025-05-22T10:51:28.251+0000] {logging_mixin.py:190} INFO - 💌message 949 sent: user_id=141
[2025-05-22T10:51:28.306+0000] {logging_mixin.py:190} INFO - 💌message 950 sent: user_id=123
[2025-05-22T10:51:28.360+0000] {logging_mixin.py:190} INFO - 💌message 951 sent: user_id=120
[2025-05-22T10:51:28.414+0000] {logging_mixin.py:190} INFO - 💌message 952 sent: user_id=126
[2025-05-22T10:51:28.469+0000] {logging_mixin.py:190} INFO - 💌message 953 sent: user_id=150
[2025-05-22T10:51:28.523+0000] {logging_mixin.py:190} INFO - 💌message 954 sent: user_id=107
[2025-05-22T10:51:28.575+0000] {logging_mixin.py:190} INFO - 💌message 955 sent: user_id=146
[2025-05-22T10:51:28.631+0000] {logging_mixin.py:190} INFO - 💌message 956 sent: user_id=117
[2025-05-22T10:51:28.684+0000] {logging_mixin.py:190} INFO - 💌message 957 sent: user_id=114
[2025-05-22T10:51:28.739+0000] {logging_mixin.py:190} INFO - 💌message 958 sent: user_id=136
[2025-05-22T10:51:28.797+0000] {logging_mixin.py:190} INFO - 💌message 959 sent: user_id=141
[2025-05-22T10:51:28.851+0000] {logging_mixin.py:190} INFO - 💌message 960 sent: user_id=138
[2025-05-22T10:51:28.905+0000] {logging_mixin.py:190} INFO - 💌message 961 sent: user_id=136
[2025-05-22T10:51:28.962+0000] {logging_mixin.py:190} INFO - 💌message 962 sent: user_id=123
[2025-05-22T10:51:29.019+0000] {logging_mixin.py:190} INFO - 💌message 963 sent: user_id=142
[2025-05-22T10:51:29.074+0000] {logging_mixin.py:190} INFO - 💌message 964 sent: user_id=126
[2025-05-22T10:51:29.132+0000] {logging_mixin.py:190} INFO - 💌message 965 sent: user_id=141
[2025-05-22T10:51:29.187+0000] {logging_mixin.py:190} INFO - 💌message 966 sent: user_id=119
[2025-05-22T10:51:29.241+0000] {logging_mixin.py:190} INFO - 💌message 967 sent: user_id=134
[2025-05-22T10:51:29.295+0000] {logging_mixin.py:190} INFO - 💌message 968 sent: user_id=148
[2025-05-22T10:51:29.350+0000] {logging_mixin.py:190} INFO - 💌message 969 sent: user_id=103
[2025-05-22T10:51:29.407+0000] {logging_mixin.py:190} INFO - 💌message 970 sent: user_id=131
[2025-05-22T10:51:29.461+0000] {logging_mixin.py:190} INFO - 💌message 971 sent: user_id=144
[2025-05-22T10:51:29.516+0000] {logging_mixin.py:190} INFO - 💌message 972 sent: user_id=137
[2025-05-22T10:51:29.572+0000] {logging_mixin.py:190} INFO - 💌message 973 sent: user_id=143
[2025-05-22T10:51:29.625+0000] {logging_mixin.py:190} INFO - 💌message 974 sent: user_id=128
[2025-05-22T10:51:29.677+0000] {logging_mixin.py:190} INFO - 💌message 975 sent: user_id=135
[2025-05-22T10:51:29.732+0000] {logging_mixin.py:190} INFO - 💌message 976 sent: user_id=116
[2025-05-22T10:51:29.785+0000] {logging_mixin.py:190} INFO - 💌message 977 sent: user_id=148
[2025-05-22T10:51:29.841+0000] {logging_mixin.py:190} INFO - 💌message 978 sent: user_id=127
[2025-05-22T10:51:29.895+0000] {logging_mixin.py:190} INFO - 💌message 979 sent: user_id=102
[2025-05-22T10:51:29.949+0000] {logging_mixin.py:190} INFO - 💌message 980 sent: user_id=104
[2025-05-22T10:51:30.004+0000] {logging_mixin.py:190} INFO - 💌message 981 sent: user_id=146
[2025-05-22T10:51:30.059+0000] {logging_mixin.py:190} INFO - 💌message 982 sent: user_id=144
[2025-05-22T10:51:30.114+0000] {logging_mixin.py:190} INFO - 💌message 983 sent: user_id=136
[2025-05-22T10:51:30.166+0000] {logging_mixin.py:190} INFO - 💌message 984 sent: user_id=111
[2025-05-22T10:51:30.218+0000] {logging_mixin.py:190} INFO - 💌message 985 sent: user_id=149
[2025-05-22T10:51:30.273+0000] {logging_mixin.py:190} INFO - 💌message 986 sent: user_id=108
[2025-05-22T10:51:30.329+0000] {logging_mixin.py:190} INFO - 💌message 987 sent: user_id=107
[2025-05-22T10:51:30.383+0000] {logging_mixin.py:190} INFO - 💌message 988 sent: user_id=139
[2025-05-22T10:51:30.437+0000] {logging_mixin.py:190} INFO - 💌message 989 sent: user_id=104
[2025-05-22T10:51:30.490+0000] {logging_mixin.py:190} INFO - 💌message 990 sent: user_id=108
[2025-05-22T10:51:30.546+0000] {logging_mixin.py:190} INFO - 💌message 991 sent: user_id=100
[2025-05-22T10:51:30.601+0000] {logging_mixin.py:190} INFO - 💌message 992 sent: user_id=144
[2025-05-22T10:51:30.656+0000] {logging_mixin.py:190} INFO - 💌message 993 sent: user_id=126
[2025-05-22T10:51:30.713+0000] {logging_mixin.py:190} INFO - 💌message 994 sent: user_id=129
[2025-05-22T10:51:30.767+0000] {logging_mixin.py:190} INFO - 💌message 995 sent: user_id=129
[2025-05-22T10:51:30.821+0000] {logging_mixin.py:190} INFO - 💌message 996 sent: user_id=104
[2025-05-22T10:51:30.874+0000] {logging_mixin.py:190} INFO - 💌message 997 sent: user_id=111
[2025-05-22T10:51:30.928+0000] {logging_mixin.py:190} INFO - 💌message 998 sent: user_id=126
[2025-05-22T10:51:30.983+0000] {logging_mixin.py:190} INFO - 💌message 999 sent: user_id=122
[2025-05-22T10:51:31.038+0000] {logging_mixin.py:190} INFO - 💌message 1000 sent: user_id=127
[2025-05-22T10:51:31.092+0000] {logging_mixin.py:190} INFO - ✅All messages sent
[2025-05-22T10:51:31.094+0000] {conn.py:919} INFO - <BrokerConnection node_id=1 host=3.34.144.17:9092 <connected> [IPv4 ('3.34.144.17', 9092)]>: Closing connection. 
[2025-05-22T10:51:31.096+0000] {python.py:240} INFO - Done. Returned value was: None
[2025-05-22T10:51:31.109+0000] {taskinstance.py:340} INFO - ::group::Post task execution logs
[2025-05-22T10:51:31.109+0000] {taskinstance.py:352} INFO - Marking task as SUCCESS. dag_id=kafka_to_minio_to_spark, task_id=kafka_producer, run_id=scheduled__2025-05-21T16:00:00+00:00, execution_date=20250521T160000, start_date=20250522T105036, end_date=20250522T105131
[2025-05-22T10:51:31.142+0000] {local_task_job_runner.py:266} INFO - Task exited with return code 0
[2025-05-22T10:51:31.168+0000] {taskinstance.py:3900} INFO - 1 downstream tasks scheduled from follow-on schedule check
[2025-05-22T10:51:31.170+0000] {local_task_job_runner.py:245} INFO - ::endgroup::
