[2025-05-22T07:02:30.005+0000] {local_task_job_runner.py:123} INFO - ::group::Pre task execution logs
[2025-05-22T07:02:30.010+0000] {taskinstance.py:2612} INFO - Dependencies all met for dep_context=non-requeueable deps ti=<TaskInstance: kafka_to_minio_to_spark.kafka_producer scheduled__2025-05-21T16:00:00+00:00 [queued]>
[2025-05-22T07:02:30.012+0000] {taskinstance.py:2612} INFO - Dependencies all met for dep_context=requeueable deps ti=<TaskInstance: kafka_to_minio_to_spark.kafka_producer scheduled__2025-05-21T16:00:00+00:00 [queued]>
[2025-05-22T07:02:30.012+0000] {taskinstance.py:2865} INFO - Starting attempt 15 of 17
[2025-05-22T07:02:30.016+0000] {taskinstance.py:2888} INFO - Executing <Task(PythonOperator): kafka_producer> on 2025-05-21 16:00:00+00:00
[2025-05-22T07:02:30.018+0000] {standard_task_runner.py:72} INFO - Started process 1062 to run task
[2025-05-22T07:02:30.020+0000] {standard_task_runner.py:104} INFO - Running: ['***', 'tasks', 'run', 'kafka_to_minio_to_spark', 'kafka_producer', 'scheduled__2025-05-21T16:00:00+00:00', '--job-id', '215', '--raw', '--subdir', 'DAGS_FOLDER/testlog_ml.py', '--cfg-path', '/tmp/tmp8o_mdym7']
[2025-05-22T07:02:30.020+0000] {standard_task_runner.py:105} INFO - Job 215: Subtask kafka_producer
[2025-05-22T07:02:30.040+0000] {task_command.py:467} INFO - Running <TaskInstance: kafka_to_minio_to_spark.kafka_producer scheduled__2025-05-21T16:00:00+00:00 [running]> on host d1f65538eb5f
[2025-05-22T07:02:30.067+0000] {taskinstance.py:3131} INFO - Exporting env vars: AIRFLOW_CTX_DAG_OWNER='***' AIRFLOW_CTX_DAG_ID='kafka_to_minio_to_spark' AIRFLOW_CTX_TASK_ID='kafka_producer' AIRFLOW_CTX_EXECUTION_DATE='2025-05-21T16:00:00+00:00' AIRFLOW_CTX_TRY_NUMBER='15' AIRFLOW_CTX_DAG_RUN_ID='scheduled__2025-05-21T16:00:00+00:00'
[2025-05-22T07:02:30.067+0000] {taskinstance.py:731} INFO - ::endgroup::
[2025-05-22T07:02:30.074+0000] {conn.py:380} INFO - <BrokerConnection node_id=bootstrap-0 host=host.docker.internal:9092 <connecting> [IPv4 ('192.168.65.254', 9092)]>: connecting to host.docker.internal:9092 [('192.168.65.254', 9092) IPv4]
[2025-05-22T07:02:30.074+0000] {conn.py:1205} INFO - Probing node bootstrap-0 broker version
[2025-05-22T07:02:30.076+0000] {conn.py:410} INFO - <BrokerConnection node_id=bootstrap-0 host=host.docker.internal:9092 <connecting> [IPv4 ('192.168.65.254', 9092)]>: Connection complete.
[2025-05-22T07:02:30.195+0000] {conn.py:1267} INFO - Broker version identified as 2.5.0
[2025-05-22T07:02:30.196+0000] {conn.py:1268} INFO - Set configuration api_version=(2, 5, 0) to skip auto check_version requests on startup
[2025-05-22T07:02:30.200+0000] {logging_mixin.py:190} INFO - 💌message 1 sent: user_id=145
[2025-05-22T07:02:30.253+0000] {logging_mixin.py:190} INFO - 💌message 2 sent: user_id=101
[2025-05-22T07:02:30.305+0000] {logging_mixin.py:190} INFO - 💌message 3 sent: user_id=101
[2025-05-22T07:02:30.353+0000] {conn.py:380} INFO - <BrokerConnection node_id=1 host=172.16.24.224:9092 <connecting> [IPv4 ('172.16.24.224', 9092)]>: connecting to 172.16.24.224:9092 [('172.16.24.224', 9092) IPv4]
[2025-05-22T07:02:30.354+0000] {conn.py:410} INFO - <BrokerConnection node_id=1 host=172.16.24.224:9092 <connecting> [IPv4 ('172.16.24.224', 9092)]>: Connection complete.
[2025-05-22T07:02:30.355+0000] {conn.py:919} INFO - <BrokerConnection node_id=bootstrap-0 host=host.docker.internal:9092 <connected> [IPv4 ('192.168.65.254', 9092)]>: Closing connection. 
[2025-05-22T07:02:30.357+0000] {logging_mixin.py:190} INFO - 💌message 4 sent: user_id=116
[2025-05-22T07:02:30.409+0000] {logging_mixin.py:190} INFO - 💌message 5 sent: user_id=132
[2025-05-22T07:02:30.460+0000] {logging_mixin.py:190} INFO - 💌message 6 sent: user_id=109
[2025-05-22T07:02:30.512+0000] {logging_mixin.py:190} INFO - 💌message 7 sent: user_id=133
[2025-05-22T07:02:30.565+0000] {logging_mixin.py:190} INFO - 💌message 8 sent: user_id=102
[2025-05-22T07:02:30.620+0000] {logging_mixin.py:190} INFO - 💌message 9 sent: user_id=114
[2025-05-22T07:02:30.673+0000] {logging_mixin.py:190} INFO - 💌message 10 sent: user_id=133
[2025-05-22T07:02:30.727+0000] {logging_mixin.py:190} INFO - 💌message 11 sent: user_id=130
[2025-05-22T07:02:30.780+0000] {logging_mixin.py:190} INFO - 💌message 12 sent: user_id=138
[2025-05-22T07:02:30.837+0000] {logging_mixin.py:190} INFO - 💌message 13 sent: user_id=125
[2025-05-22T07:02:30.890+0000] {logging_mixin.py:190} INFO - 💌message 14 sent: user_id=144
[2025-05-22T07:02:30.945+0000] {logging_mixin.py:190} INFO - 💌message 15 sent: user_id=105
[2025-05-22T07:02:30.998+0000] {logging_mixin.py:190} INFO - 💌message 16 sent: user_id=112
[2025-05-22T07:02:31.051+0000] {logging_mixin.py:190} INFO - 💌message 17 sent: user_id=129
[2025-05-22T07:02:31.105+0000] {logging_mixin.py:190} INFO - 💌message 18 sent: user_id=119
[2025-05-22T07:02:31.160+0000] {logging_mixin.py:190} INFO - 💌message 19 sent: user_id=121
[2025-05-22T07:02:31.214+0000] {logging_mixin.py:190} INFO - 💌message 20 sent: user_id=113
[2025-05-22T07:02:31.266+0000] {logging_mixin.py:190} INFO - 💌message 21 sent: user_id=118
[2025-05-22T07:02:31.317+0000] {logging_mixin.py:190} INFO - 💌message 22 sent: user_id=118
[2025-05-22T07:02:31.369+0000] {logging_mixin.py:190} INFO - 💌message 23 sent: user_id=106
[2025-05-22T07:02:31.421+0000] {logging_mixin.py:190} INFO - 💌message 24 sent: user_id=146
[2025-05-22T07:02:31.474+0000] {logging_mixin.py:190} INFO - 💌message 25 sent: user_id=126
[2025-05-22T07:02:31.525+0000] {logging_mixin.py:190} INFO - 💌message 26 sent: user_id=143
[2025-05-22T07:02:31.578+0000] {logging_mixin.py:190} INFO - 💌message 27 sent: user_id=138
[2025-05-22T07:02:31.629+0000] {logging_mixin.py:190} INFO - 💌message 28 sent: user_id=110
[2025-05-22T07:02:31.680+0000] {logging_mixin.py:190} INFO - 💌message 29 sent: user_id=149
[2025-05-22T07:02:31.732+0000] {logging_mixin.py:190} INFO - 💌message 30 sent: user_id=111
[2025-05-22T07:02:31.783+0000] {logging_mixin.py:190} INFO - 💌message 31 sent: user_id=117
[2025-05-22T07:02:31.836+0000] {logging_mixin.py:190} INFO - 💌message 32 sent: user_id=129
[2025-05-22T07:02:31.889+0000] {logging_mixin.py:190} INFO - 💌message 33 sent: user_id=114
[2025-05-22T07:02:31.941+0000] {logging_mixin.py:190} INFO - 💌message 34 sent: user_id=101
[2025-05-22T07:02:31.992+0000] {logging_mixin.py:190} INFO - 💌message 35 sent: user_id=125
[2025-05-22T07:02:32.043+0000] {logging_mixin.py:190} INFO - 💌message 36 sent: user_id=120
[2025-05-22T07:02:32.096+0000] {logging_mixin.py:190} INFO - 💌message 37 sent: user_id=149
[2025-05-22T07:02:32.147+0000] {logging_mixin.py:190} INFO - 💌message 38 sent: user_id=132
[2025-05-22T07:02:32.198+0000] {logging_mixin.py:190} INFO - 💌message 39 sent: user_id=103
[2025-05-22T07:02:32.250+0000] {logging_mixin.py:190} INFO - 💌message 40 sent: user_id=118
[2025-05-22T07:02:32.301+0000] {logging_mixin.py:190} INFO - 💌message 41 sent: user_id=139
[2025-05-22T07:02:32.352+0000] {logging_mixin.py:190} INFO - 💌message 42 sent: user_id=107
[2025-05-22T07:02:32.403+0000] {logging_mixin.py:190} INFO - 💌message 43 sent: user_id=119
[2025-05-22T07:02:32.454+0000] {logging_mixin.py:190} INFO - 💌message 44 sent: user_id=115
[2025-05-22T07:02:32.505+0000] {logging_mixin.py:190} INFO - 💌message 45 sent: user_id=124
[2025-05-22T07:02:32.556+0000] {logging_mixin.py:190} INFO - 💌message 46 sent: user_id=106
[2025-05-22T07:02:32.608+0000] {logging_mixin.py:190} INFO - 💌message 47 sent: user_id=102
[2025-05-22T07:02:32.660+0000] {logging_mixin.py:190} INFO - 💌message 48 sent: user_id=116
[2025-05-22T07:02:32.712+0000] {logging_mixin.py:190} INFO - 💌message 49 sent: user_id=104
[2025-05-22T07:02:32.765+0000] {logging_mixin.py:190} INFO - 💌message 50 sent: user_id=143
[2025-05-22T07:02:32.816+0000] {logging_mixin.py:190} INFO - 💌message 51 sent: user_id=137
[2025-05-22T07:02:32.872+0000] {logging_mixin.py:190} INFO - 💌message 52 sent: user_id=146
[2025-05-22T07:02:32.924+0000] {logging_mixin.py:190} INFO - 💌message 53 sent: user_id=109
[2025-05-22T07:02:32.977+0000] {logging_mixin.py:190} INFO - 💌message 54 sent: user_id=104
[2025-05-22T07:02:33.031+0000] {logging_mixin.py:190} INFO - 💌message 55 sent: user_id=114
[2025-05-22T07:02:33.089+0000] {logging_mixin.py:190} INFO - 💌message 56 sent: user_id=109
[2025-05-22T07:02:33.143+0000] {logging_mixin.py:190} INFO - 💌message 57 sent: user_id=114
[2025-05-22T07:02:33.198+0000] {logging_mixin.py:190} INFO - 💌message 58 sent: user_id=133
[2025-05-22T07:02:33.249+0000] {logging_mixin.py:190} INFO - 💌message 59 sent: user_id=113
[2025-05-22T07:02:33.303+0000] {logging_mixin.py:190} INFO - 💌message 60 sent: user_id=146
[2025-05-22T07:02:33.357+0000] {logging_mixin.py:190} INFO - 💌message 61 sent: user_id=112
[2025-05-22T07:02:33.411+0000] {logging_mixin.py:190} INFO - 💌message 62 sent: user_id=104
[2025-05-22T07:02:33.466+0000] {logging_mixin.py:190} INFO - 💌message 63 sent: user_id=128
[2025-05-22T07:02:33.519+0000] {logging_mixin.py:190} INFO - 💌message 64 sent: user_id=120
[2025-05-22T07:02:33.576+0000] {logging_mixin.py:190} INFO - 💌message 65 sent: user_id=127
[2025-05-22T07:02:33.631+0000] {logging_mixin.py:190} INFO - 💌message 66 sent: user_id=144
[2025-05-22T07:02:33.685+0000] {logging_mixin.py:190} INFO - 💌message 67 sent: user_id=136
[2025-05-22T07:02:33.739+0000] {logging_mixin.py:190} INFO - 💌message 68 sent: user_id=112
[2025-05-22T07:02:33.793+0000] {logging_mixin.py:190} INFO - 💌message 69 sent: user_id=111
[2025-05-22T07:02:33.846+0000] {logging_mixin.py:190} INFO - 💌message 70 sent: user_id=104
[2025-05-22T07:02:33.903+0000] {logging_mixin.py:190} INFO - 💌message 71 sent: user_id=121
[2025-05-22T07:02:33.956+0000] {logging_mixin.py:190} INFO - 💌message 72 sent: user_id=148
[2025-05-22T07:02:34.010+0000] {logging_mixin.py:190} INFO - 💌message 73 sent: user_id=115
[2025-05-22T07:02:34.065+0000] {logging_mixin.py:190} INFO - 💌message 74 sent: user_id=114
[2025-05-22T07:02:34.119+0000] {logging_mixin.py:190} INFO - 💌message 75 sent: user_id=150
[2025-05-22T07:02:34.173+0000] {logging_mixin.py:190} INFO - 💌message 76 sent: user_id=146
[2025-05-22T07:02:34.227+0000] {logging_mixin.py:190} INFO - 💌message 77 sent: user_id=123
[2025-05-22T07:02:34.280+0000] {logging_mixin.py:190} INFO - 💌message 78 sent: user_id=138
[2025-05-22T07:02:34.334+0000] {logging_mixin.py:190} INFO - 💌message 79 sent: user_id=100
[2025-05-22T07:02:34.390+0000] {logging_mixin.py:190} INFO - 💌message 80 sent: user_id=109
[2025-05-22T07:02:34.444+0000] {logging_mixin.py:190} INFO - 💌message 81 sent: user_id=111
[2025-05-22T07:02:34.501+0000] {logging_mixin.py:190} INFO - 💌message 82 sent: user_id=130
[2025-05-22T07:02:34.558+0000] {logging_mixin.py:190} INFO - 💌message 83 sent: user_id=103
[2025-05-22T07:02:34.614+0000] {logging_mixin.py:190} INFO - 💌message 84 sent: user_id=118
[2025-05-22T07:02:34.669+0000] {logging_mixin.py:190} INFO - 💌message 85 sent: user_id=123
[2025-05-22T07:02:34.726+0000] {logging_mixin.py:190} INFO - 💌message 86 sent: user_id=149
[2025-05-22T07:02:34.780+0000] {logging_mixin.py:190} INFO - 💌message 87 sent: user_id=145
[2025-05-22T07:02:34.837+0000] {logging_mixin.py:190} INFO - 💌message 88 sent: user_id=109
[2025-05-22T07:02:34.890+0000] {logging_mixin.py:190} INFO - 💌message 89 sent: user_id=144
[2025-05-22T07:02:34.945+0000] {logging_mixin.py:190} INFO - 💌message 90 sent: user_id=101
[2025-05-22T07:02:34.998+0000] {logging_mixin.py:190} INFO - 💌message 91 sent: user_id=101
[2025-05-22T07:02:35.052+0000] {logging_mixin.py:190} INFO - 💌message 92 sent: user_id=104
[2025-05-22T07:02:35.105+0000] {logging_mixin.py:190} INFO - 💌message 93 sent: user_id=141
[2025-05-22T07:02:35.162+0000] {logging_mixin.py:190} INFO - 💌message 94 sent: user_id=124
[2025-05-22T07:02:35.217+0000] {logging_mixin.py:190} INFO - 💌message 95 sent: user_id=147
[2025-05-22T07:02:35.270+0000] {logging_mixin.py:190} INFO - 💌message 96 sent: user_id=143
[2025-05-22T07:02:35.321+0000] {logging_mixin.py:190} INFO - 💌message 97 sent: user_id=127
[2025-05-22T07:02:35.377+0000] {logging_mixin.py:190} INFO - 💌message 98 sent: user_id=103
[2025-05-22T07:02:35.429+0000] {logging_mixin.py:190} INFO - 💌message 99 sent: user_id=120
[2025-05-22T07:02:35.482+0000] {logging_mixin.py:190} INFO - 💌message 100 sent: user_id=116
[2025-05-22T07:02:35.536+0000] {logging_mixin.py:190} INFO - 💌message 101 sent: user_id=144
[2025-05-22T07:02:35.590+0000] {logging_mixin.py:190} INFO - 💌message 102 sent: user_id=124
[2025-05-22T07:02:35.649+0000] {logging_mixin.py:190} INFO - 💌message 103 sent: user_id=115
[2025-05-22T07:02:35.705+0000] {logging_mixin.py:190} INFO - 💌message 104 sent: user_id=135
[2025-05-22T07:02:35.759+0000] {logging_mixin.py:190} INFO - 💌message 105 sent: user_id=135
[2025-05-22T07:02:35.810+0000] {logging_mixin.py:190} INFO - 💌message 106 sent: user_id=106
[2025-05-22T07:02:35.862+0000] {logging_mixin.py:190} INFO - 💌message 107 sent: user_id=122
[2025-05-22T07:02:35.913+0000] {logging_mixin.py:190} INFO - 💌message 108 sent: user_id=150
[2025-05-22T07:02:35.969+0000] {logging_mixin.py:190} INFO - 💌message 109 sent: user_id=148
[2025-05-22T07:02:36.020+0000] {logging_mixin.py:190} INFO - 💌message 110 sent: user_id=125
[2025-05-22T07:02:36.076+0000] {logging_mixin.py:190} INFO - 💌message 111 sent: user_id=148
[2025-05-22T07:02:36.127+0000] {logging_mixin.py:190} INFO - 💌message 112 sent: user_id=146
[2025-05-22T07:02:36.183+0000] {logging_mixin.py:190} INFO - 💌message 113 sent: user_id=150
[2025-05-22T07:02:36.235+0000] {logging_mixin.py:190} INFO - 💌message 114 sent: user_id=106
[2025-05-22T07:02:36.286+0000] {logging_mixin.py:190} INFO - 💌message 115 sent: user_id=111
[2025-05-22T07:02:36.337+0000] {logging_mixin.py:190} INFO - 💌message 116 sent: user_id=102
[2025-05-22T07:02:36.388+0000] {logging_mixin.py:190} INFO - 💌message 117 sent: user_id=141
[2025-05-22T07:02:36.445+0000] {logging_mixin.py:190} INFO - 💌message 118 sent: user_id=123
[2025-05-22T07:02:36.499+0000] {logging_mixin.py:190} INFO - 💌message 119 sent: user_id=142
[2025-05-22T07:02:36.550+0000] {logging_mixin.py:190} INFO - 💌message 120 sent: user_id=129
[2025-05-22T07:02:36.601+0000] {logging_mixin.py:190} INFO - 💌message 121 sent: user_id=112
[2025-05-22T07:02:36.655+0000] {logging_mixin.py:190} INFO - 💌message 122 sent: user_id=146
[2025-05-22T07:02:36.710+0000] {logging_mixin.py:190} INFO - 💌message 123 sent: user_id=101
[2025-05-22T07:02:36.761+0000] {logging_mixin.py:190} INFO - 💌message 124 sent: user_id=145
[2025-05-22T07:02:36.812+0000] {logging_mixin.py:190} INFO - 💌message 125 sent: user_id=132
[2025-05-22T07:02:36.864+0000] {logging_mixin.py:190} INFO - 💌message 126 sent: user_id=137
[2025-05-22T07:02:36.917+0000] {logging_mixin.py:190} INFO - 💌message 127 sent: user_id=150
[2025-05-22T07:02:36.968+0000] {logging_mixin.py:190} INFO - 💌message 128 sent: user_id=124
[2025-05-22T07:02:37.020+0000] {logging_mixin.py:190} INFO - 💌message 129 sent: user_id=146
[2025-05-22T07:02:37.077+0000] {logging_mixin.py:190} INFO - 💌message 130 sent: user_id=113
[2025-05-22T07:02:37.132+0000] {logging_mixin.py:190} INFO - 💌message 131 sent: user_id=144
[2025-05-22T07:02:37.190+0000] {logging_mixin.py:190} INFO - 💌message 132 sent: user_id=114
[2025-05-22T07:02:37.246+0000] {logging_mixin.py:190} INFO - 💌message 133 sent: user_id=129
[2025-05-22T07:02:37.301+0000] {logging_mixin.py:190} INFO - 💌message 134 sent: user_id=107
[2025-05-22T07:02:37.358+0000] {logging_mixin.py:190} INFO - 💌message 135 sent: user_id=128
[2025-05-22T07:02:37.413+0000] {logging_mixin.py:190} INFO - 💌message 136 sent: user_id=147
[2025-05-22T07:02:37.469+0000] {logging_mixin.py:190} INFO - 💌message 137 sent: user_id=115
[2025-05-22T07:02:37.524+0000] {logging_mixin.py:190} INFO - 💌message 138 sent: user_id=114
[2025-05-22T07:02:37.587+0000] {logging_mixin.py:190} INFO - 💌message 139 sent: user_id=113
[2025-05-22T07:02:37.641+0000] {logging_mixin.py:190} INFO - 💌message 140 sent: user_id=129
[2025-05-22T07:02:37.695+0000] {logging_mixin.py:190} INFO - 💌message 141 sent: user_id=122
[2025-05-22T07:02:37.747+0000] {logging_mixin.py:190} INFO - 💌message 142 sent: user_id=102
[2025-05-22T07:02:37.800+0000] {logging_mixin.py:190} INFO - 💌message 143 sent: user_id=145
[2025-05-22T07:02:37.851+0000] {logging_mixin.py:190} INFO - 💌message 144 sent: user_id=109
[2025-05-22T07:02:37.906+0000] {logging_mixin.py:190} INFO - 💌message 145 sent: user_id=128
[2025-05-22T07:02:37.959+0000] {logging_mixin.py:190} INFO - 💌message 146 sent: user_id=118
[2025-05-22T07:02:38.013+0000] {logging_mixin.py:190} INFO - 💌message 147 sent: user_id=106
[2025-05-22T07:02:38.067+0000] {logging_mixin.py:190} INFO - 💌message 148 sent: user_id=147
[2025-05-22T07:02:38.126+0000] {logging_mixin.py:190} INFO - 💌message 149 sent: user_id=127
[2025-05-22T07:02:38.181+0000] {logging_mixin.py:190} INFO - 💌message 150 sent: user_id=116
[2025-05-22T07:02:38.234+0000] {logging_mixin.py:190} INFO - 💌message 151 sent: user_id=104
[2025-05-22T07:02:38.289+0000] {logging_mixin.py:190} INFO - 💌message 152 sent: user_id=139
[2025-05-22T07:02:38.342+0000] {logging_mixin.py:190} INFO - 💌message 153 sent: user_id=133
[2025-05-22T07:02:38.396+0000] {logging_mixin.py:190} INFO - 💌message 154 sent: user_id=124
[2025-05-22T07:02:38.447+0000] {logging_mixin.py:190} INFO - 💌message 155 sent: user_id=108
[2025-05-22T07:02:38.498+0000] {logging_mixin.py:190} INFO - 💌message 156 sent: user_id=142
[2025-05-22T07:02:38.552+0000] {logging_mixin.py:190} INFO - 💌message 157 sent: user_id=148
[2025-05-22T07:02:38.604+0000] {logging_mixin.py:190} INFO - 💌message 158 sent: user_id=145
[2025-05-22T07:02:38.656+0000] {logging_mixin.py:190} INFO - 💌message 159 sent: user_id=109
[2025-05-22T07:02:38.711+0000] {logging_mixin.py:190} INFO - 💌message 160 sent: user_id=138
[2025-05-22T07:02:38.763+0000] {logging_mixin.py:190} INFO - 💌message 161 sent: user_id=137
[2025-05-22T07:02:38.815+0000] {logging_mixin.py:190} INFO - 💌message 162 sent: user_id=138
[2025-05-22T07:02:38.868+0000] {logging_mixin.py:190} INFO - 💌message 163 sent: user_id=114
[2025-05-22T07:02:38.920+0000] {logging_mixin.py:190} INFO - 💌message 164 sent: user_id=142
[2025-05-22T07:02:38.975+0000] {logging_mixin.py:190} INFO - 💌message 165 sent: user_id=110
[2025-05-22T07:02:39.030+0000] {logging_mixin.py:190} INFO - 💌message 166 sent: user_id=138
[2025-05-22T07:02:39.086+0000] {logging_mixin.py:190} INFO - 💌message 167 sent: user_id=147
[2025-05-22T07:02:39.140+0000] {logging_mixin.py:190} INFO - 💌message 168 sent: user_id=103
[2025-05-22T07:02:39.196+0000] {logging_mixin.py:190} INFO - 💌message 169 sent: user_id=143
[2025-05-22T07:02:39.251+0000] {logging_mixin.py:190} INFO - 💌message 170 sent: user_id=121
[2025-05-22T07:02:39.306+0000] {logging_mixin.py:190} INFO - 💌message 171 sent: user_id=123
[2025-05-22T07:02:39.361+0000] {logging_mixin.py:190} INFO - 💌message 172 sent: user_id=147
[2025-05-22T07:02:39.415+0000] {logging_mixin.py:190} INFO - 💌message 173 sent: user_id=146
[2025-05-22T07:02:39.469+0000] {logging_mixin.py:190} INFO - 💌message 174 sent: user_id=131
[2025-05-22T07:02:39.524+0000] {logging_mixin.py:190} INFO - 💌message 175 sent: user_id=116
[2025-05-22T07:02:39.578+0000] {logging_mixin.py:190} INFO - 💌message 176 sent: user_id=141
[2025-05-22T07:02:39.633+0000] {logging_mixin.py:190} INFO - 💌message 177 sent: user_id=118
[2025-05-22T07:02:39.687+0000] {logging_mixin.py:190} INFO - 💌message 178 sent: user_id=144
[2025-05-22T07:02:39.743+0000] {logging_mixin.py:190} INFO - 💌message 179 sent: user_id=147
[2025-05-22T07:02:39.796+0000] {logging_mixin.py:190} INFO - 💌message 180 sent: user_id=146
[2025-05-22T07:02:39.851+0000] {logging_mixin.py:190} INFO - 💌message 181 sent: user_id=112
[2025-05-22T07:02:39.904+0000] {logging_mixin.py:190} INFO - 💌message 182 sent: user_id=114
[2025-05-22T07:02:39.960+0000] {logging_mixin.py:190} INFO - 💌message 183 sent: user_id=129
[2025-05-22T07:02:40.015+0000] {logging_mixin.py:190} INFO - 💌message 184 sent: user_id=128
[2025-05-22T07:02:40.067+0000] {logging_mixin.py:190} INFO - 💌message 185 sent: user_id=119
[2025-05-22T07:02:40.123+0000] {logging_mixin.py:190} INFO - 💌message 186 sent: user_id=136
[2025-05-22T07:02:40.176+0000] {logging_mixin.py:190} INFO - 💌message 187 sent: user_id=114
[2025-05-22T07:02:40.229+0000] {logging_mixin.py:190} INFO - 💌message 188 sent: user_id=119
[2025-05-22T07:02:40.282+0000] {logging_mixin.py:190} INFO - 💌message 189 sent: user_id=135
[2025-05-22T07:02:40.337+0000] {logging_mixin.py:190} INFO - 💌message 190 sent: user_id=135
[2025-05-22T07:02:40.394+0000] {logging_mixin.py:190} INFO - 💌message 191 sent: user_id=133
[2025-05-22T07:02:40.449+0000] {logging_mixin.py:190} INFO - 💌message 192 sent: user_id=150
[2025-05-22T07:02:40.509+0000] {logging_mixin.py:190} INFO - 💌message 193 sent: user_id=106
[2025-05-22T07:02:40.564+0000] {logging_mixin.py:190} INFO - 💌message 194 sent: user_id=126
[2025-05-22T07:02:40.618+0000] {logging_mixin.py:190} INFO - 💌message 195 sent: user_id=148
[2025-05-22T07:02:40.671+0000] {logging_mixin.py:190} INFO - 💌message 196 sent: user_id=102
[2025-05-22T07:02:40.728+0000] {logging_mixin.py:190} INFO - 💌message 197 sent: user_id=111
[2025-05-22T07:02:40.781+0000] {logging_mixin.py:190} INFO - 💌message 198 sent: user_id=147
[2025-05-22T07:02:40.833+0000] {logging_mixin.py:190} INFO - 💌message 199 sent: user_id=141
[2025-05-22T07:02:40.885+0000] {logging_mixin.py:190} INFO - 💌message 200 sent: user_id=109
[2025-05-22T07:02:40.939+0000] {logging_mixin.py:190} INFO - 💌message 201 sent: user_id=116
[2025-05-22T07:02:40.992+0000] {logging_mixin.py:190} INFO - 💌message 202 sent: user_id=106
[2025-05-22T07:02:41.046+0000] {logging_mixin.py:190} INFO - 💌message 203 sent: user_id=122
[2025-05-22T07:02:41.098+0000] {logging_mixin.py:190} INFO - 💌message 204 sent: user_id=131
[2025-05-22T07:02:41.150+0000] {logging_mixin.py:190} INFO - 💌message 205 sent: user_id=106
[2025-05-22T07:02:41.203+0000] {logging_mixin.py:190} INFO - 💌message 206 sent: user_id=128
[2025-05-22T07:02:41.255+0000] {logging_mixin.py:190} INFO - 💌message 207 sent: user_id=137
[2025-05-22T07:02:41.306+0000] {logging_mixin.py:190} INFO - 💌message 208 sent: user_id=110
[2025-05-22T07:02:41.357+0000] {logging_mixin.py:190} INFO - 💌message 209 sent: user_id=127
[2025-05-22T07:02:41.409+0000] {logging_mixin.py:190} INFO - 💌message 210 sent: user_id=136
[2025-05-22T07:02:41.461+0000] {logging_mixin.py:190} INFO - 💌message 211 sent: user_id=130
[2025-05-22T07:02:41.517+0000] {logging_mixin.py:190} INFO - 💌message 212 sent: user_id=140
[2025-05-22T07:02:41.571+0000] {logging_mixin.py:190} INFO - 💌message 213 sent: user_id=139
[2025-05-22T07:02:41.622+0000] {logging_mixin.py:190} INFO - 💌message 214 sent: user_id=139
[2025-05-22T07:02:41.674+0000] {logging_mixin.py:190} INFO - 💌message 215 sent: user_id=142
[2025-05-22T07:02:41.727+0000] {logging_mixin.py:190} INFO - 💌message 216 sent: user_id=103
[2025-05-22T07:02:41.782+0000] {logging_mixin.py:190} INFO - 💌message 217 sent: user_id=110
[2025-05-22T07:02:41.836+0000] {logging_mixin.py:190} INFO - 💌message 218 sent: user_id=137
[2025-05-22T07:02:41.890+0000] {logging_mixin.py:190} INFO - 💌message 219 sent: user_id=136
[2025-05-22T07:02:41.946+0000] {logging_mixin.py:190} INFO - 💌message 220 sent: user_id=127
[2025-05-22T07:02:42.000+0000] {logging_mixin.py:190} INFO - 💌message 221 sent: user_id=101
[2025-05-22T07:02:42.055+0000] {logging_mixin.py:190} INFO - 💌message 222 sent: user_id=112
[2025-05-22T07:02:42.111+0000] {logging_mixin.py:190} INFO - 💌message 223 sent: user_id=141
[2025-05-22T07:02:42.165+0000] {logging_mixin.py:190} INFO - 💌message 224 sent: user_id=126
[2025-05-22T07:02:42.219+0000] {logging_mixin.py:190} INFO - 💌message 225 sent: user_id=141
[2025-05-22T07:02:42.275+0000] {logging_mixin.py:190} INFO - 💌message 226 sent: user_id=120
[2025-05-22T07:02:42.332+0000] {logging_mixin.py:190} INFO - 💌message 227 sent: user_id=117
[2025-05-22T07:02:42.389+0000] {logging_mixin.py:190} INFO - 💌message 228 sent: user_id=114
[2025-05-22T07:02:42.444+0000] {logging_mixin.py:190} INFO - 💌message 229 sent: user_id=120
[2025-05-22T07:02:42.499+0000] {logging_mixin.py:190} INFO - 💌message 230 sent: user_id=130
[2025-05-22T07:02:42.556+0000] {logging_mixin.py:190} INFO - 💌message 231 sent: user_id=119
[2025-05-22T07:02:42.613+0000] {logging_mixin.py:190} INFO - 💌message 232 sent: user_id=110
[2025-05-22T07:02:42.670+0000] {logging_mixin.py:190} INFO - 💌message 233 sent: user_id=118
[2025-05-22T07:02:42.723+0000] {logging_mixin.py:190} INFO - 💌message 234 sent: user_id=103
[2025-05-22T07:02:42.776+0000] {logging_mixin.py:190} INFO - 💌message 235 sent: user_id=144
[2025-05-22T07:02:42.830+0000] {logging_mixin.py:190} INFO - 💌message 236 sent: user_id=111
[2025-05-22T07:02:42.882+0000] {logging_mixin.py:190} INFO - 💌message 237 sent: user_id=101
[2025-05-22T07:02:42.935+0000] {logging_mixin.py:190} INFO - 💌message 238 sent: user_id=108
[2025-05-22T07:02:42.988+0000] {logging_mixin.py:190} INFO - 💌message 239 sent: user_id=107
[2025-05-22T07:02:43.044+0000] {logging_mixin.py:190} INFO - 💌message 240 sent: user_id=125
[2025-05-22T07:02:43.099+0000] {logging_mixin.py:190} INFO - 💌message 241 sent: user_id=117
[2025-05-22T07:02:43.156+0000] {logging_mixin.py:190} INFO - 💌message 242 sent: user_id=113
[2025-05-22T07:02:43.209+0000] {logging_mixin.py:190} INFO - 💌message 243 sent: user_id=138
[2025-05-22T07:02:43.265+0000] {logging_mixin.py:190} INFO - 💌message 244 sent: user_id=112
[2025-05-22T07:02:43.320+0000] {logging_mixin.py:190} INFO - 💌message 245 sent: user_id=105
[2025-05-22T07:02:43.375+0000] {logging_mixin.py:190} INFO - 💌message 246 sent: user_id=132
[2025-05-22T07:02:43.428+0000] {logging_mixin.py:190} INFO - 💌message 247 sent: user_id=113
[2025-05-22T07:02:43.482+0000] {logging_mixin.py:190} INFO - 💌message 248 sent: user_id=141
[2025-05-22T07:02:43.535+0000] {logging_mixin.py:190} INFO - 💌message 249 sent: user_id=120
[2025-05-22T07:02:43.591+0000] {logging_mixin.py:190} INFO - 💌message 250 sent: user_id=143
[2025-05-22T07:02:43.648+0000] {logging_mixin.py:190} INFO - 💌message 251 sent: user_id=137
[2025-05-22T07:02:43.702+0000] {logging_mixin.py:190} INFO - 💌message 252 sent: user_id=120
[2025-05-22T07:02:43.756+0000] {logging_mixin.py:190} INFO - 💌message 253 sent: user_id=133
[2025-05-22T07:02:43.814+0000] {logging_mixin.py:190} INFO - 💌message 254 sent: user_id=146
[2025-05-22T07:02:43.868+0000] {logging_mixin.py:190} INFO - 💌message 255 sent: user_id=124
[2025-05-22T07:02:43.923+0000] {logging_mixin.py:190} INFO - 💌message 256 sent: user_id=121
[2025-05-22T07:02:43.975+0000] {logging_mixin.py:190} INFO - 💌message 257 sent: user_id=105
[2025-05-22T07:02:44.030+0000] {logging_mixin.py:190} INFO - 💌message 258 sent: user_id=104
[2025-05-22T07:02:44.085+0000] {logging_mixin.py:190} INFO - 💌message 259 sent: user_id=114
[2025-05-22T07:02:44.143+0000] {logging_mixin.py:190} INFO - 💌message 260 sent: user_id=102
[2025-05-22T07:02:44.197+0000] {logging_mixin.py:190} INFO - 💌message 261 sent: user_id=108
[2025-05-22T07:02:44.255+0000] {logging_mixin.py:190} INFO - 💌message 262 sent: user_id=110
[2025-05-22T07:02:44.314+0000] {logging_mixin.py:190} INFO - 💌message 263 sent: user_id=126
[2025-05-22T07:02:44.372+0000] {logging_mixin.py:190} INFO - 💌message 264 sent: user_id=126
[2025-05-22T07:02:44.430+0000] {logging_mixin.py:190} INFO - 💌message 265 sent: user_id=108
[2025-05-22T07:02:44.484+0000] {logging_mixin.py:190} INFO - 💌message 266 sent: user_id=128
[2025-05-22T07:02:44.537+0000] {logging_mixin.py:190} INFO - 💌message 267 sent: user_id=100
[2025-05-22T07:02:44.590+0000] {logging_mixin.py:190} INFO - 💌message 268 sent: user_id=130
[2025-05-22T07:02:44.647+0000] {logging_mixin.py:190} INFO - 💌message 269 sent: user_id=108
[2025-05-22T07:02:44.704+0000] {logging_mixin.py:190} INFO - 💌message 270 sent: user_id=131
[2025-05-22T07:02:44.758+0000] {logging_mixin.py:190} INFO - 💌message 271 sent: user_id=127
[2025-05-22T07:02:44.811+0000] {logging_mixin.py:190} INFO - 💌message 272 sent: user_id=112
[2025-05-22T07:02:44.863+0000] {logging_mixin.py:190} INFO - 💌message 273 sent: user_id=145
[2025-05-22T07:02:44.916+0000] {logging_mixin.py:190} INFO - 💌message 274 sent: user_id=148
[2025-05-22T07:02:44.968+0000] {logging_mixin.py:190} INFO - 💌message 275 sent: user_id=103
[2025-05-22T07:02:45.022+0000] {logging_mixin.py:190} INFO - 💌message 276 sent: user_id=129
[2025-05-22T07:02:45.074+0000] {logging_mixin.py:190} INFO - 💌message 277 sent: user_id=142
[2025-05-22T07:02:45.131+0000] {logging_mixin.py:190} INFO - 💌message 278 sent: user_id=104
[2025-05-22T07:02:45.185+0000] {logging_mixin.py:190} INFO - 💌message 279 sent: user_id=146
[2025-05-22T07:02:45.239+0000] {logging_mixin.py:190} INFO - 💌message 280 sent: user_id=115
[2025-05-22T07:02:45.295+0000] {logging_mixin.py:190} INFO - 💌message 281 sent: user_id=118
[2025-05-22T07:02:45.350+0000] {logging_mixin.py:190} INFO - 💌message 282 sent: user_id=135
[2025-05-22T07:02:45.404+0000] {logging_mixin.py:190} INFO - 💌message 283 sent: user_id=111
[2025-05-22T07:02:45.457+0000] {logging_mixin.py:190} INFO - 💌message 284 sent: user_id=130
[2025-05-22T07:02:45.510+0000] {logging_mixin.py:190} INFO - 💌message 285 sent: user_id=128
[2025-05-22T07:02:45.567+0000] {logging_mixin.py:190} INFO - 💌message 286 sent: user_id=110
[2025-05-22T07:02:45.619+0000] {logging_mixin.py:190} INFO - 💌message 287 sent: user_id=130
[2025-05-22T07:02:45.675+0000] {logging_mixin.py:190} INFO - 💌message 288 sent: user_id=123
[2025-05-22T07:02:45.730+0000] {logging_mixin.py:190} INFO - 💌message 289 sent: user_id=111
[2025-05-22T07:02:45.786+0000] {logging_mixin.py:190} INFO - 💌message 290 sent: user_id=149
[2025-05-22T07:02:45.841+0000] {logging_mixin.py:190} INFO - 💌message 291 sent: user_id=145
[2025-05-22T07:02:45.898+0000] {logging_mixin.py:190} INFO - 💌message 292 sent: user_id=129
[2025-05-22T07:02:45.952+0000] {logging_mixin.py:190} INFO - 💌message 293 sent: user_id=149
[2025-05-22T07:02:46.007+0000] {logging_mixin.py:190} INFO - 💌message 294 sent: user_id=139
[2025-05-22T07:02:46.062+0000] {logging_mixin.py:190} INFO - 💌message 295 sent: user_id=131
[2025-05-22T07:02:46.118+0000] {logging_mixin.py:190} INFO - 💌message 296 sent: user_id=103
[2025-05-22T07:02:46.174+0000] {logging_mixin.py:190} INFO - 💌message 297 sent: user_id=141
[2025-05-22T07:02:46.230+0000] {logging_mixin.py:190} INFO - 💌message 298 sent: user_id=107
[2025-05-22T07:02:46.284+0000] {logging_mixin.py:190} INFO - 💌message 299 sent: user_id=101
[2025-05-22T07:02:46.341+0000] {logging_mixin.py:190} INFO - 💌message 300 sent: user_id=129
[2025-05-22T07:02:46.395+0000] {logging_mixin.py:190} INFO - 💌message 301 sent: user_id=109
[2025-05-22T07:02:46.454+0000] {logging_mixin.py:190} INFO - 💌message 302 sent: user_id=112
[2025-05-22T07:02:46.507+0000] {logging_mixin.py:190} INFO - 💌message 303 sent: user_id=124
[2025-05-22T07:02:46.564+0000] {logging_mixin.py:190} INFO - 💌message 304 sent: user_id=115
[2025-05-22T07:02:46.616+0000] {logging_mixin.py:190} INFO - 💌message 305 sent: user_id=118
[2025-05-22T07:02:46.670+0000] {logging_mixin.py:190} INFO - 💌message 306 sent: user_id=101
[2025-05-22T07:02:46.724+0000] {logging_mixin.py:190} INFO - 💌message 307 sent: user_id=106
[2025-05-22T07:02:46.783+0000] {logging_mixin.py:190} INFO - 💌message 308 sent: user_id=131
[2025-05-22T07:02:46.836+0000] {logging_mixin.py:190} INFO - 💌message 309 sent: user_id=126
[2025-05-22T07:02:46.893+0000] {logging_mixin.py:190} INFO - 💌message 310 sent: user_id=144
[2025-05-22T07:02:46.947+0000] {logging_mixin.py:190} INFO - 💌message 311 sent: user_id=136
[2025-05-22T07:02:47.001+0000] {logging_mixin.py:190} INFO - 💌message 312 sent: user_id=100
[2025-05-22T07:02:47.054+0000] {logging_mixin.py:190} INFO - 💌message 313 sent: user_id=109
[2025-05-22T07:02:47.110+0000] {logging_mixin.py:190} INFO - 💌message 314 sent: user_id=107
[2025-05-22T07:02:47.163+0000] {logging_mixin.py:190} INFO - 💌message 315 sent: user_id=148
[2025-05-22T07:02:47.219+0000] {logging_mixin.py:190} INFO - 💌message 316 sent: user_id=118
[2025-05-22T07:02:47.274+0000] {logging_mixin.py:190} INFO - 💌message 317 sent: user_id=100
[2025-05-22T07:02:47.328+0000] {logging_mixin.py:190} INFO - 💌message 318 sent: user_id=149
[2025-05-22T07:02:47.382+0000] {logging_mixin.py:190} INFO - 💌message 319 sent: user_id=116
[2025-05-22T07:02:47.439+0000] {logging_mixin.py:190} INFO - 💌message 320 sent: user_id=113
[2025-05-22T07:02:47.494+0000] {logging_mixin.py:190} INFO - 💌message 321 sent: user_id=100
[2025-05-22T07:02:47.547+0000] {logging_mixin.py:190} INFO - 💌message 322 sent: user_id=147
[2025-05-22T07:02:47.600+0000] {logging_mixin.py:190} INFO - 💌message 323 sent: user_id=147
[2025-05-22T07:02:47.653+0000] {logging_mixin.py:190} INFO - 💌message 324 sent: user_id=140
[2025-05-22T07:02:47.706+0000] {logging_mixin.py:190} INFO - 💌message 325 sent: user_id=132
[2025-05-22T07:02:47.760+0000] {logging_mixin.py:190} INFO - 💌message 326 sent: user_id=103
[2025-05-22T07:02:47.814+0000] {logging_mixin.py:190} INFO - 💌message 327 sent: user_id=106
[2025-05-22T07:02:47.867+0000] {logging_mixin.py:190} INFO - 💌message 328 sent: user_id=101
[2025-05-22T07:02:47.919+0000] {logging_mixin.py:190} INFO - 💌message 329 sent: user_id=121
[2025-05-22T07:02:47.971+0000] {logging_mixin.py:190} INFO - 💌message 330 sent: user_id=150
[2025-05-22T07:02:48.023+0000] {logging_mixin.py:190} INFO - 💌message 331 sent: user_id=133
[2025-05-22T07:02:48.076+0000] {logging_mixin.py:190} INFO - 💌message 332 sent: user_id=109
[2025-05-22T07:02:48.130+0000] {logging_mixin.py:190} INFO - 💌message 333 sent: user_id=120
[2025-05-22T07:02:48.188+0000] {logging_mixin.py:190} INFO - 💌message 334 sent: user_id=149
[2025-05-22T07:02:48.243+0000] {logging_mixin.py:190} INFO - 💌message 335 sent: user_id=124
[2025-05-22T07:02:48.299+0000] {logging_mixin.py:190} INFO - 💌message 336 sent: user_id=128
[2025-05-22T07:02:48.353+0000] {logging_mixin.py:190} INFO - 💌message 337 sent: user_id=121
[2025-05-22T07:02:48.407+0000] {logging_mixin.py:190} INFO - 💌message 338 sent: user_id=137
[2025-05-22T07:02:48.462+0000] {logging_mixin.py:190} INFO - 💌message 339 sent: user_id=138
[2025-05-22T07:02:48.517+0000] {logging_mixin.py:190} INFO - 💌message 340 sent: user_id=112
[2025-05-22T07:02:48.571+0000] {logging_mixin.py:190} INFO - 💌message 341 sent: user_id=141
[2025-05-22T07:02:48.627+0000] {logging_mixin.py:190} INFO - 💌message 342 sent: user_id=113
[2025-05-22T07:02:48.684+0000] {logging_mixin.py:190} INFO - 💌message 343 sent: user_id=143
[2025-05-22T07:02:48.739+0000] {logging_mixin.py:190} INFO - 💌message 344 sent: user_id=121
[2025-05-22T07:02:48.794+0000] {logging_mixin.py:190} INFO - 💌message 345 sent: user_id=129
[2025-05-22T07:02:48.853+0000] {logging_mixin.py:190} INFO - 💌message 346 sent: user_id=100
[2025-05-22T07:02:48.906+0000] {logging_mixin.py:190} INFO - 💌message 347 sent: user_id=110
[2025-05-22T07:02:48.960+0000] {logging_mixin.py:190} INFO - 💌message 348 sent: user_id=133
[2025-05-22T07:02:49.013+0000] {logging_mixin.py:190} INFO - 💌message 349 sent: user_id=100
[2025-05-22T07:02:49.065+0000] {logging_mixin.py:190} INFO - 💌message 350 sent: user_id=100
[2025-05-22T07:02:49.117+0000] {logging_mixin.py:190} INFO - 💌message 351 sent: user_id=140
[2025-05-22T07:02:49.172+0000] {logging_mixin.py:190} INFO - 💌message 352 sent: user_id=112
[2025-05-22T07:02:49.227+0000] {logging_mixin.py:190} INFO - 💌message 353 sent: user_id=149
[2025-05-22T07:02:49.285+0000] {logging_mixin.py:190} INFO - 💌message 354 sent: user_id=121
[2025-05-22T07:02:49.339+0000] {logging_mixin.py:190} INFO - 💌message 355 sent: user_id=141
[2025-05-22T07:02:49.396+0000] {logging_mixin.py:190} INFO - 💌message 356 sent: user_id=149
[2025-05-22T07:02:49.449+0000] {logging_mixin.py:190} INFO - 💌message 357 sent: user_id=102
[2025-05-22T07:02:49.505+0000] {logging_mixin.py:190} INFO - 💌message 358 sent: user_id=123
[2025-05-22T07:02:49.558+0000] {logging_mixin.py:190} INFO - 💌message 359 sent: user_id=117
[2025-05-22T07:02:49.611+0000] {logging_mixin.py:190} INFO - 💌message 360 sent: user_id=120
[2025-05-22T07:02:49.664+0000] {logging_mixin.py:190} INFO - 💌message 361 sent: user_id=105
[2025-05-22T07:02:49.720+0000] {logging_mixin.py:190} INFO - 💌message 362 sent: user_id=110
[2025-05-22T07:02:49.775+0000] {logging_mixin.py:190} INFO - 💌message 363 sent: user_id=118
[2025-05-22T07:02:49.828+0000] {logging_mixin.py:190} INFO - 💌message 364 sent: user_id=113
[2025-05-22T07:02:49.882+0000] {logging_mixin.py:190} INFO - 💌message 365 sent: user_id=111
[2025-05-22T07:02:49.936+0000] {logging_mixin.py:190} INFO - 💌message 366 sent: user_id=112
[2025-05-22T07:02:49.989+0000] {logging_mixin.py:190} INFO - 💌message 367 sent: user_id=141
[2025-05-22T07:02:50.042+0000] {logging_mixin.py:190} INFO - 💌message 368 sent: user_id=102
[2025-05-22T07:02:50.095+0000] {logging_mixin.py:190} INFO - 💌message 369 sent: user_id=126
[2025-05-22T07:02:50.147+0000] {logging_mixin.py:190} INFO - 💌message 370 sent: user_id=130
[2025-05-22T07:02:50.201+0000] {logging_mixin.py:190} INFO - 💌message 371 sent: user_id=138
[2025-05-22T07:02:50.253+0000] {logging_mixin.py:190} INFO - 💌message 372 sent: user_id=119
[2025-05-22T07:02:50.306+0000] {logging_mixin.py:190} INFO - 💌message 373 sent: user_id=112
[2025-05-22T07:02:50.362+0000] {logging_mixin.py:190} INFO - 💌message 374 sent: user_id=117
[2025-05-22T07:02:50.417+0000] {logging_mixin.py:190} INFO - 💌message 375 sent: user_id=127
[2025-05-22T07:02:50.470+0000] {logging_mixin.py:190} INFO - 💌message 376 sent: user_id=102
[2025-05-22T07:02:50.527+0000] {logging_mixin.py:190} INFO - 💌message 377 sent: user_id=108
[2025-05-22T07:02:50.582+0000] {logging_mixin.py:190} INFO - 💌message 378 sent: user_id=101
[2025-05-22T07:02:50.634+0000] {logging_mixin.py:190} INFO - 💌message 379 sent: user_id=137
[2025-05-22T07:02:50.688+0000] {logging_mixin.py:190} INFO - 💌message 380 sent: user_id=100
[2025-05-22T07:02:50.743+0000] {logging_mixin.py:190} INFO - 💌message 381 sent: user_id=132
[2025-05-22T07:02:50.799+0000] {logging_mixin.py:190} INFO - 💌message 382 sent: user_id=122
[2025-05-22T07:02:50.852+0000] {logging_mixin.py:190} INFO - 💌message 383 sent: user_id=124
[2025-05-22T07:02:50.905+0000] {logging_mixin.py:190} INFO - 💌message 384 sent: user_id=124
[2025-05-22T07:02:50.957+0000] {logging_mixin.py:190} INFO - 💌message 385 sent: user_id=139
[2025-05-22T07:02:51.009+0000] {logging_mixin.py:190} INFO - 💌message 386 sent: user_id=150
[2025-05-22T07:02:51.061+0000] {logging_mixin.py:190} INFO - 💌message 387 sent: user_id=150
[2025-05-22T07:02:51.118+0000] {logging_mixin.py:190} INFO - 💌message 388 sent: user_id=138
[2025-05-22T07:02:51.171+0000] {logging_mixin.py:190} INFO - 💌message 389 sent: user_id=140
[2025-05-22T07:02:51.226+0000] {logging_mixin.py:190} INFO - 💌message 390 sent: user_id=138
[2025-05-22T07:02:51.281+0000] {logging_mixin.py:190} INFO - 💌message 391 sent: user_id=141
[2025-05-22T07:02:51.338+0000] {logging_mixin.py:190} INFO - 💌message 392 sent: user_id=130
[2025-05-22T07:02:51.393+0000] {logging_mixin.py:190} INFO - 💌message 393 sent: user_id=135
[2025-05-22T07:02:51.446+0000] {logging_mixin.py:190} INFO - 💌message 394 sent: user_id=129
[2025-05-22T07:02:51.498+0000] {logging_mixin.py:190} INFO - 💌message 395 sent: user_id=109
[2025-05-22T07:02:51.552+0000] {logging_mixin.py:190} INFO - 💌message 396 sent: user_id=126
[2025-05-22T07:02:51.605+0000] {logging_mixin.py:190} INFO - 💌message 397 sent: user_id=142
[2025-05-22T07:02:51.656+0000] {logging_mixin.py:190} INFO - 💌message 398 sent: user_id=104
[2025-05-22T07:02:51.710+0000] {logging_mixin.py:190} INFO - 💌message 399 sent: user_id=149
[2025-05-22T07:02:51.763+0000] {logging_mixin.py:190} INFO - 💌message 400 sent: user_id=115
[2025-05-22T07:02:51.818+0000] {logging_mixin.py:190} INFO - 💌message 401 sent: user_id=105
[2025-05-22T07:02:51.873+0000] {logging_mixin.py:190} INFO - 💌message 402 sent: user_id=148
[2025-05-22T07:02:51.928+0000] {logging_mixin.py:190} INFO - 💌message 403 sent: user_id=102
[2025-05-22T07:02:51.983+0000] {logging_mixin.py:190} INFO - 💌message 404 sent: user_id=109
[2025-05-22T07:02:52.039+0000] {logging_mixin.py:190} INFO - 💌message 405 sent: user_id=126
[2025-05-22T07:02:52.093+0000] {logging_mixin.py:190} INFO - 💌message 406 sent: user_id=144
[2025-05-22T07:02:52.149+0000] {logging_mixin.py:190} INFO - 💌message 407 sent: user_id=107
[2025-05-22T07:02:52.207+0000] {logging_mixin.py:190} INFO - 💌message 408 sent: user_id=129
[2025-05-22T07:02:52.261+0000] {logging_mixin.py:190} INFO - 💌message 409 sent: user_id=145
[2025-05-22T07:02:52.316+0000] {logging_mixin.py:190} INFO - 💌message 410 sent: user_id=115
[2025-05-22T07:02:52.371+0000] {logging_mixin.py:190} INFO - 💌message 411 sent: user_id=111
[2025-05-22T07:02:52.428+0000] {logging_mixin.py:190} INFO - 💌message 412 sent: user_id=100
[2025-05-22T07:02:52.483+0000] {logging_mixin.py:190} INFO - 💌message 413 sent: user_id=110
[2025-05-22T07:02:52.540+0000] {logging_mixin.py:190} INFO - 💌message 414 sent: user_id=142
[2025-05-22T07:02:52.594+0000] {logging_mixin.py:190} INFO - 💌message 415 sent: user_id=132
[2025-05-22T07:02:52.649+0000] {logging_mixin.py:190} INFO - 💌message 416 sent: user_id=116
[2025-05-22T07:02:52.703+0000] {logging_mixin.py:190} INFO - 💌message 417 sent: user_id=143
[2025-05-22T07:02:52.759+0000] {logging_mixin.py:190} INFO - 💌message 418 sent: user_id=128
[2025-05-22T07:02:52.814+0000] {logging_mixin.py:190} INFO - 💌message 419 sent: user_id=103
[2025-05-22T07:02:52.869+0000] {logging_mixin.py:190} INFO - 💌message 420 sent: user_id=138
[2025-05-22T07:02:52.923+0000] {logging_mixin.py:190} INFO - 💌message 421 sent: user_id=144
[2025-05-22T07:02:52.978+0000] {logging_mixin.py:190} INFO - 💌message 422 sent: user_id=103
[2025-05-22T07:02:53.032+0000] {logging_mixin.py:190} INFO - 💌message 423 sent: user_id=125
[2025-05-22T07:02:53.084+0000] {logging_mixin.py:190} INFO - 💌message 424 sent: user_id=129
[2025-05-22T07:02:53.138+0000] {logging_mixin.py:190} INFO - 💌message 425 sent: user_id=147
[2025-05-22T07:02:53.195+0000] {logging_mixin.py:190} INFO - 💌message 426 sent: user_id=137
[2025-05-22T07:02:53.249+0000] {logging_mixin.py:190} INFO - 💌message 427 sent: user_id=126
[2025-05-22T07:02:53.302+0000] {logging_mixin.py:190} INFO - 💌message 428 sent: user_id=145
[2025-05-22T07:02:53.355+0000] {logging_mixin.py:190} INFO - 💌message 429 sent: user_id=122
[2025-05-22T07:02:53.411+0000] {logging_mixin.py:190} INFO - 💌message 430 sent: user_id=121
[2025-05-22T07:02:53.467+0000] {logging_mixin.py:190} INFO - 💌message 431 sent: user_id=107
[2025-05-22T07:02:53.522+0000] {logging_mixin.py:190} INFO - 💌message 432 sent: user_id=116
[2025-05-22T07:02:53.578+0000] {logging_mixin.py:190} INFO - 💌message 433 sent: user_id=116
[2025-05-22T07:02:53.633+0000] {logging_mixin.py:190} INFO - 💌message 434 sent: user_id=130
[2025-05-22T07:02:53.687+0000] {logging_mixin.py:190} INFO - 💌message 435 sent: user_id=148
[2025-05-22T07:02:53.740+0000] {logging_mixin.py:190} INFO - 💌message 436 sent: user_id=136
[2025-05-22T07:02:53.798+0000] {logging_mixin.py:190} INFO - 💌message 437 sent: user_id=139
[2025-05-22T07:02:53.854+0000] {logging_mixin.py:190} INFO - 💌message 438 sent: user_id=142
[2025-05-22T07:02:53.908+0000] {logging_mixin.py:190} INFO - 💌message 439 sent: user_id=131
[2025-05-22T07:02:53.963+0000] {logging_mixin.py:190} INFO - 💌message 440 sent: user_id=110
[2025-05-22T07:02:54.015+0000] {logging_mixin.py:190} INFO - 💌message 441 sent: user_id=113
[2025-05-22T07:02:54.067+0000] {logging_mixin.py:190} INFO - 💌message 442 sent: user_id=145
[2025-05-22T07:02:54.120+0000] {logging_mixin.py:190} INFO - 💌message 443 sent: user_id=147
[2025-05-22T07:02:54.175+0000] {logging_mixin.py:190} INFO - 💌message 444 sent: user_id=132
[2025-05-22T07:02:54.230+0000] {logging_mixin.py:190} INFO - 💌message 445 sent: user_id=146
[2025-05-22T07:02:54.285+0000] {logging_mixin.py:190} INFO - 💌message 446 sent: user_id=102
[2025-05-22T07:02:54.338+0000] {logging_mixin.py:190} INFO - 💌message 447 sent: user_id=104
[2025-05-22T07:02:54.393+0000] {logging_mixin.py:190} INFO - 💌message 448 sent: user_id=120
[2025-05-22T07:02:54.447+0000] {logging_mixin.py:190} INFO - 💌message 449 sent: user_id=111
[2025-05-22T07:02:54.502+0000] {logging_mixin.py:190} INFO - 💌message 450 sent: user_id=119
[2025-05-22T07:02:54.553+0000] {logging_mixin.py:190} INFO - 💌message 451 sent: user_id=115
[2025-05-22T07:02:54.607+0000] {logging_mixin.py:190} INFO - 💌message 452 sent: user_id=104
[2025-05-22T07:02:54.660+0000] {logging_mixin.py:190} INFO - 💌message 453 sent: user_id=104
[2025-05-22T07:02:54.712+0000] {logging_mixin.py:190} INFO - 💌message 454 sent: user_id=147
[2025-05-22T07:02:54.765+0000] {logging_mixin.py:190} INFO - 💌message 455 sent: user_id=115
[2025-05-22T07:02:54.821+0000] {logging_mixin.py:190} INFO - 💌message 456 sent: user_id=124
[2025-05-22T07:02:54.874+0000] {logging_mixin.py:190} INFO - 💌message 457 sent: user_id=148
[2025-05-22T07:02:54.932+0000] {logging_mixin.py:190} INFO - 💌message 458 sent: user_id=121
[2025-05-22T07:02:54.986+0000] {logging_mixin.py:190} INFO - 💌message 459 sent: user_id=126
[2025-05-22T07:02:55.040+0000] {logging_mixin.py:190} INFO - 💌message 460 sent: user_id=137
[2025-05-22T07:02:55.092+0000] {logging_mixin.py:190} INFO - 💌message 461 sent: user_id=114
[2025-05-22T07:02:55.148+0000] {logging_mixin.py:190} INFO - 💌message 462 sent: user_id=144
[2025-05-22T07:02:55.200+0000] {logging_mixin.py:190} INFO - 💌message 463 sent: user_id=130
[2025-05-22T07:02:55.254+0000] {logging_mixin.py:190} INFO - 💌message 464 sent: user_id=103
[2025-05-22T07:02:55.307+0000] {logging_mixin.py:190} INFO - 💌message 465 sent: user_id=131
[2025-05-22T07:02:55.367+0000] {logging_mixin.py:190} INFO - 💌message 466 sent: user_id=109
[2025-05-22T07:02:55.421+0000] {logging_mixin.py:190} INFO - 💌message 467 sent: user_id=140
[2025-05-22T07:02:55.476+0000] {logging_mixin.py:190} INFO - 💌message 468 sent: user_id=112
[2025-05-22T07:02:55.528+0000] {logging_mixin.py:190} INFO - 💌message 469 sent: user_id=106
[2025-05-22T07:02:55.582+0000] {logging_mixin.py:190} INFO - 💌message 470 sent: user_id=103
[2025-05-22T07:02:55.635+0000] {logging_mixin.py:190} INFO - 💌message 471 sent: user_id=125
[2025-05-22T07:02:55.691+0000] {logging_mixin.py:190} INFO - 💌message 472 sent: user_id=138
[2025-05-22T07:02:55.743+0000] {logging_mixin.py:190} INFO - 💌message 473 sent: user_id=139
[2025-05-22T07:02:55.800+0000] {logging_mixin.py:190} INFO - 💌message 474 sent: user_id=130
[2025-05-22T07:02:55.853+0000] {logging_mixin.py:190} INFO - 💌message 475 sent: user_id=102
[2025-05-22T07:02:55.906+0000] {logging_mixin.py:190} INFO - 💌message 476 sent: user_id=130
[2025-05-22T07:02:55.958+0000] {logging_mixin.py:190} INFO - 💌message 477 sent: user_id=118
[2025-05-22T07:02:56.011+0000] {logging_mixin.py:190} INFO - 💌message 478 sent: user_id=113
[2025-05-22T07:02:56.064+0000] {logging_mixin.py:190} INFO - 💌message 479 sent: user_id=124
[2025-05-22T07:02:56.117+0000] {logging_mixin.py:190} INFO - 💌message 480 sent: user_id=111
[2025-05-22T07:02:56.171+0000] {logging_mixin.py:190} INFO - 💌message 481 sent: user_id=107
[2025-05-22T07:02:56.224+0000] {logging_mixin.py:190} INFO - 💌message 482 sent: user_id=148
[2025-05-22T07:02:56.277+0000] {logging_mixin.py:190} INFO - 💌message 483 sent: user_id=118
[2025-05-22T07:02:56.331+0000] {logging_mixin.py:190} INFO - 💌message 484 sent: user_id=125
[2025-05-22T07:02:56.385+0000] {logging_mixin.py:190} INFO - 💌message 485 sent: user_id=146
[2025-05-22T07:02:56.439+0000] {logging_mixin.py:190} INFO - 💌message 486 sent: user_id=135
[2025-05-22T07:02:56.496+0000] {logging_mixin.py:190} INFO - 💌message 487 sent: user_id=116
[2025-05-22T07:02:56.549+0000] {logging_mixin.py:190} INFO - 💌message 488 sent: user_id=140
[2025-05-22T07:02:56.605+0000] {logging_mixin.py:190} INFO - 💌message 489 sent: user_id=117
[2025-05-22T07:02:56.660+0000] {logging_mixin.py:190} INFO - 💌message 490 sent: user_id=123
[2025-05-22T07:02:56.713+0000] {logging_mixin.py:190} INFO - 💌message 491 sent: user_id=139
[2025-05-22T07:02:56.765+0000] {logging_mixin.py:190} INFO - 💌message 492 sent: user_id=131
[2025-05-22T07:02:56.818+0000] {logging_mixin.py:190} INFO - 💌message 493 sent: user_id=142
[2025-05-22T07:02:56.870+0000] {logging_mixin.py:190} INFO - 💌message 494 sent: user_id=131
[2025-05-22T07:02:56.921+0000] {logging_mixin.py:190} INFO - 💌message 495 sent: user_id=126
[2025-05-22T07:02:56.972+0000] {logging_mixin.py:190} INFO - 💌message 496 sent: user_id=135
[2025-05-22T07:02:57.024+0000] {logging_mixin.py:190} INFO - 💌message 497 sent: user_id=113
[2025-05-22T07:02:57.078+0000] {logging_mixin.py:190} INFO - 💌message 498 sent: user_id=149
[2025-05-22T07:02:57.134+0000] {logging_mixin.py:190} INFO - 💌message 499 sent: user_id=150
[2025-05-22T07:02:57.186+0000] {logging_mixin.py:190} INFO - 💌message 500 sent: user_id=115
[2025-05-22T07:02:57.240+0000] {logging_mixin.py:190} INFO - 💌message 501 sent: user_id=142
[2025-05-22T07:02:57.296+0000] {logging_mixin.py:190} INFO - 💌message 502 sent: user_id=146
[2025-05-22T07:02:57.351+0000] {logging_mixin.py:190} INFO - 💌message 503 sent: user_id=138
[2025-05-22T07:02:57.407+0000] {logging_mixin.py:190} INFO - 💌message 504 sent: user_id=127
[2025-05-22T07:02:57.463+0000] {logging_mixin.py:190} INFO - 💌message 505 sent: user_id=105
[2025-05-22T07:02:57.519+0000] {logging_mixin.py:190} INFO - 💌message 506 sent: user_id=139
[2025-05-22T07:02:57.572+0000] {logging_mixin.py:190} INFO - 💌message 507 sent: user_id=146
[2025-05-22T07:02:57.628+0000] {logging_mixin.py:190} INFO - 💌message 508 sent: user_id=123
[2025-05-22T07:02:57.683+0000] {logging_mixin.py:190} INFO - 💌message 509 sent: user_id=144
[2025-05-22T07:02:57.740+0000] {logging_mixin.py:190} INFO - 💌message 510 sent: user_id=147
[2025-05-22T07:02:57.793+0000] {logging_mixin.py:190} INFO - 💌message 511 sent: user_id=111
[2025-05-22T07:02:57.848+0000] {logging_mixin.py:190} INFO - 💌message 512 sent: user_id=101
[2025-05-22T07:02:57.903+0000] {logging_mixin.py:190} INFO - 💌message 513 sent: user_id=108
[2025-05-22T07:02:57.958+0000] {logging_mixin.py:190} INFO - 💌message 514 sent: user_id=131
[2025-05-22T07:02:58.009+0000] {logging_mixin.py:190} INFO - 💌message 515 sent: user_id=117
[2025-05-22T07:02:58.063+0000] {logging_mixin.py:190} INFO - 💌message 516 sent: user_id=138
[2025-05-22T07:02:58.114+0000] {logging_mixin.py:190} INFO - 💌message 517 sent: user_id=146
[2025-05-22T07:02:58.166+0000] {logging_mixin.py:190} INFO - 💌message 518 sent: user_id=134
[2025-05-22T07:02:58.220+0000] {logging_mixin.py:190} INFO - 💌message 519 sent: user_id=135
[2025-05-22T07:02:58.274+0000] {logging_mixin.py:190} INFO - 💌message 520 sent: user_id=136
[2025-05-22T07:02:58.329+0000] {logging_mixin.py:190} INFO - 💌message 521 sent: user_id=107
[2025-05-22T07:02:58.383+0000] {logging_mixin.py:190} INFO - 💌message 522 sent: user_id=108
[2025-05-22T07:02:58.438+0000] {logging_mixin.py:190} INFO - 💌message 523 sent: user_id=114
[2025-05-22T07:02:58.493+0000] {logging_mixin.py:190} INFO - 💌message 524 sent: user_id=137
[2025-05-22T07:02:58.548+0000] {logging_mixin.py:190} INFO - 💌message 525 sent: user_id=104
[2025-05-22T07:02:58.601+0000] {logging_mixin.py:190} INFO - 💌message 526 sent: user_id=142
[2025-05-22T07:02:58.656+0000] {logging_mixin.py:190} INFO - 💌message 527 sent: user_id=146
[2025-05-22T07:02:58.710+0000] {logging_mixin.py:190} INFO - 💌message 528 sent: user_id=111
[2025-05-22T07:02:58.766+0000] {logging_mixin.py:190} INFO - 💌message 529 sent: user_id=118
[2025-05-22T07:02:58.821+0000] {logging_mixin.py:190} INFO - 💌message 530 sent: user_id=116
[2025-05-22T07:02:58.875+0000] {logging_mixin.py:190} INFO - 💌message 531 sent: user_id=144
[2025-05-22T07:02:58.929+0000] {logging_mixin.py:190} INFO - 💌message 532 sent: user_id=125
[2025-05-22T07:02:58.984+0000] {logging_mixin.py:190} INFO - 💌message 533 sent: user_id=131
[2025-05-22T07:02:59.037+0000] {logging_mixin.py:190} INFO - 💌message 534 sent: user_id=133
[2025-05-22T07:02:59.090+0000] {logging_mixin.py:190} INFO - 💌message 535 sent: user_id=131
[2025-05-22T07:02:59.144+0000] {logging_mixin.py:190} INFO - 💌message 536 sent: user_id=145
[2025-05-22T07:02:59.198+0000] {logging_mixin.py:190} INFO - 💌message 537 sent: user_id=100
[2025-05-22T07:02:59.253+0000] {logging_mixin.py:190} INFO - 💌message 538 sent: user_id=139
[2025-05-22T07:02:59.308+0000] {logging_mixin.py:190} INFO - 💌message 539 sent: user_id=106
[2025-05-22T07:02:59.370+0000] {logging_mixin.py:190} INFO - 💌message 540 sent: user_id=143
[2025-05-22T07:02:59.424+0000] {logging_mixin.py:190} INFO - 💌message 541 sent: user_id=114
[2025-05-22T07:02:59.482+0000] {logging_mixin.py:190} INFO - 💌message 542 sent: user_id=106
[2025-05-22T07:02:59.538+0000] {logging_mixin.py:190} INFO - 💌message 543 sent: user_id=117
[2025-05-22T07:02:59.592+0000] {logging_mixin.py:190} INFO - 💌message 544 sent: user_id=148
[2025-05-22T07:02:59.648+0000] {logging_mixin.py:190} INFO - 💌message 545 sent: user_id=104
[2025-05-22T07:02:59.706+0000] {logging_mixin.py:190} INFO - 💌message 546 sent: user_id=117
[2025-05-22T07:02:59.761+0000] {logging_mixin.py:190} INFO - 💌message 547 sent: user_id=126
[2025-05-22T07:02:59.816+0000] {logging_mixin.py:190} INFO - 💌message 548 sent: user_id=119
[2025-05-22T07:02:59.877+0000] {logging_mixin.py:190} INFO - 💌message 549 sent: user_id=113
[2025-05-22T07:02:59.930+0000] {logging_mixin.py:190} INFO - 💌message 550 sent: user_id=139
[2025-05-22T07:02:59.983+0000] {logging_mixin.py:190} INFO - 💌message 551 sent: user_id=136
[2025-05-22T07:03:00.035+0000] {logging_mixin.py:190} INFO - 💌message 552 sent: user_id=140
[2025-05-22T07:03:00.089+0000] {logging_mixin.py:190} INFO - 💌message 553 sent: user_id=138
[2025-05-22T07:03:00.141+0000] {logging_mixin.py:190} INFO - 💌message 554 sent: user_id=132
[2025-05-22T07:03:00.194+0000] {logging_mixin.py:190} INFO - 💌message 555 sent: user_id=107
[2025-05-22T07:03:00.246+0000] {logging_mixin.py:190} INFO - 💌message 556 sent: user_id=138
[2025-05-22T07:03:00.251+0000] {record_accumulator.py:73} WARNING - Produced messages to topic-partition ('userlog', 0) with base offset -1 log start offset None and error None.
[2025-05-22T07:03:00.252+0000] {record_accumulator.py:332} WARNING - Expired 1 batches in accumulator
[2025-05-22T07:03:00.303+0000] {logging_mixin.py:190} INFO - 💌message 557 sent: user_id=148
[2025-05-22T07:03:00.357+0000] {logging_mixin.py:190} INFO - 💌message 558 sent: user_id=118
[2025-05-22T07:03:00.411+0000] {logging_mixin.py:190} INFO - 💌message 559 sent: user_id=106
[2025-05-22T07:03:00.467+0000] {logging_mixin.py:190} INFO - 💌message 560 sent: user_id=115
[2025-05-22T07:03:00.519+0000] {logging_mixin.py:190} INFO - 💌message 561 sent: user_id=126
[2025-05-22T07:03:00.575+0000] {logging_mixin.py:190} INFO - 💌message 562 sent: user_id=111
[2025-05-22T07:03:00.629+0000] {logging_mixin.py:190} INFO - 💌message 563 sent: user_id=143
[2025-05-22T07:03:00.684+0000] {logging_mixin.py:190} INFO - 💌message 564 sent: user_id=114
[2025-05-22T07:03:00.739+0000] {logging_mixin.py:190} INFO - 💌message 565 sent: user_id=149
[2025-05-22T07:03:00.791+0000] {logging_mixin.py:190} INFO - 💌message 566 sent: user_id=147
[2025-05-22T07:03:00.846+0000] {logging_mixin.py:190} INFO - 💌message 567 sent: user_id=106
[2025-05-22T07:03:00.899+0000] {logging_mixin.py:190} INFO - 💌message 568 sent: user_id=104
[2025-05-22T07:03:00.951+0000] {logging_mixin.py:190} INFO - 💌message 569 sent: user_id=100
[2025-05-22T07:03:01.002+0000] {logging_mixin.py:190} INFO - 💌message 570 sent: user_id=144
[2025-05-22T07:03:01.054+0000] {logging_mixin.py:190} INFO - 💌message 571 sent: user_id=131
[2025-05-22T07:03:01.109+0000] {logging_mixin.py:190} INFO - 💌message 572 sent: user_id=100
[2025-05-22T07:03:01.165+0000] {logging_mixin.py:190} INFO - 💌message 573 sent: user_id=147
[2025-05-22T07:03:01.223+0000] {logging_mixin.py:190} INFO - 💌message 574 sent: user_id=137
[2025-05-22T07:03:01.283+0000] {logging_mixin.py:190} INFO - 💌message 575 sent: user_id=109
[2025-05-22T07:03:01.337+0000] {logging_mixin.py:190} INFO - 💌message 576 sent: user_id=119
[2025-05-22T07:03:01.391+0000] {logging_mixin.py:190} INFO - 💌message 577 sent: user_id=116
[2025-05-22T07:03:01.445+0000] {logging_mixin.py:190} INFO - 💌message 578 sent: user_id=111
[2025-05-22T07:03:01.498+0000] {logging_mixin.py:190} INFO - 💌message 579 sent: user_id=119
[2025-05-22T07:03:01.549+0000] {logging_mixin.py:190} INFO - 💌message 580 sent: user_id=143
[2025-05-22T07:03:01.602+0000] {logging_mixin.py:190} INFO - 💌message 581 sent: user_id=110
[2025-05-22T07:03:01.656+0000] {logging_mixin.py:190} INFO - 💌message 582 sent: user_id=131
[2025-05-22T07:03:01.713+0000] {logging_mixin.py:190} INFO - 💌message 583 sent: user_id=142
[2025-05-22T07:03:01.767+0000] {logging_mixin.py:190} INFO - 💌message 584 sent: user_id=147
[2025-05-22T07:03:01.823+0000] {logging_mixin.py:190} INFO - 💌message 585 sent: user_id=149
[2025-05-22T07:03:01.876+0000] {logging_mixin.py:190} INFO - 💌message 586 sent: user_id=116
[2025-05-22T07:03:01.930+0000] {logging_mixin.py:190} INFO - 💌message 587 sent: user_id=108
[2025-05-22T07:03:01.985+0000] {logging_mixin.py:190} INFO - 💌message 588 sent: user_id=122
[2025-05-22T07:03:02.040+0000] {logging_mixin.py:190} INFO - 💌message 589 sent: user_id=114
[2025-05-22T07:03:02.092+0000] {logging_mixin.py:190} INFO - 💌message 590 sent: user_id=104
[2025-05-22T07:03:02.145+0000] {logging_mixin.py:190} INFO - 💌message 591 sent: user_id=104
[2025-05-22T07:03:02.198+0000] {logging_mixin.py:190} INFO - 💌message 592 sent: user_id=113
[2025-05-22T07:03:02.253+0000] {logging_mixin.py:190} INFO - 💌message 593 sent: user_id=112
[2025-05-22T07:03:02.308+0000] {logging_mixin.py:190} INFO - 💌message 594 sent: user_id=126
[2025-05-22T07:03:02.367+0000] {logging_mixin.py:190} INFO - 💌message 595 sent: user_id=126
[2025-05-22T07:03:02.421+0000] {logging_mixin.py:190} INFO - 💌message 596 sent: user_id=116
[2025-05-22T07:03:02.478+0000] {logging_mixin.py:190} INFO - 💌message 597 sent: user_id=119
[2025-05-22T07:03:02.533+0000] {logging_mixin.py:190} INFO - 💌message 598 sent: user_id=107
[2025-05-22T07:03:02.588+0000] {logging_mixin.py:190} INFO - 💌message 599 sent: user_id=129
[2025-05-22T07:03:02.643+0000] {logging_mixin.py:190} INFO - 💌message 600 sent: user_id=112
[2025-05-22T07:03:02.696+0000] {logging_mixin.py:190} INFO - 💌message 601 sent: user_id=149
[2025-05-22T07:03:02.747+0000] {logging_mixin.py:190} INFO - 💌message 602 sent: user_id=110
[2025-05-22T07:03:02.799+0000] {logging_mixin.py:190} INFO - 💌message 603 sent: user_id=104
[2025-05-22T07:03:02.854+0000] {logging_mixin.py:190} INFO - 💌message 604 sent: user_id=141
[2025-05-22T07:03:02.905+0000] {logging_mixin.py:190} INFO - 💌message 605 sent: user_id=119
[2025-05-22T07:03:02.956+0000] {logging_mixin.py:190} INFO - 💌message 606 sent: user_id=120
[2025-05-22T07:03:03.010+0000] {logging_mixin.py:190} INFO - 💌message 607 sent: user_id=139
[2025-05-22T07:03:03.061+0000] {logging_mixin.py:190} INFO - 💌message 608 sent: user_id=140
[2025-05-22T07:03:03.112+0000] {logging_mixin.py:190} INFO - 💌message 609 sent: user_id=129
[2025-05-22T07:03:03.163+0000] {logging_mixin.py:190} INFO - 💌message 610 sent: user_id=148
[2025-05-22T07:03:03.215+0000] {logging_mixin.py:190} INFO - 💌message 611 sent: user_id=123
[2025-05-22T07:03:03.268+0000] {logging_mixin.py:190} INFO - 💌message 612 sent: user_id=121
[2025-05-22T07:03:03.321+0000] {logging_mixin.py:190} INFO - 💌message 613 sent: user_id=143
[2025-05-22T07:03:03.374+0000] {logging_mixin.py:190} INFO - 💌message 614 sent: user_id=150
[2025-05-22T07:03:03.425+0000] {logging_mixin.py:190} INFO - 💌message 615 sent: user_id=120
[2025-05-22T07:03:03.478+0000] {logging_mixin.py:190} INFO - 💌message 616 sent: user_id=148
[2025-05-22T07:03:03.529+0000] {logging_mixin.py:190} INFO - 💌message 617 sent: user_id=131
[2025-05-22T07:03:03.580+0000] {logging_mixin.py:190} INFO - 💌message 618 sent: user_id=137
[2025-05-22T07:03:03.631+0000] {logging_mixin.py:190} INFO - 💌message 619 sent: user_id=105
[2025-05-22T07:03:03.685+0000] {logging_mixin.py:190} INFO - 💌message 620 sent: user_id=111
[2025-05-22T07:03:03.736+0000] {logging_mixin.py:190} INFO - 💌message 621 sent: user_id=113
[2025-05-22T07:03:03.787+0000] {logging_mixin.py:190} INFO - 💌message 622 sent: user_id=147
[2025-05-22T07:03:03.838+0000] {logging_mixin.py:190} INFO - 💌message 623 sent: user_id=141
[2025-05-22T07:03:03.890+0000] {logging_mixin.py:190} INFO - 💌message 624 sent: user_id=129
[2025-05-22T07:03:03.941+0000] {logging_mixin.py:190} INFO - 💌message 625 sent: user_id=135
[2025-05-22T07:03:03.996+0000] {logging_mixin.py:190} INFO - 💌message 626 sent: user_id=142
[2025-05-22T07:03:04.049+0000] {logging_mixin.py:190} INFO - 💌message 627 sent: user_id=135
[2025-05-22T07:03:04.101+0000] {logging_mixin.py:190} INFO - 💌message 628 sent: user_id=147
[2025-05-22T07:03:04.153+0000] {logging_mixin.py:190} INFO - 💌message 629 sent: user_id=128
[2025-05-22T07:03:04.209+0000] {logging_mixin.py:190} INFO - 💌message 630 sent: user_id=118
[2025-05-22T07:03:04.262+0000] {logging_mixin.py:190} INFO - 💌message 631 sent: user_id=113
[2025-05-22T07:03:04.317+0000] {logging_mixin.py:190} INFO - 💌message 632 sent: user_id=121
[2025-05-22T07:03:04.372+0000] {logging_mixin.py:190} INFO - 💌message 633 sent: user_id=139
[2025-05-22T07:03:04.430+0000] {logging_mixin.py:190} INFO - 💌message 634 sent: user_id=120
[2025-05-22T07:03:04.487+0000] {logging_mixin.py:190} INFO - 💌message 635 sent: user_id=110
[2025-05-22T07:03:04.546+0000] {logging_mixin.py:190} INFO - 💌message 636 sent: user_id=115
[2025-05-22T07:03:04.602+0000] {logging_mixin.py:190} INFO - 💌message 637 sent: user_id=137
[2025-05-22T07:03:04.657+0000] {logging_mixin.py:190} INFO - 💌message 638 sent: user_id=143
[2025-05-22T07:03:04.711+0000] {logging_mixin.py:190} INFO - 💌message 639 sent: user_id=150
[2025-05-22T07:03:04.765+0000] {logging_mixin.py:190} INFO - 💌message 640 sent: user_id=108
[2025-05-22T07:03:04.819+0000] {logging_mixin.py:190} INFO - 💌message 641 sent: user_id=109
[2025-05-22T07:03:04.829+0000] {record_accumulator.py:73} WARNING - Produced messages to topic-partition ('userlog', 0) with base offset -1 log start offset None and error None.
[2025-05-22T07:03:04.831+0000] {record_accumulator.py:332} WARNING - Expired 1 batches in accumulator
[2025-05-22T07:03:04.882+0000] {logging_mixin.py:190} INFO - 💌message 642 sent: user_id=125
[2025-05-22T07:03:04.935+0000] {logging_mixin.py:190} INFO - 💌message 643 sent: user_id=114
[2025-05-22T07:03:04.988+0000] {logging_mixin.py:190} INFO - 💌message 644 sent: user_id=101
[2025-05-22T07:03:05.043+0000] {logging_mixin.py:190} INFO - 💌message 645 sent: user_id=126
[2025-05-22T07:03:05.099+0000] {logging_mixin.py:190} INFO - 💌message 646 sent: user_id=133
[2025-05-22T07:03:05.152+0000] {logging_mixin.py:190} INFO - 💌message 647 sent: user_id=107
[2025-05-22T07:03:05.205+0000] {logging_mixin.py:190} INFO - 💌message 648 sent: user_id=109
[2025-05-22T07:03:05.258+0000] {logging_mixin.py:190} INFO - 💌message 649 sent: user_id=141
[2025-05-22T07:03:05.316+0000] {logging_mixin.py:190} INFO - 💌message 650 sent: user_id=148
[2025-05-22T07:03:05.369+0000] {logging_mixin.py:190} INFO - 💌message 651 sent: user_id=143
[2025-05-22T07:03:05.420+0000] {logging_mixin.py:190} INFO - 💌message 652 sent: user_id=125
[2025-05-22T07:03:05.472+0000] {logging_mixin.py:190} INFO - 💌message 653 sent: user_id=122
[2025-05-22T07:03:05.523+0000] {logging_mixin.py:190} INFO - 💌message 654 sent: user_id=107
[2025-05-22T07:03:05.574+0000] {logging_mixin.py:190} INFO - 💌message 655 sent: user_id=118
[2025-05-22T07:03:05.628+0000] {logging_mixin.py:190} INFO - 💌message 656 sent: user_id=112
[2025-05-22T07:03:05.681+0000] {logging_mixin.py:190} INFO - 💌message 657 sent: user_id=128
[2025-05-22T07:03:05.736+0000] {logging_mixin.py:190} INFO - 💌message 658 sent: user_id=127
[2025-05-22T07:03:05.789+0000] {logging_mixin.py:190} INFO - 💌message 659 sent: user_id=117
[2025-05-22T07:03:05.843+0000] {logging_mixin.py:190} INFO - 💌message 660 sent: user_id=124
[2025-05-22T07:03:05.897+0000] {logging_mixin.py:190} INFO - 💌message 661 sent: user_id=119
[2025-05-22T07:03:05.952+0000] {logging_mixin.py:190} INFO - 💌message 662 sent: user_id=141
[2025-05-22T07:03:06.004+0000] {logging_mixin.py:190} INFO - 💌message 663 sent: user_id=128
[2025-05-22T07:03:06.056+0000] {logging_mixin.py:190} INFO - 💌message 664 sent: user_id=140
[2025-05-22T07:03:06.108+0000] {logging_mixin.py:190} INFO - 💌message 665 sent: user_id=109
[2025-05-22T07:03:06.161+0000] {logging_mixin.py:190} INFO - 💌message 666 sent: user_id=111
[2025-05-22T07:03:06.212+0000] {logging_mixin.py:190} INFO - 💌message 667 sent: user_id=107
[2025-05-22T07:03:06.269+0000] {logging_mixin.py:190} INFO - 💌message 668 sent: user_id=141
[2025-05-22T07:03:06.323+0000] {logging_mixin.py:190} INFO - 💌message 669 sent: user_id=137
[2025-05-22T07:03:06.377+0000] {logging_mixin.py:190} INFO - 💌message 670 sent: user_id=101
[2025-05-22T07:03:06.431+0000] {logging_mixin.py:190} INFO - 💌message 671 sent: user_id=149
[2025-05-22T07:03:06.485+0000] {logging_mixin.py:190} INFO - 💌message 672 sent: user_id=134
[2025-05-22T07:03:06.539+0000] {logging_mixin.py:190} INFO - 💌message 673 sent: user_id=131
[2025-05-22T07:03:06.595+0000] {logging_mixin.py:190} INFO - 💌message 674 sent: user_id=137
[2025-05-22T07:03:06.649+0000] {logging_mixin.py:190} INFO - 💌message 675 sent: user_id=125
[2025-05-22T07:03:06.705+0000] {logging_mixin.py:190} INFO - 💌message 676 sent: user_id=119
[2025-05-22T07:03:06.759+0000] {logging_mixin.py:190} INFO - 💌message 677 sent: user_id=125
[2025-05-22T07:03:06.813+0000] {logging_mixin.py:190} INFO - 💌message 678 sent: user_id=147
[2025-05-22T07:03:06.864+0000] {logging_mixin.py:190} INFO - 💌message 679 sent: user_id=121
[2025-05-22T07:03:06.917+0000] {logging_mixin.py:190} INFO - 💌message 680 sent: user_id=130
[2025-05-22T07:03:06.967+0000] {logging_mixin.py:190} INFO - 💌message 681 sent: user_id=133
[2025-05-22T07:03:07.019+0000] {logging_mixin.py:190} INFO - 💌message 682 sent: user_id=106
[2025-05-22T07:03:07.070+0000] {logging_mixin.py:190} INFO - 💌message 683 sent: user_id=113
[2025-05-22T07:03:07.122+0000] {logging_mixin.py:190} INFO - 💌message 684 sent: user_id=132
[2025-05-22T07:03:07.173+0000] {logging_mixin.py:190} INFO - 💌message 685 sent: user_id=130
[2025-05-22T07:03:07.223+0000] {logging_mixin.py:190} INFO - 💌message 686 sent: user_id=121
[2025-05-22T07:03:07.277+0000] {logging_mixin.py:190} INFO - 💌message 687 sent: user_id=117
[2025-05-22T07:03:07.328+0000] {logging_mixin.py:190} INFO - 💌message 688 sent: user_id=139
[2025-05-22T07:03:07.379+0000] {logging_mixin.py:190} INFO - 💌message 689 sent: user_id=145
[2025-05-22T07:03:07.438+0000] {logging_mixin.py:190} INFO - 💌message 690 sent: user_id=104
[2025-05-22T07:03:07.489+0000] {logging_mixin.py:190} INFO - 💌message 691 sent: user_id=115
[2025-05-22T07:03:07.542+0000] {logging_mixin.py:190} INFO - 💌message 692 sent: user_id=116
[2025-05-22T07:03:07.593+0000] {logging_mixin.py:190} INFO - 💌message 693 sent: user_id=108
[2025-05-22T07:03:07.652+0000] {logging_mixin.py:190} INFO - 💌message 694 sent: user_id=139
[2025-05-22T07:03:07.703+0000] {logging_mixin.py:190} INFO - 💌message 695 sent: user_id=143
[2025-05-22T07:03:07.754+0000] {logging_mixin.py:190} INFO - 💌message 696 sent: user_id=136
[2025-05-22T07:03:07.806+0000] {logging_mixin.py:190} INFO - 💌message 697 sent: user_id=127
[2025-05-22T07:03:07.859+0000] {logging_mixin.py:190} INFO - 💌message 698 sent: user_id=113
[2025-05-22T07:03:07.910+0000] {logging_mixin.py:190} INFO - 💌message 699 sent: user_id=111
[2025-05-22T07:03:07.962+0000] {logging_mixin.py:190} INFO - 💌message 700 sent: user_id=119
[2025-05-22T07:03:08.019+0000] {logging_mixin.py:190} INFO - 💌message 701 sent: user_id=143
[2025-05-22T07:03:08.071+0000] {logging_mixin.py:190} INFO - 💌message 702 sent: user_id=102
[2025-05-22T07:03:08.123+0000] {logging_mixin.py:190} INFO - 💌message 703 sent: user_id=121
[2025-05-22T07:03:08.174+0000] {logging_mixin.py:190} INFO - 💌message 704 sent: user_id=142
[2025-05-22T07:03:08.227+0000] {logging_mixin.py:190} INFO - 💌message 705 sent: user_id=113
[2025-05-22T07:03:08.282+0000] {logging_mixin.py:190} INFO - 💌message 706 sent: user_id=148
[2025-05-22T07:03:08.339+0000] {logging_mixin.py:190} INFO - 💌message 707 sent: user_id=120
[2025-05-22T07:03:08.401+0000] {logging_mixin.py:190} INFO - 💌message 708 sent: user_id=104
[2025-05-22T07:03:08.456+0000] {logging_mixin.py:190} INFO - 💌message 709 sent: user_id=148
[2025-05-22T07:03:08.512+0000] {logging_mixin.py:190} INFO - 💌message 710 sent: user_id=127
[2025-05-22T07:03:08.566+0000] {logging_mixin.py:190} INFO - 💌message 711 sent: user_id=118
[2025-05-22T07:03:08.621+0000] {logging_mixin.py:190} INFO - 💌message 712 sent: user_id=141
[2025-05-22T07:03:08.674+0000] {logging_mixin.py:190} INFO - 💌message 713 sent: user_id=112
[2025-05-22T07:03:08.728+0000] {logging_mixin.py:190} INFO - 💌message 714 sent: user_id=112
[2025-05-22T07:03:08.782+0000] {logging_mixin.py:190} INFO - 💌message 715 sent: user_id=150
[2025-05-22T07:03:08.838+0000] {logging_mixin.py:190} INFO - 💌message 716 sent: user_id=111
[2025-05-22T07:03:08.892+0000] {logging_mixin.py:190} INFO - 💌message 717 sent: user_id=139
[2025-05-22T07:03:08.946+0000] {logging_mixin.py:190} INFO - 💌message 718 sent: user_id=112
[2025-05-22T07:03:08.998+0000] {logging_mixin.py:190} INFO - 💌message 719 sent: user_id=149
[2025-05-22T07:03:09.050+0000] {logging_mixin.py:190} INFO - 💌message 720 sent: user_id=140
[2025-05-22T07:03:09.101+0000] {logging_mixin.py:190} INFO - 💌message 721 sent: user_id=100
[2025-05-22T07:03:09.153+0000] {logging_mixin.py:190} INFO - 💌message 722 sent: user_id=123
[2025-05-22T07:03:09.205+0000] {logging_mixin.py:190} INFO - 💌message 723 sent: user_id=114
[2025-05-22T07:03:09.256+0000] {logging_mixin.py:190} INFO - 💌message 724 sent: user_id=149
[2025-05-22T07:03:09.311+0000] {logging_mixin.py:190} INFO - 💌message 725 sent: user_id=139
[2025-05-22T07:03:09.371+0000] {logging_mixin.py:190} INFO - 💌message 726 sent: user_id=122
[2025-05-22T07:03:09.378+0000] {record_accumulator.py:73} WARNING - Produced messages to topic-partition ('userlog', 0) with base offset -1 log start offset None and error None.
[2025-05-22T07:03:09.380+0000] {record_accumulator.py:332} WARNING - Expired 1 batches in accumulator
[2025-05-22T07:03:09.556+0000] {logging_mixin.py:190} INFO - 💌message 727 sent: user_id=142
[2025-05-22T07:03:09.608+0000] {logging_mixin.py:190} INFO - 💌message 728 sent: user_id=133
[2025-05-22T07:03:09.659+0000] {logging_mixin.py:190} INFO - 💌message 729 sent: user_id=136
[2025-05-22T07:03:09.713+0000] {logging_mixin.py:190} INFO - 💌message 730 sent: user_id=135
[2025-05-22T07:03:09.765+0000] {logging_mixin.py:190} INFO - 💌message 731 sent: user_id=134
[2025-05-22T07:03:09.822+0000] {logging_mixin.py:190} INFO - 💌message 732 sent: user_id=138
[2025-05-22T07:03:09.875+0000] {logging_mixin.py:190} INFO - 💌message 733 sent: user_id=114
[2025-05-22T07:03:09.930+0000] {logging_mixin.py:190} INFO - 💌message 734 sent: user_id=139
[2025-05-22T07:03:09.983+0000] {logging_mixin.py:190} INFO - 💌message 735 sent: user_id=144
[2025-05-22T07:03:10.040+0000] {logging_mixin.py:190} INFO - 💌message 736 sent: user_id=142
[2025-05-22T07:03:10.093+0000] {logging_mixin.py:190} INFO - 💌message 737 sent: user_id=114
[2025-05-22T07:03:10.152+0000] {logging_mixin.py:190} INFO - 💌message 738 sent: user_id=124
[2025-05-22T07:03:10.205+0000] {logging_mixin.py:190} INFO - 💌message 739 sent: user_id=109
[2025-05-22T07:03:10.257+0000] {logging_mixin.py:190} INFO - 💌message 740 sent: user_id=144
[2025-05-22T07:03:10.312+0000] {logging_mixin.py:190} INFO - 💌message 741 sent: user_id=117
[2025-05-22T07:03:10.366+0000] {logging_mixin.py:190} INFO - 💌message 742 sent: user_id=104
[2025-05-22T07:03:10.419+0000] {logging_mixin.py:190} INFO - 💌message 743 sent: user_id=103
[2025-05-22T07:03:10.475+0000] {logging_mixin.py:190} INFO - 💌message 744 sent: user_id=129
[2025-05-22T07:03:10.528+0000] {logging_mixin.py:190} INFO - 💌message 745 sent: user_id=133
[2025-05-22T07:03:10.582+0000] {logging_mixin.py:190} INFO - 💌message 746 sent: user_id=125
[2025-05-22T07:03:10.637+0000] {logging_mixin.py:190} INFO - 💌message 747 sent: user_id=112
[2025-05-22T07:03:10.691+0000] {logging_mixin.py:190} INFO - 💌message 748 sent: user_id=147
[2025-05-22T07:03:10.745+0000] {logging_mixin.py:190} INFO - 💌message 749 sent: user_id=135
[2025-05-22T07:03:10.801+0000] {logging_mixin.py:190} INFO - 💌message 750 sent: user_id=129
[2025-05-22T07:03:10.863+0000] {logging_mixin.py:190} INFO - 💌message 751 sent: user_id=113
[2025-05-22T07:03:10.917+0000] {logging_mixin.py:190} INFO - 💌message 752 sent: user_id=128
[2025-05-22T07:03:10.972+0000] {logging_mixin.py:190} INFO - 💌message 753 sent: user_id=137
[2025-05-22T07:03:11.027+0000] {logging_mixin.py:190} INFO - 💌message 754 sent: user_id=111
[2025-05-22T07:03:11.079+0000] {logging_mixin.py:190} INFO - 💌message 755 sent: user_id=141
[2025-05-22T07:03:11.132+0000] {logging_mixin.py:190} INFO - 💌message 756 sent: user_id=116
[2025-05-22T07:03:11.184+0000] {logging_mixin.py:190} INFO - 💌message 757 sent: user_id=142
[2025-05-22T07:03:11.238+0000] {logging_mixin.py:190} INFO - 💌message 758 sent: user_id=102
[2025-05-22T07:03:11.293+0000] {logging_mixin.py:190} INFO - 💌message 759 sent: user_id=124
[2025-05-22T07:03:11.348+0000] {logging_mixin.py:190} INFO - 💌message 760 sent: user_id=126
[2025-05-22T07:03:11.405+0000] {logging_mixin.py:190} INFO - 💌message 761 sent: user_id=143
[2025-05-22T07:03:11.457+0000] {logging_mixin.py:190} INFO - 💌message 762 sent: user_id=140
[2025-05-22T07:03:11.509+0000] {logging_mixin.py:190} INFO - 💌message 763 sent: user_id=122
[2025-05-22T07:03:11.561+0000] {logging_mixin.py:190} INFO - 💌message 764 sent: user_id=104
[2025-05-22T07:03:11.616+0000] {logging_mixin.py:190} INFO - 💌message 765 sent: user_id=114
[2025-05-22T07:03:11.672+0000] {logging_mixin.py:190} INFO - 💌message 766 sent: user_id=109
[2025-05-22T07:03:11.728+0000] {logging_mixin.py:190} INFO - 💌message 767 sent: user_id=130
[2025-05-22T07:03:11.782+0000] {logging_mixin.py:190} INFO - 💌message 768 sent: user_id=110
[2025-05-22T07:03:11.839+0000] {logging_mixin.py:190} INFO - 💌message 769 sent: user_id=111
[2025-05-22T07:03:11.894+0000] {logging_mixin.py:190} INFO - 💌message 770 sent: user_id=105
[2025-05-22T07:03:11.948+0000] {logging_mixin.py:190} INFO - 💌message 771 sent: user_id=120
[2025-05-22T07:03:12.006+0000] {logging_mixin.py:190} INFO - 💌message 772 sent: user_id=118
[2025-05-22T07:03:12.061+0000] {logging_mixin.py:190} INFO - 💌message 773 sent: user_id=107
[2025-05-22T07:03:12.113+0000] {logging_mixin.py:190} INFO - 💌message 774 sent: user_id=134
[2025-05-22T07:03:12.172+0000] {logging_mixin.py:190} INFO - 💌message 775 sent: user_id=137
[2025-05-22T07:03:12.225+0000] {logging_mixin.py:190} INFO - 💌message 776 sent: user_id=104
[2025-05-22T07:03:12.277+0000] {logging_mixin.py:190} INFO - 💌message 777 sent: user_id=115
[2025-05-22T07:03:12.330+0000] {logging_mixin.py:190} INFO - 💌message 778 sent: user_id=114
[2025-05-22T07:03:12.382+0000] {logging_mixin.py:190} INFO - 💌message 779 sent: user_id=112
[2025-05-22T07:03:12.436+0000] {logging_mixin.py:190} INFO - 💌message 780 sent: user_id=103
[2025-05-22T07:03:12.495+0000] {logging_mixin.py:190} INFO - 💌message 781 sent: user_id=125
[2025-05-22T07:03:12.548+0000] {logging_mixin.py:190} INFO - 💌message 782 sent: user_id=108
[2025-05-22T07:03:12.602+0000] {logging_mixin.py:190} INFO - 💌message 783 sent: user_id=139
[2025-05-22T07:03:12.658+0000] {logging_mixin.py:190} INFO - 💌message 784 sent: user_id=131
[2025-05-22T07:03:12.711+0000] {logging_mixin.py:190} INFO - 💌message 785 sent: user_id=125
[2025-05-22T07:03:12.765+0000] {logging_mixin.py:190} INFO - 💌message 786 sent: user_id=109
[2025-05-22T07:03:12.819+0000] {logging_mixin.py:190} INFO - 💌message 787 sent: user_id=130
[2025-05-22T07:03:12.877+0000] {logging_mixin.py:190} INFO - 💌message 788 sent: user_id=104
[2025-05-22T07:03:12.934+0000] {logging_mixin.py:190} INFO - 💌message 789 sent: user_id=149
[2025-05-22T07:03:12.989+0000] {logging_mixin.py:190} INFO - 💌message 790 sent: user_id=128
[2025-05-22T07:03:13.048+0000] {logging_mixin.py:190} INFO - 💌message 791 sent: user_id=146
[2025-05-22T07:03:13.105+0000] {logging_mixin.py:190} INFO - 💌message 792 sent: user_id=103
[2025-05-22T07:03:13.158+0000] {logging_mixin.py:190} INFO - 💌message 793 sent: user_id=129
[2025-05-22T07:03:13.211+0000] {logging_mixin.py:190} INFO - 💌message 794 sent: user_id=145
[2025-05-22T07:03:13.267+0000] {logging_mixin.py:190} INFO - 💌message 795 sent: user_id=122
[2025-05-22T07:03:13.320+0000] {logging_mixin.py:190} INFO - 💌message 796 sent: user_id=112
[2025-05-22T07:03:13.375+0000] {logging_mixin.py:190} INFO - 💌message 797 sent: user_id=119
[2025-05-22T07:03:13.429+0000] {logging_mixin.py:190} INFO - 💌message 798 sent: user_id=130
[2025-05-22T07:03:13.484+0000] {logging_mixin.py:190} INFO - 💌message 799 sent: user_id=148
[2025-05-22T07:03:13.539+0000] {logging_mixin.py:190} INFO - 💌message 800 sent: user_id=107
[2025-05-22T07:03:13.593+0000] {logging_mixin.py:190} INFO - 💌message 801 sent: user_id=124
[2025-05-22T07:03:13.659+0000] {logging_mixin.py:190} INFO - 💌message 802 sent: user_id=102
[2025-05-22T07:03:13.713+0000] {logging_mixin.py:190} INFO - 💌message 803 sent: user_id=130
[2025-05-22T07:03:13.767+0000] {logging_mixin.py:190} INFO - 💌message 804 sent: user_id=126
[2025-05-22T07:03:13.821+0000] {logging_mixin.py:190} INFO - 💌message 805 sent: user_id=139
[2025-05-22T07:03:13.879+0000] {logging_mixin.py:190} INFO - 💌message 806 sent: user_id=145
[2025-05-22T07:03:13.936+0000] {logging_mixin.py:190} INFO - 💌message 807 sent: user_id=142
[2025-05-22T07:03:13.990+0000] {logging_mixin.py:190} INFO - 💌message 808 sent: user_id=106
[2025-05-22T07:03:14.002+0000] {record_accumulator.py:73} WARNING - Produced messages to topic-partition ('userlog', 0) with base offset -1 log start offset None and error None.
[2025-05-22T07:03:14.004+0000] {record_accumulator.py:332} WARNING - Expired 1 batches in accumulator
[2025-05-22T07:03:14.055+0000] {logging_mixin.py:190} INFO - 💌message 809 sent: user_id=105
[2025-05-22T07:03:14.110+0000] {logging_mixin.py:190} INFO - 💌message 810 sent: user_id=113
[2025-05-22T07:03:14.164+0000] {logging_mixin.py:190} INFO - 💌message 811 sent: user_id=137
[2025-05-22T07:03:14.216+0000] {logging_mixin.py:190} INFO - 💌message 812 sent: user_id=139
[2025-05-22T07:03:14.270+0000] {logging_mixin.py:190} INFO - 💌message 813 sent: user_id=139
[2025-05-22T07:03:14.322+0000] {logging_mixin.py:190} INFO - 💌message 814 sent: user_id=133
[2025-05-22T07:03:14.374+0000] {logging_mixin.py:190} INFO - 💌message 815 sent: user_id=113
[2025-05-22T07:03:14.426+0000] {logging_mixin.py:190} INFO - 💌message 816 sent: user_id=116
[2025-05-22T07:03:14.476+0000] {logging_mixin.py:190} INFO - 💌message 817 sent: user_id=121
[2025-05-22T07:03:14.532+0000] {logging_mixin.py:190} INFO - 💌message 818 sent: user_id=117
[2025-05-22T07:03:14.584+0000] {logging_mixin.py:190} INFO - 💌message 819 sent: user_id=131
[2025-05-22T07:03:14.638+0000] {logging_mixin.py:190} INFO - 💌message 820 sent: user_id=146
[2025-05-22T07:03:14.690+0000] {logging_mixin.py:190} INFO - 💌message 821 sent: user_id=109
[2025-05-22T07:03:14.743+0000] {logging_mixin.py:190} INFO - 💌message 822 sent: user_id=106
[2025-05-22T07:03:14.801+0000] {logging_mixin.py:190} INFO - 💌message 823 sent: user_id=140
[2025-05-22T07:03:14.858+0000] {logging_mixin.py:190} INFO - 💌message 824 sent: user_id=140
[2025-05-22T07:03:14.914+0000] {logging_mixin.py:190} INFO - 💌message 825 sent: user_id=144
[2025-05-22T07:03:14.968+0000] {logging_mixin.py:190} INFO - 💌message 826 sent: user_id=148
[2025-05-22T07:03:15.022+0000] {logging_mixin.py:190} INFO - 💌message 827 sent: user_id=130
[2025-05-22T07:03:15.079+0000] {logging_mixin.py:190} INFO - 💌message 828 sent: user_id=126
[2025-05-22T07:03:15.132+0000] {logging_mixin.py:190} INFO - 💌message 829 sent: user_id=102
[2025-05-22T07:03:15.183+0000] {logging_mixin.py:190} INFO - 💌message 830 sent: user_id=128
[2025-05-22T07:03:15.234+0000] {logging_mixin.py:190} INFO - 💌message 831 sent: user_id=143
[2025-05-22T07:03:15.286+0000] {logging_mixin.py:190} INFO - 💌message 832 sent: user_id=108
[2025-05-22T07:03:15.339+0000] {logging_mixin.py:190} INFO - 💌message 833 sent: user_id=112
[2025-05-22T07:03:15.389+0000] {logging_mixin.py:190} INFO - 💌message 834 sent: user_id=130
[2025-05-22T07:03:15.441+0000] {logging_mixin.py:190} INFO - 💌message 835 sent: user_id=146
[2025-05-22T07:03:15.495+0000] {logging_mixin.py:190} INFO - 💌message 836 sent: user_id=133
[2025-05-22T07:03:15.554+0000] {logging_mixin.py:190} INFO - 💌message 837 sent: user_id=136
[2025-05-22T07:03:15.609+0000] {logging_mixin.py:190} INFO - 💌message 838 sent: user_id=102
[2025-05-22T07:03:15.661+0000] {logging_mixin.py:190} INFO - 💌message 839 sent: user_id=123
[2025-05-22T07:03:15.717+0000] {logging_mixin.py:190} INFO - 💌message 840 sent: user_id=111
[2025-05-22T07:03:15.771+0000] {logging_mixin.py:190} INFO - 💌message 841 sent: user_id=137
[2025-05-22T07:03:15.826+0000] {logging_mixin.py:190} INFO - 💌message 842 sent: user_id=124
[2025-05-22T07:03:15.880+0000] {logging_mixin.py:190} INFO - 💌message 843 sent: user_id=118
[2025-05-22T07:03:15.939+0000] {logging_mixin.py:190} INFO - 💌message 844 sent: user_id=115
[2025-05-22T07:03:15.992+0000] {logging_mixin.py:190} INFO - 💌message 845 sent: user_id=145
[2025-05-22T07:03:16.049+0000] {logging_mixin.py:190} INFO - 💌message 846 sent: user_id=145
[2025-05-22T07:03:16.102+0000] {logging_mixin.py:190} INFO - 💌message 847 sent: user_id=102
[2025-05-22T07:03:16.155+0000] {logging_mixin.py:190} INFO - 💌message 848 sent: user_id=142
[2025-05-22T07:03:16.207+0000] {logging_mixin.py:190} INFO - 💌message 849 sent: user_id=143
[2025-05-22T07:03:16.261+0000] {logging_mixin.py:190} INFO - 💌message 850 sent: user_id=128
[2025-05-22T07:03:16.316+0000] {logging_mixin.py:190} INFO - 💌message 851 sent: user_id=122
[2025-05-22T07:03:16.375+0000] {logging_mixin.py:190} INFO - 💌message 852 sent: user_id=135
[2025-05-22T07:03:16.428+0000] {logging_mixin.py:190} INFO - 💌message 853 sent: user_id=149
[2025-05-22T07:03:16.486+0000] {logging_mixin.py:190} INFO - 💌message 854 sent: user_id=111
[2025-05-22T07:03:16.540+0000] {logging_mixin.py:190} INFO - 💌message 855 sent: user_id=124
[2025-05-22T07:03:16.594+0000] {logging_mixin.py:190} INFO - 💌message 856 sent: user_id=120
[2025-05-22T07:03:16.651+0000] {logging_mixin.py:190} INFO - 💌message 857 sent: user_id=108
[2025-05-22T07:03:16.707+0000] {logging_mixin.py:190} INFO - 💌message 858 sent: user_id=103
[2025-05-22T07:03:16.761+0000] {logging_mixin.py:190} INFO - 💌message 859 sent: user_id=107
[2025-05-22T07:03:16.819+0000] {logging_mixin.py:190} INFO - 💌message 860 sent: user_id=129
[2025-05-22T07:03:16.873+0000] {logging_mixin.py:190} INFO - 💌message 861 sent: user_id=116
[2025-05-22T07:03:16.928+0000] {logging_mixin.py:190} INFO - 💌message 862 sent: user_id=114
[2025-05-22T07:03:16.982+0000] {logging_mixin.py:190} INFO - 💌message 863 sent: user_id=141
[2025-05-22T07:03:17.036+0000] {logging_mixin.py:190} INFO - 💌message 864 sent: user_id=133
[2025-05-22T07:03:17.095+0000] {logging_mixin.py:190} INFO - 💌message 865 sent: user_id=147
[2025-05-22T07:03:17.149+0000] {logging_mixin.py:190} INFO - 💌message 866 sent: user_id=109
[2025-05-22T07:03:17.205+0000] {logging_mixin.py:190} INFO - 💌message 867 sent: user_id=100
[2025-05-22T07:03:17.258+0000] {logging_mixin.py:190} INFO - 💌message 868 sent: user_id=134
[2025-05-22T07:03:17.317+0000] {logging_mixin.py:190} INFO - 💌message 869 sent: user_id=139
[2025-05-22T07:03:17.370+0000] {logging_mixin.py:190} INFO - 💌message 870 sent: user_id=101
[2025-05-22T07:03:17.426+0000] {logging_mixin.py:190} INFO - 💌message 871 sent: user_id=132
[2025-05-22T07:03:17.480+0000] {logging_mixin.py:190} INFO - 💌message 872 sent: user_id=121
[2025-05-22T07:03:17.534+0000] {logging_mixin.py:190} INFO - 💌message 873 sent: user_id=110
[2025-05-22T07:03:17.588+0000] {logging_mixin.py:190} INFO - 💌message 874 sent: user_id=111
[2025-05-22T07:03:17.644+0000] {logging_mixin.py:190} INFO - 💌message 875 sent: user_id=146
[2025-05-22T07:03:17.699+0000] {logging_mixin.py:190} INFO - 💌message 876 sent: user_id=139
[2025-05-22T07:03:17.754+0000] {logging_mixin.py:190} INFO - 💌message 877 sent: user_id=107
[2025-05-22T07:03:17.810+0000] {logging_mixin.py:190} INFO - 💌message 878 sent: user_id=130
[2025-05-22T07:03:17.864+0000] {logging_mixin.py:190} INFO - 💌message 879 sent: user_id=103
[2025-05-22T07:03:17.918+0000] {logging_mixin.py:190} INFO - 💌message 880 sent: user_id=137
[2025-05-22T07:03:17.972+0000] {logging_mixin.py:190} INFO - 💌message 881 sent: user_id=149
[2025-05-22T07:03:18.025+0000] {logging_mixin.py:190} INFO - 💌message 882 sent: user_id=117
[2025-05-22T07:03:18.078+0000] {logging_mixin.py:190} INFO - 💌message 883 sent: user_id=149
[2025-05-22T07:03:18.131+0000] {logging_mixin.py:190} INFO - 💌message 884 sent: user_id=122
[2025-05-22T07:03:18.183+0000] {logging_mixin.py:190} INFO - 💌message 885 sent: user_id=143
[2025-05-22T07:03:18.238+0000] {logging_mixin.py:190} INFO - 💌message 886 sent: user_id=133
[2025-05-22T07:03:18.291+0000] {logging_mixin.py:190} INFO - 💌message 887 sent: user_id=107
[2025-05-22T07:03:18.344+0000] {logging_mixin.py:190} INFO - 💌message 888 sent: user_id=132
[2025-05-22T07:03:18.396+0000] {logging_mixin.py:190} INFO - 💌message 889 sent: user_id=106
[2025-05-22T07:03:18.450+0000] {logging_mixin.py:190} INFO - 💌message 890 sent: user_id=127
[2025-05-22T07:03:18.505+0000] {logging_mixin.py:190} INFO - 💌message 891 sent: user_id=119
[2025-05-22T07:03:18.560+0000] {logging_mixin.py:190} INFO - 💌message 892 sent: user_id=102
[2025-05-22T07:03:18.618+0000] {logging_mixin.py:190} INFO - 💌message 893 sent: user_id=146
[2025-05-22T07:03:18.673+0000] {logging_mixin.py:190} INFO - 💌message 894 sent: user_id=147
[2025-05-22T07:03:18.727+0000] {logging_mixin.py:190} INFO - 💌message 895 sent: user_id=130
[2025-05-22T07:03:18.742+0000] {record_accumulator.py:73} WARNING - Produced messages to topic-partition ('userlog', 0) with base offset -1 log start offset None and error None.
[2025-05-22T07:03:18.744+0000] {record_accumulator.py:332} WARNING - Expired 1 batches in accumulator
[2025-05-22T07:03:18.795+0000] {logging_mixin.py:190} INFO - 💌message 896 sent: user_id=115
[2025-05-22T07:03:18.853+0000] {logging_mixin.py:190} INFO - 💌message 897 sent: user_id=122
[2025-05-22T07:03:18.907+0000] {logging_mixin.py:190} INFO - 💌message 898 sent: user_id=125
[2025-05-22T07:03:18.963+0000] {logging_mixin.py:190} INFO - 💌message 899 sent: user_id=123
[2025-05-22T07:03:19.018+0000] {logging_mixin.py:190} INFO - 💌message 900 sent: user_id=110
[2025-05-22T07:03:19.072+0000] {logging_mixin.py:190} INFO - 💌message 901 sent: user_id=130
[2025-05-22T07:03:19.124+0000] {logging_mixin.py:190} INFO - 💌message 902 sent: user_id=138
[2025-05-22T07:03:19.176+0000] {logging_mixin.py:190} INFO - 💌message 903 sent: user_id=128
[2025-05-22T07:03:19.227+0000] {logging_mixin.py:190} INFO - 💌message 904 sent: user_id=112
[2025-05-22T07:03:19.279+0000] {logging_mixin.py:190} INFO - 💌message 905 sent: user_id=116
[2025-05-22T07:03:19.334+0000] {logging_mixin.py:190} INFO - 💌message 906 sent: user_id=126
[2025-05-22T07:03:19.390+0000] {logging_mixin.py:190} INFO - 💌message 907 sent: user_id=118
[2025-05-22T07:03:19.445+0000] {logging_mixin.py:190} INFO - 💌message 908 sent: user_id=104
[2025-05-22T07:03:19.498+0000] {logging_mixin.py:190} INFO - 💌message 909 sent: user_id=126
[2025-05-22T07:03:19.556+0000] {logging_mixin.py:190} INFO - 💌message 910 sent: user_id=139
[2025-05-22T07:03:19.613+0000] {logging_mixin.py:190} INFO - 💌message 911 sent: user_id=124
[2025-05-22T07:03:19.674+0000] {logging_mixin.py:190} INFO - 💌message 912 sent: user_id=123
[2025-05-22T07:03:19.728+0000] {logging_mixin.py:190} INFO - 💌message 913 sent: user_id=139
[2025-05-22T07:03:19.785+0000] {logging_mixin.py:190} INFO - 💌message 914 sent: user_id=135
[2025-05-22T07:03:19.840+0000] {logging_mixin.py:190} INFO - 💌message 915 sent: user_id=136
[2025-05-22T07:03:19.895+0000] {logging_mixin.py:190} INFO - 💌message 916 sent: user_id=115
[2025-05-22T07:03:19.949+0000] {logging_mixin.py:190} INFO - 💌message 917 sent: user_id=110
[2025-05-22T07:03:20.006+0000] {logging_mixin.py:190} INFO - 💌message 918 sent: user_id=149
[2025-05-22T07:03:20.061+0000] {logging_mixin.py:190} INFO - 💌message 919 sent: user_id=114
[2025-05-22T07:03:20.115+0000] {logging_mixin.py:190} INFO - 💌message 920 sent: user_id=134
[2025-05-22T07:03:20.171+0000] {logging_mixin.py:190} INFO - 💌message 921 sent: user_id=150
[2025-05-22T07:03:20.229+0000] {logging_mixin.py:190} INFO - 💌message 922 sent: user_id=104
[2025-05-22T07:03:20.283+0000] {logging_mixin.py:190} INFO - 💌message 923 sent: user_id=141
[2025-05-22T07:03:20.339+0000] {logging_mixin.py:190} INFO - 💌message 924 sent: user_id=117
[2025-05-22T07:03:20.391+0000] {logging_mixin.py:190} INFO - 💌message 925 sent: user_id=147
[2025-05-22T07:03:20.444+0000] {logging_mixin.py:190} INFO - 💌message 926 sent: user_id=148
[2025-05-22T07:03:20.498+0000] {logging_mixin.py:190} INFO - 💌message 927 sent: user_id=118
[2025-05-22T07:03:20.553+0000] {logging_mixin.py:190} INFO - 💌message 928 sent: user_id=112
[2025-05-22T07:03:20.608+0000] {logging_mixin.py:190} INFO - 💌message 929 sent: user_id=118
[2025-05-22T07:03:20.666+0000] {logging_mixin.py:190} INFO - 💌message 930 sent: user_id=129
[2025-05-22T07:03:20.721+0000] {logging_mixin.py:190} INFO - 💌message 931 sent: user_id=126
[2025-05-22T07:03:20.776+0000] {logging_mixin.py:190} INFO - 💌message 932 sent: user_id=142
[2025-05-22T07:03:20.829+0000] {logging_mixin.py:190} INFO - 💌message 933 sent: user_id=106
[2025-05-22T07:03:20.884+0000] {logging_mixin.py:190} INFO - 💌message 934 sent: user_id=147
[2025-05-22T07:03:20.940+0000] {logging_mixin.py:190} INFO - 💌message 935 sent: user_id=102
[2025-05-22T07:03:20.995+0000] {logging_mixin.py:190} INFO - 💌message 936 sent: user_id=100
[2025-05-22T07:03:21.053+0000] {logging_mixin.py:190} INFO - 💌message 937 sent: user_id=147
[2025-05-22T07:03:21.107+0000] {logging_mixin.py:190} INFO - 💌message 938 sent: user_id=125
[2025-05-22T07:03:21.161+0000] {logging_mixin.py:190} INFO - 💌message 939 sent: user_id=150
[2025-05-22T07:03:21.214+0000] {logging_mixin.py:190} INFO - 💌message 940 sent: user_id=111
[2025-05-22T07:03:21.267+0000] {logging_mixin.py:190} INFO - 💌message 941 sent: user_id=124
[2025-05-22T07:03:21.320+0000] {logging_mixin.py:190} INFO - 💌message 942 sent: user_id=101
[2025-05-22T07:03:21.372+0000] {logging_mixin.py:190} INFO - 💌message 943 sent: user_id=147
[2025-05-22T07:03:21.424+0000] {logging_mixin.py:190} INFO - 💌message 944 sent: user_id=100
[2025-05-22T07:03:21.475+0000] {logging_mixin.py:190} INFO - 💌message 945 sent: user_id=133
[2025-05-22T07:03:21.530+0000] {logging_mixin.py:190} INFO - 💌message 946 sent: user_id=119
[2025-05-22T07:03:21.585+0000] {logging_mixin.py:190} INFO - 💌message 947 sent: user_id=135
[2025-05-22T07:03:21.637+0000] {logging_mixin.py:190} INFO - 💌message 948 sent: user_id=150
[2025-05-22T07:03:21.694+0000] {logging_mixin.py:190} INFO - 💌message 949 sent: user_id=140
[2025-05-22T07:03:21.749+0000] {logging_mixin.py:190} INFO - 💌message 950 sent: user_id=120
[2025-05-22T07:03:21.802+0000] {logging_mixin.py:190} INFO - 💌message 951 sent: user_id=146
[2025-05-22T07:03:21.857+0000] {logging_mixin.py:190} INFO - 💌message 952 sent: user_id=100
[2025-05-22T07:03:21.911+0000] {logging_mixin.py:190} INFO - 💌message 953 sent: user_id=127
[2025-05-22T07:03:21.965+0000] {logging_mixin.py:190} INFO - 💌message 954 sent: user_id=105
[2025-05-22T07:03:22.020+0000] {logging_mixin.py:190} INFO - 💌message 955 sent: user_id=135
[2025-05-22T07:03:22.074+0000] {logging_mixin.py:190} INFO - 💌message 956 sent: user_id=131
[2025-05-22T07:03:22.130+0000] {logging_mixin.py:190} INFO - 💌message 957 sent: user_id=139
[2025-05-22T07:03:22.183+0000] {logging_mixin.py:190} INFO - 💌message 958 sent: user_id=101
[2025-05-22T07:03:22.237+0000] {logging_mixin.py:190} INFO - 💌message 959 sent: user_id=144
[2025-05-22T07:03:22.290+0000] {logging_mixin.py:190} INFO - 💌message 960 sent: user_id=126
[2025-05-22T07:03:22.343+0000] {logging_mixin.py:190} INFO - 💌message 961 sent: user_id=117
[2025-05-22T07:03:22.397+0000] {logging_mixin.py:190} INFO - 💌message 962 sent: user_id=118
[2025-05-22T07:03:22.452+0000] {logging_mixin.py:190} INFO - 💌message 963 sent: user_id=128
[2025-05-22T07:03:22.506+0000] {logging_mixin.py:190} INFO - 💌message 964 sent: user_id=122
[2025-05-22T07:03:22.560+0000] {logging_mixin.py:190} INFO - 💌message 965 sent: user_id=124
[2025-05-22T07:03:22.613+0000] {logging_mixin.py:190} INFO - 💌message 966 sent: user_id=119
[2025-05-22T07:03:22.669+0000] {logging_mixin.py:190} INFO - 💌message 967 sent: user_id=128
[2025-05-22T07:03:22.723+0000] {logging_mixin.py:190} INFO - 💌message 968 sent: user_id=107
[2025-05-22T07:03:22.777+0000] {logging_mixin.py:190} INFO - 💌message 969 sent: user_id=134
[2025-05-22T07:03:22.831+0000] {logging_mixin.py:190} INFO - 💌message 970 sent: user_id=109
[2025-05-22T07:03:22.885+0000] {logging_mixin.py:190} INFO - 💌message 971 sent: user_id=107
[2025-05-22T07:03:22.938+0000] {logging_mixin.py:190} INFO - 💌message 972 sent: user_id=145
[2025-05-22T07:03:22.994+0000] {logging_mixin.py:190} INFO - 💌message 973 sent: user_id=146
[2025-05-22T07:03:23.049+0000] {logging_mixin.py:190} INFO - 💌message 974 sent: user_id=127
[2025-05-22T07:03:23.105+0000] {logging_mixin.py:190} INFO - 💌message 975 sent: user_id=149
[2025-05-22T07:03:23.158+0000] {logging_mixin.py:190} INFO - 💌message 976 sent: user_id=106
[2025-05-22T07:03:23.213+0000] {logging_mixin.py:190} INFO - 💌message 977 sent: user_id=146
[2025-05-22T07:03:23.266+0000] {logging_mixin.py:190} INFO - 💌message 978 sent: user_id=124
[2025-05-22T07:03:23.321+0000] {logging_mixin.py:190} INFO - 💌message 979 sent: user_id=145
[2025-05-22T07:03:23.369+0000] {record_accumulator.py:73} WARNING - Produced messages to topic-partition ('userlog', 0) with base offset -1 log start offset None and error None.
[2025-05-22T07:03:23.371+0000] {record_accumulator.py:332} WARNING - Expired 1 batches in accumulator
[2025-05-22T07:03:23.373+0000] {logging_mixin.py:190} INFO - 💌message 980 sent: user_id=143
[2025-05-22T07:03:23.429+0000] {logging_mixin.py:190} INFO - 💌message 981 sent: user_id=144
[2025-05-22T07:03:23.488+0000] {logging_mixin.py:190} INFO - 💌message 982 sent: user_id=147
[2025-05-22T07:03:23.541+0000] {logging_mixin.py:190} INFO - 💌message 983 sent: user_id=138
[2025-05-22T07:03:23.595+0000] {logging_mixin.py:190} INFO - 💌message 984 sent: user_id=107
[2025-05-22T07:03:23.650+0000] {logging_mixin.py:190} INFO - 💌message 985 sent: user_id=140
[2025-05-22T07:03:23.706+0000] {logging_mixin.py:190} INFO - 💌message 986 sent: user_id=141
[2025-05-22T07:03:23.761+0000] {logging_mixin.py:190} INFO - 💌message 987 sent: user_id=148
[2025-05-22T07:03:23.817+0000] {logging_mixin.py:190} INFO - 💌message 988 sent: user_id=111
[2025-05-22T07:03:23.872+0000] {logging_mixin.py:190} INFO - 💌message 989 sent: user_id=103
[2025-05-22T07:03:23.928+0000] {logging_mixin.py:190} INFO - 💌message 990 sent: user_id=134
[2025-05-22T07:03:23.981+0000] {logging_mixin.py:190} INFO - 💌message 991 sent: user_id=126
[2025-05-22T07:03:24.038+0000] {logging_mixin.py:190} INFO - 💌message 992 sent: user_id=104
[2025-05-22T07:03:24.093+0000] {logging_mixin.py:190} INFO - 💌message 993 sent: user_id=141
[2025-05-22T07:03:24.146+0000] {logging_mixin.py:190} INFO - 💌message 994 sent: user_id=125
[2025-05-22T07:03:24.199+0000] {logging_mixin.py:190} INFO - 💌message 995 sent: user_id=144
[2025-05-22T07:03:24.253+0000] {logging_mixin.py:190} INFO - 💌message 996 sent: user_id=132
[2025-05-22T07:03:24.305+0000] {logging_mixin.py:190} INFO - 💌message 997 sent: user_id=117
[2025-05-22T07:03:24.357+0000] {logging_mixin.py:190} INFO - 💌message 998 sent: user_id=132
[2025-05-22T07:03:24.413+0000] {logging_mixin.py:190} INFO - 💌message 999 sent: user_id=119
[2025-05-22T07:03:24.465+0000] {logging_mixin.py:190} INFO - 💌message 1000 sent: user_id=122
[2025-05-22T07:03:27.973+0000] {record_accumulator.py:73} WARNING - Produced messages to topic-partition ('userlog', 0) with base offset -1 log start offset None and error None.
[2025-05-22T07:03:27.975+0000] {record_accumulator.py:534} WARNING - KafkaTimeoutError: Batch for TopicPartition(topic='userlog', partition=0) containing 86 record(s) expired: 30 seconds have passed since batch creation plus linger time
[2025-05-22T07:03:27.975+0000] {record_accumulator.py:332} WARNING - Expired 1 batches in accumulator
[2025-05-22T07:03:32.649+0000] {record_accumulator.py:73} WARNING - Produced messages to topic-partition ('userlog', 0) with base offset -1 log start offset None and error None.
[2025-05-22T07:03:32.651+0000] {record_accumulator.py:332} WARNING - Expired 1 batches in accumulator
[2025-05-22T07:03:37.176+0000] {record_accumulator.py:73} WARNING - Produced messages to topic-partition ('userlog', 0) with base offset -1 log start offset None and error None.
[2025-05-22T07:03:37.178+0000] {record_accumulator.py:332} WARNING - Expired 1 batches in accumulator
[2025-05-22T07:03:42.018+0000] {record_accumulator.py:73} WARNING - Produced messages to topic-partition ('userlog', 0) with base offset -1 log start offset None and error None.
[2025-05-22T07:03:42.020+0000] {record_accumulator.py:332} WARNING - Expired 1 batches in accumulator
[2025-05-22T07:03:46.706+0000] {record_accumulator.py:73} WARNING - Produced messages to topic-partition ('userlog', 0) with base offset -1 log start offset None and error None.
[2025-05-22T07:03:46.708+0000] {record_accumulator.py:332} WARNING - Expired 1 batches in accumulator
[2025-05-22T07:03:50.731+0000] {local_task_job_runner.py:346} WARNING - State of this instance has been externally set to failed. Terminating instance.
[2025-05-22T07:03:50.732+0000] {local_task_job_runner.py:245} INFO - ::endgroup::
[2025-05-22T07:03:50.733+0000] {process_utils.py:132} INFO - Sending 15 to group 1062. PIDs of all processes in the group: [1062]
[2025-05-22T07:03:50.733+0000] {process_utils.py:87} INFO - Sending the signal 15 to group 1062
[2025-05-22T07:03:50.734+0000] {taskinstance.py:3092} ERROR - Received SIGTERM. Terminating subprocesses.
[2025-05-22T07:03:51.402+0000] {record_accumulator.py:73} WARNING - Produced messages to topic-partition ('userlog', 0) with base offset -1 log start offset None and error None.
[2025-05-22T07:03:51.404+0000] {record_accumulator.py:332} WARNING - Expired 1 batches in accumulator
[2025-05-22T07:03:51.409+0000] {conn.py:919} INFO - <BrokerConnection node_id=1 host=172.16.24.224:9092 <connected> [IPv4 ('172.16.24.224', 9092)]>: Closing connection. 
[2025-05-22T07:03:51.411+0000] {taskinstance.py:340} INFO - ::group::Post task execution logs
[2025-05-22T07:03:51.432+0000] {process_utils.py:80} INFO - Process psutil.Process(pid=1062, status='terminated', exitcode=0, started='07:02:29') (1062) terminated with exit code 0
