[2025-05-22T00:01:01.531+0000] {local_task_job_runner.py:123} INFO - ::group::Pre task execution logs
[2025-05-22T00:01:01.537+0000] {taskinstance.py:2612} INFO - Dependencies all met for dep_context=non-requeueable deps ti=<TaskInstance: kafka_to_minio_to_spark.kafka_producer scheduled__2025-05-21T16:00:00+00:00 [queued]>
[2025-05-22T00:01:01.539+0000] {taskinstance.py:2612} INFO - Dependencies all met for dep_context=requeueable deps ti=<TaskInstance: kafka_to_minio_to_spark.kafka_producer scheduled__2025-05-21T16:00:00+00:00 [queued]>
[2025-05-22T00:01:01.540+0000] {taskinstance.py:2865} INFO - Starting attempt 4 of 6
[2025-05-22T00:01:01.544+0000] {taskinstance.py:2888} INFO - Executing <Task(PythonOperator): kafka_producer> on 2025-05-21 16:00:00+00:00
[2025-05-22T00:01:01.546+0000] {standard_task_runner.py:72} INFO - Started process 216 to run task
[2025-05-22T00:01:01.548+0000] {standard_task_runner.py:104} INFO - Running: ['***', 'tasks', 'run', 'kafka_to_minio_to_spark', 'kafka_producer', 'scheduled__2025-05-21T16:00:00+00:00', '--job-id', '185', '--raw', '--subdir', 'DAGS_FOLDER/testlog_ml.py', '--cfg-path', '/tmp/tmp4pgh3yhl']
[2025-05-22T00:01:01.549+0000] {standard_task_runner.py:105} INFO - Job 185: Subtask kafka_producer
[2025-05-22T00:01:01.566+0000] {task_command.py:467} INFO - Running <TaskInstance: kafka_to_minio_to_spark.kafka_producer scheduled__2025-05-21T16:00:00+00:00 [running]> on host f901d5ffba09
[2025-05-22T00:01:01.594+0000] {taskinstance.py:3131} INFO - Exporting env vars: AIRFLOW_CTX_DAG_OWNER='***' AIRFLOW_CTX_DAG_ID='kafka_to_minio_to_spark' AIRFLOW_CTX_TASK_ID='kafka_producer' AIRFLOW_CTX_EXECUTION_DATE='2025-05-21T16:00:00+00:00' AIRFLOW_CTX_TRY_NUMBER='4' AIRFLOW_CTX_DAG_RUN_ID='scheduled__2025-05-21T16:00:00+00:00'
[2025-05-22T00:01:01.594+0000] {taskinstance.py:731} INFO - ::endgroup::
[2025-05-22T00:01:01.689+0000] {conn.py:380} INFO - <BrokerConnection node_id=bootstrap-0 host=host.docker.internal:9092 <connecting> [IPv4 ('192.168.65.254', 9092)]>: connecting to host.docker.internal:9092 [('192.168.65.254', 9092) IPv4]
[2025-05-22T00:01:01.689+0000] {conn.py:1205} INFO - Probing node bootstrap-0 broker version
[2025-05-22T00:01:01.691+0000] {conn.py:410} INFO - <BrokerConnection node_id=bootstrap-0 host=host.docker.internal:9092 <connecting> [IPv4 ('192.168.65.254', 9092)]>: Connection complete.
[2025-05-22T00:01:01.809+0000] {conn.py:1267} INFO - Broker version identified as 2.5.0
[2025-05-22T00:01:01.810+0000] {conn.py:1268} INFO - Set configuration api_version=(2, 5, 0) to skip auto check_version requests on startup
[2025-05-22T00:01:01.814+0000] {logging_mixin.py:190} INFO - 💌message is sending....
[2025-05-22T00:01:01.814+0000] {conn.py:380} INFO - <BrokerConnection node_id=1 host=172.16.24.224:9092 <connecting> [IPv4 ('172.16.24.224', 9092)]>: connecting to 172.16.24.224:9092 [('172.16.24.224', 9092) IPv4]
[2025-05-22T00:01:01.816+0000] {conn.py:410} INFO - <BrokerConnection node_id=1 host=172.16.24.224:9092 <connecting> [IPv4 ('172.16.24.224', 9092)]>: Connection complete.
[2025-05-22T00:01:01.816+0000] {conn.py:919} INFO - <BrokerConnection node_id=bootstrap-0 host=host.docker.internal:9092 <connected> [IPv4 ('192.168.65.254', 9092)]>: Closing connection. 
[2025-05-22T00:01:01.867+0000] {logging_mixin.py:190} INFO - 💌message is sending....
[2025-05-22T00:01:01.919+0000] {logging_mixin.py:190} INFO - 💌message is sending....
[2025-05-22T00:01:01.977+0000] {logging_mixin.py:190} INFO - 💌message is sending....
[2025-05-22T00:01:02.033+0000] {logging_mixin.py:190} INFO - 💌message is sending....
[2025-05-22T00:01:02.089+0000] {logging_mixin.py:190} INFO - 💌message is sending....
[2025-05-22T00:01:02.153+0000] {logging_mixin.py:190} INFO - 💌message is sending....
[2025-05-22T00:01:02.207+0000] {logging_mixin.py:190} INFO - 💌message is sending....
[2025-05-22T00:01:02.260+0000] {logging_mixin.py:190} INFO - 💌message is sending....
[2025-05-22T00:01:02.316+0000] {logging_mixin.py:190} INFO - 💌message is sending....
[2025-05-22T00:01:02.372+0000] {logging_mixin.py:190} INFO - 💌message is sending....
[2025-05-22T00:01:02.430+0000] {logging_mixin.py:190} INFO - 💌message is sending....
[2025-05-22T00:01:02.484+0000] {logging_mixin.py:190} INFO - 💌message is sending....
[2025-05-22T00:01:02.542+0000] {logging_mixin.py:190} INFO - 💌message is sending....
[2025-05-22T00:01:02.599+0000] {logging_mixin.py:190} INFO - 💌message is sending....
[2025-05-22T00:01:02.654+0000] {logging_mixin.py:190} INFO - 💌message is sending....
[2025-05-22T00:01:02.709+0000] {logging_mixin.py:190} INFO - 💌message is sending....
[2025-05-22T00:01:02.773+0000] {logging_mixin.py:190} INFO - 💌message is sending....
[2025-05-22T00:01:02.826+0000] {logging_mixin.py:190} INFO - 💌message is sending....
[2025-05-22T00:01:02.879+0000] {logging_mixin.py:190} INFO - 💌message is sending....
[2025-05-22T00:01:02.933+0000] {logging_mixin.py:190} INFO - 💌message is sending....
[2025-05-22T00:01:02.988+0000] {logging_mixin.py:190} INFO - 💌message is sending....
[2025-05-22T00:01:03.044+0000] {logging_mixin.py:190} INFO - 💌message is sending....
[2025-05-22T00:01:03.099+0000] {logging_mixin.py:190} INFO - 💌message is sending....
[2025-05-22T00:01:03.154+0000] {logging_mixin.py:190} INFO - 💌message is sending....
[2025-05-22T00:01:03.209+0000] {logging_mixin.py:190} INFO - 💌message is sending....
[2025-05-22T00:01:03.265+0000] {logging_mixin.py:190} INFO - 💌message is sending....
[2025-05-22T00:01:03.319+0000] {logging_mixin.py:190} INFO - 💌message is sending....
[2025-05-22T00:01:03.375+0000] {logging_mixin.py:190} INFO - 💌message is sending....
[2025-05-22T00:01:03.433+0000] {logging_mixin.py:190} INFO - 💌message is sending....
[2025-05-22T00:01:03.487+0000] {logging_mixin.py:190} INFO - 💌message is sending....
[2025-05-22T00:01:03.542+0000] {logging_mixin.py:190} INFO - 💌message is sending....
[2025-05-22T00:01:03.596+0000] {logging_mixin.py:190} INFO - 💌message is sending....
[2025-05-22T00:01:03.651+0000] {logging_mixin.py:190} INFO - 💌message is sending....
[2025-05-22T00:01:03.706+0000] {logging_mixin.py:190} INFO - 💌message is sending....
[2025-05-22T00:01:03.760+0000] {logging_mixin.py:190} INFO - 💌message is sending....
[2025-05-22T00:01:03.814+0000] {logging_mixin.py:190} INFO - 💌message is sending....
[2025-05-22T00:01:03.867+0000] {logging_mixin.py:190} INFO - 💌message is sending....
[2025-05-22T00:01:03.921+0000] {logging_mixin.py:190} INFO - 💌message is sending....
[2025-05-22T00:01:03.974+0000] {logging_mixin.py:190} INFO - 💌message is sending....
[2025-05-22T00:01:04.029+0000] {logging_mixin.py:190} INFO - 💌message is sending....
[2025-05-22T00:01:04.088+0000] {logging_mixin.py:190} INFO - 💌message is sending....
[2025-05-22T00:01:04.144+0000] {logging_mixin.py:190} INFO - 💌message is sending....
[2025-05-22T00:01:04.200+0000] {logging_mixin.py:190} INFO - 💌message is sending....
[2025-05-22T00:01:04.254+0000] {logging_mixin.py:190} INFO - 💌message is sending....
[2025-05-22T00:01:04.306+0000] {logging_mixin.py:190} INFO - 💌message is sending....
[2025-05-22T00:01:04.359+0000] {logging_mixin.py:190} INFO - 💌message is sending....
[2025-05-22T00:01:04.415+0000] {logging_mixin.py:190} INFO - 💌message is sending....
[2025-05-22T00:01:04.470+0000] {logging_mixin.py:190} INFO - 💌message is sending....
[2025-05-22T00:01:04.526+0000] {logging_mixin.py:190} INFO - 💌message is sending....
[2025-05-22T00:01:04.578+0000] {logging_mixin.py:190} INFO - 💌message is sending....
[2025-05-22T00:01:04.631+0000] {logging_mixin.py:190} INFO - 💌message is sending....
[2025-05-22T00:01:04.684+0000] {logging_mixin.py:190} INFO - 💌message is sending....
[2025-05-22T00:01:04.738+0000] {logging_mixin.py:190} INFO - 💌message is sending....
[2025-05-22T00:01:04.793+0000] {logging_mixin.py:190} INFO - 💌message is sending....
[2025-05-22T00:01:04.850+0000] {logging_mixin.py:190} INFO - 💌message is sending....
[2025-05-22T00:01:04.904+0000] {logging_mixin.py:190} INFO - 💌message is sending....
[2025-05-22T00:01:04.959+0000] {logging_mixin.py:190} INFO - 💌message is sending....
[2025-05-22T00:01:05.018+0000] {logging_mixin.py:190} INFO - 💌message is sending....
[2025-05-22T00:01:05.074+0000] {logging_mixin.py:190} INFO - 💌message is sending....
[2025-05-22T00:01:05.132+0000] {logging_mixin.py:190} INFO - 💌message is sending....
[2025-05-22T00:01:05.188+0000] {logging_mixin.py:190} INFO - 💌message is sending....
[2025-05-22T00:01:05.244+0000] {logging_mixin.py:190} INFO - 💌message is sending....
[2025-05-22T00:01:05.298+0000] {logging_mixin.py:190} INFO - 💌message is sending....
[2025-05-22T00:01:05.351+0000] {logging_mixin.py:190} INFO - 💌message is sending....
[2025-05-22T00:01:05.406+0000] {logging_mixin.py:190} INFO - 💌message is sending....
[2025-05-22T00:01:05.462+0000] {logging_mixin.py:190} INFO - 💌message is sending....
[2025-05-22T00:01:05.517+0000] {logging_mixin.py:190} INFO - 💌message is sending....
[2025-05-22T00:01:05.575+0000] {logging_mixin.py:190} INFO - 💌message is sending....
[2025-05-22T00:01:05.631+0000] {logging_mixin.py:190} INFO - 💌message is sending....
[2025-05-22T00:01:05.686+0000] {logging_mixin.py:190} INFO - 💌message is sending....
[2025-05-22T00:01:05.741+0000] {logging_mixin.py:190} INFO - 💌message is sending....
[2025-05-22T00:01:05.798+0000] {logging_mixin.py:190} INFO - 💌message is sending....
[2025-05-22T00:01:05.853+0000] {logging_mixin.py:190} INFO - 💌message is sending....
[2025-05-22T00:01:05.910+0000] {logging_mixin.py:190} INFO - 💌message is sending....
[2025-05-22T00:01:05.965+0000] {logging_mixin.py:190} INFO - 💌message is sending....
[2025-05-22T00:01:06.021+0000] {logging_mixin.py:190} INFO - 💌message is sending....
[2025-05-22T00:01:06.075+0000] {logging_mixin.py:190} INFO - 💌message is sending....
[2025-05-22T00:01:06.129+0000] {logging_mixin.py:190} INFO - 💌message is sending....
[2025-05-22T00:01:06.180+0000] {logging_mixin.py:190} INFO - 💌message is sending....
[2025-05-22T00:01:06.231+0000] {logging_mixin.py:190} INFO - 💌message is sending....
[2025-05-22T00:01:06.284+0000] {logging_mixin.py:190} INFO - 💌message is sending....
[2025-05-22T00:01:06.337+0000] {logging_mixin.py:190} INFO - 💌message is sending....
[2025-05-22T00:01:06.391+0000] {logging_mixin.py:190} INFO - 💌message is sending....
[2025-05-22T00:01:06.445+0000] {logging_mixin.py:190} INFO - 💌message is sending....
[2025-05-22T00:01:06.500+0000] {logging_mixin.py:190} INFO - 💌message is sending....
[2025-05-22T00:01:06.555+0000] {logging_mixin.py:190} INFO - 💌message is sending....
[2025-05-22T00:01:06.610+0000] {logging_mixin.py:190} INFO - 💌message is sending....
[2025-05-22T00:01:06.664+0000] {logging_mixin.py:190} INFO - 💌message is sending....
[2025-05-22T00:01:06.720+0000] {logging_mixin.py:190} INFO - 💌message is sending....
[2025-05-22T00:01:06.775+0000] {logging_mixin.py:190} INFO - 💌message is sending....
[2025-05-22T00:01:06.830+0000] {logging_mixin.py:190} INFO - 💌message is sending....
[2025-05-22T00:01:06.889+0000] {logging_mixin.py:190} INFO - 💌message is sending....
[2025-05-22T00:01:06.944+0000] {logging_mixin.py:190} INFO - 💌message is sending....
[2025-05-22T00:01:06.998+0000] {logging_mixin.py:190} INFO - 💌message is sending....
[2025-05-22T00:01:07.053+0000] {logging_mixin.py:190} INFO - 💌message is sending....
[2025-05-22T00:01:07.109+0000] {logging_mixin.py:190} INFO - 💌message is sending....
[2025-05-22T00:01:07.163+0000] {logging_mixin.py:190} INFO - 💌message is sending....
[2025-05-22T00:01:07.219+0000] {logging_mixin.py:190} INFO - 💌message is sending....
[2025-05-22T00:01:07.275+0000] {logging_mixin.py:190} INFO - 💌message is sending....
[2025-05-22T00:01:07.330+0000] {logging_mixin.py:190} INFO - 💌message is sending....
[2025-05-22T00:01:07.384+0000] {logging_mixin.py:190} INFO - 💌message is sending....
[2025-05-22T00:01:07.439+0000] {logging_mixin.py:190} INFO - 💌message is sending....
[2025-05-22T00:01:07.491+0000] {logging_mixin.py:190} INFO - 💌message is sending....
[2025-05-22T00:01:07.546+0000] {logging_mixin.py:190} INFO - 💌message is sending....
[2025-05-22T00:01:07.602+0000] {logging_mixin.py:190} INFO - 💌message is sending....
[2025-05-22T00:01:07.658+0000] {logging_mixin.py:190} INFO - 💌message is sending....
[2025-05-22T00:01:07.712+0000] {logging_mixin.py:190} INFO - 💌message is sending....
[2025-05-22T00:01:07.767+0000] {logging_mixin.py:190} INFO - 💌message is sending....
[2025-05-22T00:01:07.820+0000] {logging_mixin.py:190} INFO - 💌message is sending....
[2025-05-22T00:01:07.872+0000] {logging_mixin.py:190} INFO - 💌message is sending....
[2025-05-22T00:01:07.925+0000] {logging_mixin.py:190} INFO - 💌message is sending....
[2025-05-22T00:01:07.981+0000] {logging_mixin.py:190} INFO - 💌message is sending....
[2025-05-22T00:01:08.035+0000] {logging_mixin.py:190} INFO - 💌message is sending....
[2025-05-22T00:01:08.091+0000] {logging_mixin.py:190} INFO - 💌message is sending....
[2025-05-22T00:01:08.145+0000] {logging_mixin.py:190} INFO - 💌message is sending....
[2025-05-22T00:01:08.204+0000] {logging_mixin.py:190} INFO - 💌message is sending....
[2025-05-22T00:01:08.258+0000] {logging_mixin.py:190} INFO - 💌message is sending....
[2025-05-22T00:01:08.310+0000] {logging_mixin.py:190} INFO - 💌message is sending....
[2025-05-22T00:01:08.365+0000] {logging_mixin.py:190} INFO - 💌message is sending....
[2025-05-22T00:01:08.418+0000] {logging_mixin.py:190} INFO - 💌message is sending....
[2025-05-22T00:01:08.473+0000] {logging_mixin.py:190} INFO - 💌message is sending....
[2025-05-22T00:01:08.528+0000] {logging_mixin.py:190} INFO - 💌message is sending....
[2025-05-22T00:01:08.585+0000] {logging_mixin.py:190} INFO - 💌message is sending....
[2025-05-22T00:01:08.639+0000] {logging_mixin.py:190} INFO - 💌message is sending....
[2025-05-22T00:01:08.695+0000] {logging_mixin.py:190} INFO - 💌message is sending....
[2025-05-22T00:01:08.751+0000] {logging_mixin.py:190} INFO - 💌message is sending....
[2025-05-22T00:01:08.806+0000] {logging_mixin.py:190} INFO - 💌message is sending....
[2025-05-22T00:01:08.865+0000] {logging_mixin.py:190} INFO - 💌message is sending....
[2025-05-22T00:01:08.922+0000] {logging_mixin.py:190} INFO - 💌message is sending....
[2025-05-22T00:01:08.975+0000] {logging_mixin.py:190} INFO - 💌message is sending....
[2025-05-22T00:01:09.028+0000] {logging_mixin.py:190} INFO - 💌message is sending....
[2025-05-22T00:01:09.083+0000] {logging_mixin.py:190} INFO - 💌message is sending....
[2025-05-22T00:01:09.139+0000] {logging_mixin.py:190} INFO - 💌message is sending....
[2025-05-22T00:01:09.194+0000] {logging_mixin.py:190} INFO - 💌message is sending....
[2025-05-22T00:01:09.250+0000] {logging_mixin.py:190} INFO - 💌message is sending....
[2025-05-22T00:01:09.306+0000] {logging_mixin.py:190} INFO - 💌message is sending....
[2025-05-22T00:01:09.362+0000] {logging_mixin.py:190} INFO - 💌message is sending....
[2025-05-22T00:01:09.425+0000] {logging_mixin.py:190} INFO - 💌message is sending....
[2025-05-22T00:01:09.482+0000] {logging_mixin.py:190} INFO - 💌message is sending....
[2025-05-22T00:01:09.539+0000] {logging_mixin.py:190} INFO - 💌message is sending....
[2025-05-22T00:01:09.596+0000] {logging_mixin.py:190} INFO - 💌message is sending....
[2025-05-22T00:01:09.652+0000] {logging_mixin.py:190} INFO - 💌message is sending....
[2025-05-22T00:01:09.706+0000] {logging_mixin.py:190} INFO - 💌message is sending....
[2025-05-22T00:01:09.767+0000] {logging_mixin.py:190} INFO - 💌message is sending....
[2025-05-22T00:01:09.823+0000] {logging_mixin.py:190} INFO - 💌message is sending....
[2025-05-22T00:01:09.879+0000] {logging_mixin.py:190} INFO - 💌message is sending....
[2025-05-22T00:01:09.933+0000] {logging_mixin.py:190} INFO - 💌message is sending....
[2025-05-22T00:01:09.987+0000] {logging_mixin.py:190} INFO - 💌message is sending....
[2025-05-22T00:01:10.040+0000] {logging_mixin.py:190} INFO - 💌message is sending....
[2025-05-22T00:01:10.094+0000] {logging_mixin.py:190} INFO - 💌message is sending....
[2025-05-22T00:01:10.147+0000] {logging_mixin.py:190} INFO - 💌message is sending....
[2025-05-22T00:01:10.203+0000] {logging_mixin.py:190} INFO - 💌message is sending....
[2025-05-22T00:01:10.261+0000] {logging_mixin.py:190} INFO - 💌message is sending....
[2025-05-22T00:01:10.316+0000] {logging_mixin.py:190} INFO - 💌message is sending....
[2025-05-22T00:01:10.371+0000] {logging_mixin.py:190} INFO - 💌message is sending....
[2025-05-22T00:01:10.427+0000] {logging_mixin.py:190} INFO - 💌message is sending....
[2025-05-22T00:01:10.483+0000] {logging_mixin.py:190} INFO - 💌message is sending....
[2025-05-22T00:01:10.540+0000] {logging_mixin.py:190} INFO - 💌message is sending....
[2025-05-22T00:01:10.598+0000] {logging_mixin.py:190} INFO - 💌message is sending....
[2025-05-22T00:01:10.653+0000] {logging_mixin.py:190} INFO - 💌message is sending....
[2025-05-22T00:01:10.711+0000] {logging_mixin.py:190} INFO - 💌message is sending....
[2025-05-22T00:01:10.766+0000] {logging_mixin.py:190} INFO - 💌message is sending....
[2025-05-22T00:01:10.822+0000] {logging_mixin.py:190} INFO - 💌message is sending....
[2025-05-22T00:01:10.877+0000] {logging_mixin.py:190} INFO - 💌message is sending....
[2025-05-22T00:01:10.932+0000] {logging_mixin.py:190} INFO - 💌message is sending....
[2025-05-22T00:01:10.988+0000] {logging_mixin.py:190} INFO - 💌message is sending....
[2025-05-22T00:01:11.043+0000] {logging_mixin.py:190} INFO - 💌message is sending....
[2025-05-22T00:01:11.095+0000] {logging_mixin.py:190} INFO - 💌message is sending....
[2025-05-22T00:01:11.151+0000] {logging_mixin.py:190} INFO - 💌message is sending....
[2025-05-22T00:01:11.208+0000] {logging_mixin.py:190} INFO - 💌message is sending....
[2025-05-22T00:01:11.265+0000] {logging_mixin.py:190} INFO - 💌message is sending....
[2025-05-22T00:01:11.321+0000] {logging_mixin.py:190} INFO - 💌message is sending....
[2025-05-22T00:01:11.376+0000] {logging_mixin.py:190} INFO - 💌message is sending....
[2025-05-22T00:01:11.433+0000] {logging_mixin.py:190} INFO - 💌message is sending....
[2025-05-22T00:01:11.490+0000] {logging_mixin.py:190} INFO - 💌message is sending....
[2025-05-22T00:01:11.545+0000] {logging_mixin.py:190} INFO - 💌message is sending....
[2025-05-22T00:01:11.602+0000] {logging_mixin.py:190} INFO - 💌message is sending....
[2025-05-22T00:01:11.657+0000] {logging_mixin.py:190} INFO - 💌message is sending....
[2025-05-22T00:01:11.711+0000] {logging_mixin.py:190} INFO - 💌message is sending....
[2025-05-22T00:01:11.768+0000] {logging_mixin.py:190} INFO - 💌message is sending....
[2025-05-22T00:01:11.824+0000] {logging_mixin.py:190} INFO - 💌message is sending....
[2025-05-22T00:01:11.879+0000] {logging_mixin.py:190} INFO - 💌message is sending....
[2025-05-22T00:01:11.934+0000] {logging_mixin.py:190} INFO - 💌message is sending....
[2025-05-22T00:01:11.989+0000] {logging_mixin.py:190} INFO - 💌message is sending....
[2025-05-22T00:01:12.043+0000] {logging_mixin.py:190} INFO - 💌message is sending....
[2025-05-22T00:01:12.099+0000] {logging_mixin.py:190} INFO - 💌message is sending....
[2025-05-22T00:01:12.153+0000] {logging_mixin.py:190} INFO - 💌message is sending....
[2025-05-22T00:01:12.206+0000] {logging_mixin.py:190} INFO - 💌message is sending....
[2025-05-22T00:01:12.258+0000] {logging_mixin.py:190} INFO - 💌message is sending....
[2025-05-22T00:01:12.312+0000] {logging_mixin.py:190} INFO - 💌message is sending....
[2025-05-22T00:01:12.371+0000] {logging_mixin.py:190} INFO - 💌message is sending....
[2025-05-22T00:01:12.426+0000] {logging_mixin.py:190} INFO - 💌message is sending....
[2025-05-22T00:01:12.483+0000] {logging_mixin.py:190} INFO - 💌message is sending....
[2025-05-22T00:01:12.540+0000] {logging_mixin.py:190} INFO - 💌message is sending....
[2025-05-22T00:01:12.605+0000] {logging_mixin.py:190} INFO - 💌message is sending....
[2025-05-22T00:01:12.661+0000] {logging_mixin.py:190} INFO - 💌message is sending....
[2025-05-22T00:01:12.717+0000] {logging_mixin.py:190} INFO - 💌message is sending....
[2025-05-22T00:01:12.774+0000] {logging_mixin.py:190} INFO - 💌message is sending....
[2025-05-22T00:01:12.829+0000] {logging_mixin.py:190} INFO - 💌message is sending....
[2025-05-22T00:01:12.884+0000] {logging_mixin.py:190} INFO - 💌message is sending....
[2025-05-22T00:01:12.938+0000] {logging_mixin.py:190} INFO - 💌message is sending....
[2025-05-22T00:01:12.993+0000] {logging_mixin.py:190} INFO - 💌message is sending....
[2025-05-22T00:01:13.046+0000] {logging_mixin.py:190} INFO - 💌message is sending....
[2025-05-22T00:01:13.099+0000] {logging_mixin.py:190} INFO - 💌message is sending....
[2025-05-22T00:01:13.151+0000] {logging_mixin.py:190} INFO - 💌message is sending....
[2025-05-22T00:01:13.203+0000] {logging_mixin.py:190} INFO - 💌message is sending....
[2025-05-22T00:01:13.255+0000] {logging_mixin.py:190} INFO - 💌message is sending....
[2025-05-22T00:01:13.308+0000] {logging_mixin.py:190} INFO - 💌message is sending....
[2025-05-22T00:01:13.361+0000] {logging_mixin.py:190} INFO - 💌message is sending....
[2025-05-22T00:01:13.412+0000] {logging_mixin.py:190} INFO - 💌message is sending....
[2025-05-22T00:01:13.463+0000] {logging_mixin.py:190} INFO - 💌message is sending....
[2025-05-22T00:01:13.514+0000] {logging_mixin.py:190} INFO - 💌message is sending....
[2025-05-22T00:01:13.566+0000] {logging_mixin.py:190} INFO - 💌message is sending....
[2025-05-22T00:01:13.617+0000] {logging_mixin.py:190} INFO - 💌message is sending....
[2025-05-22T00:01:13.670+0000] {logging_mixin.py:190} INFO - 💌message is sending....
[2025-05-22T00:01:13.724+0000] {logging_mixin.py:190} INFO - 💌message is sending....
[2025-05-22T00:01:13.775+0000] {logging_mixin.py:190} INFO - 💌message is sending....
[2025-05-22T00:01:13.826+0000] {logging_mixin.py:190} INFO - 💌message is sending....
[2025-05-22T00:01:13.880+0000] {logging_mixin.py:190} INFO - 💌message is sending....
[2025-05-22T00:01:13.931+0000] {logging_mixin.py:190} INFO - 💌message is sending....
[2025-05-22T00:01:13.983+0000] {logging_mixin.py:190} INFO - 💌message is sending....
[2025-05-22T00:01:14.034+0000] {logging_mixin.py:190} INFO - 💌message is sending....
[2025-05-22T00:01:14.087+0000] {logging_mixin.py:190} INFO - 💌message is sending....
[2025-05-22T00:01:14.138+0000] {logging_mixin.py:190} INFO - 💌message is sending....
[2025-05-22T00:01:14.189+0000] {logging_mixin.py:190} INFO - 💌message is sending....
[2025-05-22T00:01:14.241+0000] {logging_mixin.py:190} INFO - 💌message is sending....
[2025-05-22T00:01:14.292+0000] {logging_mixin.py:190} INFO - 💌message is sending....
[2025-05-22T00:01:14.345+0000] {logging_mixin.py:190} INFO - 💌message is sending....
[2025-05-22T00:01:14.401+0000] {logging_mixin.py:190} INFO - 💌message is sending....
[2025-05-22T00:01:14.454+0000] {logging_mixin.py:190} INFO - 💌message is sending....
[2025-05-22T00:01:14.510+0000] {logging_mixin.py:190} INFO - 💌message is sending....
[2025-05-22T00:01:14.569+0000] {logging_mixin.py:190} INFO - 💌message is sending....
[2025-05-22T00:01:14.625+0000] {logging_mixin.py:190} INFO - 💌message is sending....
[2025-05-22T00:01:14.682+0000] {logging_mixin.py:190} INFO - 💌message is sending....
[2025-05-22T00:01:14.739+0000] {logging_mixin.py:190} INFO - 💌message is sending....
[2025-05-22T00:01:14.795+0000] {logging_mixin.py:190} INFO - 💌message is sending....
[2025-05-22T00:01:14.850+0000] {logging_mixin.py:190} INFO - 💌message is sending....
[2025-05-22T00:01:14.905+0000] {logging_mixin.py:190} INFO - 💌message is sending....
[2025-05-22T00:01:14.963+0000] {logging_mixin.py:190} INFO - 💌message is sending....
[2025-05-22T00:01:15.015+0000] {logging_mixin.py:190} INFO - 💌message is sending....
[2025-05-22T00:01:15.075+0000] {logging_mixin.py:190} INFO - 💌message is sending....
[2025-05-22T00:01:15.129+0000] {logging_mixin.py:190} INFO - 💌message is sending....
[2025-05-22T00:01:15.183+0000] {logging_mixin.py:190} INFO - 💌message is sending....
[2025-05-22T00:01:15.241+0000] {logging_mixin.py:190} INFO - 💌message is sending....
[2025-05-22T00:01:15.295+0000] {logging_mixin.py:190} INFO - 💌message is sending....
[2025-05-22T00:01:15.352+0000] {logging_mixin.py:190} INFO - 💌message is sending....
[2025-05-22T00:01:15.409+0000] {logging_mixin.py:190} INFO - 💌message is sending....
[2025-05-22T00:01:15.467+0000] {logging_mixin.py:190} INFO - 💌message is sending....
[2025-05-22T00:01:15.522+0000] {logging_mixin.py:190} INFO - 💌message is sending....
[2025-05-22T00:01:15.577+0000] {logging_mixin.py:190} INFO - 💌message is sending....
[2025-05-22T00:01:15.638+0000] {logging_mixin.py:190} INFO - 💌message is sending....
[2025-05-22T00:01:15.694+0000] {logging_mixin.py:190} INFO - 💌message is sending....
[2025-05-22T00:01:15.754+0000] {logging_mixin.py:190} INFO - 💌message is sending....
[2025-05-22T00:01:15.811+0000] {logging_mixin.py:190} INFO - 💌message is sending....
[2025-05-22T00:01:15.869+0000] {logging_mixin.py:190} INFO - 💌message is sending....
[2025-05-22T00:01:15.926+0000] {logging_mixin.py:190} INFO - 💌message is sending....
[2025-05-22T00:01:15.981+0000] {logging_mixin.py:190} INFO - 💌message is sending....
[2025-05-22T00:01:16.034+0000] {logging_mixin.py:190} INFO - 💌message is sending....
[2025-05-22T00:01:16.087+0000] {logging_mixin.py:190} INFO - 💌message is sending....
[2025-05-22T00:01:16.142+0000] {logging_mixin.py:190} INFO - 💌message is sending....
[2025-05-22T00:01:16.197+0000] {logging_mixin.py:190} INFO - 💌message is sending....
[2025-05-22T00:01:16.252+0000] {logging_mixin.py:190} INFO - 💌message is sending....
[2025-05-22T00:01:16.311+0000] {logging_mixin.py:190} INFO - 💌message is sending....
[2025-05-22T00:01:16.366+0000] {logging_mixin.py:190} INFO - 💌message is sending....
[2025-05-22T00:01:16.424+0000] {logging_mixin.py:190} INFO - 💌message is sending....
[2025-05-22T00:01:16.479+0000] {logging_mixin.py:190} INFO - 💌message is sending....
[2025-05-22T00:01:16.534+0000] {logging_mixin.py:190} INFO - 💌message is sending....
[2025-05-22T00:01:16.591+0000] {logging_mixin.py:190} INFO - 💌message is sending....
[2025-05-22T00:01:16.649+0000] {logging_mixin.py:190} INFO - 💌message is sending....
[2025-05-22T00:01:16.705+0000] {logging_mixin.py:190} INFO - 💌message is sending....
[2025-05-22T00:01:16.761+0000] {logging_mixin.py:190} INFO - 💌message is sending....
[2025-05-22T00:01:16.817+0000] {logging_mixin.py:190} INFO - 💌message is sending....
[2025-05-22T00:01:16.873+0000] {logging_mixin.py:190} INFO - 💌message is sending....
[2025-05-22T00:01:16.930+0000] {logging_mixin.py:190} INFO - 💌message is sending....
[2025-05-22T00:01:16.987+0000] {logging_mixin.py:190} INFO - 💌message is sending....
[2025-05-22T00:01:17.041+0000] {logging_mixin.py:190} INFO - 💌message is sending....
[2025-05-22T00:01:17.093+0000] {logging_mixin.py:190} INFO - 💌message is sending....
[2025-05-22T00:01:17.147+0000] {logging_mixin.py:190} INFO - 💌message is sending....
[2025-05-22T00:01:17.203+0000] {logging_mixin.py:190} INFO - 💌message is sending....
[2025-05-22T00:01:17.258+0000] {logging_mixin.py:190} INFO - 💌message is sending....
[2025-05-22T00:01:17.313+0000] {logging_mixin.py:190} INFO - 💌message is sending....
[2025-05-22T00:01:17.370+0000] {logging_mixin.py:190} INFO - 💌message is sending....
[2025-05-22T00:01:17.426+0000] {logging_mixin.py:190} INFO - 💌message is sending....
[2025-05-22T00:01:17.483+0000] {logging_mixin.py:190} INFO - 💌message is sending....
[2025-05-22T00:01:17.536+0000] {logging_mixin.py:190} INFO - 💌message is sending....
[2025-05-22T00:01:17.587+0000] {logging_mixin.py:190} INFO - 💌message is sending....
[2025-05-22T00:01:17.640+0000] {logging_mixin.py:190} INFO - 💌message is sending....
[2025-05-22T00:01:17.692+0000] {logging_mixin.py:190} INFO - 💌message is sending....
[2025-05-22T00:01:17.747+0000] {logging_mixin.py:190} INFO - 💌message is sending....
[2025-05-22T00:01:17.799+0000] {logging_mixin.py:190} INFO - 💌message is sending....
[2025-05-22T00:01:17.852+0000] {logging_mixin.py:190} INFO - 💌message is sending....
[2025-05-22T00:01:17.904+0000] {logging_mixin.py:190} INFO - 💌message is sending....
[2025-05-22T00:01:17.955+0000] {logging_mixin.py:190} INFO - 💌message is sending....
[2025-05-22T00:01:18.006+0000] {logging_mixin.py:190} INFO - 💌message is sending....
[2025-05-22T00:01:18.063+0000] {logging_mixin.py:190} INFO - 💌message is sending....
[2025-05-22T00:01:18.118+0000] {logging_mixin.py:190} INFO - 💌message is sending....
[2025-05-22T00:01:18.177+0000] {logging_mixin.py:190} INFO - 💌message is sending....
[2025-05-22T00:01:18.228+0000] {logging_mixin.py:190} INFO - 💌message is sending....
[2025-05-22T00:01:18.281+0000] {logging_mixin.py:190} INFO - 💌message is sending....
[2025-05-22T00:01:18.338+0000] {logging_mixin.py:190} INFO - 💌message is sending....
[2025-05-22T00:01:18.389+0000] {logging_mixin.py:190} INFO - 💌message is sending....
[2025-05-22T00:01:18.442+0000] {logging_mixin.py:190} INFO - 💌message is sending....
[2025-05-22T00:01:18.495+0000] {logging_mixin.py:190} INFO - 💌message is sending....
[2025-05-22T00:01:18.547+0000] {logging_mixin.py:190} INFO - 💌message is sending....
[2025-05-22T00:01:18.600+0000] {logging_mixin.py:190} INFO - 💌message is sending....
[2025-05-22T00:01:18.658+0000] {logging_mixin.py:190} INFO - 💌message is sending....
[2025-05-22T00:01:18.715+0000] {logging_mixin.py:190} INFO - 💌message is sending....
[2025-05-22T00:01:18.773+0000] {logging_mixin.py:190} INFO - 💌message is sending....
[2025-05-22T00:01:18.828+0000] {logging_mixin.py:190} INFO - 💌message is sending....
[2025-05-22T00:01:18.884+0000] {logging_mixin.py:190} INFO - 💌message is sending....
[2025-05-22T00:01:18.940+0000] {logging_mixin.py:190} INFO - 💌message is sending....
[2025-05-22T00:01:18.995+0000] {logging_mixin.py:190} INFO - 💌message is sending....
[2025-05-22T00:01:19.049+0000] {logging_mixin.py:190} INFO - 💌message is sending....
[2025-05-22T00:01:19.102+0000] {logging_mixin.py:190} INFO - 💌message is sending....
[2025-05-22T00:01:19.155+0000] {logging_mixin.py:190} INFO - 💌message is sending....
[2025-05-22T00:01:19.210+0000] {logging_mixin.py:190} INFO - 💌message is sending....
[2025-05-22T00:01:19.265+0000] {logging_mixin.py:190} INFO - 💌message is sending....
[2025-05-22T00:01:19.321+0000] {logging_mixin.py:190} INFO - 💌message is sending....
[2025-05-22T00:01:19.375+0000] {logging_mixin.py:190} INFO - 💌message is sending....
[2025-05-22T00:01:19.432+0000] {logging_mixin.py:190} INFO - 💌message is sending....
[2025-05-22T00:01:19.488+0000] {logging_mixin.py:190} INFO - 💌message is sending....
[2025-05-22T00:01:19.543+0000] {logging_mixin.py:190} INFO - 💌message is sending....
[2025-05-22T00:01:19.598+0000] {logging_mixin.py:190} INFO - 💌message is sending....
[2025-05-22T00:01:19.653+0000] {logging_mixin.py:190} INFO - 💌message is sending....
[2025-05-22T00:01:19.705+0000] {logging_mixin.py:190} INFO - 💌message is sending....
[2025-05-22T00:01:19.757+0000] {logging_mixin.py:190} INFO - 💌message is sending....
[2025-05-22T00:01:19.820+0000] {logging_mixin.py:190} INFO - 💌message is sending....
[2025-05-22T00:01:19.876+0000] {logging_mixin.py:190} INFO - 💌message is sending....
[2025-05-22T00:01:19.931+0000] {logging_mixin.py:190} INFO - 💌message is sending....
[2025-05-22T00:01:19.987+0000] {logging_mixin.py:190} INFO - 💌message is sending....
[2025-05-22T00:01:20.040+0000] {logging_mixin.py:190} INFO - 💌message is sending....
[2025-05-22T00:01:20.093+0000] {logging_mixin.py:190} INFO - 💌message is sending....
[2025-05-22T00:01:20.147+0000] {logging_mixin.py:190} INFO - 💌message is sending....
[2025-05-22T00:01:20.202+0000] {logging_mixin.py:190} INFO - 💌message is sending....
[2025-05-22T00:01:20.257+0000] {logging_mixin.py:190} INFO - 💌message is sending....
[2025-05-22T00:01:20.310+0000] {logging_mixin.py:190} INFO - 💌message is sending....
[2025-05-22T00:01:20.370+0000] {logging_mixin.py:190} INFO - 💌message is sending....
[2025-05-22T00:01:20.426+0000] {logging_mixin.py:190} INFO - 💌message is sending....
[2025-05-22T00:01:20.481+0000] {logging_mixin.py:190} INFO - 💌message is sending....
[2025-05-22T00:01:20.537+0000] {logging_mixin.py:190} INFO - 💌message is sending....
[2025-05-22T00:01:20.594+0000] {logging_mixin.py:190} INFO - 💌message is sending....
[2025-05-22T00:01:20.648+0000] {logging_mixin.py:190} INFO - 💌message is sending....
[2025-05-22T00:01:20.703+0000] {logging_mixin.py:190} INFO - 💌message is sending....
[2025-05-22T00:01:20.758+0000] {logging_mixin.py:190} INFO - 💌message is sending....
[2025-05-22T00:01:20.814+0000] {logging_mixin.py:190} INFO - 💌message is sending....
[2025-05-22T00:01:20.872+0000] {logging_mixin.py:190} INFO - 💌message is sending....
[2025-05-22T00:01:20.930+0000] {logging_mixin.py:190} INFO - 💌message is sending....
[2025-05-22T00:01:20.985+0000] {logging_mixin.py:190} INFO - 💌message is sending....
[2025-05-22T00:01:21.041+0000] {logging_mixin.py:190} INFO - 💌message is sending....
[2025-05-22T00:01:21.096+0000] {logging_mixin.py:190} INFO - 💌message is sending....
[2025-05-22T00:01:21.150+0000] {logging_mixin.py:190} INFO - 💌message is sending....
[2025-05-22T00:01:21.204+0000] {logging_mixin.py:190} INFO - 💌message is sending....
[2025-05-22T00:01:21.258+0000] {logging_mixin.py:190} INFO - 💌message is sending....
[2025-05-22T00:01:21.316+0000] {logging_mixin.py:190} INFO - 💌message is sending....
[2025-05-22T00:01:21.373+0000] {logging_mixin.py:190} INFO - 💌message is sending....
[2025-05-22T00:01:21.429+0000] {logging_mixin.py:190} INFO - 💌message is sending....
[2025-05-22T00:01:21.485+0000] {logging_mixin.py:190} INFO - 💌message is sending....
[2025-05-22T00:01:21.542+0000] {logging_mixin.py:190} INFO - 💌message is sending....
[2025-05-22T00:01:21.598+0000] {logging_mixin.py:190} INFO - 💌message is sending....
[2025-05-22T00:01:21.654+0000] {logging_mixin.py:190} INFO - 💌message is sending....
[2025-05-22T00:01:21.708+0000] {logging_mixin.py:190} INFO - 💌message is sending....
[2025-05-22T00:01:21.762+0000] {logging_mixin.py:190} INFO - 💌message is sending....
[2025-05-22T00:01:21.818+0000] {logging_mixin.py:190} INFO - 💌message is sending....
[2025-05-22T00:01:21.874+0000] {logging_mixin.py:190} INFO - 💌message is sending....
[2025-05-22T00:01:21.929+0000] {logging_mixin.py:190} INFO - 💌message is sending....
[2025-05-22T00:01:21.984+0000] {logging_mixin.py:190} INFO - 💌message is sending....
[2025-05-22T00:01:22.039+0000] {logging_mixin.py:190} INFO - 💌message is sending....
[2025-05-22T00:01:22.094+0000] {logging_mixin.py:190} INFO - 💌message is sending....
[2025-05-22T00:01:22.150+0000] {logging_mixin.py:190} INFO - 💌message is sending....
[2025-05-22T00:01:22.205+0000] {logging_mixin.py:190} INFO - 💌message is sending....
[2025-05-22T00:01:22.263+0000] {logging_mixin.py:190} INFO - 💌message is sending....
[2025-05-22T00:01:22.317+0000] {logging_mixin.py:190} INFO - 💌message is sending....
[2025-05-22T00:01:22.372+0000] {logging_mixin.py:190} INFO - 💌message is sending....
[2025-05-22T00:01:22.425+0000] {logging_mixin.py:190} INFO - 💌message is sending....
[2025-05-22T00:01:22.480+0000] {logging_mixin.py:190} INFO - 💌message is sending....
[2025-05-22T00:01:22.536+0000] {logging_mixin.py:190} INFO - 💌message is sending....
[2025-05-22T00:01:22.593+0000] {logging_mixin.py:190} INFO - 💌message is sending....
[2025-05-22T00:01:22.648+0000] {logging_mixin.py:190} INFO - 💌message is sending....
[2025-05-22T00:01:22.703+0000] {logging_mixin.py:190} INFO - 💌message is sending....
[2025-05-22T00:01:22.758+0000] {logging_mixin.py:190} INFO - 💌message is sending....
[2025-05-22T00:01:22.815+0000] {logging_mixin.py:190} INFO - 💌message is sending....
[2025-05-22T00:01:22.870+0000] {logging_mixin.py:190} INFO - 💌message is sending....
[2025-05-22T00:01:22.924+0000] {logging_mixin.py:190} INFO - 💌message is sending....
[2025-05-22T00:01:22.977+0000] {logging_mixin.py:190} INFO - 💌message is sending....
[2025-05-22T00:01:23.029+0000] {logging_mixin.py:190} INFO - 💌message is sending....
[2025-05-22T00:01:23.085+0000] {logging_mixin.py:190} INFO - 💌message is sending....
[2025-05-22T00:01:23.141+0000] {logging_mixin.py:190} INFO - 💌message is sending....
[2025-05-22T00:01:23.197+0000] {logging_mixin.py:190} INFO - 💌message is sending....
[2025-05-22T00:01:23.254+0000] {logging_mixin.py:190} INFO - 💌message is sending....
[2025-05-22T00:01:23.313+0000] {logging_mixin.py:190} INFO - 💌message is sending....
[2025-05-22T00:01:23.369+0000] {logging_mixin.py:190} INFO - 💌message is sending....
[2025-05-22T00:01:23.423+0000] {logging_mixin.py:190} INFO - 💌message is sending....
[2025-05-22T00:01:23.478+0000] {logging_mixin.py:190} INFO - 💌message is sending....
[2025-05-22T00:01:23.532+0000] {logging_mixin.py:190} INFO - 💌message is sending....
[2025-05-22T00:01:23.588+0000] {logging_mixin.py:190} INFO - 💌message is sending....
[2025-05-22T00:01:23.644+0000] {logging_mixin.py:190} INFO - 💌message is sending....
[2025-05-22T00:01:23.700+0000] {logging_mixin.py:190} INFO - 💌message is sending....
[2025-05-22T00:01:23.755+0000] {logging_mixin.py:190} INFO - 💌message is sending....
[2025-05-22T00:01:23.811+0000] {logging_mixin.py:190} INFO - 💌message is sending....
[2025-05-22T00:01:23.874+0000] {logging_mixin.py:190} INFO - 💌message is sending....
[2025-05-22T00:01:23.928+0000] {logging_mixin.py:190} INFO - 💌message is sending....
[2025-05-22T00:01:23.982+0000] {logging_mixin.py:190} INFO - 💌message is sending....
[2025-05-22T00:01:24.034+0000] {logging_mixin.py:190} INFO - 💌message is sending....
[2025-05-22T00:01:24.087+0000] {logging_mixin.py:190} INFO - 💌message is sending....
[2025-05-22T00:01:24.142+0000] {logging_mixin.py:190} INFO - 💌message is sending....
[2025-05-22T00:01:24.199+0000] {logging_mixin.py:190} INFO - 💌message is sending....
[2025-05-22T00:01:24.255+0000] {logging_mixin.py:190} INFO - 💌message is sending....
[2025-05-22T00:01:24.316+0000] {logging_mixin.py:190} INFO - 💌message is sending....
[2025-05-22T00:01:24.370+0000] {logging_mixin.py:190} INFO - 💌message is sending....
[2025-05-22T00:01:24.424+0000] {logging_mixin.py:190} INFO - 💌message is sending....
[2025-05-22T00:01:24.479+0000] {logging_mixin.py:190} INFO - 💌message is sending....
[2025-05-22T00:01:24.535+0000] {logging_mixin.py:190} INFO - 💌message is sending....
[2025-05-22T00:01:24.590+0000] {logging_mixin.py:190} INFO - 💌message is sending....
[2025-05-22T00:01:24.646+0000] {logging_mixin.py:190} INFO - 💌message is sending....
[2025-05-22T00:01:24.701+0000] {logging_mixin.py:190} INFO - 💌message is sending....
[2025-05-22T00:01:24.758+0000] {logging_mixin.py:190} INFO - 💌message is sending....
[2025-05-22T00:01:24.813+0000] {logging_mixin.py:190} INFO - 💌message is sending....
[2025-05-22T00:01:24.868+0000] {logging_mixin.py:190} INFO - 💌message is sending....
[2025-05-22T00:01:24.921+0000] {logging_mixin.py:190} INFO - 💌message is sending....
[2025-05-22T00:01:24.975+0000] {logging_mixin.py:190} INFO - 💌message is sending....
[2025-05-22T00:01:25.028+0000] {logging_mixin.py:190} INFO - 💌message is sending....
[2025-05-22T00:01:25.081+0000] {logging_mixin.py:190} INFO - 💌message is sending....
[2025-05-22T00:01:25.134+0000] {logging_mixin.py:190} INFO - 💌message is sending....
[2025-05-22T00:01:25.187+0000] {logging_mixin.py:190} INFO - 💌message is sending....
[2025-05-22T00:01:25.241+0000] {logging_mixin.py:190} INFO - 💌message is sending....
[2025-05-22T00:01:25.298+0000] {logging_mixin.py:190} INFO - 💌message is sending....
[2025-05-22T00:01:25.352+0000] {logging_mixin.py:190} INFO - 💌message is sending....
[2025-05-22T00:01:25.407+0000] {logging_mixin.py:190} INFO - 💌message is sending....
[2025-05-22T00:01:25.462+0000] {logging_mixin.py:190} INFO - 💌message is sending....
[2025-05-22T00:01:25.517+0000] {logging_mixin.py:190} INFO - 💌message is sending....
[2025-05-22T00:01:25.574+0000] {logging_mixin.py:190} INFO - 💌message is sending....
[2025-05-22T00:01:25.632+0000] {logging_mixin.py:190} INFO - 💌message is sending....
[2025-05-22T00:01:25.689+0000] {logging_mixin.py:190} INFO - 💌message is sending....
[2025-05-22T00:01:25.744+0000] {logging_mixin.py:190} INFO - 💌message is sending....
[2025-05-22T00:01:25.801+0000] {logging_mixin.py:190} INFO - 💌message is sending....
[2025-05-22T00:01:25.856+0000] {logging_mixin.py:190} INFO - 💌message is sending....
[2025-05-22T00:01:25.910+0000] {logging_mixin.py:190} INFO - 💌message is sending....
[2025-05-22T00:01:25.965+0000] {logging_mixin.py:190} INFO - 💌message is sending....
[2025-05-22T00:01:26.019+0000] {logging_mixin.py:190} INFO - 💌message is sending....
[2025-05-22T00:01:26.074+0000] {logging_mixin.py:190} INFO - 💌message is sending....
[2025-05-22T00:01:26.128+0000] {logging_mixin.py:190} INFO - 💌message is sending....
[2025-05-22T00:01:26.184+0000] {logging_mixin.py:190} INFO - 💌message is sending....
[2025-05-22T00:01:26.238+0000] {logging_mixin.py:190} INFO - 💌message is sending....
[2025-05-22T00:01:26.293+0000] {logging_mixin.py:190} INFO - 💌message is sending....
[2025-05-22T00:01:26.349+0000] {logging_mixin.py:190} INFO - 💌message is sending....
[2025-05-22T00:01:26.404+0000] {logging_mixin.py:190} INFO - 💌message is sending....
[2025-05-22T00:01:26.460+0000] {logging_mixin.py:190} INFO - 💌message is sending....
[2025-05-22T00:01:26.517+0000] {logging_mixin.py:190} INFO - 💌message is sending....
[2025-05-22T00:01:26.572+0000] {logging_mixin.py:190} INFO - 💌message is sending....
[2025-05-22T00:01:26.627+0000] {logging_mixin.py:190} INFO - 💌message is sending....
[2025-05-22T00:01:26.683+0000] {logging_mixin.py:190} INFO - 💌message is sending....
[2025-05-22T00:01:26.738+0000] {logging_mixin.py:190} INFO - 💌message is sending....
[2025-05-22T00:01:26.792+0000] {logging_mixin.py:190} INFO - 💌message is sending....
[2025-05-22T00:01:26.849+0000] {logging_mixin.py:190} INFO - 💌message is sending....
[2025-05-22T00:01:26.904+0000] {logging_mixin.py:190} INFO - 💌message is sending....
[2025-05-22T00:01:26.960+0000] {logging_mixin.py:190} INFO - 💌message is sending....
[2025-05-22T00:01:27.022+0000] {logging_mixin.py:190} INFO - 💌message is sending....
[2025-05-22T00:01:27.079+0000] {logging_mixin.py:190} INFO - 💌message is sending....
[2025-05-22T00:01:27.133+0000] {logging_mixin.py:190} INFO - 💌message is sending....
[2025-05-22T00:01:27.189+0000] {logging_mixin.py:190} INFO - 💌message is sending....
[2025-05-22T00:01:27.246+0000] {logging_mixin.py:190} INFO - 💌message is sending....
[2025-05-22T00:01:27.303+0000] {logging_mixin.py:190} INFO - 💌message is sending....
[2025-05-22T00:01:27.358+0000] {logging_mixin.py:190} INFO - 💌message is sending....
[2025-05-22T00:01:27.414+0000] {logging_mixin.py:190} INFO - 💌message is sending....
[2025-05-22T00:01:27.468+0000] {logging_mixin.py:190} INFO - 💌message is sending....
[2025-05-22T00:01:27.523+0000] {logging_mixin.py:190} INFO - 💌message is sending....
[2025-05-22T00:01:27.579+0000] {logging_mixin.py:190} INFO - 💌message is sending....
[2025-05-22T00:01:27.635+0000] {logging_mixin.py:190} INFO - 💌message is sending....
[2025-05-22T00:01:27.692+0000] {logging_mixin.py:190} INFO - 💌message is sending....
[2025-05-22T00:01:27.750+0000] {logging_mixin.py:190} INFO - 💌message is sending....
[2025-05-22T00:01:27.808+0000] {logging_mixin.py:190} INFO - 💌message is sending....
[2025-05-22T00:01:27.865+0000] {logging_mixin.py:190} INFO - 💌message is sending....
[2025-05-22T00:01:27.922+0000] {logging_mixin.py:190} INFO - 💌message is sending....
[2025-05-22T00:01:27.975+0000] {logging_mixin.py:190} INFO - 💌message is sending....
[2025-05-22T00:01:28.029+0000] {logging_mixin.py:190} INFO - 💌message is sending....
[2025-05-22T00:01:28.084+0000] {logging_mixin.py:190} INFO - 💌message is sending....
[2025-05-22T00:01:28.141+0000] {logging_mixin.py:190} INFO - 💌message is sending....
[2025-05-22T00:01:28.204+0000] {logging_mixin.py:190} INFO - 💌message is sending....
[2025-05-22T00:01:28.260+0000] {logging_mixin.py:190} INFO - 💌message is sending....
[2025-05-22T00:01:28.319+0000] {logging_mixin.py:190} INFO - 💌message is sending....
[2025-05-22T00:01:28.375+0000] {logging_mixin.py:190} INFO - 💌message is sending....
[2025-05-22T00:01:28.431+0000] {logging_mixin.py:190} INFO - 💌message is sending....
[2025-05-22T00:01:28.487+0000] {logging_mixin.py:190} INFO - 💌message is sending....
[2025-05-22T00:01:28.540+0000] {logging_mixin.py:190} INFO - 💌message is sending....
[2025-05-22T00:01:28.594+0000] {logging_mixin.py:190} INFO - 💌message is sending....
[2025-05-22T00:01:28.647+0000] {logging_mixin.py:190} INFO - 💌message is sending....
[2025-05-22T00:01:28.702+0000] {logging_mixin.py:190} INFO - 💌message is sending....
[2025-05-22T00:01:28.757+0000] {logging_mixin.py:190} INFO - 💌message is sending....
[2025-05-22T00:01:28.811+0000] {logging_mixin.py:190} INFO - 💌message is sending....
[2025-05-22T00:01:28.866+0000] {logging_mixin.py:190} INFO - 💌message is sending....
[2025-05-22T00:01:28.926+0000] {logging_mixin.py:190} INFO - 💌message is sending....
[2025-05-22T00:01:28.985+0000] {logging_mixin.py:190} INFO - 💌message is sending....
[2025-05-22T00:01:29.041+0000] {logging_mixin.py:190} INFO - 💌message is sending....
[2025-05-22T00:01:29.095+0000] {logging_mixin.py:190} INFO - 💌message is sending....
[2025-05-22T00:01:29.148+0000] {logging_mixin.py:190} INFO - 💌message is sending....
[2025-05-22T00:01:29.205+0000] {logging_mixin.py:190} INFO - 💌message is sending....
[2025-05-22T00:01:29.260+0000] {logging_mixin.py:190} INFO - 💌message is sending....
[2025-05-22T00:01:29.316+0000] {logging_mixin.py:190} INFO - 💌message is sending....
[2025-05-22T00:01:29.373+0000] {logging_mixin.py:190} INFO - 💌message is sending....
[2025-05-22T00:01:29.429+0000] {logging_mixin.py:190} INFO - 💌message is sending....
[2025-05-22T00:01:29.484+0000] {logging_mixin.py:190} INFO - 💌message is sending....
[2025-05-22T00:01:29.541+0000] {logging_mixin.py:190} INFO - 💌message is sending....
[2025-05-22T00:01:29.600+0000] {logging_mixin.py:190} INFO - 💌message is sending....
[2025-05-22T00:01:29.655+0000] {logging_mixin.py:190} INFO - 💌message is sending....
[2025-05-22T00:01:29.712+0000] {logging_mixin.py:190} INFO - 💌message is sending....
[2025-05-22T00:01:29.765+0000] {logging_mixin.py:190} INFO - 💌message is sending....
[2025-05-22T00:01:29.818+0000] {logging_mixin.py:190} INFO - 💌message is sending....
[2025-05-22T00:01:29.870+0000] {logging_mixin.py:190} INFO - 💌message is sending....
[2025-05-22T00:01:29.922+0000] {logging_mixin.py:190} INFO - 💌message is sending....
[2025-05-22T00:01:29.974+0000] {logging_mixin.py:190} INFO - 💌message is sending....
[2025-05-22T00:01:30.026+0000] {logging_mixin.py:190} INFO - 💌message is sending....
[2025-05-22T00:01:30.079+0000] {logging_mixin.py:190} INFO - 💌message is sending....
[2025-05-22T00:01:30.131+0000] {logging_mixin.py:190} INFO - 💌message is sending....
[2025-05-22T00:01:30.185+0000] {logging_mixin.py:190} INFO - 💌message is sending....
[2025-05-22T00:01:30.241+0000] {logging_mixin.py:190} INFO - 💌message is sending....
[2025-05-22T00:01:30.296+0000] {logging_mixin.py:190} INFO - 💌message is sending....
[2025-05-22T00:01:30.351+0000] {logging_mixin.py:190} INFO - 💌message is sending....
[2025-05-22T00:01:30.406+0000] {logging_mixin.py:190} INFO - 💌message is sending....
[2025-05-22T00:01:30.463+0000] {logging_mixin.py:190} INFO - 💌message is sending....
[2025-05-22T00:01:30.518+0000] {logging_mixin.py:190} INFO - 💌message is sending....
[2025-05-22T00:01:30.570+0000] {logging_mixin.py:190} INFO - 💌message is sending....
[2025-05-22T00:01:30.622+0000] {logging_mixin.py:190} INFO - 💌message is sending....
[2025-05-22T00:01:30.675+0000] {logging_mixin.py:190} INFO - 💌message is sending....
[2025-05-22T00:01:30.727+0000] {logging_mixin.py:190} INFO - 💌message is sending....
[2025-05-22T00:01:30.778+0000] {logging_mixin.py:190} INFO - 💌message is sending....
[2025-05-22T00:01:30.832+0000] {logging_mixin.py:190} INFO - 💌message is sending....
[2025-05-22T00:01:30.889+0000] {logging_mixin.py:190} INFO - 💌message is sending....
[2025-05-22T00:01:30.940+0000] {logging_mixin.py:190} INFO - 💌message is sending....
[2025-05-22T00:01:30.993+0000] {logging_mixin.py:190} INFO - 💌message is sending....
[2025-05-22T00:01:31.048+0000] {logging_mixin.py:190} INFO - 💌message is sending....
[2025-05-22T00:01:31.103+0000] {logging_mixin.py:190} INFO - 💌message is sending....
[2025-05-22T00:01:31.156+0000] {logging_mixin.py:190} INFO - 💌message is sending....
[2025-05-22T00:01:31.214+0000] {logging_mixin.py:190} INFO - 💌message is sending....
[2025-05-22T00:01:31.267+0000] {logging_mixin.py:190} INFO - 💌message is sending....
[2025-05-22T00:01:31.320+0000] {logging_mixin.py:190} INFO - 💌message is sending....
[2025-05-22T00:01:31.373+0000] {logging_mixin.py:190} INFO - 💌message is sending....
[2025-05-22T00:01:31.427+0000] {logging_mixin.py:190} INFO - 💌message is sending....
[2025-05-22T00:01:31.481+0000] {logging_mixin.py:190} INFO - 💌message is sending....
[2025-05-22T00:01:31.533+0000] {logging_mixin.py:190} INFO - 💌message is sending....
[2025-05-22T00:01:31.586+0000] {logging_mixin.py:190} INFO - 💌message is sending....
[2025-05-22T00:01:31.640+0000] {logging_mixin.py:190} INFO - 💌message is sending....
[2025-05-22T00:01:31.693+0000] {logging_mixin.py:190} INFO - 💌message is sending....
[2025-05-22T00:01:31.746+0000] {logging_mixin.py:190} INFO - 💌message is sending....
[2025-05-22T00:01:31.801+0000] {logging_mixin.py:190} INFO - 💌message is sending....
[2025-05-22T00:01:31.857+0000] {logging_mixin.py:190} INFO - 💌message is sending....
[2025-05-22T00:01:31.916+0000] {logging_mixin.py:190} INFO - 💌message is sending....
[2025-05-22T00:01:31.972+0000] {logging_mixin.py:190} INFO - 💌message is sending....
[2025-05-22T00:01:32.029+0000] {logging_mixin.py:190} INFO - 💌message is sending....
[2025-05-22T00:01:32.087+0000] {logging_mixin.py:190} INFO - 💌message is sending....
[2025-05-22T00:01:32.142+0000] {logging_mixin.py:190} INFO - 💌message is sending....
[2025-05-22T00:01:32.197+0000] {logging_mixin.py:190} INFO - 💌message is sending....
[2025-05-22T00:01:32.250+0000] {logging_mixin.py:190} INFO - 💌message is sending....
[2025-05-22T00:01:32.306+0000] {logging_mixin.py:190} INFO - 💌message is sending....
[2025-05-22T00:01:32.365+0000] {logging_mixin.py:190} INFO - 💌message is sending....
[2025-05-22T00:01:32.423+0000] {logging_mixin.py:190} INFO - 💌message is sending....
[2025-05-22T00:01:32.477+0000] {logging_mixin.py:190} INFO - 💌message is sending....
[2025-05-22T00:01:32.530+0000] {logging_mixin.py:190} INFO - 💌message is sending....
[2025-05-22T00:01:32.584+0000] {logging_mixin.py:190} INFO - 💌message is sending....
[2025-05-22T00:01:32.642+0000] {logging_mixin.py:190} INFO - 💌message is sending....
[2025-05-22T00:01:32.700+0000] {logging_mixin.py:190} INFO - 💌message is sending....
[2025-05-22T00:01:32.756+0000] {logging_mixin.py:190} INFO - 💌message is sending....
[2025-05-22T00:01:32.810+0000] {logging_mixin.py:190} INFO - 💌message is sending....
[2025-05-22T00:01:32.866+0000] {logging_mixin.py:190} INFO - 💌message is sending....
[2025-05-22T00:01:32.924+0000] {logging_mixin.py:190} INFO - 💌message is sending....
[2025-05-22T00:01:32.979+0000] {logging_mixin.py:190} INFO - 💌message is sending....
[2025-05-22T00:01:33.033+0000] {logging_mixin.py:190} INFO - 💌message is sending....
[2025-05-22T00:01:33.085+0000] {logging_mixin.py:190} INFO - 💌message is sending....
[2025-05-22T00:01:33.139+0000] {logging_mixin.py:190} INFO - 💌message is sending....
[2025-05-22T00:01:33.195+0000] {logging_mixin.py:190} INFO - 💌message is sending....
[2025-05-22T00:01:33.252+0000] {logging_mixin.py:190} INFO - 💌message is sending....
[2025-05-22T00:01:33.309+0000] {logging_mixin.py:190} INFO - 💌message is sending....
[2025-05-22T00:01:33.366+0000] {logging_mixin.py:190} INFO - 💌message is sending....
[2025-05-22T00:01:33.422+0000] {logging_mixin.py:190} INFO - 💌message is sending....
[2025-05-22T00:01:33.483+0000] {logging_mixin.py:190} INFO - 💌message is sending....
[2025-05-22T00:01:33.542+0000] {logging_mixin.py:190} INFO - 💌message is sending....
[2025-05-22T00:01:33.597+0000] {logging_mixin.py:190} INFO - 💌message is sending....
[2025-05-22T00:01:33.654+0000] {logging_mixin.py:190} INFO - 💌message is sending....
[2025-05-22T00:01:33.711+0000] {logging_mixin.py:190} INFO - 💌message is sending....
[2025-05-22T00:01:33.769+0000] {logging_mixin.py:190} INFO - 💌message is sending....
[2025-05-22T00:01:33.824+0000] {logging_mixin.py:190} INFO - 💌message is sending....
[2025-05-22T00:01:33.881+0000] {logging_mixin.py:190} INFO - 💌message is sending....
[2025-05-22T00:01:33.936+0000] {logging_mixin.py:190} INFO - 💌message is sending....
[2025-05-22T00:01:33.990+0000] {logging_mixin.py:190} INFO - 💌message is sending....
[2025-05-22T00:01:34.047+0000] {logging_mixin.py:190} INFO - 💌message is sending....
[2025-05-22T00:01:34.101+0000] {logging_mixin.py:190} INFO - 💌message is sending....
[2025-05-22T00:01:34.158+0000] {logging_mixin.py:190} INFO - 💌message is sending....
[2025-05-22T00:01:34.212+0000] {logging_mixin.py:190} INFO - 💌message is sending....
[2025-05-22T00:01:34.267+0000] {logging_mixin.py:190} INFO - 💌message is sending....
[2025-05-22T00:01:34.322+0000] {logging_mixin.py:190} INFO - 💌message is sending....
[2025-05-22T00:01:34.379+0000] {logging_mixin.py:190} INFO - 💌message is sending....
[2025-05-22T00:01:34.431+0000] {logging_mixin.py:190} INFO - 💌message is sending....
[2025-05-22T00:01:34.483+0000] {logging_mixin.py:190} INFO - 💌message is sending....
[2025-05-22T00:01:34.536+0000] {logging_mixin.py:190} INFO - 💌message is sending....
[2025-05-22T00:01:34.590+0000] {logging_mixin.py:190} INFO - 💌message is sending....
[2025-05-22T00:01:34.642+0000] {logging_mixin.py:190} INFO - 💌message is sending....
[2025-05-22T00:01:34.694+0000] {logging_mixin.py:190} INFO - 💌message is sending....
[2025-05-22T00:01:34.748+0000] {logging_mixin.py:190} INFO - 💌message is sending....
[2025-05-22T00:01:34.802+0000] {logging_mixin.py:190} INFO - 💌message is sending....
[2025-05-22T00:01:34.859+0000] {logging_mixin.py:190} INFO - 💌message is sending....
[2025-05-22T00:01:34.918+0000] {logging_mixin.py:190} INFO - 💌message is sending....
[2025-05-22T00:01:34.974+0000] {logging_mixin.py:190} INFO - 💌message is sending....
[2025-05-22T00:01:35.030+0000] {logging_mixin.py:190} INFO - 💌message is sending....
[2025-05-22T00:01:35.086+0000] {logging_mixin.py:190} INFO - 💌message is sending....
[2025-05-22T00:01:35.142+0000] {logging_mixin.py:190} INFO - 💌message is sending....
[2025-05-22T00:01:35.200+0000] {logging_mixin.py:190} INFO - 💌message is sending....
[2025-05-22T00:01:35.256+0000] {logging_mixin.py:190} INFO - 💌message is sending....
[2025-05-22T00:01:35.312+0000] {logging_mixin.py:190} INFO - 💌message is sending....
[2025-05-22T00:01:35.369+0000] {logging_mixin.py:190} INFO - 💌message is sending....
[2025-05-22T00:01:35.425+0000] {logging_mixin.py:190} INFO - 💌message is sending....
[2025-05-22T00:01:35.483+0000] {logging_mixin.py:190} INFO - 💌message is sending....
[2025-05-22T00:01:35.537+0000] {logging_mixin.py:190} INFO - 💌message is sending....
[2025-05-22T00:01:35.593+0000] {logging_mixin.py:190} INFO - 💌message is sending....
[2025-05-22T00:01:35.649+0000] {logging_mixin.py:190} INFO - 💌message is sending....
[2025-05-22T00:01:35.704+0000] {logging_mixin.py:190} INFO - 💌message is sending....
[2025-05-22T00:01:35.760+0000] {logging_mixin.py:190} INFO - 💌message is sending....
[2025-05-22T00:01:35.816+0000] {logging_mixin.py:190} INFO - 💌message is sending....
[2025-05-22T00:01:35.871+0000] {logging_mixin.py:190} INFO - 💌message is sending....
[2025-05-22T00:01:35.927+0000] {logging_mixin.py:190} INFO - 💌message is sending....
[2025-05-22T00:01:35.984+0000] {logging_mixin.py:190} INFO - 💌message is sending....
[2025-05-22T00:01:36.040+0000] {logging_mixin.py:190} INFO - 💌message is sending....
[2025-05-22T00:01:36.097+0000] {logging_mixin.py:190} INFO - 💌message is sending....
[2025-05-22T00:01:36.153+0000] {logging_mixin.py:190} INFO - 💌message is sending....
[2025-05-22T00:01:36.208+0000] {logging_mixin.py:190} INFO - 💌message is sending....
[2025-05-22T00:01:36.266+0000] {logging_mixin.py:190} INFO - 💌message is sending....
[2025-05-22T00:01:36.322+0000] {logging_mixin.py:190} INFO - 💌message is sending....
[2025-05-22T00:01:36.378+0000] {logging_mixin.py:190} INFO - 💌message is sending....
[2025-05-22T00:01:36.432+0000] {logging_mixin.py:190} INFO - 💌message is sending....
[2025-05-22T00:01:36.484+0000] {logging_mixin.py:190} INFO - 💌message is sending....
[2025-05-22T00:01:36.538+0000] {logging_mixin.py:190} INFO - 💌message is sending....
[2025-05-22T00:01:36.592+0000] {logging_mixin.py:190} INFO - 💌message is sending....
[2025-05-22T00:01:36.648+0000] {logging_mixin.py:190} INFO - 💌message is sending....
[2025-05-22T00:01:36.704+0000] {logging_mixin.py:190} INFO - 💌message is sending....
[2025-05-22T00:01:36.758+0000] {logging_mixin.py:190} INFO - 💌message is sending....
[2025-05-22T00:01:36.810+0000] {logging_mixin.py:190} INFO - 💌message is sending....
[2025-05-22T00:01:36.862+0000] {logging_mixin.py:190} INFO - 💌message is sending....
[2025-05-22T00:01:36.916+0000] {logging_mixin.py:190} INFO - 💌message is sending....
[2025-05-22T00:01:36.967+0000] {logging_mixin.py:190} INFO - 💌message is sending....
[2025-05-22T00:01:37.019+0000] {logging_mixin.py:190} INFO - 💌message is sending....
[2025-05-22T00:01:37.071+0000] {logging_mixin.py:190} INFO - 💌message is sending....
[2025-05-22T00:01:37.128+0000] {logging_mixin.py:190} INFO - 💌message is sending....
[2025-05-22T00:01:37.180+0000] {logging_mixin.py:190} INFO - 💌message is sending....
[2025-05-22T00:01:37.231+0000] {logging_mixin.py:190} INFO - 💌message is sending....
[2025-05-22T00:01:37.284+0000] {logging_mixin.py:190} INFO - 💌message is sending....
[2025-05-22T00:01:37.341+0000] {logging_mixin.py:190} INFO - 💌message is sending....
[2025-05-22T00:01:37.398+0000] {logging_mixin.py:190} INFO - 💌message is sending....
[2025-05-22T00:01:37.456+0000] {logging_mixin.py:190} INFO - 💌message is sending....
[2025-05-22T00:01:37.509+0000] {logging_mixin.py:190} INFO - 💌message is sending....
[2025-05-22T00:01:37.563+0000] {logging_mixin.py:190} INFO - 💌message is sending....
[2025-05-22T00:01:37.616+0000] {logging_mixin.py:190} INFO - 💌message is sending....
[2025-05-22T00:01:37.669+0000] {logging_mixin.py:190} INFO - 💌message is sending....
[2025-05-22T00:01:37.722+0000] {logging_mixin.py:190} INFO - 💌message is sending....
[2025-05-22T00:01:37.777+0000] {logging_mixin.py:190} INFO - 💌message is sending....
[2025-05-22T00:01:37.833+0000] {logging_mixin.py:190} INFO - 💌message is sending....
[2025-05-22T00:01:37.890+0000] {logging_mixin.py:190} INFO - 💌message is sending....
[2025-05-22T00:01:37.946+0000] {logging_mixin.py:190} INFO - 💌message is sending....
[2025-05-22T00:01:38.003+0000] {logging_mixin.py:190} INFO - 💌message is sending....
[2025-05-22T00:01:38.059+0000] {logging_mixin.py:190} INFO - 💌message is sending....
[2025-05-22T00:01:38.114+0000] {logging_mixin.py:190} INFO - 💌message is sending....
[2025-05-22T00:01:38.167+0000] {logging_mixin.py:190} INFO - 💌message is sending....
[2025-05-22T00:01:38.222+0000] {logging_mixin.py:190} INFO - 💌message is sending....
[2025-05-22T00:01:38.276+0000] {logging_mixin.py:190} INFO - 💌message is sending....
[2025-05-22T00:01:38.333+0000] {logging_mixin.py:190} INFO - 💌message is sending....
[2025-05-22T00:01:38.392+0000] {logging_mixin.py:190} INFO - 💌message is sending....
[2025-05-22T00:01:38.448+0000] {logging_mixin.py:190} INFO - 💌message is sending....
[2025-05-22T00:01:38.503+0000] {logging_mixin.py:190} INFO - 💌message is sending....
[2025-05-22T00:01:38.559+0000] {logging_mixin.py:190} INFO - 💌message is sending....
[2025-05-22T00:01:38.615+0000] {logging_mixin.py:190} INFO - 💌message is sending....
[2025-05-22T00:01:38.673+0000] {logging_mixin.py:190} INFO - 💌message is sending....
[2025-05-22T00:01:38.728+0000] {logging_mixin.py:190} INFO - 💌message is sending....
[2025-05-22T00:01:38.783+0000] {logging_mixin.py:190} INFO - 💌message is sending....
[2025-05-22T00:01:38.839+0000] {logging_mixin.py:190} INFO - 💌message is sending....
[2025-05-22T00:01:38.894+0000] {logging_mixin.py:190} INFO - 💌message is sending....
[2025-05-22T00:01:38.950+0000] {logging_mixin.py:190} INFO - 💌message is sending....
[2025-05-22T00:01:39.006+0000] {logging_mixin.py:190} INFO - 💌message is sending....
[2025-05-22T00:01:39.060+0000] {logging_mixin.py:190} INFO - 💌message is sending....
[2025-05-22T00:01:39.115+0000] {logging_mixin.py:190} INFO - 💌message is sending....
[2025-05-22T00:01:39.172+0000] {logging_mixin.py:190} INFO - 💌message is sending....
[2025-05-22T00:01:39.226+0000] {logging_mixin.py:190} INFO - 💌message is sending....
[2025-05-22T00:01:39.281+0000] {logging_mixin.py:190} INFO - 💌message is sending....
[2025-05-22T00:01:39.338+0000] {logging_mixin.py:190} INFO - 💌message is sending....
[2025-05-22T00:01:39.393+0000] {logging_mixin.py:190} INFO - 💌message is sending....
[2025-05-22T00:01:39.450+0000] {logging_mixin.py:190} INFO - 💌message is sending....
[2025-05-22T00:01:39.506+0000] {logging_mixin.py:190} INFO - 💌message is sending....
[2025-05-22T00:01:39.566+0000] {logging_mixin.py:190} INFO - 💌message is sending....
[2025-05-22T00:01:39.621+0000] {logging_mixin.py:190} INFO - 💌message is sending....
[2025-05-22T00:01:39.680+0000] {logging_mixin.py:190} INFO - 💌message is sending....
[2025-05-22T00:01:39.735+0000] {logging_mixin.py:190} INFO - 💌message is sending....
[2025-05-22T00:01:39.790+0000] {logging_mixin.py:190} INFO - 💌message is sending....
[2025-05-22T00:01:39.846+0000] {logging_mixin.py:190} INFO - 💌message is sending....
[2025-05-22T00:01:39.902+0000] {logging_mixin.py:190} INFO - 💌message is sending....
[2025-05-22T00:01:39.957+0000] {logging_mixin.py:190} INFO - 💌message is sending....
[2025-05-22T00:01:40.012+0000] {logging_mixin.py:190} INFO - 💌message is sending....
[2025-05-22T00:01:40.069+0000] {logging_mixin.py:190} INFO - 💌message is sending....
[2025-05-22T00:01:40.127+0000] {logging_mixin.py:190} INFO - 💌message is sending....
[2025-05-22T00:01:40.180+0000] {logging_mixin.py:190} INFO - 💌message is sending....
[2025-05-22T00:01:40.236+0000] {logging_mixin.py:190} INFO - 💌message is sending....
[2025-05-22T00:01:40.292+0000] {logging_mixin.py:190} INFO - 💌message is sending....
[2025-05-22T00:01:40.349+0000] {logging_mixin.py:190} INFO - 💌message is sending....
[2025-05-22T00:01:40.406+0000] {logging_mixin.py:190} INFO - 💌message is sending....
[2025-05-22T00:01:40.461+0000] {logging_mixin.py:190} INFO - 💌message is sending....
[2025-05-22T00:01:40.515+0000] {logging_mixin.py:190} INFO - 💌message is sending....
[2025-05-22T00:01:40.567+0000] {logging_mixin.py:190} INFO - 💌message is sending....
[2025-05-22T00:01:40.620+0000] {logging_mixin.py:190} INFO - 💌message is sending....
[2025-05-22T00:01:40.672+0000] {logging_mixin.py:190} INFO - 💌message is sending....
[2025-05-22T00:01:40.726+0000] {logging_mixin.py:190} INFO - 💌message is sending....
[2025-05-22T00:01:40.780+0000] {logging_mixin.py:190} INFO - 💌message is sending....
[2025-05-22T00:01:40.835+0000] {logging_mixin.py:190} INFO - 💌message is sending....
[2025-05-22T00:01:40.894+0000] {logging_mixin.py:190} INFO - 💌message is sending....
[2025-05-22T00:01:40.953+0000] {logging_mixin.py:190} INFO - 💌message is sending....
[2025-05-22T00:01:41.009+0000] {logging_mixin.py:190} INFO - 💌message is sending....
[2025-05-22T00:01:41.063+0000] {logging_mixin.py:190} INFO - 💌message is sending....
[2025-05-22T00:01:41.122+0000] {logging_mixin.py:190} INFO - 💌message is sending....
[2025-05-22T00:01:41.177+0000] {logging_mixin.py:190} INFO - 💌message is sending....
[2025-05-22T00:01:41.231+0000] {logging_mixin.py:190} INFO - 💌message is sending....
[2025-05-22T00:01:41.285+0000] {logging_mixin.py:190} INFO - 💌message is sending....
[2025-05-22T00:01:41.340+0000] {logging_mixin.py:190} INFO - 💌message is sending....
[2025-05-22T00:01:41.397+0000] {logging_mixin.py:190} INFO - 💌message is sending....
[2025-05-22T00:01:41.452+0000] {logging_mixin.py:190} INFO - 💌message is sending....
[2025-05-22T00:01:41.509+0000] {logging_mixin.py:190} INFO - 💌message is sending....
[2025-05-22T00:01:41.564+0000] {logging_mixin.py:190} INFO - 💌message is sending....
[2025-05-22T00:01:41.618+0000] {logging_mixin.py:190} INFO - 💌message is sending....
[2025-05-22T00:01:41.675+0000] {logging_mixin.py:190} INFO - 💌message is sending....
[2025-05-22T00:01:41.734+0000] {logging_mixin.py:190} INFO - 💌message is sending....
[2025-05-22T00:01:41.790+0000] {logging_mixin.py:190} INFO - 💌message is sending....
[2025-05-22T00:01:41.846+0000] {logging_mixin.py:190} INFO - 💌message is sending....
[2025-05-22T00:01:41.901+0000] {logging_mixin.py:190} INFO - 💌message is sending....
[2025-05-22T00:01:41.955+0000] {logging_mixin.py:190} INFO - 💌message is sending....
[2025-05-22T00:01:42.010+0000] {logging_mixin.py:190} INFO - 💌message is sending....
[2025-05-22T00:01:42.065+0000] {logging_mixin.py:190} INFO - 💌message is sending....
[2025-05-22T00:01:42.119+0000] {logging_mixin.py:190} INFO - 💌message is sending....
[2025-05-22T00:01:42.174+0000] {logging_mixin.py:190} INFO - 💌message is sending....
[2025-05-22T00:01:42.230+0000] {logging_mixin.py:190} INFO - 💌message is sending....
[2025-05-22T00:01:42.284+0000] {logging_mixin.py:190} INFO - 💌message is sending....
[2025-05-22T00:01:42.340+0000] {logging_mixin.py:190} INFO - 💌message is sending....
[2025-05-22T00:01:42.398+0000] {logging_mixin.py:190} INFO - 💌message is sending....
[2025-05-22T00:01:42.453+0000] {logging_mixin.py:190} INFO - 💌message is sending....
[2025-05-22T00:01:42.507+0000] {logging_mixin.py:190} INFO - 💌message is sending....
[2025-05-22T00:01:42.560+0000] {logging_mixin.py:190} INFO - 💌message is sending....
[2025-05-22T00:01:42.614+0000] {logging_mixin.py:190} INFO - 💌message is sending....
[2025-05-22T00:01:42.674+0000] {logging_mixin.py:190} INFO - 💌message is sending....
[2025-05-22T00:01:42.731+0000] {logging_mixin.py:190} INFO - 💌message is sending....
[2025-05-22T00:01:42.787+0000] {logging_mixin.py:190} INFO - 💌message is sending....
[2025-05-22T00:01:42.842+0000] {logging_mixin.py:190} INFO - 💌message is sending....
[2025-05-22T00:01:42.897+0000] {logging_mixin.py:190} INFO - 💌message is sending....
[2025-05-22T00:01:42.953+0000] {logging_mixin.py:190} INFO - 💌message is sending....
[2025-05-22T00:01:43.009+0000] {logging_mixin.py:190} INFO - 💌message is sending....
[2025-05-22T00:01:43.065+0000] {logging_mixin.py:190} INFO - 💌message is sending....
[2025-05-22T00:01:43.120+0000] {logging_mixin.py:190} INFO - 💌message is sending....
[2025-05-22T00:01:43.176+0000] {logging_mixin.py:190} INFO - 💌message is sending....
[2025-05-22T00:01:43.229+0000] {logging_mixin.py:190} INFO - 💌message is sending....
[2025-05-22T00:01:43.285+0000] {logging_mixin.py:190} INFO - 💌message is sending....
[2025-05-22T00:01:43.343+0000] {logging_mixin.py:190} INFO - 💌message is sending....
[2025-05-22T00:01:43.399+0000] {logging_mixin.py:190} INFO - 💌message is sending....
[2025-05-22T00:01:43.457+0000] {logging_mixin.py:190} INFO - 💌message is sending....
[2025-05-22T00:01:43.512+0000] {logging_mixin.py:190} INFO - 💌message is sending....
[2025-05-22T00:01:43.566+0000] {logging_mixin.py:190} INFO - 💌message is sending....
[2025-05-22T00:01:43.619+0000] {logging_mixin.py:190} INFO - 💌message is sending....
[2025-05-22T00:01:43.671+0000] {logging_mixin.py:190} INFO - 💌message is sending....
[2025-05-22T00:01:43.725+0000] {logging_mixin.py:190} INFO - 💌message is sending....
[2025-05-22T00:01:43.777+0000] {logging_mixin.py:190} INFO - 💌message is sending....
[2025-05-22T00:01:43.831+0000] {logging_mixin.py:190} INFO - 💌message is sending....
[2025-05-22T00:01:43.886+0000] {logging_mixin.py:190} INFO - 💌message is sending....
[2025-05-22T00:01:43.944+0000] {logging_mixin.py:190} INFO - 💌message is sending....
[2025-05-22T00:01:43.999+0000] {logging_mixin.py:190} INFO - 💌message is sending....
[2025-05-22T00:01:44.054+0000] {logging_mixin.py:190} INFO - 💌message is sending....
[2025-05-22T00:01:44.110+0000] {logging_mixin.py:190} INFO - 💌message is sending....
[2025-05-22T00:01:44.164+0000] {logging_mixin.py:190} INFO - 💌message is sending....
[2025-05-22T00:01:44.220+0000] {logging_mixin.py:190} INFO - 💌message is sending....
[2025-05-22T00:01:44.272+0000] {logging_mixin.py:190} INFO - 💌message is sending....
[2025-05-22T00:01:44.325+0000] {logging_mixin.py:190} INFO - 💌message is sending....
[2025-05-22T00:01:44.377+0000] {logging_mixin.py:190} INFO - 💌message is sending....
[2025-05-22T00:01:44.428+0000] {logging_mixin.py:190} INFO - 💌message is sending....
[2025-05-22T00:01:44.480+0000] {logging_mixin.py:190} INFO - 💌message is sending....
[2025-05-22T00:01:44.531+0000] {logging_mixin.py:190} INFO - 💌message is sending....
[2025-05-22T00:01:44.583+0000] {logging_mixin.py:190} INFO - 💌message is sending....
[2025-05-22T00:01:44.636+0000] {logging_mixin.py:190} INFO - 💌message is sending....
[2025-05-22T00:01:44.687+0000] {logging_mixin.py:190} INFO - 💌message is sending....
[2025-05-22T00:01:44.738+0000] {logging_mixin.py:190} INFO - 💌message is sending....
[2025-05-22T00:01:44.790+0000] {logging_mixin.py:190} INFO - 💌message is sending....
[2025-05-22T00:01:44.842+0000] {logging_mixin.py:190} INFO - 💌message is sending....
[2025-05-22T00:01:44.893+0000] {logging_mixin.py:190} INFO - 💌message is sending....
[2025-05-22T00:01:44.945+0000] {logging_mixin.py:190} INFO - 💌message is sending....
[2025-05-22T00:01:44.997+0000] {logging_mixin.py:190} INFO - 💌message is sending....
[2025-05-22T00:01:45.048+0000] {logging_mixin.py:190} INFO - 💌message is sending....
[2025-05-22T00:01:45.102+0000] {logging_mixin.py:190} INFO - 💌message is sending....
[2025-05-22T00:01:45.153+0000] {logging_mixin.py:190} INFO - 💌message is sending....
[2025-05-22T00:01:45.208+0000] {logging_mixin.py:190} INFO - 💌message is sending....
[2025-05-22T00:01:45.259+0000] {logging_mixin.py:190} INFO - 💌message is sending....
[2025-05-22T00:01:45.310+0000] {logging_mixin.py:190} INFO - 💌message is sending....
[2025-05-22T00:01:45.361+0000] {logging_mixin.py:190} INFO - 💌message is sending....
[2025-05-22T00:01:45.412+0000] {logging_mixin.py:190} INFO - 💌message is sending....
[2025-05-22T00:01:45.463+0000] {logging_mixin.py:190} INFO - 💌message is sending....
[2025-05-22T00:01:45.517+0000] {logging_mixin.py:190} INFO - 💌message is sending....
[2025-05-22T00:01:45.570+0000] {logging_mixin.py:190} INFO - 💌message is sending....
[2025-05-22T00:01:45.622+0000] {logging_mixin.py:190} INFO - 💌message is sending....
[2025-05-22T00:01:45.675+0000] {logging_mixin.py:190} INFO - 💌message is sending....
[2025-05-22T00:01:45.728+0000] {logging_mixin.py:190} INFO - 💌message is sending....
[2025-05-22T00:01:45.784+0000] {logging_mixin.py:190} INFO - 💌message is sending....
[2025-05-22T00:01:45.842+0000] {logging_mixin.py:190} INFO - 💌message is sending....
[2025-05-22T00:01:45.898+0000] {logging_mixin.py:190} INFO - 💌message is sending....
[2025-05-22T00:01:45.954+0000] {logging_mixin.py:190} INFO - 💌message is sending....
[2025-05-22T00:01:46.010+0000] {logging_mixin.py:190} INFO - 💌message is sending....
[2025-05-22T00:01:46.066+0000] {logging_mixin.py:190} INFO - 💌message is sending....
[2025-05-22T00:01:46.121+0000] {logging_mixin.py:190} INFO - 💌message is sending....
[2025-05-22T00:01:46.177+0000] {logging_mixin.py:190} INFO - 💌message is sending....
[2025-05-22T00:01:46.234+0000] {logging_mixin.py:190} INFO - 💌message is sending....
[2025-05-22T00:01:46.292+0000] {logging_mixin.py:190} INFO - 💌message is sending....
[2025-05-22T00:01:46.345+0000] {logging_mixin.py:190} INFO - 💌message is sending....
[2025-05-22T00:01:46.399+0000] {logging_mixin.py:190} INFO - 💌message is sending....
[2025-05-22T00:01:46.454+0000] {logging_mixin.py:190} INFO - 💌message is sending....
[2025-05-22T00:01:46.511+0000] {logging_mixin.py:190} INFO - 💌message is sending....
[2025-05-22T00:01:46.568+0000] {logging_mixin.py:190} INFO - 💌message is sending....
[2025-05-22T00:01:46.630+0000] {logging_mixin.py:190} INFO - 💌message is sending....
[2025-05-22T00:01:46.687+0000] {logging_mixin.py:190} INFO - 💌message is sending....
[2025-05-22T00:01:46.739+0000] {logging_mixin.py:190} INFO - 💌message is sending....
[2025-05-22T00:01:46.793+0000] {logging_mixin.py:190} INFO - 💌message is sending....
[2025-05-22T00:01:46.846+0000] {logging_mixin.py:190} INFO - 💌message is sending....
[2025-05-22T00:01:46.902+0000] {logging_mixin.py:190} INFO - 💌message is sending....
[2025-05-22T00:01:46.957+0000] {logging_mixin.py:190} INFO - 💌message is sending....
[2025-05-22T00:01:47.013+0000] {logging_mixin.py:190} INFO - 💌message is sending....
[2025-05-22T00:01:47.069+0000] {logging_mixin.py:190} INFO - 💌message is sending....
[2025-05-22T00:01:47.126+0000] {logging_mixin.py:190} INFO - 💌message is sending....
[2025-05-22T00:01:47.182+0000] {logging_mixin.py:190} INFO - 💌message is sending....
[2025-05-22T00:01:47.240+0000] {logging_mixin.py:190} INFO - 💌message is sending....
[2025-05-22T00:01:47.295+0000] {logging_mixin.py:190} INFO - 💌message is sending....
[2025-05-22T00:01:47.353+0000] {logging_mixin.py:190} INFO - 💌message is sending....
[2025-05-22T00:01:47.406+0000] {logging_mixin.py:190} INFO - 💌message is sending....
[2025-05-22T00:01:47.461+0000] {logging_mixin.py:190} INFO - 💌message is sending....
[2025-05-22T00:01:47.517+0000] {logging_mixin.py:190} INFO - 💌message is sending....
[2025-05-22T00:01:47.578+0000] {logging_mixin.py:190} INFO - 💌message is sending....
[2025-05-22T00:01:47.636+0000] {logging_mixin.py:190} INFO - 💌message is sending....
[2025-05-22T00:01:47.691+0000] {logging_mixin.py:190} INFO - 💌message is sending....
[2025-05-22T00:01:47.747+0000] {logging_mixin.py:190} INFO - 💌message is sending....
[2025-05-22T00:01:47.802+0000] {logging_mixin.py:190} INFO - 💌message is sending....
[2025-05-22T00:01:47.858+0000] {logging_mixin.py:190} INFO - 💌message is sending....
[2025-05-22T00:01:47.914+0000] {logging_mixin.py:190} INFO - 💌message is sending....
[2025-05-22T00:01:47.970+0000] {logging_mixin.py:190} INFO - 💌message is sending....
[2025-05-22T00:01:48.028+0000] {logging_mixin.py:190} INFO - 💌message is sending....
[2025-05-22T00:01:48.083+0000] {logging_mixin.py:190} INFO - 💌message is sending....
[2025-05-22T00:01:48.138+0000] {logging_mixin.py:190} INFO - 💌message is sending....
[2025-05-22T00:01:48.192+0000] {logging_mixin.py:190} INFO - 💌message is sending....
[2025-05-22T00:01:48.245+0000] {logging_mixin.py:190} INFO - 💌message is sending....
[2025-05-22T00:01:48.299+0000] {logging_mixin.py:190} INFO - 💌message is sending....
[2025-05-22T00:01:48.354+0000] {logging_mixin.py:190} INFO - 💌message is sending....
[2025-05-22T00:01:48.409+0000] {logging_mixin.py:190} INFO - 💌message is sending....
[2025-05-22T00:01:48.466+0000] {logging_mixin.py:190} INFO - 💌message is sending....
[2025-05-22T00:01:48.519+0000] {logging_mixin.py:190} INFO - 💌message is sending....
[2025-05-22T00:01:48.573+0000] {logging_mixin.py:190} INFO - 💌message is sending....
[2025-05-22T00:01:48.624+0000] {logging_mixin.py:190} INFO - 💌message is sending....
[2025-05-22T00:01:48.677+0000] {logging_mixin.py:190} INFO - 💌message is sending....
[2025-05-22T00:01:48.728+0000] {logging_mixin.py:190} INFO - 💌message is sending....
[2025-05-22T00:01:48.781+0000] {logging_mixin.py:190} INFO - 💌message is sending....
[2025-05-22T00:01:48.832+0000] {logging_mixin.py:190} INFO - 💌message is sending....
[2025-05-22T00:01:48.885+0000] {logging_mixin.py:190} INFO - 💌message is sending....
[2025-05-22T00:01:48.936+0000] {logging_mixin.py:190} INFO - 💌message is sending....
[2025-05-22T00:01:48.987+0000] {logging_mixin.py:190} INFO - 💌message is sending....
[2025-05-22T00:01:49.040+0000] {logging_mixin.py:190} INFO - 💌message is sending....
[2025-05-22T00:01:49.092+0000] {logging_mixin.py:190} INFO - 💌message is sending....
[2025-05-22T00:01:49.143+0000] {logging_mixin.py:190} INFO - 💌message is sending....
[2025-05-22T00:01:49.196+0000] {logging_mixin.py:190} INFO - 💌message is sending....
[2025-05-22T00:01:49.248+0000] {logging_mixin.py:190} INFO - 💌message is sending....
[2025-05-22T00:01:49.300+0000] {logging_mixin.py:190} INFO - 💌message is sending....
[2025-05-22T00:01:49.353+0000] {logging_mixin.py:190} INFO - 💌message is sending....
[2025-05-22T00:01:49.404+0000] {logging_mixin.py:190} INFO - 💌message is sending....
[2025-05-22T00:01:49.455+0000] {logging_mixin.py:190} INFO - 💌message is sending....
[2025-05-22T00:01:49.507+0000] {logging_mixin.py:190} INFO - 💌message is sending....
[2025-05-22T00:01:49.559+0000] {logging_mixin.py:190} INFO - 💌message is sending....
[2025-05-22T00:01:49.614+0000] {logging_mixin.py:190} INFO - 💌message is sending....
[2025-05-22T00:01:49.671+0000] {logging_mixin.py:190} INFO - 💌message is sending....
[2025-05-22T00:01:49.724+0000] {logging_mixin.py:190} INFO - 💌message is sending....
[2025-05-22T00:01:49.776+0000] {logging_mixin.py:190} INFO - 💌message is sending....
[2025-05-22T00:01:49.828+0000] {logging_mixin.py:190} INFO - 💌message is sending....
[2025-05-22T00:01:49.883+0000] {logging_mixin.py:190} INFO - 💌message is sending....
[2025-05-22T00:01:49.936+0000] {logging_mixin.py:190} INFO - 💌message is sending....
[2025-05-22T00:01:49.992+0000] {logging_mixin.py:190} INFO - 💌message is sending....
[2025-05-22T00:01:50.049+0000] {logging_mixin.py:190} INFO - 💌message is sending....
[2025-05-22T00:01:50.106+0000] {logging_mixin.py:190} INFO - 💌message is sending....
[2025-05-22T00:01:50.159+0000] {logging_mixin.py:190} INFO - 💌message is sending....
[2025-05-22T00:01:50.212+0000] {logging_mixin.py:190} INFO - 💌message is sending....
[2025-05-22T00:01:50.265+0000] {logging_mixin.py:190} INFO - 💌message is sending....
[2025-05-22T00:01:50.321+0000] {logging_mixin.py:190} INFO - 💌message is sending....
[2025-05-22T00:01:50.375+0000] {logging_mixin.py:190} INFO - 💌message is sending....
[2025-05-22T00:01:50.431+0000] {logging_mixin.py:190} INFO - 💌message is sending....
[2025-05-22T00:01:50.487+0000] {logging_mixin.py:190} INFO - 💌message is sending....
[2025-05-22T00:01:50.543+0000] {logging_mixin.py:190} INFO - 💌message is sending....
[2025-05-22T00:01:50.598+0000] {logging_mixin.py:190} INFO - 💌message is sending....
[2025-05-22T00:01:50.652+0000] {logging_mixin.py:190} INFO - 💌message is sending....
[2025-05-22T00:01:50.711+0000] {logging_mixin.py:190} INFO - 💌message is sending....
[2025-05-22T00:01:50.766+0000] {logging_mixin.py:190} INFO - 💌message is sending....
[2025-05-22T00:01:50.823+0000] {logging_mixin.py:190} INFO - 💌message is sending....
[2025-05-22T00:01:50.880+0000] {logging_mixin.py:190} INFO - 💌message is sending....
[2025-05-22T00:01:50.936+0000] {logging_mixin.py:190} INFO - 💌message is sending....
[2025-05-22T00:01:50.992+0000] {logging_mixin.py:190} INFO - 💌message is sending....
[2025-05-22T00:01:51.046+0000] {logging_mixin.py:190} INFO - 💌message is sending....
[2025-05-22T00:01:51.103+0000] {logging_mixin.py:190} INFO - 💌message is sending....
[2025-05-22T00:01:51.159+0000] {logging_mixin.py:190} INFO - 💌message is sending....
[2025-05-22T00:01:51.213+0000] {logging_mixin.py:190} INFO - 💌message is sending....
[2025-05-22T00:01:51.267+0000] {logging_mixin.py:190} INFO - 💌message is sending....
[2025-05-22T00:01:51.321+0000] {logging_mixin.py:190} INFO - 💌message is sending....
[2025-05-22T00:01:51.377+0000] {logging_mixin.py:190} INFO - 💌message is sending....
[2025-05-22T00:01:51.432+0000] {logging_mixin.py:190} INFO - 💌message is sending....
[2025-05-22T00:01:51.487+0000] {logging_mixin.py:190} INFO - 💌message is sending....
[2025-05-22T00:01:51.544+0000] {logging_mixin.py:190} INFO - 💌message is sending....
[2025-05-22T00:01:51.600+0000] {logging_mixin.py:190} INFO - 💌message is sending....
[2025-05-22T00:01:51.657+0000] {logging_mixin.py:190} INFO - 💌message is sending....
[2025-05-22T00:01:51.712+0000] {logging_mixin.py:190} INFO - 💌message is sending....
[2025-05-22T00:01:51.768+0000] {logging_mixin.py:190} INFO - 💌message is sending....
[2025-05-22T00:01:51.824+0000] {logging_mixin.py:190} INFO - 💌message is sending....
[2025-05-22T00:01:51.879+0000] {logging_mixin.py:190} INFO - 💌message is sending....
[2025-05-22T00:01:51.936+0000] {logging_mixin.py:190} INFO - 💌message is sending....
[2025-05-22T00:01:51.990+0000] {logging_mixin.py:190} INFO - 💌message is sending....
[2025-05-22T00:01:52.044+0000] {logging_mixin.py:190} INFO - 💌message is sending....
[2025-05-22T00:01:52.099+0000] {logging_mixin.py:190} INFO - 💌message is sending....
[2025-05-22T00:01:52.155+0000] {logging_mixin.py:190} INFO - 💌message is sending....
[2025-05-22T00:01:52.215+0000] {logging_mixin.py:190} INFO - 💌message is sending....
[2025-05-22T00:01:52.271+0000] {logging_mixin.py:190} INFO - 💌message is sending....
[2025-05-22T00:01:52.324+0000] {logging_mixin.py:190} INFO - 💌message is sending....
[2025-05-22T00:01:52.377+0000] {logging_mixin.py:190} INFO - 💌message is sending....
[2025-05-22T00:01:52.429+0000] {logging_mixin.py:190} INFO - 💌message is sending....
[2025-05-22T00:01:52.482+0000] {logging_mixin.py:190} INFO - 💌message is sending....
[2025-05-22T00:01:52.535+0000] {logging_mixin.py:190} INFO - 💌message is sending....
[2025-05-22T00:01:52.588+0000] {logging_mixin.py:190} INFO - 💌message is sending....
[2025-05-22T00:01:52.641+0000] {logging_mixin.py:190} INFO - 💌message is sending....
[2025-05-22T00:01:52.694+0000] {logging_mixin.py:190} INFO - 💌message is sending....
[2025-05-22T00:01:52.747+0000] {logging_mixin.py:190} INFO - 💌message is sending....
[2025-05-22T00:01:52.799+0000] {logging_mixin.py:190} INFO - 💌message is sending....
[2025-05-22T00:01:52.854+0000] {logging_mixin.py:190} INFO - 💌message is sending....
[2025-05-22T00:01:52.907+0000] {logging_mixin.py:190} INFO - 💌message is sending....
[2025-05-22T00:01:52.959+0000] {logging_mixin.py:190} INFO - 💌message is sending....
[2025-05-22T00:01:53.011+0000] {logging_mixin.py:190} INFO - 💌message is sending....
[2025-05-22T00:01:53.063+0000] {logging_mixin.py:190} INFO - 💌message is sending....
[2025-05-22T00:01:53.116+0000] {logging_mixin.py:190} INFO - 💌message is sending....
[2025-05-22T00:01:53.171+0000] {logging_mixin.py:190} INFO - 💌message is sending....
[2025-05-22T00:01:53.225+0000] {logging_mixin.py:190} INFO - 💌message is sending....
[2025-05-22T00:01:53.279+0000] {logging_mixin.py:190} INFO - 💌message is sending....
[2025-05-22T00:01:53.331+0000] {logging_mixin.py:190} INFO - 💌message is sending....
[2025-05-22T00:01:53.385+0000] {logging_mixin.py:190} INFO - 💌message is sending....
[2025-05-22T00:01:53.441+0000] {logging_mixin.py:190} INFO - 💌message is sending....
[2025-05-22T00:01:53.499+0000] {logging_mixin.py:190} INFO - 💌message is sending....
[2025-05-22T00:01:53.555+0000] {logging_mixin.py:190} INFO - 💌message is sending....
[2025-05-22T00:01:53.609+0000] {logging_mixin.py:190} INFO - 💌message is sending....
[2025-05-22T00:01:53.667+0000] {logging_mixin.py:190} INFO - 💌message is sending....
[2025-05-22T00:01:53.722+0000] {logging_mixin.py:190} INFO - 💌message is sending....
[2025-05-22T00:01:53.778+0000] {logging_mixin.py:190} INFO - 💌message is sending....
[2025-05-22T00:01:53.835+0000] {logging_mixin.py:190} INFO - 💌message is sending....
[2025-05-22T00:01:53.891+0000] {logging_mixin.py:190} INFO - 💌message is sending....
[2025-05-22T00:01:53.948+0000] {logging_mixin.py:190} INFO - 💌message is sending....
[2025-05-22T00:01:54.003+0000] {logging_mixin.py:190} INFO - 💌message is sending....
[2025-05-22T00:01:54.058+0000] {logging_mixin.py:190} INFO - 💌message is sending....
[2025-05-22T00:01:54.115+0000] {logging_mixin.py:190} INFO - 💌message is sending....
[2025-05-22T00:01:54.171+0000] {logging_mixin.py:190} INFO - 💌message is sending....
[2025-05-22T00:01:54.228+0000] {logging_mixin.py:190} INFO - 💌message is sending....
[2025-05-22T00:01:54.284+0000] {logging_mixin.py:190} INFO - 💌message is sending....
[2025-05-22T00:01:54.341+0000] {logging_mixin.py:190} INFO - 💌message is sending....
[2025-05-22T00:01:54.395+0000] {logging_mixin.py:190} INFO - 💌message is sending....
[2025-05-22T00:01:54.449+0000] {logging_mixin.py:190} INFO - 💌message is sending....
[2025-05-22T00:01:54.504+0000] {logging_mixin.py:190} INFO - 💌message is sending....
[2025-05-22T00:01:54.561+0000] {logging_mixin.py:190} INFO - 💌message is sending....
[2025-05-22T00:01:54.618+0000] {logging_mixin.py:190} INFO - 💌message is sending....
[2025-05-22T00:01:54.673+0000] {logging_mixin.py:190} INFO - 💌message is sending....
[2025-05-22T00:01:54.727+0000] {logging_mixin.py:190} INFO - 💌message is sending....
[2025-05-22T00:01:54.782+0000] {logging_mixin.py:190} INFO - 💌message is sending....
[2025-05-22T00:01:54.838+0000] {logging_mixin.py:190} INFO - 💌message is sending....
[2025-05-22T00:01:54.893+0000] {logging_mixin.py:190} INFO - 💌message is sending....
[2025-05-22T00:01:54.950+0000] {logging_mixin.py:190} INFO - 💌message is sending....
[2025-05-22T00:01:55.003+0000] {logging_mixin.py:190} INFO - 💌message is sending....
[2025-05-22T00:01:55.059+0000] {logging_mixin.py:190} INFO - 💌message is sending....
[2025-05-22T00:01:55.115+0000] {logging_mixin.py:190} INFO - 💌message is sending....
[2025-05-22T00:01:55.175+0000] {logging_mixin.py:190} INFO - 💌message is sending....
[2025-05-22T00:01:55.232+0000] {logging_mixin.py:190} INFO - 💌message is sending....
[2025-05-22T00:01:55.287+0000] {logging_mixin.py:190} INFO - 💌message is sending....
[2025-05-22T00:01:55.342+0000] {logging_mixin.py:190} INFO - 💌message is sending....
[2025-05-22T00:01:55.398+0000] {logging_mixin.py:190} INFO - 💌message is sending....
[2025-05-22T00:01:55.452+0000] {logging_mixin.py:190} INFO - 💌message is sending....
[2025-05-22T00:01:55.507+0000] {logging_mixin.py:190} INFO - 💌message is sending....
[2025-05-22T00:01:55.569+0000] {logging_mixin.py:190} INFO - 💌message is sending....
[2025-05-22T00:01:55.628+0000] {logging_mixin.py:190} INFO - 💌message is sending....
[2025-05-22T00:01:55.683+0000] {logging_mixin.py:190} INFO - 💌message is sending....
[2025-05-22T00:01:55.737+0000] {logging_mixin.py:190} INFO - 💌message is sending....
[2025-05-22T00:01:55.792+0000] {logging_mixin.py:190} INFO - 💌message is sending....
[2025-05-22T00:01:55.844+0000] {logging_mixin.py:190} INFO - 💌message is sending....
[2025-05-22T00:01:55.900+0000] {logging_mixin.py:190} INFO - 💌message is sending....
[2025-05-22T00:01:55.957+0000] {logging_mixin.py:190} INFO - 💌message is sending....
[2025-05-22T00:01:56.014+0000] {logging_mixin.py:190} INFO - 💌message is sending....
[2025-05-22T00:01:56.070+0000] {logging_mixin.py:190} INFO - 💌message is sending....
[2025-05-22T00:01:56.123+0000] {logging_mixin.py:190} INFO - 💌message is sending....
[2025-05-22T00:01:56.181+0000] {logging_mixin.py:190} INFO - 💌message is sending....
[2025-05-22T00:01:56.237+0000] {logging_mixin.py:190} INFO - 💌message is sending....
[2025-05-22T00:01:56.295+0000] {logging_mixin.py:190} INFO - 💌message is sending....
[2025-05-22T00:01:56.351+0000] {logging_mixin.py:190} INFO - 💌message is sending....
[2025-05-22T00:01:56.405+0000] {logging_mixin.py:190} INFO - 💌message is sending....
[2025-05-22T00:01:56.458+0000] {logging_mixin.py:190} INFO - 💌message is sending....
[2025-05-22T00:01:56.511+0000] {logging_mixin.py:190} INFO - 💌message is sending....
[2025-05-22T00:01:56.566+0000] {logging_mixin.py:190} INFO - 💌message is sending....
[2025-05-22T00:01:56.622+0000] {logging_mixin.py:190} INFO - 💌message is sending....
[2025-05-22T00:01:56.678+0000] {logging_mixin.py:190} INFO - 💌message is sending....
[2025-05-22T00:01:56.734+0000] {logging_mixin.py:190} INFO - 💌message is sending....
[2025-05-22T00:01:56.791+0000] {logging_mixin.py:190} INFO - 💌message is sending....
[2025-05-22T00:01:56.848+0000] {logging_mixin.py:190} INFO - 💌message is sending....
[2025-05-22T00:01:56.903+0000] {logging_mixin.py:190} INFO - ✅All messages sent
[2025-05-22T00:01:56.906+0000] {conn.py:919} INFO - <BrokerConnection node_id=1 host=172.16.24.224:9092 <connected> [IPv4 ('172.16.24.224', 9092)]>: Closing connection. 
[2025-05-22T00:01:56.908+0000] {python.py:240} INFO - Done. Returned value was: None
[2025-05-22T00:01:56.926+0000] {taskinstance.py:340} INFO - ::group::Post task execution logs
[2025-05-22T00:01:56.927+0000] {taskinstance.py:352} INFO - Marking task as SUCCESS. dag_id=kafka_to_minio_to_spark, task_id=kafka_producer, run_id=scheduled__2025-05-21T16:00:00+00:00, execution_date=20250521T160000, start_date=20250522T000101, end_date=20250522T000156
[2025-05-22T00:01:56.977+0000] {local_task_job_runner.py:266} INFO - Task exited with return code 0
[2025-05-22T00:01:56.997+0000] {taskinstance.py:3900} INFO - 1 downstream tasks scheduled from follow-on schedule check
[2025-05-22T00:01:56.999+0000] {local_task_job_runner.py:245} INFO - ::endgroup::
