[2025-05-22T00:05:50.246+0000] {local_task_job_runner.py:123} INFO - ::group::Pre task execution logs
[2025-05-22T00:05:50.252+0000] {taskinstance.py:2612} INFO - Dependencies all met for dep_context=non-requeueable deps ti=<TaskInstance: kafka_to_minio_to_spark.kafka_producer scheduled__2025-05-21T16:00:00+00:00 [queued]>
[2025-05-22T00:05:50.256+0000] {taskinstance.py:2612} INFO - Dependencies all met for dep_context=requeueable deps ti=<TaskInstance: kafka_to_minio_to_spark.kafka_producer scheduled__2025-05-21T16:00:00+00:00 [queued]>
[2025-05-22T00:05:50.256+0000] {taskinstance.py:2865} INFO - Starting attempt 6 of 8
[2025-05-22T00:05:50.261+0000] {taskinstance.py:2888} INFO - Executing <Task(PythonOperator): kafka_producer> on 2025-05-21 16:00:00+00:00
[2025-05-22T00:05:50.263+0000] {standard_task_runner.py:72} INFO - Started process 302 to run task
[2025-05-22T00:05:50.265+0000] {standard_task_runner.py:104} INFO - Running: ['***', 'tasks', 'run', 'kafka_to_minio_to_spark', 'kafka_producer', 'scheduled__2025-05-21T16:00:00+00:00', '--job-id', '191', '--raw', '--subdir', 'DAGS_FOLDER/testlog_ml.py', '--cfg-path', '/tmp/tmpc35vc3_e']
[2025-05-22T00:05:50.265+0000] {standard_task_runner.py:105} INFO - Job 191: Subtask kafka_producer
[2025-05-22T00:05:50.282+0000] {task_command.py:467} INFO - Running <TaskInstance: kafka_to_minio_to_spark.kafka_producer scheduled__2025-05-21T16:00:00+00:00 [running]> on host f901d5ffba09
[2025-05-22T00:05:50.308+0000] {taskinstance.py:3131} INFO - Exporting env vars: AIRFLOW_CTX_DAG_OWNER='***' AIRFLOW_CTX_DAG_ID='kafka_to_minio_to_spark' AIRFLOW_CTX_TASK_ID='kafka_producer' AIRFLOW_CTX_EXECUTION_DATE='2025-05-21T16:00:00+00:00' AIRFLOW_CTX_TRY_NUMBER='6' AIRFLOW_CTX_DAG_RUN_ID='scheduled__2025-05-21T16:00:00+00:00'
[2025-05-22T00:05:50.308+0000] {taskinstance.py:731} INFO - ::endgroup::
[2025-05-22T00:05:50.387+0000] {conn.py:380} INFO - <BrokerConnection node_id=bootstrap-0 host=host.docker.internal:9092 <connecting> [IPv4 ('192.168.65.254', 9092)]>: connecting to host.docker.internal:9092 [('192.168.65.254', 9092) IPv4]
[2025-05-22T00:05:50.387+0000] {conn.py:1205} INFO - Probing node bootstrap-0 broker version
[2025-05-22T00:05:50.388+0000] {conn.py:410} INFO - <BrokerConnection node_id=bootstrap-0 host=host.docker.internal:9092 <connecting> [IPv4 ('192.168.65.254', 9092)]>: Connection complete.
[2025-05-22T00:05:50.491+0000] {conn.py:1267} INFO - Broker version identified as 2.5.0
[2025-05-22T00:05:50.491+0000] {conn.py:1268} INFO - Set configuration api_version=(2, 5, 0) to skip auto check_version requests on startup
[2025-05-22T00:05:50.495+0000] {conn.py:380} INFO - <BrokerConnection node_id=1 host=172.16.24.224:9092 <connecting> [IPv4 ('172.16.24.224', 9092)]>: connecting to 172.16.24.224:9092 [('172.16.24.224', 9092) IPv4]
[2025-05-22T00:05:50.495+0000] {logging_mixin.py:190} INFO - 💌message is sending....
[2025-05-22T00:05:50.496+0000] {conn.py:410} INFO - <BrokerConnection node_id=1 host=172.16.24.224:9092 <connecting> [IPv4 ('172.16.24.224', 9092)]>: Connection complete.
[2025-05-22T00:05:50.496+0000] {conn.py:919} INFO - <BrokerConnection node_id=bootstrap-0 host=host.docker.internal:9092 <connected> [IPv4 ('192.168.65.254', 9092)]>: Closing connection. 
[2025-05-22T00:05:50.548+0000] {logging_mixin.py:190} INFO - 💌message is sending....
[2025-05-22T00:05:50.601+0000] {logging_mixin.py:190} INFO - 💌message is sending....
[2025-05-22T00:05:50.655+0000] {logging_mixin.py:190} INFO - 💌message is sending....
[2025-05-22T00:05:50.711+0000] {logging_mixin.py:190} INFO - 💌message is sending....
[2025-05-22T00:05:50.763+0000] {logging_mixin.py:190} INFO - 💌message is sending....
[2025-05-22T00:05:50.815+0000] {logging_mixin.py:190} INFO - 💌message is sending....
[2025-05-22T00:05:50.868+0000] {logging_mixin.py:190} INFO - 💌message is sending....
[2025-05-22T00:05:50.921+0000] {logging_mixin.py:190} INFO - 💌message is sending....
[2025-05-22T00:05:50.975+0000] {logging_mixin.py:190} INFO - 💌message is sending....
[2025-05-22T00:05:51.029+0000] {logging_mixin.py:190} INFO - 💌message is sending....
[2025-05-22T00:05:51.086+0000] {logging_mixin.py:190} INFO - 💌message is sending....
[2025-05-22T00:05:51.141+0000] {logging_mixin.py:190} INFO - 💌message is sending....
[2025-05-22T00:05:51.199+0000] {logging_mixin.py:190} INFO - 💌message is sending....
[2025-05-22T00:05:51.254+0000] {logging_mixin.py:190} INFO - 💌message is sending....
[2025-05-22T00:05:51.309+0000] {logging_mixin.py:190} INFO - 💌message is sending....
[2025-05-22T00:05:51.363+0000] {logging_mixin.py:190} INFO - 💌message is sending....
[2025-05-22T00:05:51.415+0000] {logging_mixin.py:190} INFO - 💌message is sending....
[2025-05-22T00:05:51.467+0000] {logging_mixin.py:190} INFO - 💌message is sending....
[2025-05-22T00:05:51.520+0000] {logging_mixin.py:190} INFO - 💌message is sending....
[2025-05-22T00:05:51.575+0000] {logging_mixin.py:190} INFO - 💌message is sending....
[2025-05-22T00:05:51.630+0000] {logging_mixin.py:190} INFO - 💌message is sending....
[2025-05-22T00:05:51.685+0000] {logging_mixin.py:190} INFO - 💌message is sending....
[2025-05-22T00:05:51.741+0000] {logging_mixin.py:190} INFO - 💌message is sending....
[2025-05-22T00:05:51.795+0000] {logging_mixin.py:190} INFO - 💌message is sending....
[2025-05-22T00:05:51.850+0000] {logging_mixin.py:190} INFO - 💌message is sending....
[2025-05-22T00:05:51.906+0000] {logging_mixin.py:190} INFO - 💌message is sending....
[2025-05-22T00:05:51.961+0000] {logging_mixin.py:190} INFO - 💌message is sending....
[2025-05-22T00:05:52.017+0000] {logging_mixin.py:190} INFO - 💌message is sending....
[2025-05-22T00:05:52.074+0000] {logging_mixin.py:190} INFO - 💌message is sending....
[2025-05-22T00:05:52.128+0000] {logging_mixin.py:190} INFO - 💌message is sending....
[2025-05-22T00:05:52.183+0000] {logging_mixin.py:190} INFO - 💌message is sending....
[2025-05-22T00:05:52.238+0000] {logging_mixin.py:190} INFO - 💌message is sending....
[2025-05-22T00:05:52.289+0000] {logging_mixin.py:190} INFO - 💌message is sending....
[2025-05-22T00:05:52.341+0000] {logging_mixin.py:190} INFO - 💌message is sending....
[2025-05-22T00:05:52.394+0000] {logging_mixin.py:190} INFO - 💌message is sending....
[2025-05-22T00:05:52.450+0000] {logging_mixin.py:190} INFO - 💌message is sending....
[2025-05-22T00:05:52.504+0000] {logging_mixin.py:190} INFO - 💌message is sending....
[2025-05-22T00:05:52.561+0000] {logging_mixin.py:190} INFO - 💌message is sending....
[2025-05-22T00:05:52.613+0000] {logging_mixin.py:190} INFO - 💌message is sending....
[2025-05-22T00:05:52.664+0000] {logging_mixin.py:190} INFO - 💌message is sending....
[2025-05-22T00:05:52.717+0000] {logging_mixin.py:190} INFO - 💌message is sending....
[2025-05-22T00:05:52.769+0000] {logging_mixin.py:190} INFO - 💌message is sending....
[2025-05-22T00:05:52.822+0000] {logging_mixin.py:190} INFO - 💌message is sending....
[2025-05-22T00:05:52.875+0000] {logging_mixin.py:190} INFO - 💌message is sending....
[2025-05-22T00:05:52.929+0000] {logging_mixin.py:190} INFO - 💌message is sending....
[2025-05-22T00:05:52.984+0000] {logging_mixin.py:190} INFO - 💌message is sending....
[2025-05-22T00:05:53.040+0000] {logging_mixin.py:190} INFO - 💌message is sending....
[2025-05-22T00:05:53.095+0000] {logging_mixin.py:190} INFO - 💌message is sending....
[2025-05-22T00:05:53.153+0000] {logging_mixin.py:190} INFO - 💌message is sending....
[2025-05-22T00:05:53.210+0000] {logging_mixin.py:190} INFO - 💌message is sending....
[2025-05-22T00:05:53.263+0000] {logging_mixin.py:190} INFO - 💌message is sending....
[2025-05-22T00:05:53.316+0000] {logging_mixin.py:190} INFO - 💌message is sending....
[2025-05-22T00:05:53.370+0000] {logging_mixin.py:190} INFO - 💌message is sending....
[2025-05-22T00:05:53.428+0000] {logging_mixin.py:190} INFO - 💌message is sending....
[2025-05-22T00:05:53.487+0000] {logging_mixin.py:190} INFO - 💌message is sending....
[2025-05-22T00:05:53.545+0000] {logging_mixin.py:190} INFO - 💌message is sending....
[2025-05-22T00:05:53.599+0000] {logging_mixin.py:190} INFO - 💌message is sending....
[2025-05-22T00:05:53.656+0000] {logging_mixin.py:190} INFO - 💌message is sending....
[2025-05-22T00:05:53.712+0000] {logging_mixin.py:190} INFO - 💌message is sending....
[2025-05-22T00:05:53.768+0000] {logging_mixin.py:190} INFO - 💌message is sending....
[2025-05-22T00:05:53.824+0000] {logging_mixin.py:190} INFO - 💌message is sending....
[2025-05-22T00:05:53.880+0000] {logging_mixin.py:190} INFO - 💌message is sending....
[2025-05-22T00:05:53.938+0000] {logging_mixin.py:190} INFO - 💌message is sending....
[2025-05-22T00:05:53.993+0000] {logging_mixin.py:190} INFO - 💌message is sending....
[2025-05-22T00:05:54.049+0000] {logging_mixin.py:190} INFO - 💌message is sending....
[2025-05-22T00:05:54.107+0000] {logging_mixin.py:190} INFO - 💌message is sending....
[2025-05-22T00:05:54.163+0000] {logging_mixin.py:190} INFO - 💌message is sending....
[2025-05-22T00:05:54.219+0000] {logging_mixin.py:190} INFO - 💌message is sending....
[2025-05-22T00:05:54.272+0000] {logging_mixin.py:190} INFO - 💌message is sending....
[2025-05-22T00:05:54.324+0000] {logging_mixin.py:190} INFO - 💌message is sending....
[2025-05-22T00:05:54.376+0000] {logging_mixin.py:190} INFO - 💌message is sending....
[2025-05-22T00:05:54.428+0000] {logging_mixin.py:190} INFO - 💌message is sending....
[2025-05-22T00:05:54.480+0000] {logging_mixin.py:190} INFO - 💌message is sending....
[2025-05-22T00:05:54.532+0000] {logging_mixin.py:190} INFO - 💌message is sending....
[2025-05-22T00:05:54.584+0000] {logging_mixin.py:190} INFO - 💌message is sending....
[2025-05-22T00:05:54.635+0000] {logging_mixin.py:190} INFO - 💌message is sending....
[2025-05-22T00:05:54.687+0000] {logging_mixin.py:190} INFO - 💌message is sending....
[2025-05-22T00:05:54.738+0000] {logging_mixin.py:190} INFO - 💌message is sending....
[2025-05-22T00:05:54.789+0000] {logging_mixin.py:190} INFO - 💌message is sending....
[2025-05-22T00:05:54.841+0000] {logging_mixin.py:190} INFO - 💌message is sending....
[2025-05-22T00:05:54.892+0000] {logging_mixin.py:190} INFO - 💌message is sending....
[2025-05-22T00:05:54.944+0000] {logging_mixin.py:190} INFO - 💌message is sending....
[2025-05-22T00:05:54.996+0000] {logging_mixin.py:190} INFO - 💌message is sending....
[2025-05-22T00:05:55.047+0000] {logging_mixin.py:190} INFO - 💌message is sending....
[2025-05-22T00:05:55.099+0000] {logging_mixin.py:190} INFO - 💌message is sending....
[2025-05-22T00:05:55.154+0000] {logging_mixin.py:190} INFO - 💌message is sending....
[2025-05-22T00:05:55.205+0000] {logging_mixin.py:190} INFO - 💌message is sending....
[2025-05-22T00:05:55.257+0000] {logging_mixin.py:190} INFO - 💌message is sending....
[2025-05-22T00:05:55.308+0000] {logging_mixin.py:190} INFO - 💌message is sending....
[2025-05-22T00:05:55.360+0000] {logging_mixin.py:190} INFO - 💌message is sending....
[2025-05-22T00:05:55.412+0000] {logging_mixin.py:190} INFO - 💌message is sending....
[2025-05-22T00:05:55.465+0000] {logging_mixin.py:190} INFO - 💌message is sending....
[2025-05-22T00:05:55.517+0000] {logging_mixin.py:190} INFO - 💌message is sending....
[2025-05-22T00:05:55.572+0000] {logging_mixin.py:190} INFO - 💌message is sending....
[2025-05-22T00:05:55.623+0000] {logging_mixin.py:190} INFO - 💌message is sending....
[2025-05-22T00:05:55.675+0000] {logging_mixin.py:190} INFO - 💌message is sending....
[2025-05-22T00:05:55.729+0000] {logging_mixin.py:190} INFO - 💌message is sending....
[2025-05-22T00:05:55.785+0000] {logging_mixin.py:190} INFO - 💌message is sending....
[2025-05-22T00:05:55.838+0000] {logging_mixin.py:190} INFO - 💌message is sending....
[2025-05-22T00:05:55.894+0000] {logging_mixin.py:190} INFO - 💌message is sending....
[2025-05-22T00:05:55.948+0000] {logging_mixin.py:190} INFO - 💌message is sending....
[2025-05-22T00:05:56.004+0000] {logging_mixin.py:190} INFO - 💌message is sending....
[2025-05-22T00:05:56.060+0000] {logging_mixin.py:190} INFO - 💌message is sending....
[2025-05-22T00:05:56.117+0000] {logging_mixin.py:190} INFO - 💌message is sending....
[2025-05-22T00:05:56.173+0000] {logging_mixin.py:190} INFO - 💌message is sending....
[2025-05-22T00:05:56.235+0000] {logging_mixin.py:190} INFO - 💌message is sending....
[2025-05-22T00:05:56.290+0000] {logging_mixin.py:190} INFO - 💌message is sending....
[2025-05-22T00:05:56.348+0000] {logging_mixin.py:190} INFO - 💌message is sending....
[2025-05-22T00:05:56.400+0000] {logging_mixin.py:190} INFO - 💌message is sending....
[2025-05-22T00:05:56.455+0000] {logging_mixin.py:190} INFO - 💌message is sending....
[2025-05-22T00:05:56.506+0000] {logging_mixin.py:190} INFO - 💌message is sending....
[2025-05-22T00:05:56.563+0000] {logging_mixin.py:190} INFO - 💌message is sending....
[2025-05-22T00:05:56.615+0000] {logging_mixin.py:190} INFO - 💌message is sending....
[2025-05-22T00:05:56.668+0000] {logging_mixin.py:190} INFO - 💌message is sending....
[2025-05-22T00:05:56.723+0000] {logging_mixin.py:190} INFO - 💌message is sending....
[2025-05-22T00:05:56.777+0000] {logging_mixin.py:190} INFO - 💌message is sending....
[2025-05-22T00:05:56.830+0000] {logging_mixin.py:190} INFO - 💌message is sending....
[2025-05-22T00:05:56.887+0000] {logging_mixin.py:190} INFO - 💌message is sending....
[2025-05-22T00:05:56.944+0000] {logging_mixin.py:190} INFO - 💌message is sending....
[2025-05-22T00:05:56.996+0000] {logging_mixin.py:190} INFO - 💌message is sending....
[2025-05-22T00:05:57.047+0000] {logging_mixin.py:190} INFO - 💌message is sending....
[2025-05-22T00:05:57.101+0000] {logging_mixin.py:190} INFO - 💌message is sending....
[2025-05-22T00:05:57.153+0000] {logging_mixin.py:190} INFO - 💌message is sending....
[2025-05-22T00:05:57.208+0000] {logging_mixin.py:190} INFO - 💌message is sending....
[2025-05-22T00:05:57.259+0000] {logging_mixin.py:190} INFO - 💌message is sending....
[2025-05-22T00:05:57.312+0000] {logging_mixin.py:190} INFO - 💌message is sending....
[2025-05-22T00:05:57.363+0000] {logging_mixin.py:190} INFO - 💌message is sending....
[2025-05-22T00:05:57.422+0000] {logging_mixin.py:190} INFO - 💌message is sending....
[2025-05-22T00:05:57.475+0000] {logging_mixin.py:190} INFO - 💌message is sending....
[2025-05-22T00:05:57.529+0000] {logging_mixin.py:190} INFO - 💌message is sending....
[2025-05-22T00:05:57.584+0000] {logging_mixin.py:190} INFO - 💌message is sending....
[2025-05-22T00:05:57.637+0000] {logging_mixin.py:190} INFO - 💌message is sending....
[2025-05-22T00:05:57.692+0000] {logging_mixin.py:190} INFO - 💌message is sending....
[2025-05-22T00:05:57.749+0000] {logging_mixin.py:190} INFO - 💌message is sending....
[2025-05-22T00:05:57.804+0000] {logging_mixin.py:190} INFO - 💌message is sending....
[2025-05-22T00:05:57.859+0000] {logging_mixin.py:190} INFO - 💌message is sending....
[2025-05-22T00:05:57.915+0000] {logging_mixin.py:190} INFO - 💌message is sending....
[2025-05-22T00:05:57.970+0000] {logging_mixin.py:190} INFO - 💌message is sending....
[2025-05-22T00:05:58.025+0000] {logging_mixin.py:190} INFO - 💌message is sending....
[2025-05-22T00:05:58.081+0000] {logging_mixin.py:190} INFO - 💌message is sending....
[2025-05-22T00:05:58.137+0000] {logging_mixin.py:190} INFO - 💌message is sending....
[2025-05-22T00:05:58.194+0000] {logging_mixin.py:190} INFO - 💌message is sending....
[2025-05-22T00:05:58.249+0000] {logging_mixin.py:190} INFO - 💌message is sending....
[2025-05-22T00:05:58.304+0000] {logging_mixin.py:190} INFO - 💌message is sending....
[2025-05-22T00:05:58.359+0000] {logging_mixin.py:190} INFO - 💌message is sending....
[2025-05-22T00:05:58.412+0000] {logging_mixin.py:190} INFO - 💌message is sending....
[2025-05-22T00:05:58.468+0000] {logging_mixin.py:190} INFO - 💌message is sending....
[2025-05-22T00:05:58.523+0000] {logging_mixin.py:190} INFO - 💌message is sending....
[2025-05-22T00:05:58.579+0000] {logging_mixin.py:190} INFO - 💌message is sending....
[2025-05-22T00:05:58.636+0000] {logging_mixin.py:190} INFO - 💌message is sending....
[2025-05-22T00:05:58.690+0000] {logging_mixin.py:190} INFO - 💌message is sending....
[2025-05-22T00:05:58.744+0000] {logging_mixin.py:190} INFO - 💌message is sending....
[2025-05-22T00:05:58.798+0000] {logging_mixin.py:190} INFO - 💌message is sending....
[2025-05-22T00:05:58.852+0000] {logging_mixin.py:190} INFO - 💌message is sending....
[2025-05-22T00:05:58.907+0000] {logging_mixin.py:190} INFO - 💌message is sending....
[2025-05-22T00:05:58.964+0000] {logging_mixin.py:190} INFO - 💌message is sending....
[2025-05-22T00:05:59.021+0000] {logging_mixin.py:190} INFO - 💌message is sending....
[2025-05-22T00:05:59.076+0000] {logging_mixin.py:190} INFO - 💌message is sending....
[2025-05-22T00:05:59.132+0000] {logging_mixin.py:190} INFO - 💌message is sending....
[2025-05-22T00:05:59.188+0000] {logging_mixin.py:190} INFO - 💌message is sending....
[2025-05-22T00:05:59.246+0000] {logging_mixin.py:190} INFO - 💌message is sending....
[2025-05-22T00:05:59.306+0000] {logging_mixin.py:190} INFO - 💌message is sending....
[2025-05-22T00:05:59.362+0000] {logging_mixin.py:190} INFO - 💌message is sending....
[2025-05-22T00:05:59.417+0000] {logging_mixin.py:190} INFO - 💌message is sending....
[2025-05-22T00:05:59.471+0000] {logging_mixin.py:190} INFO - 💌message is sending....
[2025-05-22T00:05:59.526+0000] {logging_mixin.py:190} INFO - 💌message is sending....
[2025-05-22T00:05:59.584+0000] {logging_mixin.py:190} INFO - 💌message is sending....
[2025-05-22T00:05:59.639+0000] {logging_mixin.py:190} INFO - 💌message is sending....
[2025-05-22T00:05:59.694+0000] {logging_mixin.py:190} INFO - 💌message is sending....
[2025-05-22T00:05:59.751+0000] {logging_mixin.py:190} INFO - 💌message is sending....
[2025-05-22T00:05:59.809+0000] {logging_mixin.py:190} INFO - 💌message is sending....
[2025-05-22T00:05:59.865+0000] {logging_mixin.py:190} INFO - 💌message is sending....
[2025-05-22T00:05:59.922+0000] {logging_mixin.py:190} INFO - 💌message is sending....
[2025-05-22T00:05:59.977+0000] {logging_mixin.py:190} INFO - 💌message is sending....
[2025-05-22T00:06:00.033+0000] {logging_mixin.py:190} INFO - 💌message is sending....
[2025-05-22T00:06:00.087+0000] {logging_mixin.py:190} INFO - 💌message is sending....
[2025-05-22T00:06:00.146+0000] {logging_mixin.py:190} INFO - 💌message is sending....
[2025-05-22T00:06:00.201+0000] {logging_mixin.py:190} INFO - 💌message is sending....
[2025-05-22T00:06:00.257+0000] {logging_mixin.py:190} INFO - 💌message is sending....
[2025-05-22T00:06:00.312+0000] {logging_mixin.py:190} INFO - 💌message is sending....
[2025-05-22T00:06:00.365+0000] {logging_mixin.py:190} INFO - 💌message is sending....
[2025-05-22T00:06:00.420+0000] {logging_mixin.py:190} INFO - 💌message is sending....
[2025-05-22T00:06:00.473+0000] {logging_mixin.py:190} INFO - 💌message is sending....
[2025-05-22T00:06:00.526+0000] {logging_mixin.py:190} INFO - 💌message is sending....
[2025-05-22T00:06:00.579+0000] {logging_mixin.py:190} INFO - 💌message is sending....
[2025-05-22T00:06:00.631+0000] {logging_mixin.py:190} INFO - 💌message is sending....
[2025-05-22T00:06:00.685+0000] {logging_mixin.py:190} INFO - 💌message is sending....
[2025-05-22T00:06:00.737+0000] {logging_mixin.py:190} INFO - 💌message is sending....
[2025-05-22T00:06:00.794+0000] {logging_mixin.py:190} INFO - 💌message is sending....
[2025-05-22T00:06:00.855+0000] {logging_mixin.py:190} INFO - 💌message is sending....
[2025-05-22T00:06:00.911+0000] {logging_mixin.py:190} INFO - 💌message is sending....
[2025-05-22T00:06:00.969+0000] {logging_mixin.py:190} INFO - 💌message is sending....
[2025-05-22T00:06:01.027+0000] {logging_mixin.py:190} INFO - 💌message is sending....
[2025-05-22T00:06:01.086+0000] {logging_mixin.py:190} INFO - 💌message is sending....
[2025-05-22T00:06:01.140+0000] {logging_mixin.py:190} INFO - 💌message is sending....
[2025-05-22T00:06:01.196+0000] {logging_mixin.py:190} INFO - 💌message is sending....
[2025-05-22T00:06:01.249+0000] {logging_mixin.py:190} INFO - 💌message is sending....
[2025-05-22T00:06:01.305+0000] {logging_mixin.py:190} INFO - 💌message is sending....
[2025-05-22T00:06:01.362+0000] {logging_mixin.py:190} INFO - 💌message is sending....
[2025-05-22T00:06:01.419+0000] {logging_mixin.py:190} INFO - 💌message is sending....
[2025-05-22T00:06:01.476+0000] {logging_mixin.py:190} INFO - 💌message is sending....
[2025-05-22T00:06:01.533+0000] {logging_mixin.py:190} INFO - 💌message is sending....
[2025-05-22T00:06:01.590+0000] {logging_mixin.py:190} INFO - 💌message is sending....
[2025-05-22T00:06:01.647+0000] {logging_mixin.py:190} INFO - 💌message is sending....
[2025-05-22T00:06:01.702+0000] {logging_mixin.py:190} INFO - 💌message is sending....
[2025-05-22T00:06:01.756+0000] {logging_mixin.py:190} INFO - 💌message is sending....
[2025-05-22T00:06:01.809+0000] {logging_mixin.py:190} INFO - 💌message is sending....
[2025-05-22T00:06:01.864+0000] {logging_mixin.py:190} INFO - 💌message is sending....
[2025-05-22T00:06:01.918+0000] {logging_mixin.py:190} INFO - 💌message is sending....
[2025-05-22T00:06:01.974+0000] {logging_mixin.py:190} INFO - 💌message is sending....
[2025-05-22T00:06:02.045+0000] {logging_mixin.py:190} INFO - 💌message is sending....
[2025-05-22T00:06:02.102+0000] {logging_mixin.py:190} INFO - 💌message is sending....
[2025-05-22T00:06:02.157+0000] {logging_mixin.py:190} INFO - 💌message is sending....
[2025-05-22T00:06:02.211+0000] {logging_mixin.py:190} INFO - 💌message is sending....
[2025-05-22T00:06:02.304+0000] {logging_mixin.py:190} INFO - 💌message is sending....
[2025-05-22T00:06:02.357+0000] {logging_mixin.py:190} INFO - 💌message is sending....
[2025-05-22T00:06:02.412+0000] {logging_mixin.py:190} INFO - 💌message is sending....
[2025-05-22T00:06:02.467+0000] {logging_mixin.py:190} INFO - 💌message is sending....
[2025-05-22T00:06:02.521+0000] {logging_mixin.py:190} INFO - 💌message is sending....
[2025-05-22T00:06:02.576+0000] {logging_mixin.py:190} INFO - 💌message is sending....
[2025-05-22T00:06:02.630+0000] {logging_mixin.py:190} INFO - 💌message is sending....
[2025-05-22T00:06:02.685+0000] {logging_mixin.py:190} INFO - 💌message is sending....
[2025-05-22T00:06:02.742+0000] {logging_mixin.py:190} INFO - 💌message is sending....
[2025-05-22T00:06:02.797+0000] {logging_mixin.py:190} INFO - 💌message is sending....
[2025-05-22T00:06:02.855+0000] {logging_mixin.py:190} INFO - 💌message is sending....
[2025-05-22T00:06:02.909+0000] {logging_mixin.py:190} INFO - 💌message is sending....
[2025-05-22T00:06:02.966+0000] {logging_mixin.py:190} INFO - 💌message is sending....
[2025-05-22T00:06:03.022+0000] {logging_mixin.py:190} INFO - 💌message is sending....
[2025-05-22T00:06:03.078+0000] {logging_mixin.py:190} INFO - 💌message is sending....
[2025-05-22T00:06:03.134+0000] {logging_mixin.py:190} INFO - 💌message is sending....
[2025-05-22T00:06:03.188+0000] {logging_mixin.py:190} INFO - 💌message is sending....
[2025-05-22T00:06:03.242+0000] {logging_mixin.py:190} INFO - 💌message is sending....
[2025-05-22T00:06:03.296+0000] {logging_mixin.py:190} INFO - 💌message is sending....
[2025-05-22T00:06:03.350+0000] {logging_mixin.py:190} INFO - 💌message is sending....
[2025-05-22T00:06:03.404+0000] {logging_mixin.py:190} INFO - 💌message is sending....
[2025-05-22T00:06:03.459+0000] {logging_mixin.py:190} INFO - 💌message is sending....
[2025-05-22T00:06:03.515+0000] {logging_mixin.py:190} INFO - 💌message is sending....
[2025-05-22T00:06:03.572+0000] {logging_mixin.py:190} INFO - 💌message is sending....
[2025-05-22T00:06:03.628+0000] {logging_mixin.py:190} INFO - 💌message is sending....
[2025-05-22T00:06:03.683+0000] {logging_mixin.py:190} INFO - 💌message is sending....
[2025-05-22T00:06:03.738+0000] {logging_mixin.py:190} INFO - 💌message is sending....
[2025-05-22T00:06:03.793+0000] {logging_mixin.py:190} INFO - 💌message is sending....
[2025-05-22T00:06:03.847+0000] {logging_mixin.py:190} INFO - 💌message is sending....
[2025-05-22T00:06:03.902+0000] {logging_mixin.py:190} INFO - 💌message is sending....
[2025-05-22T00:06:03.957+0000] {logging_mixin.py:190} INFO - 💌message is sending....
[2025-05-22T00:06:04.014+0000] {logging_mixin.py:190} INFO - 💌message is sending....
[2025-05-22T00:06:04.070+0000] {logging_mixin.py:190} INFO - 💌message is sending....
[2025-05-22T00:06:04.127+0000] {logging_mixin.py:190} INFO - 💌message is sending....
[2025-05-22T00:06:04.184+0000] {logging_mixin.py:190} INFO - 💌message is sending....
[2025-05-22T00:06:04.240+0000] {logging_mixin.py:190} INFO - 💌message is sending....
[2025-05-22T00:06:04.294+0000] {logging_mixin.py:190} INFO - 💌message is sending....
[2025-05-22T00:06:04.346+0000] {logging_mixin.py:190} INFO - 💌message is sending....
[2025-05-22T00:06:04.399+0000] {logging_mixin.py:190} INFO - 💌message is sending....
[2025-05-22T00:06:04.454+0000] {logging_mixin.py:190} INFO - 💌message is sending....
[2025-05-22T00:06:04.507+0000] {logging_mixin.py:190} INFO - 💌message is sending....
[2025-05-22T00:06:04.562+0000] {logging_mixin.py:190} INFO - 💌message is sending....
[2025-05-22T00:06:04.621+0000] {logging_mixin.py:190} INFO - 💌message is sending....
[2025-05-22T00:06:04.676+0000] {logging_mixin.py:190} INFO - 💌message is sending....
[2025-05-22T00:06:04.732+0000] {logging_mixin.py:190} INFO - 💌message is sending....
[2025-05-22T00:06:04.786+0000] {logging_mixin.py:190} INFO - 💌message is sending....
[2025-05-22T00:06:04.840+0000] {logging_mixin.py:190} INFO - 💌message is sending....
[2025-05-22T00:06:04.894+0000] {logging_mixin.py:190} INFO - 💌message is sending....
[2025-05-22T00:06:04.949+0000] {logging_mixin.py:190} INFO - 💌message is sending....
[2025-05-22T00:06:05.006+0000] {logging_mixin.py:190} INFO - 💌message is sending....
[2025-05-22T00:06:05.060+0000] {logging_mixin.py:190} INFO - 💌message is sending....
[2025-05-22T00:06:05.124+0000] {logging_mixin.py:190} INFO - 💌message is sending....
[2025-05-22T00:06:05.180+0000] {logging_mixin.py:190} INFO - 💌message is sending....
[2025-05-22T00:06:05.236+0000] {logging_mixin.py:190} INFO - 💌message is sending....
[2025-05-22T00:06:05.299+0000] {logging_mixin.py:190} INFO - 💌message is sending....
[2025-05-22T00:06:05.354+0000] {logging_mixin.py:190} INFO - 💌message is sending....
[2025-05-22T00:06:05.409+0000] {logging_mixin.py:190} INFO - 💌message is sending....
[2025-05-22T00:06:05.464+0000] {logging_mixin.py:190} INFO - 💌message is sending....
[2025-05-22T00:06:05.517+0000] {logging_mixin.py:190} INFO - 💌message is sending....
[2025-05-22T00:06:05.573+0000] {logging_mixin.py:190} INFO - 💌message is sending....
[2025-05-22T00:06:05.627+0000] {logging_mixin.py:190} INFO - 💌message is sending....
[2025-05-22T00:06:05.683+0000] {logging_mixin.py:190} INFO - 💌message is sending....
[2025-05-22T00:06:05.740+0000] {logging_mixin.py:190} INFO - 💌message is sending....
[2025-05-22T00:06:05.795+0000] {logging_mixin.py:190} INFO - 💌message is sending....
[2025-05-22T00:06:05.850+0000] {logging_mixin.py:190} INFO - 💌message is sending....
[2025-05-22T00:06:05.906+0000] {logging_mixin.py:190} INFO - 💌message is sending....
[2025-05-22T00:06:05.961+0000] {logging_mixin.py:190} INFO - 💌message is sending....
[2025-05-22T00:06:06.018+0000] {logging_mixin.py:190} INFO - 💌message is sending....
[2025-05-22T00:06:06.075+0000] {logging_mixin.py:190} INFO - 💌message is sending....
[2025-05-22T00:06:06.132+0000] {logging_mixin.py:190} INFO - 💌message is sending....
[2025-05-22T00:06:06.186+0000] {logging_mixin.py:190} INFO - 💌message is sending....
[2025-05-22T00:06:06.242+0000] {logging_mixin.py:190} INFO - 💌message is sending....
[2025-05-22T00:06:06.298+0000] {logging_mixin.py:190} INFO - 💌message is sending....
[2025-05-22T00:06:06.353+0000] {logging_mixin.py:190} INFO - 💌message is sending....
[2025-05-22T00:06:06.410+0000] {logging_mixin.py:190} INFO - 💌message is sending....
[2025-05-22T00:06:06.463+0000] {logging_mixin.py:190} INFO - 💌message is sending....
[2025-05-22T00:06:06.516+0000] {logging_mixin.py:190} INFO - 💌message is sending....
[2025-05-22T00:06:06.571+0000] {logging_mixin.py:190} INFO - 💌message is sending....
[2025-05-22T00:06:06.625+0000] {logging_mixin.py:190} INFO - 💌message is sending....
[2025-05-22T00:06:06.677+0000] {logging_mixin.py:190} INFO - 💌message is sending....
[2025-05-22T00:06:06.729+0000] {logging_mixin.py:190} INFO - 💌message is sending....
[2025-05-22T00:06:06.782+0000] {logging_mixin.py:190} INFO - 💌message is sending....
[2025-05-22T00:06:06.834+0000] {logging_mixin.py:190} INFO - 💌message is sending....
[2025-05-22T00:06:06.887+0000] {logging_mixin.py:190} INFO - 💌message is sending....
[2025-05-22T00:06:06.940+0000] {logging_mixin.py:190} INFO - 💌message is sending....
[2025-05-22T00:06:06.993+0000] {logging_mixin.py:190} INFO - 💌message is sending....
[2025-05-22T00:06:07.048+0000] {logging_mixin.py:190} INFO - 💌message is sending....
[2025-05-22T00:06:07.105+0000] {logging_mixin.py:190} INFO - 💌message is sending....
[2025-05-22T00:06:07.161+0000] {logging_mixin.py:190} INFO - 💌message is sending....
[2025-05-22T00:06:07.216+0000] {logging_mixin.py:190} INFO - 💌message is sending....
[2025-05-22T00:06:07.271+0000] {logging_mixin.py:190} INFO - 💌message is sending....
[2025-05-22T00:06:07.329+0000] {logging_mixin.py:190} INFO - 💌message is sending....
[2025-05-22T00:06:07.386+0000] {logging_mixin.py:190} INFO - 💌message is sending....
[2025-05-22T00:06:07.446+0000] {logging_mixin.py:190} INFO - 💌message is sending....
[2025-05-22T00:06:07.499+0000] {logging_mixin.py:190} INFO - 💌message is sending....
[2025-05-22T00:06:07.558+0000] {logging_mixin.py:190} INFO - 💌message is sending....
[2025-05-22T00:06:07.614+0000] {logging_mixin.py:190} INFO - 💌message is sending....
[2025-05-22T00:06:07.669+0000] {logging_mixin.py:190} INFO - 💌message is sending....
[2025-05-22T00:06:07.723+0000] {logging_mixin.py:190} INFO - 💌message is sending....
[2025-05-22T00:06:07.781+0000] {logging_mixin.py:190} INFO - 💌message is sending....
[2025-05-22T00:06:07.835+0000] {logging_mixin.py:190} INFO - 💌message is sending....
[2025-05-22T00:06:07.887+0000] {logging_mixin.py:190} INFO - 💌message is sending....
[2025-05-22T00:06:07.941+0000] {logging_mixin.py:190} INFO - 💌message is sending....
[2025-05-22T00:06:07.997+0000] {logging_mixin.py:190} INFO - 💌message is sending....
[2025-05-22T00:06:08.050+0000] {logging_mixin.py:190} INFO - 💌message is sending....
[2025-05-22T00:06:08.105+0000] {logging_mixin.py:190} INFO - 💌message is sending....
[2025-05-22T00:06:08.159+0000] {logging_mixin.py:190} INFO - 💌message is sending....
[2025-05-22T00:06:08.216+0000] {logging_mixin.py:190} INFO - 💌message is sending....
[2025-05-22T00:06:08.270+0000] {logging_mixin.py:190} INFO - 💌message is sending....
[2025-05-22T00:06:08.324+0000] {logging_mixin.py:190} INFO - 💌message is sending....
[2025-05-22T00:06:08.382+0000] {logging_mixin.py:190} INFO - 💌message is sending....
[2025-05-22T00:06:08.439+0000] {logging_mixin.py:190} INFO - 💌message is sending....
[2025-05-22T00:06:08.497+0000] {logging_mixin.py:190} INFO - 💌message is sending....
[2025-05-22T00:06:08.552+0000] {logging_mixin.py:190} INFO - 💌message is sending....
[2025-05-22T00:06:08.606+0000] {logging_mixin.py:190} INFO - 💌message is sending....
[2025-05-22T00:06:08.661+0000] {logging_mixin.py:190} INFO - 💌message is sending....
[2025-05-22T00:06:08.715+0000] {logging_mixin.py:190} INFO - 💌message is sending....
[2025-05-22T00:06:08.771+0000] {logging_mixin.py:190} INFO - 💌message is sending....
[2025-05-22T00:06:08.826+0000] {logging_mixin.py:190} INFO - 💌message is sending....
[2025-05-22T00:06:08.883+0000] {logging_mixin.py:190} INFO - 💌message is sending....
[2025-05-22T00:06:08.939+0000] {logging_mixin.py:190} INFO - 💌message is sending....
[2025-05-22T00:06:08.996+0000] {logging_mixin.py:190} INFO - 💌message is sending....
[2025-05-22T00:06:09.051+0000] {logging_mixin.py:190} INFO - 💌message is sending....
[2025-05-22T00:06:09.107+0000] {logging_mixin.py:190} INFO - 💌message is sending....
[2025-05-22T00:06:09.163+0000] {logging_mixin.py:190} INFO - 💌message is sending....
[2025-05-22T00:06:09.221+0000] {logging_mixin.py:190} INFO - 💌message is sending....
[2025-05-22T00:06:09.277+0000] {logging_mixin.py:190} INFO - 💌message is sending....
[2025-05-22T00:06:09.333+0000] {logging_mixin.py:190} INFO - 💌message is sending....
[2025-05-22T00:06:09.390+0000] {logging_mixin.py:190} INFO - 💌message is sending....
[2025-05-22T00:06:09.445+0000] {logging_mixin.py:190} INFO - 💌message is sending....
[2025-05-22T00:06:09.500+0000] {logging_mixin.py:190} INFO - 💌message is sending....
[2025-05-22T00:06:09.554+0000] {logging_mixin.py:190} INFO - 💌message is sending....
[2025-05-22T00:06:09.609+0000] {logging_mixin.py:190} INFO - 💌message is sending....
[2025-05-22T00:06:09.662+0000] {logging_mixin.py:190} INFO - 💌message is sending....
[2025-05-22T00:06:09.722+0000] {logging_mixin.py:190} INFO - 💌message is sending....
[2025-05-22T00:06:09.778+0000] {logging_mixin.py:190} INFO - 💌message is sending....
[2025-05-22T00:06:09.837+0000] {logging_mixin.py:190} INFO - 💌message is sending....
[2025-05-22T00:06:09.893+0000] {logging_mixin.py:190} INFO - 💌message is sending....
[2025-05-22T00:06:09.948+0000] {logging_mixin.py:190} INFO - 💌message is sending....
[2025-05-22T00:06:10.004+0000] {logging_mixin.py:190} INFO - 💌message is sending....
[2025-05-22T00:06:10.066+0000] {logging_mixin.py:190} INFO - 💌message is sending....
[2025-05-22T00:06:10.122+0000] {logging_mixin.py:190} INFO - 💌message is sending....
[2025-05-22T00:06:10.181+0000] {logging_mixin.py:190} INFO - 💌message is sending....
[2025-05-22T00:06:10.235+0000] {logging_mixin.py:190} INFO - 💌message is sending....
[2025-05-22T00:06:10.290+0000] {logging_mixin.py:190} INFO - 💌message is sending....
[2025-05-22T00:06:10.348+0000] {logging_mixin.py:190} INFO - 💌message is sending....
[2025-05-22T00:06:10.401+0000] {logging_mixin.py:190} INFO - 💌message is sending....
[2025-05-22T00:06:10.455+0000] {logging_mixin.py:190} INFO - 💌message is sending....
[2025-05-22T00:06:10.508+0000] {logging_mixin.py:190} INFO - 💌message is sending....
[2025-05-22T00:06:10.564+0000] {logging_mixin.py:190} INFO - 💌message is sending....
[2025-05-22T00:06:10.621+0000] {logging_mixin.py:190} INFO - 💌message is sending....
[2025-05-22T00:06:10.679+0000] {logging_mixin.py:190} INFO - 💌message is sending....
[2025-05-22T00:06:10.736+0000] {logging_mixin.py:190} INFO - 💌message is sending....
[2025-05-22T00:06:10.791+0000] {logging_mixin.py:190} INFO - 💌message is sending....
[2025-05-22T00:06:10.849+0000] {logging_mixin.py:190} INFO - 💌message is sending....
[2025-05-22T00:06:10.903+0000] {logging_mixin.py:190} INFO - 💌message is sending....
[2025-05-22T00:06:10.960+0000] {logging_mixin.py:190} INFO - 💌message is sending....
[2025-05-22T00:06:11.012+0000] {logging_mixin.py:190} INFO - 💌message is sending....
[2025-05-22T00:06:11.064+0000] {logging_mixin.py:190} INFO - 💌message is sending....
[2025-05-22T00:06:11.122+0000] {logging_mixin.py:190} INFO - 💌message is sending....
[2025-05-22T00:06:11.177+0000] {logging_mixin.py:190} INFO - 💌message is sending....
[2025-05-22T00:06:11.232+0000] {logging_mixin.py:190} INFO - 💌message is sending....
[2025-05-22T00:06:11.285+0000] {logging_mixin.py:190} INFO - 💌message is sending....
[2025-05-22T00:06:11.337+0000] {logging_mixin.py:190} INFO - 💌message is sending....
[2025-05-22T00:06:11.393+0000] {logging_mixin.py:190} INFO - 💌message is sending....
[2025-05-22T00:06:11.449+0000] {logging_mixin.py:190} INFO - 💌message is sending....
[2025-05-22T00:06:11.506+0000] {logging_mixin.py:190} INFO - 💌message is sending....
[2025-05-22T00:06:11.560+0000] {logging_mixin.py:190} INFO - 💌message is sending....
[2025-05-22T00:06:11.618+0000] {logging_mixin.py:190} INFO - 💌message is sending....
[2025-05-22T00:06:11.676+0000] {logging_mixin.py:190} INFO - 💌message is sending....
[2025-05-22T00:06:11.733+0000] {logging_mixin.py:190} INFO - 💌message is sending....
[2025-05-22T00:06:11.790+0000] {logging_mixin.py:190} INFO - 💌message is sending....
[2025-05-22T00:06:11.849+0000] {logging_mixin.py:190} INFO - 💌message is sending....
[2025-05-22T00:06:11.906+0000] {logging_mixin.py:190} INFO - 💌message is sending....
[2025-05-22T00:06:11.961+0000] {logging_mixin.py:190} INFO - 💌message is sending....
[2025-05-22T00:06:12.016+0000] {logging_mixin.py:190} INFO - 💌message is sending....
[2025-05-22T00:06:12.077+0000] {logging_mixin.py:190} INFO - 💌message is sending....
[2025-05-22T00:06:12.134+0000] {logging_mixin.py:190} INFO - 💌message is sending....
[2025-05-22T00:06:12.189+0000] {logging_mixin.py:190} INFO - 💌message is sending....
[2025-05-22T00:06:12.244+0000] {logging_mixin.py:190} INFO - 💌message is sending....
[2025-05-22T00:06:12.299+0000] {logging_mixin.py:190} INFO - 💌message is sending....
[2025-05-22T00:06:12.352+0000] {logging_mixin.py:190} INFO - 💌message is sending....
[2025-05-22T00:06:12.408+0000] {logging_mixin.py:190} INFO - 💌message is sending....
[2025-05-22T00:06:12.467+0000] {logging_mixin.py:190} INFO - 💌message is sending....
[2025-05-22T00:06:12.523+0000] {logging_mixin.py:190} INFO - 💌message is sending....
[2025-05-22T00:06:12.581+0000] {logging_mixin.py:190} INFO - 💌message is sending....
[2025-05-22T00:06:12.639+0000] {logging_mixin.py:190} INFO - 💌message is sending....
[2025-05-22T00:06:12.694+0000] {logging_mixin.py:190} INFO - 💌message is sending....
[2025-05-22T00:06:12.751+0000] {logging_mixin.py:190} INFO - 💌message is sending....
[2025-05-22T00:06:12.808+0000] {logging_mixin.py:190} INFO - 💌message is sending....
[2025-05-22T00:06:12.864+0000] {logging_mixin.py:190} INFO - 💌message is sending....
[2025-05-22T00:06:12.918+0000] {logging_mixin.py:190} INFO - 💌message is sending....
[2025-05-22T00:06:12.975+0000] {logging_mixin.py:190} INFO - 💌message is sending....
[2025-05-22T00:06:13.030+0000] {logging_mixin.py:190} INFO - 💌message is sending....
[2025-05-22T00:06:13.089+0000] {logging_mixin.py:190} INFO - 💌message is sending....
[2025-05-22T00:06:13.145+0000] {logging_mixin.py:190} INFO - 💌message is sending....
[2025-05-22T00:06:13.200+0000] {logging_mixin.py:190} INFO - 💌message is sending....
[2025-05-22T00:06:13.255+0000] {logging_mixin.py:190} INFO - 💌message is sending....
[2025-05-22T00:06:13.310+0000] {logging_mixin.py:190} INFO - 💌message is sending....
[2025-05-22T00:06:13.363+0000] {logging_mixin.py:190} INFO - 💌message is sending....
[2025-05-22T00:06:13.418+0000] {logging_mixin.py:190} INFO - 💌message is sending....
[2025-05-22T00:06:13.478+0000] {logging_mixin.py:190} INFO - 💌message is sending....
[2025-05-22T00:06:13.535+0000] {logging_mixin.py:190} INFO - 💌message is sending....
[2025-05-22T00:06:13.596+0000] {logging_mixin.py:190} INFO - 💌message is sending....
[2025-05-22T00:06:13.652+0000] {logging_mixin.py:190} INFO - 💌message is sending....
[2025-05-22T00:06:13.708+0000] {logging_mixin.py:190} INFO - 💌message is sending....
[2025-05-22T00:06:13.763+0000] {logging_mixin.py:190} INFO - 💌message is sending....
[2025-05-22T00:06:13.820+0000] {logging_mixin.py:190} INFO - 💌message is sending....
[2025-05-22T00:06:13.877+0000] {logging_mixin.py:190} INFO - 💌message is sending....
[2025-05-22T00:06:13.933+0000] {logging_mixin.py:190} INFO - 💌message is sending....
[2025-05-22T00:06:13.992+0000] {logging_mixin.py:190} INFO - 💌message is sending....
[2025-05-22T00:06:14.046+0000] {logging_mixin.py:190} INFO - 💌message is sending....
[2025-05-22T00:06:14.102+0000] {logging_mixin.py:190} INFO - 💌message is sending....
[2025-05-22T00:06:14.160+0000] {logging_mixin.py:190} INFO - 💌message is sending....
[2025-05-22T00:06:14.218+0000] {logging_mixin.py:190} INFO - 💌message is sending....
[2025-05-22T00:06:14.278+0000] {logging_mixin.py:190} INFO - 💌message is sending....
[2025-05-22T00:06:14.334+0000] {logging_mixin.py:190} INFO - 💌message is sending....
[2025-05-22T00:06:14.394+0000] {logging_mixin.py:190} INFO - 💌message is sending....
[2025-05-22T00:06:14.450+0000] {logging_mixin.py:190} INFO - 💌message is sending....
[2025-05-22T00:06:14.502+0000] {logging_mixin.py:190} INFO - 💌message is sending....
[2025-05-22T00:06:14.556+0000] {logging_mixin.py:190} INFO - 💌message is sending....
[2025-05-22T00:06:14.611+0000] {logging_mixin.py:190} INFO - 💌message is sending....
[2025-05-22T00:06:14.667+0000] {logging_mixin.py:190} INFO - 💌message is sending....
[2025-05-22T00:06:14.723+0000] {logging_mixin.py:190} INFO - 💌message is sending....
[2025-05-22T00:06:14.779+0000] {logging_mixin.py:190} INFO - 💌message is sending....
[2025-05-22T00:06:14.838+0000] {logging_mixin.py:190} INFO - 💌message is sending....
[2025-05-22T00:06:14.895+0000] {logging_mixin.py:190} INFO - 💌message is sending....
[2025-05-22T00:06:14.950+0000] {logging_mixin.py:190} INFO - 💌message is sending....
[2025-05-22T00:06:15.006+0000] {logging_mixin.py:190} INFO - 💌message is sending....
[2025-05-22T00:06:15.061+0000] {logging_mixin.py:190} INFO - 💌message is sending....
[2025-05-22T00:06:15.120+0000] {logging_mixin.py:190} INFO - 💌message is sending....
[2025-05-22T00:06:15.178+0000] {logging_mixin.py:190} INFO - 💌message is sending....
[2025-05-22T00:06:15.235+0000] {logging_mixin.py:190} INFO - 💌message is sending....
[2025-05-22T00:06:15.289+0000] {logging_mixin.py:190} INFO - 💌message is sending....
[2025-05-22T00:06:15.344+0000] {logging_mixin.py:190} INFO - 💌message is sending....
[2025-05-22T00:06:15.400+0000] {logging_mixin.py:190} INFO - 💌message is sending....
[2025-05-22T00:06:15.454+0000] {logging_mixin.py:190} INFO - 💌message is sending....
[2025-05-22T00:06:15.507+0000] {logging_mixin.py:190} INFO - 💌message is sending....
[2025-05-22T00:06:15.561+0000] {logging_mixin.py:190} INFO - 💌message is sending....
[2025-05-22T00:06:15.620+0000] {logging_mixin.py:190} INFO - 💌message is sending....
[2025-05-22T00:06:15.675+0000] {logging_mixin.py:190} INFO - 💌message is sending....
[2025-05-22T00:06:15.731+0000] {logging_mixin.py:190} INFO - 💌message is sending....
[2025-05-22T00:06:15.787+0000] {logging_mixin.py:190} INFO - 💌message is sending....
[2025-05-22T00:06:15.843+0000] {logging_mixin.py:190} INFO - 💌message is sending....
[2025-05-22T00:06:15.900+0000] {logging_mixin.py:190} INFO - 💌message is sending....
[2025-05-22T00:06:15.957+0000] {logging_mixin.py:190} INFO - 💌message is sending....
[2025-05-22T00:06:16.018+0000] {logging_mixin.py:190} INFO - 💌message is sending....
[2025-05-22T00:06:16.077+0000] {logging_mixin.py:190} INFO - 💌message is sending....
[2025-05-22T00:06:16.134+0000] {logging_mixin.py:190} INFO - 💌message is sending....
[2025-05-22T00:06:16.189+0000] {logging_mixin.py:190} INFO - 💌message is sending....
[2025-05-22T00:06:16.246+0000] {logging_mixin.py:190} INFO - 💌message is sending....
[2025-05-22T00:06:16.302+0000] {logging_mixin.py:190} INFO - 💌message is sending....
[2025-05-22T00:06:16.362+0000] {logging_mixin.py:190} INFO - 💌message is sending....
[2025-05-22T00:06:16.419+0000] {logging_mixin.py:190} INFO - 💌message is sending....
[2025-05-22T00:06:16.476+0000] {logging_mixin.py:190} INFO - 💌message is sending....
[2025-05-22T00:06:16.533+0000] {logging_mixin.py:190} INFO - 💌message is sending....
[2025-05-22T00:06:16.587+0000] {logging_mixin.py:190} INFO - 💌message is sending....
[2025-05-22T00:06:16.643+0000] {logging_mixin.py:190} INFO - 💌message is sending....
[2025-05-22T00:06:16.699+0000] {logging_mixin.py:190} INFO - 💌message is sending....
[2025-05-22T00:06:16.754+0000] {logging_mixin.py:190} INFO - 💌message is sending....
[2025-05-22T00:06:16.811+0000] {logging_mixin.py:190} INFO - 💌message is sending....
[2025-05-22T00:06:16.868+0000] {logging_mixin.py:190} INFO - 💌message is sending....
[2025-05-22T00:06:16.926+0000] {logging_mixin.py:190} INFO - 💌message is sending....
[2025-05-22T00:06:16.980+0000] {logging_mixin.py:190} INFO - 💌message is sending....
[2025-05-22T00:06:17.035+0000] {logging_mixin.py:190} INFO - 💌message is sending....
[2025-05-22T00:06:17.087+0000] {logging_mixin.py:190} INFO - 💌message is sending....
[2025-05-22T00:06:17.140+0000] {logging_mixin.py:190} INFO - 💌message is sending....
[2025-05-22T00:06:17.193+0000] {logging_mixin.py:190} INFO - 💌message is sending....
[2025-05-22T00:06:17.248+0000] {logging_mixin.py:190} INFO - 💌message is sending....
[2025-05-22T00:06:17.303+0000] {logging_mixin.py:190} INFO - 💌message is sending....
[2025-05-22T00:06:17.360+0000] {logging_mixin.py:190} INFO - 💌message is sending....
[2025-05-22T00:06:17.418+0000] {logging_mixin.py:190} INFO - 💌message is sending....
[2025-05-22T00:06:17.477+0000] {logging_mixin.py:190} INFO - 💌message is sending....
[2025-05-22T00:06:17.531+0000] {logging_mixin.py:190} INFO - 💌message is sending....
[2025-05-22T00:06:17.585+0000] {logging_mixin.py:190} INFO - 💌message is sending....
[2025-05-22T00:06:17.640+0000] {logging_mixin.py:190} INFO - 💌message is sending....
[2025-05-22T00:06:17.696+0000] {logging_mixin.py:190} INFO - 💌message is sending....
[2025-05-22T00:06:17.753+0000] {logging_mixin.py:190} INFO - 💌message is sending....
[2025-05-22T00:06:17.808+0000] {logging_mixin.py:190} INFO - 💌message is sending....
[2025-05-22T00:06:17.864+0000] {logging_mixin.py:190} INFO - 💌message is sending....
[2025-05-22T00:06:17.919+0000] {logging_mixin.py:190} INFO - 💌message is sending....
[2025-05-22T00:06:17.980+0000] {logging_mixin.py:190} INFO - 💌message is sending....
[2025-05-22T00:06:18.036+0000] {logging_mixin.py:190} INFO - 💌message is sending....
[2025-05-22T00:06:18.093+0000] {logging_mixin.py:190} INFO - 💌message is sending....
[2025-05-22T00:06:18.149+0000] {logging_mixin.py:190} INFO - 💌message is sending....
[2025-05-22T00:06:18.203+0000] {logging_mixin.py:190} INFO - 💌message is sending....
[2025-05-22T00:06:18.256+0000] {logging_mixin.py:190} INFO - 💌message is sending....
[2025-05-22T00:06:18.309+0000] {logging_mixin.py:190} INFO - 💌message is sending....
[2025-05-22T00:06:18.364+0000] {logging_mixin.py:190} INFO - 💌message is sending....
[2025-05-22T00:06:18.422+0000] {logging_mixin.py:190} INFO - 💌message is sending....
[2025-05-22T00:06:18.479+0000] {logging_mixin.py:190} INFO - 💌message is sending....
[2025-05-22T00:06:18.534+0000] {logging_mixin.py:190} INFO - 💌message is sending....
[2025-05-22T00:06:18.589+0000] {logging_mixin.py:190} INFO - 💌message is sending....
[2025-05-22T00:06:18.645+0000] {logging_mixin.py:190} INFO - 💌message is sending....
[2025-05-22T00:06:18.699+0000] {logging_mixin.py:190} INFO - 💌message is sending....
[2025-05-22T00:06:18.758+0000] {logging_mixin.py:190} INFO - 💌message is sending....
[2025-05-22T00:06:18.817+0000] {logging_mixin.py:190} INFO - 💌message is sending....
[2025-05-22T00:06:18.873+0000] {logging_mixin.py:190} INFO - 💌message is sending....
[2025-05-22T00:06:18.929+0000] {logging_mixin.py:190} INFO - 💌message is sending....
[2025-05-22T00:06:18.986+0000] {logging_mixin.py:190} INFO - 💌message is sending....
[2025-05-22T00:06:19.041+0000] {logging_mixin.py:190} INFO - 💌message is sending....
[2025-05-22T00:06:19.100+0000] {logging_mixin.py:190} INFO - 💌message is sending....
[2025-05-22T00:06:19.158+0000] {logging_mixin.py:190} INFO - 💌message is sending....
[2025-05-22T00:06:19.214+0000] {logging_mixin.py:190} INFO - 💌message is sending....
[2025-05-22T00:06:19.269+0000] {logging_mixin.py:190} INFO - 💌message is sending....
[2025-05-22T00:06:19.321+0000] {logging_mixin.py:190} INFO - 💌message is sending....
[2025-05-22T00:06:19.377+0000] {logging_mixin.py:190} INFO - 💌message is sending....
[2025-05-22T00:06:19.433+0000] {logging_mixin.py:190} INFO - 💌message is sending....
[2025-05-22T00:06:19.490+0000] {logging_mixin.py:190} INFO - 💌message is sending....
[2025-05-22T00:06:19.546+0000] {logging_mixin.py:190} INFO - 💌message is sending....
[2025-05-22T00:06:19.604+0000] {logging_mixin.py:190} INFO - 💌message is sending....
[2025-05-22T00:06:19.660+0000] {logging_mixin.py:190} INFO - 💌message is sending....
[2025-05-22T00:06:19.719+0000] {logging_mixin.py:190} INFO - 💌message is sending....
[2025-05-22T00:06:19.776+0000] {logging_mixin.py:190} INFO - 💌message is sending....
[2025-05-22T00:06:19.833+0000] {logging_mixin.py:190} INFO - 💌message is sending....
[2025-05-22T00:06:19.889+0000] {logging_mixin.py:190} INFO - 💌message is sending....
[2025-05-22T00:06:19.946+0000] {logging_mixin.py:190} INFO - 💌message is sending....
[2025-05-22T00:06:20.001+0000] {logging_mixin.py:190} INFO - 💌message is sending....
[2025-05-22T00:06:20.059+0000] {logging_mixin.py:190} INFO - 💌message is sending....
[2025-05-22T00:06:20.116+0000] {logging_mixin.py:190} INFO - 💌message is sending....
[2025-05-22T00:06:20.168+0000] {logging_mixin.py:190} INFO - 💌message is sending....
[2025-05-22T00:06:20.223+0000] {logging_mixin.py:190} INFO - 💌message is sending....
[2025-05-22T00:06:20.276+0000] {logging_mixin.py:190} INFO - 💌message is sending....
[2025-05-22T00:06:20.330+0000] {logging_mixin.py:190} INFO - 💌message is sending....
[2025-05-22T00:06:20.386+0000] {logging_mixin.py:190} INFO - 💌message is sending....
[2025-05-22T00:06:20.441+0000] {logging_mixin.py:190} INFO - 💌message is sending....
[2025-05-22T00:06:20.496+0000] {logging_mixin.py:190} INFO - 💌message is sending....
[2025-05-22T00:06:20.549+0000] {logging_mixin.py:190} INFO - 💌message is sending....
[2025-05-22T00:06:20.604+0000] {logging_mixin.py:190} INFO - 💌message is sending....
[2025-05-22T00:06:20.660+0000] {logging_mixin.py:190} INFO - 💌message is sending....
[2025-05-22T00:06:20.718+0000] {logging_mixin.py:190} INFO - 💌message is sending....
[2025-05-22T00:06:20.777+0000] {logging_mixin.py:190} INFO - 💌message is sending....
[2025-05-22T00:06:20.833+0000] {logging_mixin.py:190} INFO - 💌message is sending....
[2025-05-22T00:06:20.887+0000] {logging_mixin.py:190} INFO - 💌message is sending....
[2025-05-22T00:06:20.944+0000] {logging_mixin.py:190} INFO - 💌message is sending....
[2025-05-22T00:06:20.999+0000] {logging_mixin.py:190} INFO - 💌message is sending....
[2025-05-22T00:06:21.057+0000] {logging_mixin.py:190} INFO - 💌message is sending....
[2025-05-22T00:06:21.114+0000] {logging_mixin.py:190} INFO - 💌message is sending....
[2025-05-22T00:06:21.170+0000] {logging_mixin.py:190} INFO - 💌message is sending....
[2025-05-22T00:06:21.227+0000] {logging_mixin.py:190} INFO - 💌message is sending....
[2025-05-22T00:06:21.280+0000] {logging_mixin.py:190} INFO - 💌message is sending....
[2025-05-22T00:06:21.333+0000] {logging_mixin.py:190} INFO - 💌message is sending....
[2025-05-22T00:06:21.386+0000] {logging_mixin.py:190} INFO - 💌message is sending....
[2025-05-22T00:06:21.442+0000] {logging_mixin.py:190} INFO - 💌message is sending....
[2025-05-22T00:06:21.498+0000] {logging_mixin.py:190} INFO - 💌message is sending....
[2025-05-22T00:06:21.554+0000] {logging_mixin.py:190} INFO - 💌message is sending....
[2025-05-22T00:06:21.609+0000] {logging_mixin.py:190} INFO - 💌message is sending....
[2025-05-22T00:06:21.664+0000] {logging_mixin.py:190} INFO - 💌message is sending....
[2025-05-22T00:06:21.718+0000] {logging_mixin.py:190} INFO - 💌message is sending....
[2025-05-22T00:06:21.775+0000] {logging_mixin.py:190} INFO - 💌message is sending....
[2025-05-22T00:06:21.830+0000] {logging_mixin.py:190} INFO - 💌message is sending....
[2025-05-22T00:06:21.886+0000] {logging_mixin.py:190} INFO - 💌message is sending....
[2025-05-22T00:06:21.942+0000] {logging_mixin.py:190} INFO - 💌message is sending....
[2025-05-22T00:06:21.998+0000] {logging_mixin.py:190} INFO - 💌message is sending....
[2025-05-22T00:06:22.053+0000] {logging_mixin.py:190} INFO - 💌message is sending....
[2025-05-22T00:06:22.109+0000] {logging_mixin.py:190} INFO - 💌message is sending....
[2025-05-22T00:06:22.168+0000] {logging_mixin.py:190} INFO - 💌message is sending....
[2025-05-22T00:06:22.223+0000] {logging_mixin.py:190} INFO - 💌message is sending....
[2025-05-22T00:06:22.278+0000] {logging_mixin.py:190} INFO - 💌message is sending....
[2025-05-22T00:06:22.331+0000] {logging_mixin.py:190} INFO - 💌message is sending....
[2025-05-22T00:06:22.385+0000] {logging_mixin.py:190} INFO - 💌message is sending....
[2025-05-22T00:06:22.437+0000] {logging_mixin.py:190} INFO - 💌message is sending....
[2025-05-22T00:06:22.493+0000] {logging_mixin.py:190} INFO - 💌message is sending....
[2025-05-22T00:06:22.549+0000] {logging_mixin.py:190} INFO - 💌message is sending....
[2025-05-22T00:06:22.605+0000] {logging_mixin.py:190} INFO - 💌message is sending....
[2025-05-22T00:06:22.661+0000] {logging_mixin.py:190} INFO - 💌message is sending....
[2025-05-22T00:06:22.715+0000] {logging_mixin.py:190} INFO - 💌message is sending....
[2025-05-22T00:06:22.771+0000] {logging_mixin.py:190} INFO - 💌message is sending....
[2025-05-22T00:06:22.826+0000] {logging_mixin.py:190} INFO - 💌message is sending....
[2025-05-22T00:06:22.882+0000] {logging_mixin.py:190} INFO - 💌message is sending....
[2025-05-22T00:06:22.939+0000] {logging_mixin.py:190} INFO - 💌message is sending....
[2025-05-22T00:06:22.995+0000] {logging_mixin.py:190} INFO - 💌message is sending....
[2025-05-22T00:06:23.050+0000] {logging_mixin.py:190} INFO - 💌message is sending....
[2025-05-22T00:06:23.107+0000] {logging_mixin.py:190} INFO - 💌message is sending....
[2025-05-22T00:06:23.162+0000] {logging_mixin.py:190} INFO - 💌message is sending....
[2025-05-22T00:06:23.215+0000] {logging_mixin.py:190} INFO - 💌message is sending....
[2025-05-22T00:06:23.269+0000] {logging_mixin.py:190} INFO - 💌message is sending....
[2025-05-22T00:06:23.325+0000] {logging_mixin.py:190} INFO - 💌message is sending....
[2025-05-22T00:06:23.379+0000] {logging_mixin.py:190} INFO - 💌message is sending....
[2025-05-22T00:06:23.432+0000] {logging_mixin.py:190} INFO - 💌message is sending....
[2025-05-22T00:06:23.486+0000] {logging_mixin.py:190} INFO - 💌message is sending....
[2025-05-22T00:06:23.542+0000] {logging_mixin.py:190} INFO - 💌message is sending....
[2025-05-22T00:06:23.597+0000] {logging_mixin.py:190} INFO - 💌message is sending....
[2025-05-22T00:06:23.652+0000] {logging_mixin.py:190} INFO - 💌message is sending....
[2025-05-22T00:06:23.707+0000] {logging_mixin.py:190} INFO - 💌message is sending....
[2025-05-22T00:06:23.762+0000] {logging_mixin.py:190} INFO - 💌message is sending....
[2025-05-22T00:06:23.819+0000] {logging_mixin.py:190} INFO - 💌message is sending....
[2025-05-22T00:06:23.876+0000] {logging_mixin.py:190} INFO - 💌message is sending....
[2025-05-22T00:06:23.935+0000] {logging_mixin.py:190} INFO - 💌message is sending....
[2025-05-22T00:06:23.993+0000] {logging_mixin.py:190} INFO - 💌message is sending....
[2025-05-22T00:06:24.048+0000] {logging_mixin.py:190} INFO - 💌message is sending....
[2025-05-22T00:06:24.106+0000] {logging_mixin.py:190} INFO - 💌message is sending....
[2025-05-22T00:06:24.164+0000] {logging_mixin.py:190} INFO - 💌message is sending....
[2025-05-22T00:06:24.220+0000] {logging_mixin.py:190} INFO - 💌message is sending....
[2025-05-22T00:06:24.277+0000] {logging_mixin.py:190} INFO - 💌message is sending....
[2025-05-22T00:06:24.332+0000] {logging_mixin.py:190} INFO - 💌message is sending....
[2025-05-22T00:06:24.387+0000] {logging_mixin.py:190} INFO - 💌message is sending....
[2025-05-22T00:06:24.441+0000] {logging_mixin.py:190} INFO - 💌message is sending....
[2025-05-22T00:06:24.495+0000] {logging_mixin.py:190} INFO - 💌message is sending....
[2025-05-22T00:06:24.547+0000] {logging_mixin.py:190} INFO - 💌message is sending....
[2025-05-22T00:06:24.599+0000] {logging_mixin.py:190} INFO - 💌message is sending....
[2025-05-22T00:06:24.655+0000] {logging_mixin.py:190} INFO - 💌message is sending....
[2025-05-22T00:06:24.710+0000] {logging_mixin.py:190} INFO - 💌message is sending....
[2025-05-22T00:06:24.766+0000] {logging_mixin.py:190} INFO - 💌message is sending....
[2025-05-22T00:06:24.821+0000] {logging_mixin.py:190} INFO - 💌message is sending....
[2025-05-22T00:06:24.878+0000] {logging_mixin.py:190} INFO - 💌message is sending....
[2025-05-22T00:06:24.934+0000] {logging_mixin.py:190} INFO - 💌message is sending....
[2025-05-22T00:06:24.993+0000] {logging_mixin.py:190} INFO - 💌message is sending....
[2025-05-22T00:06:25.049+0000] {logging_mixin.py:190} INFO - 💌message is sending....
[2025-05-22T00:06:25.106+0000] {logging_mixin.py:190} INFO - 💌message is sending....
[2025-05-22T00:06:25.162+0000] {logging_mixin.py:190} INFO - 💌message is sending....
[2025-05-22T00:06:25.218+0000] {logging_mixin.py:190} INFO - 💌message is sending....
[2025-05-22T00:06:25.275+0000] {logging_mixin.py:190} INFO - 💌message is sending....
[2025-05-22T00:06:25.331+0000] {logging_mixin.py:190} INFO - 💌message is sending....
[2025-05-22T00:06:25.388+0000] {logging_mixin.py:190} INFO - 💌message is sending....
[2025-05-22T00:06:25.442+0000] {logging_mixin.py:190} INFO - 💌message is sending....
[2025-05-22T00:06:25.493+0000] {logging_mixin.py:190} INFO - 💌message is sending....
[2025-05-22T00:06:25.546+0000] {logging_mixin.py:190} INFO - 💌message is sending....
[2025-05-22T00:06:25.600+0000] {logging_mixin.py:190} INFO - 💌message is sending....
[2025-05-22T00:06:25.651+0000] {logging_mixin.py:190} INFO - 💌message is sending....
[2025-05-22T00:06:25.704+0000] {logging_mixin.py:190} INFO - 💌message is sending....
[2025-05-22T00:06:25.755+0000] {logging_mixin.py:190} INFO - 💌message is sending....
[2025-05-22T00:06:25.807+0000] {logging_mixin.py:190} INFO - 💌message is sending....
[2025-05-22T00:06:25.858+0000] {logging_mixin.py:190} INFO - 💌message is sending....
[2025-05-22T00:06:25.910+0000] {logging_mixin.py:190} INFO - 💌message is sending....
[2025-05-22T00:06:25.963+0000] {logging_mixin.py:190} INFO - 💌message is sending....
[2025-05-22T00:06:26.014+0000] {logging_mixin.py:190} INFO - 💌message is sending....
[2025-05-22T00:06:26.066+0000] {logging_mixin.py:190} INFO - 💌message is sending....
[2025-05-22T00:06:26.120+0000] {logging_mixin.py:190} INFO - 💌message is sending....
[2025-05-22T00:06:26.172+0000] {logging_mixin.py:190} INFO - 💌message is sending....
[2025-05-22T00:06:26.223+0000] {logging_mixin.py:190} INFO - 💌message is sending....
[2025-05-22T00:06:26.274+0000] {logging_mixin.py:190} INFO - 💌message is sending....
[2025-05-22T00:06:26.331+0000] {logging_mixin.py:190} INFO - 💌message is sending....
[2025-05-22T00:06:26.385+0000] {logging_mixin.py:190} INFO - 💌message is sending....
[2025-05-22T00:06:26.436+0000] {logging_mixin.py:190} INFO - 💌message is sending....
[2025-05-22T00:06:26.487+0000] {logging_mixin.py:190} INFO - 💌message is sending....
[2025-05-22T00:06:26.538+0000] {logging_mixin.py:190} INFO - 💌message is sending....
[2025-05-22T00:06:26.589+0000] {logging_mixin.py:190} INFO - 💌message is sending....
[2025-05-22T00:06:26.640+0000] {logging_mixin.py:190} INFO - 💌message is sending....
[2025-05-22T00:06:26.692+0000] {logging_mixin.py:190} INFO - 💌message is sending....
[2025-05-22T00:06:26.744+0000] {logging_mixin.py:190} INFO - 💌message is sending....
[2025-05-22T00:06:26.799+0000] {logging_mixin.py:190} INFO - 💌message is sending....
[2025-05-22T00:06:26.850+0000] {logging_mixin.py:190} INFO - 💌message is sending....
[2025-05-22T00:06:26.904+0000] {logging_mixin.py:190} INFO - 💌message is sending....
[2025-05-22T00:06:26.956+0000] {logging_mixin.py:190} INFO - 💌message is sending....
[2025-05-22T00:06:27.012+0000] {logging_mixin.py:190} INFO - 💌message is sending....
[2025-05-22T00:06:27.069+0000] {logging_mixin.py:190} INFO - 💌message is sending....
[2025-05-22T00:06:27.127+0000] {logging_mixin.py:190} INFO - 💌message is sending....
[2025-05-22T00:06:27.188+0000] {logging_mixin.py:190} INFO - 💌message is sending....
[2025-05-22T00:06:27.243+0000] {logging_mixin.py:190} INFO - 💌message is sending....
[2025-05-22T00:06:27.299+0000] {logging_mixin.py:190} INFO - 💌message is sending....
[2025-05-22T00:06:27.355+0000] {logging_mixin.py:190} INFO - 💌message is sending....
[2025-05-22T00:06:27.410+0000] {logging_mixin.py:190} INFO - 💌message is sending....
[2025-05-22T00:06:27.466+0000] {logging_mixin.py:190} INFO - 💌message is sending....
[2025-05-22T00:06:27.520+0000] {logging_mixin.py:190} INFO - 💌message is sending....
[2025-05-22T00:06:27.573+0000] {logging_mixin.py:190} INFO - 💌message is sending....
[2025-05-22T00:06:27.624+0000] {logging_mixin.py:190} INFO - 💌message is sending....
[2025-05-22T00:06:27.680+0000] {logging_mixin.py:190} INFO - 💌message is sending....
[2025-05-22T00:06:27.731+0000] {logging_mixin.py:190} INFO - 💌message is sending....
[2025-05-22T00:06:27.784+0000] {logging_mixin.py:190} INFO - 💌message is sending....
[2025-05-22T00:06:27.836+0000] {logging_mixin.py:190} INFO - 💌message is sending....
[2025-05-22T00:06:27.887+0000] {logging_mixin.py:190} INFO - 💌message is sending....
[2025-05-22T00:06:27.940+0000] {logging_mixin.py:190} INFO - 💌message is sending....
[2025-05-22T00:06:27.992+0000] {logging_mixin.py:190} INFO - 💌message is sending....
[2025-05-22T00:06:28.043+0000] {logging_mixin.py:190} INFO - 💌message is sending....
[2025-05-22T00:06:28.100+0000] {logging_mixin.py:190} INFO - 💌message is sending....
[2025-05-22T00:06:28.153+0000] {logging_mixin.py:190} INFO - 💌message is sending....
[2025-05-22T00:06:28.204+0000] {logging_mixin.py:190} INFO - 💌message is sending....
[2025-05-22T00:06:28.255+0000] {logging_mixin.py:190} INFO - 💌message is sending....
[2025-05-22T00:06:28.307+0000] {logging_mixin.py:190} INFO - 💌message is sending....
[2025-05-22T00:06:28.362+0000] {logging_mixin.py:190} INFO - 💌message is sending....
[2025-05-22T00:06:28.415+0000] {logging_mixin.py:190} INFO - 💌message is sending....
[2025-05-22T00:06:28.467+0000] {logging_mixin.py:190} INFO - 💌message is sending....
[2025-05-22T00:06:28.519+0000] {logging_mixin.py:190} INFO - 💌message is sending....
[2025-05-22T00:06:28.572+0000] {logging_mixin.py:190} INFO - 💌message is sending....
[2025-05-22T00:06:28.626+0000] {logging_mixin.py:190} INFO - 💌message is sending....
[2025-05-22T00:06:28.677+0000] {logging_mixin.py:190} INFO - 💌message is sending....
[2025-05-22T00:06:28.731+0000] {logging_mixin.py:190} INFO - 💌message is sending....
[2025-05-22T00:06:28.785+0000] {logging_mixin.py:190} INFO - 💌message is sending....
[2025-05-22T00:06:28.841+0000] {logging_mixin.py:190} INFO - 💌message is sending....
[2025-05-22T00:06:28.898+0000] {logging_mixin.py:190} INFO - 💌message is sending....
[2025-05-22T00:06:28.956+0000] {logging_mixin.py:190} INFO - 💌message is sending....
[2025-05-22T00:06:29.012+0000] {logging_mixin.py:190} INFO - 💌message is sending....
[2025-05-22T00:06:29.067+0000] {logging_mixin.py:190} INFO - 💌message is sending....
[2025-05-22T00:06:29.124+0000] {logging_mixin.py:190} INFO - 💌message is sending....
[2025-05-22T00:06:29.179+0000] {logging_mixin.py:190} INFO - 💌message is sending....
[2025-05-22T00:06:29.231+0000] {logging_mixin.py:190} INFO - 💌message is sending....
[2025-05-22T00:06:29.285+0000] {logging_mixin.py:190} INFO - 💌message is sending....
[2025-05-22T00:06:29.339+0000] {logging_mixin.py:190} INFO - 💌message is sending....
[2025-05-22T00:06:29.396+0000] {logging_mixin.py:190} INFO - 💌message is sending....
[2025-05-22T00:06:29.452+0000] {logging_mixin.py:190} INFO - 💌message is sending....
[2025-05-22T00:06:29.509+0000] {logging_mixin.py:190} INFO - 💌message is sending....
[2025-05-22T00:06:29.563+0000] {logging_mixin.py:190} INFO - 💌message is sending....
[2025-05-22T00:06:29.619+0000] {logging_mixin.py:190} INFO - 💌message is sending....
[2025-05-22T00:06:29.673+0000] {logging_mixin.py:190} INFO - 💌message is sending....
[2025-05-22T00:06:29.726+0000] {logging_mixin.py:190} INFO - 💌message is sending....
[2025-05-22T00:06:29.779+0000] {logging_mixin.py:190} INFO - 💌message is sending....
[2025-05-22T00:06:29.839+0000] {logging_mixin.py:190} INFO - 💌message is sending....
[2025-05-22T00:06:29.896+0000] {logging_mixin.py:190} INFO - 💌message is sending....
[2025-05-22T00:06:29.953+0000] {logging_mixin.py:190} INFO - 💌message is sending....
[2025-05-22T00:06:30.010+0000] {logging_mixin.py:190} INFO - 💌message is sending....
[2025-05-22T00:06:30.065+0000] {logging_mixin.py:190} INFO - 💌message is sending....
[2025-05-22T00:06:30.120+0000] {logging_mixin.py:190} INFO - 💌message is sending....
[2025-05-22T00:06:30.179+0000] {logging_mixin.py:190} INFO - 💌message is sending....
[2025-05-22T00:06:30.235+0000] {logging_mixin.py:190} INFO - 💌message is sending....
[2025-05-22T00:06:30.292+0000] {logging_mixin.py:190} INFO - 💌message is sending....
[2025-05-22T00:06:30.347+0000] {logging_mixin.py:190} INFO - 💌message is sending....
[2025-05-22T00:06:30.404+0000] {logging_mixin.py:190} INFO - 💌message is sending....
[2025-05-22T00:06:30.460+0000] {logging_mixin.py:190} INFO - 💌message is sending....
[2025-05-22T00:06:30.516+0000] {logging_mixin.py:190} INFO - 💌message is sending....
[2025-05-22T00:06:30.570+0000] {logging_mixin.py:190} INFO - 💌message is sending....
[2025-05-22T00:06:30.625+0000] {logging_mixin.py:190} INFO - 💌message is sending....
[2025-05-22T00:06:30.680+0000] {logging_mixin.py:190} INFO - 💌message is sending....
[2025-05-22T00:06:30.737+0000] {logging_mixin.py:190} INFO - 💌message is sending....
[2025-05-22T00:06:30.794+0000] {logging_mixin.py:190} INFO - 💌message is sending....
[2025-05-22T00:06:30.850+0000] {logging_mixin.py:190} INFO - 💌message is sending....
[2025-05-22T00:06:30.906+0000] {logging_mixin.py:190} INFO - 💌message is sending....
[2025-05-22T00:06:30.963+0000] {logging_mixin.py:190} INFO - 💌message is sending....
[2025-05-22T00:06:31.020+0000] {logging_mixin.py:190} INFO - 💌message is sending....
[2025-05-22T00:06:31.077+0000] {logging_mixin.py:190} INFO - 💌message is sending....
[2025-05-22T00:06:31.131+0000] {logging_mixin.py:190} INFO - 💌message is sending....
[2025-05-22T00:06:31.185+0000] {logging_mixin.py:190} INFO - 💌message is sending....
[2025-05-22T00:06:31.236+0000] {logging_mixin.py:190} INFO - 💌message is sending....
[2025-05-22T00:06:31.289+0000] {logging_mixin.py:190} INFO - 💌message is sending....
[2025-05-22T00:06:31.342+0000] {logging_mixin.py:190} INFO - 💌message is sending....
[2025-05-22T00:06:31.395+0000] {logging_mixin.py:190} INFO - 💌message is sending....
[2025-05-22T00:06:31.448+0000] {logging_mixin.py:190} INFO - 💌message is sending....
[2025-05-22T00:06:31.503+0000] {logging_mixin.py:190} INFO - 💌message is sending....
[2025-05-22T00:06:31.558+0000] {logging_mixin.py:190} INFO - 💌message is sending....
[2025-05-22T00:06:31.614+0000] {logging_mixin.py:190} INFO - 💌message is sending....
[2025-05-22T00:06:31.670+0000] {logging_mixin.py:190} INFO - 💌message is sending....
[2025-05-22T00:06:31.727+0000] {logging_mixin.py:190} INFO - 💌message is sending....
[2025-05-22T00:06:31.781+0000] {logging_mixin.py:190} INFO - 💌message is sending....
[2025-05-22T00:06:31.836+0000] {logging_mixin.py:190} INFO - 💌message is sending....
[2025-05-22T00:06:31.894+0000] {logging_mixin.py:190} INFO - 💌message is sending....
[2025-05-22T00:06:31.950+0000] {logging_mixin.py:190} INFO - 💌message is sending....
[2025-05-22T00:06:32.006+0000] {logging_mixin.py:190} INFO - 💌message is sending....
[2025-05-22T00:06:32.062+0000] {logging_mixin.py:190} INFO - 💌message is sending....
[2025-05-22T00:06:32.118+0000] {logging_mixin.py:190} INFO - 💌message is sending....
[2025-05-22T00:06:32.175+0000] {logging_mixin.py:190} INFO - 💌message is sending....
[2025-05-22T00:06:32.232+0000] {logging_mixin.py:190} INFO - 💌message is sending....
[2025-05-22T00:06:32.288+0000] {logging_mixin.py:190} INFO - 💌message is sending....
[2025-05-22T00:06:32.340+0000] {logging_mixin.py:190} INFO - 💌message is sending....
[2025-05-22T00:06:32.394+0000] {logging_mixin.py:190} INFO - 💌message is sending....
[2025-05-22T00:06:32.446+0000] {logging_mixin.py:190} INFO - 💌message is sending....
[2025-05-22T00:06:32.500+0000] {logging_mixin.py:190} INFO - 💌message is sending....
[2025-05-22T00:06:32.556+0000] {logging_mixin.py:190} INFO - 💌message is sending....
[2025-05-22T00:06:32.613+0000] {logging_mixin.py:190} INFO - 💌message is sending....
[2025-05-22T00:06:32.668+0000] {logging_mixin.py:190} INFO - 💌message is sending....
[2025-05-22T00:06:32.724+0000] {logging_mixin.py:190} INFO - 💌message is sending....
[2025-05-22T00:06:32.780+0000] {logging_mixin.py:190} INFO - 💌message is sending....
[2025-05-22T00:06:32.838+0000] {logging_mixin.py:190} INFO - 💌message is sending....
[2025-05-22T00:06:32.895+0000] {logging_mixin.py:190} INFO - 💌message is sending....
[2025-05-22T00:06:32.954+0000] {logging_mixin.py:190} INFO - 💌message is sending....
[2025-05-22T00:06:33.009+0000] {logging_mixin.py:190} INFO - 💌message is sending....
[2025-05-22T00:06:33.064+0000] {logging_mixin.py:190} INFO - 💌message is sending....
[2025-05-22T00:06:33.119+0000] {logging_mixin.py:190} INFO - 💌message is sending....
[2025-05-22T00:06:33.176+0000] {logging_mixin.py:190} INFO - 💌message is sending....
[2025-05-22T00:06:33.231+0000] {logging_mixin.py:190} INFO - 💌message is sending....
[2025-05-22T00:06:33.288+0000] {logging_mixin.py:190} INFO - 💌message is sending....
[2025-05-22T00:06:33.343+0000] {logging_mixin.py:190} INFO - 💌message is sending....
[2025-05-22T00:06:33.398+0000] {logging_mixin.py:190} INFO - 💌message is sending....
[2025-05-22T00:06:33.452+0000] {logging_mixin.py:190} INFO - 💌message is sending....
[2025-05-22T00:06:33.506+0000] {logging_mixin.py:190} INFO - 💌message is sending....
[2025-05-22T00:06:33.564+0000] {logging_mixin.py:190} INFO - 💌message is sending....
[2025-05-22T00:06:33.622+0000] {logging_mixin.py:190} INFO - 💌message is sending....
[2025-05-22T00:06:33.677+0000] {logging_mixin.py:190} INFO - 💌message is sending....
[2025-05-22T00:06:33.734+0000] {logging_mixin.py:190} INFO - 💌message is sending....
[2025-05-22T00:06:33.789+0000] {logging_mixin.py:190} INFO - 💌message is sending....
[2025-05-22T00:06:33.845+0000] {logging_mixin.py:190} INFO - 💌message is sending....
[2025-05-22T00:06:33.899+0000] {logging_mixin.py:190} INFO - 💌message is sending....
[2025-05-22T00:06:33.957+0000] {logging_mixin.py:190} INFO - 💌message is sending....
[2025-05-22T00:06:34.014+0000] {logging_mixin.py:190} INFO - 💌message is sending....
[2025-05-22T00:06:34.071+0000] {logging_mixin.py:190} INFO - 💌message is sending....
[2025-05-22T00:06:34.127+0000] {logging_mixin.py:190} INFO - 💌message is sending....
[2025-05-22T00:06:34.184+0000] {logging_mixin.py:190} INFO - 💌message is sending....
[2025-05-22T00:06:34.239+0000] {logging_mixin.py:190} INFO - 💌message is sending....
[2025-05-22T00:06:34.295+0000] {logging_mixin.py:190} INFO - 💌message is sending....
[2025-05-22T00:06:34.352+0000] {logging_mixin.py:190} INFO - 💌message is sending....
[2025-05-22T00:06:34.407+0000] {logging_mixin.py:190} INFO - 💌message is sending....
[2025-05-22T00:06:34.461+0000] {logging_mixin.py:190} INFO - 💌message is sending....
[2025-05-22T00:06:34.513+0000] {logging_mixin.py:190} INFO - 💌message is sending....
[2025-05-22T00:06:34.565+0000] {logging_mixin.py:190} INFO - 💌message is sending....
[2025-05-22T00:06:34.618+0000] {logging_mixin.py:190} INFO - 💌message is sending....
[2025-05-22T00:06:34.674+0000] {logging_mixin.py:190} INFO - 💌message is sending....
[2025-05-22T00:06:34.730+0000] {logging_mixin.py:190} INFO - 💌message is sending....
[2025-05-22T00:06:34.785+0000] {logging_mixin.py:190} INFO - 💌message is sending....
[2025-05-22T00:06:34.841+0000] {logging_mixin.py:190} INFO - 💌message is sending....
[2025-05-22T00:06:34.896+0000] {logging_mixin.py:190} INFO - 💌message is sending....
[2025-05-22T00:06:34.952+0000] {logging_mixin.py:190} INFO - 💌message is sending....
[2025-05-22T00:06:35.011+0000] {logging_mixin.py:190} INFO - 💌message is sending....
[2025-05-22T00:06:35.069+0000] {logging_mixin.py:190} INFO - 💌message is sending....
[2025-05-22T00:06:35.122+0000] {logging_mixin.py:190} INFO - 💌message is sending....
[2025-05-22T00:06:35.176+0000] {logging_mixin.py:190} INFO - 💌message is sending....
[2025-05-22T00:06:35.232+0000] {logging_mixin.py:190} INFO - 💌message is sending....
[2025-05-22T00:06:35.286+0000] {logging_mixin.py:190} INFO - 💌message is sending....
[2025-05-22T00:06:35.338+0000] {logging_mixin.py:190} INFO - 💌message is sending....
[2025-05-22T00:06:35.390+0000] {logging_mixin.py:190} INFO - 💌message is sending....
[2025-05-22T00:06:35.444+0000] {logging_mixin.py:190} INFO - 💌message is sending....
[2025-05-22T00:06:35.499+0000] {logging_mixin.py:190} INFO - 💌message is sending....
[2025-05-22T00:06:35.555+0000] {logging_mixin.py:190} INFO - 💌message is sending....
[2025-05-22T00:06:35.608+0000] {logging_mixin.py:190} INFO - 💌message is sending....
[2025-05-22T00:06:35.663+0000] {logging_mixin.py:190} INFO - 💌message is sending....
[2025-05-22T00:06:35.716+0000] {logging_mixin.py:190} INFO - 💌message is sending....
[2025-05-22T00:06:35.770+0000] {logging_mixin.py:190} INFO - 💌message is sending....
[2025-05-22T00:06:35.825+0000] {logging_mixin.py:190} INFO - 💌message is sending....
[2025-05-22T00:06:35.879+0000] {logging_mixin.py:190} INFO - 💌message is sending....
[2025-05-22T00:06:35.947+0000] {logging_mixin.py:190} INFO - 💌message is sending....
[2025-05-22T00:06:36.000+0000] {logging_mixin.py:190} INFO - 💌message is sending....
[2025-05-22T00:06:36.054+0000] {logging_mixin.py:190} INFO - 💌message is sending....
[2025-05-22T00:06:36.108+0000] {logging_mixin.py:190} INFO - 💌message is sending....
[2025-05-22T00:06:36.163+0000] {logging_mixin.py:190} INFO - 💌message is sending....
[2025-05-22T00:06:36.218+0000] {logging_mixin.py:190} INFO - 💌message is sending....
[2025-05-22T00:06:36.273+0000] {logging_mixin.py:190} INFO - 💌message is sending....
[2025-05-22T00:06:36.329+0000] {logging_mixin.py:190} INFO - 💌message is sending....
[2025-05-22T00:06:36.385+0000] {logging_mixin.py:190} INFO - 💌message is sending....
[2025-05-22T00:06:36.440+0000] {logging_mixin.py:190} INFO - 💌message is sending....
[2025-05-22T00:06:36.497+0000] {logging_mixin.py:190} INFO - 💌message is sending....
[2025-05-22T00:06:36.552+0000] {logging_mixin.py:190} INFO - 💌message is sending....
[2025-05-22T00:06:36.607+0000] {logging_mixin.py:190} INFO - 💌message is sending....
[2025-05-22T00:06:36.661+0000] {logging_mixin.py:190} INFO - 💌message is sending....
[2025-05-22T00:06:36.714+0000] {logging_mixin.py:190} INFO - 💌message is sending....
[2025-05-22T00:06:36.768+0000] {logging_mixin.py:190} INFO - 💌message is sending....
[2025-05-22T00:06:36.824+0000] {logging_mixin.py:190} INFO - 💌message is sending....
[2025-05-22T00:06:36.881+0000] {logging_mixin.py:190} INFO - 💌message is sending....
[2025-05-22T00:06:36.936+0000] {logging_mixin.py:190} INFO - 💌message is sending....
[2025-05-22T00:06:36.990+0000] {logging_mixin.py:190} INFO - 💌message is sending....
[2025-05-22T00:06:37.042+0000] {logging_mixin.py:190} INFO - 💌message is sending....
[2025-05-22T00:06:37.095+0000] {logging_mixin.py:190} INFO - 💌message is sending....
[2025-05-22T00:06:37.147+0000] {logging_mixin.py:190} INFO - 💌message is sending....
[2025-05-22T00:06:37.200+0000] {logging_mixin.py:190} INFO - 💌message is sending....
[2025-05-22T00:06:37.254+0000] {logging_mixin.py:190} INFO - 💌message is sending....
[2025-05-22T00:06:37.307+0000] {logging_mixin.py:190} INFO - 💌message is sending....
[2025-05-22T00:06:37.359+0000] {logging_mixin.py:190} INFO - 💌message is sending....
[2025-05-22T00:06:37.410+0000] {logging_mixin.py:190} INFO - 💌message is sending....
[2025-05-22T00:06:37.462+0000] {logging_mixin.py:190} INFO - 💌message is sending....
[2025-05-22T00:06:37.514+0000] {logging_mixin.py:190} INFO - 💌message is sending....
[2025-05-22T00:06:37.567+0000] {logging_mixin.py:190} INFO - 💌message is sending....
[2025-05-22T00:06:37.644+0000] {logging_mixin.py:190} INFO - 💌message is sending....
[2025-05-22T00:06:37.710+0000] {logging_mixin.py:190} INFO - 💌message is sending....
[2025-05-22T00:06:37.762+0000] {logging_mixin.py:190} INFO - 💌message is sending....
[2025-05-22T00:06:37.817+0000] {logging_mixin.py:190} INFO - 💌message is sending....
[2025-05-22T00:06:37.871+0000] {logging_mixin.py:190} INFO - 💌message is sending....
[2025-05-22T00:06:37.923+0000] {logging_mixin.py:190} INFO - 💌message is sending....
[2025-05-22T00:06:37.979+0000] {logging_mixin.py:190} INFO - 💌message is sending....
[2025-05-22T00:06:38.034+0000] {logging_mixin.py:190} INFO - 💌message is sending....
[2025-05-22T00:06:38.089+0000] {logging_mixin.py:190} INFO - 💌message is sending....
[2025-05-22T00:06:38.143+0000] {logging_mixin.py:190} INFO - 💌message is sending....
[2025-05-22T00:06:38.201+0000] {logging_mixin.py:190} INFO - 💌message is sending....
[2025-05-22T00:06:38.258+0000] {logging_mixin.py:190} INFO - 💌message is sending....
[2025-05-22T00:06:38.312+0000] {logging_mixin.py:190} INFO - 💌message is sending....
[2025-05-22T00:06:38.368+0000] {logging_mixin.py:190} INFO - 💌message is sending....
[2025-05-22T00:06:38.423+0000] {logging_mixin.py:190} INFO - 💌message is sending....
[2025-05-22T00:06:38.477+0000] {logging_mixin.py:190} INFO - 💌message is sending....
[2025-05-22T00:06:38.532+0000] {logging_mixin.py:190} INFO - 💌message is sending....
[2025-05-22T00:06:38.586+0000] {logging_mixin.py:190} INFO - 💌message is sending....
[2025-05-22T00:06:38.644+0000] {logging_mixin.py:190} INFO - 💌message is sending....
[2025-05-22T00:06:38.700+0000] {logging_mixin.py:190} INFO - 💌message is sending....
[2025-05-22T00:06:38.759+0000] {logging_mixin.py:190} INFO - 💌message is sending....
[2025-05-22T00:06:38.815+0000] {logging_mixin.py:190} INFO - 💌message is sending....
[2025-05-22T00:06:38.867+0000] {logging_mixin.py:190} INFO - 💌message is sending....
[2025-05-22T00:06:38.920+0000] {logging_mixin.py:190} INFO - 💌message is sending....
[2025-05-22T00:06:38.977+0000] {logging_mixin.py:190} INFO - 💌message is sending....
[2025-05-22T00:06:39.031+0000] {logging_mixin.py:190} INFO - 💌message is sending....
[2025-05-22T00:06:39.087+0000] {logging_mixin.py:190} INFO - 💌message is sending....
[2025-05-22T00:06:39.144+0000] {logging_mixin.py:190} INFO - 💌message is sending....
[2025-05-22T00:06:39.198+0000] {logging_mixin.py:190} INFO - 💌message is sending....
[2025-05-22T00:06:39.258+0000] {logging_mixin.py:190} INFO - 💌message is sending....
[2025-05-22T00:06:39.314+0000] {logging_mixin.py:190} INFO - 💌message is sending....
[2025-05-22T00:06:39.371+0000] {logging_mixin.py:190} INFO - 💌message is sending....
[2025-05-22T00:06:39.428+0000] {logging_mixin.py:190} INFO - 💌message is sending....
[2025-05-22T00:06:39.483+0000] {logging_mixin.py:190} INFO - 💌message is sending....
[2025-05-22T00:06:39.537+0000] {logging_mixin.py:190} INFO - 💌message is sending....
[2025-05-22T00:06:39.592+0000] {logging_mixin.py:190} INFO - 💌message is sending....
[2025-05-22T00:06:39.645+0000] {logging_mixin.py:190} INFO - 💌message is sending....
[2025-05-22T00:06:39.699+0000] {logging_mixin.py:190} INFO - 💌message is sending....
[2025-05-22T00:06:39.758+0000] {logging_mixin.py:190} INFO - 💌message is sending....
[2025-05-22T00:06:39.813+0000] {logging_mixin.py:190} INFO - 💌message is sending....
[2025-05-22T00:06:39.867+0000] {logging_mixin.py:190} INFO - 💌message is sending....
[2025-05-22T00:06:39.920+0000] {logging_mixin.py:190} INFO - 💌message is sending....
[2025-05-22T00:06:39.975+0000] {logging_mixin.py:190} INFO - 💌message is sending....
[2025-05-22T00:06:40.029+0000] {logging_mixin.py:190} INFO - 💌message is sending....
[2025-05-22T00:06:40.084+0000] {logging_mixin.py:190} INFO - 💌message is sending....
[2025-05-22T00:06:40.138+0000] {logging_mixin.py:190} INFO - 💌message is sending....
[2025-05-22T00:06:40.193+0000] {logging_mixin.py:190} INFO - 💌message is sending....
[2025-05-22T00:06:40.250+0000] {logging_mixin.py:190} INFO - 💌message is sending....
[2025-05-22T00:06:40.304+0000] {logging_mixin.py:190} INFO - 💌message is sending....
[2025-05-22T00:06:40.359+0000] {logging_mixin.py:190} INFO - 💌message is sending....
[2025-05-22T00:06:40.415+0000] {logging_mixin.py:190} INFO - 💌message is sending....
[2025-05-22T00:06:40.469+0000] {logging_mixin.py:190} INFO - 💌message is sending....
[2025-05-22T00:06:40.526+0000] {logging_mixin.py:190} INFO - 💌message is sending....
[2025-05-22T00:06:40.582+0000] {logging_mixin.py:190} INFO - 💌message is sending....
[2025-05-22T00:06:40.650+0000] {logging_mixin.py:190} INFO - 💌message is sending....
[2025-05-22T00:06:40.704+0000] {logging_mixin.py:190} INFO - 💌message is sending....
[2025-05-22T00:06:40.757+0000] {logging_mixin.py:190} INFO - 💌message is sending....
[2025-05-22T00:06:40.812+0000] {logging_mixin.py:190} INFO - 💌message is sending....
[2025-05-22T00:06:40.866+0000] {logging_mixin.py:190} INFO - 💌message is sending....
[2025-05-22T00:06:40.922+0000] {logging_mixin.py:190} INFO - 💌message is sending....
[2025-05-22T00:06:40.976+0000] {logging_mixin.py:190} INFO - 💌message is sending....
[2025-05-22T00:06:41.031+0000] {logging_mixin.py:190} INFO - 💌message is sending....
[2025-05-22T00:06:41.085+0000] {logging_mixin.py:190} INFO - 💌message is sending....
[2025-05-22T00:06:41.138+0000] {logging_mixin.py:190} INFO - 💌message is sending....
[2025-05-22T00:06:41.192+0000] {logging_mixin.py:190} INFO - 💌message is sending....
[2025-05-22T00:06:41.248+0000] {logging_mixin.py:190} INFO - 💌message is sending....
[2025-05-22T00:06:41.305+0000] {logging_mixin.py:190} INFO - 💌message is sending....
[2025-05-22T00:06:41.359+0000] {logging_mixin.py:190} INFO - 💌message is sending....
[2025-05-22T00:06:41.412+0000] {logging_mixin.py:190} INFO - 💌message is sending....
[2025-05-22T00:06:41.465+0000] {logging_mixin.py:190} INFO - 💌message is sending....
[2025-05-22T00:06:41.519+0000] {logging_mixin.py:190} INFO - 💌message is sending....
[2025-05-22T00:06:41.574+0000] {logging_mixin.py:190} INFO - 💌message is sending....
[2025-05-22T00:06:41.630+0000] {logging_mixin.py:190} INFO - 💌message is sending....
[2025-05-22T00:06:41.690+0000] {logging_mixin.py:190} INFO - 💌message is sending....
[2025-05-22T00:06:41.747+0000] {logging_mixin.py:190} INFO - 💌message is sending....
[2025-05-22T00:06:41.803+0000] {logging_mixin.py:190} INFO - 💌message is sending....
[2025-05-22T00:06:41.860+0000] {logging_mixin.py:190} INFO - 💌message is sending....
[2025-05-22T00:06:41.921+0000] {logging_mixin.py:190} INFO - 💌message is sending....
[2025-05-22T00:06:41.981+0000] {logging_mixin.py:190} INFO - 💌message is sending....
[2025-05-22T00:06:42.041+0000] {logging_mixin.py:190} INFO - 💌message is sending....
[2025-05-22T00:06:42.097+0000] {logging_mixin.py:190} INFO - 💌message is sending....
[2025-05-22T00:06:42.154+0000] {logging_mixin.py:190} INFO - 💌message is sending....
[2025-05-22T00:06:42.210+0000] {logging_mixin.py:190} INFO - 💌message is sending....
[2025-05-22T00:06:42.267+0000] {logging_mixin.py:190} INFO - 💌message is sending....
[2025-05-22T00:06:42.324+0000] {logging_mixin.py:190} INFO - 💌message is sending....
[2025-05-22T00:06:42.379+0000] {logging_mixin.py:190} INFO - 💌message is sending....
[2025-05-22T00:06:42.436+0000] {logging_mixin.py:190} INFO - 💌message is sending....
[2025-05-22T00:06:42.490+0000] {logging_mixin.py:190} INFO - 💌message is sending....
[2025-05-22T00:06:42.545+0000] {logging_mixin.py:190} INFO - 💌message is sending....
[2025-05-22T00:06:42.599+0000] {logging_mixin.py:190} INFO - 💌message is sending....
[2025-05-22T00:06:42.655+0000] {logging_mixin.py:190} INFO - 💌message is sending....
[2025-05-22T00:06:42.708+0000] {logging_mixin.py:190} INFO - 💌message is sending....
[2025-05-22T00:06:42.763+0000] {logging_mixin.py:190} INFO - 💌message is sending....
[2025-05-22T00:06:42.816+0000] {logging_mixin.py:190} INFO - 💌message is sending....
[2025-05-22T00:06:42.871+0000] {logging_mixin.py:190} INFO - 💌message is sending....
[2025-05-22T00:06:42.925+0000] {logging_mixin.py:190} INFO - 💌message is sending....
[2025-05-22T00:06:42.979+0000] {logging_mixin.py:190} INFO - 💌message is sending....
[2025-05-22T00:06:43.033+0000] {logging_mixin.py:190} INFO - 💌message is sending....
[2025-05-22T00:06:43.088+0000] {logging_mixin.py:190} INFO - 💌message is sending....
[2025-05-22T00:06:43.145+0000] {logging_mixin.py:190} INFO - 💌message is sending....
[2025-05-22T00:06:43.219+0000] {logging_mixin.py:190} INFO - 💌message is sending....
[2025-05-22T00:06:43.274+0000] {logging_mixin.py:190} INFO - 💌message is sending....
[2025-05-22T00:06:43.329+0000] {logging_mixin.py:190} INFO - 💌message is sending....
[2025-05-22T00:06:43.384+0000] {logging_mixin.py:190} INFO - 💌message is sending....
[2025-05-22T00:06:43.438+0000] {logging_mixin.py:190} INFO - 💌message is sending....
[2025-05-22T00:06:43.495+0000] {logging_mixin.py:190} INFO - 💌message is sending....
[2025-05-22T00:06:43.548+0000] {logging_mixin.py:190} INFO - 💌message is sending....
[2025-05-22T00:06:43.605+0000] {logging_mixin.py:190} INFO - 💌message is sending....
[2025-05-22T00:06:43.662+0000] {logging_mixin.py:190} INFO - 💌message is sending....
[2025-05-22T00:06:43.729+0000] {logging_mixin.py:190} INFO - 💌message is sending....
[2025-05-22T00:06:43.782+0000] {logging_mixin.py:190} INFO - 💌message is sending....
[2025-05-22T00:06:43.841+0000] {logging_mixin.py:190} INFO - 💌message is sending....
[2025-05-22T00:06:43.894+0000] {logging_mixin.py:190} INFO - 💌message is sending....
[2025-05-22T00:06:43.950+0000] {logging_mixin.py:190} INFO - 💌message is sending....
[2025-05-22T00:06:44.002+0000] {logging_mixin.py:190} INFO - 💌message is sending....
[2025-05-22T00:06:44.056+0000] {logging_mixin.py:190} INFO - 💌message is sending....
[2025-05-22T00:06:44.110+0000] {logging_mixin.py:190} INFO - 💌message is sending....
[2025-05-22T00:06:44.166+0000] {logging_mixin.py:190} INFO - 💌message is sending....
[2025-05-22T00:06:44.224+0000] {logging_mixin.py:190} INFO - 💌message is sending....
[2025-05-22T00:06:44.279+0000] {logging_mixin.py:190} INFO - 💌message is sending....
[2025-05-22T00:06:44.335+0000] {logging_mixin.py:190} INFO - 💌message is sending....
[2025-05-22T00:06:44.391+0000] {logging_mixin.py:190} INFO - 💌message is sending....
[2025-05-22T00:06:44.448+0000] {logging_mixin.py:190} INFO - 💌message is sending....
[2025-05-22T00:06:44.524+0000] {logging_mixin.py:190} INFO - 💌message is sending....
[2025-05-22T00:06:44.583+0000] {logging_mixin.py:190} INFO - 💌message is sending....
[2025-05-22T00:06:44.636+0000] {logging_mixin.py:190} INFO - 💌message is sending....
[2025-05-22T00:06:44.689+0000] {logging_mixin.py:190} INFO - 💌message is sending....
[2025-05-22T00:06:44.744+0000] {logging_mixin.py:190} INFO - 💌message is sending....
[2025-05-22T00:06:44.799+0000] {logging_mixin.py:190} INFO - 💌message is sending....
[2025-05-22T00:06:44.855+0000] {logging_mixin.py:190} INFO - 💌message is sending....
[2025-05-22T00:06:44.910+0000] {logging_mixin.py:190} INFO - 💌message is sending....
[2025-05-22T00:06:44.967+0000] {logging_mixin.py:190} INFO - 💌message is sending....
[2025-05-22T00:06:45.024+0000] {logging_mixin.py:190} INFO - 💌message is sending....
[2025-05-22T00:06:45.077+0000] {logging_mixin.py:190} INFO - 💌message is sending....
[2025-05-22T00:06:45.137+0000] {logging_mixin.py:190} INFO - 💌message is sending....
[2025-05-22T00:06:45.196+0000] {logging_mixin.py:190} INFO - 💌message is sending....
[2025-05-22T00:06:45.272+0000] {logging_mixin.py:190} INFO - 💌message is sending....
[2025-05-22T00:06:45.326+0000] {logging_mixin.py:190} INFO - 💌message is sending....
[2025-05-22T00:06:45.381+0000] {logging_mixin.py:190} INFO - 💌message is sending....
[2025-05-22T00:06:45.439+0000] {logging_mixin.py:190} INFO - 💌message is sending....
[2025-05-22T00:06:45.493+0000] {logging_mixin.py:190} INFO - 💌message is sending....
[2025-05-22T00:06:45.550+0000] {logging_mixin.py:190} INFO - 💌message is sending....
[2025-05-22T00:06:45.614+0000] {logging_mixin.py:190} INFO - 💌message is sending....
[2025-05-22T00:06:45.665+0000] {logging_mixin.py:190} INFO - 💌message is sending....
[2025-05-22T00:06:45.717+0000] {logging_mixin.py:190} INFO - 💌message is sending....
[2025-05-22T00:06:45.769+0000] {logging_mixin.py:190} INFO - 💌message is sending....
[2025-05-22T00:06:45.824+0000] {logging_mixin.py:190} INFO - 💌message is sending....
[2025-05-22T00:06:45.877+0000] {logging_mixin.py:190} INFO - ✅All messages sent
[2025-05-22T00:06:45.879+0000] {conn.py:919} INFO - <BrokerConnection node_id=1 host=172.16.24.224:9092 <connected> [IPv4 ('172.16.24.224', 9092)]>: Closing connection. 
[2025-05-22T00:06:45.881+0000] {python.py:240} INFO - Done. Returned value was: None
[2025-05-22T00:06:45.903+0000] {taskinstance.py:340} INFO - ::group::Post task execution logs
[2025-05-22T00:06:45.904+0000] {taskinstance.py:352} INFO - Marking task as SUCCESS. dag_id=kafka_to_minio_to_spark, task_id=kafka_producer, run_id=scheduled__2025-05-21T16:00:00+00:00, execution_date=20250521T160000, start_date=20250522T000550, end_date=20250522T000645
[2025-05-22T00:06:45.953+0000] {local_task_job_runner.py:266} INFO - Task exited with return code 0
[2025-05-22T00:06:45.974+0000] {taskinstance.py:3900} INFO - 1 downstream tasks scheduled from follow-on schedule check
[2025-05-22T00:06:45.976+0000] {local_task_job_runner.py:245} INFO - ::endgroup::
