[2025-05-22T00:05:31.215+0000] {local_task_job_runner.py:123} INFO - ::group::Pre task execution logs
[2025-05-22T00:05:31.220+0000] {taskinstance.py:2612} INFO - Dependencies all met for dep_context=non-requeueable deps ti=<TaskInstance: kafka_to_minio_to_spark.kafka_producer scheduled__2025-05-21T16:00:00+00:00 [queued]>
[2025-05-22T00:05:31.223+0000] {taskinstance.py:2612} INFO - Dependencies all met for dep_context=requeueable deps ti=<TaskInstance: kafka_to_minio_to_spark.kafka_producer scheduled__2025-05-21T16:00:00+00:00 [queued]>
[2025-05-22T00:05:31.223+0000] {taskinstance.py:2865} INFO - Starting attempt 5 of 7
[2025-05-22T00:05:31.227+0000] {taskinstance.py:2888} INFO - Executing <Task(PythonOperator): kafka_producer> on 2025-05-21 16:00:00+00:00
[2025-05-22T00:05:31.229+0000] {standard_task_runner.py:72} INFO - Started process 298 to run task
[2025-05-22T00:05:31.231+0000] {standard_task_runner.py:104} INFO - Running: ['***', 'tasks', 'run', 'kafka_to_minio_to_spark', 'kafka_producer', 'scheduled__2025-05-21T16:00:00+00:00', '--job-id', '190', '--raw', '--subdir', 'DAGS_FOLDER/testlog_ml.py', '--cfg-path', '/tmp/tmp4cg8tlxd']
[2025-05-22T00:05:31.232+0000] {standard_task_runner.py:105} INFO - Job 190: Subtask kafka_producer
[2025-05-22T00:05:31.250+0000] {task_command.py:467} INFO - Running <TaskInstance: kafka_to_minio_to_spark.kafka_producer scheduled__2025-05-21T16:00:00+00:00 [running]> on host f901d5ffba09
[2025-05-22T00:05:31.276+0000] {taskinstance.py:3131} INFO - Exporting env vars: AIRFLOW_CTX_DAG_OWNER='***' AIRFLOW_CTX_DAG_ID='kafka_to_minio_to_spark' AIRFLOW_CTX_TASK_ID='kafka_producer' AIRFLOW_CTX_EXECUTION_DATE='2025-05-21T16:00:00+00:00' AIRFLOW_CTX_TRY_NUMBER='5' AIRFLOW_CTX_DAG_RUN_ID='scheduled__2025-05-21T16:00:00+00:00'
[2025-05-22T00:05:31.277+0000] {taskinstance.py:731} INFO - ::endgroup::
[2025-05-22T00:05:31.356+0000] {conn.py:380} INFO - <BrokerConnection node_id=bootstrap-0 host=host.docker.internal:9092 <connecting> [IPv4 ('192.168.65.254', 9092)]>: connecting to host.docker.internal:9092 [('192.168.65.254', 9092) IPv4]
[2025-05-22T00:05:31.357+0000] {conn.py:1205} INFO - Probing node bootstrap-0 broker version
[2025-05-22T00:05:31.357+0000] {conn.py:410} INFO - <BrokerConnection node_id=bootstrap-0 host=host.docker.internal:9092 <connecting> [IPv4 ('192.168.65.254', 9092)]>: Connection complete.
[2025-05-22T00:05:31.466+0000] {conn.py:1267} INFO - Broker version identified as 2.5.0
[2025-05-22T00:05:31.466+0000] {conn.py:1268} INFO - Set configuration api_version=(2, 5, 0) to skip auto check_version requests on startup
[2025-05-22T00:05:31.470+0000] {logging_mixin.py:190} INFO - 💌message is sending....
[2025-05-22T00:05:31.470+0000] {conn.py:380} INFO - <BrokerConnection node_id=1 host=172.16.24.224:9092 <connecting> [IPv4 ('172.16.24.224', 9092)]>: connecting to 172.16.24.224:9092 [('172.16.24.224', 9092) IPv4]
[2025-05-22T00:05:31.471+0000] {conn.py:410} INFO - <BrokerConnection node_id=1 host=172.16.24.224:9092 <connecting> [IPv4 ('172.16.24.224', 9092)]>: Connection complete.
[2025-05-22T00:05:31.472+0000] {conn.py:919} INFO - <BrokerConnection node_id=bootstrap-0 host=host.docker.internal:9092 <connected> [IPv4 ('192.168.65.254', 9092)]>: Closing connection. 
[2025-05-22T00:05:31.522+0000] {logging_mixin.py:190} INFO - 💌message is sending....
[2025-05-22T00:05:31.577+0000] {logging_mixin.py:190} INFO - 💌message is sending....
[2025-05-22T00:05:31.638+0000] {logging_mixin.py:190} INFO - 💌message is sending....
[2025-05-22T00:05:31.695+0000] {logging_mixin.py:190} INFO - 💌message is sending....
[2025-05-22T00:05:31.756+0000] {logging_mixin.py:190} INFO - 💌message is sending....
[2025-05-22T00:05:31.812+0000] {logging_mixin.py:190} INFO - 💌message is sending....
[2025-05-22T00:05:31.868+0000] {logging_mixin.py:190} INFO - 💌message is sending....
[2025-05-22T00:05:31.925+0000] {logging_mixin.py:190} INFO - 💌message is sending....
[2025-05-22T00:05:31.980+0000] {logging_mixin.py:190} INFO - 💌message is sending....
[2025-05-22T00:05:32.034+0000] {logging_mixin.py:190} INFO - 💌message is sending....
[2025-05-22T00:05:32.091+0000] {logging_mixin.py:190} INFO - 💌message is sending....
[2025-05-22T00:05:32.142+0000] {logging_mixin.py:190} INFO - 💌message is sending....
[2025-05-22T00:05:32.198+0000] {logging_mixin.py:190} INFO - 💌message is sending....
[2025-05-22T00:05:32.255+0000] {logging_mixin.py:190} INFO - 💌message is sending....
[2025-05-22T00:05:32.310+0000] {logging_mixin.py:190} INFO - 💌message is sending....
[2025-05-22T00:05:32.363+0000] {logging_mixin.py:190} INFO - 💌message is sending....
[2025-05-22T00:05:32.417+0000] {logging_mixin.py:190} INFO - 💌message is sending....
[2025-05-22T00:05:32.473+0000] {logging_mixin.py:190} INFO - 💌message is sending....
[2025-05-22T00:05:32.529+0000] {logging_mixin.py:190} INFO - 💌message is sending....
[2025-05-22T00:05:32.587+0000] {logging_mixin.py:190} INFO - 💌message is sending....
[2025-05-22T00:05:32.645+0000] {logging_mixin.py:190} INFO - 💌message is sending....
[2025-05-22T00:05:32.704+0000] {logging_mixin.py:190} INFO - 💌message is sending....
[2025-05-22T00:05:32.763+0000] {logging_mixin.py:190} INFO - 💌message is sending....
[2025-05-22T00:05:32.820+0000] {logging_mixin.py:190} INFO - 💌message is sending....
[2025-05-22T00:05:32.876+0000] {logging_mixin.py:190} INFO - 💌message is sending....
[2025-05-22T00:05:32.935+0000] {logging_mixin.py:190} INFO - 💌message is sending....
[2025-05-22T00:05:32.989+0000] {logging_mixin.py:190} INFO - 💌message is sending....
[2025-05-22T00:05:33.044+0000] {logging_mixin.py:190} INFO - 💌message is sending....
[2025-05-22T00:05:33.101+0000] {logging_mixin.py:190} INFO - 💌message is sending....
[2025-05-22T00:05:33.156+0000] {logging_mixin.py:190} INFO - 💌message is sending....
[2025-05-22T00:05:33.210+0000] {logging_mixin.py:190} INFO - 💌message is sending....
[2025-05-22T00:05:33.267+0000] {logging_mixin.py:190} INFO - 💌message is sending....
[2025-05-22T00:05:33.323+0000] {logging_mixin.py:190} INFO - 💌message is sending....
[2025-05-22T00:05:33.376+0000] {logging_mixin.py:190} INFO - 💌message is sending....
[2025-05-22T00:05:33.429+0000] {logging_mixin.py:190} INFO - 💌message is sending....
[2025-05-22T00:05:33.483+0000] {logging_mixin.py:190} INFO - 💌message is sending....
[2025-05-22T00:05:33.540+0000] {logging_mixin.py:190} INFO - 💌message is sending....
[2025-05-22T00:05:33.596+0000] {logging_mixin.py:190} INFO - 💌message is sending....
[2025-05-22T00:05:33.653+0000] {logging_mixin.py:190} INFO - 💌message is sending....
[2025-05-22T00:05:33.710+0000] {logging_mixin.py:190} INFO - 💌message is sending....
[2025-05-22T00:05:33.766+0000] {logging_mixin.py:190} INFO - 💌message is sending....
[2025-05-22T00:05:33.821+0000] {logging_mixin.py:190} INFO - 💌message is sending....
[2025-05-22T00:05:33.875+0000] {logging_mixin.py:190} INFO - 💌message is sending....
[2025-05-22T00:05:33.930+0000] {logging_mixin.py:190} INFO - 💌message is sending....
[2025-05-22T00:05:33.985+0000] {logging_mixin.py:190} INFO - 💌message is sending....
[2025-05-22T00:05:34.037+0000] {logging_mixin.py:190} INFO - 💌message is sending....
[2025-05-22T00:05:34.091+0000] {logging_mixin.py:190} INFO - 💌message is sending....
[2025-05-22T00:05:34.143+0000] {logging_mixin.py:190} INFO - 💌message is sending....
[2025-05-22T00:05:34.196+0000] {logging_mixin.py:190} INFO - 💌message is sending....
[2025-05-22T00:05:34.249+0000] {logging_mixin.py:190} INFO - 💌message is sending....
[2025-05-22T00:05:34.302+0000] {logging_mixin.py:190} INFO - 💌message is sending....
[2025-05-22T00:05:34.358+0000] {logging_mixin.py:190} INFO - 💌message is sending....
[2025-05-22T00:05:34.414+0000] {logging_mixin.py:190} INFO - 💌message is sending....
[2025-05-22T00:05:34.470+0000] {logging_mixin.py:190} INFO - 💌message is sending....
[2025-05-22T00:05:34.525+0000] {logging_mixin.py:190} INFO - 💌message is sending....
[2025-05-22T00:05:34.584+0000] {logging_mixin.py:190} INFO - 💌message is sending....
[2025-05-22T00:05:34.639+0000] {logging_mixin.py:190} INFO - 💌message is sending....
[2025-05-22T00:05:34.693+0000] {logging_mixin.py:190} INFO - 💌message is sending....
[2025-05-22T00:05:34.749+0000] {logging_mixin.py:190} INFO - 💌message is sending....
[2025-05-22T00:05:34.804+0000] {logging_mixin.py:190} INFO - 💌message is sending....
[2025-05-22T00:05:34.859+0000] {logging_mixin.py:190} INFO - 💌message is sending....
[2025-05-22T00:05:34.917+0000] {logging_mixin.py:190} INFO - 💌message is sending....
[2025-05-22T00:05:34.974+0000] {logging_mixin.py:190} INFO - 💌message is sending....
[2025-05-22T00:05:35.027+0000] {logging_mixin.py:190} INFO - 💌message is sending....
[2025-05-22T00:05:35.083+0000] {logging_mixin.py:190} INFO - 💌message is sending....
[2025-05-22T00:05:35.135+0000] {logging_mixin.py:190} INFO - 💌message is sending....
[2025-05-22T00:05:35.191+0000] {logging_mixin.py:190} INFO - 💌message is sending....
[2025-05-22T00:05:35.245+0000] {logging_mixin.py:190} INFO - 💌message is sending....
[2025-05-22T00:05:35.298+0000] {logging_mixin.py:190} INFO - 💌message is sending....
[2025-05-22T00:05:35.354+0000] {logging_mixin.py:190} INFO - 💌message is sending....
[2025-05-22T00:05:35.409+0000] {logging_mixin.py:190} INFO - 💌message is sending....
[2025-05-22T00:05:35.464+0000] {logging_mixin.py:190} INFO - 💌message is sending....
[2025-05-22T00:05:35.521+0000] {logging_mixin.py:190} INFO - 💌message is sending....
[2025-05-22T00:05:35.576+0000] {logging_mixin.py:190} INFO - 💌message is sending....
[2025-05-22T00:05:35.632+0000] {logging_mixin.py:190} INFO - 💌message is sending....
[2025-05-22T00:05:35.691+0000] {logging_mixin.py:190} INFO - 💌message is sending....
[2025-05-22T00:05:35.746+0000] {logging_mixin.py:190} INFO - 💌message is sending....
[2025-05-22T00:05:35.801+0000] {logging_mixin.py:190} INFO - 💌message is sending....
[2025-05-22T00:05:35.857+0000] {logging_mixin.py:190} INFO - 💌message is sending....
[2025-05-22T00:05:35.912+0000] {logging_mixin.py:190} INFO - 💌message is sending....
[2025-05-22T00:05:35.963+0000] {logging_mixin.py:190} INFO - 💌message is sending....
[2025-05-22T00:05:36.014+0000] {logging_mixin.py:190} INFO - 💌message is sending....
[2025-05-22T00:05:36.067+0000] {logging_mixin.py:190} INFO - 💌message is sending....
[2025-05-22T00:05:36.119+0000] {logging_mixin.py:190} INFO - 💌message is sending....
[2025-05-22T00:05:36.170+0000] {logging_mixin.py:190} INFO - 💌message is sending....
[2025-05-22T00:05:36.223+0000] {logging_mixin.py:190} INFO - 💌message is sending....
[2025-05-22T00:05:36.275+0000] {logging_mixin.py:190} INFO - 💌message is sending....
[2025-05-22T00:05:36.327+0000] {logging_mixin.py:190} INFO - 💌message is sending....
[2025-05-22T00:05:36.381+0000] {logging_mixin.py:190} INFO - 💌message is sending....
[2025-05-22T00:05:36.439+0000] {logging_mixin.py:190} INFO - 💌message is sending....
[2025-05-22T00:05:36.495+0000] {logging_mixin.py:190} INFO - 💌message is sending....
[2025-05-22T00:05:36.551+0000] {logging_mixin.py:190} INFO - 💌message is sending....
[2025-05-22T00:05:36.606+0000] {logging_mixin.py:190} INFO - 💌message is sending....
[2025-05-22T00:05:36.665+0000] {logging_mixin.py:190} INFO - 💌message is sending....
[2025-05-22T00:05:36.721+0000] {logging_mixin.py:190} INFO - 💌message is sending....
[2025-05-22T00:05:36.777+0000] {logging_mixin.py:190} INFO - 💌message is sending....
[2025-05-22T00:05:36.835+0000] {logging_mixin.py:190} INFO - 💌message is sending....
[2025-05-22T00:05:36.889+0000] {logging_mixin.py:190} INFO - 💌message is sending....
[2025-05-22T00:05:36.947+0000] {logging_mixin.py:190} INFO - 💌message is sending....
[2025-05-22T00:05:37.003+0000] {logging_mixin.py:190} INFO - 💌message is sending....
[2025-05-22T00:05:37.054+0000] {logging_mixin.py:190} INFO - 💌message is sending....
[2025-05-22T00:05:37.106+0000] {logging_mixin.py:190} INFO - 💌message is sending....
[2025-05-22T00:05:37.159+0000] {logging_mixin.py:190} INFO - 💌message is sending....
[2025-05-22T00:05:37.211+0000] {logging_mixin.py:190} INFO - 💌message is sending....
[2025-05-22T00:05:37.264+0000] {logging_mixin.py:190} INFO - 💌message is sending....
[2025-05-22T00:05:37.316+0000] {logging_mixin.py:190} INFO - 💌message is sending....
[2025-05-22T00:05:37.370+0000] {logging_mixin.py:190} INFO - 💌message is sending....
[2025-05-22T00:05:37.422+0000] {logging_mixin.py:190} INFO - 💌message is sending....
[2025-05-22T00:05:37.474+0000] {logging_mixin.py:190} INFO - 💌message is sending....
[2025-05-22T00:05:37.528+0000] {logging_mixin.py:190} INFO - 💌message is sending....
[2025-05-22T00:05:37.583+0000] {logging_mixin.py:190} INFO - 💌message is sending....
[2025-05-22T00:05:37.637+0000] {logging_mixin.py:190} INFO - 💌message is sending....
[2025-05-22T00:05:37.692+0000] {logging_mixin.py:190} INFO - 💌message is sending....
[2025-05-22T00:05:37.749+0000] {logging_mixin.py:190} INFO - 💌message is sending....
[2025-05-22T00:05:37.806+0000] {logging_mixin.py:190} INFO - 💌message is sending....
[2025-05-22T00:05:37.863+0000] {logging_mixin.py:190} INFO - 💌message is sending....
[2025-05-22T00:05:37.919+0000] {logging_mixin.py:190} INFO - 💌message is sending....
[2025-05-22T00:05:37.976+0000] {logging_mixin.py:190} INFO - 💌message is sending....
[2025-05-22T00:05:38.034+0000] {logging_mixin.py:190} INFO - 💌message is sending....
[2025-05-22T00:05:38.090+0000] {logging_mixin.py:190} INFO - 💌message is sending....
[2025-05-22T00:05:38.147+0000] {logging_mixin.py:190} INFO - 💌message is sending....
[2025-05-22T00:05:38.204+0000] {logging_mixin.py:190} INFO - 💌message is sending....
[2025-05-22T00:05:38.262+0000] {logging_mixin.py:190} INFO - 💌message is sending....
[2025-05-22T00:05:38.314+0000] {logging_mixin.py:190} INFO - 💌message is sending....
[2025-05-22T00:05:38.368+0000] {logging_mixin.py:190} INFO - 💌message is sending....
[2025-05-22T00:05:38.423+0000] {logging_mixin.py:190} INFO - 💌message is sending....
[2025-05-22T00:05:38.481+0000] {logging_mixin.py:190} INFO - 💌message is sending....
[2025-05-22T00:05:38.536+0000] {logging_mixin.py:190} INFO - 💌message is sending....
[2025-05-22T00:05:38.595+0000] {logging_mixin.py:190} INFO - 💌message is sending....
[2025-05-22T00:05:38.650+0000] {logging_mixin.py:190} INFO - 💌message is sending....
[2025-05-22T00:05:38.706+0000] {logging_mixin.py:190} INFO - 💌message is sending....
[2025-05-22T00:05:38.765+0000] {logging_mixin.py:190} INFO - 💌message is sending....
[2025-05-22T00:05:38.825+0000] {logging_mixin.py:190} INFO - 💌message is sending....
[2025-05-22T00:05:38.882+0000] {logging_mixin.py:190} INFO - 💌message is sending....
[2025-05-22T00:05:38.937+0000] {logging_mixin.py:190} INFO - 💌message is sending....
[2025-05-22T00:05:38.994+0000] {logging_mixin.py:190} INFO - 💌message is sending....
[2025-05-22T00:05:39.051+0000] {logging_mixin.py:190} INFO - 💌message is sending....
[2025-05-22T00:05:39.106+0000] {logging_mixin.py:190} INFO - 💌message is sending....
[2025-05-22T00:05:39.163+0000] {logging_mixin.py:190} INFO - 💌message is sending....
[2025-05-22T00:05:39.218+0000] {logging_mixin.py:190} INFO - 💌message is sending....
[2025-05-22T00:05:39.274+0000] {logging_mixin.py:190} INFO - 💌message is sending....
[2025-05-22T00:05:39.328+0000] {logging_mixin.py:190} INFO - 💌message is sending....
[2025-05-22T00:05:39.383+0000] {logging_mixin.py:190} INFO - 💌message is sending....
[2025-05-22T00:05:39.437+0000] {logging_mixin.py:190} INFO - 💌message is sending....
[2025-05-22T00:05:39.497+0000] {logging_mixin.py:190} INFO - 💌message is sending....
[2025-05-22T00:05:39.554+0000] {logging_mixin.py:190} INFO - 💌message is sending....
[2025-05-22T00:05:39.609+0000] {logging_mixin.py:190} INFO - 💌message is sending....
[2025-05-22T00:05:39.667+0000] {logging_mixin.py:190} INFO - 💌message is sending....
[2025-05-22T00:05:39.724+0000] {logging_mixin.py:190} INFO - 💌message is sending....
[2025-05-22T00:05:39.780+0000] {logging_mixin.py:190} INFO - 💌message is sending....
[2025-05-22T00:05:39.835+0000] {logging_mixin.py:190} INFO - 💌message is sending....
[2025-05-22T00:05:39.890+0000] {logging_mixin.py:190} INFO - 💌message is sending....
[2025-05-22T00:05:39.945+0000] {logging_mixin.py:190} INFO - 💌message is sending....
[2025-05-22T00:05:40.002+0000] {logging_mixin.py:190} INFO - 💌message is sending....
[2025-05-22T00:05:40.058+0000] {logging_mixin.py:190} INFO - 💌message is sending....
[2025-05-22T00:05:40.113+0000] {logging_mixin.py:190} INFO - 💌message is sending....
[2025-05-22T00:05:40.171+0000] {logging_mixin.py:190} INFO - 💌message is sending....
[2025-05-22T00:05:40.226+0000] {logging_mixin.py:190} INFO - 💌message is sending....
[2025-05-22T00:05:40.280+0000] {logging_mixin.py:190} INFO - 💌message is sending....
[2025-05-22T00:05:40.334+0000] {logging_mixin.py:190} INFO - 💌message is sending....
[2025-05-22T00:05:40.391+0000] {logging_mixin.py:190} INFO - 💌message is sending....
[2025-05-22T00:05:40.453+0000] {logging_mixin.py:190} INFO - 💌message is sending....
[2025-05-22T00:05:40.508+0000] {logging_mixin.py:190} INFO - 💌message is sending....
[2025-05-22T00:05:40.562+0000] {logging_mixin.py:190} INFO - 💌message is sending....
[2025-05-22T00:05:40.617+0000] {logging_mixin.py:190} INFO - 💌message is sending....
[2025-05-22T00:05:40.672+0000] {logging_mixin.py:190} INFO - 💌message is sending....
[2025-05-22T00:05:40.730+0000] {logging_mixin.py:190} INFO - 💌message is sending....
[2025-05-22T00:05:40.785+0000] {logging_mixin.py:190} INFO - 💌message is sending....
[2025-05-22T00:05:40.839+0000] {logging_mixin.py:190} INFO - 💌message is sending....
[2025-05-22T00:05:40.896+0000] {logging_mixin.py:190} INFO - 💌message is sending....
[2025-05-22T00:05:40.954+0000] {logging_mixin.py:190} INFO - 💌message is sending....
[2025-05-22T00:05:41.011+0000] {logging_mixin.py:190} INFO - 💌message is sending....
[2025-05-22T00:05:41.066+0000] {logging_mixin.py:190} INFO - 💌message is sending....
[2025-05-22T00:05:41.120+0000] {logging_mixin.py:190} INFO - 💌message is sending....
[2025-05-22T00:05:41.172+0000] {logging_mixin.py:190} INFO - 💌message is sending....
[2025-05-22T00:05:41.226+0000] {logging_mixin.py:190} INFO - 💌message is sending....
[2025-05-22T00:05:41.281+0000] {logging_mixin.py:190} INFO - 💌message is sending....
[2025-05-22T00:05:41.311+0000] {local_task_job_runner.py:346} WARNING - State of this instance has been externally set to restarting. Terminating instance.
[2025-05-22T00:05:41.311+0000] {local_task_job_runner.py:245} INFO - ::endgroup::
[2025-05-22T00:05:41.312+0000] {process_utils.py:132} INFO - Sending 15 to group 298. PIDs of all processes in the group: [298]
[2025-05-22T00:05:41.313+0000] {process_utils.py:87} INFO - Sending the signal 15 to group 298
[2025-05-22T00:05:41.314+0000] {taskinstance.py:3092} ERROR - Received SIGTERM. Terminating subprocesses.
[2025-05-22T00:05:41.324+0000] {taskinstance.py:3310} ERROR - Task failed with exception
Traceback (most recent call last):
  File "/home/airflow/.local/lib/python3.10/site-packages/airflow/models/taskinstance.py", line 762, in _execute_task
    result = _execute_callable(context=context, **execute_callable_kwargs)
  File "/home/airflow/.local/lib/python3.10/site-packages/airflow/models/taskinstance.py", line 733, in _execute_callable
    return ExecutionCallableRunner(
  File "/home/airflow/.local/lib/python3.10/site-packages/airflow/utils/operator_helpers.py", line 252, in run
    return self.func(*args, **kwargs)
  File "/home/airflow/.local/lib/python3.10/site-packages/airflow/models/baseoperator.py", line 406, in wrapper
    return func(self, *args, **kwargs)
  File "/home/airflow/.local/lib/python3.10/site-packages/airflow/operators/python.py", line 238, in execute
    return_value = self.execute_callable()
  File "/home/airflow/.local/lib/python3.10/site-packages/airflow/operators/python.py", line 256, in execute_callable
    return runner.run(*self.op_args, **self.op_kwargs)
  File "/home/airflow/.local/lib/python3.10/site-packages/airflow/utils/operator_helpers.py", line 252, in run
    return self.func(*args, **kwargs)
  File "/opt/airflow/dags/testlog_ml.py", line 65, in kafka_producer
    time.sleep(0.05)
  File "/home/airflow/.local/lib/python3.10/site-packages/airflow/models/taskinstance.py", line 3094, in signal_handler
    raise AirflowTaskTerminated("Task received SIGTERM signal")
airflow.exceptions.AirflowTaskTerminated: Task received SIGTERM signal
[2025-05-22T00:05:41.327+0000] {taskinstance.py:1225} INFO - Marking task as UP_FOR_RETRY. dag_id=kafka_to_minio_to_spark, task_id=kafka_producer, run_id=scheduled__2025-05-21T16:00:00+00:00, execution_date=20250521T160000, start_date=20250522T000531, end_date=20250522T000541
[2025-05-22T00:05:41.335+0000] {taskinstance.py:340} INFO - ::group::Post task execution logs
[2025-05-22T00:05:41.344+0000] {process_utils.py:80} INFO - Process psutil.Process(pid=298, status='terminated', exitcode=2, started='00:05:30') (298) terminated with exit code 2
