[2025-05-22T10:25:42.711+0000] {local_task_job_runner.py:123} INFO - ::group::Pre task execution logs
[2025-05-22T10:25:42.716+0000] {taskinstance.py:2612} INFO - Dependencies all met for dep_context=non-requeueable deps ti=<TaskInstance: kafka_to_minio_to_spark.kafka_producer scheduled__2025-05-21T16:00:00+00:00 [queued]>
[2025-05-22T10:25:42.719+0000] {taskinstance.py:2612} INFO - Dependencies all met for dep_context=requeueable deps ti=<TaskInstance: kafka_to_minio_to_spark.kafka_producer scheduled__2025-05-21T16:00:00+00:00 [queued]>
[2025-05-22T10:25:42.719+0000] {taskinstance.py:2865} INFO - Starting attempt 17 of 19
[2025-05-22T10:25:42.723+0000] {taskinstance.py:2888} INFO - Executing <Task(PythonOperator): kafka_producer> on 2025-05-21 16:00:00+00:00
[2025-05-22T10:25:42.724+0000] {standard_task_runner.py:72} INFO - Started process 64 to run task
[2025-05-22T10:25:42.727+0000] {standard_task_runner.py:104} INFO - Running: ['***', 'tasks', 'run', 'kafka_to_minio_to_spark', 'kafka_producer', 'scheduled__2025-05-21T16:00:00+00:00', '--job-id', '223', '--raw', '--subdir', 'DAGS_FOLDER/testlog_ml.py', '--cfg-path', '/tmp/tmphnnuajj4']
[2025-05-22T10:25:42.728+0000] {standard_task_runner.py:105} INFO - Job 223: Subtask kafka_producer
[2025-05-22T10:25:42.747+0000] {task_command.py:467} INFO - Running <TaskInstance: kafka_to_minio_to_spark.kafka_producer scheduled__2025-05-21T16:00:00+00:00 [running]> on host fb2b30c0fd51
[2025-05-22T10:25:42.781+0000] {taskinstance.py:3131} INFO - Exporting env vars: AIRFLOW_CTX_DAG_OWNER='***' AIRFLOW_CTX_DAG_ID='kafka_to_minio_to_spark' AIRFLOW_CTX_TASK_ID='kafka_producer' AIRFLOW_CTX_EXECUTION_DATE='2025-05-21T16:00:00+00:00' AIRFLOW_CTX_TRY_NUMBER='17' AIRFLOW_CTX_DAG_RUN_ID='scheduled__2025-05-21T16:00:00+00:00'
[2025-05-22T10:25:42.782+0000] {taskinstance.py:731} INFO - ::endgroup::
[2025-05-22T10:25:42.796+0000] {conn.py:380} INFO - <BrokerConnection node_id=bootstrap-0 host=3.34.144.17:9092 <connecting> [IPv4 ('3.34.144.17', 9092)]>: connecting to 3.34.144.17:9092 [('3.34.144.17', 9092) IPv4]
[2025-05-22T10:25:42.797+0000] {conn.py:1205} INFO - Probing node bootstrap-0 broker version
[2025-05-22T10:25:42.808+0000] {conn.py:410} INFO - <BrokerConnection node_id=bootstrap-0 host=3.34.144.17:9092 <connecting> [IPv4 ('3.34.144.17', 9092)]>: Connection complete.
[2025-05-22T10:25:42.931+0000] {conn.py:1267} INFO - Broker version identified as 2.5.0
[2025-05-22T10:25:42.932+0000] {conn.py:1268} INFO - Set configuration api_version=(2, 5, 0) to skip auto check_version requests on startup
[2025-05-22T10:25:43.098+0000] {conn.py:380} INFO - <BrokerConnection node_id=1 host=3.34.144.17:9092 <connecting> [IPv4 ('3.34.144.17', 9092)]>: connecting to 3.34.144.17:9092 [('3.34.144.17', 9092) IPv4]
[2025-05-22T10:25:43.107+0000] {conn.py:410} INFO - <BrokerConnection node_id=1 host=3.34.144.17:9092 <connecting> [IPv4 ('3.34.144.17', 9092)]>: Connection complete.
[2025-05-22T10:25:43.107+0000] {conn.py:919} INFO - <BrokerConnection node_id=bootstrap-0 host=3.34.144.17:9092 <connected> [IPv4 ('3.34.144.17', 9092)]>: Closing connection. 
[2025-05-22T10:25:43.248+0000] {logging_mixin.py:190} INFO - 💌message 1 sent: user_id=101
[2025-05-22T10:25:43.302+0000] {logging_mixin.py:190} INFO - 💌message 2 sent: user_id=114
[2025-05-22T10:25:43.360+0000] {logging_mixin.py:190} INFO - 💌message 3 sent: user_id=129
[2025-05-22T10:25:43.415+0000] {logging_mixin.py:190} INFO - 💌message 4 sent: user_id=104
[2025-05-22T10:25:43.476+0000] {logging_mixin.py:190} INFO - 💌message 5 sent: user_id=137
[2025-05-22T10:25:43.532+0000] {logging_mixin.py:190} INFO - 💌message 6 sent: user_id=100
[2025-05-22T10:25:43.588+0000] {logging_mixin.py:190} INFO - 💌message 7 sent: user_id=149
[2025-05-22T10:25:43.647+0000] {logging_mixin.py:190} INFO - 💌message 8 sent: user_id=105
[2025-05-22T10:25:43.704+0000] {logging_mixin.py:190} INFO - 💌message 9 sent: user_id=100
[2025-05-22T10:25:43.759+0000] {logging_mixin.py:190} INFO - 💌message 10 sent: user_id=137
[2025-05-22T10:25:43.818+0000] {logging_mixin.py:190} INFO - 💌message 11 sent: user_id=102
[2025-05-22T10:25:43.875+0000] {logging_mixin.py:190} INFO - 💌message 12 sent: user_id=114
[2025-05-22T10:25:43.931+0000] {logging_mixin.py:190} INFO - 💌message 13 sent: user_id=132
[2025-05-22T10:25:43.986+0000] {logging_mixin.py:190} INFO - 💌message 14 sent: user_id=148
[2025-05-22T10:25:44.041+0000] {logging_mixin.py:190} INFO - 💌message 15 sent: user_id=117
[2025-05-22T10:25:44.096+0000] {logging_mixin.py:190} INFO - 💌message 16 sent: user_id=147
[2025-05-22T10:25:44.150+0000] {logging_mixin.py:190} INFO - 💌message 17 sent: user_id=122
[2025-05-22T10:25:44.204+0000] {logging_mixin.py:190} INFO - 💌message 18 sent: user_id=108
[2025-05-22T10:25:44.256+0000] {logging_mixin.py:190} INFO - 💌message 19 sent: user_id=122
[2025-05-22T10:25:44.311+0000] {logging_mixin.py:190} INFO - 💌message 20 sent: user_id=111
[2025-05-22T10:25:44.365+0000] {logging_mixin.py:190} INFO - 💌message 21 sent: user_id=120
[2025-05-22T10:25:44.424+0000] {logging_mixin.py:190} INFO - 💌message 22 sent: user_id=107
[2025-05-22T10:25:44.479+0000] {logging_mixin.py:190} INFO - 💌message 23 sent: user_id=101
[2025-05-22T10:25:44.533+0000] {logging_mixin.py:190} INFO - 💌message 24 sent: user_id=110
[2025-05-22T10:25:44.591+0000] {logging_mixin.py:190} INFO - 💌message 25 sent: user_id=147
[2025-05-22T10:25:44.646+0000] {logging_mixin.py:190} INFO - 💌message 26 sent: user_id=123
[2025-05-22T10:25:44.700+0000] {logging_mixin.py:190} INFO - 💌message 27 sent: user_id=128
[2025-05-22T10:25:44.756+0000] {logging_mixin.py:190} INFO - 💌message 28 sent: user_id=100
[2025-05-22T10:25:44.811+0000] {logging_mixin.py:190} INFO - 💌message 29 sent: user_id=133
[2025-05-22T10:25:44.865+0000] {logging_mixin.py:190} INFO - 💌message 30 sent: user_id=112
[2025-05-22T10:25:44.920+0000] {logging_mixin.py:190} INFO - 💌message 31 sent: user_id=116
[2025-05-22T10:25:44.976+0000] {logging_mixin.py:190} INFO - 💌message 32 sent: user_id=117
[2025-05-22T10:25:45.032+0000] {logging_mixin.py:190} INFO - 💌message 33 sent: user_id=105
[2025-05-22T10:25:45.087+0000] {logging_mixin.py:190} INFO - 💌message 34 sent: user_id=113
[2025-05-22T10:25:45.144+0000] {logging_mixin.py:190} INFO - 💌message 35 sent: user_id=116
[2025-05-22T10:25:45.197+0000] {logging_mixin.py:190} INFO - 💌message 36 sent: user_id=110
[2025-05-22T10:25:45.249+0000] {logging_mixin.py:190} INFO - 💌message 37 sent: user_id=136
[2025-05-22T10:25:45.304+0000] {logging_mixin.py:190} INFO - 💌message 38 sent: user_id=143
[2025-05-22T10:25:45.359+0000] {logging_mixin.py:190} INFO - 💌message 39 sent: user_id=120
[2025-05-22T10:25:45.416+0000] {logging_mixin.py:190} INFO - 💌message 40 sent: user_id=109
[2025-05-22T10:25:45.473+0000] {logging_mixin.py:190} INFO - 💌message 41 sent: user_id=135
[2025-05-22T10:25:45.530+0000] {logging_mixin.py:190} INFO - 💌message 42 sent: user_id=109
[2025-05-22T10:25:45.585+0000] {logging_mixin.py:190} INFO - 💌message 43 sent: user_id=130
[2025-05-22T10:25:45.639+0000] {logging_mixin.py:190} INFO - 💌message 44 sent: user_id=146
[2025-05-22T10:25:45.695+0000] {logging_mixin.py:190} INFO - 💌message 45 sent: user_id=132
[2025-05-22T10:25:45.750+0000] {logging_mixin.py:190} INFO - 💌message 46 sent: user_id=132
[2025-05-22T10:25:45.805+0000] {logging_mixin.py:190} INFO - 💌message 47 sent: user_id=144
[2025-05-22T10:25:45.860+0000] {logging_mixin.py:190} INFO - 💌message 48 sent: user_id=104
[2025-05-22T10:25:45.919+0000] {logging_mixin.py:190} INFO - 💌message 49 sent: user_id=107
[2025-05-22T10:25:45.972+0000] {logging_mixin.py:190} INFO - 💌message 50 sent: user_id=135
[2025-05-22T10:25:46.027+0000] {logging_mixin.py:190} INFO - 💌message 51 sent: user_id=132
[2025-05-22T10:25:46.080+0000] {logging_mixin.py:190} INFO - 💌message 52 sent: user_id=119
[2025-05-22T10:25:46.132+0000] {logging_mixin.py:190} INFO - 💌message 53 sent: user_id=126
[2025-05-22T10:25:46.184+0000] {logging_mixin.py:190} INFO - 💌message 54 sent: user_id=101
[2025-05-22T10:25:46.235+0000] {logging_mixin.py:190} INFO - 💌message 55 sent: user_id=123
[2025-05-22T10:25:46.287+0000] {logging_mixin.py:190} INFO - 💌message 56 sent: user_id=127
[2025-05-22T10:25:46.339+0000] {logging_mixin.py:190} INFO - 💌message 57 sent: user_id=118
[2025-05-22T10:25:46.394+0000] {logging_mixin.py:190} INFO - 💌message 58 sent: user_id=101
[2025-05-22T10:25:46.448+0000] {logging_mixin.py:190} INFO - 💌message 59 sent: user_id=118
[2025-05-22T10:25:46.500+0000] {logging_mixin.py:190} INFO - 💌message 60 sent: user_id=111
[2025-05-22T10:25:46.554+0000] {logging_mixin.py:190} INFO - 💌message 61 sent: user_id=123
[2025-05-22T10:25:46.606+0000] {logging_mixin.py:190} INFO - 💌message 62 sent: user_id=111
[2025-05-22T10:25:46.658+0000] {logging_mixin.py:190} INFO - 💌message 63 sent: user_id=125
[2025-05-22T10:25:46.711+0000] {logging_mixin.py:190} INFO - 💌message 64 sent: user_id=110
[2025-05-22T10:25:46.766+0000] {logging_mixin.py:190} INFO - 💌message 65 sent: user_id=146
[2025-05-22T10:25:46.822+0000] {logging_mixin.py:190} INFO - 💌message 66 sent: user_id=115
[2025-05-22T10:25:46.876+0000] {logging_mixin.py:190} INFO - 💌message 67 sent: user_id=112
[2025-05-22T10:25:46.931+0000] {logging_mixin.py:190} INFO - 💌message 68 sent: user_id=111
[2025-05-22T10:25:46.986+0000] {logging_mixin.py:190} INFO - 💌message 69 sent: user_id=142
[2025-05-22T10:25:47.043+0000] {logging_mixin.py:190} INFO - 💌message 70 sent: user_id=116
[2025-05-22T10:25:47.098+0000] {logging_mixin.py:190} INFO - 💌message 71 sent: user_id=124
[2025-05-22T10:25:47.152+0000] {logging_mixin.py:190} INFO - 💌message 72 sent: user_id=120
[2025-05-22T10:25:47.207+0000] {logging_mixin.py:190} INFO - 💌message 73 sent: user_id=101
[2025-05-22T10:25:47.261+0000] {logging_mixin.py:190} INFO - 💌message 74 sent: user_id=135
[2025-05-22T10:25:47.315+0000] {logging_mixin.py:190} INFO - 💌message 75 sent: user_id=114
[2025-05-22T10:25:47.369+0000] {logging_mixin.py:190} INFO - 💌message 76 sent: user_id=109
[2025-05-22T10:25:47.424+0000] {logging_mixin.py:190} INFO - 💌message 77 sent: user_id=105
[2025-05-22T10:25:47.479+0000] {logging_mixin.py:190} INFO - 💌message 78 sent: user_id=103
[2025-05-22T10:25:47.534+0000] {logging_mixin.py:190} INFO - 💌message 79 sent: user_id=139
[2025-05-22T10:25:47.589+0000] {logging_mixin.py:190} INFO - 💌message 80 sent: user_id=131
[2025-05-22T10:25:47.647+0000] {logging_mixin.py:190} INFO - 💌message 81 sent: user_id=132
[2025-05-22T10:25:47.702+0000] {logging_mixin.py:190} INFO - 💌message 82 sent: user_id=118
[2025-05-22T10:25:47.755+0000] {logging_mixin.py:190} INFO - 💌message 83 sent: user_id=137
[2025-05-22T10:25:47.810+0000] {logging_mixin.py:190} INFO - 💌message 84 sent: user_id=112
[2025-05-22T10:25:47.865+0000] {logging_mixin.py:190} INFO - 💌message 85 sent: user_id=123
[2025-05-22T10:25:47.921+0000] {logging_mixin.py:190} INFO - 💌message 86 sent: user_id=136
[2025-05-22T10:25:47.976+0000] {logging_mixin.py:190} INFO - 💌message 87 sent: user_id=126
[2025-05-22T10:25:48.037+0000] {logging_mixin.py:190} INFO - 💌message 88 sent: user_id=142
[2025-05-22T10:25:48.092+0000] {logging_mixin.py:190} INFO - 💌message 89 sent: user_id=104
[2025-05-22T10:25:48.146+0000] {logging_mixin.py:190} INFO - 💌message 90 sent: user_id=104
[2025-05-22T10:25:48.198+0000] {logging_mixin.py:190} INFO - 💌message 91 sent: user_id=145
[2025-05-22T10:25:48.250+0000] {logging_mixin.py:190} INFO - 💌message 92 sent: user_id=108
[2025-05-22T10:25:48.304+0000] {logging_mixin.py:190} INFO - 💌message 93 sent: user_id=143
[2025-05-22T10:25:48.359+0000] {logging_mixin.py:190} INFO - 💌message 94 sent: user_id=136
[2025-05-22T10:25:48.414+0000] {logging_mixin.py:190} INFO - 💌message 95 sent: user_id=117
[2025-05-22T10:25:48.468+0000] {logging_mixin.py:190} INFO - 💌message 96 sent: user_id=119
[2025-05-22T10:25:48.522+0000] {logging_mixin.py:190} INFO - 💌message 97 sent: user_id=107
[2025-05-22T10:25:48.577+0000] {logging_mixin.py:190} INFO - 💌message 98 sent: user_id=141
[2025-05-22T10:25:48.632+0000] {logging_mixin.py:190} INFO - 💌message 99 sent: user_id=120
[2025-05-22T10:25:48.688+0000] {logging_mixin.py:190} INFO - 💌message 100 sent: user_id=137
[2025-05-22T10:25:48.742+0000] {logging_mixin.py:190} INFO - 💌message 101 sent: user_id=119
[2025-05-22T10:25:48.797+0000] {logging_mixin.py:190} INFO - 💌message 102 sent: user_id=130
[2025-05-22T10:25:48.852+0000] {logging_mixin.py:190} INFO - 💌message 103 sent: user_id=144
[2025-05-22T10:25:48.908+0000] {logging_mixin.py:190} INFO - 💌message 104 sent: user_id=121
[2025-05-22T10:25:48.964+0000] {logging_mixin.py:190} INFO - 💌message 105 sent: user_id=100
[2025-05-22T10:25:49.020+0000] {logging_mixin.py:190} INFO - 💌message 106 sent: user_id=106
[2025-05-22T10:25:49.075+0000] {logging_mixin.py:190} INFO - 💌message 107 sent: user_id=121
[2025-05-22T10:25:49.131+0000] {logging_mixin.py:190} INFO - 💌message 108 sent: user_id=107
[2025-05-22T10:25:49.184+0000] {logging_mixin.py:190} INFO - 💌message 109 sent: user_id=148
[2025-05-22T10:25:49.238+0000] {logging_mixin.py:190} INFO - 💌message 110 sent: user_id=120
[2025-05-22T10:25:49.296+0000] {logging_mixin.py:190} INFO - 💌message 111 sent: user_id=103
[2025-05-22T10:25:49.352+0000] {logging_mixin.py:190} INFO - 💌message 112 sent: user_id=143
[2025-05-22T10:25:49.408+0000] {logging_mixin.py:190} INFO - 💌message 113 sent: user_id=114
[2025-05-22T10:25:49.463+0000] {logging_mixin.py:190} INFO - 💌message 114 sent: user_id=120
[2025-05-22T10:25:49.515+0000] {logging_mixin.py:190} INFO - 💌message 115 sent: user_id=113
[2025-05-22T10:25:49.568+0000] {logging_mixin.py:190} INFO - 💌message 116 sent: user_id=135
[2025-05-22T10:25:49.619+0000] {logging_mixin.py:190} INFO - 💌message 117 sent: user_id=104
[2025-05-22T10:25:49.671+0000] {logging_mixin.py:190} INFO - 💌message 118 sent: user_id=131
[2025-05-22T10:25:49.722+0000] {logging_mixin.py:190} INFO - 💌message 119 sent: user_id=141
[2025-05-22T10:25:49.775+0000] {logging_mixin.py:190} INFO - 💌message 120 sent: user_id=132
[2025-05-22T10:25:49.830+0000] {logging_mixin.py:190} INFO - 💌message 121 sent: user_id=118
[2025-05-22T10:25:49.885+0000] {logging_mixin.py:190} INFO - 💌message 122 sent: user_id=121
[2025-05-22T10:25:49.940+0000] {logging_mixin.py:190} INFO - 💌message 123 sent: user_id=140
[2025-05-22T10:25:49.996+0000] {logging_mixin.py:190} INFO - 💌message 124 sent: user_id=126
[2025-05-22T10:25:50.053+0000] {logging_mixin.py:190} INFO - 💌message 125 sent: user_id=105
[2025-05-22T10:25:50.107+0000] {logging_mixin.py:190} INFO - 💌message 126 sent: user_id=104
[2025-05-22T10:25:50.169+0000] {logging_mixin.py:190} INFO - 💌message 127 sent: user_id=121
[2025-05-22T10:25:50.221+0000] {logging_mixin.py:190} INFO - 💌message 128 sent: user_id=101
[2025-05-22T10:25:50.276+0000] {logging_mixin.py:190} INFO - 💌message 129 sent: user_id=148
[2025-05-22T10:25:50.327+0000] {logging_mixin.py:190} INFO - 💌message 130 sent: user_id=124
[2025-05-22T10:25:50.380+0000] {logging_mixin.py:190} INFO - 💌message 131 sent: user_id=138
[2025-05-22T10:25:50.432+0000] {logging_mixin.py:190} INFO - 💌message 132 sent: user_id=128
[2025-05-22T10:25:50.485+0000] {logging_mixin.py:190} INFO - 💌message 133 sent: user_id=100
[2025-05-22T10:25:50.540+0000] {logging_mixin.py:190} INFO - 💌message 134 sent: user_id=139
[2025-05-22T10:25:50.596+0000] {logging_mixin.py:190} INFO - 💌message 135 sent: user_id=120
[2025-05-22T10:25:50.650+0000] {logging_mixin.py:190} INFO - 💌message 136 sent: user_id=101
[2025-05-22T10:25:50.702+0000] {logging_mixin.py:190} INFO - 💌message 137 sent: user_id=139
[2025-05-22T10:25:50.754+0000] {logging_mixin.py:190} INFO - 💌message 138 sent: user_id=110
[2025-05-22T10:25:50.806+0000] {logging_mixin.py:190} INFO - 💌message 139 sent: user_id=133
[2025-05-22T10:25:50.858+0000] {logging_mixin.py:190} INFO - 💌message 140 sent: user_id=123
[2025-05-22T10:25:50.914+0000] {logging_mixin.py:190} INFO - 💌message 141 sent: user_id=112
[2025-05-22T10:25:50.965+0000] {logging_mixin.py:190} INFO - 💌message 142 sent: user_id=100
[2025-05-22T10:25:51.017+0000] {logging_mixin.py:190} INFO - 💌message 143 sent: user_id=114
[2025-05-22T10:25:51.072+0000] {logging_mixin.py:190} INFO - 💌message 144 sent: user_id=124
[2025-05-22T10:25:51.127+0000] {logging_mixin.py:190} INFO - 💌message 145 sent: user_id=142
[2025-05-22T10:25:51.180+0000] {logging_mixin.py:190} INFO - 💌message 146 sent: user_id=110
[2025-05-22T10:25:51.232+0000] {logging_mixin.py:190} INFO - 💌message 147 sent: user_id=133
[2025-05-22T10:25:51.283+0000] {logging_mixin.py:190} INFO - 💌message 148 sent: user_id=113
[2025-05-22T10:25:51.338+0000] {logging_mixin.py:190} INFO - 💌message 149 sent: user_id=141
[2025-05-22T10:25:51.389+0000] {logging_mixin.py:190} INFO - 💌message 150 sent: user_id=144
[2025-05-22T10:25:51.443+0000] {logging_mixin.py:190} INFO - 💌message 151 sent: user_id=136
[2025-05-22T10:25:51.499+0000] {logging_mixin.py:190} INFO - 💌message 152 sent: user_id=119
[2025-05-22T10:25:51.557+0000] {logging_mixin.py:190} INFO - 💌message 153 sent: user_id=146
[2025-05-22T10:25:51.613+0000] {logging_mixin.py:190} INFO - 💌message 154 sent: user_id=112
[2025-05-22T10:25:51.669+0000] {logging_mixin.py:190} INFO - 💌message 155 sent: user_id=106
[2025-05-22T10:25:51.724+0000] {logging_mixin.py:190} INFO - 💌message 156 sent: user_id=104
[2025-05-22T10:25:51.779+0000] {logging_mixin.py:190} INFO - 💌message 157 sent: user_id=144
[2025-05-22T10:25:51.835+0000] {logging_mixin.py:190} INFO - 💌message 158 sent: user_id=132
[2025-05-22T10:25:51.889+0000] {logging_mixin.py:190} INFO - 💌message 159 sent: user_id=137
[2025-05-22T10:25:51.945+0000] {logging_mixin.py:190} INFO - 💌message 160 sent: user_id=130
[2025-05-22T10:25:52.000+0000] {logging_mixin.py:190} INFO - 💌message 161 sent: user_id=130
[2025-05-22T10:25:52.059+0000] {logging_mixin.py:190} INFO - 💌message 162 sent: user_id=143
[2025-05-22T10:25:52.114+0000] {logging_mixin.py:190} INFO - 💌message 163 sent: user_id=128
[2025-05-22T10:25:52.167+0000] {logging_mixin.py:190} INFO - 💌message 164 sent: user_id=124
[2025-05-22T10:25:52.223+0000] {logging_mixin.py:190} INFO - 💌message 165 sent: user_id=100
[2025-05-22T10:25:52.277+0000] {logging_mixin.py:190} INFO - 💌message 166 sent: user_id=117
[2025-05-22T10:25:52.330+0000] {logging_mixin.py:190} INFO - 💌message 167 sent: user_id=145
[2025-05-22T10:25:52.385+0000] {logging_mixin.py:190} INFO - 💌message 168 sent: user_id=131
[2025-05-22T10:25:52.439+0000] {logging_mixin.py:190} INFO - 💌message 169 sent: user_id=130
[2025-05-22T10:25:52.496+0000] {logging_mixin.py:190} INFO - 💌message 170 sent: user_id=120
[2025-05-22T10:25:52.550+0000] {logging_mixin.py:190} INFO - 💌message 171 sent: user_id=115
[2025-05-22T10:25:52.605+0000] {logging_mixin.py:190} INFO - 💌message 172 sent: user_id=133
[2025-05-22T10:25:52.657+0000] {logging_mixin.py:190} INFO - 💌message 173 sent: user_id=146
[2025-05-22T10:25:52.710+0000] {logging_mixin.py:190} INFO - 💌message 174 sent: user_id=129
[2025-05-22T10:25:52.764+0000] {logging_mixin.py:190} INFO - 💌message 175 sent: user_id=118
[2025-05-22T10:25:52.818+0000] {logging_mixin.py:190} INFO - 💌message 176 sent: user_id=146
[2025-05-22T10:25:52.871+0000] {logging_mixin.py:190} INFO - 💌message 177 sent: user_id=136
[2025-05-22T10:25:52.926+0000] {logging_mixin.py:190} INFO - 💌message 178 sent: user_id=123
[2025-05-22T10:25:52.985+0000] {logging_mixin.py:190} INFO - 💌message 179 sent: user_id=111
[2025-05-22T10:25:53.039+0000] {logging_mixin.py:190} INFO - 💌message 180 sent: user_id=110
[2025-05-22T10:25:53.094+0000] {logging_mixin.py:190} INFO - 💌message 181 sent: user_id=120
[2025-05-22T10:25:53.147+0000] {logging_mixin.py:190} INFO - 💌message 182 sent: user_id=139
[2025-05-22T10:25:53.199+0000] {logging_mixin.py:190} INFO - 💌message 183 sent: user_id=141
[2025-05-22T10:25:53.251+0000] {logging_mixin.py:190} INFO - 💌message 184 sent: user_id=137
[2025-05-22T10:25:53.307+0000] {logging_mixin.py:190} INFO - 💌message 185 sent: user_id=134
[2025-05-22T10:25:53.362+0000] {logging_mixin.py:190} INFO - 💌message 186 sent: user_id=117
[2025-05-22T10:25:53.418+0000] {logging_mixin.py:190} INFO - 💌message 187 sent: user_id=132
[2025-05-22T10:25:53.474+0000] {logging_mixin.py:190} INFO - 💌message 188 sent: user_id=140
[2025-05-22T10:25:53.530+0000] {logging_mixin.py:190} INFO - 💌message 189 sent: user_id=114
[2025-05-22T10:25:53.585+0000] {logging_mixin.py:190} INFO - 💌message 190 sent: user_id=138
[2025-05-22T10:25:53.640+0000] {logging_mixin.py:190} INFO - 💌message 191 sent: user_id=122
[2025-05-22T10:25:53.695+0000] {logging_mixin.py:190} INFO - 💌message 192 sent: user_id=117
[2025-05-22T10:25:53.750+0000] {logging_mixin.py:190} INFO - 💌message 193 sent: user_id=108
[2025-05-22T10:25:53.805+0000] {logging_mixin.py:190} INFO - 💌message 194 sent: user_id=121
[2025-05-22T10:25:53.860+0000] {logging_mixin.py:190} INFO - 💌message 195 sent: user_id=138
[2025-05-22T10:25:53.915+0000] {logging_mixin.py:190} INFO - 💌message 196 sent: user_id=111
[2025-05-22T10:25:53.970+0000] {logging_mixin.py:190} INFO - 💌message 197 sent: user_id=149
[2025-05-22T10:25:54.024+0000] {logging_mixin.py:190} INFO - 💌message 198 sent: user_id=125
[2025-05-22T10:25:54.081+0000] {logging_mixin.py:190} INFO - 💌message 199 sent: user_id=137
[2025-05-22T10:25:54.139+0000] {logging_mixin.py:190} INFO - 💌message 200 sent: user_id=146
[2025-05-22T10:25:54.194+0000] {logging_mixin.py:190} INFO - 💌message 201 sent: user_id=100
[2025-05-22T10:25:54.247+0000] {logging_mixin.py:190} INFO - 💌message 202 sent: user_id=150
[2025-05-22T10:25:54.300+0000] {logging_mixin.py:190} INFO - 💌message 203 sent: user_id=118
[2025-05-22T10:25:54.354+0000] {logging_mixin.py:190} INFO - 💌message 204 sent: user_id=125
[2025-05-22T10:25:54.409+0000] {logging_mixin.py:190} INFO - 💌message 205 sent: user_id=141
[2025-05-22T10:25:54.461+0000] {logging_mixin.py:190} INFO - 💌message 206 sent: user_id=102
[2025-05-22T10:25:54.512+0000] {logging_mixin.py:190} INFO - 💌message 207 sent: user_id=118
[2025-05-22T10:25:54.567+0000] {logging_mixin.py:190} INFO - 💌message 208 sent: user_id=101
[2025-05-22T10:25:54.621+0000] {logging_mixin.py:190} INFO - 💌message 209 sent: user_id=145
[2025-05-22T10:25:54.672+0000] {logging_mixin.py:190} INFO - 💌message 210 sent: user_id=106
[2025-05-22T10:25:54.725+0000] {logging_mixin.py:190} INFO - 💌message 211 sent: user_id=103
[2025-05-22T10:25:54.781+0000] {logging_mixin.py:190} INFO - 💌message 212 sent: user_id=112
[2025-05-22T10:25:54.835+0000] {logging_mixin.py:190} INFO - 💌message 213 sent: user_id=125
[2025-05-22T10:25:54.888+0000] {logging_mixin.py:190} INFO - 💌message 214 sent: user_id=105
[2025-05-22T10:25:54.941+0000] {logging_mixin.py:190} INFO - 💌message 215 sent: user_id=112
[2025-05-22T10:25:54.996+0000] {logging_mixin.py:190} INFO - 💌message 216 sent: user_id=121
[2025-05-22T10:25:55.048+0000] {logging_mixin.py:190} INFO - 💌message 217 sent: user_id=142
[2025-05-22T10:25:55.102+0000] {logging_mixin.py:190} INFO - 💌message 218 sent: user_id=130
[2025-05-22T10:25:55.159+0000] {logging_mixin.py:190} INFO - 💌message 219 sent: user_id=119
[2025-05-22T10:25:55.213+0000] {logging_mixin.py:190} INFO - 💌message 220 sent: user_id=103
[2025-05-22T10:25:55.267+0000] {logging_mixin.py:190} INFO - 💌message 221 sent: user_id=101
[2025-05-22T10:25:55.324+0000] {logging_mixin.py:190} INFO - 💌message 222 sent: user_id=106
[2025-05-22T10:25:55.378+0000] {logging_mixin.py:190} INFO - 💌message 223 sent: user_id=140
[2025-05-22T10:25:55.432+0000] {logging_mixin.py:190} INFO - 💌message 224 sent: user_id=130
[2025-05-22T10:25:55.487+0000] {logging_mixin.py:190} INFO - 💌message 225 sent: user_id=122
[2025-05-22T10:25:55.541+0000] {logging_mixin.py:190} INFO - 💌message 226 sent: user_id=121
[2025-05-22T10:25:55.593+0000] {logging_mixin.py:190} INFO - 💌message 227 sent: user_id=113
[2025-05-22T10:25:55.644+0000] {logging_mixin.py:190} INFO - 💌message 228 sent: user_id=103
[2025-05-22T10:25:55.696+0000] {logging_mixin.py:190} INFO - 💌message 229 sent: user_id=122
[2025-05-22T10:25:55.748+0000] {logging_mixin.py:190} INFO - 💌message 230 sent: user_id=134
[2025-05-22T10:25:55.799+0000] {logging_mixin.py:190} INFO - 💌message 231 sent: user_id=102
[2025-05-22T10:25:55.850+0000] {logging_mixin.py:190} INFO - 💌message 232 sent: user_id=148
[2025-05-22T10:25:55.901+0000] {logging_mixin.py:190} INFO - 💌message 233 sent: user_id=126
[2025-05-22T10:25:55.952+0000] {logging_mixin.py:190} INFO - 💌message 234 sent: user_id=120
[2025-05-22T10:25:56.004+0000] {logging_mixin.py:190} INFO - 💌message 235 sent: user_id=126
[2025-05-22T10:25:56.057+0000] {logging_mixin.py:190} INFO - 💌message 236 sent: user_id=116
[2025-05-22T10:25:56.108+0000] {logging_mixin.py:190} INFO - 💌message 237 sent: user_id=125
[2025-05-22T10:25:56.160+0000] {logging_mixin.py:190} INFO - 💌message 238 sent: user_id=130
[2025-05-22T10:25:56.213+0000] {logging_mixin.py:190} INFO - 💌message 239 sent: user_id=104
[2025-05-22T10:25:56.264+0000] {logging_mixin.py:190} INFO - 💌message 240 sent: user_id=127
[2025-05-22T10:25:56.315+0000] {logging_mixin.py:190} INFO - 💌message 241 sent: user_id=110
[2025-05-22T10:25:56.366+0000] {logging_mixin.py:190} INFO - 💌message 242 sent: user_id=135
[2025-05-22T10:25:56.421+0000] {logging_mixin.py:190} INFO - 💌message 243 sent: user_id=150
[2025-05-22T10:25:56.472+0000] {logging_mixin.py:190} INFO - 💌message 244 sent: user_id=132
[2025-05-22T10:25:56.525+0000] {logging_mixin.py:190} INFO - 💌message 245 sent: user_id=121
[2025-05-22T10:25:56.576+0000] {logging_mixin.py:190} INFO - 💌message 246 sent: user_id=140
[2025-05-22T10:25:56.627+0000] {logging_mixin.py:190} INFO - 💌message 247 sent: user_id=128
[2025-05-22T10:25:56.682+0000] {logging_mixin.py:190} INFO - 💌message 248 sent: user_id=140
[2025-05-22T10:25:56.733+0000] {logging_mixin.py:190} INFO - 💌message 249 sent: user_id=109
[2025-05-22T10:25:56.784+0000] {logging_mixin.py:190} INFO - 💌message 250 sent: user_id=111
[2025-05-22T10:25:56.836+0000] {logging_mixin.py:190} INFO - 💌message 251 sent: user_id=118
[2025-05-22T10:25:56.888+0000] {logging_mixin.py:190} INFO - 💌message 252 sent: user_id=145
[2025-05-22T10:25:56.940+0000] {logging_mixin.py:190} INFO - 💌message 253 sent: user_id=134
[2025-05-22T10:25:56.995+0000] {logging_mixin.py:190} INFO - 💌message 254 sent: user_id=126
[2025-05-22T10:25:57.052+0000] {logging_mixin.py:190} INFO - 💌message 255 sent: user_id=135
[2025-05-22T10:25:57.107+0000] {logging_mixin.py:190} INFO - 💌message 256 sent: user_id=140
[2025-05-22T10:25:57.165+0000] {logging_mixin.py:190} INFO - 💌message 257 sent: user_id=114
[2025-05-22T10:25:57.221+0000] {logging_mixin.py:190} INFO - 💌message 258 sent: user_id=117
[2025-05-22T10:25:57.274+0000] {logging_mixin.py:190} INFO - 💌message 259 sent: user_id=100
[2025-05-22T10:25:57.326+0000] {logging_mixin.py:190} INFO - 💌message 260 sent: user_id=103
[2025-05-22T10:25:57.378+0000] {logging_mixin.py:190} INFO - 💌message 261 sent: user_id=101
[2025-05-22T10:25:57.431+0000] {logging_mixin.py:190} INFO - 💌message 262 sent: user_id=142
[2025-05-22T10:25:57.485+0000] {logging_mixin.py:190} INFO - 💌message 263 sent: user_id=146
[2025-05-22T10:25:57.544+0000] {logging_mixin.py:190} INFO - 💌message 264 sent: user_id=122
[2025-05-22T10:25:57.599+0000] {logging_mixin.py:190} INFO - 💌message 265 sent: user_id=139
[2025-05-22T10:25:57.658+0000] {logging_mixin.py:190} INFO - 💌message 266 sent: user_id=114
[2025-05-22T10:25:57.713+0000] {logging_mixin.py:190} INFO - 💌message 267 sent: user_id=126
[2025-05-22T10:25:57.768+0000] {logging_mixin.py:190} INFO - 💌message 268 sent: user_id=119
[2025-05-22T10:25:57.823+0000] {logging_mixin.py:190} INFO - 💌message 269 sent: user_id=128
[2025-05-22T10:25:57.879+0000] {logging_mixin.py:190} INFO - 💌message 270 sent: user_id=104
[2025-05-22T10:25:58.045+0000] {logging_mixin.py:190} INFO - 💌message 271 sent: user_id=106
[2025-05-22T10:25:58.096+0000] {logging_mixin.py:190} INFO - 💌message 272 sent: user_id=144
[2025-05-22T10:25:58.148+0000] {logging_mixin.py:190} INFO - 💌message 273 sent: user_id=143
[2025-05-22T10:25:58.201+0000] {logging_mixin.py:190} INFO - 💌message 274 sent: user_id=142
[2025-05-22T10:25:58.253+0000] {logging_mixin.py:190} INFO - 💌message 275 sent: user_id=137
[2025-05-22T10:25:58.305+0000] {logging_mixin.py:190} INFO - 💌message 276 sent: user_id=112
[2025-05-22T10:25:58.360+0000] {logging_mixin.py:190} INFO - 💌message 277 sent: user_id=122
[2025-05-22T10:25:58.414+0000] {logging_mixin.py:190} INFO - 💌message 278 sent: user_id=103
[2025-05-22T10:25:58.469+0000] {logging_mixin.py:190} INFO - 💌message 279 sent: user_id=128
[2025-05-22T10:25:58.526+0000] {logging_mixin.py:190} INFO - 💌message 280 sent: user_id=107
[2025-05-22T10:25:58.581+0000] {logging_mixin.py:190} INFO - 💌message 281 sent: user_id=117
[2025-05-22T10:25:58.633+0000] {logging_mixin.py:190} INFO - 💌message 282 sent: user_id=123
[2025-05-22T10:25:58.687+0000] {logging_mixin.py:190} INFO - 💌message 283 sent: user_id=117
[2025-05-22T10:25:58.740+0000] {logging_mixin.py:190} INFO - 💌message 284 sent: user_id=101
[2025-05-22T10:25:58.794+0000] {logging_mixin.py:190} INFO - 💌message 285 sent: user_id=100
[2025-05-22T10:25:58.850+0000] {logging_mixin.py:190} INFO - 💌message 286 sent: user_id=119
[2025-05-22T10:25:58.906+0000] {logging_mixin.py:190} INFO - 💌message 287 sent: user_id=147
[2025-05-22T10:25:58.960+0000] {logging_mixin.py:190} INFO - 💌message 288 sent: user_id=113
[2025-05-22T10:25:59.015+0000] {logging_mixin.py:190} INFO - 💌message 289 sent: user_id=138
[2025-05-22T10:25:59.069+0000] {logging_mixin.py:190} INFO - 💌message 290 sent: user_id=113
[2025-05-22T10:25:59.128+0000] {logging_mixin.py:190} INFO - 💌message 291 sent: user_id=109
[2025-05-22T10:25:59.183+0000] {logging_mixin.py:190} INFO - 💌message 292 sent: user_id=109
[2025-05-22T10:25:59.237+0000] {logging_mixin.py:190} INFO - 💌message 293 sent: user_id=143
[2025-05-22T10:25:59.293+0000] {logging_mixin.py:190} INFO - 💌message 294 sent: user_id=112
[2025-05-22T10:25:59.346+0000] {logging_mixin.py:190} INFO - 💌message 295 sent: user_id=120
[2025-05-22T10:25:59.401+0000] {logging_mixin.py:190} INFO - 💌message 296 sent: user_id=112
[2025-05-22T10:25:59.466+0000] {logging_mixin.py:190} INFO - 💌message 297 sent: user_id=129
[2025-05-22T10:25:59.518+0000] {logging_mixin.py:190} INFO - 💌message 298 sent: user_id=136
[2025-05-22T10:25:59.574+0000] {logging_mixin.py:190} INFO - 💌message 299 sent: user_id=102
[2025-05-22T10:25:59.626+0000] {logging_mixin.py:190} INFO - 💌message 300 sent: user_id=144
[2025-05-22T10:25:59.677+0000] {logging_mixin.py:190} INFO - 💌message 301 sent: user_id=116
[2025-05-22T10:25:59.730+0000] {logging_mixin.py:190} INFO - 💌message 302 sent: user_id=109
[2025-05-22T10:25:59.784+0000] {logging_mixin.py:190} INFO - 💌message 303 sent: user_id=107
[2025-05-22T10:25:59.838+0000] {logging_mixin.py:190} INFO - 💌message 304 sent: user_id=101
[2025-05-22T10:25:59.889+0000] {logging_mixin.py:190} INFO - 💌message 305 sent: user_id=136
[2025-05-22T10:25:59.942+0000] {logging_mixin.py:190} INFO - 💌message 306 sent: user_id=125
[2025-05-22T10:25:59.995+0000] {logging_mixin.py:190} INFO - 💌message 307 sent: user_id=144
[2025-05-22T10:26:00.048+0000] {logging_mixin.py:190} INFO - 💌message 308 sent: user_id=120
[2025-05-22T10:26:00.099+0000] {logging_mixin.py:190} INFO - 💌message 309 sent: user_id=110
[2025-05-22T10:26:00.156+0000] {logging_mixin.py:190} INFO - 💌message 310 sent: user_id=119
[2025-05-22T10:26:00.207+0000] {logging_mixin.py:190} INFO - 💌message 311 sent: user_id=112
[2025-05-22T10:26:00.262+0000] {logging_mixin.py:190} INFO - 💌message 312 sent: user_id=123
[2025-05-22T10:26:00.313+0000] {logging_mixin.py:190} INFO - 💌message 313 sent: user_id=120
[2025-05-22T10:26:00.368+0000] {logging_mixin.py:190} INFO - 💌message 314 sent: user_id=136
[2025-05-22T10:26:00.419+0000] {logging_mixin.py:190} INFO - 💌message 315 sent: user_id=147
[2025-05-22T10:26:00.470+0000] {logging_mixin.py:190} INFO - 💌message 316 sent: user_id=133
[2025-05-22T10:26:00.521+0000] {logging_mixin.py:190} INFO - 💌message 317 sent: user_id=138
[2025-05-22T10:26:00.573+0000] {logging_mixin.py:190} INFO - 💌message 318 sent: user_id=104
[2025-05-22T10:26:00.624+0000] {logging_mixin.py:190} INFO - 💌message 319 sent: user_id=131
[2025-05-22T10:26:00.679+0000] {logging_mixin.py:190} INFO - 💌message 320 sent: user_id=150
[2025-05-22T10:26:00.732+0000] {logging_mixin.py:190} INFO - 💌message 321 sent: user_id=142
[2025-05-22T10:26:00.788+0000] {logging_mixin.py:190} INFO - 💌message 322 sent: user_id=142
[2025-05-22T10:26:00.843+0000] {logging_mixin.py:190} INFO - 💌message 323 sent: user_id=103
[2025-05-22T10:26:00.901+0000] {logging_mixin.py:190} INFO - 💌message 324 sent: user_id=136
[2025-05-22T10:26:00.956+0000] {logging_mixin.py:190} INFO - 💌message 325 sent: user_id=113
[2025-05-22T10:26:01.013+0000] {logging_mixin.py:190} INFO - 💌message 326 sent: user_id=144
[2025-05-22T10:26:01.068+0000] {logging_mixin.py:190} INFO - 💌message 327 sent: user_id=137
[2025-05-22T10:26:01.122+0000] {logging_mixin.py:190} INFO - 💌message 328 sent: user_id=133
[2025-05-22T10:26:01.178+0000] {logging_mixin.py:190} INFO - 💌message 329 sent: user_id=106
[2025-05-22T10:26:01.236+0000] {logging_mixin.py:190} INFO - 💌message 330 sent: user_id=138
[2025-05-22T10:26:01.293+0000] {logging_mixin.py:190} INFO - 💌message 331 sent: user_id=124
[2025-05-22T10:26:01.346+0000] {logging_mixin.py:190} INFO - 💌message 332 sent: user_id=126
[2025-05-22T10:26:01.398+0000] {logging_mixin.py:190} INFO - 💌message 333 sent: user_id=141
[2025-05-22T10:26:01.451+0000] {logging_mixin.py:190} INFO - 💌message 334 sent: user_id=109
[2025-05-22T10:26:01.505+0000] {logging_mixin.py:190} INFO - 💌message 335 sent: user_id=103
[2025-05-22T10:26:01.561+0000] {logging_mixin.py:190} INFO - 💌message 336 sent: user_id=145
[2025-05-22T10:26:01.616+0000] {logging_mixin.py:190} INFO - 💌message 337 sent: user_id=144
[2025-05-22T10:26:01.669+0000] {logging_mixin.py:190} INFO - 💌message 338 sent: user_id=132
[2025-05-22T10:26:01.720+0000] {logging_mixin.py:190} INFO - 💌message 339 sent: user_id=118
[2025-05-22T10:26:01.774+0000] {logging_mixin.py:190} INFO - 💌message 340 sent: user_id=145
[2025-05-22T10:26:01.825+0000] {logging_mixin.py:190} INFO - 💌message 341 sent: user_id=116
[2025-05-22T10:26:01.879+0000] {logging_mixin.py:190} INFO - 💌message 342 sent: user_id=109
[2025-05-22T10:26:01.933+0000] {logging_mixin.py:190} INFO - 💌message 343 sent: user_id=150
[2025-05-22T10:26:01.988+0000] {logging_mixin.py:190} INFO - 💌message 344 sent: user_id=147
[2025-05-22T10:26:02.043+0000] {logging_mixin.py:190} INFO - 💌message 345 sent: user_id=102
[2025-05-22T10:26:02.101+0000] {logging_mixin.py:190} INFO - 💌message 346 sent: user_id=101
[2025-05-22T10:26:02.159+0000] {logging_mixin.py:190} INFO - 💌message 347 sent: user_id=148
[2025-05-22T10:26:02.215+0000] {logging_mixin.py:190} INFO - 💌message 348 sent: user_id=136
[2025-05-22T10:26:02.269+0000] {logging_mixin.py:190} INFO - 💌message 349 sent: user_id=108
[2025-05-22T10:26:02.323+0000] {logging_mixin.py:190} INFO - 💌message 350 sent: user_id=120
[2025-05-22T10:26:02.377+0000] {logging_mixin.py:190} INFO - 💌message 351 sent: user_id=100
[2025-05-22T10:26:02.429+0000] {logging_mixin.py:190} INFO - 💌message 352 sent: user_id=124
[2025-05-22T10:26:02.482+0000] {logging_mixin.py:190} INFO - 💌message 353 sent: user_id=117
[2025-05-22T10:26:02.536+0000] {logging_mixin.py:190} INFO - 💌message 354 sent: user_id=144
[2025-05-22T10:26:02.591+0000] {logging_mixin.py:190} INFO - 💌message 355 sent: user_id=121
[2025-05-22T10:26:02.646+0000] {logging_mixin.py:190} INFO - 💌message 356 sent: user_id=136
[2025-05-22T10:26:02.702+0000] {logging_mixin.py:190} INFO - 💌message 357 sent: user_id=138
[2025-05-22T10:26:02.757+0000] {logging_mixin.py:190} INFO - 💌message 358 sent: user_id=127
[2025-05-22T10:26:02.812+0000] {logging_mixin.py:190} INFO - 💌message 359 sent: user_id=141
[2025-05-22T10:26:02.868+0000] {logging_mixin.py:190} INFO - 💌message 360 sent: user_id=123
[2025-05-22T10:26:02.922+0000] {logging_mixin.py:190} INFO - 💌message 361 sent: user_id=141
[2025-05-22T10:26:02.977+0000] {logging_mixin.py:190} INFO - 💌message 362 sent: user_id=126
[2025-05-22T10:26:03.031+0000] {logging_mixin.py:190} INFO - 💌message 363 sent: user_id=121
[2025-05-22T10:26:03.086+0000] {logging_mixin.py:190} INFO - 💌message 364 sent: user_id=112
[2025-05-22T10:26:03.140+0000] {logging_mixin.py:190} INFO - 💌message 365 sent: user_id=138
[2025-05-22T10:26:03.193+0000] {logging_mixin.py:190} INFO - 💌message 366 sent: user_id=119
[2025-05-22T10:26:03.245+0000] {logging_mixin.py:190} INFO - 💌message 367 sent: user_id=144
[2025-05-22T10:26:03.298+0000] {logging_mixin.py:190} INFO - 💌message 368 sent: user_id=131
[2025-05-22T10:26:03.350+0000] {logging_mixin.py:190} INFO - 💌message 369 sent: user_id=120
[2025-05-22T10:26:03.421+0000] {logging_mixin.py:190} INFO - 💌message 370 sent: user_id=111
[2025-05-22T10:26:03.474+0000] {logging_mixin.py:190} INFO - 💌message 371 sent: user_id=130
[2025-05-22T10:26:03.530+0000] {logging_mixin.py:190} INFO - 💌message 372 sent: user_id=139
[2025-05-22T10:26:03.585+0000] {logging_mixin.py:190} INFO - 💌message 373 sent: user_id=122
[2025-05-22T10:26:03.640+0000] {logging_mixin.py:190} INFO - 💌message 374 sent: user_id=132
[2025-05-22T10:26:03.695+0000] {logging_mixin.py:190} INFO - 💌message 375 sent: user_id=131
[2025-05-22T10:26:03.751+0000] {logging_mixin.py:190} INFO - 💌message 376 sent: user_id=108
[2025-05-22T10:26:03.805+0000] {logging_mixin.py:190} INFO - 💌message 377 sent: user_id=139
[2025-05-22T10:26:03.861+0000] {logging_mixin.py:190} INFO - 💌message 378 sent: user_id=140
[2025-05-22T10:26:03.915+0000] {logging_mixin.py:190} INFO - 💌message 379 sent: user_id=149
[2025-05-22T10:26:03.970+0000] {logging_mixin.py:190} INFO - 💌message 380 sent: user_id=100
[2025-05-22T10:26:04.024+0000] {logging_mixin.py:190} INFO - 💌message 381 sent: user_id=122
[2025-05-22T10:26:04.080+0000] {logging_mixin.py:190} INFO - 💌message 382 sent: user_id=120
[2025-05-22T10:26:04.137+0000] {logging_mixin.py:190} INFO - 💌message 383 sent: user_id=134
[2025-05-22T10:26:04.194+0000] {logging_mixin.py:190} INFO - 💌message 384 sent: user_id=135
[2025-05-22T10:26:04.251+0000] {logging_mixin.py:190} INFO - 💌message 385 sent: user_id=125
[2025-05-22T10:26:04.306+0000] {logging_mixin.py:190} INFO - 💌message 386 sent: user_id=142
[2025-05-22T10:26:04.358+0000] {logging_mixin.py:190} INFO - 💌message 387 sent: user_id=134
[2025-05-22T10:26:04.412+0000] {logging_mixin.py:190} INFO - 💌message 388 sent: user_id=148
[2025-05-22T10:26:04.466+0000] {logging_mixin.py:190} INFO - 💌message 389 sent: user_id=135
[2025-05-22T10:26:04.520+0000] {logging_mixin.py:190} INFO - 💌message 390 sent: user_id=128
[2025-05-22T10:26:04.578+0000] {logging_mixin.py:190} INFO - 💌message 391 sent: user_id=139
[2025-05-22T10:26:04.631+0000] {logging_mixin.py:190} INFO - 💌message 392 sent: user_id=115
[2025-05-22T10:26:04.686+0000] {logging_mixin.py:190} INFO - 💌message 393 sent: user_id=132
[2025-05-22T10:26:04.739+0000] {logging_mixin.py:190} INFO - 💌message 394 sent: user_id=114
[2025-05-22T10:26:04.790+0000] {logging_mixin.py:190} INFO - 💌message 395 sent: user_id=117
[2025-05-22T10:26:04.845+0000] {logging_mixin.py:190} INFO - 💌message 396 sent: user_id=135
[2025-05-22T10:26:04.899+0000] {logging_mixin.py:190} INFO - 💌message 397 sent: user_id=132
[2025-05-22T10:26:04.959+0000] {logging_mixin.py:190} INFO - 💌message 398 sent: user_id=140
[2025-05-22T10:26:05.013+0000] {logging_mixin.py:190} INFO - 💌message 399 sent: user_id=130
[2025-05-22T10:26:05.068+0000] {logging_mixin.py:190} INFO - 💌message 400 sent: user_id=100
[2025-05-22T10:26:05.124+0000] {logging_mixin.py:190} INFO - 💌message 401 sent: user_id=103
[2025-05-22T10:26:05.179+0000] {logging_mixin.py:190} INFO - 💌message 402 sent: user_id=138
[2025-05-22T10:26:05.234+0000] {logging_mixin.py:190} INFO - 💌message 403 sent: user_id=117
[2025-05-22T10:26:05.293+0000] {logging_mixin.py:190} INFO - 💌message 404 sent: user_id=120
[2025-05-22T10:26:05.349+0000] {logging_mixin.py:190} INFO - 💌message 405 sent: user_id=112
[2025-05-22T10:26:05.401+0000] {logging_mixin.py:190} INFO - 💌message 406 sent: user_id=146
[2025-05-22T10:26:05.454+0000] {logging_mixin.py:190} INFO - 💌message 407 sent: user_id=141
[2025-05-22T10:26:05.508+0000] {logging_mixin.py:190} INFO - 💌message 408 sent: user_id=123
[2025-05-22T10:26:05.561+0000] {logging_mixin.py:190} INFO - 💌message 409 sent: user_id=119
[2025-05-22T10:26:05.615+0000] {logging_mixin.py:190} INFO - 💌message 410 sent: user_id=142
[2025-05-22T10:26:05.673+0000] {logging_mixin.py:190} INFO - 💌message 411 sent: user_id=104
[2025-05-22T10:26:05.727+0000] {logging_mixin.py:190} INFO - 💌message 412 sent: user_id=150
[2025-05-22T10:26:05.781+0000] {logging_mixin.py:190} INFO - 💌message 413 sent: user_id=128
[2025-05-22T10:26:05.835+0000] {logging_mixin.py:190} INFO - 💌message 414 sent: user_id=105
[2025-05-22T10:26:05.889+0000] {logging_mixin.py:190} INFO - 💌message 415 sent: user_id=123
[2025-05-22T10:26:05.945+0000] {logging_mixin.py:190} INFO - 💌message 416 sent: user_id=139
[2025-05-22T10:26:06.001+0000] {logging_mixin.py:190} INFO - 💌message 417 sent: user_id=112
[2025-05-22T10:26:06.059+0000] {logging_mixin.py:190} INFO - 💌message 418 sent: user_id=131
[2025-05-22T10:26:06.115+0000] {logging_mixin.py:190} INFO - 💌message 419 sent: user_id=145
[2025-05-22T10:26:06.174+0000] {logging_mixin.py:190} INFO - 💌message 420 sent: user_id=109
[2025-05-22T10:26:06.230+0000] {logging_mixin.py:190} INFO - 💌message 421 sent: user_id=147
[2025-05-22T10:26:06.285+0000] {logging_mixin.py:190} INFO - 💌message 422 sent: user_id=145
[2025-05-22T10:26:06.339+0000] {logging_mixin.py:190} INFO - 💌message 423 sent: user_id=108
[2025-05-22T10:26:06.395+0000] {logging_mixin.py:190} INFO - 💌message 424 sent: user_id=103
[2025-05-22T10:26:06.447+0000] {logging_mixin.py:190} INFO - 💌message 425 sent: user_id=103
[2025-05-22T10:26:06.500+0000] {logging_mixin.py:190} INFO - 💌message 426 sent: user_id=112
[2025-05-22T10:26:06.555+0000] {logging_mixin.py:190} INFO - 💌message 427 sent: user_id=120
[2025-05-22T10:26:06.612+0000] {logging_mixin.py:190} INFO - 💌message 428 sent: user_id=120
[2025-05-22T10:26:06.666+0000] {logging_mixin.py:190} INFO - 💌message 429 sent: user_id=111
[2025-05-22T10:26:06.725+0000] {logging_mixin.py:190} INFO - 💌message 430 sent: user_id=144
[2025-05-22T10:26:06.784+0000] {logging_mixin.py:190} INFO - 💌message 431 sent: user_id=128
[2025-05-22T10:26:06.839+0000] {logging_mixin.py:190} INFO - 💌message 432 sent: user_id=110
[2025-05-22T10:26:06.895+0000] {logging_mixin.py:190} INFO - 💌message 433 sent: user_id=101
[2025-05-22T10:26:06.952+0000] {logging_mixin.py:190} INFO - 💌message 434 sent: user_id=137
[2025-05-22T10:26:07.006+0000] {logging_mixin.py:190} INFO - 💌message 435 sent: user_id=122
[2025-05-22T10:26:07.060+0000] {logging_mixin.py:190} INFO - 💌message 436 sent: user_id=107
[2025-05-22T10:26:07.116+0000] {logging_mixin.py:190} INFO - 💌message 437 sent: user_id=118
[2025-05-22T10:26:07.171+0000] {logging_mixin.py:190} INFO - 💌message 438 sent: user_id=134
[2025-05-22T10:26:07.226+0000] {logging_mixin.py:190} INFO - 💌message 439 sent: user_id=121
[2025-05-22T10:26:07.281+0000] {logging_mixin.py:190} INFO - 💌message 440 sent: user_id=122
[2025-05-22T10:26:07.336+0000] {logging_mixin.py:190} INFO - 💌message 441 sent: user_id=102
[2025-05-22T10:26:07.390+0000] {logging_mixin.py:190} INFO - 💌message 442 sent: user_id=148
[2025-05-22T10:26:07.444+0000] {logging_mixin.py:190} INFO - 💌message 443 sent: user_id=143
[2025-05-22T10:26:07.498+0000] {logging_mixin.py:190} INFO - 💌message 444 sent: user_id=120
[2025-05-22T10:26:07.551+0000] {logging_mixin.py:190} INFO - 💌message 445 sent: user_id=106
[2025-05-22T10:26:07.605+0000] {logging_mixin.py:190} INFO - 💌message 446 sent: user_id=149
[2025-05-22T10:26:07.661+0000] {logging_mixin.py:190} INFO - 💌message 447 sent: user_id=108
[2025-05-22T10:26:07.715+0000] {logging_mixin.py:190} INFO - 💌message 448 sent: user_id=123
[2025-05-22T10:26:07.767+0000] {logging_mixin.py:190} INFO - 💌message 449 sent: user_id=104
[2025-05-22T10:26:07.823+0000] {logging_mixin.py:190} INFO - 💌message 450 sent: user_id=107
[2025-05-22T10:26:07.877+0000] {logging_mixin.py:190} INFO - 💌message 451 sent: user_id=129
[2025-05-22T10:26:07.931+0000] {logging_mixin.py:190} INFO - 💌message 452 sent: user_id=142
[2025-05-22T10:26:07.987+0000] {logging_mixin.py:190} INFO - 💌message 453 sent: user_id=128
[2025-05-22T10:26:08.040+0000] {logging_mixin.py:190} INFO - 💌message 454 sent: user_id=149
[2025-05-22T10:26:08.094+0000] {logging_mixin.py:190} INFO - 💌message 455 sent: user_id=140
[2025-05-22T10:26:08.149+0000] {logging_mixin.py:190} INFO - 💌message 456 sent: user_id=109
[2025-05-22T10:26:08.204+0000] {logging_mixin.py:190} INFO - 💌message 457 sent: user_id=119
[2025-05-22T10:26:08.256+0000] {logging_mixin.py:190} INFO - 💌message 458 sent: user_id=148
[2025-05-22T10:26:08.310+0000] {logging_mixin.py:190} INFO - 💌message 459 sent: user_id=103
[2025-05-22T10:26:08.367+0000] {logging_mixin.py:190} INFO - 💌message 460 sent: user_id=132
[2025-05-22T10:26:08.421+0000] {logging_mixin.py:190} INFO - 💌message 461 sent: user_id=132
[2025-05-22T10:26:08.477+0000] {logging_mixin.py:190} INFO - 💌message 462 sent: user_id=125
[2025-05-22T10:26:08.534+0000] {logging_mixin.py:190} INFO - 💌message 463 sent: user_id=118
[2025-05-22T10:26:08.590+0000] {logging_mixin.py:190} INFO - 💌message 464 sent: user_id=140
[2025-05-22T10:26:08.644+0000] {logging_mixin.py:190} INFO - 💌message 465 sent: user_id=142
[2025-05-22T10:26:08.698+0000] {logging_mixin.py:190} INFO - 💌message 466 sent: user_id=125
[2025-05-22T10:26:08.753+0000] {logging_mixin.py:190} INFO - 💌message 467 sent: user_id=119
[2025-05-22T10:26:08.810+0000] {logging_mixin.py:190} INFO - 💌message 468 sent: user_id=101
[2025-05-22T10:26:08.867+0000] {logging_mixin.py:190} INFO - 💌message 469 sent: user_id=119
[2025-05-22T10:26:08.922+0000] {logging_mixin.py:190} INFO - 💌message 470 sent: user_id=114
[2025-05-22T10:26:08.979+0000] {logging_mixin.py:190} INFO - 💌message 471 sent: user_id=139
[2025-05-22T10:26:09.034+0000] {logging_mixin.py:190} INFO - 💌message 472 sent: user_id=135
[2025-05-22T10:26:09.095+0000] {logging_mixin.py:190} INFO - 💌message 473 sent: user_id=141
[2025-05-22T10:26:09.151+0000] {logging_mixin.py:190} INFO - 💌message 474 sent: user_id=142
[2025-05-22T10:26:09.205+0000] {logging_mixin.py:190} INFO - 💌message 475 sent: user_id=126
[2025-05-22T10:26:09.259+0000] {logging_mixin.py:190} INFO - 💌message 476 sent: user_id=115
[2025-05-22T10:26:09.314+0000] {logging_mixin.py:190} INFO - 💌message 477 sent: user_id=143
[2025-05-22T10:26:09.369+0000] {logging_mixin.py:190} INFO - 💌message 478 sent: user_id=100
[2025-05-22T10:26:09.424+0000] {logging_mixin.py:190} INFO - 💌message 479 sent: user_id=101
[2025-05-22T10:26:09.480+0000] {logging_mixin.py:190} INFO - 💌message 480 sent: user_id=133
[2025-05-22T10:26:09.533+0000] {logging_mixin.py:190} INFO - 💌message 481 sent: user_id=116
[2025-05-22T10:26:09.591+0000] {logging_mixin.py:190} INFO - 💌message 482 sent: user_id=122
[2025-05-22T10:26:09.647+0000] {logging_mixin.py:190} INFO - 💌message 483 sent: user_id=132
[2025-05-22T10:26:09.702+0000] {logging_mixin.py:190} INFO - 💌message 484 sent: user_id=147
[2025-05-22T10:26:09.757+0000] {logging_mixin.py:190} INFO - 💌message 485 sent: user_id=137
[2025-05-22T10:26:09.812+0000] {logging_mixin.py:190} INFO - 💌message 486 sent: user_id=102
[2025-05-22T10:26:09.869+0000] {logging_mixin.py:190} INFO - 💌message 487 sent: user_id=147
[2025-05-22T10:26:09.923+0000] {logging_mixin.py:190} INFO - 💌message 488 sent: user_id=143
[2025-05-22T10:26:09.979+0000] {logging_mixin.py:190} INFO - 💌message 489 sent: user_id=133
[2025-05-22T10:26:10.036+0000] {logging_mixin.py:190} INFO - 💌message 490 sent: user_id=107
[2025-05-22T10:26:10.091+0000] {logging_mixin.py:190} INFO - 💌message 491 sent: user_id=144
[2025-05-22T10:26:10.148+0000] {logging_mixin.py:190} INFO - 💌message 492 sent: user_id=149
[2025-05-22T10:26:10.205+0000] {logging_mixin.py:190} INFO - 💌message 493 sent: user_id=101
[2025-05-22T10:26:10.261+0000] {logging_mixin.py:190} INFO - 💌message 494 sent: user_id=116
[2025-05-22T10:26:10.316+0000] {logging_mixin.py:190} INFO - 💌message 495 sent: user_id=132
[2025-05-22T10:26:10.371+0000] {logging_mixin.py:190} INFO - 💌message 496 sent: user_id=107
[2025-05-22T10:26:10.423+0000] {logging_mixin.py:190} INFO - 💌message 497 sent: user_id=110
[2025-05-22T10:26:10.475+0000] {logging_mixin.py:190} INFO - 💌message 498 sent: user_id=130
[2025-05-22T10:26:10.528+0000] {logging_mixin.py:190} INFO - 💌message 499 sent: user_id=109
[2025-05-22T10:26:10.579+0000] {logging_mixin.py:190} INFO - 💌message 500 sent: user_id=145
[2025-05-22T10:26:10.632+0000] {logging_mixin.py:190} INFO - 💌message 501 sent: user_id=100
[2025-05-22T10:26:10.687+0000] {logging_mixin.py:190} INFO - 💌message 502 sent: user_id=146
[2025-05-22T10:26:10.742+0000] {logging_mixin.py:190} INFO - 💌message 503 sent: user_id=103
[2025-05-22T10:26:10.795+0000] {logging_mixin.py:190} INFO - 💌message 504 sent: user_id=147
[2025-05-22T10:26:10.850+0000] {logging_mixin.py:190} INFO - 💌message 505 sent: user_id=128
[2025-05-22T10:26:10.901+0000] {logging_mixin.py:190} INFO - 💌message 506 sent: user_id=117
[2025-05-22T10:26:10.955+0000] {logging_mixin.py:190} INFO - 💌message 507 sent: user_id=107
[2025-05-22T10:26:11.006+0000] {logging_mixin.py:190} INFO - 💌message 508 sent: user_id=128
[2025-05-22T10:26:11.060+0000] {logging_mixin.py:190} INFO - 💌message 509 sent: user_id=143
[2025-05-22T10:26:11.114+0000] {logging_mixin.py:190} INFO - 💌message 510 sent: user_id=134
[2025-05-22T10:26:11.168+0000] {logging_mixin.py:190} INFO - 💌message 511 sent: user_id=144
[2025-05-22T10:26:11.222+0000] {logging_mixin.py:190} INFO - 💌message 512 sent: user_id=101
[2025-05-22T10:26:11.279+0000] {logging_mixin.py:190} INFO - 💌message 513 sent: user_id=102
[2025-05-22T10:26:11.335+0000] {logging_mixin.py:190} INFO - 💌message 514 sent: user_id=113
[2025-05-22T10:26:11.392+0000] {logging_mixin.py:190} INFO - 💌message 515 sent: user_id=120
[2025-05-22T10:26:11.447+0000] {logging_mixin.py:190} INFO - 💌message 516 sent: user_id=116
[2025-05-22T10:26:11.502+0000] {logging_mixin.py:190} INFO - 💌message 517 sent: user_id=135
[2025-05-22T10:26:11.556+0000] {logging_mixin.py:190} INFO - 💌message 518 sent: user_id=128
[2025-05-22T10:26:11.612+0000] {logging_mixin.py:190} INFO - 💌message 519 sent: user_id=134
[2025-05-22T10:26:11.667+0000] {logging_mixin.py:190} INFO - 💌message 520 sent: user_id=126
[2025-05-22T10:26:11.723+0000] {logging_mixin.py:190} INFO - 💌message 521 sent: user_id=145
[2025-05-22T10:26:11.779+0000] {logging_mixin.py:190} INFO - 💌message 522 sent: user_id=145
[2025-05-22T10:26:11.834+0000] {logging_mixin.py:190} INFO - 💌message 523 sent: user_id=119
[2025-05-22T10:26:11.889+0000] {logging_mixin.py:190} INFO - 💌message 524 sent: user_id=149
[2025-05-22T10:26:11.945+0000] {logging_mixin.py:190} INFO - 💌message 525 sent: user_id=109
[2025-05-22T10:26:11.999+0000] {logging_mixin.py:190} INFO - 💌message 526 sent: user_id=112
[2025-05-22T10:26:12.058+0000] {logging_mixin.py:190} INFO - 💌message 527 sent: user_id=113
[2025-05-22T10:26:12.112+0000] {logging_mixin.py:190} INFO - 💌message 528 sent: user_id=138
[2025-05-22T10:26:12.166+0000] {logging_mixin.py:190} INFO - 💌message 529 sent: user_id=116
[2025-05-22T10:26:12.221+0000] {logging_mixin.py:190} INFO - 💌message 530 sent: user_id=140
[2025-05-22T10:26:12.276+0000] {logging_mixin.py:190} INFO - 💌message 531 sent: user_id=150
[2025-05-22T10:26:12.330+0000] {logging_mixin.py:190} INFO - 💌message 532 sent: user_id=125
[2025-05-22T10:26:12.385+0000] {logging_mixin.py:190} INFO - 💌message 533 sent: user_id=110
[2025-05-22T10:26:12.440+0000] {logging_mixin.py:190} INFO - 💌message 534 sent: user_id=138
[2025-05-22T10:26:12.494+0000] {logging_mixin.py:190} INFO - 💌message 535 sent: user_id=110
[2025-05-22T10:26:12.546+0000] {logging_mixin.py:190} INFO - 💌message 536 sent: user_id=144
[2025-05-22T10:26:12.599+0000] {logging_mixin.py:190} INFO - 💌message 537 sent: user_id=131
[2025-05-22T10:26:12.654+0000] {logging_mixin.py:190} INFO - 💌message 538 sent: user_id=106
[2025-05-22T10:26:12.710+0000] {logging_mixin.py:190} INFO - 💌message 539 sent: user_id=117
[2025-05-22T10:26:12.765+0000] {logging_mixin.py:190} INFO - 💌message 540 sent: user_id=104
[2025-05-22T10:26:12.821+0000] {logging_mixin.py:190} INFO - 💌message 541 sent: user_id=145
[2025-05-22T10:26:12.878+0000] {logging_mixin.py:190} INFO - 💌message 542 sent: user_id=130
[2025-05-22T10:26:12.933+0000] {logging_mixin.py:190} INFO - 💌message 543 sent: user_id=122
[2025-05-22T10:26:12.988+0000] {logging_mixin.py:190} INFO - 💌message 544 sent: user_id=108
[2025-05-22T10:26:13.043+0000] {logging_mixin.py:190} INFO - 💌message 545 sent: user_id=103
[2025-05-22T10:26:13.098+0000] {logging_mixin.py:190} INFO - 💌message 546 sent: user_id=113
[2025-05-22T10:26:13.154+0000] {logging_mixin.py:190} INFO - 💌message 547 sent: user_id=103
[2025-05-22T10:26:13.208+0000] {logging_mixin.py:190} INFO - 💌message 548 sent: user_id=149
[2025-05-22T10:26:13.261+0000] {logging_mixin.py:190} INFO - 💌message 549 sent: user_id=124
[2025-05-22T10:26:13.313+0000] {logging_mixin.py:190} INFO - 💌message 550 sent: user_id=140
[2025-05-22T10:26:13.367+0000] {logging_mixin.py:190} INFO - 💌message 551 sent: user_id=113
[2025-05-22T10:26:13.420+0000] {logging_mixin.py:190} INFO - 💌message 552 sent: user_id=144
[2025-05-22T10:26:13.474+0000] {logging_mixin.py:190} INFO - 💌message 553 sent: user_id=136
[2025-05-22T10:26:13.530+0000] {logging_mixin.py:190} INFO - 💌message 554 sent: user_id=145
[2025-05-22T10:26:13.586+0000] {logging_mixin.py:190} INFO - 💌message 555 sent: user_id=135
[2025-05-22T10:26:13.640+0000] {logging_mixin.py:190} INFO - 💌message 556 sent: user_id=101
[2025-05-22T10:26:13.697+0000] {logging_mixin.py:190} INFO - 💌message 557 sent: user_id=120
[2025-05-22T10:26:13.751+0000] {logging_mixin.py:190} INFO - 💌message 558 sent: user_id=142
[2025-05-22T10:26:13.805+0000] {logging_mixin.py:190} INFO - 💌message 559 sent: user_id=116
[2025-05-22T10:26:13.858+0000] {logging_mixin.py:190} INFO - 💌message 560 sent: user_id=107
[2025-05-22T10:26:13.909+0000] {logging_mixin.py:190} INFO - 💌message 561 sent: user_id=120
[2025-05-22T10:26:13.962+0000] {logging_mixin.py:190} INFO - 💌message 562 sent: user_id=131
[2025-05-22T10:26:14.017+0000] {logging_mixin.py:190} INFO - 💌message 563 sent: user_id=145
[2025-05-22T10:26:14.072+0000] {logging_mixin.py:190} INFO - 💌message 564 sent: user_id=131
[2025-05-22T10:26:14.128+0000] {logging_mixin.py:190} INFO - 💌message 565 sent: user_id=145
[2025-05-22T10:26:14.188+0000] {logging_mixin.py:190} INFO - 💌message 566 sent: user_id=121
[2025-05-22T10:26:14.242+0000] {logging_mixin.py:190} INFO - 💌message 567 sent: user_id=112
[2025-05-22T10:26:14.298+0000] {logging_mixin.py:190} INFO - 💌message 568 sent: user_id=142
[2025-05-22T10:26:14.351+0000] {logging_mixin.py:190} INFO - 💌message 569 sent: user_id=118
[2025-05-22T10:26:14.404+0000] {logging_mixin.py:190} INFO - 💌message 570 sent: user_id=148
[2025-05-22T10:26:14.456+0000] {logging_mixin.py:190} INFO - 💌message 571 sent: user_id=116
[2025-05-22T10:26:14.509+0000] {logging_mixin.py:190} INFO - 💌message 572 sent: user_id=111
[2025-05-22T10:26:14.566+0000] {logging_mixin.py:190} INFO - 💌message 573 sent: user_id=134
[2025-05-22T10:26:14.617+0000] {logging_mixin.py:190} INFO - 💌message 574 sent: user_id=113
[2025-05-22T10:26:14.670+0000] {logging_mixin.py:190} INFO - 💌message 575 sent: user_id=106
[2025-05-22T10:26:14.724+0000] {logging_mixin.py:190} INFO - 💌message 576 sent: user_id=105
[2025-05-22T10:26:14.779+0000] {logging_mixin.py:190} INFO - 💌message 577 sent: user_id=131
[2025-05-22T10:26:14.834+0000] {logging_mixin.py:190} INFO - 💌message 578 sent: user_id=119
[2025-05-22T10:26:14.890+0000] {logging_mixin.py:190} INFO - 💌message 579 sent: user_id=107
[2025-05-22T10:26:14.946+0000] {logging_mixin.py:190} INFO - 💌message 580 sent: user_id=111
[2025-05-22T10:26:15.003+0000] {logging_mixin.py:190} INFO - 💌message 581 sent: user_id=109
[2025-05-22T10:26:15.057+0000] {logging_mixin.py:190} INFO - 💌message 582 sent: user_id=114
[2025-05-22T10:26:15.114+0000] {logging_mixin.py:190} INFO - 💌message 583 sent: user_id=126
[2025-05-22T10:26:15.169+0000] {logging_mixin.py:190} INFO - 💌message 584 sent: user_id=115
[2025-05-22T10:26:15.224+0000] {logging_mixin.py:190} INFO - 💌message 585 sent: user_id=121
[2025-05-22T10:26:15.280+0000] {logging_mixin.py:190} INFO - 💌message 586 sent: user_id=108
[2025-05-22T10:26:15.333+0000] {logging_mixin.py:190} INFO - 💌message 587 sent: user_id=108
[2025-05-22T10:26:15.388+0000] {logging_mixin.py:190} INFO - 💌message 588 sent: user_id=147
[2025-05-22T10:26:15.441+0000] {logging_mixin.py:190} INFO - 💌message 589 sent: user_id=137
[2025-05-22T10:26:15.495+0000] {logging_mixin.py:190} INFO - 💌message 590 sent: user_id=102
[2025-05-22T10:26:15.549+0000] {logging_mixin.py:190} INFO - 💌message 591 sent: user_id=105
[2025-05-22T10:26:15.604+0000] {logging_mixin.py:190} INFO - 💌message 592 sent: user_id=120
[2025-05-22T10:26:15.658+0000] {logging_mixin.py:190} INFO - 💌message 593 sent: user_id=116
[2025-05-22T10:26:15.715+0000] {logging_mixin.py:190} INFO - 💌message 594 sent: user_id=150
[2025-05-22T10:26:15.769+0000] {logging_mixin.py:190} INFO - 💌message 595 sent: user_id=141
[2025-05-22T10:26:15.824+0000] {logging_mixin.py:190} INFO - 💌message 596 sent: user_id=104
[2025-05-22T10:26:15.893+0000] {logging_mixin.py:190} INFO - 💌message 597 sent: user_id=114
[2025-05-22T10:26:15.947+0000] {logging_mixin.py:190} INFO - 💌message 598 sent: user_id=102
[2025-05-22T10:26:16.001+0000] {logging_mixin.py:190} INFO - 💌message 599 sent: user_id=103
[2025-05-22T10:26:16.056+0000] {logging_mixin.py:190} INFO - 💌message 600 sent: user_id=112
[2025-05-22T10:26:16.110+0000] {logging_mixin.py:190} INFO - 💌message 601 sent: user_id=136
[2025-05-22T10:26:16.166+0000] {logging_mixin.py:190} INFO - 💌message 602 sent: user_id=140
[2025-05-22T10:26:16.220+0000] {logging_mixin.py:190} INFO - 💌message 603 sent: user_id=136
[2025-05-22T10:26:16.275+0000] {logging_mixin.py:190} INFO - 💌message 604 sent: user_id=140
[2025-05-22T10:26:16.330+0000] {logging_mixin.py:190} INFO - 💌message 605 sent: user_id=138
[2025-05-22T10:26:16.384+0000] {logging_mixin.py:190} INFO - 💌message 606 sent: user_id=123
[2025-05-22T10:26:16.439+0000] {logging_mixin.py:190} INFO - 💌message 607 sent: user_id=140
[2025-05-22T10:26:16.494+0000] {logging_mixin.py:190} INFO - 💌message 608 sent: user_id=100
[2025-05-22T10:26:16.547+0000] {logging_mixin.py:190} INFO - 💌message 609 sent: user_id=135
[2025-05-22T10:26:16.601+0000] {logging_mixin.py:190} INFO - 💌message 610 sent: user_id=114
[2025-05-22T10:26:16.657+0000] {logging_mixin.py:190} INFO - 💌message 611 sent: user_id=125
[2025-05-22T10:26:16.711+0000] {logging_mixin.py:190} INFO - 💌message 612 sent: user_id=109
[2025-05-22T10:26:16.766+0000] {logging_mixin.py:190} INFO - 💌message 613 sent: user_id=132
[2025-05-22T10:26:16.822+0000] {logging_mixin.py:190} INFO - 💌message 614 sent: user_id=119
[2025-05-22T10:26:16.877+0000] {logging_mixin.py:190} INFO - 💌message 615 sent: user_id=128
[2025-05-22T10:26:16.932+0000] {logging_mixin.py:190} INFO - 💌message 616 sent: user_id=127
[2025-05-22T10:26:16.993+0000] {logging_mixin.py:190} INFO - 💌message 617 sent: user_id=115
[2025-05-22T10:26:17.048+0000] {logging_mixin.py:190} INFO - 💌message 618 sent: user_id=120
[2025-05-22T10:26:17.103+0000] {logging_mixin.py:190} INFO - 💌message 619 sent: user_id=139
[2025-05-22T10:26:17.158+0000] {logging_mixin.py:190} INFO - 💌message 620 sent: user_id=143
[2025-05-22T10:26:17.213+0000] {logging_mixin.py:190} INFO - 💌message 621 sent: user_id=105
[2025-05-22T10:26:17.271+0000] {logging_mixin.py:190} INFO - 💌message 622 sent: user_id=107
[2025-05-22T10:26:17.326+0000] {logging_mixin.py:190} INFO - 💌message 623 sent: user_id=147
[2025-05-22T10:26:17.381+0000] {logging_mixin.py:190} INFO - 💌message 624 sent: user_id=120
[2025-05-22T10:26:17.435+0000] {logging_mixin.py:190} INFO - 💌message 625 sent: user_id=136
[2025-05-22T10:26:17.488+0000] {logging_mixin.py:190} INFO - 💌message 626 sent: user_id=118
[2025-05-22T10:26:17.541+0000] {logging_mixin.py:190} INFO - 💌message 627 sent: user_id=117
[2025-05-22T10:26:17.593+0000] {logging_mixin.py:190} INFO - 💌message 628 sent: user_id=101
[2025-05-22T10:26:17.646+0000] {logging_mixin.py:190} INFO - 💌message 629 sent: user_id=135
[2025-05-22T10:26:17.700+0000] {logging_mixin.py:190} INFO - 💌message 630 sent: user_id=106
[2025-05-22T10:26:17.755+0000] {logging_mixin.py:190} INFO - 💌message 631 sent: user_id=108
[2025-05-22T10:26:17.810+0000] {logging_mixin.py:190} INFO - 💌message 632 sent: user_id=124
[2025-05-22T10:26:17.866+0000] {logging_mixin.py:190} INFO - 💌message 633 sent: user_id=120
[2025-05-22T10:26:17.921+0000] {logging_mixin.py:190} INFO - 💌message 634 sent: user_id=141
[2025-05-22T10:26:17.976+0000] {logging_mixin.py:190} INFO - 💌message 635 sent: user_id=129
[2025-05-22T10:26:18.031+0000] {logging_mixin.py:190} INFO - 💌message 636 sent: user_id=135
[2025-05-22T10:26:18.083+0000] {logging_mixin.py:190} INFO - 💌message 637 sent: user_id=115
[2025-05-22T10:26:18.135+0000] {logging_mixin.py:190} INFO - 💌message 638 sent: user_id=110
[2025-05-22T10:26:18.187+0000] {logging_mixin.py:190} INFO - 💌message 639 sent: user_id=132
[2025-05-22T10:26:18.241+0000] {logging_mixin.py:190} INFO - 💌message 640 sent: user_id=118
[2025-05-22T10:26:18.293+0000] {logging_mixin.py:190} INFO - 💌message 641 sent: user_id=117
[2025-05-22T10:26:18.347+0000] {logging_mixin.py:190} INFO - 💌message 642 sent: user_id=100
[2025-05-22T10:26:18.400+0000] {logging_mixin.py:190} INFO - 💌message 643 sent: user_id=111
[2025-05-22T10:26:18.456+0000] {logging_mixin.py:190} INFO - 💌message 644 sent: user_id=138
[2025-05-22T10:26:18.510+0000] {logging_mixin.py:190} INFO - 💌message 645 sent: user_id=118
[2025-05-22T10:26:18.565+0000] {logging_mixin.py:190} INFO - 💌message 646 sent: user_id=117
[2025-05-22T10:26:18.620+0000] {logging_mixin.py:190} INFO - 💌message 647 sent: user_id=134
[2025-05-22T10:26:18.675+0000] {logging_mixin.py:190} INFO - 💌message 648 sent: user_id=140
[2025-05-22T10:26:18.730+0000] {logging_mixin.py:190} INFO - 💌message 649 sent: user_id=103
[2025-05-22T10:26:18.785+0000] {logging_mixin.py:190} INFO - 💌message 650 sent: user_id=148
[2025-05-22T10:26:18.840+0000] {logging_mixin.py:190} INFO - 💌message 651 sent: user_id=139
[2025-05-22T10:26:18.895+0000] {logging_mixin.py:190} INFO - 💌message 652 sent: user_id=146
[2025-05-22T10:26:18.949+0000] {logging_mixin.py:190} INFO - 💌message 653 sent: user_id=135
[2025-05-22T10:26:19.003+0000] {logging_mixin.py:190} INFO - 💌message 654 sent: user_id=124
[2025-05-22T10:26:19.058+0000] {logging_mixin.py:190} INFO - 💌message 655 sent: user_id=124
[2025-05-22T10:26:19.114+0000] {logging_mixin.py:190} INFO - 💌message 656 sent: user_id=108
[2025-05-22T10:26:19.170+0000] {logging_mixin.py:190} INFO - 💌message 657 sent: user_id=129
[2025-05-22T10:26:19.225+0000] {logging_mixin.py:190} INFO - 💌message 658 sent: user_id=103
[2025-05-22T10:26:19.276+0000] {logging_mixin.py:190} INFO - 💌message 659 sent: user_id=132
[2025-05-22T10:26:19.327+0000] {logging_mixin.py:190} INFO - 💌message 660 sent: user_id=134
[2025-05-22T10:26:19.379+0000] {logging_mixin.py:190} INFO - 💌message 661 sent: user_id=132
[2025-05-22T10:26:19.433+0000] {logging_mixin.py:190} INFO - 💌message 662 sent: user_id=120
[2025-05-22T10:26:19.487+0000] {logging_mixin.py:190} INFO - 💌message 663 sent: user_id=147
[2025-05-22T10:26:19.540+0000] {logging_mixin.py:190} INFO - 💌message 664 sent: user_id=119
[2025-05-22T10:26:19.591+0000] {logging_mixin.py:190} INFO - 💌message 665 sent: user_id=137
[2025-05-22T10:26:19.646+0000] {logging_mixin.py:190} INFO - 💌message 666 sent: user_id=142
[2025-05-22T10:26:19.701+0000] {logging_mixin.py:190} INFO - 💌message 667 sent: user_id=126
[2025-05-22T10:26:19.757+0000] {logging_mixin.py:190} INFO - 💌message 668 sent: user_id=137
[2025-05-22T10:26:19.812+0000] {logging_mixin.py:190} INFO - 💌message 669 sent: user_id=134
[2025-05-22T10:26:19.867+0000] {logging_mixin.py:190} INFO - 💌message 670 sent: user_id=146
[2025-05-22T10:26:19.923+0000] {logging_mixin.py:190} INFO - 💌message 671 sent: user_id=105
[2025-05-22T10:26:19.978+0000] {logging_mixin.py:190} INFO - 💌message 672 sent: user_id=134
[2025-05-22T10:26:20.033+0000] {logging_mixin.py:190} INFO - 💌message 673 sent: user_id=120
[2025-05-22T10:26:20.089+0000] {logging_mixin.py:190} INFO - 💌message 674 sent: user_id=147
[2025-05-22T10:26:20.144+0000] {logging_mixin.py:190} INFO - 💌message 675 sent: user_id=134
[2025-05-22T10:26:20.198+0000] {logging_mixin.py:190} INFO - 💌message 676 sent: user_id=105
[2025-05-22T10:26:20.254+0000] {logging_mixin.py:190} INFO - 💌message 677 sent: user_id=142
[2025-05-22T10:26:20.310+0000] {logging_mixin.py:190} INFO - 💌message 678 sent: user_id=150
[2025-05-22T10:26:20.370+0000] {logging_mixin.py:190} INFO - 💌message 679 sent: user_id=108
[2025-05-22T10:26:20.426+0000] {logging_mixin.py:190} INFO - 💌message 680 sent: user_id=100
[2025-05-22T10:26:20.479+0000] {logging_mixin.py:190} INFO - 💌message 681 sent: user_id=122
[2025-05-22T10:26:20.532+0000] {logging_mixin.py:190} INFO - 💌message 682 sent: user_id=142
[2025-05-22T10:26:20.584+0000] {logging_mixin.py:190} INFO - 💌message 683 sent: user_id=140
[2025-05-22T10:26:20.637+0000] {logging_mixin.py:190} INFO - 💌message 684 sent: user_id=144
[2025-05-22T10:26:20.691+0000] {logging_mixin.py:190} INFO - 💌message 685 sent: user_id=105
[2025-05-22T10:26:20.746+0000] {logging_mixin.py:190} INFO - 💌message 686 sent: user_id=117
[2025-05-22T10:26:20.801+0000] {logging_mixin.py:190} INFO - 💌message 687 sent: user_id=129
[2025-05-22T10:26:20.856+0000] {logging_mixin.py:190} INFO - 💌message 688 sent: user_id=121
[2025-05-22T10:26:20.912+0000] {logging_mixin.py:190} INFO - 💌message 689 sent: user_id=147
[2025-05-22T10:26:20.967+0000] {logging_mixin.py:190} INFO - 💌message 690 sent: user_id=136
[2025-05-22T10:26:21.022+0000] {logging_mixin.py:190} INFO - 💌message 691 sent: user_id=115
[2025-05-22T10:26:21.077+0000] {logging_mixin.py:190} INFO - 💌message 692 sent: user_id=115
[2025-05-22T10:26:21.133+0000] {logging_mixin.py:190} INFO - 💌message 693 sent: user_id=111
[2025-05-22T10:26:21.189+0000] {logging_mixin.py:190} INFO - 💌message 694 sent: user_id=147
[2025-05-22T10:26:21.244+0000] {logging_mixin.py:190} INFO - 💌message 695 sent: user_id=125
[2025-05-22T10:26:21.300+0000] {logging_mixin.py:190} INFO - 💌message 696 sent: user_id=148
[2025-05-22T10:26:21.353+0000] {logging_mixin.py:190} INFO - 💌message 697 sent: user_id=138
[2025-05-22T10:26:21.404+0000] {logging_mixin.py:190} INFO - 💌message 698 sent: user_id=148
[2025-05-22T10:26:21.455+0000] {logging_mixin.py:190} INFO - 💌message 699 sent: user_id=101
[2025-05-22T10:26:21.506+0000] {logging_mixin.py:190} INFO - 💌message 700 sent: user_id=141
[2025-05-22T10:26:21.562+0000] {logging_mixin.py:190} INFO - 💌message 701 sent: user_id=135
[2025-05-22T10:26:21.614+0000] {logging_mixin.py:190} INFO - 💌message 702 sent: user_id=137
[2025-05-22T10:26:21.667+0000] {logging_mixin.py:190} INFO - 💌message 703 sent: user_id=140
[2025-05-22T10:26:21.721+0000] {logging_mixin.py:190} INFO - 💌message 704 sent: user_id=146
[2025-05-22T10:26:21.774+0000] {logging_mixin.py:190} INFO - 💌message 705 sent: user_id=149
[2025-05-22T10:26:21.830+0000] {logging_mixin.py:190} INFO - 💌message 706 sent: user_id=135
[2025-05-22T10:26:21.884+0000] {logging_mixin.py:190} INFO - 💌message 707 sent: user_id=138
[2025-05-22T10:26:21.939+0000] {logging_mixin.py:190} INFO - 💌message 708 sent: user_id=122
[2025-05-22T10:26:21.993+0000] {logging_mixin.py:190} INFO - 💌message 709 sent: user_id=142
[2025-05-22T10:26:22.055+0000] {logging_mixin.py:190} INFO - 💌message 710 sent: user_id=130
[2025-05-22T10:26:22.109+0000] {logging_mixin.py:190} INFO - 💌message 711 sent: user_id=145
[2025-05-22T10:26:22.164+0000] {logging_mixin.py:190} INFO - 💌message 712 sent: user_id=124
[2025-05-22T10:26:22.220+0000] {logging_mixin.py:190} INFO - 💌message 713 sent: user_id=103
[2025-05-22T10:26:22.275+0000] {logging_mixin.py:190} INFO - 💌message 714 sent: user_id=126
[2025-05-22T10:26:22.332+0000] {logging_mixin.py:190} INFO - 💌message 715 sent: user_id=130
[2025-05-22T10:26:22.387+0000] {logging_mixin.py:190} INFO - 💌message 716 sent: user_id=115
[2025-05-22T10:26:22.440+0000] {logging_mixin.py:190} INFO - 💌message 717 sent: user_id=125
[2025-05-22T10:26:22.493+0000] {logging_mixin.py:190} INFO - 💌message 718 sent: user_id=136
[2025-05-22T10:26:22.547+0000] {logging_mixin.py:190} INFO - 💌message 719 sent: user_id=114
[2025-05-22T10:26:22.598+0000] {logging_mixin.py:190} INFO - 💌message 720 sent: user_id=105
[2025-05-22T10:26:22.651+0000] {logging_mixin.py:190} INFO - 💌message 721 sent: user_id=117
[2025-05-22T10:26:22.705+0000] {logging_mixin.py:190} INFO - 💌message 722 sent: user_id=135
[2025-05-22T10:26:22.761+0000] {logging_mixin.py:190} INFO - 💌message 723 sent: user_id=124
[2025-05-22T10:26:22.817+0000] {logging_mixin.py:190} INFO - 💌message 724 sent: user_id=118
[2025-05-22T10:26:22.876+0000] {logging_mixin.py:190} INFO - 💌message 725 sent: user_id=147
[2025-05-22T10:26:22.931+0000] {logging_mixin.py:190} INFO - 💌message 726 sent: user_id=125
[2025-05-22T10:26:22.986+0000] {logging_mixin.py:190} INFO - 💌message 727 sent: user_id=103
[2025-05-22T10:26:23.041+0000] {logging_mixin.py:190} INFO - 💌message 728 sent: user_id=127
[2025-05-22T10:26:23.096+0000] {logging_mixin.py:190} INFO - 💌message 729 sent: user_id=141
[2025-05-22T10:26:23.150+0000] {logging_mixin.py:190} INFO - 💌message 730 sent: user_id=112
[2025-05-22T10:26:23.202+0000] {logging_mixin.py:190} INFO - 💌message 731 sent: user_id=103
[2025-05-22T10:26:23.254+0000] {logging_mixin.py:190} INFO - 💌message 732 sent: user_id=144
[2025-05-22T10:26:23.306+0000] {logging_mixin.py:190} INFO - 💌message 733 sent: user_id=146
[2025-05-22T10:26:23.358+0000] {logging_mixin.py:190} INFO - 💌message 734 sent: user_id=117
[2025-05-22T10:26:23.413+0000] {logging_mixin.py:190} INFO - 💌message 735 sent: user_id=106
[2025-05-22T10:26:23.466+0000] {logging_mixin.py:190} INFO - 💌message 736 sent: user_id=137
[2025-05-22T10:26:23.518+0000] {logging_mixin.py:190} INFO - 💌message 737 sent: user_id=125
[2025-05-22T10:26:23.573+0000] {logging_mixin.py:190} INFO - 💌message 738 sent: user_id=141
[2025-05-22T10:26:23.628+0000] {logging_mixin.py:190} INFO - 💌message 739 sent: user_id=144
[2025-05-22T10:26:23.686+0000] {logging_mixin.py:190} INFO - 💌message 740 sent: user_id=122
[2025-05-22T10:26:23.744+0000] {logging_mixin.py:190} INFO - 💌message 741 sent: user_id=115
[2025-05-22T10:26:23.800+0000] {logging_mixin.py:190} INFO - 💌message 742 sent: user_id=110
[2025-05-22T10:26:23.855+0000] {logging_mixin.py:190} INFO - 💌message 743 sent: user_id=146
[2025-05-22T10:26:23.912+0000] {logging_mixin.py:190} INFO - 💌message 744 sent: user_id=150
[2025-05-22T10:26:23.968+0000] {logging_mixin.py:190} INFO - 💌message 745 sent: user_id=149
[2025-05-22T10:26:24.023+0000] {logging_mixin.py:190} INFO - 💌message 746 sent: user_id=142
[2025-05-22T10:26:24.078+0000] {logging_mixin.py:190} INFO - 💌message 747 sent: user_id=148
[2025-05-22T10:26:24.134+0000] {logging_mixin.py:190} INFO - 💌message 748 sent: user_id=144
[2025-05-22T10:26:24.189+0000] {logging_mixin.py:190} INFO - 💌message 749 sent: user_id=131
[2025-05-22T10:26:24.246+0000] {logging_mixin.py:190} INFO - 💌message 750 sent: user_id=132
[2025-05-22T10:26:24.300+0000] {logging_mixin.py:190} INFO - 💌message 751 sent: user_id=121
[2025-05-22T10:26:24.354+0000] {logging_mixin.py:190} INFO - 💌message 752 sent: user_id=102
[2025-05-22T10:26:24.408+0000] {logging_mixin.py:190} INFO - 💌message 753 sent: user_id=122
[2025-05-22T10:26:24.463+0000] {logging_mixin.py:190} INFO - 💌message 754 sent: user_id=119
[2025-05-22T10:26:24.517+0000] {logging_mixin.py:190} INFO - 💌message 755 sent: user_id=106
[2025-05-22T10:26:24.569+0000] {logging_mixin.py:190} INFO - 💌message 756 sent: user_id=133
[2025-05-22T10:26:24.625+0000] {logging_mixin.py:190} INFO - 💌message 757 sent: user_id=142
[2025-05-22T10:26:24.679+0000] {logging_mixin.py:190} INFO - 💌message 758 sent: user_id=146
[2025-05-22T10:26:24.735+0000] {logging_mixin.py:190} INFO - 💌message 759 sent: user_id=130
[2025-05-22T10:26:24.789+0000] {logging_mixin.py:190} INFO - 💌message 760 sent: user_id=128
[2025-05-22T10:26:24.844+0000] {logging_mixin.py:190} INFO - 💌message 761 sent: user_id=105
[2025-05-22T10:26:24.902+0000] {logging_mixin.py:190} INFO - 💌message 762 sent: user_id=115
[2025-05-22T10:26:24.957+0000] {logging_mixin.py:190} INFO - 💌message 763 sent: user_id=138
[2025-05-22T10:26:25.012+0000] {logging_mixin.py:190} INFO - 💌message 764 sent: user_id=135
[2025-05-22T10:26:25.066+0000] {logging_mixin.py:190} INFO - 💌message 765 sent: user_id=148
[2025-05-22T10:26:25.122+0000] {logging_mixin.py:190} INFO - 💌message 766 sent: user_id=129
[2025-05-22T10:26:25.177+0000] {logging_mixin.py:190} INFO - 💌message 767 sent: user_id=137
[2025-05-22T10:26:25.235+0000] {logging_mixin.py:190} INFO - 💌message 768 sent: user_id=124
[2025-05-22T10:26:25.290+0000] {logging_mixin.py:190} INFO - 💌message 769 sent: user_id=140
[2025-05-22T10:26:25.345+0000] {logging_mixin.py:190} INFO - 💌message 770 sent: user_id=131
[2025-05-22T10:26:25.399+0000] {logging_mixin.py:190} INFO - 💌message 771 sent: user_id=150
[2025-05-22T10:26:25.452+0000] {logging_mixin.py:190} INFO - 💌message 772 sent: user_id=137
[2025-05-22T10:26:25.505+0000] {logging_mixin.py:190} INFO - 💌message 773 sent: user_id=140
[2025-05-22T10:26:25.557+0000] {logging_mixin.py:190} INFO - 💌message 774 sent: user_id=119
[2025-05-22T10:26:25.609+0000] {logging_mixin.py:190} INFO - 💌message 775 sent: user_id=138
[2025-05-22T10:26:25.662+0000] {logging_mixin.py:190} INFO - 💌message 776 sent: user_id=123
[2025-05-22T10:26:25.716+0000] {logging_mixin.py:190} INFO - 💌message 777 sent: user_id=106
[2025-05-22T10:26:25.772+0000] {logging_mixin.py:190} INFO - 💌message 778 sent: user_id=138
[2025-05-22T10:26:25.826+0000] {logging_mixin.py:190} INFO - 💌message 779 sent: user_id=119
[2025-05-22T10:26:25.880+0000] {logging_mixin.py:190} INFO - 💌message 780 sent: user_id=147
[2025-05-22T10:26:25.935+0000] {logging_mixin.py:190} INFO - 💌message 781 sent: user_id=118
[2025-05-22T10:26:25.992+0000] {logging_mixin.py:190} INFO - 💌message 782 sent: user_id=135
[2025-05-22T10:26:26.047+0000] {logging_mixin.py:190} INFO - 💌message 783 sent: user_id=111
[2025-05-22T10:26:26.101+0000] {logging_mixin.py:190} INFO - 💌message 784 sent: user_id=102
[2025-05-22T10:26:26.157+0000] {logging_mixin.py:190} INFO - 💌message 785 sent: user_id=119
[2025-05-22T10:26:26.211+0000] {logging_mixin.py:190} INFO - 💌message 786 sent: user_id=120
[2025-05-22T10:26:26.269+0000] {logging_mixin.py:190} INFO - 💌message 787 sent: user_id=122
[2025-05-22T10:26:26.324+0000] {logging_mixin.py:190} INFO - 💌message 788 sent: user_id=129
[2025-05-22T10:26:26.380+0000] {logging_mixin.py:190} INFO - 💌message 789 sent: user_id=119
[2025-05-22T10:26:26.436+0000] {logging_mixin.py:190} INFO - 💌message 790 sent: user_id=126
[2025-05-22T10:26:26.492+0000] {logging_mixin.py:190} INFO - 💌message 791 sent: user_id=127
[2025-05-22T10:26:26.545+0000] {logging_mixin.py:190} INFO - 💌message 792 sent: user_id=126
[2025-05-22T10:26:26.598+0000] {logging_mixin.py:190} INFO - 💌message 793 sent: user_id=124
[2025-05-22T10:26:26.651+0000] {logging_mixin.py:190} INFO - 💌message 794 sent: user_id=145
[2025-05-22T10:26:26.706+0000] {logging_mixin.py:190} INFO - 💌message 795 sent: user_id=128
[2025-05-22T10:26:26.759+0000] {logging_mixin.py:190} INFO - 💌message 796 sent: user_id=103
[2025-05-22T10:26:26.812+0000] {logging_mixin.py:190} INFO - 💌message 797 sent: user_id=102
[2025-05-22T10:26:26.863+0000] {logging_mixin.py:190} INFO - 💌message 798 sent: user_id=110
[2025-05-22T10:26:26.914+0000] {logging_mixin.py:190} INFO - 💌message 799 sent: user_id=139
[2025-05-22T10:26:26.965+0000] {logging_mixin.py:190} INFO - 💌message 800 sent: user_id=104
[2025-05-22T10:26:27.016+0000] {logging_mixin.py:190} INFO - 💌message 801 sent: user_id=144
[2025-05-22T10:26:27.068+0000] {logging_mixin.py:190} INFO - 💌message 802 sent: user_id=111
[2025-05-22T10:26:27.120+0000] {logging_mixin.py:190} INFO - 💌message 803 sent: user_id=129
[2025-05-22T10:26:27.171+0000] {logging_mixin.py:190} INFO - 💌message 804 sent: user_id=101
[2025-05-22T10:26:27.226+0000] {logging_mixin.py:190} INFO - 💌message 805 sent: user_id=118
[2025-05-22T10:26:27.278+0000] {logging_mixin.py:190} INFO - 💌message 806 sent: user_id=135
[2025-05-22T10:26:27.329+0000] {logging_mixin.py:190} INFO - 💌message 807 sent: user_id=126
[2025-05-22T10:26:27.381+0000] {logging_mixin.py:190} INFO - 💌message 808 sent: user_id=115
[2025-05-22T10:26:27.434+0000] {logging_mixin.py:190} INFO - 💌message 809 sent: user_id=113
[2025-05-22T10:26:27.485+0000] {logging_mixin.py:190} INFO - 💌message 810 sent: user_id=149
[2025-05-22T10:26:27.536+0000] {logging_mixin.py:190} INFO - 💌message 811 sent: user_id=112
[2025-05-22T10:26:27.588+0000] {logging_mixin.py:190} INFO - 💌message 812 sent: user_id=132
[2025-05-22T10:26:27.643+0000] {logging_mixin.py:190} INFO - 💌message 813 sent: user_id=114
[2025-05-22T10:26:27.694+0000] {logging_mixin.py:190} INFO - 💌message 814 sent: user_id=118
[2025-05-22T10:26:27.745+0000] {logging_mixin.py:190} INFO - 💌message 815 sent: user_id=111
[2025-05-22T10:26:27.796+0000] {logging_mixin.py:190} INFO - 💌message 816 sent: user_id=103
[2025-05-22T10:26:27.849+0000] {logging_mixin.py:190} INFO - 💌message 817 sent: user_id=111
[2025-05-22T10:26:27.900+0000] {logging_mixin.py:190} INFO - 💌message 818 sent: user_id=123
[2025-05-22T10:26:27.951+0000] {logging_mixin.py:190} INFO - 💌message 819 sent: user_id=149
[2025-05-22T10:26:28.006+0000] {logging_mixin.py:190} INFO - 💌message 820 sent: user_id=124
[2025-05-22T10:26:28.057+0000] {logging_mixin.py:190} INFO - 💌message 821 sent: user_id=125
[2025-05-22T10:26:28.108+0000] {logging_mixin.py:190} INFO - 💌message 822 sent: user_id=150
[2025-05-22T10:26:28.159+0000] {logging_mixin.py:190} INFO - 💌message 823 sent: user_id=120
[2025-05-22T10:26:28.211+0000] {logging_mixin.py:190} INFO - 💌message 824 sent: user_id=131
[2025-05-22T10:26:28.265+0000] {logging_mixin.py:190} INFO - 💌message 825 sent: user_id=105
[2025-05-22T10:26:28.319+0000] {logging_mixin.py:190} INFO - 💌message 826 sent: user_id=149
[2025-05-22T10:26:28.375+0000] {logging_mixin.py:190} INFO - 💌message 827 sent: user_id=114
[2025-05-22T10:26:28.433+0000] {logging_mixin.py:190} INFO - 💌message 828 sent: user_id=110
[2025-05-22T10:26:28.487+0000] {logging_mixin.py:190} INFO - 💌message 829 sent: user_id=111
[2025-05-22T10:26:28.541+0000] {logging_mixin.py:190} INFO - 💌message 830 sent: user_id=115
[2025-05-22T10:26:28.592+0000] {logging_mixin.py:190} INFO - 💌message 831 sent: user_id=144
[2025-05-22T10:26:28.645+0000] {logging_mixin.py:190} INFO - 💌message 832 sent: user_id=126
[2025-05-22T10:26:28.698+0000] {logging_mixin.py:190} INFO - 💌message 833 sent: user_id=127
[2025-05-22T10:26:28.753+0000] {logging_mixin.py:190} INFO - 💌message 834 sent: user_id=105
[2025-05-22T10:26:28.808+0000] {logging_mixin.py:190} INFO - 💌message 835 sent: user_id=114
[2025-05-22T10:26:28.864+0000] {logging_mixin.py:190} INFO - 💌message 836 sent: user_id=134
[2025-05-22T10:26:28.918+0000] {logging_mixin.py:190} INFO - 💌message 837 sent: user_id=138
[2025-05-22T10:26:28.974+0000] {logging_mixin.py:190} INFO - 💌message 838 sent: user_id=102
[2025-05-22T10:26:29.031+0000] {logging_mixin.py:190} INFO - 💌message 839 sent: user_id=150
[2025-05-22T10:26:29.086+0000] {logging_mixin.py:190} INFO - 💌message 840 sent: user_id=121
[2025-05-22T10:26:29.140+0000] {logging_mixin.py:190} INFO - 💌message 841 sent: user_id=122
[2025-05-22T10:26:29.194+0000] {logging_mixin.py:190} INFO - 💌message 842 sent: user_id=145
[2025-05-22T10:26:29.249+0000] {logging_mixin.py:190} INFO - 💌message 843 sent: user_id=127
[2025-05-22T10:26:29.304+0000] {logging_mixin.py:190} INFO - 💌message 844 sent: user_id=141
[2025-05-22T10:26:29.359+0000] {logging_mixin.py:190} INFO - 💌message 845 sent: user_id=140
[2025-05-22T10:26:29.414+0000] {logging_mixin.py:190} INFO - 💌message 846 sent: user_id=112
[2025-05-22T10:26:29.470+0000] {logging_mixin.py:190} INFO - 💌message 847 sent: user_id=131
[2025-05-22T10:26:29.524+0000] {logging_mixin.py:190} INFO - 💌message 848 sent: user_id=124
[2025-05-22T10:26:29.580+0000] {logging_mixin.py:190} INFO - 💌message 849 sent: user_id=127
[2025-05-22T10:26:29.632+0000] {logging_mixin.py:190} INFO - 💌message 850 sent: user_id=111
[2025-05-22T10:26:29.688+0000] {logging_mixin.py:190} INFO - 💌message 851 sent: user_id=137
[2025-05-22T10:26:29.742+0000] {logging_mixin.py:190} INFO - 💌message 852 sent: user_id=129
[2025-05-22T10:26:29.797+0000] {logging_mixin.py:190} INFO - 💌message 853 sent: user_id=125
[2025-05-22T10:26:29.853+0000] {logging_mixin.py:190} INFO - 💌message 854 sent: user_id=150
[2025-05-22T10:26:29.908+0000] {logging_mixin.py:190} INFO - 💌message 855 sent: user_id=111
[2025-05-22T10:26:29.963+0000] {logging_mixin.py:190} INFO - 💌message 856 sent: user_id=118
[2025-05-22T10:26:30.018+0000] {logging_mixin.py:190} INFO - 💌message 857 sent: user_id=139
[2025-05-22T10:26:30.073+0000] {logging_mixin.py:190} INFO - 💌message 858 sent: user_id=150
[2025-05-22T10:26:30.128+0000] {logging_mixin.py:190} INFO - 💌message 859 sent: user_id=122
[2025-05-22T10:26:30.182+0000] {logging_mixin.py:190} INFO - 💌message 860 sent: user_id=127
[2025-05-22T10:26:30.239+0000] {logging_mixin.py:190} INFO - 💌message 861 sent: user_id=138
[2025-05-22T10:26:30.293+0000] {logging_mixin.py:190} INFO - 💌message 862 sent: user_id=104
[2025-05-22T10:26:30.348+0000] {logging_mixin.py:190} INFO - 💌message 863 sent: user_id=121
[2025-05-22T10:26:30.405+0000] {logging_mixin.py:190} INFO - 💌message 864 sent: user_id=116
[2025-05-22T10:26:30.460+0000] {logging_mixin.py:190} INFO - 💌message 865 sent: user_id=146
[2025-05-22T10:26:30.512+0000] {logging_mixin.py:190} INFO - 💌message 866 sent: user_id=101
[2025-05-22T10:26:30.564+0000] {logging_mixin.py:190} INFO - 💌message 867 sent: user_id=147
[2025-05-22T10:26:30.616+0000] {logging_mixin.py:190} INFO - 💌message 868 sent: user_id=111
[2025-05-22T10:26:30.669+0000] {logging_mixin.py:190} INFO - 💌message 869 sent: user_id=137
[2025-05-22T10:26:30.720+0000] {logging_mixin.py:190} INFO - 💌message 870 sent: user_id=120
[2025-05-22T10:26:30.772+0000] {logging_mixin.py:190} INFO - 💌message 871 sent: user_id=109
[2025-05-22T10:26:30.823+0000] {logging_mixin.py:190} INFO - 💌message 872 sent: user_id=132
[2025-05-22T10:26:30.875+0000] {logging_mixin.py:190} INFO - 💌message 873 sent: user_id=134
[2025-05-22T10:26:30.927+0000] {logging_mixin.py:190} INFO - 💌message 874 sent: user_id=127
[2025-05-22T10:26:30.978+0000] {logging_mixin.py:190} INFO - 💌message 875 sent: user_id=109
[2025-05-22T10:26:31.030+0000] {logging_mixin.py:190} INFO - 💌message 876 sent: user_id=128
[2025-05-22T10:26:31.082+0000] {logging_mixin.py:190} INFO - 💌message 877 sent: user_id=126
[2025-05-22T10:26:31.142+0000] {logging_mixin.py:190} INFO - 💌message 878 sent: user_id=132
[2025-05-22T10:26:31.197+0000] {logging_mixin.py:190} INFO - 💌message 879 sent: user_id=144
[2025-05-22T10:26:31.261+0000] {logging_mixin.py:190} INFO - 💌message 880 sent: user_id=104
[2025-05-22T10:26:31.315+0000] {logging_mixin.py:190} INFO - 💌message 881 sent: user_id=108
[2025-05-22T10:26:31.368+0000] {logging_mixin.py:190} INFO - 💌message 882 sent: user_id=130
[2025-05-22T10:26:31.420+0000] {logging_mixin.py:190} INFO - 💌message 883 sent: user_id=104
[2025-05-22T10:26:31.472+0000] {logging_mixin.py:190} INFO - 💌message 884 sent: user_id=131
[2025-05-22T10:26:31.525+0000] {logging_mixin.py:190} INFO - 💌message 885 sent: user_id=138
[2025-05-22T10:26:31.576+0000] {logging_mixin.py:190} INFO - 💌message 886 sent: user_id=133
[2025-05-22T10:26:31.629+0000] {logging_mixin.py:190} INFO - 💌message 887 sent: user_id=115
[2025-05-22T10:26:31.680+0000] {logging_mixin.py:190} INFO - 💌message 888 sent: user_id=102
[2025-05-22T10:26:31.732+0000] {logging_mixin.py:190} INFO - 💌message 889 sent: user_id=146
[2025-05-22T10:26:31.784+0000] {logging_mixin.py:190} INFO - 💌message 890 sent: user_id=112
[2025-05-22T10:26:31.835+0000] {logging_mixin.py:190} INFO - 💌message 891 sent: user_id=143
[2025-05-22T10:26:31.888+0000] {logging_mixin.py:190} INFO - 💌message 892 sent: user_id=112
[2025-05-22T10:26:31.942+0000] {logging_mixin.py:190} INFO - 💌message 893 sent: user_id=108
[2025-05-22T10:26:31.997+0000] {logging_mixin.py:190} INFO - 💌message 894 sent: user_id=109
[2025-05-22T10:26:32.051+0000] {logging_mixin.py:190} INFO - 💌message 895 sent: user_id=104
[2025-05-22T10:26:32.108+0000] {logging_mixin.py:190} INFO - 💌message 896 sent: user_id=104
[2025-05-22T10:26:32.165+0000] {logging_mixin.py:190} INFO - 💌message 897 sent: user_id=140
[2025-05-22T10:26:32.220+0000] {logging_mixin.py:190} INFO - 💌message 898 sent: user_id=106
[2025-05-22T10:26:32.274+0000] {logging_mixin.py:190} INFO - 💌message 899 sent: user_id=141
[2025-05-22T10:26:32.331+0000] {logging_mixin.py:190} INFO - 💌message 900 sent: user_id=141
[2025-05-22T10:26:32.387+0000] {logging_mixin.py:190} INFO - 💌message 901 sent: user_id=111
[2025-05-22T10:26:32.446+0000] {logging_mixin.py:190} INFO - 💌message 902 sent: user_id=119
[2025-05-22T10:26:32.505+0000] {logging_mixin.py:190} INFO - 💌message 903 sent: user_id=100
[2025-05-22T10:26:32.559+0000] {logging_mixin.py:190} INFO - 💌message 904 sent: user_id=114
[2025-05-22T10:26:32.615+0000] {logging_mixin.py:190} INFO - 💌message 905 sent: user_id=104
[2025-05-22T10:26:32.668+0000] {logging_mixin.py:190} INFO - 💌message 906 sent: user_id=147
[2025-05-22T10:26:32.723+0000] {logging_mixin.py:190} INFO - 💌message 907 sent: user_id=134
[2025-05-22T10:26:32.778+0000] {logging_mixin.py:190} INFO - 💌message 908 sent: user_id=126
[2025-05-22T10:26:32.834+0000] {logging_mixin.py:190} INFO - 💌message 909 sent: user_id=110
[2025-05-22T10:26:32.890+0000] {logging_mixin.py:190} INFO - 💌message 910 sent: user_id=149
[2025-05-22T10:26:32.946+0000] {logging_mixin.py:190} INFO - 💌message 911 sent: user_id=138
[2025-05-22T10:26:33.001+0000] {logging_mixin.py:190} INFO - 💌message 912 sent: user_id=148
[2025-05-22T10:26:33.056+0000] {logging_mixin.py:190} INFO - 💌message 913 sent: user_id=130
[2025-05-22T10:26:33.110+0000] {logging_mixin.py:190} INFO - 💌message 914 sent: user_id=122
[2025-05-22T10:26:33.166+0000] {logging_mixin.py:190} INFO - 💌message 915 sent: user_id=128
[2025-05-22T10:26:33.219+0000] {logging_mixin.py:190} INFO - 💌message 916 sent: user_id=129
[2025-05-22T10:26:33.273+0000] {logging_mixin.py:190} INFO - 💌message 917 sent: user_id=118
[2025-05-22T10:26:33.329+0000] {logging_mixin.py:190} INFO - 💌message 918 sent: user_id=131
[2025-05-22T10:26:33.381+0000] {logging_mixin.py:190} INFO - 💌message 919 sent: user_id=112
[2025-05-22T10:26:33.438+0000] {logging_mixin.py:190} INFO - 💌message 920 sent: user_id=102
[2025-05-22T10:26:33.493+0000] {logging_mixin.py:190} INFO - 💌message 921 sent: user_id=143
[2025-05-22T10:26:33.551+0000] {logging_mixin.py:190} INFO - 💌message 922 sent: user_id=142
[2025-05-22T10:26:33.604+0000] {logging_mixin.py:190} INFO - 💌message 923 sent: user_id=104
[2025-05-22T10:26:33.657+0000] {logging_mixin.py:190} INFO - 💌message 924 sent: user_id=148
[2025-05-22T10:26:33.712+0000] {logging_mixin.py:190} INFO - 💌message 925 sent: user_id=134
[2025-05-22T10:26:33.768+0000] {logging_mixin.py:190} INFO - 💌message 926 sent: user_id=148
[2025-05-22T10:26:33.826+0000] {logging_mixin.py:190} INFO - 💌message 927 sent: user_id=116
[2025-05-22T10:26:33.880+0000] {logging_mixin.py:190} INFO - 💌message 928 sent: user_id=111
[2025-05-22T10:26:33.937+0000] {logging_mixin.py:190} INFO - 💌message 929 sent: user_id=108
[2025-05-22T10:26:33.992+0000] {logging_mixin.py:190} INFO - 💌message 930 sent: user_id=125
[2025-05-22T10:26:34.051+0000] {logging_mixin.py:190} INFO - 💌message 931 sent: user_id=134
[2025-05-22T10:26:34.108+0000] {logging_mixin.py:190} INFO - 💌message 932 sent: user_id=129
[2025-05-22T10:26:34.163+0000] {logging_mixin.py:190} INFO - 💌message 933 sent: user_id=148
[2025-05-22T10:26:34.219+0000] {logging_mixin.py:190} INFO - 💌message 934 sent: user_id=145
[2025-05-22T10:26:34.277+0000] {logging_mixin.py:190} INFO - 💌message 935 sent: user_id=102
[2025-05-22T10:26:34.332+0000] {logging_mixin.py:190} INFO - 💌message 936 sent: user_id=134
[2025-05-22T10:26:34.386+0000] {logging_mixin.py:190} INFO - 💌message 937 sent: user_id=139
[2025-05-22T10:26:34.438+0000] {logging_mixin.py:190} INFO - 💌message 938 sent: user_id=145
[2025-05-22T10:26:34.490+0000] {logging_mixin.py:190} INFO - 💌message 939 sent: user_id=139
[2025-05-22T10:26:34.542+0000] {logging_mixin.py:190} INFO - 💌message 940 sent: user_id=113
[2025-05-22T10:26:34.594+0000] {logging_mixin.py:190} INFO - 💌message 941 sent: user_id=146
[2025-05-22T10:26:34.645+0000] {logging_mixin.py:190} INFO - 💌message 942 sent: user_id=100
[2025-05-22T10:26:34.698+0000] {logging_mixin.py:190} INFO - 💌message 943 sent: user_id=115
[2025-05-22T10:26:34.754+0000] {logging_mixin.py:190} INFO - 💌message 944 sent: user_id=118
[2025-05-22T10:26:34.808+0000] {logging_mixin.py:190} INFO - 💌message 945 sent: user_id=149
[2025-05-22T10:26:34.864+0000] {logging_mixin.py:190} INFO - 💌message 946 sent: user_id=134
[2025-05-22T10:26:34.919+0000] {logging_mixin.py:190} INFO - 💌message 947 sent: user_id=133
[2025-05-22T10:26:34.978+0000] {logging_mixin.py:190} INFO - 💌message 948 sent: user_id=142
[2025-05-22T10:26:35.033+0000] {logging_mixin.py:190} INFO - 💌message 949 sent: user_id=117
[2025-05-22T10:26:35.088+0000] {logging_mixin.py:190} INFO - 💌message 950 sent: user_id=145
[2025-05-22T10:26:35.142+0000] {logging_mixin.py:190} INFO - 💌message 951 sent: user_id=141
[2025-05-22T10:26:35.197+0000] {logging_mixin.py:190} INFO - 💌message 952 sent: user_id=105
[2025-05-22T10:26:35.251+0000] {logging_mixin.py:190} INFO - 💌message 953 sent: user_id=124
[2025-05-22T10:26:35.307+0000] {logging_mixin.py:190} INFO - 💌message 954 sent: user_id=109
[2025-05-22T10:26:35.367+0000] {logging_mixin.py:190} INFO - 💌message 955 sent: user_id=145
[2025-05-22T10:26:35.424+0000] {logging_mixin.py:190} INFO - 💌message 956 sent: user_id=118
[2025-05-22T10:26:35.480+0000] {logging_mixin.py:190} INFO - 💌message 957 sent: user_id=106
[2025-05-22T10:26:35.536+0000] {logging_mixin.py:190} INFO - 💌message 958 sent: user_id=140
[2025-05-22T10:26:35.591+0000] {logging_mixin.py:190} INFO - 💌message 959 sent: user_id=101
[2025-05-22T10:26:35.645+0000] {logging_mixin.py:190} INFO - 💌message 960 sent: user_id=115
[2025-05-22T10:26:35.699+0000] {logging_mixin.py:190} INFO - 💌message 961 sent: user_id=145
[2025-05-22T10:26:35.754+0000] {logging_mixin.py:190} INFO - 💌message 962 sent: user_id=115
[2025-05-22T10:26:35.811+0000] {logging_mixin.py:190} INFO - 💌message 963 sent: user_id=112
[2025-05-22T10:26:35.866+0000] {logging_mixin.py:190} INFO - 💌message 964 sent: user_id=137
[2025-05-22T10:26:35.922+0000] {logging_mixin.py:190} INFO - 💌message 965 sent: user_id=136
[2025-05-22T10:26:35.978+0000] {logging_mixin.py:190} INFO - 💌message 966 sent: user_id=108
[2025-05-22T10:26:36.033+0000] {logging_mixin.py:190} INFO - 💌message 967 sent: user_id=136
[2025-05-22T10:26:36.087+0000] {logging_mixin.py:190} INFO - 💌message 968 sent: user_id=137
[2025-05-22T10:26:36.140+0000] {logging_mixin.py:190} INFO - 💌message 969 sent: user_id=146
[2025-05-22T10:26:36.196+0000] {logging_mixin.py:190} INFO - 💌message 970 sent: user_id=132
[2025-05-22T10:26:36.250+0000] {logging_mixin.py:190} INFO - 💌message 971 sent: user_id=139
[2025-05-22T10:26:36.304+0000] {logging_mixin.py:190} INFO - 💌message 972 sent: user_id=109
[2025-05-22T10:26:36.355+0000] {logging_mixin.py:190} INFO - 💌message 973 sent: user_id=118
[2025-05-22T10:26:36.407+0000] {logging_mixin.py:190} INFO - 💌message 974 sent: user_id=143
[2025-05-22T10:26:36.458+0000] {logging_mixin.py:190} INFO - 💌message 975 sent: user_id=116
[2025-05-22T10:26:36.511+0000] {logging_mixin.py:190} INFO - 💌message 976 sent: user_id=124
[2025-05-22T10:26:36.566+0000] {logging_mixin.py:190} INFO - 💌message 977 sent: user_id=122
[2025-05-22T10:26:36.620+0000] {logging_mixin.py:190} INFO - 💌message 978 sent: user_id=119
[2025-05-22T10:26:36.674+0000] {logging_mixin.py:190} INFO - 💌message 979 sent: user_id=130
[2025-05-22T10:26:36.726+0000] {logging_mixin.py:190} INFO - 💌message 980 sent: user_id=123
[2025-05-22T10:26:36.785+0000] {logging_mixin.py:190} INFO - 💌message 981 sent: user_id=114
[2025-05-22T10:26:36.839+0000] {logging_mixin.py:190} INFO - 💌message 982 sent: user_id=106
[2025-05-22T10:26:36.893+0000] {logging_mixin.py:190} INFO - 💌message 983 sent: user_id=100
[2025-05-22T10:26:36.950+0000] {logging_mixin.py:190} INFO - 💌message 984 sent: user_id=120
[2025-05-22T10:26:37.009+0000] {logging_mixin.py:190} INFO - 💌message 985 sent: user_id=132
[2025-05-22T10:26:37.066+0000] {logging_mixin.py:190} INFO - 💌message 986 sent: user_id=114
[2025-05-22T10:26:37.122+0000] {logging_mixin.py:190} INFO - 💌message 987 sent: user_id=108
[2025-05-22T10:26:37.178+0000] {logging_mixin.py:190} INFO - 💌message 988 sent: user_id=138
[2025-05-22T10:26:37.234+0000] {logging_mixin.py:190} INFO - 💌message 989 sent: user_id=111
[2025-05-22T10:26:37.290+0000] {logging_mixin.py:190} INFO - 💌message 990 sent: user_id=111
[2025-05-22T10:26:37.346+0000] {logging_mixin.py:190} INFO - 💌message 991 sent: user_id=105
[2025-05-22T10:26:37.401+0000] {logging_mixin.py:190} INFO - 💌message 992 sent: user_id=104
[2025-05-22T10:26:37.457+0000] {logging_mixin.py:190} INFO - 💌message 993 sent: user_id=148
[2025-05-22T10:26:37.511+0000] {logging_mixin.py:190} INFO - 💌message 994 sent: user_id=114
[2025-05-22T10:26:37.566+0000] {logging_mixin.py:190} INFO - 💌message 995 sent: user_id=124
[2025-05-22T10:26:37.620+0000] {logging_mixin.py:190} INFO - 💌message 996 sent: user_id=138
[2025-05-22T10:26:37.676+0000] {logging_mixin.py:190} INFO - 💌message 997 sent: user_id=117
[2025-05-22T10:26:37.731+0000] {logging_mixin.py:190} INFO - 💌message 998 sent: user_id=110
[2025-05-22T10:26:37.784+0000] {logging_mixin.py:190} INFO - 💌message 999 sent: user_id=139
[2025-05-22T10:26:37.838+0000] {logging_mixin.py:190} INFO - 💌message 1000 sent: user_id=148
[2025-05-22T10:26:37.895+0000] {logging_mixin.py:190} INFO - ✅All messages sent
[2025-05-22T10:26:37.898+0000] {conn.py:919} INFO - <BrokerConnection node_id=1 host=3.34.144.17:9092 <connected> [IPv4 ('3.34.144.17', 9092)]>: Closing connection. 
[2025-05-22T10:26:37.900+0000] {python.py:240} INFO - Done. Returned value was: None
[2025-05-22T10:26:37.920+0000] {taskinstance.py:340} INFO - ::group::Post task execution logs
[2025-05-22T10:26:37.921+0000] {taskinstance.py:352} INFO - Marking task as SUCCESS. dag_id=kafka_to_minio_to_spark, task_id=kafka_producer, run_id=scheduled__2025-05-21T16:00:00+00:00, execution_date=20250521T160000, start_date=20250522T102542, end_date=20250522T102637
[2025-05-22T10:26:37.944+0000] {local_task_job_runner.py:266} INFO - Task exited with return code 0
[2025-05-22T10:26:37.961+0000] {taskinstance.py:3900} INFO - 1 downstream tasks scheduled from follow-on schedule check
[2025-05-22T10:26:37.962+0000] {local_task_job_runner.py:245} INFO - ::endgroup::
