[2025-05-22T07:29:56.079+0000] {local_task_job_runner.py:123} INFO - ::group::Pre task execution logs
[2025-05-22T07:29:56.084+0000] {taskinstance.py:2612} INFO - Dependencies all met for dep_context=non-requeueable deps ti=<TaskInstance: kafka_to_minio_to_spark.kafka_producer scheduled__2025-05-21T16:00:00+00:00 [queued]>
[2025-05-22T07:29:56.087+0000] {taskinstance.py:2612} INFO - Dependencies all met for dep_context=requeueable deps ti=<TaskInstance: kafka_to_minio_to_spark.kafka_producer scheduled__2025-05-21T16:00:00+00:00 [queued]>
[2025-05-22T07:29:56.087+0000] {taskinstance.py:2865} INFO - Starting attempt 16 of 18
[2025-05-22T07:29:56.090+0000] {taskinstance.py:2888} INFO - Executing <Task(PythonOperator): kafka_producer> on 2025-05-21 16:00:00+00:00
[2025-05-22T07:29:56.092+0000] {standard_task_runner.py:72} INFO - Started process 1433 to run task
[2025-05-22T07:29:56.095+0000] {standard_task_runner.py:104} INFO - Running: ['***', 'tasks', 'run', 'kafka_to_minio_to_spark', 'kafka_producer', 'scheduled__2025-05-21T16:00:00+00:00', '--job-id', '216', '--raw', '--subdir', 'DAGS_FOLDER/testlog_ml.py', '--cfg-path', '/tmp/tmpbikjmf36']
[2025-05-22T07:29:56.095+0000] {standard_task_runner.py:105} INFO - Job 216: Subtask kafka_producer
[2025-05-22T07:29:56.115+0000] {task_command.py:467} INFO - Running <TaskInstance: kafka_to_minio_to_spark.kafka_producer scheduled__2025-05-21T16:00:00+00:00 [running]> on host d1f65538eb5f
[2025-05-22T07:29:56.140+0000] {taskinstance.py:3131} INFO - Exporting env vars: AIRFLOW_CTX_DAG_OWNER='***' AIRFLOW_CTX_DAG_ID='kafka_to_minio_to_spark' AIRFLOW_CTX_TASK_ID='kafka_producer' AIRFLOW_CTX_EXECUTION_DATE='2025-05-21T16:00:00+00:00' AIRFLOW_CTX_TRY_NUMBER='16' AIRFLOW_CTX_DAG_RUN_ID='scheduled__2025-05-21T16:00:00+00:00'
[2025-05-22T07:29:56.141+0000] {taskinstance.py:731} INFO - ::endgroup::
[2025-05-22T07:29:56.148+0000] {conn.py:380} INFO - <BrokerConnection node_id=bootstrap-0 host=host.docker.internal:9092 <connecting> [IPv4 ('192.168.65.254', 9092)]>: connecting to host.docker.internal:9092 [('192.168.65.254', 9092) IPv4]
[2025-05-22T07:29:56.148+0000] {conn.py:1205} INFO - Probing node bootstrap-0 broker version
[2025-05-22T07:29:56.150+0000] {conn.py:410} INFO - <BrokerConnection node_id=bootstrap-0 host=host.docker.internal:9092 <connecting> [IPv4 ('192.168.65.254', 9092)]>: Connection complete.
[2025-05-22T07:29:56.273+0000] {conn.py:1267} INFO - Broker version identified as 2.5.0
[2025-05-22T07:29:56.273+0000] {conn.py:1268} INFO - Set configuration api_version=(2, 5, 0) to skip auto check_version requests on startup
[2025-05-22T07:29:56.440+0000] {conn.py:380} INFO - <BrokerConnection node_id=1 host=172.16.24.224:9092 <connecting> [IPv4 ('172.16.24.224', 9092)]>: connecting to 172.16.24.224:9092 [('172.16.24.224', 9092) IPv4]
[2025-05-22T07:29:56.442+0000] {conn.py:410} INFO - <BrokerConnection node_id=1 host=172.16.24.224:9092 <connecting> [IPv4 ('172.16.24.224', 9092)]>: Connection complete.
[2025-05-22T07:29:56.443+0000] {conn.py:919} INFO - <BrokerConnection node_id=bootstrap-0 host=host.docker.internal:9092 <connected> [IPv4 ('192.168.65.254', 9092)]>: Closing connection. 
[2025-05-22T07:29:56.568+0000] {logging_mixin.py:190} INFO - 💌message 1 sent: user_id=110
[2025-05-22T07:29:56.598+0000] {record_accumulator.py:73} WARNING - Produced messages to topic-partition ('userlog', 10) with base offset -1 log start offset -1 and error None.
[2025-05-22T07:29:56.622+0000] {logging_mixin.py:190} INFO - 💌message 2 sent: user_id=104
[2025-05-22T07:29:56.626+0000] {record_accumulator.py:73} WARNING - Produced messages to topic-partition ('userlog', 11) with base offset -1 log start offset -1 and error None.
[2025-05-22T07:29:56.675+0000] {logging_mixin.py:190} INFO - 💌message 3 sent: user_id=119
[2025-05-22T07:29:56.727+0000] {logging_mixin.py:190} INFO - 💌message 4 sent: user_id=107
[2025-05-22T07:29:56.782+0000] {logging_mixin.py:190} INFO - 💌message 5 sent: user_id=113
[2025-05-22T07:29:56.835+0000] {logging_mixin.py:190} INFO - 💌message 6 sent: user_id=136
[2025-05-22T07:29:56.893+0000] {logging_mixin.py:190} INFO - 💌message 7 sent: user_id=104
[2025-05-22T07:29:56.947+0000] {logging_mixin.py:190} INFO - 💌message 8 sent: user_id=136
[2025-05-22T07:29:57.003+0000] {logging_mixin.py:190} INFO - 💌message 9 sent: user_id=122
[2025-05-22T07:29:57.057+0000] {logging_mixin.py:190} INFO - 💌message 10 sent: user_id=119
[2025-05-22T07:29:57.113+0000] {logging_mixin.py:190} INFO - 💌message 11 sent: user_id=110
[2025-05-22T07:29:57.168+0000] {logging_mixin.py:190} INFO - 💌message 12 sent: user_id=114
[2025-05-22T07:29:57.226+0000] {logging_mixin.py:190} INFO - 💌message 13 sent: user_id=106
[2025-05-22T07:29:57.281+0000] {logging_mixin.py:190} INFO - 💌message 14 sent: user_id=127
[2025-05-22T07:29:57.334+0000] {logging_mixin.py:190} INFO - 💌message 15 sent: user_id=120
[2025-05-22T07:29:57.392+0000] {logging_mixin.py:190} INFO - 💌message 16 sent: user_id=128
[2025-05-22T07:29:57.452+0000] {logging_mixin.py:190} INFO - 💌message 17 sent: user_id=128
[2025-05-22T07:29:57.505+0000] {logging_mixin.py:190} INFO - 💌message 18 sent: user_id=117
[2025-05-22T07:29:57.561+0000] {logging_mixin.py:190} INFO - 💌message 19 sent: user_id=118
[2025-05-22T07:29:57.613+0000] {logging_mixin.py:190} INFO - 💌message 20 sent: user_id=125
[2025-05-22T07:29:57.666+0000] {logging_mixin.py:190} INFO - 💌message 21 sent: user_id=136
[2025-05-22T07:29:57.718+0000] {logging_mixin.py:190} INFO - 💌message 22 sent: user_id=137
[2025-05-22T07:29:57.771+0000] {logging_mixin.py:190} INFO - 💌message 23 sent: user_id=136
[2025-05-22T07:29:57.823+0000] {logging_mixin.py:190} INFO - 💌message 24 sent: user_id=113
[2025-05-22T07:29:57.878+0000] {logging_mixin.py:190} INFO - 💌message 25 sent: user_id=110
[2025-05-22T07:29:57.934+0000] {logging_mixin.py:190} INFO - 💌message 26 sent: user_id=104
[2025-05-22T07:29:57.993+0000] {logging_mixin.py:190} INFO - 💌message 27 sent: user_id=149
[2025-05-22T07:29:58.045+0000] {logging_mixin.py:190} INFO - 💌message 28 sent: user_id=124
[2025-05-22T07:29:58.101+0000] {logging_mixin.py:190} INFO - 💌message 29 sent: user_id=104
[2025-05-22T07:29:58.156+0000] {logging_mixin.py:190} INFO - 💌message 30 sent: user_id=124
[2025-05-22T07:29:58.211+0000] {logging_mixin.py:190} INFO - 💌message 31 sent: user_id=114
[2025-05-22T07:29:58.266+0000] {logging_mixin.py:190} INFO - 💌message 32 sent: user_id=123
[2025-05-22T07:29:58.324+0000] {logging_mixin.py:190} INFO - 💌message 33 sent: user_id=137
[2025-05-22T07:29:58.384+0000] {logging_mixin.py:190} INFO - 💌message 34 sent: user_id=144
[2025-05-22T07:29:58.440+0000] {logging_mixin.py:190} INFO - 💌message 35 sent: user_id=144
[2025-05-22T07:29:58.499+0000] {logging_mixin.py:190} INFO - 💌message 36 sent: user_id=107
[2025-05-22T07:29:58.554+0000] {logging_mixin.py:190} INFO - 💌message 37 sent: user_id=132
[2025-05-22T07:29:58.611+0000] {logging_mixin.py:190} INFO - 💌message 38 sent: user_id=129
[2025-05-22T07:29:58.672+0000] {logging_mixin.py:190} INFO - 💌message 39 sent: user_id=102
[2025-05-22T07:29:58.724+0000] {logging_mixin.py:190} INFO - 💌message 40 sent: user_id=144
[2025-05-22T07:29:58.777+0000] {logging_mixin.py:190} INFO - 💌message 41 sent: user_id=100
[2025-05-22T07:29:58.832+0000] {logging_mixin.py:190} INFO - 💌message 42 sent: user_id=114
[2025-05-22T07:29:58.888+0000] {logging_mixin.py:190} INFO - 💌message 43 sent: user_id=123
[2025-05-22T07:29:58.944+0000] {logging_mixin.py:190} INFO - 💌message 44 sent: user_id=131
[2025-05-22T07:29:58.999+0000] {logging_mixin.py:190} INFO - 💌message 45 sent: user_id=112
[2025-05-22T07:29:59.055+0000] {logging_mixin.py:190} INFO - 💌message 46 sent: user_id=122
[2025-05-22T07:29:59.111+0000] {logging_mixin.py:190} INFO - 💌message 47 sent: user_id=123
[2025-05-22T07:29:59.168+0000] {logging_mixin.py:190} INFO - 💌message 48 sent: user_id=128
[2025-05-22T07:29:59.222+0000] {logging_mixin.py:190} INFO - 💌message 49 sent: user_id=110
[2025-05-22T07:29:59.280+0000] {logging_mixin.py:190} INFO - 💌message 50 sent: user_id=142
[2025-05-22T07:29:59.335+0000] {logging_mixin.py:190} INFO - 💌message 51 sent: user_id=149
[2025-05-22T07:29:59.388+0000] {logging_mixin.py:190} INFO - 💌message 52 sent: user_id=134
[2025-05-22T07:29:59.446+0000] {logging_mixin.py:190} INFO - 💌message 53 sent: user_id=111
[2025-05-22T07:29:59.502+0000] {logging_mixin.py:190} INFO - 💌message 54 sent: user_id=136
[2025-05-22T07:29:59.557+0000] {logging_mixin.py:190} INFO - 💌message 55 sent: user_id=126
[2025-05-22T07:29:59.613+0000] {logging_mixin.py:190} INFO - 💌message 56 sent: user_id=120
[2025-05-22T07:29:59.671+0000] {logging_mixin.py:190} INFO - 💌message 57 sent: user_id=132
[2025-05-22T07:29:59.733+0000] {logging_mixin.py:190} INFO - 💌message 58 sent: user_id=112
[2025-05-22T07:29:59.786+0000] {logging_mixin.py:190} INFO - 💌message 59 sent: user_id=101
[2025-05-22T07:29:59.838+0000] {logging_mixin.py:190} INFO - 💌message 60 sent: user_id=116
[2025-05-22T07:29:59.889+0000] {logging_mixin.py:190} INFO - 💌message 61 sent: user_id=142
[2025-05-22T07:29:59.942+0000] {logging_mixin.py:190} INFO - 💌message 62 sent: user_id=131
[2025-05-22T07:29:59.998+0000] {logging_mixin.py:190} INFO - 💌message 63 sent: user_id=122
[2025-05-22T07:30:00.054+0000] {logging_mixin.py:190} INFO - 💌message 64 sent: user_id=121
[2025-05-22T07:30:00.106+0000] {logging_mixin.py:190} INFO - 💌message 65 sent: user_id=112
[2025-05-22T07:30:00.157+0000] {logging_mixin.py:190} INFO - 💌message 66 sent: user_id=146
[2025-05-22T07:30:00.210+0000] {logging_mixin.py:190} INFO - 💌message 67 sent: user_id=122
[2025-05-22T07:30:00.261+0000] {logging_mixin.py:190} INFO - 💌message 68 sent: user_id=142
[2025-05-22T07:30:00.324+0000] {logging_mixin.py:190} INFO - 💌message 69 sent: user_id=134
[2025-05-22T07:30:00.378+0000] {logging_mixin.py:190} INFO - 💌message 70 sent: user_id=137
[2025-05-22T07:30:00.429+0000] {logging_mixin.py:190} INFO - 💌message 71 sent: user_id=130
[2025-05-22T07:30:00.481+0000] {logging_mixin.py:190} INFO - 💌message 72 sent: user_id=144
[2025-05-22T07:30:00.534+0000] {logging_mixin.py:190} INFO - 💌message 73 sent: user_id=145
[2025-05-22T07:30:00.586+0000] {logging_mixin.py:190} INFO - 💌message 74 sent: user_id=147
[2025-05-22T07:30:00.638+0000] {logging_mixin.py:190} INFO - 💌message 75 sent: user_id=139
[2025-05-22T07:30:00.689+0000] {logging_mixin.py:190} INFO - 💌message 76 sent: user_id=114
[2025-05-22T07:30:00.740+0000] {logging_mixin.py:190} INFO - 💌message 77 sent: user_id=119
[2025-05-22T07:30:00.793+0000] {logging_mixin.py:190} INFO - 💌message 78 sent: user_id=125
[2025-05-22T07:30:00.845+0000] {logging_mixin.py:190} INFO - 💌message 79 sent: user_id=131
[2025-05-22T07:30:00.898+0000] {logging_mixin.py:190} INFO - 💌message 80 sent: user_id=141
[2025-05-22T07:30:00.950+0000] {logging_mixin.py:190} INFO - 💌message 81 sent: user_id=147
[2025-05-22T07:30:01.004+0000] {logging_mixin.py:190} INFO - 💌message 82 sent: user_id=128
[2025-05-22T07:30:01.063+0000] {logging_mixin.py:190} INFO - 💌message 83 sent: user_id=138
[2025-05-22T07:30:01.120+0000] {logging_mixin.py:190} INFO - 💌message 84 sent: user_id=141
[2025-05-22T07:30:01.175+0000] {logging_mixin.py:190} INFO - 💌message 85 sent: user_id=133
[2025-05-22T07:30:01.228+0000] {logging_mixin.py:190} INFO - 💌message 86 sent: user_id=138
[2025-05-22T07:30:01.283+0000] {logging_mixin.py:190} INFO - 💌message 87 sent: user_id=120
[2025-05-22T07:30:01.342+0000] {logging_mixin.py:190} INFO - 💌message 88 sent: user_id=143
[2025-05-22T07:30:01.397+0000] {logging_mixin.py:190} INFO - 💌message 89 sent: user_id=134
[2025-05-22T07:30:01.453+0000] {logging_mixin.py:190} INFO - 💌message 90 sent: user_id=130
[2025-05-22T07:30:01.509+0000] {logging_mixin.py:190} INFO - 💌message 91 sent: user_id=116
[2025-05-22T07:30:01.566+0000] {logging_mixin.py:190} INFO - 💌message 92 sent: user_id=124
[2025-05-22T07:30:01.621+0000] {logging_mixin.py:190} INFO - 💌message 93 sent: user_id=133
[2025-05-22T07:30:01.677+0000] {logging_mixin.py:190} INFO - 💌message 94 sent: user_id=115
[2025-05-22T07:30:01.740+0000] {logging_mixin.py:190} INFO - 💌message 95 sent: user_id=103
[2025-05-22T07:30:01.800+0000] {logging_mixin.py:190} INFO - 💌message 96 sent: user_id=104
[2025-05-22T07:30:01.854+0000] {logging_mixin.py:190} INFO - 💌message 97 sent: user_id=146
[2025-05-22T07:30:01.912+0000] {logging_mixin.py:190} INFO - 💌message 98 sent: user_id=105
[2025-05-22T07:30:01.967+0000] {logging_mixin.py:190} INFO - 💌message 99 sent: user_id=129
[2025-05-22T07:30:02.021+0000] {logging_mixin.py:190} INFO - 💌message 100 sent: user_id=118
[2025-05-22T07:30:02.073+0000] {logging_mixin.py:190} INFO - 💌message 101 sent: user_id=102
[2025-05-22T07:30:02.124+0000] {logging_mixin.py:190} INFO - 💌message 102 sent: user_id=126
[2025-05-22T07:30:02.177+0000] {logging_mixin.py:190} INFO - 💌message 103 sent: user_id=137
[2025-05-22T07:30:02.229+0000] {logging_mixin.py:190} INFO - 💌message 104 sent: user_id=140
[2025-05-22T07:30:02.281+0000] {logging_mixin.py:190} INFO - 💌message 105 sent: user_id=132
[2025-05-22T07:30:02.337+0000] {logging_mixin.py:190} INFO - 💌message 106 sent: user_id=136
[2025-05-22T07:30:02.395+0000] {logging_mixin.py:190} INFO - 💌message 107 sent: user_id=134
[2025-05-22T07:30:02.450+0000] {logging_mixin.py:190} INFO - 💌message 108 sent: user_id=128
[2025-05-22T07:30:02.507+0000] {logging_mixin.py:190} INFO - 💌message 109 sent: user_id=144
[2025-05-22T07:30:02.563+0000] {logging_mixin.py:190} INFO - 💌message 110 sent: user_id=140
[2025-05-22T07:30:02.619+0000] {logging_mixin.py:190} INFO - 💌message 111 sent: user_id=127
[2025-05-22T07:30:02.677+0000] {logging_mixin.py:190} INFO - 💌message 112 sent: user_id=134
[2025-05-22T07:30:02.731+0000] {logging_mixin.py:190} INFO - 💌message 113 sent: user_id=144
[2025-05-22T07:30:02.787+0000] {logging_mixin.py:190} INFO - 💌message 114 sent: user_id=133
[2025-05-22T07:30:02.843+0000] {logging_mixin.py:190} INFO - 💌message 115 sent: user_id=136
[2025-05-22T07:30:02.900+0000] {logging_mixin.py:190} INFO - 💌message 116 sent: user_id=125
[2025-05-22T07:30:02.955+0000] {logging_mixin.py:190} INFO - 💌message 117 sent: user_id=123
[2025-05-22T07:30:03.013+0000] {logging_mixin.py:190} INFO - 💌message 118 sent: user_id=120
[2025-05-22T07:30:03.070+0000] {logging_mixin.py:190} INFO - 💌message 119 sent: user_id=134
[2025-05-22T07:30:03.125+0000] {logging_mixin.py:190} INFO - 💌message 120 sent: user_id=107
[2025-05-22T07:30:03.180+0000] {logging_mixin.py:190} INFO - 💌message 121 sent: user_id=142
[2025-05-22T07:30:03.237+0000] {logging_mixin.py:190} INFO - 💌message 122 sent: user_id=103
[2025-05-22T07:30:03.292+0000] {logging_mixin.py:190} INFO - 💌message 123 sent: user_id=105
[2025-05-22T07:30:03.347+0000] {logging_mixin.py:190} INFO - 💌message 124 sent: user_id=104
[2025-05-22T07:30:03.402+0000] {logging_mixin.py:190} INFO - 💌message 125 sent: user_id=130
[2025-05-22T07:30:03.456+0000] {logging_mixin.py:190} INFO - 💌message 126 sent: user_id=126
[2025-05-22T07:30:03.511+0000] {logging_mixin.py:190} INFO - 💌message 127 sent: user_id=138
[2025-05-22T07:30:03.570+0000] {logging_mixin.py:190} INFO - 💌message 128 sent: user_id=117
[2025-05-22T07:30:03.627+0000] {logging_mixin.py:190} INFO - 💌message 129 sent: user_id=118
[2025-05-22T07:30:03.681+0000] {logging_mixin.py:190} INFO - 💌message 130 sent: user_id=109
[2025-05-22T07:30:03.734+0000] {logging_mixin.py:190} INFO - 💌message 131 sent: user_id=103
[2025-05-22T07:30:03.786+0000] {logging_mixin.py:190} INFO - 💌message 132 sent: user_id=140
[2025-05-22T07:30:03.840+0000] {logging_mixin.py:190} INFO - 💌message 133 sent: user_id=107
[2025-05-22T07:30:03.895+0000] {logging_mixin.py:190} INFO - 💌message 134 sent: user_id=106
[2025-05-22T07:30:03.952+0000] {logging_mixin.py:190} INFO - 💌message 135 sent: user_id=122
[2025-05-22T07:30:04.008+0000] {logging_mixin.py:190} INFO - 💌message 136 sent: user_id=144
[2025-05-22T07:30:04.064+0000] {logging_mixin.py:190} INFO - 💌message 137 sent: user_id=110
[2025-05-22T07:30:04.120+0000] {logging_mixin.py:190} INFO - 💌message 138 sent: user_id=139
[2025-05-22T07:30:04.179+0000] {logging_mixin.py:190} INFO - 💌message 139 sent: user_id=141
[2025-05-22T07:30:04.235+0000] {logging_mixin.py:190} INFO - 💌message 140 sent: user_id=131
[2025-05-22T07:30:04.290+0000] {logging_mixin.py:190} INFO - 💌message 141 sent: user_id=140
[2025-05-22T07:30:04.346+0000] {logging_mixin.py:190} INFO - 💌message 142 sent: user_id=145
[2025-05-22T07:30:04.401+0000] {logging_mixin.py:190} INFO - 💌message 143 sent: user_id=150
[2025-05-22T07:30:04.455+0000] {logging_mixin.py:190} INFO - 💌message 144 sent: user_id=134
[2025-05-22T07:30:04.511+0000] {logging_mixin.py:190} INFO - 💌message 145 sent: user_id=127
[2025-05-22T07:30:04.566+0000] {logging_mixin.py:190} INFO - 💌message 146 sent: user_id=135
[2025-05-22T07:30:04.621+0000] {logging_mixin.py:190} INFO - 💌message 147 sent: user_id=124
[2025-05-22T07:30:04.685+0000] {logging_mixin.py:190} INFO - 💌message 148 sent: user_id=104
[2025-05-22T07:30:04.740+0000] {logging_mixin.py:190} INFO - 💌message 149 sent: user_id=133
[2025-05-22T07:30:04.796+0000] {logging_mixin.py:190} INFO - 💌message 150 sent: user_id=130
[2025-05-22T07:30:04.851+0000] {logging_mixin.py:190} INFO - 💌message 151 sent: user_id=116
[2025-05-22T07:30:04.908+0000] {logging_mixin.py:190} INFO - 💌message 152 sent: user_id=142
[2025-05-22T07:30:04.963+0000] {logging_mixin.py:190} INFO - 💌message 153 sent: user_id=120
[2025-05-22T07:30:05.020+0000] {logging_mixin.py:190} INFO - 💌message 154 sent: user_id=125
[2025-05-22T07:30:05.076+0000] {logging_mixin.py:190} INFO - 💌message 155 sent: user_id=119
[2025-05-22T07:30:05.132+0000] {logging_mixin.py:190} INFO - 💌message 156 sent: user_id=149
[2025-05-22T07:30:05.188+0000] {logging_mixin.py:190} INFO - 💌message 157 sent: user_id=147
[2025-05-22T07:30:05.243+0000] {logging_mixin.py:190} INFO - 💌message 158 sent: user_id=145
[2025-05-22T07:30:05.297+0000] {logging_mixin.py:190} INFO - 💌message 159 sent: user_id=118
[2025-05-22T07:30:05.354+0000] {logging_mixin.py:190} INFO - 💌message 160 sent: user_id=144
[2025-05-22T07:30:05.411+0000] {logging_mixin.py:190} INFO - 💌message 161 sent: user_id=119
[2025-05-22T07:30:05.467+0000] {logging_mixin.py:190} INFO - 💌message 162 sent: user_id=146
[2025-05-22T07:30:05.521+0000] {logging_mixin.py:190} INFO - 💌message 163 sent: user_id=137
[2025-05-22T07:30:05.577+0000] {logging_mixin.py:190} INFO - 💌message 164 sent: user_id=141
[2025-05-22T07:30:05.633+0000] {logging_mixin.py:190} INFO - 💌message 165 sent: user_id=149
[2025-05-22T07:30:05.690+0000] {logging_mixin.py:190} INFO - 💌message 166 sent: user_id=110
[2025-05-22T07:30:05.747+0000] {logging_mixin.py:190} INFO - 💌message 167 sent: user_id=126
[2025-05-22T07:30:05.802+0000] {logging_mixin.py:190} INFO - 💌message 168 sent: user_id=139
[2025-05-22T07:30:05.857+0000] {logging_mixin.py:190} INFO - 💌message 169 sent: user_id=150
[2025-05-22T07:30:05.914+0000] {logging_mixin.py:190} INFO - 💌message 170 sent: user_id=102
[2025-05-22T07:30:05.971+0000] {logging_mixin.py:190} INFO - 💌message 171 sent: user_id=133
[2025-05-22T07:30:06.027+0000] {logging_mixin.py:190} INFO - 💌message 172 sent: user_id=127
[2025-05-22T07:30:06.082+0000] {logging_mixin.py:190} INFO - 💌message 173 sent: user_id=120
[2025-05-22T07:30:06.138+0000] {logging_mixin.py:190} INFO - 💌message 174 sent: user_id=111
[2025-05-22T07:30:06.193+0000] {logging_mixin.py:190} INFO - 💌message 175 sent: user_id=111
[2025-05-22T07:30:06.249+0000] {logging_mixin.py:190} INFO - 💌message 176 sent: user_id=130
[2025-05-22T07:30:06.303+0000] {logging_mixin.py:190} INFO - 💌message 177 sent: user_id=107
[2025-05-22T07:30:06.356+0000] {logging_mixin.py:190} INFO - 💌message 178 sent: user_id=109
[2025-05-22T07:30:06.409+0000] {logging_mixin.py:190} INFO - 💌message 179 sent: user_id=119
[2025-05-22T07:30:06.462+0000] {logging_mixin.py:190} INFO - 💌message 180 sent: user_id=113
[2025-05-22T07:30:06.518+0000] {logging_mixin.py:190} INFO - 💌message 181 sent: user_id=140
[2025-05-22T07:30:06.574+0000] {logging_mixin.py:190} INFO - 💌message 182 sent: user_id=138
[2025-05-22T07:30:06.630+0000] {logging_mixin.py:190} INFO - 💌message 183 sent: user_id=129
[2025-05-22T07:30:06.688+0000] {logging_mixin.py:190} INFO - 💌message 184 sent: user_id=132
[2025-05-22T07:30:06.743+0000] {logging_mixin.py:190} INFO - 💌message 185 sent: user_id=109
[2025-05-22T07:30:06.796+0000] {logging_mixin.py:190} INFO - 💌message 186 sent: user_id=113
[2025-05-22T07:30:06.848+0000] {logging_mixin.py:190} INFO - 💌message 187 sent: user_id=116
[2025-05-22T07:30:06.902+0000] {logging_mixin.py:190} INFO - 💌message 188 sent: user_id=118
[2025-05-22T07:30:06.956+0000] {logging_mixin.py:190} INFO - 💌message 189 sent: user_id=104
[2025-05-22T07:30:07.014+0000] {logging_mixin.py:190} INFO - 💌message 190 sent: user_id=103
[2025-05-22T07:30:07.071+0000] {logging_mixin.py:190} INFO - 💌message 191 sent: user_id=136
[2025-05-22T07:30:07.128+0000] {logging_mixin.py:190} INFO - 💌message 192 sent: user_id=128
[2025-05-22T07:30:07.188+0000] {logging_mixin.py:190} INFO - 💌message 193 sent: user_id=132
[2025-05-22T07:30:07.242+0000] {logging_mixin.py:190} INFO - 💌message 194 sent: user_id=135
[2025-05-22T07:30:07.296+0000] {logging_mixin.py:190} INFO - 💌message 195 sent: user_id=126
[2025-05-22T07:30:07.354+0000] {logging_mixin.py:190} INFO - 💌message 196 sent: user_id=138
[2025-05-22T07:30:07.411+0000] {logging_mixin.py:190} INFO - 💌message 197 sent: user_id=112
[2025-05-22T07:30:07.466+0000] {logging_mixin.py:190} INFO - 💌message 198 sent: user_id=128
[2025-05-22T07:30:07.522+0000] {logging_mixin.py:190} INFO - 💌message 199 sent: user_id=128
[2025-05-22T07:30:07.579+0000] {logging_mixin.py:190} INFO - 💌message 200 sent: user_id=149
[2025-05-22T07:30:07.635+0000] {logging_mixin.py:190} INFO - 💌message 201 sent: user_id=101
[2025-05-22T07:30:07.691+0000] {logging_mixin.py:190} INFO - 💌message 202 sent: user_id=123
[2025-05-22T07:30:07.747+0000] {logging_mixin.py:190} INFO - 💌message 203 sent: user_id=120
[2025-05-22T07:30:07.802+0000] {logging_mixin.py:190} INFO - 💌message 204 sent: user_id=146
[2025-05-22T07:30:07.858+0000] {logging_mixin.py:190} INFO - 💌message 205 sent: user_id=108
[2025-05-22T07:30:07.917+0000] {logging_mixin.py:190} INFO - 💌message 206 sent: user_id=123
[2025-05-22T07:30:07.971+0000] {logging_mixin.py:190} INFO - 💌message 207 sent: user_id=109
[2025-05-22T07:30:08.027+0000] {logging_mixin.py:190} INFO - 💌message 208 sent: user_id=134
[2025-05-22T07:30:08.081+0000] {logging_mixin.py:190} INFO - 💌message 209 sent: user_id=134
[2025-05-22T07:30:08.137+0000] {logging_mixin.py:190} INFO - 💌message 210 sent: user_id=131
[2025-05-22T07:30:08.193+0000] {logging_mixin.py:190} INFO - 💌message 211 sent: user_id=109
[2025-05-22T07:30:08.248+0000] {logging_mixin.py:190} INFO - 💌message 212 sent: user_id=140
[2025-05-22T07:30:08.301+0000] {logging_mixin.py:190} INFO - 💌message 213 sent: user_id=147
[2025-05-22T07:30:08.358+0000] {logging_mixin.py:190} INFO - 💌message 214 sent: user_id=124
[2025-05-22T07:30:08.414+0000] {logging_mixin.py:190} INFO - 💌message 215 sent: user_id=100
[2025-05-22T07:30:08.469+0000] {logging_mixin.py:190} INFO - 💌message 216 sent: user_id=146
[2025-05-22T07:30:08.530+0000] {logging_mixin.py:190} INFO - 💌message 217 sent: user_id=126
[2025-05-22T07:30:08.589+0000] {logging_mixin.py:190} INFO - 💌message 218 sent: user_id=123
[2025-05-22T07:30:08.645+0000] {logging_mixin.py:190} INFO - 💌message 219 sent: user_id=148
[2025-05-22T07:30:08.701+0000] {logging_mixin.py:190} INFO - 💌message 220 sent: user_id=141
[2025-05-22T07:30:08.760+0000] {logging_mixin.py:190} INFO - 💌message 221 sent: user_id=102
[2025-05-22T07:30:08.814+0000] {logging_mixin.py:190} INFO - 💌message 222 sent: user_id=101
[2025-05-22T07:30:08.865+0000] {logging_mixin.py:190} INFO - 💌message 223 sent: user_id=141
[2025-05-22T07:30:08.917+0000] {logging_mixin.py:190} INFO - 💌message 224 sent: user_id=110
[2025-05-22T07:30:08.971+0000] {logging_mixin.py:190} INFO - 💌message 225 sent: user_id=125
[2025-05-22T07:30:09.026+0000] {logging_mixin.py:190} INFO - 💌message 226 sent: user_id=103
[2025-05-22T07:30:09.082+0000] {logging_mixin.py:190} INFO - 💌message 227 sent: user_id=118
[2025-05-22T07:30:09.136+0000] {logging_mixin.py:190} INFO - 💌message 228 sent: user_id=134
[2025-05-22T07:30:09.189+0000] {logging_mixin.py:190} INFO - 💌message 229 sent: user_id=128
[2025-05-22T07:30:09.241+0000] {logging_mixin.py:190} INFO - 💌message 230 sent: user_id=132
[2025-05-22T07:30:09.293+0000] {logging_mixin.py:190} INFO - 💌message 231 sent: user_id=121
[2025-05-22T07:30:09.344+0000] {logging_mixin.py:190} INFO - 💌message 232 sent: user_id=116
[2025-05-22T07:30:09.396+0000] {logging_mixin.py:190} INFO - 💌message 233 sent: user_id=125
[2025-05-22T07:30:09.447+0000] {logging_mixin.py:190} INFO - 💌message 234 sent: user_id=110
[2025-05-22T07:30:09.498+0000] {logging_mixin.py:190} INFO - 💌message 235 sent: user_id=115
[2025-05-22T07:30:09.550+0000] {logging_mixin.py:190} INFO - 💌message 236 sent: user_id=103
[2025-05-22T07:30:09.602+0000] {logging_mixin.py:190} INFO - 💌message 237 sent: user_id=134
[2025-05-22T07:30:09.655+0000] {logging_mixin.py:190} INFO - 💌message 238 sent: user_id=113
[2025-05-22T07:30:09.709+0000] {logging_mixin.py:190} INFO - 💌message 239 sent: user_id=109
[2025-05-22T07:30:09.760+0000] {logging_mixin.py:190} INFO - 💌message 240 sent: user_id=136
[2025-05-22T07:30:09.813+0000] {logging_mixin.py:190} INFO - 💌message 241 sent: user_id=130
[2025-05-22T07:30:09.867+0000] {logging_mixin.py:190} INFO - 💌message 242 sent: user_id=117
[2025-05-22T07:30:09.918+0000] {logging_mixin.py:190} INFO - 💌message 243 sent: user_id=112
[2025-05-22T07:30:09.969+0000] {logging_mixin.py:190} INFO - 💌message 244 sent: user_id=105
[2025-05-22T07:30:10.020+0000] {logging_mixin.py:190} INFO - 💌message 245 sent: user_id=144
[2025-05-22T07:30:10.072+0000] {logging_mixin.py:190} INFO - 💌message 246 sent: user_id=118
[2025-05-22T07:30:10.123+0000] {logging_mixin.py:190} INFO - 💌message 247 sent: user_id=105
[2025-05-22T07:30:10.175+0000] {logging_mixin.py:190} INFO - 💌message 248 sent: user_id=133
[2025-05-22T07:30:10.227+0000] {logging_mixin.py:190} INFO - 💌message 249 sent: user_id=117
[2025-05-22T07:30:10.280+0000] {logging_mixin.py:190} INFO - 💌message 250 sent: user_id=110
[2025-05-22T07:30:10.334+0000] {logging_mixin.py:190} INFO - 💌message 251 sent: user_id=142
[2025-05-22T07:30:10.386+0000] {logging_mixin.py:190} INFO - 💌message 252 sent: user_id=123
[2025-05-22T07:30:10.440+0000] {logging_mixin.py:190} INFO - 💌message 253 sent: user_id=101
[2025-05-22T07:30:10.491+0000] {logging_mixin.py:190} INFO - 💌message 254 sent: user_id=125
[2025-05-22T07:30:10.543+0000] {logging_mixin.py:190} INFO - 💌message 255 sent: user_id=140
[2025-05-22T07:30:10.596+0000] {logging_mixin.py:190} INFO - 💌message 256 sent: user_id=140
[2025-05-22T07:30:10.652+0000] {logging_mixin.py:190} INFO - 💌message 257 sent: user_id=149
[2025-05-22T07:30:10.706+0000] {logging_mixin.py:190} INFO - 💌message 258 sent: user_id=105
[2025-05-22T07:30:10.764+0000] {logging_mixin.py:190} INFO - 💌message 259 sent: user_id=128
[2025-05-22T07:30:10.820+0000] {logging_mixin.py:190} INFO - 💌message 260 sent: user_id=134
[2025-05-22T07:30:10.875+0000] {logging_mixin.py:190} INFO - 💌message 261 sent: user_id=147
[2025-05-22T07:30:10.928+0000] {logging_mixin.py:190} INFO - 💌message 262 sent: user_id=136
[2025-05-22T07:30:10.983+0000] {logging_mixin.py:190} INFO - 💌message 263 sent: user_id=140
[2025-05-22T07:30:11.042+0000] {logging_mixin.py:190} INFO - 💌message 264 sent: user_id=104
[2025-05-22T07:30:11.097+0000] {logging_mixin.py:190} INFO - 💌message 265 sent: user_id=119
[2025-05-22T07:30:11.153+0000] {logging_mixin.py:190} INFO - 💌message 266 sent: user_id=142
[2025-05-22T07:30:11.210+0000] {logging_mixin.py:190} INFO - 💌message 267 sent: user_id=102
[2025-05-22T07:30:11.263+0000] {logging_mixin.py:190} INFO - 💌message 268 sent: user_id=106
[2025-05-22T07:30:11.317+0000] {logging_mixin.py:190} INFO - 💌message 269 sent: user_id=148
[2025-05-22T07:30:11.379+0000] {logging_mixin.py:190} INFO - 💌message 270 sent: user_id=112
[2025-05-22T07:30:11.436+0000] {logging_mixin.py:190} INFO - 💌message 271 sent: user_id=120
[2025-05-22T07:30:11.493+0000] {logging_mixin.py:190} INFO - 💌message 272 sent: user_id=146
[2025-05-22T07:30:11.549+0000] {logging_mixin.py:190} INFO - 💌message 273 sent: user_id=108
[2025-05-22T07:30:11.605+0000] {logging_mixin.py:190} INFO - 💌message 274 sent: user_id=101
[2025-05-22T07:30:11.660+0000] {logging_mixin.py:190} INFO - 💌message 275 sent: user_id=128
[2025-05-22T07:30:11.715+0000] {logging_mixin.py:190} INFO - 💌message 276 sent: user_id=113
[2025-05-22T07:30:11.774+0000] {logging_mixin.py:190} INFO - 💌message 277 sent: user_id=142
[2025-05-22T07:30:11.832+0000] {logging_mixin.py:190} INFO - 💌message 278 sent: user_id=114
[2025-05-22T07:30:11.889+0000] {logging_mixin.py:190} INFO - 💌message 279 sent: user_id=150
[2025-05-22T07:30:11.944+0000] {logging_mixin.py:190} INFO - 💌message 280 sent: user_id=135
[2025-05-22T07:30:12.113+0000] {logging_mixin.py:190} INFO - 💌message 281 sent: user_id=136
[2025-05-22T07:30:12.164+0000] {logging_mixin.py:190} INFO - 💌message 282 sent: user_id=145
[2025-05-22T07:30:12.216+0000] {logging_mixin.py:190} INFO - 💌message 283 sent: user_id=143
[2025-05-22T07:30:12.269+0000] {logging_mixin.py:190} INFO - 💌message 284 sent: user_id=101
[2025-05-22T07:30:12.321+0000] {logging_mixin.py:190} INFO - 💌message 285 sent: user_id=130
[2025-05-22T07:30:12.378+0000] {logging_mixin.py:190} INFO - 💌message 286 sent: user_id=128
[2025-05-22T07:30:12.434+0000] {logging_mixin.py:190} INFO - 💌message 287 sent: user_id=107
[2025-05-22T07:30:12.491+0000] {logging_mixin.py:190} INFO - 💌message 288 sent: user_id=121
[2025-05-22T07:30:12.548+0000] {logging_mixin.py:190} INFO - 💌message 289 sent: user_id=150
[2025-05-22T07:30:12.617+0000] {logging_mixin.py:190} INFO - 💌message 290 sent: user_id=146
[2025-05-22T07:30:12.670+0000] {logging_mixin.py:190} INFO - 💌message 291 sent: user_id=149
[2025-05-22T07:30:12.723+0000] {logging_mixin.py:190} INFO - 💌message 292 sent: user_id=123
[2025-05-22T07:30:12.777+0000] {logging_mixin.py:190} INFO - 💌message 293 sent: user_id=111
[2025-05-22T07:30:12.831+0000] {logging_mixin.py:190} INFO - 💌message 294 sent: user_id=121
[2025-05-22T07:30:12.883+0000] {logging_mixin.py:190} INFO - 💌message 295 sent: user_id=134
[2025-05-22T07:30:12.935+0000] {logging_mixin.py:190} INFO - 💌message 296 sent: user_id=137
[2025-05-22T07:30:12.988+0000] {logging_mixin.py:190} INFO - 💌message 297 sent: user_id=104
[2025-05-22T07:30:13.043+0000] {logging_mixin.py:190} INFO - 💌message 298 sent: user_id=128
[2025-05-22T07:30:13.100+0000] {logging_mixin.py:190} INFO - 💌message 299 sent: user_id=123
[2025-05-22T07:30:13.155+0000] {logging_mixin.py:190} INFO - 💌message 300 sent: user_id=145
[2025-05-22T07:30:13.215+0000] {logging_mixin.py:190} INFO - 💌message 301 sent: user_id=138
[2025-05-22T07:30:13.270+0000] {logging_mixin.py:190} INFO - 💌message 302 sent: user_id=144
[2025-05-22T07:30:13.327+0000] {logging_mixin.py:190} INFO - 💌message 303 sent: user_id=121
[2025-05-22T07:30:13.381+0000] {logging_mixin.py:190} INFO - 💌message 304 sent: user_id=135
[2025-05-22T07:30:13.437+0000] {logging_mixin.py:190} INFO - 💌message 305 sent: user_id=125
[2025-05-22T07:30:13.492+0000] {logging_mixin.py:190} INFO - 💌message 306 sent: user_id=144
[2025-05-22T07:30:13.546+0000] {logging_mixin.py:190} INFO - 💌message 307 sent: user_id=101
[2025-05-22T07:30:13.602+0000] {logging_mixin.py:190} INFO - 💌message 308 sent: user_id=147
[2025-05-22T07:30:13.659+0000] {logging_mixin.py:190} INFO - 💌message 309 sent: user_id=147
[2025-05-22T07:30:13.718+0000] {logging_mixin.py:190} INFO - 💌message 310 sent: user_id=126
[2025-05-22T07:30:13.773+0000] {logging_mixin.py:190} INFO - 💌message 311 sent: user_id=131
[2025-05-22T07:30:13.829+0000] {logging_mixin.py:190} INFO - 💌message 312 sent: user_id=115
[2025-05-22T07:30:13.885+0000] {logging_mixin.py:190} INFO - 💌message 313 sent: user_id=146
[2025-05-22T07:30:13.940+0000] {logging_mixin.py:190} INFO - 💌message 314 sent: user_id=111
[2025-05-22T07:30:13.996+0000] {logging_mixin.py:190} INFO - 💌message 315 sent: user_id=125
[2025-05-22T07:30:14.051+0000] {logging_mixin.py:190} INFO - 💌message 316 sent: user_id=115
[2025-05-22T07:30:14.107+0000] {logging_mixin.py:190} INFO - 💌message 317 sent: user_id=117
[2025-05-22T07:30:14.162+0000] {logging_mixin.py:190} INFO - 💌message 318 sent: user_id=142
[2025-05-22T07:30:14.219+0000] {logging_mixin.py:190} INFO - 💌message 319 sent: user_id=129
[2025-05-22T07:30:14.275+0000] {logging_mixin.py:190} INFO - 💌message 320 sent: user_id=111
[2025-05-22T07:30:14.328+0000] {logging_mixin.py:190} INFO - 💌message 321 sent: user_id=149
[2025-05-22T07:30:14.382+0000] {logging_mixin.py:190} INFO - 💌message 322 sent: user_id=107
[2025-05-22T07:30:14.436+0000] {logging_mixin.py:190} INFO - 💌message 323 sent: user_id=118
[2025-05-22T07:30:14.489+0000] {logging_mixin.py:190} INFO - 💌message 324 sent: user_id=107
[2025-05-22T07:30:14.541+0000] {logging_mixin.py:190} INFO - 💌message 325 sent: user_id=128
[2025-05-22T07:30:14.593+0000] {logging_mixin.py:190} INFO - 💌message 326 sent: user_id=138
[2025-05-22T07:30:14.647+0000] {logging_mixin.py:190} INFO - 💌message 327 sent: user_id=140
[2025-05-22T07:30:14.698+0000] {logging_mixin.py:190} INFO - 💌message 328 sent: user_id=111
[2025-05-22T07:30:14.750+0000] {logging_mixin.py:190} INFO - 💌message 329 sent: user_id=137
[2025-05-22T07:30:14.802+0000] {logging_mixin.py:190} INFO - 💌message 330 sent: user_id=103
[2025-05-22T07:30:14.857+0000] {logging_mixin.py:190} INFO - 💌message 331 sent: user_id=117
[2025-05-22T07:30:14.913+0000] {logging_mixin.py:190} INFO - 💌message 332 sent: user_id=143
[2025-05-22T07:30:14.968+0000] {logging_mixin.py:190} INFO - 💌message 333 sent: user_id=139
[2025-05-22T07:30:15.025+0000] {logging_mixin.py:190} INFO - 💌message 334 sent: user_id=120
[2025-05-22T07:30:15.080+0000] {logging_mixin.py:190} INFO - 💌message 335 sent: user_id=108
[2025-05-22T07:30:15.136+0000] {logging_mixin.py:190} INFO - 💌message 336 sent: user_id=107
[2025-05-22T07:30:15.190+0000] {logging_mixin.py:190} INFO - 💌message 337 sent: user_id=108
[2025-05-22T07:30:15.245+0000] {logging_mixin.py:190} INFO - 💌message 338 sent: user_id=138
[2025-05-22T07:30:15.299+0000] {logging_mixin.py:190} INFO - 💌message 339 sent: user_id=107
[2025-05-22T07:30:15.350+0000] {logging_mixin.py:190} INFO - 💌message 340 sent: user_id=147
[2025-05-22T07:30:15.403+0000] {logging_mixin.py:190} INFO - 💌message 341 sent: user_id=113
[2025-05-22T07:30:15.458+0000] {logging_mixin.py:190} INFO - 💌message 342 sent: user_id=109
[2025-05-22T07:30:15.512+0000] {logging_mixin.py:190} INFO - 💌message 343 sent: user_id=101
[2025-05-22T07:30:15.568+0000] {logging_mixin.py:190} INFO - 💌message 344 sent: user_id=121
[2025-05-22T07:30:15.622+0000] {logging_mixin.py:190} INFO - 💌message 345 sent: user_id=141
[2025-05-22T07:30:15.678+0000] {logging_mixin.py:190} INFO - 💌message 346 sent: user_id=146
[2025-05-22T07:30:15.732+0000] {logging_mixin.py:190} INFO - 💌message 347 sent: user_id=118
[2025-05-22T07:30:15.788+0000] {logging_mixin.py:190} INFO - 💌message 348 sent: user_id=140
[2025-05-22T07:30:15.845+0000] {logging_mixin.py:190} INFO - 💌message 349 sent: user_id=109
[2025-05-22T07:30:15.900+0000] {logging_mixin.py:190} INFO - 💌message 350 sent: user_id=107
[2025-05-22T07:30:15.957+0000] {logging_mixin.py:190} INFO - 💌message 351 sent: user_id=104
[2025-05-22T07:30:16.012+0000] {logging_mixin.py:190} INFO - 💌message 352 sent: user_id=116
[2025-05-22T07:30:16.068+0000] {logging_mixin.py:190} INFO - 💌message 353 sent: user_id=108
[2025-05-22T07:30:16.122+0000] {logging_mixin.py:190} INFO - 💌message 354 sent: user_id=123
[2025-05-22T07:30:16.177+0000] {logging_mixin.py:190} INFO - 💌message 355 sent: user_id=146
[2025-05-22T07:30:16.237+0000] {logging_mixin.py:190} INFO - 💌message 356 sent: user_id=101
[2025-05-22T07:30:16.292+0000] {logging_mixin.py:190} INFO - 💌message 357 sent: user_id=141
[2025-05-22T07:30:16.347+0000] {logging_mixin.py:190} INFO - 💌message 358 sent: user_id=120
[2025-05-22T07:30:16.402+0000] {logging_mixin.py:190} INFO - 💌message 359 sent: user_id=148
[2025-05-22T07:30:16.456+0000] {logging_mixin.py:190} INFO - 💌message 360 sent: user_id=113
[2025-05-22T07:30:16.512+0000] {logging_mixin.py:190} INFO - 💌message 361 sent: user_id=112
[2025-05-22T07:30:16.568+0000] {logging_mixin.py:190} INFO - 💌message 362 sent: user_id=116
[2025-05-22T07:30:16.623+0000] {logging_mixin.py:190} INFO - 💌message 363 sent: user_id=149
[2025-05-22T07:30:16.679+0000] {logging_mixin.py:190} INFO - 💌message 364 sent: user_id=119
[2025-05-22T07:30:16.733+0000] {logging_mixin.py:190} INFO - 💌message 365 sent: user_id=105
[2025-05-22T07:30:16.790+0000] {logging_mixin.py:190} INFO - 💌message 366 sent: user_id=143
[2025-05-22T07:30:16.845+0000] {logging_mixin.py:190} INFO - 💌message 367 sent: user_id=107
[2025-05-22T07:30:16.901+0000] {logging_mixin.py:190} INFO - 💌message 368 sent: user_id=114
[2025-05-22T07:30:16.956+0000] {logging_mixin.py:190} INFO - 💌message 369 sent: user_id=148
[2025-05-22T07:30:17.013+0000] {logging_mixin.py:190} INFO - 💌message 370 sent: user_id=131
[2025-05-22T07:30:17.070+0000] {logging_mixin.py:190} INFO - 💌message 371 sent: user_id=139
[2025-05-22T07:30:17.127+0000] {logging_mixin.py:190} INFO - 💌message 372 sent: user_id=117
[2025-05-22T07:30:17.184+0000] {logging_mixin.py:190} INFO - 💌message 373 sent: user_id=125
[2025-05-22T07:30:17.237+0000] {logging_mixin.py:190} INFO - 💌message 374 sent: user_id=100
[2025-05-22T07:30:17.292+0000] {logging_mixin.py:190} INFO - 💌message 375 sent: user_id=111
[2025-05-22T07:30:17.345+0000] {logging_mixin.py:190} INFO - 💌message 376 sent: user_id=117
[2025-05-22T07:30:17.399+0000] {logging_mixin.py:190} INFO - 💌message 377 sent: user_id=143
[2025-05-22T07:30:17.455+0000] {logging_mixin.py:190} INFO - 💌message 378 sent: user_id=115
[2025-05-22T07:30:17.510+0000] {logging_mixin.py:190} INFO - 💌message 379 sent: user_id=130
[2025-05-22T07:30:17.565+0000] {logging_mixin.py:190} INFO - 💌message 380 sent: user_id=118
[2025-05-22T07:30:17.622+0000] {logging_mixin.py:190} INFO - 💌message 381 sent: user_id=115
[2025-05-22T07:30:17.677+0000] {logging_mixin.py:190} INFO - 💌message 382 sent: user_id=113
[2025-05-22T07:30:17.733+0000] {logging_mixin.py:190} INFO - 💌message 383 sent: user_id=127
[2025-05-22T07:30:17.788+0000] {logging_mixin.py:190} INFO - 💌message 384 sent: user_id=112
[2025-05-22T07:30:17.843+0000] {logging_mixin.py:190} INFO - 💌message 385 sent: user_id=106
[2025-05-22T07:30:17.900+0000] {logging_mixin.py:190} INFO - 💌message 386 sent: user_id=102
[2025-05-22T07:30:17.956+0000] {logging_mixin.py:190} INFO - 💌message 387 sent: user_id=137
[2025-05-22T07:30:18.011+0000] {logging_mixin.py:190} INFO - 💌message 388 sent: user_id=149
[2025-05-22T07:30:18.066+0000] {logging_mixin.py:190} INFO - 💌message 389 sent: user_id=143
[2025-05-22T07:30:18.120+0000] {logging_mixin.py:190} INFO - 💌message 390 sent: user_id=139
[2025-05-22T07:30:18.177+0000] {logging_mixin.py:190} INFO - 💌message 391 sent: user_id=114
[2025-05-22T07:30:18.232+0000] {logging_mixin.py:190} INFO - 💌message 392 sent: user_id=101
[2025-05-22T07:30:18.286+0000] {logging_mixin.py:190} INFO - 💌message 393 sent: user_id=106
[2025-05-22T07:30:18.341+0000] {logging_mixin.py:190} INFO - 💌message 394 sent: user_id=108
[2025-05-22T07:30:18.394+0000] {logging_mixin.py:190} INFO - 💌message 395 sent: user_id=133
[2025-05-22T07:30:18.450+0000] {logging_mixin.py:190} INFO - 💌message 396 sent: user_id=103
[2025-05-22T07:30:18.506+0000] {logging_mixin.py:190} INFO - 💌message 397 sent: user_id=126
[2025-05-22T07:30:18.562+0000] {logging_mixin.py:190} INFO - 💌message 398 sent: user_id=104
[2025-05-22T07:30:18.620+0000] {logging_mixin.py:190} INFO - 💌message 399 sent: user_id=105
[2025-05-22T07:30:18.676+0000] {logging_mixin.py:190} INFO - 💌message 400 sent: user_id=118
[2025-05-22T07:30:18.732+0000] {logging_mixin.py:190} INFO - 💌message 401 sent: user_id=132
[2025-05-22T07:30:18.785+0000] {logging_mixin.py:190} INFO - 💌message 402 sent: user_id=105
[2025-05-22T07:30:18.837+0000] {logging_mixin.py:190} INFO - 💌message 403 sent: user_id=129
[2025-05-22T07:30:18.889+0000] {logging_mixin.py:190} INFO - 💌message 404 sent: user_id=134
[2025-05-22T07:30:18.941+0000] {logging_mixin.py:190} INFO - 💌message 405 sent: user_id=120
[2025-05-22T07:30:18.996+0000] {logging_mixin.py:190} INFO - 💌message 406 sent: user_id=141
[2025-05-22T07:30:19.052+0000] {logging_mixin.py:190} INFO - 💌message 407 sent: user_id=123
[2025-05-22T07:30:19.106+0000] {logging_mixin.py:190} INFO - 💌message 408 sent: user_id=127
[2025-05-22T07:30:19.162+0000] {logging_mixin.py:190} INFO - 💌message 409 sent: user_id=100
[2025-05-22T07:30:19.217+0000] {logging_mixin.py:190} INFO - 💌message 410 sent: user_id=130
[2025-05-22T07:30:19.274+0000] {logging_mixin.py:190} INFO - 💌message 411 sent: user_id=124
[2025-05-22T07:30:19.327+0000] {logging_mixin.py:190} INFO - 💌message 412 sent: user_id=149
[2025-05-22T07:30:19.382+0000] {logging_mixin.py:190} INFO - 💌message 413 sent: user_id=142
[2025-05-22T07:30:19.435+0000] {logging_mixin.py:190} INFO - 💌message 414 sent: user_id=110
[2025-05-22T07:30:19.491+0000] {logging_mixin.py:190} INFO - 💌message 415 sent: user_id=149
[2025-05-22T07:30:19.548+0000] {logging_mixin.py:190} INFO - 💌message 416 sent: user_id=102
[2025-05-22T07:30:19.604+0000] {logging_mixin.py:190} INFO - 💌message 417 sent: user_id=139
[2025-05-22T07:30:19.660+0000] {logging_mixin.py:190} INFO - 💌message 418 sent: user_id=111
[2025-05-22T07:30:19.714+0000] {logging_mixin.py:190} INFO - 💌message 419 sent: user_id=105
[2025-05-22T07:30:19.770+0000] {logging_mixin.py:190} INFO - 💌message 420 sent: user_id=104
[2025-05-22T07:30:19.829+0000] {logging_mixin.py:190} INFO - 💌message 421 sent: user_id=136
[2025-05-22T07:30:19.884+0000] {logging_mixin.py:190} INFO - 💌message 422 sent: user_id=109
[2025-05-22T07:30:19.941+0000] {logging_mixin.py:190} INFO - 💌message 423 sent: user_id=147
[2025-05-22T07:30:19.994+0000] {logging_mixin.py:190} INFO - 💌message 424 sent: user_id=109
[2025-05-22T07:30:20.050+0000] {logging_mixin.py:190} INFO - 💌message 425 sent: user_id=111
[2025-05-22T07:30:20.106+0000] {logging_mixin.py:190} INFO - 💌message 426 sent: user_id=109
[2025-05-22T07:30:20.163+0000] {logging_mixin.py:190} INFO - 💌message 427 sent: user_id=119
[2025-05-22T07:30:20.220+0000] {logging_mixin.py:190} INFO - 💌message 428 sent: user_id=146
[2025-05-22T07:30:20.276+0000] {logging_mixin.py:190} INFO - 💌message 429 sent: user_id=135
[2025-05-22T07:30:20.332+0000] {logging_mixin.py:190} INFO - 💌message 430 sent: user_id=121
[2025-05-22T07:30:20.389+0000] {logging_mixin.py:190} INFO - 💌message 431 sent: user_id=105
[2025-05-22T07:30:20.442+0000] {logging_mixin.py:190} INFO - 💌message 432 sent: user_id=121
[2025-05-22T07:30:20.495+0000] {logging_mixin.py:190} INFO - 💌message 433 sent: user_id=129
[2025-05-22T07:30:20.551+0000] {logging_mixin.py:190} INFO - 💌message 434 sent: user_id=118
[2025-05-22T07:30:20.604+0000] {logging_mixin.py:190} INFO - 💌message 435 sent: user_id=101
[2025-05-22T07:30:20.659+0000] {logging_mixin.py:190} INFO - 💌message 436 sent: user_id=129
[2025-05-22T07:30:20.715+0000] {logging_mixin.py:190} INFO - 💌message 437 sent: user_id=111
[2025-05-22T07:30:20.770+0000] {logging_mixin.py:190} INFO - 💌message 438 sent: user_id=124
[2025-05-22T07:30:20.826+0000] {logging_mixin.py:190} INFO - 💌message 439 sent: user_id=117
[2025-05-22T07:30:20.880+0000] {logging_mixin.py:190} INFO - 💌message 440 sent: user_id=132
[2025-05-22T07:30:20.937+0000] {logging_mixin.py:190} INFO - 💌message 441 sent: user_id=133
[2025-05-22T07:30:20.990+0000] {logging_mixin.py:190} INFO - 💌message 442 sent: user_id=119
[2025-05-22T07:30:21.045+0000] {logging_mixin.py:190} INFO - 💌message 443 sent: user_id=135
[2025-05-22T07:30:21.100+0000] {logging_mixin.py:190} INFO - 💌message 444 sent: user_id=125
[2025-05-22T07:30:21.154+0000] {logging_mixin.py:190} INFO - 💌message 445 sent: user_id=104
[2025-05-22T07:30:21.209+0000] {logging_mixin.py:190} INFO - 💌message 446 sent: user_id=106
[2025-05-22T07:30:21.265+0000] {logging_mixin.py:190} INFO - 💌message 447 sent: user_id=150
[2025-05-22T07:30:21.321+0000] {logging_mixin.py:190} INFO - 💌message 448 sent: user_id=111
[2025-05-22T07:30:21.375+0000] {logging_mixin.py:190} INFO - 💌message 449 sent: user_id=121
[2025-05-22T07:30:21.431+0000] {logging_mixin.py:190} INFO - 💌message 450 sent: user_id=142
[2025-05-22T07:30:21.487+0000] {logging_mixin.py:190} INFO - 💌message 451 sent: user_id=120
[2025-05-22T07:30:21.543+0000] {logging_mixin.py:190} INFO - 💌message 452 sent: user_id=106
[2025-05-22T07:30:21.597+0000] {logging_mixin.py:190} INFO - 💌message 453 sent: user_id=126
[2025-05-22T07:30:21.653+0000] {logging_mixin.py:190} INFO - 💌message 454 sent: user_id=131
[2025-05-22T07:30:21.708+0000] {logging_mixin.py:190} INFO - 💌message 455 sent: user_id=118
[2025-05-22T07:30:21.762+0000] {logging_mixin.py:190} INFO - 💌message 456 sent: user_id=131
[2025-05-22T07:30:21.817+0000] {logging_mixin.py:190} INFO - 💌message 457 sent: user_id=106
[2025-05-22T07:30:21.872+0000] {logging_mixin.py:190} INFO - 💌message 458 sent: user_id=102
[2025-05-22T07:30:21.927+0000] {logging_mixin.py:190} INFO - 💌message 459 sent: user_id=120
[2025-05-22T07:30:21.982+0000] {logging_mixin.py:190} INFO - 💌message 460 sent: user_id=127
[2025-05-22T07:30:22.034+0000] {logging_mixin.py:190} INFO - 💌message 461 sent: user_id=117
[2025-05-22T07:30:22.086+0000] {logging_mixin.py:190} INFO - 💌message 462 sent: user_id=116
[2025-05-22T07:30:22.138+0000] {logging_mixin.py:190} INFO - 💌message 463 sent: user_id=136
[2025-05-22T07:30:22.190+0000] {logging_mixin.py:190} INFO - 💌message 464 sent: user_id=123
[2025-05-22T07:30:22.243+0000] {logging_mixin.py:190} INFO - 💌message 465 sent: user_id=126
[2025-05-22T07:30:22.295+0000] {logging_mixin.py:190} INFO - 💌message 466 sent: user_id=140
[2025-05-22T07:30:22.348+0000] {logging_mixin.py:190} INFO - 💌message 467 sent: user_id=136
[2025-05-22T07:30:22.401+0000] {logging_mixin.py:190} INFO - 💌message 468 sent: user_id=141
[2025-05-22T07:30:22.454+0000] {logging_mixin.py:190} INFO - 💌message 469 sent: user_id=125
[2025-05-22T07:30:22.510+0000] {logging_mixin.py:190} INFO - 💌message 470 sent: user_id=115
[2025-05-22T07:30:22.566+0000] {logging_mixin.py:190} INFO - 💌message 471 sent: user_id=126
[2025-05-22T07:30:22.621+0000] {logging_mixin.py:190} INFO - 💌message 472 sent: user_id=147
[2025-05-22T07:30:22.677+0000] {logging_mixin.py:190} INFO - 💌message 473 sent: user_id=118
[2025-05-22T07:30:22.734+0000] {logging_mixin.py:190} INFO - 💌message 474 sent: user_id=103
[2025-05-22T07:30:22.788+0000] {logging_mixin.py:190} INFO - 💌message 475 sent: user_id=129
[2025-05-22T07:30:22.843+0000] {logging_mixin.py:190} INFO - 💌message 476 sent: user_id=128
[2025-05-22T07:30:22.899+0000] {logging_mixin.py:190} INFO - 💌message 477 sent: user_id=126
[2025-05-22T07:30:22.955+0000] {logging_mixin.py:190} INFO - 💌message 478 sent: user_id=139
[2025-05-22T07:30:23.011+0000] {logging_mixin.py:190} INFO - 💌message 479 sent: user_id=137
[2025-05-22T07:30:23.066+0000] {logging_mixin.py:190} INFO - 💌message 480 sent: user_id=126
[2025-05-22T07:30:23.123+0000] {logging_mixin.py:190} INFO - 💌message 481 sent: user_id=103
[2025-05-22T07:30:23.178+0000] {logging_mixin.py:190} INFO - 💌message 482 sent: user_id=110
[2025-05-22T07:30:23.234+0000] {logging_mixin.py:190} INFO - 💌message 483 sent: user_id=112
[2025-05-22T07:30:23.290+0000] {logging_mixin.py:190} INFO - 💌message 484 sent: user_id=118
[2025-05-22T07:30:23.345+0000] {logging_mixin.py:190} INFO - 💌message 485 sent: user_id=109
[2025-05-22T07:30:23.399+0000] {logging_mixin.py:190} INFO - 💌message 486 sent: user_id=136
[2025-05-22T07:30:23.453+0000] {logging_mixin.py:190} INFO - 💌message 487 sent: user_id=135
[2025-05-22T07:30:23.512+0000] {logging_mixin.py:190} INFO - 💌message 488 sent: user_id=149
[2025-05-22T07:30:23.567+0000] {logging_mixin.py:190} INFO - 💌message 489 sent: user_id=138
[2025-05-22T07:30:23.622+0000] {logging_mixin.py:190} INFO - 💌message 490 sent: user_id=129
[2025-05-22T07:30:23.676+0000] {logging_mixin.py:190} INFO - 💌message 491 sent: user_id=128
[2025-05-22T07:30:23.734+0000] {logging_mixin.py:190} INFO - 💌message 492 sent: user_id=108
[2025-05-22T07:30:23.791+0000] {logging_mixin.py:190} INFO - 💌message 493 sent: user_id=126
[2025-05-22T07:30:23.845+0000] {logging_mixin.py:190} INFO - 💌message 494 sent: user_id=107
[2025-05-22T07:30:23.897+0000] {logging_mixin.py:190} INFO - 💌message 495 sent: user_id=116
[2025-05-22T07:30:23.951+0000] {logging_mixin.py:190} INFO - 💌message 496 sent: user_id=106
[2025-05-22T07:30:24.005+0000] {logging_mixin.py:190} INFO - 💌message 497 sent: user_id=122
[2025-05-22T07:30:24.061+0000] {logging_mixin.py:190} INFO - 💌message 498 sent: user_id=108
[2025-05-22T07:30:24.116+0000] {logging_mixin.py:190} INFO - 💌message 499 sent: user_id=130
[2025-05-22T07:30:24.173+0000] {logging_mixin.py:190} INFO - 💌message 500 sent: user_id=112
[2025-05-22T07:30:24.229+0000] {logging_mixin.py:190} INFO - 💌message 501 sent: user_id=102
[2025-05-22T07:30:24.284+0000] {logging_mixin.py:190} INFO - 💌message 502 sent: user_id=130
[2025-05-22T07:30:24.342+0000] {logging_mixin.py:190} INFO - 💌message 503 sent: user_id=144
[2025-05-22T07:30:24.397+0000] {logging_mixin.py:190} INFO - 💌message 504 sent: user_id=100
[2025-05-22T07:30:24.453+0000] {logging_mixin.py:190} INFO - 💌message 505 sent: user_id=143
[2025-05-22T07:30:24.508+0000] {logging_mixin.py:190} INFO - 💌message 506 sent: user_id=127
[2025-05-22T07:30:24.562+0000] {logging_mixin.py:190} INFO - 💌message 507 sent: user_id=115
[2025-05-22T07:30:24.618+0000] {logging_mixin.py:190} INFO - 💌message 508 sent: user_id=139
[2025-05-22T07:30:24.674+0000] {logging_mixin.py:190} INFO - 💌message 509 sent: user_id=133
[2025-05-22T07:30:24.731+0000] {logging_mixin.py:190} INFO - 💌message 510 sent: user_id=146
[2025-05-22T07:30:24.786+0000] {logging_mixin.py:190} INFO - 💌message 511 sent: user_id=127
[2025-05-22T07:30:24.840+0000] {logging_mixin.py:190} INFO - 💌message 512 sent: user_id=125
[2025-05-22T07:30:24.894+0000] {logging_mixin.py:190} INFO - 💌message 513 sent: user_id=118
[2025-05-22T07:30:24.947+0000] {logging_mixin.py:190} INFO - 💌message 514 sent: user_id=138
[2025-05-22T07:30:25.001+0000] {logging_mixin.py:190} INFO - 💌message 515 sent: user_id=109
[2025-05-22T07:30:25.058+0000] {logging_mixin.py:190} INFO - 💌message 516 sent: user_id=128
[2025-05-22T07:30:25.114+0000] {logging_mixin.py:190} INFO - 💌message 517 sent: user_id=121
[2025-05-22T07:30:25.170+0000] {logging_mixin.py:190} INFO - 💌message 518 sent: user_id=131
[2025-05-22T07:30:25.225+0000] {logging_mixin.py:190} INFO - 💌message 519 sent: user_id=145
[2025-05-22T07:30:25.281+0000] {logging_mixin.py:190} INFO - 💌message 520 sent: user_id=108
[2025-05-22T07:30:25.337+0000] {logging_mixin.py:190} INFO - 💌message 521 sent: user_id=127
[2025-05-22T07:30:25.395+0000] {logging_mixin.py:190} INFO - 💌message 522 sent: user_id=142
[2025-05-22T07:30:25.454+0000] {logging_mixin.py:190} INFO - 💌message 523 sent: user_id=105
[2025-05-22T07:30:25.510+0000] {logging_mixin.py:190} INFO - 💌message 524 sent: user_id=100
[2025-05-22T07:30:25.565+0000] {logging_mixin.py:190} INFO - 💌message 525 sent: user_id=136
[2025-05-22T07:30:25.619+0000] {logging_mixin.py:190} INFO - 💌message 526 sent: user_id=138
[2025-05-22T07:30:25.675+0000] {logging_mixin.py:190} INFO - 💌message 527 sent: user_id=115
[2025-05-22T07:30:25.731+0000] {logging_mixin.py:190} INFO - 💌message 528 sent: user_id=146
[2025-05-22T07:30:25.787+0000] {logging_mixin.py:190} INFO - 💌message 529 sent: user_id=150
[2025-05-22T07:30:25.843+0000] {logging_mixin.py:190} INFO - 💌message 530 sent: user_id=112
[2025-05-22T07:30:25.897+0000] {logging_mixin.py:190} INFO - 💌message 531 sent: user_id=121
[2025-05-22T07:30:25.950+0000] {logging_mixin.py:190} INFO - 💌message 532 sent: user_id=126
[2025-05-22T07:30:26.005+0000] {logging_mixin.py:190} INFO - 💌message 533 sent: user_id=131
[2025-05-22T07:30:26.061+0000] {logging_mixin.py:190} INFO - 💌message 534 sent: user_id=106
[2025-05-22T07:30:26.117+0000] {logging_mixin.py:190} INFO - 💌message 535 sent: user_id=135
[2025-05-22T07:30:26.173+0000] {logging_mixin.py:190} INFO - 💌message 536 sent: user_id=104
[2025-05-22T07:30:26.231+0000] {logging_mixin.py:190} INFO - 💌message 537 sent: user_id=104
[2025-05-22T07:30:26.285+0000] {logging_mixin.py:190} INFO - 💌message 538 sent: user_id=143
[2025-05-22T07:30:26.342+0000] {logging_mixin.py:190} INFO - 💌message 539 sent: user_id=130
[2025-05-22T07:30:26.397+0000] {logging_mixin.py:190} INFO - 💌message 540 sent: user_id=148
[2025-05-22T07:30:26.452+0000] {logging_mixin.py:190} INFO - 💌message 541 sent: user_id=142
[2025-05-22T07:30:26.507+0000] {logging_mixin.py:190} INFO - 💌message 542 sent: user_id=133
[2025-05-22T07:30:26.563+0000] {logging_mixin.py:190} INFO - 💌message 543 sent: user_id=129
[2025-05-22T07:30:26.620+0000] {logging_mixin.py:190} INFO - 💌message 544 sent: user_id=149
[2025-05-22T07:30:26.675+0000] {logging_mixin.py:190} INFO - 💌message 545 sent: user_id=101
[2025-05-22T07:30:26.731+0000] {logging_mixin.py:190} INFO - 💌message 546 sent: user_id=121
[2025-05-22T07:30:26.788+0000] {logging_mixin.py:190} INFO - 💌message 547 sent: user_id=144
[2025-05-22T07:30:26.843+0000] {logging_mixin.py:190} INFO - 💌message 548 sent: user_id=150
[2025-05-22T07:30:26.896+0000] {logging_mixin.py:190} INFO - 💌message 549 sent: user_id=139
[2025-05-22T07:30:26.950+0000] {logging_mixin.py:190} INFO - 💌message 550 sent: user_id=112
[2025-05-22T07:30:27.010+0000] {logging_mixin.py:190} INFO - 💌message 551 sent: user_id=147
[2025-05-22T07:30:27.064+0000] {logging_mixin.py:190} INFO - 💌message 552 sent: user_id=123
[2025-05-22T07:30:27.118+0000] {logging_mixin.py:190} INFO - 💌message 553 sent: user_id=107
[2025-05-22T07:30:27.173+0000] {logging_mixin.py:190} INFO - 💌message 554 sent: user_id=135
[2025-05-22T07:30:27.229+0000] {logging_mixin.py:190} INFO - 💌message 555 sent: user_id=142
[2025-05-22T07:30:27.284+0000] {logging_mixin.py:190} INFO - 💌message 556 sent: user_id=117
[2025-05-22T07:30:27.338+0000] {logging_mixin.py:190} INFO - 💌message 557 sent: user_id=115
[2025-05-22T07:30:27.391+0000] {logging_mixin.py:190} INFO - 💌message 558 sent: user_id=133
[2025-05-22T07:30:27.446+0000] {logging_mixin.py:190} INFO - 💌message 559 sent: user_id=135
[2025-05-22T07:30:27.501+0000] {logging_mixin.py:190} INFO - 💌message 560 sent: user_id=134
[2025-05-22T07:30:27.558+0000] {logging_mixin.py:190} INFO - 💌message 561 sent: user_id=142
[2025-05-22T07:30:27.613+0000] {logging_mixin.py:190} INFO - 💌message 562 sent: user_id=134
[2025-05-22T07:30:27.668+0000] {logging_mixin.py:190} INFO - 💌message 563 sent: user_id=117
[2025-05-22T07:30:27.724+0000] {logging_mixin.py:190} INFO - 💌message 564 sent: user_id=104
[2025-05-22T07:30:27.778+0000] {logging_mixin.py:190} INFO - 💌message 565 sent: user_id=111
[2025-05-22T07:30:27.834+0000] {logging_mixin.py:190} INFO - 💌message 566 sent: user_id=107
[2025-05-22T07:30:27.894+0000] {logging_mixin.py:190} INFO - 💌message 567 sent: user_id=120
[2025-05-22T07:30:27.949+0000] {logging_mixin.py:190} INFO - 💌message 568 sent: user_id=143
[2025-05-22T07:30:28.003+0000] {logging_mixin.py:190} INFO - 💌message 569 sent: user_id=111
[2025-05-22T07:30:28.060+0000] {logging_mixin.py:190} INFO - 💌message 570 sent: user_id=122
[2025-05-22T07:30:28.112+0000] {logging_mixin.py:190} INFO - 💌message 571 sent: user_id=127
[2025-05-22T07:30:28.165+0000] {logging_mixin.py:190} INFO - 💌message 572 sent: user_id=123
[2025-05-22T07:30:28.219+0000] {logging_mixin.py:190} INFO - 💌message 573 sent: user_id=103
[2025-05-22T07:30:28.275+0000] {logging_mixin.py:190} INFO - 💌message 574 sent: user_id=117
[2025-05-22T07:30:28.331+0000] {logging_mixin.py:190} INFO - 💌message 575 sent: user_id=108
[2025-05-22T07:30:28.385+0000] {logging_mixin.py:190} INFO - 💌message 576 sent: user_id=120
[2025-05-22T07:30:28.439+0000] {logging_mixin.py:190} INFO - 💌message 577 sent: user_id=138
[2025-05-22T07:30:28.497+0000] {logging_mixin.py:190} INFO - 💌message 578 sent: user_id=112
[2025-05-22T07:30:28.552+0000] {logging_mixin.py:190} INFO - 💌message 579 sent: user_id=136
[2025-05-22T07:30:28.609+0000] {logging_mixin.py:190} INFO - 💌message 580 sent: user_id=127
[2025-05-22T07:30:28.664+0000] {logging_mixin.py:190} INFO - 💌message 581 sent: user_id=124
[2025-05-22T07:30:28.720+0000] {logging_mixin.py:190} INFO - 💌message 582 sent: user_id=136
[2025-05-22T07:30:28.776+0000] {logging_mixin.py:190} INFO - 💌message 583 sent: user_id=145
[2025-05-22T07:30:28.831+0000] {logging_mixin.py:190} INFO - 💌message 584 sent: user_id=104
[2025-05-22T07:30:28.886+0000] {logging_mixin.py:190} INFO - 💌message 585 sent: user_id=148
[2025-05-22T07:30:28.940+0000] {logging_mixin.py:190} INFO - 💌message 586 sent: user_id=137
[2025-05-22T07:30:28.994+0000] {logging_mixin.py:190} INFO - 💌message 587 sent: user_id=142
[2025-05-22T07:30:29.047+0000] {logging_mixin.py:190} INFO - 💌message 588 sent: user_id=125
[2025-05-22T07:30:29.102+0000] {logging_mixin.py:190} INFO - 💌message 589 sent: user_id=133
[2025-05-22T07:30:29.157+0000] {logging_mixin.py:190} INFO - 💌message 590 sent: user_id=100
[2025-05-22T07:30:29.211+0000] {logging_mixin.py:190} INFO - 💌message 591 sent: user_id=120
[2025-05-22T07:30:29.265+0000] {logging_mixin.py:190} INFO - 💌message 592 sent: user_id=139
[2025-05-22T07:30:29.320+0000] {logging_mixin.py:190} INFO - 💌message 593 sent: user_id=150
[2025-05-22T07:30:29.376+0000] {logging_mixin.py:190} INFO - 💌message 594 sent: user_id=135
[2025-05-22T07:30:29.431+0000] {logging_mixin.py:190} INFO - 💌message 595 sent: user_id=113
[2025-05-22T07:30:29.485+0000] {logging_mixin.py:190} INFO - 💌message 596 sent: user_id=146
[2025-05-22T07:30:29.538+0000] {logging_mixin.py:190} INFO - 💌message 597 sent: user_id=128
[2025-05-22T07:30:29.595+0000] {logging_mixin.py:190} INFO - 💌message 598 sent: user_id=123
[2025-05-22T07:30:29.652+0000] {logging_mixin.py:190} INFO - 💌message 599 sent: user_id=105
[2025-05-22T07:30:29.710+0000] {logging_mixin.py:190} INFO - 💌message 600 sent: user_id=137
[2025-05-22T07:30:29.765+0000] {logging_mixin.py:190} INFO - 💌message 601 sent: user_id=129
[2025-05-22T07:30:29.821+0000] {logging_mixin.py:190} INFO - 💌message 602 sent: user_id=147
[2025-05-22T07:30:29.877+0000] {logging_mixin.py:190} INFO - 💌message 603 sent: user_id=109
[2025-05-22T07:30:29.931+0000] {logging_mixin.py:190} INFO - 💌message 604 sent: user_id=116
[2025-05-22T07:30:29.986+0000] {logging_mixin.py:190} INFO - 💌message 605 sent: user_id=113
[2025-05-22T07:30:30.042+0000] {logging_mixin.py:190} INFO - 💌message 606 sent: user_id=126
[2025-05-22T07:30:30.096+0000] {logging_mixin.py:190} INFO - 💌message 607 sent: user_id=150
[2025-05-22T07:30:30.151+0000] {logging_mixin.py:190} INFO - 💌message 608 sent: user_id=116
[2025-05-22T07:30:30.205+0000] {logging_mixin.py:190} INFO - 💌message 609 sent: user_id=143
[2025-05-22T07:30:30.261+0000] {logging_mixin.py:190} INFO - 💌message 610 sent: user_id=113
[2025-05-22T07:30:30.317+0000] {logging_mixin.py:190} INFO - 💌message 611 sent: user_id=101
[2025-05-22T07:30:30.377+0000] {logging_mixin.py:190} INFO - 💌message 612 sent: user_id=109
[2025-05-22T07:30:30.433+0000] {logging_mixin.py:190} INFO - 💌message 613 sent: user_id=114
[2025-05-22T07:30:30.487+0000] {logging_mixin.py:190} INFO - 💌message 614 sent: user_id=130
[2025-05-22T07:30:30.541+0000] {logging_mixin.py:190} INFO - 💌message 615 sent: user_id=136
[2025-05-22T07:30:30.597+0000] {logging_mixin.py:190} INFO - 💌message 616 sent: user_id=108
[2025-05-22T07:30:30.653+0000] {logging_mixin.py:190} INFO - 💌message 617 sent: user_id=131
[2025-05-22T07:30:30.712+0000] {logging_mixin.py:190} INFO - 💌message 618 sent: user_id=102
[2025-05-22T07:30:30.766+0000] {logging_mixin.py:190} INFO - 💌message 619 sent: user_id=126
[2025-05-22T07:30:30.818+0000] {logging_mixin.py:190} INFO - 💌message 620 sent: user_id=124
[2025-05-22T07:30:30.870+0000] {logging_mixin.py:190} INFO - 💌message 621 sent: user_id=118
[2025-05-22T07:30:30.921+0000] {logging_mixin.py:190} INFO - 💌message 622 sent: user_id=100
[2025-05-22T07:30:30.973+0000] {logging_mixin.py:190} INFO - 💌message 623 sent: user_id=149
[2025-05-22T07:30:31.026+0000] {logging_mixin.py:190} INFO - 💌message 624 sent: user_id=115
[2025-05-22T07:30:31.078+0000] {logging_mixin.py:190} INFO - 💌message 625 sent: user_id=129
[2025-05-22T07:30:31.129+0000] {logging_mixin.py:190} INFO - 💌message 626 sent: user_id=119
[2025-05-22T07:30:31.180+0000] {logging_mixin.py:190} INFO - 💌message 627 sent: user_id=144
[2025-05-22T07:30:31.233+0000] {logging_mixin.py:190} INFO - 💌message 628 sent: user_id=132
[2025-05-22T07:30:31.288+0000] {logging_mixin.py:190} INFO - 💌message 629 sent: user_id=122
[2025-05-22T07:30:31.339+0000] {logging_mixin.py:190} INFO - 💌message 630 sent: user_id=119
[2025-05-22T07:30:31.394+0000] {logging_mixin.py:190} INFO - 💌message 631 sent: user_id=137
[2025-05-22T07:30:31.447+0000] {logging_mixin.py:190} INFO - 💌message 632 sent: user_id=105
[2025-05-22T07:30:31.497+0000] {logging_mixin.py:190} INFO - 💌message 633 sent: user_id=130
[2025-05-22T07:30:31.549+0000] {logging_mixin.py:190} INFO - 💌message 634 sent: user_id=105
[2025-05-22T07:30:31.608+0000] {logging_mixin.py:190} INFO - 💌message 635 sent: user_id=103
[2025-05-22T07:30:31.659+0000] {logging_mixin.py:190} INFO - 💌message 636 sent: user_id=100
[2025-05-22T07:30:31.710+0000] {logging_mixin.py:190} INFO - 💌message 637 sent: user_id=120
[2025-05-22T07:30:31.762+0000] {logging_mixin.py:190} INFO - 💌message 638 sent: user_id=107
[2025-05-22T07:30:31.817+0000] {logging_mixin.py:190} INFO - 💌message 639 sent: user_id=139
[2025-05-22T07:30:31.871+0000] {logging_mixin.py:190} INFO - 💌message 640 sent: user_id=109
[2025-05-22T07:30:31.929+0000] {logging_mixin.py:190} INFO - 💌message 641 sent: user_id=129
[2025-05-22T07:30:31.983+0000] {logging_mixin.py:190} INFO - 💌message 642 sent: user_id=105
[2025-05-22T07:30:32.035+0000] {logging_mixin.py:190} INFO - 💌message 643 sent: user_id=150
[2025-05-22T07:30:32.088+0000] {logging_mixin.py:190} INFO - 💌message 644 sent: user_id=104
[2025-05-22T07:30:32.140+0000] {logging_mixin.py:190} INFO - 💌message 645 sent: user_id=106
[2025-05-22T07:30:32.191+0000] {logging_mixin.py:190} INFO - 💌message 646 sent: user_id=143
[2025-05-22T07:30:32.244+0000] {logging_mixin.py:190} INFO - 💌message 647 sent: user_id=125
[2025-05-22T07:30:32.303+0000] {logging_mixin.py:190} INFO - 💌message 648 sent: user_id=124
[2025-05-22T07:30:32.357+0000] {logging_mixin.py:190} INFO - 💌message 649 sent: user_id=124
[2025-05-22T07:30:32.413+0000] {logging_mixin.py:190} INFO - 💌message 650 sent: user_id=146
[2025-05-22T07:30:32.467+0000] {logging_mixin.py:190} INFO - 💌message 651 sent: user_id=127
[2025-05-22T07:30:32.520+0000] {logging_mixin.py:190} INFO - 💌message 652 sent: user_id=128
[2025-05-22T07:30:32.575+0000] {logging_mixin.py:190} INFO - 💌message 653 sent: user_id=131
[2025-05-22T07:30:32.631+0000] {logging_mixin.py:190} INFO - 💌message 654 sent: user_id=111
[2025-05-22T07:30:32.691+0000] {logging_mixin.py:190} INFO - 💌message 655 sent: user_id=103
[2025-05-22T07:30:32.748+0000] {logging_mixin.py:190} INFO - 💌message 656 sent: user_id=136
[2025-05-22T07:30:32.803+0000] {logging_mixin.py:190} INFO - 💌message 657 sent: user_id=107
[2025-05-22T07:30:32.858+0000] {logging_mixin.py:190} INFO - 💌message 658 sent: user_id=101
[2025-05-22T07:30:32.914+0000] {logging_mixin.py:190} INFO - 💌message 659 sent: user_id=109
[2025-05-22T07:30:32.968+0000] {logging_mixin.py:190} INFO - 💌message 660 sent: user_id=149
[2025-05-22T07:30:33.024+0000] {logging_mixin.py:190} INFO - 💌message 661 sent: user_id=138
[2025-05-22T07:30:33.079+0000] {logging_mixin.py:190} INFO - 💌message 662 sent: user_id=148
[2025-05-22T07:30:33.134+0000] {logging_mixin.py:190} INFO - 💌message 663 sent: user_id=138
[2025-05-22T07:30:33.193+0000] {logging_mixin.py:190} INFO - 💌message 664 sent: user_id=108
[2025-05-22T07:30:33.248+0000] {logging_mixin.py:190} INFO - 💌message 665 sent: user_id=114
[2025-05-22T07:30:33.304+0000] {logging_mixin.py:190} INFO - 💌message 666 sent: user_id=125
[2025-05-22T07:30:33.360+0000] {logging_mixin.py:190} INFO - 💌message 667 sent: user_id=141
[2025-05-22T07:30:33.414+0000] {logging_mixin.py:190} INFO - 💌message 668 sent: user_id=139
[2025-05-22T07:30:33.469+0000] {logging_mixin.py:190} INFO - 💌message 669 sent: user_id=149
[2025-05-22T07:30:33.523+0000] {logging_mixin.py:190} INFO - 💌message 670 sent: user_id=113
[2025-05-22T07:30:33.582+0000] {logging_mixin.py:190} INFO - 💌message 671 sent: user_id=119
[2025-05-22T07:30:33.641+0000] {logging_mixin.py:190} INFO - 💌message 672 sent: user_id=135
[2025-05-22T07:30:33.697+0000] {logging_mixin.py:190} INFO - 💌message 673 sent: user_id=112
[2025-05-22T07:30:33.752+0000] {logging_mixin.py:190} INFO - 💌message 674 sent: user_id=143
[2025-05-22T07:30:33.807+0000] {logging_mixin.py:190} INFO - 💌message 675 sent: user_id=120
[2025-05-22T07:30:33.861+0000] {logging_mixin.py:190} INFO - 💌message 676 sent: user_id=113
[2025-05-22T07:30:33.917+0000] {logging_mixin.py:190} INFO - 💌message 677 sent: user_id=116
[2025-05-22T07:30:33.972+0000] {logging_mixin.py:190} INFO - 💌message 678 sent: user_id=133
[2025-05-22T07:30:34.029+0000] {logging_mixin.py:190} INFO - 💌message 679 sent: user_id=111
[2025-05-22T07:30:34.090+0000] {logging_mixin.py:190} INFO - 💌message 680 sent: user_id=100
[2025-05-22T07:30:34.146+0000] {logging_mixin.py:190} INFO - 💌message 681 sent: user_id=109
[2025-05-22T07:30:34.202+0000] {logging_mixin.py:190} INFO - 💌message 682 sent: user_id=133
[2025-05-22T07:30:34.259+0000] {logging_mixin.py:190} INFO - 💌message 683 sent: user_id=100
[2025-05-22T07:30:34.314+0000] {logging_mixin.py:190} INFO - 💌message 684 sent: user_id=146
[2025-05-22T07:30:34.369+0000] {logging_mixin.py:190} INFO - 💌message 685 sent: user_id=114
[2025-05-22T07:30:34.425+0000] {logging_mixin.py:190} INFO - 💌message 686 sent: user_id=100
[2025-05-22T07:30:34.478+0000] {logging_mixin.py:190} INFO - 💌message 687 sent: user_id=144
[2025-05-22T07:30:34.531+0000] {logging_mixin.py:190} INFO - 💌message 688 sent: user_id=132
[2025-05-22T07:30:34.584+0000] {logging_mixin.py:190} INFO - 💌message 689 sent: user_id=110
[2025-05-22T07:30:34.641+0000] {logging_mixin.py:190} INFO - 💌message 690 sent: user_id=150
[2025-05-22T07:30:34.696+0000] {logging_mixin.py:190} INFO - 💌message 691 sent: user_id=125
[2025-05-22T07:30:34.751+0000] {logging_mixin.py:190} INFO - 💌message 692 sent: user_id=141
[2025-05-22T07:30:34.807+0000] {logging_mixin.py:190} INFO - 💌message 693 sent: user_id=120
[2025-05-22T07:30:34.864+0000] {logging_mixin.py:190} INFO - 💌message 694 sent: user_id=111
[2025-05-22T07:30:34.918+0000] {logging_mixin.py:190} INFO - 💌message 695 sent: user_id=115
[2025-05-22T07:30:34.973+0000] {logging_mixin.py:190} INFO - 💌message 696 sent: user_id=122
[2025-05-22T07:30:35.028+0000] {logging_mixin.py:190} INFO - 💌message 697 sent: user_id=108
[2025-05-22T07:30:35.086+0000] {logging_mixin.py:190} INFO - 💌message 698 sent: user_id=101
[2025-05-22T07:30:35.144+0000] {logging_mixin.py:190} INFO - 💌message 699 sent: user_id=127
[2025-05-22T07:30:35.200+0000] {logging_mixin.py:190} INFO - 💌message 700 sent: user_id=126
[2025-05-22T07:30:35.258+0000] {logging_mixin.py:190} INFO - 💌message 701 sent: user_id=118
[2025-05-22T07:30:35.313+0000] {logging_mixin.py:190} INFO - 💌message 702 sent: user_id=111
[2025-05-22T07:30:35.368+0000] {logging_mixin.py:190} INFO - 💌message 703 sent: user_id=118
[2025-05-22T07:30:35.425+0000] {logging_mixin.py:190} INFO - 💌message 704 sent: user_id=125
[2025-05-22T07:30:35.482+0000] {logging_mixin.py:190} INFO - 💌message 705 sent: user_id=110
[2025-05-22T07:30:35.536+0000] {logging_mixin.py:190} INFO - 💌message 706 sent: user_id=149
[2025-05-22T07:30:35.589+0000] {logging_mixin.py:190} INFO - 💌message 707 sent: user_id=118
[2025-05-22T07:30:35.644+0000] {logging_mixin.py:190} INFO - 💌message 708 sent: user_id=126
[2025-05-22T07:30:35.701+0000] {logging_mixin.py:190} INFO - 💌message 709 sent: user_id=119
[2025-05-22T07:30:35.757+0000] {logging_mixin.py:190} INFO - 💌message 710 sent: user_id=117
[2025-05-22T07:30:35.814+0000] {logging_mixin.py:190} INFO - 💌message 711 sent: user_id=116
[2025-05-22T07:30:35.870+0000] {logging_mixin.py:190} INFO - 💌message 712 sent: user_id=122
[2025-05-22T07:30:35.925+0000] {logging_mixin.py:190} INFO - 💌message 713 sent: user_id=126
[2025-05-22T07:30:35.981+0000] {logging_mixin.py:190} INFO - 💌message 714 sent: user_id=123
[2025-05-22T07:30:36.035+0000] {logging_mixin.py:190} INFO - 💌message 715 sent: user_id=112
[2025-05-22T07:30:36.091+0000] {logging_mixin.py:190} INFO - 💌message 716 sent: user_id=138
[2025-05-22T07:30:36.146+0000] {logging_mixin.py:190} INFO - 💌message 717 sent: user_id=115
[2025-05-22T07:30:36.202+0000] {logging_mixin.py:190} INFO - 💌message 718 sent: user_id=108
[2025-05-22T07:30:36.256+0000] {logging_mixin.py:190} INFO - 💌message 719 sent: user_id=113
[2025-05-22T07:30:36.311+0000] {logging_mixin.py:190} INFO - 💌message 720 sent: user_id=102
[2025-05-22T07:30:36.367+0000] {logging_mixin.py:190} INFO - 💌message 721 sent: user_id=144
[2025-05-22T07:30:36.421+0000] {logging_mixin.py:190} INFO - 💌message 722 sent: user_id=130
[2025-05-22T07:30:36.474+0000] {logging_mixin.py:190} INFO - 💌message 723 sent: user_id=121
[2025-05-22T07:30:36.527+0000] {logging_mixin.py:190} INFO - 💌message 724 sent: user_id=137
[2025-05-22T07:30:36.581+0000] {logging_mixin.py:190} INFO - 💌message 725 sent: user_id=131
[2025-05-22T07:30:36.635+0000] {logging_mixin.py:190} INFO - 💌message 726 sent: user_id=136
[2025-05-22T07:30:36.691+0000] {logging_mixin.py:190} INFO - 💌message 727 sent: user_id=132
[2025-05-22T07:30:36.747+0000] {logging_mixin.py:190} INFO - 💌message 728 sent: user_id=138
[2025-05-22T07:30:36.803+0000] {logging_mixin.py:190} INFO - 💌message 729 sent: user_id=102
[2025-05-22T07:30:36.858+0000] {logging_mixin.py:190} INFO - 💌message 730 sent: user_id=140
[2025-05-22T07:30:36.915+0000] {logging_mixin.py:190} INFO - 💌message 731 sent: user_id=104
[2025-05-22T07:30:36.970+0000] {logging_mixin.py:190} INFO - 💌message 732 sent: user_id=101
[2025-05-22T07:30:37.025+0000] {logging_mixin.py:190} INFO - 💌message 733 sent: user_id=116
[2025-05-22T07:30:37.081+0000] {logging_mixin.py:190} INFO - 💌message 734 sent: user_id=100
[2025-05-22T07:30:37.135+0000] {logging_mixin.py:190} INFO - 💌message 735 sent: user_id=116
[2025-05-22T07:30:37.192+0000] {logging_mixin.py:190} INFO - 💌message 736 sent: user_id=119
[2025-05-22T07:30:37.248+0000] {logging_mixin.py:190} INFO - 💌message 737 sent: user_id=112
[2025-05-22T07:30:37.304+0000] {logging_mixin.py:190} INFO - 💌message 738 sent: user_id=117
[2025-05-22T07:30:37.359+0000] {logging_mixin.py:190} INFO - 💌message 739 sent: user_id=105
[2025-05-22T07:30:37.414+0000] {logging_mixin.py:190} INFO - 💌message 740 sent: user_id=141
[2025-05-22T07:30:37.468+0000] {logging_mixin.py:190} INFO - 💌message 741 sent: user_id=148
[2025-05-22T07:30:37.522+0000] {logging_mixin.py:190} INFO - 💌message 742 sent: user_id=119
[2025-05-22T07:30:37.575+0000] {logging_mixin.py:190} INFO - 💌message 743 sent: user_id=130
[2025-05-22T07:30:37.626+0000] {logging_mixin.py:190} INFO - 💌message 744 sent: user_id=111
[2025-05-22T07:30:37.678+0000] {logging_mixin.py:190} INFO - 💌message 745 sent: user_id=109
[2025-05-22T07:30:37.730+0000] {logging_mixin.py:190} INFO - 💌message 746 sent: user_id=148
[2025-05-22T07:30:37.783+0000] {logging_mixin.py:190} INFO - 💌message 747 sent: user_id=109
[2025-05-22T07:30:37.836+0000] {logging_mixin.py:190} INFO - 💌message 748 sent: user_id=102
[2025-05-22T07:30:37.888+0000] {logging_mixin.py:190} INFO - 💌message 749 sent: user_id=125
[2025-05-22T07:30:37.941+0000] {logging_mixin.py:190} INFO - 💌message 750 sent: user_id=102
[2025-05-22T07:30:37.993+0000] {logging_mixin.py:190} INFO - 💌message 751 sent: user_id=110
[2025-05-22T07:30:38.045+0000] {logging_mixin.py:190} INFO - 💌message 752 sent: user_id=136
[2025-05-22T07:30:38.096+0000] {logging_mixin.py:190} INFO - 💌message 753 sent: user_id=144
[2025-05-22T07:30:38.147+0000] {logging_mixin.py:190} INFO - 💌message 754 sent: user_id=137
[2025-05-22T07:30:38.199+0000] {logging_mixin.py:190} INFO - 💌message 755 sent: user_id=121
[2025-05-22T07:30:38.252+0000] {logging_mixin.py:190} INFO - 💌message 756 sent: user_id=140
[2025-05-22T07:30:38.303+0000] {logging_mixin.py:190} INFO - 💌message 757 sent: user_id=114
[2025-05-22T07:30:38.355+0000] {logging_mixin.py:190} INFO - 💌message 758 sent: user_id=118
[2025-05-22T07:30:38.407+0000] {logging_mixin.py:190} INFO - 💌message 759 sent: user_id=132
[2025-05-22T07:30:38.459+0000] {logging_mixin.py:190} INFO - 💌message 760 sent: user_id=115
[2025-05-22T07:30:38.511+0000] {logging_mixin.py:190} INFO - 💌message 761 sent: user_id=137
[2025-05-22T07:30:38.566+0000] {logging_mixin.py:190} INFO - 💌message 762 sent: user_id=107
[2025-05-22T07:30:38.619+0000] {logging_mixin.py:190} INFO - 💌message 763 sent: user_id=141
[2025-05-22T07:30:38.672+0000] {logging_mixin.py:190} INFO - 💌message 764 sent: user_id=126
[2025-05-22T07:30:38.727+0000] {logging_mixin.py:190} INFO - 💌message 765 sent: user_id=146
[2025-05-22T07:30:38.783+0000] {logging_mixin.py:190} INFO - 💌message 766 sent: user_id=104
[2025-05-22T07:30:38.840+0000] {logging_mixin.py:190} INFO - 💌message 767 sent: user_id=111
[2025-05-22T07:30:38.893+0000] {logging_mixin.py:190} INFO - 💌message 768 sent: user_id=135
[2025-05-22T07:30:38.945+0000] {logging_mixin.py:190} INFO - 💌message 769 sent: user_id=122
[2025-05-22T07:30:39.002+0000] {logging_mixin.py:190} INFO - 💌message 770 sent: user_id=138
[2025-05-22T07:30:39.055+0000] {logging_mixin.py:190} INFO - 💌message 771 sent: user_id=136
[2025-05-22T07:30:39.113+0000] {logging_mixin.py:190} INFO - 💌message 772 sent: user_id=128
[2025-05-22T07:30:39.168+0000] {logging_mixin.py:190} INFO - 💌message 773 sent: user_id=121
[2025-05-22T07:30:39.226+0000] {logging_mixin.py:190} INFO - 💌message 774 sent: user_id=144
[2025-05-22T07:30:39.280+0000] {logging_mixin.py:190} INFO - 💌message 775 sent: user_id=128
[2025-05-22T07:30:39.335+0000] {logging_mixin.py:190} INFO - 💌message 776 sent: user_id=111
[2025-05-22T07:30:39.391+0000] {logging_mixin.py:190} INFO - 💌message 777 sent: user_id=124
[2025-05-22T07:30:39.447+0000] {logging_mixin.py:190} INFO - 💌message 778 sent: user_id=146
[2025-05-22T07:30:39.504+0000] {logging_mixin.py:190} INFO - 💌message 779 sent: user_id=146
[2025-05-22T07:30:39.559+0000] {logging_mixin.py:190} INFO - 💌message 780 sent: user_id=121
[2025-05-22T07:30:39.616+0000] {logging_mixin.py:190} INFO - 💌message 781 sent: user_id=120
[2025-05-22T07:30:39.671+0000] {logging_mixin.py:190} INFO - 💌message 782 sent: user_id=145
[2025-05-22T07:30:39.727+0000] {logging_mixin.py:190} INFO - 💌message 783 sent: user_id=141
[2025-05-22T07:30:39.781+0000] {logging_mixin.py:190} INFO - 💌message 784 sent: user_id=112
[2025-05-22T07:30:39.840+0000] {logging_mixin.py:190} INFO - 💌message 785 sent: user_id=109
[2025-05-22T07:30:39.895+0000] {logging_mixin.py:190} INFO - 💌message 786 sent: user_id=146
[2025-05-22T07:30:39.949+0000] {logging_mixin.py:190} INFO - 💌message 787 sent: user_id=147
[2025-05-22T07:30:40.003+0000] {logging_mixin.py:190} INFO - 💌message 788 sent: user_id=132
[2025-05-22T07:30:40.056+0000] {logging_mixin.py:190} INFO - 💌message 789 sent: user_id=113
[2025-05-22T07:30:40.110+0000] {logging_mixin.py:190} INFO - 💌message 790 sent: user_id=137
[2025-05-22T07:30:40.164+0000] {logging_mixin.py:190} INFO - 💌message 791 sent: user_id=123
[2025-05-22T07:30:40.218+0000] {logging_mixin.py:190} INFO - 💌message 792 sent: user_id=134
[2025-05-22T07:30:40.274+0000] {logging_mixin.py:190} INFO - 💌message 793 sent: user_id=126
[2025-05-22T07:30:40.328+0000] {logging_mixin.py:190} INFO - 💌message 794 sent: user_id=129
[2025-05-22T07:30:40.383+0000] {logging_mixin.py:190} INFO - 💌message 795 sent: user_id=141
[2025-05-22T07:30:40.439+0000] {logging_mixin.py:190} INFO - 💌message 796 sent: user_id=149
[2025-05-22T07:30:40.491+0000] {logging_mixin.py:190} INFO - 💌message 797 sent: user_id=114
[2025-05-22T07:30:40.542+0000] {logging_mixin.py:190} INFO - 💌message 798 sent: user_id=123
[2025-05-22T07:30:40.594+0000] {logging_mixin.py:190} INFO - 💌message 799 sent: user_id=110
[2025-05-22T07:30:40.646+0000] {logging_mixin.py:190} INFO - 💌message 800 sent: user_id=147
[2025-05-22T07:30:40.697+0000] {logging_mixin.py:190} INFO - 💌message 801 sent: user_id=149
[2025-05-22T07:30:40.749+0000] {logging_mixin.py:190} INFO - 💌message 802 sent: user_id=123
[2025-05-22T07:30:40.800+0000] {logging_mixin.py:190} INFO - 💌message 803 sent: user_id=144
[2025-05-22T07:30:40.852+0000] {logging_mixin.py:190} INFO - 💌message 804 sent: user_id=150
[2025-05-22T07:30:40.903+0000] {logging_mixin.py:190} INFO - 💌message 805 sent: user_id=104
[2025-05-22T07:30:40.954+0000] {logging_mixin.py:190} INFO - 💌message 806 sent: user_id=107
[2025-05-22T07:30:41.009+0000] {logging_mixin.py:190} INFO - 💌message 807 sent: user_id=100
[2025-05-22T07:30:41.063+0000] {logging_mixin.py:190} INFO - 💌message 808 sent: user_id=104
[2025-05-22T07:30:41.114+0000] {logging_mixin.py:190} INFO - 💌message 809 sent: user_id=149
[2025-05-22T07:30:41.165+0000] {logging_mixin.py:190} INFO - 💌message 810 sent: user_id=101
[2025-05-22T07:30:41.216+0000] {logging_mixin.py:190} INFO - 💌message 811 sent: user_id=121
[2025-05-22T07:30:41.269+0000] {logging_mixin.py:190} INFO - 💌message 812 sent: user_id=133
[2025-05-22T07:30:41.320+0000] {logging_mixin.py:190} INFO - 💌message 813 sent: user_id=134
[2025-05-22T07:30:41.372+0000] {logging_mixin.py:190} INFO - 💌message 814 sent: user_id=142
[2025-05-22T07:30:41.423+0000] {logging_mixin.py:190} INFO - 💌message 815 sent: user_id=126
[2025-05-22T07:30:41.475+0000] {logging_mixin.py:190} INFO - 💌message 816 sent: user_id=147
[2025-05-22T07:30:41.530+0000] {logging_mixin.py:190} INFO - 💌message 817 sent: user_id=109
[2025-05-22T07:30:41.582+0000] {logging_mixin.py:190} INFO - 💌message 818 sent: user_id=116
[2025-05-22T07:30:41.633+0000] {logging_mixin.py:190} INFO - 💌message 819 sent: user_id=142
[2025-05-22T07:30:41.687+0000] {logging_mixin.py:190} INFO - 💌message 820 sent: user_id=111
[2025-05-22T07:30:41.739+0000] {logging_mixin.py:190} INFO - 💌message 821 sent: user_id=107
[2025-05-22T07:30:41.792+0000] {logging_mixin.py:190} INFO - 💌message 822 sent: user_id=114
[2025-05-22T07:30:41.848+0000] {logging_mixin.py:190} INFO - 💌message 823 sent: user_id=130
[2025-05-22T07:30:41.903+0000] {logging_mixin.py:190} INFO - 💌message 824 sent: user_id=137
[2025-05-22T07:30:41.960+0000] {logging_mixin.py:190} INFO - 💌message 825 sent: user_id=147
[2025-05-22T07:30:42.015+0000] {logging_mixin.py:190} INFO - 💌message 826 sent: user_id=127
[2025-05-22T07:30:42.074+0000] {logging_mixin.py:190} INFO - 💌message 827 sent: user_id=140
[2025-05-22T07:30:42.127+0000] {logging_mixin.py:190} INFO - 💌message 828 sent: user_id=102
[2025-05-22T07:30:42.180+0000] {logging_mixin.py:190} INFO - 💌message 829 sent: user_id=123
[2025-05-22T07:30:42.234+0000] {logging_mixin.py:190} INFO - 💌message 830 sent: user_id=113
[2025-05-22T07:30:42.287+0000] {logging_mixin.py:190} INFO - 💌message 831 sent: user_id=117
[2025-05-22T07:30:42.343+0000] {logging_mixin.py:190} INFO - 💌message 832 sent: user_id=114
[2025-05-22T07:30:42.398+0000] {logging_mixin.py:190} INFO - 💌message 833 sent: user_id=113
[2025-05-22T07:30:42.454+0000] {logging_mixin.py:190} INFO - 💌message 834 sent: user_id=103
[2025-05-22T07:30:42.510+0000] {logging_mixin.py:190} INFO - 💌message 835 sent: user_id=113
[2025-05-22T07:30:42.562+0000] {logging_mixin.py:190} INFO - 💌message 836 sent: user_id=106
[2025-05-22T07:30:42.617+0000] {logging_mixin.py:190} INFO - 💌message 837 sent: user_id=131
[2025-05-22T07:30:42.676+0000] {logging_mixin.py:190} INFO - 💌message 838 sent: user_id=128
[2025-05-22T07:30:42.731+0000] {logging_mixin.py:190} INFO - 💌message 839 sent: user_id=117
[2025-05-22T07:30:42.787+0000] {logging_mixin.py:190} INFO - 💌message 840 sent: user_id=143
[2025-05-22T07:30:42.841+0000] {logging_mixin.py:190} INFO - 💌message 841 sent: user_id=135
[2025-05-22T07:30:42.895+0000] {logging_mixin.py:190} INFO - 💌message 842 sent: user_id=106
[2025-05-22T07:30:42.952+0000] {logging_mixin.py:190} INFO - 💌message 843 sent: user_id=112
[2025-05-22T07:30:43.007+0000] {logging_mixin.py:190} INFO - 💌message 844 sent: user_id=146
[2025-05-22T07:30:43.063+0000] {logging_mixin.py:190} INFO - 💌message 845 sent: user_id=104
[2025-05-22T07:30:43.117+0000] {logging_mixin.py:190} INFO - 💌message 846 sent: user_id=146
[2025-05-22T07:30:43.169+0000] {logging_mixin.py:190} INFO - 💌message 847 sent: user_id=129
[2025-05-22T07:30:43.223+0000] {logging_mixin.py:190} INFO - 💌message 848 sent: user_id=126
[2025-05-22T07:30:43.274+0000] {logging_mixin.py:190} INFO - 💌message 849 sent: user_id=102
[2025-05-22T07:30:43.326+0000] {logging_mixin.py:190} INFO - 💌message 850 sent: user_id=112
[2025-05-22T07:30:43.379+0000] {logging_mixin.py:190} INFO - 💌message 851 sent: user_id=129
[2025-05-22T07:30:43.432+0000] {logging_mixin.py:190} INFO - 💌message 852 sent: user_id=148
[2025-05-22T07:30:43.488+0000] {logging_mixin.py:190} INFO - 💌message 853 sent: user_id=106
[2025-05-22T07:30:43.547+0000] {logging_mixin.py:190} INFO - 💌message 854 sent: user_id=125
[2025-05-22T07:30:43.603+0000] {logging_mixin.py:190} INFO - 💌message 855 sent: user_id=130
[2025-05-22T07:30:43.656+0000] {logging_mixin.py:190} INFO - 💌message 856 sent: user_id=122
[2025-05-22T07:30:43.712+0000] {logging_mixin.py:190} INFO - 💌message 857 sent: user_id=142
[2025-05-22T07:30:43.767+0000] {logging_mixin.py:190} INFO - 💌message 858 sent: user_id=120
[2025-05-22T07:30:43.821+0000] {logging_mixin.py:190} INFO - 💌message 859 sent: user_id=126
[2025-05-22T07:30:43.875+0000] {logging_mixin.py:190} INFO - 💌message 860 sent: user_id=110
[2025-05-22T07:30:43.928+0000] {logging_mixin.py:190} INFO - 💌message 861 sent: user_id=104
[2025-05-22T07:30:43.985+0000] {logging_mixin.py:190} INFO - 💌message 862 sent: user_id=108
[2025-05-22T07:30:44.040+0000] {logging_mixin.py:190} INFO - 💌message 863 sent: user_id=150
[2025-05-22T07:30:44.098+0000] {logging_mixin.py:190} INFO - 💌message 864 sent: user_id=134
[2025-05-22T07:30:44.152+0000] {logging_mixin.py:190} INFO - 💌message 865 sent: user_id=139
[2025-05-22T07:30:44.206+0000] {logging_mixin.py:190} INFO - 💌message 866 sent: user_id=124
[2025-05-22T07:30:44.262+0000] {logging_mixin.py:190} INFO - 💌message 867 sent: user_id=133
[2025-05-22T07:30:44.318+0000] {logging_mixin.py:190} INFO - 💌message 868 sent: user_id=123
[2025-05-22T07:30:44.374+0000] {logging_mixin.py:190} INFO - 💌message 869 sent: user_id=108
[2025-05-22T07:30:44.431+0000] {logging_mixin.py:190} INFO - 💌message 870 sent: user_id=116
[2025-05-22T07:30:44.485+0000] {logging_mixin.py:190} INFO - 💌message 871 sent: user_id=141
[2025-05-22T07:30:44.541+0000] {logging_mixin.py:190} INFO - 💌message 872 sent: user_id=133
[2025-05-22T07:30:44.597+0000] {logging_mixin.py:190} INFO - 💌message 873 sent: user_id=107
[2025-05-22T07:30:44.652+0000] {logging_mixin.py:190} INFO - 💌message 874 sent: user_id=145
[2025-05-22T07:30:44.709+0000] {logging_mixin.py:190} INFO - 💌message 875 sent: user_id=110
[2025-05-22T07:30:44.765+0000] {logging_mixin.py:190} INFO - 💌message 876 sent: user_id=113
[2025-05-22T07:30:44.823+0000] {logging_mixin.py:190} INFO - 💌message 877 sent: user_id=112
[2025-05-22T07:30:44.876+0000] {logging_mixin.py:190} INFO - 💌message 878 sent: user_id=112
[2025-05-22T07:30:44.931+0000] {logging_mixin.py:190} INFO - 💌message 879 sent: user_id=143
[2025-05-22T07:30:44.987+0000] {logging_mixin.py:190} INFO - 💌message 880 sent: user_id=137
[2025-05-22T07:30:45.044+0000] {logging_mixin.py:190} INFO - 💌message 881 sent: user_id=110
[2025-05-22T07:30:45.100+0000] {logging_mixin.py:190} INFO - 💌message 882 sent: user_id=125
[2025-05-22T07:30:45.155+0000] {logging_mixin.py:190} INFO - 💌message 883 sent: user_id=131
[2025-05-22T07:30:45.211+0000] {logging_mixin.py:190} INFO - 💌message 884 sent: user_id=139
[2025-05-22T07:30:45.266+0000] {logging_mixin.py:190} INFO - 💌message 885 sent: user_id=102
[2025-05-22T07:30:45.322+0000] {logging_mixin.py:190} INFO - 💌message 886 sent: user_id=132
[2025-05-22T07:30:45.377+0000] {logging_mixin.py:190} INFO - 💌message 887 sent: user_id=141
[2025-05-22T07:30:45.431+0000] {logging_mixin.py:190} INFO - 💌message 888 sent: user_id=142
[2025-05-22T07:30:45.486+0000] {logging_mixin.py:190} INFO - 💌message 889 sent: user_id=136
[2025-05-22T07:30:45.542+0000] {logging_mixin.py:190} INFO - 💌message 890 sent: user_id=142
[2025-05-22T07:30:45.600+0000] {logging_mixin.py:190} INFO - 💌message 891 sent: user_id=145
[2025-05-22T07:30:45.657+0000] {logging_mixin.py:190} INFO - 💌message 892 sent: user_id=144
[2025-05-22T07:30:45.713+0000] {logging_mixin.py:190} INFO - 💌message 893 sent: user_id=128
[2025-05-22T07:30:45.768+0000] {logging_mixin.py:190} INFO - 💌message 894 sent: user_id=119
[2025-05-22T07:30:45.823+0000] {logging_mixin.py:190} INFO - 💌message 895 sent: user_id=120
[2025-05-22T07:30:45.877+0000] {logging_mixin.py:190} INFO - 💌message 896 sent: user_id=144
[2025-05-22T07:30:45.931+0000] {logging_mixin.py:190} INFO - 💌message 897 sent: user_id=128
[2025-05-22T07:30:45.985+0000] {logging_mixin.py:190} INFO - 💌message 898 sent: user_id=138
[2025-05-22T07:30:46.039+0000] {logging_mixin.py:190} INFO - 💌message 899 sent: user_id=108
[2025-05-22T07:30:46.095+0000] {logging_mixin.py:190} INFO - 💌message 900 sent: user_id=145
[2025-05-22T07:30:46.152+0000] {logging_mixin.py:190} INFO - 💌message 901 sent: user_id=120
[2025-05-22T07:30:46.211+0000] {logging_mixin.py:190} INFO - 💌message 902 sent: user_id=120
[2025-05-22T07:30:46.266+0000] {logging_mixin.py:190} INFO - 💌message 903 sent: user_id=112
[2025-05-22T07:30:46.322+0000] {logging_mixin.py:190} INFO - 💌message 904 sent: user_id=113
[2025-05-22T07:30:46.376+0000] {logging_mixin.py:190} INFO - 💌message 905 sent: user_id=137
[2025-05-22T07:30:46.431+0000] {logging_mixin.py:190} INFO - 💌message 906 sent: user_id=125
[2025-05-22T07:30:46.486+0000] {logging_mixin.py:190} INFO - 💌message 907 sent: user_id=125
[2025-05-22T07:30:46.541+0000] {logging_mixin.py:190} INFO - 💌message 908 sent: user_id=128
[2025-05-22T07:30:46.596+0000] {logging_mixin.py:190} INFO - 💌message 909 sent: user_id=110
[2025-05-22T07:30:46.651+0000] {logging_mixin.py:190} INFO - 💌message 910 sent: user_id=115
[2025-05-22T07:30:46.707+0000] {logging_mixin.py:190} INFO - 💌message 911 sent: user_id=125
[2025-05-22T07:30:46.762+0000] {logging_mixin.py:190} INFO - 💌message 912 sent: user_id=143
[2025-05-22T07:30:46.815+0000] {logging_mixin.py:190} INFO - 💌message 913 sent: user_id=128
[2025-05-22T07:30:46.870+0000] {logging_mixin.py:190} INFO - 💌message 914 sent: user_id=104
[2025-05-22T07:30:46.926+0000] {logging_mixin.py:190} INFO - 💌message 915 sent: user_id=132
[2025-05-22T07:30:46.979+0000] {logging_mixin.py:190} INFO - 💌message 916 sent: user_id=132
[2025-05-22T07:30:47.032+0000] {logging_mixin.py:190} INFO - 💌message 917 sent: user_id=137
[2025-05-22T07:30:47.089+0000] {logging_mixin.py:190} INFO - 💌message 918 sent: user_id=128
[2025-05-22T07:30:47.145+0000] {logging_mixin.py:190} INFO - 💌message 919 sent: user_id=132
[2025-05-22T07:30:47.200+0000] {logging_mixin.py:190} INFO - 💌message 920 sent: user_id=121
[2025-05-22T07:30:47.258+0000] {logging_mixin.py:190} INFO - 💌message 921 sent: user_id=104
[2025-05-22T07:30:47.313+0000] {logging_mixin.py:190} INFO - 💌message 922 sent: user_id=105
[2025-05-22T07:30:47.368+0000] {logging_mixin.py:190} INFO - 💌message 923 sent: user_id=131
[2025-05-22T07:30:47.424+0000] {logging_mixin.py:190} INFO - 💌message 924 sent: user_id=149
[2025-05-22T07:30:47.481+0000] {logging_mixin.py:190} INFO - 💌message 925 sent: user_id=132
[2025-05-22T07:30:47.535+0000] {logging_mixin.py:190} INFO - 💌message 926 sent: user_id=100
[2025-05-22T07:30:47.588+0000] {logging_mixin.py:190} INFO - 💌message 927 sent: user_id=132
[2025-05-22T07:30:47.642+0000] {logging_mixin.py:190} INFO - 💌message 928 sent: user_id=103
[2025-05-22T07:30:47.698+0000] {logging_mixin.py:190} INFO - 💌message 929 sent: user_id=138
[2025-05-22T07:30:47.753+0000] {logging_mixin.py:190} INFO - 💌message 930 sent: user_id=131
[2025-05-22T07:30:47.808+0000] {logging_mixin.py:190} INFO - 💌message 931 sent: user_id=120
[2025-05-22T07:30:47.864+0000] {logging_mixin.py:190} INFO - 💌message 932 sent: user_id=126
[2025-05-22T07:30:47.919+0000] {logging_mixin.py:190} INFO - 💌message 933 sent: user_id=115
[2025-05-22T07:30:47.974+0000] {logging_mixin.py:190} INFO - 💌message 934 sent: user_id=122
[2025-05-22T07:30:48.028+0000] {logging_mixin.py:190} INFO - 💌message 935 sent: user_id=123
[2025-05-22T07:30:48.083+0000] {logging_mixin.py:190} INFO - 💌message 936 sent: user_id=107
[2025-05-22T07:30:48.140+0000] {logging_mixin.py:190} INFO - 💌message 937 sent: user_id=115
[2025-05-22T07:30:48.195+0000] {logging_mixin.py:190} INFO - 💌message 938 sent: user_id=130
[2025-05-22T07:30:48.249+0000] {logging_mixin.py:190} INFO - 💌message 939 sent: user_id=126
[2025-05-22T07:30:48.303+0000] {logging_mixin.py:190} INFO - 💌message 940 sent: user_id=114
[2025-05-22T07:30:48.358+0000] {logging_mixin.py:190} INFO - 💌message 941 sent: user_id=135
[2025-05-22T07:30:48.415+0000] {logging_mixin.py:190} INFO - 💌message 942 sent: user_id=149
[2025-05-22T07:30:48.471+0000] {logging_mixin.py:190} INFO - 💌message 943 sent: user_id=123
[2025-05-22T07:30:48.525+0000] {logging_mixin.py:190} INFO - 💌message 944 sent: user_id=149
[2025-05-22T07:30:48.584+0000] {logging_mixin.py:190} INFO - 💌message 945 sent: user_id=142
[2025-05-22T07:30:48.637+0000] {logging_mixin.py:190} INFO - 💌message 946 sent: user_id=149
[2025-05-22T07:30:48.695+0000] {logging_mixin.py:190} INFO - 💌message 947 sent: user_id=117
[2025-05-22T07:30:48.750+0000] {logging_mixin.py:190} INFO - 💌message 948 sent: user_id=110
[2025-05-22T07:30:48.807+0000] {logging_mixin.py:190} INFO - 💌message 949 sent: user_id=133
[2025-05-22T07:30:48.863+0000] {logging_mixin.py:190} INFO - 💌message 950 sent: user_id=104
[2025-05-22T07:30:48.918+0000] {logging_mixin.py:190} INFO - 💌message 951 sent: user_id=110
[2025-05-22T07:30:48.972+0000] {logging_mixin.py:190} INFO - 💌message 952 sent: user_id=107
[2025-05-22T07:30:49.027+0000] {logging_mixin.py:190} INFO - 💌message 953 sent: user_id=111
[2025-05-22T07:30:49.079+0000] {logging_mixin.py:190} INFO - 💌message 954 sent: user_id=105
[2025-05-22T07:30:49.133+0000] {logging_mixin.py:190} INFO - 💌message 955 sent: user_id=146
[2025-05-22T07:30:49.191+0000] {logging_mixin.py:190} INFO - 💌message 956 sent: user_id=102
[2025-05-22T07:30:49.246+0000] {logging_mixin.py:190} INFO - 💌message 957 sent: user_id=134
[2025-05-22T07:30:49.301+0000] {logging_mixin.py:190} INFO - 💌message 958 sent: user_id=149
[2025-05-22T07:30:49.356+0000] {logging_mixin.py:190} INFO - 💌message 959 sent: user_id=144
[2025-05-22T07:30:49.411+0000] {logging_mixin.py:190} INFO - 💌message 960 sent: user_id=109
[2025-05-22T07:30:49.468+0000] {logging_mixin.py:190} INFO - 💌message 961 sent: user_id=133
[2025-05-22T07:30:49.524+0000] {logging_mixin.py:190} INFO - 💌message 962 sent: user_id=107
[2025-05-22T07:30:49.581+0000] {logging_mixin.py:190} INFO - 💌message 963 sent: user_id=128
[2025-05-22T07:30:49.636+0000] {logging_mixin.py:190} INFO - 💌message 964 sent: user_id=140
[2025-05-22T07:30:49.691+0000] {logging_mixin.py:190} INFO - 💌message 965 sent: user_id=114
[2025-05-22T07:30:49.745+0000] {logging_mixin.py:190} INFO - 💌message 966 sent: user_id=114
[2025-05-22T07:30:49.801+0000] {logging_mixin.py:190} INFO - 💌message 967 sent: user_id=129
[2025-05-22T07:30:49.857+0000] {logging_mixin.py:190} INFO - 💌message 968 sent: user_id=138
[2025-05-22T07:30:49.913+0000] {logging_mixin.py:190} INFO - 💌message 969 sent: user_id=127
[2025-05-22T07:30:49.968+0000] {logging_mixin.py:190} INFO - 💌message 970 sent: user_id=114
[2025-05-22T07:30:50.022+0000] {logging_mixin.py:190} INFO - 💌message 971 sent: user_id=118
[2025-05-22T07:30:50.078+0000] {logging_mixin.py:190} INFO - 💌message 972 sent: user_id=148
[2025-05-22T07:30:50.135+0000] {logging_mixin.py:190} INFO - 💌message 973 sent: user_id=103
[2025-05-22T07:30:50.191+0000] {logging_mixin.py:190} INFO - 💌message 974 sent: user_id=143
[2025-05-22T07:30:50.246+0000] {logging_mixin.py:190} INFO - 💌message 975 sent: user_id=132
[2025-05-22T07:30:50.302+0000] {logging_mixin.py:190} INFO - 💌message 976 sent: user_id=120
[2025-05-22T07:30:50.357+0000] {logging_mixin.py:190} INFO - 💌message 977 sent: user_id=143
[2025-05-22T07:30:50.411+0000] {logging_mixin.py:190} INFO - 💌message 978 sent: user_id=112
[2025-05-22T07:30:50.467+0000] {logging_mixin.py:190} INFO - 💌message 979 sent: user_id=135
[2025-05-22T07:30:50.522+0000] {logging_mixin.py:190} INFO - 💌message 980 sent: user_id=109
[2025-05-22T07:30:50.577+0000] {logging_mixin.py:190} INFO - 💌message 981 sent: user_id=124
[2025-05-22T07:30:50.632+0000] {logging_mixin.py:190} INFO - 💌message 982 sent: user_id=144
[2025-05-22T07:30:50.687+0000] {logging_mixin.py:190} INFO - 💌message 983 sent: user_id=127
[2025-05-22T07:30:50.740+0000] {logging_mixin.py:190} INFO - 💌message 984 sent: user_id=116
[2025-05-22T07:30:50.794+0000] {logging_mixin.py:190} INFO - 💌message 985 sent: user_id=106
[2025-05-22T07:30:50.851+0000] {logging_mixin.py:190} INFO - 💌message 986 sent: user_id=121
[2025-05-22T07:30:50.906+0000] {logging_mixin.py:190} INFO - 💌message 987 sent: user_id=105
[2025-05-22T07:30:50.961+0000] {logging_mixin.py:190} INFO - 💌message 988 sent: user_id=106
[2025-05-22T07:30:51.016+0000] {logging_mixin.py:190} INFO - 💌message 989 sent: user_id=126
[2025-05-22T07:30:51.070+0000] {logging_mixin.py:190} INFO - 💌message 990 sent: user_id=145
[2025-05-22T07:30:51.124+0000] {logging_mixin.py:190} INFO - 💌message 991 sent: user_id=109
[2025-05-22T07:30:51.182+0000] {logging_mixin.py:190} INFO - 💌message 992 sent: user_id=147
[2025-05-22T07:30:51.240+0000] {logging_mixin.py:190} INFO - 💌message 993 sent: user_id=131
[2025-05-22T07:30:51.294+0000] {logging_mixin.py:190} INFO - 💌message 994 sent: user_id=139
[2025-05-22T07:30:51.349+0000] {logging_mixin.py:190} INFO - 💌message 995 sent: user_id=128
[2025-05-22T07:30:51.405+0000] {logging_mixin.py:190} INFO - 💌message 996 sent: user_id=115
[2025-05-22T07:30:51.463+0000] {logging_mixin.py:190} INFO - 💌message 997 sent: user_id=141
[2025-05-22T07:30:51.518+0000] {logging_mixin.py:190} INFO - 💌message 998 sent: user_id=145
[2025-05-22T07:30:51.573+0000] {logging_mixin.py:190} INFO - 💌message 999 sent: user_id=120
[2025-05-22T07:30:51.628+0000] {logging_mixin.py:190} INFO - 💌message 1000 sent: user_id=121
[2025-05-22T07:30:51.683+0000] {logging_mixin.py:190} INFO - ✅All messages sent
[2025-05-22T07:30:51.685+0000] {conn.py:919} INFO - <BrokerConnection node_id=1 host=172.16.24.224:9092 <connected> [IPv4 ('172.16.24.224', 9092)]>: Closing connection. 
[2025-05-22T07:30:51.687+0000] {python.py:240} INFO - Done. Returned value was: None
[2025-05-22T07:30:51.703+0000] {taskinstance.py:340} INFO - ::group::Post task execution logs
[2025-05-22T07:30:51.705+0000] {taskinstance.py:352} INFO - Marking task as SUCCESS. dag_id=kafka_to_minio_to_spark, task_id=kafka_producer, run_id=scheduled__2025-05-21T16:00:00+00:00, execution_date=20250521T160000, start_date=20250522T072956, end_date=20250522T073051
[2025-05-22T07:30:51.772+0000] {local_task_job_runner.py:266} INFO - Task exited with return code 0
[2025-05-22T07:30:51.792+0000] {taskinstance.py:3900} INFO - 1 downstream tasks scheduled from follow-on schedule check
[2025-05-22T07:30:51.793+0000] {local_task_job_runner.py:245} INFO - ::endgroup::
