[2025-05-23T02:15:19.772+0000] {local_task_job_runner.py:123} INFO - ::group::Pre task execution logs
[2025-05-23T02:15:19.779+0000] {taskinstance.py:2612} INFO - Dependencies all met for dep_context=non-requeueable deps ti=<TaskInstance: kafka_to_minio_to_spark.check_minio_file scheduled__2025-05-22T16:00:00+00:00 [queued]>
[2025-05-23T02:15:19.782+0000] {taskinstance.py:2612} INFO - Dependencies all met for dep_context=requeueable deps ti=<TaskInstance: kafka_to_minio_to_spark.check_minio_file scheduled__2025-05-22T16:00:00+00:00 [queued]>
[2025-05-23T02:15:19.782+0000] {taskinstance.py:2865} INFO - Starting attempt 7 of 8
[2025-05-23T02:15:19.787+0000] {taskinstance.py:2888} INFO - Executing <Task(S3KeySensor): check_minio_file> on 2025-05-22 16:00:00+00:00
[2025-05-23T02:15:19.789+0000] {standard_task_runner.py:72} INFO - Started process 667 to run task
[2025-05-23T02:15:19.791+0000] {standard_task_runner.py:104} INFO - Running: ['***', 'tasks', 'run', 'kafka_to_minio_to_spark', 'check_minio_file', 'scheduled__2025-05-22T16:00:00+00:00', '--job-id', '357', '--raw', '--subdir', 'DAGS_FOLDER/testlog_ml.py', '--cfg-path', '/tmp/tmp4twm5hrd']
[2025-05-23T02:15:19.792+0000] {standard_task_runner.py:105} INFO - Job 357: Subtask check_minio_file
[2025-05-23T02:15:19.811+0000] {task_command.py:467} INFO - Running <TaskInstance: kafka_to_minio_to_spark.check_minio_file scheduled__2025-05-22T16:00:00+00:00 [running]> on host 3e84bbc47e1b
[2025-05-23T02:15:19.845+0000] {taskinstance.py:3131} INFO - Exporting env vars: AIRFLOW_CTX_DAG_OWNER='***' AIRFLOW_CTX_DAG_ID='kafka_to_minio_to_spark' AIRFLOW_CTX_TASK_ID='check_minio_file' AIRFLOW_CTX_EXECUTION_DATE='2025-05-22T16:00:00+00:00' AIRFLOW_CTX_TRY_NUMBER='7' AIRFLOW_CTX_DAG_RUN_ID='scheduled__2025-05-22T16:00:00+00:00'
[2025-05-23T02:15:19.846+0000] {taskinstance.py:731} INFO - ::endgroup::
[2025-05-23T02:15:19.851+0000] {baseoperator.py:405} WARNING - S3KeySensor.execute cannot be called outside TaskInstance!
[2025-05-23T02:15:19.851+0000] {s3.py:118} INFO - Poking for key : s3://user-log-ml/2025-05-23_*.csv
[2025-05-23T02:15:19.857+0000] {base.py:84} INFO - Retrieving connection 'minio'
[2025-05-23T02:15:19.857+0000] {connection_wrapper.py:388} INFO - AWS Connection (conn_id='minio', conn_type='aws') credentials retrieved from login and password.
[2025-05-23T02:15:25.123+0000] {s3.py:118} INFO - Poking for key : s3://user-log-ml/2025-05-23_*.csv
[2025-05-23T02:15:30.154+0000] {s3.py:118} INFO - Poking for key : s3://user-log-ml/2025-05-23_*.csv
[2025-05-23T02:15:35.182+0000] {s3.py:118} INFO - Poking for key : s3://user-log-ml/2025-05-23_*.csv
[2025-05-23T02:15:40.207+0000] {s3.py:118} INFO - Poking for key : s3://user-log-ml/2025-05-23_*.csv
[2025-05-23T02:15:45.236+0000] {s3.py:118} INFO - Poking for key : s3://user-log-ml/2025-05-23_*.csv
[2025-05-23T02:15:50.265+0000] {s3.py:118} INFO - Poking for key : s3://user-log-ml/2025-05-23_*.csv
[2025-05-23T02:15:55.295+0000] {s3.py:118} INFO - Poking for key : s3://user-log-ml/2025-05-23_*.csv
[2025-05-23T02:16:00.322+0000] {s3.py:118} INFO - Poking for key : s3://user-log-ml/2025-05-23_*.csv
[2025-05-23T02:16:05.356+0000] {s3.py:118} INFO - Poking for key : s3://user-log-ml/2025-05-23_*.csv
[2025-05-23T02:16:10.414+0000] {s3.py:118} INFO - Poking for key : s3://user-log-ml/2025-05-23_*.csv
[2025-05-23T02:16:15.431+0000] {s3.py:118} INFO - Poking for key : s3://user-log-ml/2025-05-23_*.csv
[2025-05-23T02:16:20.445+0000] {s3.py:118} INFO - Poking for key : s3://user-log-ml/2025-05-23_*.csv
[2025-05-23T02:16:25.476+0000] {s3.py:118} INFO - Poking for key : s3://user-log-ml/2025-05-23_*.csv
[2025-05-23T02:16:30.522+0000] {s3.py:118} INFO - Poking for key : s3://user-log-ml/2025-05-23_*.csv
[2025-05-23T02:16:35.561+0000] {s3.py:118} INFO - Poking for key : s3://user-log-ml/2025-05-23_*.csv
[2025-05-23T02:16:40.586+0000] {s3.py:118} INFO - Poking for key : s3://user-log-ml/2025-05-23_*.csv
[2025-05-23T02:16:45.607+0000] {s3.py:118} INFO - Poking for key : s3://user-log-ml/2025-05-23_*.csv
[2025-05-23T02:16:50.632+0000] {s3.py:118} INFO - Poking for key : s3://user-log-ml/2025-05-23_*.csv
[2025-05-23T02:16:55.740+0000] {s3.py:118} INFO - Poking for key : s3://user-log-ml/2025-05-23_*.csv
[2025-05-23T02:17:00.763+0000] {s3.py:118} INFO - Poking for key : s3://user-log-ml/2025-05-23_*.csv
[2025-05-23T02:17:05.795+0000] {s3.py:118} INFO - Poking for key : s3://user-log-ml/2025-05-23_*.csv
[2025-05-23T02:17:10.825+0000] {s3.py:118} INFO - Poking for key : s3://user-log-ml/2025-05-23_*.csv
[2025-05-23T02:17:15.848+0000] {s3.py:118} INFO - Poking for key : s3://user-log-ml/2025-05-23_*.csv
[2025-05-23T02:17:20.865+0000] {s3.py:118} INFO - Poking for key : s3://user-log-ml/2025-05-23_*.csv
[2025-05-23T02:17:25.878+0000] {s3.py:118} INFO - Poking for key : s3://user-log-ml/2025-05-23_*.csv
[2025-05-23T02:17:30.898+0000] {s3.py:118} INFO - Poking for key : s3://user-log-ml/2025-05-23_*.csv
[2025-05-23T02:17:35.917+0000] {s3.py:118} INFO - Poking for key : s3://user-log-ml/2025-05-23_*.csv
[2025-05-23T02:17:40.942+0000] {s3.py:118} INFO - Poking for key : s3://user-log-ml/2025-05-23_*.csv
[2025-05-23T02:17:45.968+0000] {s3.py:118} INFO - Poking for key : s3://user-log-ml/2025-05-23_*.csv
[2025-05-23T02:17:50.999+0000] {s3.py:118} INFO - Poking for key : s3://user-log-ml/2025-05-23_*.csv
[2025-05-23T02:17:56.031+0000] {s3.py:118} INFO - Poking for key : s3://user-log-ml/2025-05-23_*.csv
[2025-05-23T02:18:01.055+0000] {s3.py:118} INFO - Poking for key : s3://user-log-ml/2025-05-23_*.csv
[2025-05-23T02:18:06.079+0000] {s3.py:118} INFO - Poking for key : s3://user-log-ml/2025-05-23_*.csv
[2025-05-23T02:18:11.110+0000] {s3.py:118} INFO - Poking for key : s3://user-log-ml/2025-05-23_*.csv
[2025-05-23T02:18:16.148+0000] {s3.py:118} INFO - Poking for key : s3://user-log-ml/2025-05-23_*.csv
[2025-05-23T02:18:21.205+0000] {s3.py:118} INFO - Poking for key : s3://user-log-ml/2025-05-23_*.csv
[2025-05-23T02:18:26.234+0000] {s3.py:118} INFO - Poking for key : s3://user-log-ml/2025-05-23_*.csv
[2025-05-23T02:18:31.274+0000] {s3.py:118} INFO - Poking for key : s3://user-log-ml/2025-05-23_*.csv
[2025-05-23T02:18:31.657+0000] {local_task_job_runner.py:346} WARNING - State of this instance has been externally set to restarting. Terminating instance.
[2025-05-23T02:18:31.658+0000] {local_task_job_runner.py:245} INFO - ::endgroup::
[2025-05-23T02:18:31.659+0000] {process_utils.py:132} INFO - Sending 15 to group 667. PIDs of all processes in the group: [667]
[2025-05-23T02:18:31.660+0000] {process_utils.py:87} INFO - Sending the signal 15 to group 667
[2025-05-23T02:18:31.660+0000] {taskinstance.py:3092} ERROR - Received SIGTERM. Terminating subprocesses.
[2025-05-23T02:18:31.671+0000] {taskinstance.py:3310} ERROR - Task failed with exception
Traceback (most recent call last):
  File "/home/airflow/.local/lib/python3.10/site-packages/airflow/models/taskinstance.py", line 762, in _execute_task
    result = _execute_callable(context=context, **execute_callable_kwargs)
  File "/home/airflow/.local/lib/python3.10/site-packages/airflow/models/taskinstance.py", line 733, in _execute_callable
    return ExecutionCallableRunner(
  File "/home/airflow/.local/lib/python3.10/site-packages/airflow/utils/operator_helpers.py", line 252, in run
    return self.func(*args, **kwargs)
  File "/home/airflow/.local/lib/python3.10/site-packages/airflow/models/baseoperator.py", line 406, in wrapper
    return func(self, *args, **kwargs)
  File "/home/airflow/.local/lib/python3.10/site-packages/airflow/providers/amazon/aws/sensors/s3.py", line 189, in execute
    super().execute(context)
  File "/home/airflow/.local/lib/python3.10/site-packages/airflow/models/baseoperator.py", line 406, in wrapper
    return func(self, *args, **kwargs)
  File "/home/airflow/.local/lib/python3.10/site-packages/airflow/sensors/base.py", line 334, in execute
    time.sleep(self._get_next_poke_interval(started_at, run_duration, poke_count))
  File "/home/airflow/.local/lib/python3.10/site-packages/airflow/models/taskinstance.py", line 3094, in signal_handler
    raise AirflowTaskTerminated("Task received SIGTERM signal")
airflow.exceptions.AirflowTaskTerminated: Task received SIGTERM signal
[2025-05-23T02:18:31.673+0000] {taskinstance.py:1225} INFO - Marking task as UP_FOR_RETRY. dag_id=kafka_to_minio_to_spark, task_id=check_minio_file, run_id=scheduled__2025-05-22T16:00:00+00:00, execution_date=20250522T160000, start_date=20250523T021519, end_date=20250523T021831
[2025-05-23T02:18:31.681+0000] {taskinstance.py:340} INFO - ::group::Post task execution logs
[2025-05-23T02:18:31.694+0000] {process_utils.py:80} INFO - Process psutil.Process(pid=667, status='terminated', exitcode=2, started='02:15:19') (667) terminated with exit code 2
