[2025-05-22T00:00:29.091+0000] {processor.py:186} INFO - Started process (PID=241) to work on /opt/airflow/dags/.ipynb_checkpoints/log_to_csv-checkpoint.py
[2025-05-22T00:00:29.092+0000] {processor.py:914} INFO - Processing file /opt/airflow/dags/.ipynb_checkpoints/log_to_csv-checkpoint.py for tasks to queue
[2025-05-22T00:00:29.093+0000] {logging_mixin.py:190} INFO - [2025-05-22T00:00:29.093+0000] {dagbag.py:587} INFO - Filling up the DagBag from /opt/airflow/dags/.ipynb_checkpoints/log_to_csv-checkpoint.py
[2025-05-22T00:00:29.159+0000] {processor.py:925} INFO - DAG(s) 'csv_to_parquet' retrieved from /opt/airflow/dags/.ipynb_checkpoints/log_to_csv-checkpoint.py
[2025-05-22T00:00:29.266+0000] {logging_mixin.py:190} INFO - [2025-05-22T00:00:29.266+0000] {dag.py:3229} INFO - Sync 1 DAGs
[2025-05-22T00:00:29.273+0000] {logging_mixin.py:190} INFO - [2025-05-22T00:00:29.273+0000] {dag.py:4156} INFO - Setting next_dagrun for csv_to_parquet to 2025-05-21 23:05:00+00:00, run_after=2025-05-21 23:05:00+00:00
[2025-05-22T00:00:29.279+0000] {processor.py:208} INFO - Processing /opt/airflow/dags/.ipynb_checkpoints/log_to_csv-checkpoint.py took 0.192 seconds
[2025-05-22T00:00:59.777+0000] {processor.py:186} INFO - Started process (PID=251) to work on /opt/airflow/dags/.ipynb_checkpoints/log_to_csv-checkpoint.py
[2025-05-22T00:00:59.778+0000] {processor.py:914} INFO - Processing file /opt/airflow/dags/.ipynb_checkpoints/log_to_csv-checkpoint.py for tasks to queue
[2025-05-22T00:00:59.779+0000] {logging_mixin.py:190} INFO - [2025-05-22T00:00:59.779+0000] {dagbag.py:587} INFO - Filling up the DagBag from /opt/airflow/dags/.ipynb_checkpoints/log_to_csv-checkpoint.py
[2025-05-22T00:00:59.853+0000] {processor.py:925} INFO - DAG(s) 'csv_to_parquet' retrieved from /opt/airflow/dags/.ipynb_checkpoints/log_to_csv-checkpoint.py
[2025-05-22T00:00:59.866+0000] {logging_mixin.py:190} INFO - [2025-05-22T00:00:59.865+0000] {dag.py:3229} INFO - Sync 1 DAGs
[2025-05-22T00:00:59.878+0000] {logging_mixin.py:190} INFO - [2025-05-22T00:00:59.878+0000] {dag.py:4156} INFO - Setting next_dagrun for csv_to_parquet to 2025-05-21 23:05:00+00:00, run_after=2025-05-21 23:05:00+00:00
[2025-05-22T00:00:59.889+0000] {processor.py:208} INFO - Processing /opt/airflow/dags/.ipynb_checkpoints/log_to_csv-checkpoint.py took 0.117 seconds
[2025-05-22T00:01:30.534+0000] {processor.py:186} INFO - Started process (PID=261) to work on /opt/airflow/dags/.ipynb_checkpoints/log_to_csv-checkpoint.py
[2025-05-22T00:01:30.535+0000] {processor.py:914} INFO - Processing file /opt/airflow/dags/.ipynb_checkpoints/log_to_csv-checkpoint.py for tasks to queue
[2025-05-22T00:01:30.536+0000] {logging_mixin.py:190} INFO - [2025-05-22T00:01:30.536+0000] {dagbag.py:587} INFO - Filling up the DagBag from /opt/airflow/dags/.ipynb_checkpoints/log_to_csv-checkpoint.py
[2025-05-22T00:01:30.605+0000] {processor.py:925} INFO - DAG(s) 'csv_to_parquet' retrieved from /opt/airflow/dags/.ipynb_checkpoints/log_to_csv-checkpoint.py
[2025-05-22T00:01:30.715+0000] {logging_mixin.py:190} INFO - [2025-05-22T00:01:30.715+0000] {dag.py:3229} INFO - Sync 1 DAGs
[2025-05-22T00:01:30.722+0000] {logging_mixin.py:190} INFO - [2025-05-22T00:01:30.722+0000] {dag.py:4156} INFO - Setting next_dagrun for csv_to_parquet to 2025-05-21 23:05:00+00:00, run_after=2025-05-21 23:05:00+00:00
[2025-05-22T00:01:30.729+0000] {processor.py:208} INFO - Processing /opt/airflow/dags/.ipynb_checkpoints/log_to_csv-checkpoint.py took 0.200 seconds
[2025-05-22T00:02:01.131+0000] {processor.py:186} INFO - Started process (PID=271) to work on /opt/airflow/dags/.ipynb_checkpoints/log_to_csv-checkpoint.py
[2025-05-22T00:02:01.131+0000] {processor.py:914} INFO - Processing file /opt/airflow/dags/.ipynb_checkpoints/log_to_csv-checkpoint.py for tasks to queue
[2025-05-22T00:02:01.132+0000] {logging_mixin.py:190} INFO - [2025-05-22T00:02:01.132+0000] {dagbag.py:587} INFO - Filling up the DagBag from /opt/airflow/dags/.ipynb_checkpoints/log_to_csv-checkpoint.py
[2025-05-22T00:02:01.206+0000] {processor.py:925} INFO - DAG(s) 'csv_to_parquet' retrieved from /opt/airflow/dags/.ipynb_checkpoints/log_to_csv-checkpoint.py
[2025-05-22T00:02:01.218+0000] {logging_mixin.py:190} INFO - [2025-05-22T00:02:01.218+0000] {dag.py:3229} INFO - Sync 1 DAGs
[2025-05-22T00:02:01.229+0000] {logging_mixin.py:190} INFO - [2025-05-22T00:02:01.228+0000] {dag.py:4156} INFO - Setting next_dagrun for csv_to_parquet to 2025-05-21 23:05:00+00:00, run_after=2025-05-21 23:05:00+00:00
[2025-05-22T00:02:01.243+0000] {processor.py:208} INFO - Processing /opt/airflow/dags/.ipynb_checkpoints/log_to_csv-checkpoint.py took 0.117 seconds
[2025-05-22T00:02:31.834+0000] {processor.py:186} INFO - Started process (PID=280) to work on /opt/airflow/dags/.ipynb_checkpoints/log_to_csv-checkpoint.py
[2025-05-22T00:02:31.835+0000] {processor.py:914} INFO - Processing file /opt/airflow/dags/.ipynb_checkpoints/log_to_csv-checkpoint.py for tasks to queue
[2025-05-22T00:02:31.836+0000] {logging_mixin.py:190} INFO - [2025-05-22T00:02:31.836+0000] {dagbag.py:587} INFO - Filling up the DagBag from /opt/airflow/dags/.ipynb_checkpoints/log_to_csv-checkpoint.py
[2025-05-22T00:02:31.910+0000] {processor.py:925} INFO - DAG(s) 'csv_to_parquet' retrieved from /opt/airflow/dags/.ipynb_checkpoints/log_to_csv-checkpoint.py
[2025-05-22T00:02:32.025+0000] {logging_mixin.py:190} INFO - [2025-05-22T00:02:32.025+0000] {dag.py:3229} INFO - Sync 1 DAGs
[2025-05-22T00:02:32.032+0000] {logging_mixin.py:190} INFO - [2025-05-22T00:02:32.032+0000] {dag.py:4156} INFO - Setting next_dagrun for csv_to_parquet to 2025-05-21 23:05:00+00:00, run_after=2025-05-21 23:05:00+00:00
[2025-05-22T00:02:32.038+0000] {processor.py:208} INFO - Processing /opt/airflow/dags/.ipynb_checkpoints/log_to_csv-checkpoint.py took 0.210 seconds
[2025-05-22T00:03:02.533+0000] {processor.py:186} INFO - Started process (PID=290) to work on /opt/airflow/dags/.ipynb_checkpoints/log_to_csv-checkpoint.py
[2025-05-22T00:03:02.533+0000] {processor.py:914} INFO - Processing file /opt/airflow/dags/.ipynb_checkpoints/log_to_csv-checkpoint.py for tasks to queue
[2025-05-22T00:03:02.534+0000] {logging_mixin.py:190} INFO - [2025-05-22T00:03:02.534+0000] {dagbag.py:587} INFO - Filling up the DagBag from /opt/airflow/dags/.ipynb_checkpoints/log_to_csv-checkpoint.py
[2025-05-22T00:03:02.599+0000] {processor.py:925} INFO - DAG(s) 'csv_to_parquet' retrieved from /opt/airflow/dags/.ipynb_checkpoints/log_to_csv-checkpoint.py
[2025-05-22T00:03:02.612+0000] {logging_mixin.py:190} INFO - [2025-05-22T00:03:02.612+0000] {dag.py:3229} INFO - Sync 1 DAGs
[2025-05-22T00:03:02.629+0000] {logging_mixin.py:190} INFO - [2025-05-22T00:03:02.628+0000] {dag.py:4156} INFO - Setting next_dagrun for csv_to_parquet to 2025-05-21 23:05:00+00:00, run_after=2025-05-21 23:05:00+00:00
[2025-05-22T00:03:02.640+0000] {processor.py:208} INFO - Processing /opt/airflow/dags/.ipynb_checkpoints/log_to_csv-checkpoint.py took 0.111 seconds
[2025-05-22T00:03:33.118+0000] {processor.py:186} INFO - Started process (PID=300) to work on /opt/airflow/dags/.ipynb_checkpoints/log_to_csv-checkpoint.py
[2025-05-22T00:03:33.118+0000] {processor.py:914} INFO - Processing file /opt/airflow/dags/.ipynb_checkpoints/log_to_csv-checkpoint.py for tasks to queue
[2025-05-22T00:03:33.120+0000] {logging_mixin.py:190} INFO - [2025-05-22T00:03:33.120+0000] {dagbag.py:587} INFO - Filling up the DagBag from /opt/airflow/dags/.ipynb_checkpoints/log_to_csv-checkpoint.py
[2025-05-22T00:03:33.183+0000] {processor.py:925} INFO - DAG(s) 'csv_to_parquet' retrieved from /opt/airflow/dags/.ipynb_checkpoints/log_to_csv-checkpoint.py
[2025-05-22T00:03:33.318+0000] {logging_mixin.py:190} INFO - [2025-05-22T00:03:33.318+0000] {dag.py:3229} INFO - Sync 1 DAGs
[2025-05-22T00:03:33.325+0000] {logging_mixin.py:190} INFO - [2025-05-22T00:03:33.325+0000] {dag.py:4156} INFO - Setting next_dagrun for csv_to_parquet to 2025-05-21 23:05:00+00:00, run_after=2025-05-21 23:05:00+00:00
[2025-05-22T00:03:33.331+0000] {processor.py:208} INFO - Processing /opt/airflow/dags/.ipynb_checkpoints/log_to_csv-checkpoint.py took 0.217 seconds
[2025-05-22T00:04:03.760+0000] {processor.py:186} INFO - Started process (PID=310) to work on /opt/airflow/dags/.ipynb_checkpoints/log_to_csv-checkpoint.py
[2025-05-22T00:04:03.762+0000] {processor.py:914} INFO - Processing file /opt/airflow/dags/.ipynb_checkpoints/log_to_csv-checkpoint.py for tasks to queue
[2025-05-22T00:04:03.763+0000] {logging_mixin.py:190} INFO - [2025-05-22T00:04:03.762+0000] {dagbag.py:587} INFO - Filling up the DagBag from /opt/airflow/dags/.ipynb_checkpoints/log_to_csv-checkpoint.py
[2025-05-22T00:04:03.831+0000] {processor.py:925} INFO - DAG(s) 'csv_to_parquet' retrieved from /opt/airflow/dags/.ipynb_checkpoints/log_to_csv-checkpoint.py
[2025-05-22T00:04:03.841+0000] {logging_mixin.py:190} INFO - [2025-05-22T00:04:03.841+0000] {dag.py:3229} INFO - Sync 1 DAGs
[2025-05-22T00:04:03.850+0000] {logging_mixin.py:190} INFO - [2025-05-22T00:04:03.850+0000] {dag.py:4156} INFO - Setting next_dagrun for csv_to_parquet to 2025-05-21 23:05:00+00:00, run_after=2025-05-21 23:05:00+00:00
[2025-05-22T00:04:03.857+0000] {processor.py:208} INFO - Processing /opt/airflow/dags/.ipynb_checkpoints/log_to_csv-checkpoint.py took 0.101 seconds
[2025-05-22T00:04:34.486+0000] {processor.py:186} INFO - Started process (PID=320) to work on /opt/airflow/dags/.ipynb_checkpoints/log_to_csv-checkpoint.py
[2025-05-22T00:04:34.487+0000] {processor.py:914} INFO - Processing file /opt/airflow/dags/.ipynb_checkpoints/log_to_csv-checkpoint.py for tasks to queue
[2025-05-22T00:04:34.488+0000] {logging_mixin.py:190} INFO - [2025-05-22T00:04:34.488+0000] {dagbag.py:587} INFO - Filling up the DagBag from /opt/airflow/dags/.ipynb_checkpoints/log_to_csv-checkpoint.py
[2025-05-22T00:04:34.550+0000] {processor.py:925} INFO - DAG(s) 'csv_to_parquet' retrieved from /opt/airflow/dags/.ipynb_checkpoints/log_to_csv-checkpoint.py
[2025-05-22T00:04:34.653+0000] {logging_mixin.py:190} INFO - [2025-05-22T00:04:34.653+0000] {dag.py:3229} INFO - Sync 1 DAGs
[2025-05-22T00:04:34.659+0000] {logging_mixin.py:190} INFO - [2025-05-22T00:04:34.659+0000] {dag.py:4156} INFO - Setting next_dagrun for csv_to_parquet to 2025-05-21 23:05:00+00:00, run_after=2025-05-21 23:05:00+00:00
[2025-05-22T00:04:34.665+0000] {processor.py:208} INFO - Processing /opt/airflow/dags/.ipynb_checkpoints/log_to_csv-checkpoint.py took 0.184 seconds
[2025-05-22T00:05:05.148+0000] {processor.py:186} INFO - Started process (PID=330) to work on /opt/airflow/dags/.ipynb_checkpoints/log_to_csv-checkpoint.py
[2025-05-22T00:05:05.149+0000] {processor.py:914} INFO - Processing file /opt/airflow/dags/.ipynb_checkpoints/log_to_csv-checkpoint.py for tasks to queue
[2025-05-22T00:05:05.150+0000] {logging_mixin.py:190} INFO - [2025-05-22T00:05:05.150+0000] {dagbag.py:587} INFO - Filling up the DagBag from /opt/airflow/dags/.ipynb_checkpoints/log_to_csv-checkpoint.py
[2025-05-22T00:05:05.217+0000] {processor.py:925} INFO - DAG(s) 'csv_to_parquet' retrieved from /opt/airflow/dags/.ipynb_checkpoints/log_to_csv-checkpoint.py
[2025-05-22T00:05:05.226+0000] {logging_mixin.py:190} INFO - [2025-05-22T00:05:05.226+0000] {dag.py:3229} INFO - Sync 1 DAGs
[2025-05-22T00:05:05.234+0000] {logging_mixin.py:190} INFO - [2025-05-22T00:05:05.234+0000] {dag.py:4156} INFO - Setting next_dagrun for csv_to_parquet to 2025-05-22 00:05:00+00:00, run_after=2025-05-22 00:05:00+00:00
[2025-05-22T00:05:05.308+0000] {processor.py:208} INFO - Processing /opt/airflow/dags/.ipynb_checkpoints/log_to_csv-checkpoint.py took 0.164 seconds
[2025-05-22T00:05:35.891+0000] {processor.py:186} INFO - Started process (PID=341) to work on /opt/airflow/dags/.ipynb_checkpoints/log_to_csv-checkpoint.py
[2025-05-22T00:05:35.892+0000] {processor.py:914} INFO - Processing file /opt/airflow/dags/.ipynb_checkpoints/log_to_csv-checkpoint.py for tasks to queue
[2025-05-22T00:05:35.893+0000] {logging_mixin.py:190} INFO - [2025-05-22T00:05:35.893+0000] {dagbag.py:587} INFO - Filling up the DagBag from /opt/airflow/dags/.ipynb_checkpoints/log_to_csv-checkpoint.py
[2025-05-22T00:05:35.961+0000] {processor.py:925} INFO - DAG(s) 'csv_to_parquet' retrieved from /opt/airflow/dags/.ipynb_checkpoints/log_to_csv-checkpoint.py
[2025-05-22T00:05:36.117+0000] {logging_mixin.py:190} INFO - [2025-05-22T00:05:36.117+0000] {dag.py:3229} INFO - Sync 1 DAGs
[2025-05-22T00:05:36.129+0000] {logging_mixin.py:190} INFO - [2025-05-22T00:05:36.129+0000] {dag.py:4156} INFO - Setting next_dagrun for csv_to_parquet to 2025-05-22 00:05:00+00:00, run_after=2025-05-22 00:05:00+00:00
[2025-05-22T00:05:36.139+0000] {processor.py:208} INFO - Processing /opt/airflow/dags/.ipynb_checkpoints/log_to_csv-checkpoint.py took 0.253 seconds
[2025-05-22T00:06:06.614+0000] {processor.py:186} INFO - Started process (PID=351) to work on /opt/airflow/dags/.ipynb_checkpoints/log_to_csv-checkpoint.py
[2025-05-22T00:06:06.615+0000] {processor.py:914} INFO - Processing file /opt/airflow/dags/.ipynb_checkpoints/log_to_csv-checkpoint.py for tasks to queue
[2025-05-22T00:06:06.616+0000] {logging_mixin.py:190} INFO - [2025-05-22T00:06:06.616+0000] {dagbag.py:587} INFO - Filling up the DagBag from /opt/airflow/dags/.ipynb_checkpoints/log_to_csv-checkpoint.py
[2025-05-22T00:06:06.683+0000] {processor.py:925} INFO - DAG(s) 'csv_to_parquet' retrieved from /opt/airflow/dags/.ipynb_checkpoints/log_to_csv-checkpoint.py
[2025-05-22T00:06:06.694+0000] {logging_mixin.py:190} INFO - [2025-05-22T00:06:06.693+0000] {dag.py:3229} INFO - Sync 1 DAGs
[2025-05-22T00:06:06.704+0000] {logging_mixin.py:190} INFO - [2025-05-22T00:06:06.704+0000] {dag.py:4156} INFO - Setting next_dagrun for csv_to_parquet to 2025-05-22 00:05:00+00:00, run_after=2025-05-22 00:05:00+00:00
[2025-05-22T00:06:06.712+0000] {processor.py:208} INFO - Processing /opt/airflow/dags/.ipynb_checkpoints/log_to_csv-checkpoint.py took 0.104 seconds
[2025-05-22T00:06:37.310+0000] {processor.py:186} INFO - Started process (PID=361) to work on /opt/airflow/dags/.ipynb_checkpoints/log_to_csv-checkpoint.py
[2025-05-22T00:06:37.311+0000] {processor.py:914} INFO - Processing file /opt/airflow/dags/.ipynb_checkpoints/log_to_csv-checkpoint.py for tasks to queue
[2025-05-22T00:06:37.312+0000] {logging_mixin.py:190} INFO - [2025-05-22T00:06:37.312+0000] {dagbag.py:587} INFO - Filling up the DagBag from /opt/airflow/dags/.ipynb_checkpoints/log_to_csv-checkpoint.py
[2025-05-22T00:06:37.379+0000] {processor.py:925} INFO - DAG(s) 'csv_to_parquet' retrieved from /opt/airflow/dags/.ipynb_checkpoints/log_to_csv-checkpoint.py
[2025-05-22T00:06:37.508+0000] {logging_mixin.py:190} INFO - [2025-05-22T00:06:37.507+0000] {dag.py:3229} INFO - Sync 1 DAGs
[2025-05-22T00:06:37.515+0000] {logging_mixin.py:190} INFO - [2025-05-22T00:06:37.515+0000] {dag.py:4156} INFO - Setting next_dagrun for csv_to_parquet to 2025-05-22 00:05:00+00:00, run_after=2025-05-22 00:05:00+00:00
[2025-05-22T00:06:37.521+0000] {processor.py:208} INFO - Processing /opt/airflow/dags/.ipynb_checkpoints/log_to_csv-checkpoint.py took 0.215 seconds
[2025-05-22T00:07:08.047+0000] {processor.py:186} INFO - Started process (PID=371) to work on /opt/airflow/dags/.ipynb_checkpoints/log_to_csv-checkpoint.py
[2025-05-22T00:07:08.047+0000] {processor.py:914} INFO - Processing file /opt/airflow/dags/.ipynb_checkpoints/log_to_csv-checkpoint.py for tasks to queue
[2025-05-22T00:07:08.048+0000] {logging_mixin.py:190} INFO - [2025-05-22T00:07:08.048+0000] {dagbag.py:587} INFO - Filling up the DagBag from /opt/airflow/dags/.ipynb_checkpoints/log_to_csv-checkpoint.py
[2025-05-22T00:07:08.116+0000] {processor.py:925} INFO - DAG(s) 'csv_to_parquet' retrieved from /opt/airflow/dags/.ipynb_checkpoints/log_to_csv-checkpoint.py
[2025-05-22T00:07:08.128+0000] {logging_mixin.py:190} INFO - [2025-05-22T00:07:08.128+0000] {dag.py:3229} INFO - Sync 1 DAGs
[2025-05-22T00:07:08.138+0000] {logging_mixin.py:190} INFO - [2025-05-22T00:07:08.138+0000] {dag.py:4156} INFO - Setting next_dagrun for csv_to_parquet to 2025-05-22 00:05:00+00:00, run_after=2025-05-22 00:05:00+00:00
[2025-05-22T00:07:08.146+0000] {processor.py:208} INFO - Processing /opt/airflow/dags/.ipynb_checkpoints/log_to_csv-checkpoint.py took 0.104 seconds
[2025-05-22T00:07:38.824+0000] {processor.py:186} INFO - Started process (PID=382) to work on /opt/airflow/dags/.ipynb_checkpoints/log_to_csv-checkpoint.py
[2025-05-22T00:07:38.824+0000] {processor.py:914} INFO - Processing file /opt/airflow/dags/.ipynb_checkpoints/log_to_csv-checkpoint.py for tasks to queue
[2025-05-22T00:07:38.826+0000] {logging_mixin.py:190} INFO - [2025-05-22T00:07:38.826+0000] {dagbag.py:587} INFO - Filling up the DagBag from /opt/airflow/dags/.ipynb_checkpoints/log_to_csv-checkpoint.py
[2025-05-22T00:07:38.911+0000] {processor.py:925} INFO - DAG(s) 'csv_to_parquet' retrieved from /opt/airflow/dags/.ipynb_checkpoints/log_to_csv-checkpoint.py
[2025-05-22T00:07:39.089+0000] {logging_mixin.py:190} INFO - [2025-05-22T00:07:39.089+0000] {dag.py:3229} INFO - Sync 1 DAGs
[2025-05-22T00:07:39.098+0000] {logging_mixin.py:190} INFO - [2025-05-22T00:07:39.098+0000] {dag.py:4156} INFO - Setting next_dagrun for csv_to_parquet to 2025-05-22 00:05:00+00:00, run_after=2025-05-22 00:05:00+00:00
[2025-05-22T00:07:39.104+0000] {processor.py:208} INFO - Processing /opt/airflow/dags/.ipynb_checkpoints/log_to_csv-checkpoint.py took 0.287 seconds
[2025-05-22T00:08:09.565+0000] {processor.py:186} INFO - Started process (PID=391) to work on /opt/airflow/dags/.ipynb_checkpoints/log_to_csv-checkpoint.py
[2025-05-22T00:08:09.565+0000] {processor.py:914} INFO - Processing file /opt/airflow/dags/.ipynb_checkpoints/log_to_csv-checkpoint.py for tasks to queue
[2025-05-22T00:08:09.567+0000] {logging_mixin.py:190} INFO - [2025-05-22T00:08:09.567+0000] {dagbag.py:587} INFO - Filling up the DagBag from /opt/airflow/dags/.ipynb_checkpoints/log_to_csv-checkpoint.py
[2025-05-22T00:08:09.732+0000] {processor.py:925} INFO - DAG(s) 'csv_to_parquet' retrieved from /opt/airflow/dags/.ipynb_checkpoints/log_to_csv-checkpoint.py
[2025-05-22T00:08:09.742+0000] {logging_mixin.py:190} INFO - [2025-05-22T00:08:09.742+0000] {dag.py:3229} INFO - Sync 1 DAGs
[2025-05-22T00:08:09.750+0000] {logging_mixin.py:190} INFO - [2025-05-22T00:08:09.750+0000] {dag.py:4156} INFO - Setting next_dagrun for csv_to_parquet to 2025-05-22 00:05:00+00:00, run_after=2025-05-22 00:05:00+00:00
[2025-05-22T00:08:09.756+0000] {processor.py:208} INFO - Processing /opt/airflow/dags/.ipynb_checkpoints/log_to_csv-checkpoint.py took 0.196 seconds
[2025-05-22T00:08:40.315+0000] {processor.py:186} INFO - Started process (PID=400) to work on /opt/airflow/dags/.ipynb_checkpoints/log_to_csv-checkpoint.py
[2025-05-22T00:08:40.316+0000] {processor.py:914} INFO - Processing file /opt/airflow/dags/.ipynb_checkpoints/log_to_csv-checkpoint.py for tasks to queue
[2025-05-22T00:08:40.317+0000] {logging_mixin.py:190} INFO - [2025-05-22T00:08:40.317+0000] {dagbag.py:587} INFO - Filling up the DagBag from /opt/airflow/dags/.ipynb_checkpoints/log_to_csv-checkpoint.py
[2025-05-22T00:08:40.370+0000] {processor.py:925} INFO - DAG(s) 'csv_to_parquet' retrieved from /opt/airflow/dags/.ipynb_checkpoints/log_to_csv-checkpoint.py
[2025-05-22T00:08:40.563+0000] {logging_mixin.py:190} INFO - [2025-05-22T00:08:40.563+0000] {dag.py:3229} INFO - Sync 1 DAGs
[2025-05-22T00:08:40.577+0000] {logging_mixin.py:190} INFO - [2025-05-22T00:08:40.577+0000] {dag.py:4156} INFO - Setting next_dagrun for csv_to_parquet to 2025-05-22 00:05:00+00:00, run_after=2025-05-22 00:05:00+00:00
[2025-05-22T00:08:40.592+0000] {processor.py:208} INFO - Processing /opt/airflow/dags/.ipynb_checkpoints/log_to_csv-checkpoint.py took 0.280 seconds
[2025-05-22T00:09:11.055+0000] {processor.py:186} INFO - Started process (PID=410) to work on /opt/airflow/dags/.ipynb_checkpoints/log_to_csv-checkpoint.py
[2025-05-22T00:09:11.056+0000] {processor.py:914} INFO - Processing file /opt/airflow/dags/.ipynb_checkpoints/log_to_csv-checkpoint.py for tasks to queue
[2025-05-22T00:09:11.060+0000] {logging_mixin.py:190} INFO - [2025-05-22T00:09:11.059+0000] {dagbag.py:587} INFO - Filling up the DagBag from /opt/airflow/dags/.ipynb_checkpoints/log_to_csv-checkpoint.py
[2025-05-22T00:09:11.199+0000] {processor.py:925} INFO - DAG(s) 'csv_to_parquet' retrieved from /opt/airflow/dags/.ipynb_checkpoints/log_to_csv-checkpoint.py
[2025-05-22T00:09:11.209+0000] {logging_mixin.py:190} INFO - [2025-05-22T00:09:11.209+0000] {dag.py:3229} INFO - Sync 1 DAGs
[2025-05-22T00:09:11.218+0000] {logging_mixin.py:190} INFO - [2025-05-22T00:09:11.218+0000] {dag.py:4156} INFO - Setting next_dagrun for csv_to_parquet to 2025-05-22 00:05:00+00:00, run_after=2025-05-22 00:05:00+00:00
[2025-05-22T00:09:11.224+0000] {processor.py:208} INFO - Processing /opt/airflow/dags/.ipynb_checkpoints/log_to_csv-checkpoint.py took 0.175 seconds
[2025-05-22T00:09:41.873+0000] {processor.py:186} INFO - Started process (PID=419) to work on /opt/airflow/dags/.ipynb_checkpoints/log_to_csv-checkpoint.py
[2025-05-22T00:09:41.875+0000] {processor.py:914} INFO - Processing file /opt/airflow/dags/.ipynb_checkpoints/log_to_csv-checkpoint.py for tasks to queue
[2025-05-22T00:09:41.877+0000] {logging_mixin.py:190} INFO - [2025-05-22T00:09:41.877+0000] {dagbag.py:587} INFO - Filling up the DagBag from /opt/airflow/dags/.ipynb_checkpoints/log_to_csv-checkpoint.py
[2025-05-22T00:09:42.058+0000] {processor.py:925} INFO - DAG(s) 'csv_to_parquet' retrieved from /opt/airflow/dags/.ipynb_checkpoints/log_to_csv-checkpoint.py
[2025-05-22T00:09:42.104+0000] {logging_mixin.py:190} INFO - [2025-05-22T00:09:42.104+0000] {dag.py:3229} INFO - Sync 1 DAGs
[2025-05-22T00:09:42.112+0000] {logging_mixin.py:190} INFO - [2025-05-22T00:09:42.112+0000] {dag.py:4156} INFO - Setting next_dagrun for csv_to_parquet to 2025-05-22 00:05:00+00:00, run_after=2025-05-22 00:05:00+00:00
[2025-05-22T00:09:42.120+0000] {processor.py:208} INFO - Processing /opt/airflow/dags/.ipynb_checkpoints/log_to_csv-checkpoint.py took 0.254 seconds
[2025-05-22T00:10:12.652+0000] {processor.py:186} INFO - Started process (PID=429) to work on /opt/airflow/dags/.ipynb_checkpoints/log_to_csv-checkpoint.py
[2025-05-22T00:10:12.658+0000] {processor.py:914} INFO - Processing file /opt/airflow/dags/.ipynb_checkpoints/log_to_csv-checkpoint.py for tasks to queue
[2025-05-22T00:10:12.660+0000] {logging_mixin.py:190} INFO - [2025-05-22T00:10:12.660+0000] {dagbag.py:587} INFO - Filling up the DagBag from /opt/airflow/dags/.ipynb_checkpoints/log_to_csv-checkpoint.py
[2025-05-22T00:10:12.806+0000] {processor.py:925} INFO - DAG(s) 'csv_to_parquet' retrieved from /opt/airflow/dags/.ipynb_checkpoints/log_to_csv-checkpoint.py
[2025-05-22T00:10:12.819+0000] {logging_mixin.py:190} INFO - [2025-05-22T00:10:12.818+0000] {dag.py:3229} INFO - Sync 1 DAGs
[2025-05-22T00:10:12.826+0000] {logging_mixin.py:190} INFO - [2025-05-22T00:10:12.826+0000] {dag.py:4156} INFO - Setting next_dagrun for csv_to_parquet to 2025-05-22 00:05:00+00:00, run_after=2025-05-22 00:05:00+00:00
[2025-05-22T00:10:12.831+0000] {processor.py:208} INFO - Processing /opt/airflow/dags/.ipynb_checkpoints/log_to_csv-checkpoint.py took 0.184 seconds
[2025-05-22T00:10:43.424+0000] {processor.py:186} INFO - Started process (PID=439) to work on /opt/airflow/dags/.ipynb_checkpoints/log_to_csv-checkpoint.py
[2025-05-22T00:10:43.430+0000] {processor.py:914} INFO - Processing file /opt/airflow/dags/.ipynb_checkpoints/log_to_csv-checkpoint.py for tasks to queue
[2025-05-22T00:10:43.434+0000] {logging_mixin.py:190} INFO - [2025-05-22T00:10:43.434+0000] {dagbag.py:587} INFO - Filling up the DagBag from /opt/airflow/dags/.ipynb_checkpoints/log_to_csv-checkpoint.py
[2025-05-22T00:10:43.569+0000] {processor.py:925} INFO - DAG(s) 'csv_to_parquet' retrieved from /opt/airflow/dags/.ipynb_checkpoints/log_to_csv-checkpoint.py
[2025-05-22T00:10:43.607+0000] {logging_mixin.py:190} INFO - [2025-05-22T00:10:43.607+0000] {dag.py:3229} INFO - Sync 1 DAGs
[2025-05-22T00:10:43.614+0000] {logging_mixin.py:190} INFO - [2025-05-22T00:10:43.614+0000] {dag.py:4156} INFO - Setting next_dagrun for csv_to_parquet to 2025-05-22 00:05:00+00:00, run_after=2025-05-22 00:05:00+00:00
[2025-05-22T00:10:43.620+0000] {processor.py:208} INFO - Processing /opt/airflow/dags/.ipynb_checkpoints/log_to_csv-checkpoint.py took 0.201 seconds
[2025-05-22T00:11:14.147+0000] {processor.py:186} INFO - Started process (PID=449) to work on /opt/airflow/dags/.ipynb_checkpoints/log_to_csv-checkpoint.py
[2025-05-22T00:11:14.154+0000] {processor.py:914} INFO - Processing file /opt/airflow/dags/.ipynb_checkpoints/log_to_csv-checkpoint.py for tasks to queue
[2025-05-22T00:11:14.158+0000] {logging_mixin.py:190} INFO - [2025-05-22T00:11:14.158+0000] {dagbag.py:587} INFO - Filling up the DagBag from /opt/airflow/dags/.ipynb_checkpoints/log_to_csv-checkpoint.py
[2025-05-22T00:11:14.302+0000] {processor.py:925} INFO - DAG(s) 'csv_to_parquet' retrieved from /opt/airflow/dags/.ipynb_checkpoints/log_to_csv-checkpoint.py
[2025-05-22T00:11:14.310+0000] {logging_mixin.py:190} INFO - [2025-05-22T00:11:14.310+0000] {dag.py:3229} INFO - Sync 1 DAGs
[2025-05-22T00:11:14.317+0000] {logging_mixin.py:190} INFO - [2025-05-22T00:11:14.317+0000] {dag.py:4156} INFO - Setting next_dagrun for csv_to_parquet to 2025-05-22 00:05:00+00:00, run_after=2025-05-22 00:05:00+00:00
[2025-05-22T00:11:14.323+0000] {processor.py:208} INFO - Processing /opt/airflow/dags/.ipynb_checkpoints/log_to_csv-checkpoint.py took 0.181 seconds
[2025-05-22T00:11:44.916+0000] {processor.py:186} INFO - Started process (PID=459) to work on /opt/airflow/dags/.ipynb_checkpoints/log_to_csv-checkpoint.py
[2025-05-22T00:11:44.920+0000] {processor.py:914} INFO - Processing file /opt/airflow/dags/.ipynb_checkpoints/log_to_csv-checkpoint.py for tasks to queue
[2025-05-22T00:11:44.923+0000] {logging_mixin.py:190} INFO - [2025-05-22T00:11:44.923+0000] {dagbag.py:587} INFO - Filling up the DagBag from /opt/airflow/dags/.ipynb_checkpoints/log_to_csv-checkpoint.py
[2025-05-22T00:11:45.088+0000] {processor.py:925} INFO - DAG(s) 'csv_to_parquet' retrieved from /opt/airflow/dags/.ipynb_checkpoints/log_to_csv-checkpoint.py
[2025-05-22T00:11:45.133+0000] {logging_mixin.py:190} INFO - [2025-05-22T00:11:45.133+0000] {dag.py:3229} INFO - Sync 1 DAGs
[2025-05-22T00:11:45.141+0000] {logging_mixin.py:190} INFO - [2025-05-22T00:11:45.141+0000] {dag.py:4156} INFO - Setting next_dagrun for csv_to_parquet to 2025-05-22 00:05:00+00:00, run_after=2025-05-22 00:05:00+00:00
[2025-05-22T00:11:45.147+0000] {processor.py:208} INFO - Processing /opt/airflow/dags/.ipynb_checkpoints/log_to_csv-checkpoint.py took 0.237 seconds
[2025-05-22T00:12:15.655+0000] {processor.py:186} INFO - Started process (PID=469) to work on /opt/airflow/dags/.ipynb_checkpoints/log_to_csv-checkpoint.py
[2025-05-22T00:12:15.656+0000] {processor.py:914} INFO - Processing file /opt/airflow/dags/.ipynb_checkpoints/log_to_csv-checkpoint.py for tasks to queue
[2025-05-22T00:12:15.657+0000] {logging_mixin.py:190} INFO - [2025-05-22T00:12:15.657+0000] {dagbag.py:587} INFO - Filling up the DagBag from /opt/airflow/dags/.ipynb_checkpoints/log_to_csv-checkpoint.py
[2025-05-22T00:12:15.811+0000] {processor.py:925} INFO - DAG(s) 'csv_to_parquet' retrieved from /opt/airflow/dags/.ipynb_checkpoints/log_to_csv-checkpoint.py
[2025-05-22T00:12:15.819+0000] {logging_mixin.py:190} INFO - [2025-05-22T00:12:15.819+0000] {dag.py:3229} INFO - Sync 1 DAGs
[2025-05-22T00:12:15.827+0000] {logging_mixin.py:190} INFO - [2025-05-22T00:12:15.827+0000] {dag.py:4156} INFO - Setting next_dagrun for csv_to_parquet to 2025-05-22 00:05:00+00:00, run_after=2025-05-22 00:05:00+00:00
[2025-05-22T00:12:15.836+0000] {processor.py:208} INFO - Processing /opt/airflow/dags/.ipynb_checkpoints/log_to_csv-checkpoint.py took 0.186 seconds
[2025-05-22T00:12:46.429+0000] {processor.py:186} INFO - Started process (PID=479) to work on /opt/airflow/dags/.ipynb_checkpoints/log_to_csv-checkpoint.py
[2025-05-22T00:12:46.433+0000] {processor.py:914} INFO - Processing file /opt/airflow/dags/.ipynb_checkpoints/log_to_csv-checkpoint.py for tasks to queue
[2025-05-22T00:12:46.434+0000] {logging_mixin.py:190} INFO - [2025-05-22T00:12:46.434+0000] {dagbag.py:587} INFO - Filling up the DagBag from /opt/airflow/dags/.ipynb_checkpoints/log_to_csv-checkpoint.py
[2025-05-22T00:12:46.589+0000] {processor.py:925} INFO - DAG(s) 'csv_to_parquet' retrieved from /opt/airflow/dags/.ipynb_checkpoints/log_to_csv-checkpoint.py
[2025-05-22T00:12:46.631+0000] {logging_mixin.py:190} INFO - [2025-05-22T00:12:46.630+0000] {dag.py:3229} INFO - Sync 1 DAGs
[2025-05-22T00:12:46.638+0000] {logging_mixin.py:190} INFO - [2025-05-22T00:12:46.638+0000] {dag.py:4156} INFO - Setting next_dagrun for csv_to_parquet to 2025-05-22 00:05:00+00:00, run_after=2025-05-22 00:05:00+00:00
[2025-05-22T00:12:46.643+0000] {processor.py:208} INFO - Processing /opt/airflow/dags/.ipynb_checkpoints/log_to_csv-checkpoint.py took 0.220 seconds
[2025-05-22T00:13:17.148+0000] {processor.py:186} INFO - Started process (PID=488) to work on /opt/airflow/dags/.ipynb_checkpoints/log_to_csv-checkpoint.py
[2025-05-22T00:13:17.153+0000] {processor.py:914} INFO - Processing file /opt/airflow/dags/.ipynb_checkpoints/log_to_csv-checkpoint.py for tasks to queue
[2025-05-22T00:13:17.156+0000] {logging_mixin.py:190} INFO - [2025-05-22T00:13:17.156+0000] {dagbag.py:587} INFO - Filling up the DagBag from /opt/airflow/dags/.ipynb_checkpoints/log_to_csv-checkpoint.py
[2025-05-22T00:13:17.298+0000] {processor.py:925} INFO - DAG(s) 'csv_to_parquet' retrieved from /opt/airflow/dags/.ipynb_checkpoints/log_to_csv-checkpoint.py
[2025-05-22T00:13:17.309+0000] {logging_mixin.py:190} INFO - [2025-05-22T00:13:17.309+0000] {dag.py:3229} INFO - Sync 1 DAGs
[2025-05-22T00:13:17.317+0000] {logging_mixin.py:190} INFO - [2025-05-22T00:13:17.317+0000] {dag.py:4156} INFO - Setting next_dagrun for csv_to_parquet to 2025-05-22 00:05:00+00:00, run_after=2025-05-22 00:05:00+00:00
[2025-05-22T00:13:17.329+0000] {processor.py:208} INFO - Processing /opt/airflow/dags/.ipynb_checkpoints/log_to_csv-checkpoint.py took 0.186 seconds
[2025-05-22T00:13:47.955+0000] {processor.py:186} INFO - Started process (PID=498) to work on /opt/airflow/dags/.ipynb_checkpoints/log_to_csv-checkpoint.py
[2025-05-22T00:13:47.956+0000] {processor.py:914} INFO - Processing file /opt/airflow/dags/.ipynb_checkpoints/log_to_csv-checkpoint.py for tasks to queue
[2025-05-22T00:13:47.958+0000] {logging_mixin.py:190} INFO - [2025-05-22T00:13:47.958+0000] {dagbag.py:587} INFO - Filling up the DagBag from /opt/airflow/dags/.ipynb_checkpoints/log_to_csv-checkpoint.py
[2025-05-22T00:13:48.111+0000] {processor.py:925} INFO - DAG(s) 'csv_to_parquet' retrieved from /opt/airflow/dags/.ipynb_checkpoints/log_to_csv-checkpoint.py
[2025-05-22T00:13:48.149+0000] {logging_mixin.py:190} INFO - [2025-05-22T00:13:48.149+0000] {dag.py:3229} INFO - Sync 1 DAGs
[2025-05-22T00:13:48.156+0000] {logging_mixin.py:190} INFO - [2025-05-22T00:13:48.156+0000] {dag.py:4156} INFO - Setting next_dagrun for csv_to_parquet to 2025-05-22 00:05:00+00:00, run_after=2025-05-22 00:05:00+00:00
[2025-05-22T00:13:48.162+0000] {processor.py:208} INFO - Processing /opt/airflow/dags/.ipynb_checkpoints/log_to_csv-checkpoint.py took 0.212 seconds
[2025-05-22T00:14:18.742+0000] {processor.py:186} INFO - Started process (PID=508) to work on /opt/airflow/dags/.ipynb_checkpoints/log_to_csv-checkpoint.py
[2025-05-22T00:14:18.748+0000] {processor.py:914} INFO - Processing file /opt/airflow/dags/.ipynb_checkpoints/log_to_csv-checkpoint.py for tasks to queue
[2025-05-22T00:14:18.751+0000] {logging_mixin.py:190} INFO - [2025-05-22T00:14:18.750+0000] {dagbag.py:587} INFO - Filling up the DagBag from /opt/airflow/dags/.ipynb_checkpoints/log_to_csv-checkpoint.py
[2025-05-22T00:14:18.892+0000] {processor.py:925} INFO - DAG(s) 'csv_to_parquet' retrieved from /opt/airflow/dags/.ipynb_checkpoints/log_to_csv-checkpoint.py
[2025-05-22T00:14:18.900+0000] {logging_mixin.py:190} INFO - [2025-05-22T00:14:18.900+0000] {dag.py:3229} INFO - Sync 1 DAGs
[2025-05-22T00:14:18.908+0000] {logging_mixin.py:190} INFO - [2025-05-22T00:14:18.908+0000] {dag.py:4156} INFO - Setting next_dagrun for csv_to_parquet to 2025-05-22 00:05:00+00:00, run_after=2025-05-22 00:05:00+00:00
[2025-05-22T00:14:18.914+0000] {processor.py:208} INFO - Processing /opt/airflow/dags/.ipynb_checkpoints/log_to_csv-checkpoint.py took 0.177 seconds
[2025-05-22T00:14:49.466+0000] {processor.py:186} INFO - Started process (PID=518) to work on /opt/airflow/dags/.ipynb_checkpoints/log_to_csv-checkpoint.py
[2025-05-22T00:14:49.467+0000] {processor.py:914} INFO - Processing file /opt/airflow/dags/.ipynb_checkpoints/log_to_csv-checkpoint.py for tasks to queue
[2025-05-22T00:14:49.477+0000] {logging_mixin.py:190} INFO - [2025-05-22T00:14:49.476+0000] {dagbag.py:587} INFO - Filling up the DagBag from /opt/airflow/dags/.ipynb_checkpoints/log_to_csv-checkpoint.py
[2025-05-22T00:14:49.657+0000] {processor.py:925} INFO - DAG(s) 'csv_to_parquet' retrieved from /opt/airflow/dags/.ipynb_checkpoints/log_to_csv-checkpoint.py
[2025-05-22T00:14:49.700+0000] {logging_mixin.py:190} INFO - [2025-05-22T00:14:49.700+0000] {dag.py:3229} INFO - Sync 1 DAGs
[2025-05-22T00:14:49.707+0000] {logging_mixin.py:190} INFO - [2025-05-22T00:14:49.707+0000] {dag.py:4156} INFO - Setting next_dagrun for csv_to_parquet to 2025-05-22 00:05:00+00:00, run_after=2025-05-22 00:05:00+00:00
[2025-05-22T00:14:49.714+0000] {processor.py:208} INFO - Processing /opt/airflow/dags/.ipynb_checkpoints/log_to_csv-checkpoint.py took 0.253 seconds
[2025-05-22T00:15:20.343+0000] {processor.py:186} INFO - Started process (PID=528) to work on /opt/airflow/dags/.ipynb_checkpoints/log_to_csv-checkpoint.py
[2025-05-22T00:15:20.344+0000] {processor.py:914} INFO - Processing file /opt/airflow/dags/.ipynb_checkpoints/log_to_csv-checkpoint.py for tasks to queue
[2025-05-22T00:15:20.344+0000] {logging_mixin.py:190} INFO - [2025-05-22T00:15:20.344+0000] {dagbag.py:587} INFO - Filling up the DagBag from /opt/airflow/dags/.ipynb_checkpoints/log_to_csv-checkpoint.py
[2025-05-22T00:15:20.405+0000] {processor.py:925} INFO - DAG(s) 'csv_to_parquet' retrieved from /opt/airflow/dags/.ipynb_checkpoints/log_to_csv-checkpoint.py
[2025-05-22T00:15:20.416+0000] {logging_mixin.py:190} INFO - [2025-05-22T00:15:20.416+0000] {dag.py:3229} INFO - Sync 1 DAGs
[2025-05-22T00:15:20.425+0000] {logging_mixin.py:190} INFO - [2025-05-22T00:15:20.425+0000] {dag.py:4156} INFO - Setting next_dagrun for csv_to_parquet to 2025-05-22 00:05:00+00:00, run_after=2025-05-22 00:05:00+00:00
[2025-05-22T00:15:20.431+0000] {processor.py:208} INFO - Processing /opt/airflow/dags/.ipynb_checkpoints/log_to_csv-checkpoint.py took 0.091 seconds
[2025-05-22T00:15:51.048+0000] {processor.py:186} INFO - Started process (PID=538) to work on /opt/airflow/dags/.ipynb_checkpoints/log_to_csv-checkpoint.py
[2025-05-22T00:15:51.053+0000] {processor.py:914} INFO - Processing file /opt/airflow/dags/.ipynb_checkpoints/log_to_csv-checkpoint.py for tasks to queue
[2025-05-22T00:15:51.056+0000] {logging_mixin.py:190} INFO - [2025-05-22T00:15:51.055+0000] {dagbag.py:587} INFO - Filling up the DagBag from /opt/airflow/dags/.ipynb_checkpoints/log_to_csv-checkpoint.py
[2025-05-22T00:15:51.115+0000] {processor.py:925} INFO - DAG(s) 'csv_to_parquet' retrieved from /opt/airflow/dags/.ipynb_checkpoints/log_to_csv-checkpoint.py
[2025-05-22T00:15:51.155+0000] {logging_mixin.py:190} INFO - [2025-05-22T00:15:51.155+0000] {dag.py:3229} INFO - Sync 1 DAGs
[2025-05-22T00:15:51.164+0000] {logging_mixin.py:190} INFO - [2025-05-22T00:15:51.163+0000] {dag.py:4156} INFO - Setting next_dagrun for csv_to_parquet to 2025-05-22 00:05:00+00:00, run_after=2025-05-22 00:05:00+00:00
[2025-05-22T00:15:51.170+0000] {processor.py:208} INFO - Processing /opt/airflow/dags/.ipynb_checkpoints/log_to_csv-checkpoint.py took 0.128 seconds
[2025-05-22T00:16:21.665+0000] {processor.py:186} INFO - Started process (PID=548) to work on /opt/airflow/dags/.ipynb_checkpoints/log_to_csv-checkpoint.py
[2025-05-22T00:16:21.666+0000] {processor.py:914} INFO - Processing file /opt/airflow/dags/.ipynb_checkpoints/log_to_csv-checkpoint.py for tasks to queue
[2025-05-22T00:16:21.667+0000] {logging_mixin.py:190} INFO - [2025-05-22T00:16:21.667+0000] {dagbag.py:587} INFO - Filling up the DagBag from /opt/airflow/dags/.ipynb_checkpoints/log_to_csv-checkpoint.py
[2025-05-22T00:16:21.733+0000] {processor.py:925} INFO - DAG(s) 'csv_to_parquet' retrieved from /opt/airflow/dags/.ipynb_checkpoints/log_to_csv-checkpoint.py
[2025-05-22T00:16:21.743+0000] {logging_mixin.py:190} INFO - [2025-05-22T00:16:21.743+0000] {dag.py:3229} INFO - Sync 1 DAGs
[2025-05-22T00:16:21.755+0000] {logging_mixin.py:190} INFO - [2025-05-22T00:16:21.754+0000] {dag.py:4156} INFO - Setting next_dagrun for csv_to_parquet to 2025-05-22 00:05:00+00:00, run_after=2025-05-22 00:05:00+00:00
[2025-05-22T00:16:21.764+0000] {processor.py:208} INFO - Processing /opt/airflow/dags/.ipynb_checkpoints/log_to_csv-checkpoint.py took 0.102 seconds
[2025-05-22T00:16:52.347+0000] {processor.py:186} INFO - Started process (PID=558) to work on /opt/airflow/dags/.ipynb_checkpoints/log_to_csv-checkpoint.py
[2025-05-22T00:16:52.347+0000] {processor.py:914} INFO - Processing file /opt/airflow/dags/.ipynb_checkpoints/log_to_csv-checkpoint.py for tasks to queue
[2025-05-22T00:16:52.349+0000] {logging_mixin.py:190} INFO - [2025-05-22T00:16:52.348+0000] {dagbag.py:587} INFO - Filling up the DagBag from /opt/airflow/dags/.ipynb_checkpoints/log_to_csv-checkpoint.py
[2025-05-22T00:16:52.409+0000] {processor.py:925} INFO - DAG(s) 'csv_to_parquet' retrieved from /opt/airflow/dags/.ipynb_checkpoints/log_to_csv-checkpoint.py
[2025-05-22T00:16:52.453+0000] {logging_mixin.py:190} INFO - [2025-05-22T00:16:52.453+0000] {dag.py:3229} INFO - Sync 1 DAGs
[2025-05-22T00:16:52.463+0000] {logging_mixin.py:190} INFO - [2025-05-22T00:16:52.463+0000] {dag.py:4156} INFO - Setting next_dagrun for csv_to_parquet to 2025-05-22 00:05:00+00:00, run_after=2025-05-22 00:05:00+00:00
[2025-05-22T00:16:52.470+0000] {processor.py:208} INFO - Processing /opt/airflow/dags/.ipynb_checkpoints/log_to_csv-checkpoint.py took 0.126 seconds
[2025-05-22T00:17:23.019+0000] {processor.py:186} INFO - Started process (PID=561) to work on /opt/airflow/dags/.ipynb_checkpoints/log_to_csv-checkpoint.py
[2025-05-22T00:17:23.021+0000] {processor.py:914} INFO - Processing file /opt/airflow/dags/.ipynb_checkpoints/log_to_csv-checkpoint.py for tasks to queue
[2025-05-22T00:17:23.023+0000] {logging_mixin.py:190} INFO - [2025-05-22T00:17:23.022+0000] {dagbag.py:587} INFO - Filling up the DagBag from /opt/airflow/dags/.ipynb_checkpoints/log_to_csv-checkpoint.py
[2025-05-22T00:17:23.109+0000] {processor.py:925} INFO - DAG(s) 'csv_to_parquet' retrieved from /opt/airflow/dags/.ipynb_checkpoints/log_to_csv-checkpoint.py
[2025-05-22T00:17:23.119+0000] {logging_mixin.py:190} INFO - [2025-05-22T00:17:23.119+0000] {dag.py:3229} INFO - Sync 1 DAGs
[2025-05-22T00:17:23.129+0000] {logging_mixin.py:190} INFO - [2025-05-22T00:17:23.129+0000] {dag.py:4156} INFO - Setting next_dagrun for csv_to_parquet to 2025-05-22 00:05:00+00:00, run_after=2025-05-22 00:05:00+00:00
[2025-05-22T00:17:23.135+0000] {processor.py:208} INFO - Processing /opt/airflow/dags/.ipynb_checkpoints/log_to_csv-checkpoint.py took 0.122 seconds
[2025-05-22T00:17:53.738+0000] {processor.py:186} INFO - Started process (PID=571) to work on /opt/airflow/dags/.ipynb_checkpoints/log_to_csv-checkpoint.py
[2025-05-22T00:17:53.746+0000] {processor.py:914} INFO - Processing file /opt/airflow/dags/.ipynb_checkpoints/log_to_csv-checkpoint.py for tasks to queue
[2025-05-22T00:17:53.749+0000] {logging_mixin.py:190} INFO - [2025-05-22T00:17:53.749+0000] {dagbag.py:587} INFO - Filling up the DagBag from /opt/airflow/dags/.ipynb_checkpoints/log_to_csv-checkpoint.py
[2025-05-22T00:17:53.812+0000] {processor.py:925} INFO - DAG(s) 'csv_to_parquet' retrieved from /opt/airflow/dags/.ipynb_checkpoints/log_to_csv-checkpoint.py
[2025-05-22T00:17:53.861+0000] {logging_mixin.py:190} INFO - [2025-05-22T00:17:53.861+0000] {dag.py:3229} INFO - Sync 1 DAGs
[2025-05-22T00:17:53.869+0000] {logging_mixin.py:190} INFO - [2025-05-22T00:17:53.868+0000] {dag.py:4156} INFO - Setting next_dagrun for csv_to_parquet to 2025-05-22 00:05:00+00:00, run_after=2025-05-22 00:05:00+00:00
[2025-05-22T00:17:53.875+0000] {processor.py:208} INFO - Processing /opt/airflow/dags/.ipynb_checkpoints/log_to_csv-checkpoint.py took 0.141 seconds
[2025-05-22T00:18:24.471+0000] {processor.py:186} INFO - Started process (PID=581) to work on /opt/airflow/dags/.ipynb_checkpoints/log_to_csv-checkpoint.py
[2025-05-22T00:18:24.475+0000] {processor.py:914} INFO - Processing file /opt/airflow/dags/.ipynb_checkpoints/log_to_csv-checkpoint.py for tasks to queue
[2025-05-22T00:18:24.478+0000] {logging_mixin.py:190} INFO - [2025-05-22T00:18:24.477+0000] {dagbag.py:587} INFO - Filling up the DagBag from /opt/airflow/dags/.ipynb_checkpoints/log_to_csv-checkpoint.py
[2025-05-22T00:18:24.537+0000] {processor.py:925} INFO - DAG(s) 'csv_to_parquet' retrieved from /opt/airflow/dags/.ipynb_checkpoints/log_to_csv-checkpoint.py
[2025-05-22T00:18:24.549+0000] {logging_mixin.py:190} INFO - [2025-05-22T00:18:24.549+0000] {dag.py:3229} INFO - Sync 1 DAGs
[2025-05-22T00:18:24.557+0000] {logging_mixin.py:190} INFO - [2025-05-22T00:18:24.557+0000] {dag.py:4156} INFO - Setting next_dagrun for csv_to_parquet to 2025-05-22 00:05:00+00:00, run_after=2025-05-22 00:05:00+00:00
[2025-05-22T00:18:24.565+0000] {processor.py:208} INFO - Processing /opt/airflow/dags/.ipynb_checkpoints/log_to_csv-checkpoint.py took 0.101 seconds
[2025-05-22T00:18:55.200+0000] {processor.py:186} INFO - Started process (PID=591) to work on /opt/airflow/dags/.ipynb_checkpoints/log_to_csv-checkpoint.py
[2025-05-22T00:18:55.201+0000] {processor.py:914} INFO - Processing file /opt/airflow/dags/.ipynb_checkpoints/log_to_csv-checkpoint.py for tasks to queue
[2025-05-22T00:18:55.202+0000] {logging_mixin.py:190} INFO - [2025-05-22T00:18:55.202+0000] {dagbag.py:587} INFO - Filling up the DagBag from /opt/airflow/dags/.ipynb_checkpoints/log_to_csv-checkpoint.py
[2025-05-22T00:18:55.295+0000] {processor.py:925} INFO - DAG(s) 'csv_to_parquet' retrieved from /opt/airflow/dags/.ipynb_checkpoints/log_to_csv-checkpoint.py
[2025-05-22T00:18:55.343+0000] {logging_mixin.py:190} INFO - [2025-05-22T00:18:55.343+0000] {dag.py:3229} INFO - Sync 1 DAGs
[2025-05-22T00:18:55.351+0000] {logging_mixin.py:190} INFO - [2025-05-22T00:18:55.351+0000] {dag.py:4156} INFO - Setting next_dagrun for csv_to_parquet to 2025-05-22 00:05:00+00:00, run_after=2025-05-22 00:05:00+00:00
[2025-05-22T00:18:55.358+0000] {processor.py:208} INFO - Processing /opt/airflow/dags/.ipynb_checkpoints/log_to_csv-checkpoint.py took 0.162 seconds
[2025-05-22T00:19:25.960+0000] {processor.py:186} INFO - Started process (PID=601) to work on /opt/airflow/dags/.ipynb_checkpoints/log_to_csv-checkpoint.py
[2025-05-22T00:19:25.960+0000] {processor.py:914} INFO - Processing file /opt/airflow/dags/.ipynb_checkpoints/log_to_csv-checkpoint.py for tasks to queue
[2025-05-22T00:19:25.963+0000] {logging_mixin.py:190} INFO - [2025-05-22T00:19:25.963+0000] {dagbag.py:587} INFO - Filling up the DagBag from /opt/airflow/dags/.ipynb_checkpoints/log_to_csv-checkpoint.py
[2025-05-22T00:19:26.023+0000] {processor.py:925} INFO - DAG(s) 'csv_to_parquet' retrieved from /opt/airflow/dags/.ipynb_checkpoints/log_to_csv-checkpoint.py
[2025-05-22T00:19:26.040+0000] {logging_mixin.py:190} INFO - [2025-05-22T00:19:26.040+0000] {dag.py:3229} INFO - Sync 1 DAGs
[2025-05-22T00:19:26.050+0000] {logging_mixin.py:190} INFO - [2025-05-22T00:19:26.050+0000] {dag.py:4156} INFO - Setting next_dagrun for csv_to_parquet to 2025-05-22 00:05:00+00:00, run_after=2025-05-22 00:05:00+00:00
[2025-05-22T00:19:26.056+0000] {processor.py:208} INFO - Processing /opt/airflow/dags/.ipynb_checkpoints/log_to_csv-checkpoint.py took 0.101 seconds
[2025-05-22T00:19:56.619+0000] {processor.py:186} INFO - Started process (PID=611) to work on /opt/airflow/dags/.ipynb_checkpoints/log_to_csv-checkpoint.py
[2025-05-22T00:19:56.620+0000] {processor.py:914} INFO - Processing file /opt/airflow/dags/.ipynb_checkpoints/log_to_csv-checkpoint.py for tasks to queue
[2025-05-22T00:19:56.621+0000] {logging_mixin.py:190} INFO - [2025-05-22T00:19:56.621+0000] {dagbag.py:587} INFO - Filling up the DagBag from /opt/airflow/dags/.ipynb_checkpoints/log_to_csv-checkpoint.py
[2025-05-22T00:19:56.700+0000] {processor.py:925} INFO - DAG(s) 'csv_to_parquet' retrieved from /opt/airflow/dags/.ipynb_checkpoints/log_to_csv-checkpoint.py
