[2025-05-22T12:47:23.959+0000] {local_task_job_runner.py:123} INFO - ::group::Pre task execution logs
[2025-05-22T12:47:23.968+0000] {taskinstance.py:2612} INFO - Dependencies all met for dep_context=non-requeueable deps ti=<TaskInstance: kafka_to_minio_to_spark.spark_etl scheduled__2025-05-21T16:00:00+00:00 [queued]>
[2025-05-22T12:47:23.972+0000] {taskinstance.py:2612} INFO - Dependencies all met for dep_context=requeueable deps ti=<TaskInstance: kafka_to_minio_to_spark.spark_etl scheduled__2025-05-21T16:00:00+00:00 [queued]>
[2025-05-22T12:47:23.972+0000] {taskinstance.py:2865} INFO - Starting attempt 42 of 44
[2025-05-22T12:47:23.977+0000] {taskinstance.py:2888} INFO - Executing <Task(SparkSubmitOperator): spark_etl> on 2025-05-21 16:00:00+00:00
[2025-05-22T12:47:23.980+0000] {standard_task_runner.py:72} INFO - Started process 64 to run task
[2025-05-22T12:47:23.983+0000] {standard_task_runner.py:104} INFO - Running: ['***', 'tasks', 'run', 'kafka_to_minio_to_spark', 'spark_etl', 'scheduled__2025-05-21T16:00:00+00:00', '--job-id', '316', '--raw', '--subdir', 'DAGS_FOLDER/testlog_ml.py', '--cfg-path', '/tmp/tmppze14avn']
[2025-05-22T12:47:23.984+0000] {standard_task_runner.py:105} INFO - Job 316: Subtask spark_etl
[2025-05-22T12:47:24.002+0000] {task_command.py:467} INFO - Running <TaskInstance: kafka_to_minio_to_spark.spark_etl scheduled__2025-05-21T16:00:00+00:00 [running]> on host 3337e7bd3891
[2025-05-22T12:47:24.029+0000] {taskinstance.py:3131} INFO - Exporting env vars: AIRFLOW_CTX_DAG_OWNER='***' AIRFLOW_CTX_DAG_ID='kafka_to_minio_to_spark' AIRFLOW_CTX_TASK_ID='spark_etl' AIRFLOW_CTX_EXECUTION_DATE='2025-05-21T16:00:00+00:00' AIRFLOW_CTX_TRY_NUMBER='42' AIRFLOW_CTX_DAG_RUN_ID='scheduled__2025-05-21T16:00:00+00:00'
[2025-05-22T12:47:24.030+0000] {taskinstance.py:731} INFO - ::endgroup::
[2025-05-22T12:47:24.040+0000] {spark_submit.py:219} INFO - Could not load connection string spark_default, defaulting to yarn
[2025-05-22T12:47:24.041+0000] {spark_submit.py:341} INFO - Spark-Submit cmd: spark-submit --master yarn --conf spark.hadoop.fs.s3a.endpoint=http://3.38.135.214:9000 --conf spark.hadoop.fs.s3a.access.key=minioadmin --conf spark.hadoop.fs.s3a.secret.key=****** --conf spark.hadoop.fs.s3a.impl=org.apache.hadoop.fs.s3a.S3AFileSystem --conf spark.hadoop.fs.s3a.path.style.access=true --conf spark.hadoop.fs.s3a.connection.ssl.enabled=false --conf spark.hadoop.fs.s3a.aws.credentials.provider= --jars /opt/spark/jars/hadoop-aws-3.3.1.jar,/opt/spark/jars/aws-java-sdk-bundle-1.11.901.jar,/opt/spark/jars/postgresql-42.7.4.jar --name arrow-spark /opt/spark/testlog_ml_spark.py
[2025-05-22T12:47:24.684+0000] {spark_submit.py:492} INFO - Exception in thread "main" org.apache.spark.SparkException: When running with master 'yarn' either HADOOP_CONF_DIR or YARN_CONF_DIR must be set in the environment.
[2025-05-22T12:47:24.685+0000] {spark_submit.py:492} INFO - at org.apache.spark.deploy.SparkSubmitArguments.error(SparkSubmitArguments.scala:650)
[2025-05-22T12:47:24.685+0000] {spark_submit.py:492} INFO - at org.apache.spark.deploy.SparkSubmitArguments.validateSubmitArguments(SparkSubmitArguments.scala:281)
[2025-05-22T12:47:24.685+0000] {spark_submit.py:492} INFO - at org.apache.spark.deploy.SparkSubmitArguments.validateArguments(SparkSubmitArguments.scala:237)
[2025-05-22T12:47:24.685+0000] {spark_submit.py:492} INFO - at org.apache.spark.deploy.SparkSubmitArguments.<init>(SparkSubmitArguments.scala:122)
[2025-05-22T12:47:24.685+0000] {spark_submit.py:492} INFO - at org.apache.spark.deploy.SparkSubmit$$anon$2$$anon$3.<init>(SparkSubmit.scala:1103)
[2025-05-22T12:47:24.685+0000] {spark_submit.py:492} INFO - at org.apache.spark.deploy.SparkSubmit$$anon$2.parseArguments(SparkSubmit.scala:1103)
[2025-05-22T12:47:24.686+0000] {spark_submit.py:492} INFO - at org.apache.spark.deploy.SparkSubmit.doSubmit(SparkSubmit.scala:86)
[2025-05-22T12:47:24.686+0000] {spark_submit.py:492} INFO - at org.apache.spark.deploy.SparkSubmit$$anon$2.doSubmit(SparkSubmit.scala:1120)
[2025-05-22T12:47:24.686+0000] {spark_submit.py:492} INFO - at org.apache.spark.deploy.SparkSubmit$.main(SparkSubmit.scala:1129)
[2025-05-22T12:47:24.686+0000] {spark_submit.py:492} INFO - at org.apache.spark.deploy.SparkSubmit.main(SparkSubmit.scala)
[2025-05-22T12:47:24.706+0000] {taskinstance.py:3310} ERROR - Task failed with exception
Traceback (most recent call last):
  File "/home/airflow/.local/lib/python3.10/site-packages/airflow/models/taskinstance.py", line 762, in _execute_task
    result = _execute_callable(context=context, **execute_callable_kwargs)
  File "/home/airflow/.local/lib/python3.10/site-packages/airflow/models/taskinstance.py", line 733, in _execute_callable
    return ExecutionCallableRunner(
  File "/home/airflow/.local/lib/python3.10/site-packages/airflow/utils/operator_helpers.py", line 252, in run
    return self.func(*args, **kwargs)
  File "/home/airflow/.local/lib/python3.10/site-packages/airflow/models/baseoperator.py", line 406, in wrapper
    return func(self, *args, **kwargs)
  File "/home/airflow/.local/lib/python3.10/site-packages/airflow/providers/apache/spark/operators/spark_submit.py", line 157, in execute
    self._hook.submit(self._application)
  File "/home/airflow/.local/lib/python3.10/site-packages/airflow/providers/apache/spark/hooks/spark_submit.py", line 423, in submit
    raise AirflowException(
airflow.exceptions.AirflowException: Cannot execute: spark-submit --master yarn --conf spark.hadoop.fs.s3a.endpoint=http://3.38.135.214:9000 --conf spark.hadoop.fs.s3a.access.key=minioadmin --conf spark.hadoop.fs.s3a.secret.key=****** --conf spark.hadoop.fs.s3a.impl=org.apache.hadoop.fs.s3a.S3AFileSystem --conf spark.hadoop.fs.s3a.path.style.access=true --conf spark.hadoop.fs.s3a.connection.ssl.enabled=false --conf spark.hadoop.fs.s3a.aws.credentials.provider= --jars /opt/spark/jars/hadoop-aws-3.3.1.jar,/opt/spark/jars/aws-java-sdk-bundle-1.11.901.jar,/opt/spark/jars/postgresql-42.7.4.jar --name arrow-spark /opt/spark/testlog_ml_spark.py. Error code is: 1.
[2025-05-22T12:47:24.709+0000] {taskinstance.py:1225} INFO - Marking task as UP_FOR_RETRY. dag_id=kafka_to_minio_to_spark, task_id=spark_etl, run_id=scheduled__2025-05-21T16:00:00+00:00, execution_date=20250521T160000, start_date=20250522T124723, end_date=20250522T124724
[2025-05-22T12:47:24.715+0000] {taskinstance.py:340} INFO - ::group::Post task execution logs
[2025-05-22T12:47:24.716+0000] {standard_task_runner.py:124} ERROR - Failed to execute job 316 for task spark_etl (Cannot execute: spark-submit --master yarn --conf spark.hadoop.fs.s3a.endpoint=http://3.38.135.214:9000 --conf spark.hadoop.fs.s3a.access.key=minioadmin --conf spark.hadoop.fs.s3a.secret.key=****** --conf spark.hadoop.fs.s3a.impl=org.apache.hadoop.fs.s3a.S3AFileSystem --conf spark.hadoop.fs.s3a.path.style.access=true --conf spark.hadoop.fs.s3a.connection.ssl.enabled=false --conf spark.hadoop.fs.s3a.aws.credentials.provider= --jars /opt/spark/jars/hadoop-aws-3.3.1.jar,/opt/spark/jars/aws-java-sdk-bundle-1.11.901.jar,/opt/spark/jars/postgresql-42.7.4.jar --name arrow-spark /opt/spark/testlog_ml_spark.py. Error code is: 1.; 64)
Traceback (most recent call last):
  File "/home/airflow/.local/lib/python3.10/site-packages/airflow/task/task_runner/standard_task_runner.py", line 117, in _start_by_fork
    ret = args.func(args, dag=self.dag)
  File "/home/airflow/.local/lib/python3.10/site-packages/airflow/cli/cli_config.py", line 49, in command
    return func(*args, **kwargs)
  File "/home/airflow/.local/lib/python3.10/site-packages/airflow/utils/cli.py", line 115, in wrapper
    return f(*args, **kwargs)
  File "/home/airflow/.local/lib/python3.10/site-packages/airflow/cli/commands/task_command.py", line 483, in task_run
    task_return_code = _run_task_by_selected_method(args, _dag, ti)
  File "/home/airflow/.local/lib/python3.10/site-packages/airflow/cli/commands/task_command.py", line 256, in _run_task_by_selected_method
    return _run_raw_task(args, ti)
  File "/home/airflow/.local/lib/python3.10/site-packages/airflow/cli/commands/task_command.py", line 341, in _run_raw_task
    return ti._run_raw_task(
  File "/home/airflow/.local/lib/python3.10/site-packages/airflow/utils/session.py", line 97, in wrapper
    return func(*args, session=session, **kwargs)
  File "/home/airflow/.local/lib/python3.10/site-packages/airflow/models/taskinstance.py", line 3004, in _run_raw_task
    return _run_raw_task(
  File "/home/airflow/.local/lib/python3.10/site-packages/airflow/models/taskinstance.py", line 273, in _run_raw_task
    TaskInstance._execute_task_with_callbacks(
  File "/home/airflow/.local/lib/python3.10/site-packages/airflow/models/taskinstance.py", line 3158, in _execute_task_with_callbacks
    result = self._execute_task(context, task_orig)
  File "/home/airflow/.local/lib/python3.10/site-packages/airflow/models/taskinstance.py", line 3182, in _execute_task
    return _execute_task(self, context, task_orig)
  File "/home/airflow/.local/lib/python3.10/site-packages/airflow/models/taskinstance.py", line 762, in _execute_task
    result = _execute_callable(context=context, **execute_callable_kwargs)
  File "/home/airflow/.local/lib/python3.10/site-packages/airflow/models/taskinstance.py", line 733, in _execute_callable
    return ExecutionCallableRunner(
  File "/home/airflow/.local/lib/python3.10/site-packages/airflow/utils/operator_helpers.py", line 252, in run
    return self.func(*args, **kwargs)
  File "/home/airflow/.local/lib/python3.10/site-packages/airflow/models/baseoperator.py", line 406, in wrapper
    return func(self, *args, **kwargs)
  File "/home/airflow/.local/lib/python3.10/site-packages/airflow/providers/apache/spark/operators/spark_submit.py", line 157, in execute
    self._hook.submit(self._application)
  File "/home/airflow/.local/lib/python3.10/site-packages/airflow/providers/apache/spark/hooks/spark_submit.py", line 423, in submit
    raise AirflowException(
airflow.exceptions.AirflowException: Cannot execute: spark-submit --master yarn --conf spark.hadoop.fs.s3a.endpoint=http://3.38.135.214:9000 --conf spark.hadoop.fs.s3a.access.key=minioadmin --conf spark.hadoop.fs.s3a.secret.key=****** --conf spark.hadoop.fs.s3a.impl=org.apache.hadoop.fs.s3a.S3AFileSystem --conf spark.hadoop.fs.s3a.path.style.access=true --conf spark.hadoop.fs.s3a.connection.ssl.enabled=false --conf spark.hadoop.fs.s3a.aws.credentials.provider= --jars /opt/spark/jars/hadoop-aws-3.3.1.jar,/opt/spark/jars/aws-java-sdk-bundle-1.11.901.jar,/opt/spark/jars/postgresql-42.7.4.jar --name arrow-spark /opt/spark/testlog_ml_spark.py. Error code is: 1.
[2025-05-22T12:47:24.743+0000] {local_task_job_runner.py:266} INFO - Task exited with return code 1
[2025-05-22T12:47:24.750+0000] {taskinstance.py:3900} INFO - 0 downstream tasks scheduled from follow-on schedule check
[2025-05-22T12:47:24.750+0000] {local_task_job_runner.py:245} INFO - ::endgroup::
