[2025-05-22T13:06:59.655+0000] {local_task_job_runner.py:123} INFO - ::group::Pre task execution logs
[2025-05-22T13:06:59.663+0000] {taskinstance.py:2612} INFO - Dependencies all met for dep_context=non-requeueable deps ti=<TaskInstance: kafka_to_minio_to_spark.spark_etl scheduled__2025-05-21T16:00:00+00:00 [queued]>
[2025-05-22T13:06:59.666+0000] {taskinstance.py:2612} INFO - Dependencies all met for dep_context=requeueable deps ti=<TaskInstance: kafka_to_minio_to_spark.spark_etl scheduled__2025-05-21T16:00:00+00:00 [queued]>
[2025-05-22T13:06:59.666+0000] {taskinstance.py:2865} INFO - Starting attempt 52 of 54
[2025-05-22T13:06:59.671+0000] {taskinstance.py:2888} INFO - Executing <Task(SparkSubmitOperator): spark_etl> on 2025-05-21 16:00:00+00:00
[2025-05-22T13:06:59.673+0000] {standard_task_runner.py:72} INFO - Started process 1856 to run task
[2025-05-22T13:06:59.675+0000] {standard_task_runner.py:104} INFO - Running: ['***', 'tasks', 'run', 'kafka_to_minio_to_spark', 'spark_etl', 'scheduled__2025-05-21T16:00:00+00:00', '--job-id', '326', '--raw', '--subdir', 'DAGS_FOLDER/testlog_ml.py', '--cfg-path', '/tmp/tmpbdec1p7y']
[2025-05-22T13:06:59.676+0000] {standard_task_runner.py:105} INFO - Job 326: Subtask spark_etl
[2025-05-22T13:06:59.702+0000] {task_command.py:467} INFO - Running <TaskInstance: kafka_to_minio_to_spark.spark_etl scheduled__2025-05-21T16:00:00+00:00 [running]> on host 3337e7bd3891
[2025-05-22T13:06:59.732+0000] {taskinstance.py:3131} INFO - Exporting env vars: AIRFLOW_CTX_DAG_OWNER='***' AIRFLOW_CTX_DAG_ID='kafka_to_minio_to_spark' AIRFLOW_CTX_TASK_ID='spark_etl' AIRFLOW_CTX_EXECUTION_DATE='2025-05-21T16:00:00+00:00' AIRFLOW_CTX_TRY_NUMBER='52' AIRFLOW_CTX_DAG_RUN_ID='scheduled__2025-05-21T16:00:00+00:00'
[2025-05-22T13:06:59.732+0000] {taskinstance.py:731} INFO - ::endgroup::
[2025-05-22T13:06:59.741+0000] {base.py:84} INFO - Retrieving connection 'spark'
[2025-05-22T13:06:59.742+0000] {spark_submit.py:341} INFO - Spark-Submit cmd: spark-submit --master local --conf spark.hadoop.fs.s3a.endpoint=http://3.38.135.214:9000 --conf spark.hadoop.fs.s3a.access.key=minioadmin --conf spark.hadoop.fs.s3a.secret.key=****** --conf spark.hadoop.fs.s3a.impl=org.apache.hadoop.fs.s3a.S3AFileSystem --conf spark.hadoop.fs.s3a.path.style.access=true --conf spark.hadoop.fs.s3a.connection.ssl.enabled=false --conf spark.hadoop.fs.s3a.aws.credentials.provider= --jars /opt/spark/jars/hadoop-aws-3.3.1.jar,/opt/spark/jars/aws-java-sdk-bundle-1.11.901.jar,/opt/spark/jars/postgresql-42.7.4.jar --name arrow-spark /opt/spark/testlog_ml_spark.py
[2025-05-22T13:07:00.748+0000] {spark_submit.py:492} INFO - 25/05/22 13:07:00 WARN NativeCodeLoader: Unable to load native-hadoop library for your platform... using builtin-java classes where applicable
[2025-05-22T13:07:01.601+0000] {spark_submit.py:492} INFO - 25/05/22 13:07:01 INFO SparkContext: Running Spark version 3.5.1
[2025-05-22T13:07:01.604+0000] {spark_submit.py:492} INFO - 25/05/22 13:07:01 INFO SparkContext: OS info Linux, 6.10.14-linuxkit, aarch64
[2025-05-22T13:07:01.604+0000] {spark_submit.py:492} INFO - 25/05/22 13:07:01 INFO SparkContext: Java version 17.0.15
[2025-05-22T13:07:01.620+0000] {spark_submit.py:492} INFO - 25/05/22 13:07:01 INFO ResourceUtils: ==============================================================
[2025-05-22T13:07:01.621+0000] {spark_submit.py:492} INFO - 25/05/22 13:07:01 INFO ResourceUtils: No custom resources configured for spark.driver.
[2025-05-22T13:07:01.622+0000] {spark_submit.py:492} INFO - 25/05/22 13:07:01 INFO ResourceUtils: ==============================================================
[2025-05-22T13:07:01.623+0000] {spark_submit.py:492} INFO - 25/05/22 13:07:01 INFO SparkContext: Submitted application: arrow-spark
[2025-05-22T13:07:01.633+0000] {spark_submit.py:492} INFO - 25/05/22 13:07:01 INFO ResourceProfile: Default ResourceProfile created, executor resources: Map(cores -> name: cores, amount: 1, script: , vendor: , memory -> name: memory, amount: 1024, script: , vendor: , offHeap -> name: offHeap, amount: 0, script: , vendor: ), task resources: Map(cpus -> name: cpus, amount: 1.0)
[2025-05-22T13:07:01.640+0000] {spark_submit.py:492} INFO - 25/05/22 13:07:01 INFO ResourceProfile: Limiting resource is cpu
[2025-05-22T13:07:01.642+0000] {spark_submit.py:492} INFO - 25/05/22 13:07:01 INFO ResourceProfileManager: Added ResourceProfile id: 0
[2025-05-22T13:07:01.676+0000] {spark_submit.py:492} INFO - 25/05/22 13:07:01 INFO SecurityManager: Changing view acls to: ***
[2025-05-22T13:07:01.678+0000] {spark_submit.py:492} INFO - 25/05/22 13:07:01 INFO SecurityManager: Changing modify acls to: ***
[2025-05-22T13:07:01.680+0000] {spark_submit.py:492} INFO - 25/05/22 13:07:01 INFO SecurityManager: Changing view acls groups to:
[2025-05-22T13:07:01.682+0000] {spark_submit.py:492} INFO - 25/05/22 13:07:01 INFO SecurityManager: Changing modify acls groups to:
[2025-05-22T13:07:01.688+0000] {spark_submit.py:492} INFO - 25/05/22 13:07:01 INFO SecurityManager: SecurityManager: authentication disabled; ui acls disabled; users with view permissions: ***; groups with view permissions: EMPTY; users with modify permissions: ***; groups with modify permissions: EMPTY
[2025-05-22T13:07:01.878+0000] {spark_submit.py:492} INFO - 25/05/22 13:07:01 INFO Utils: Successfully started service 'sparkDriver' on port 35243.
[2025-05-22T13:07:01.907+0000] {spark_submit.py:492} INFO - 25/05/22 13:07:01 INFO SparkEnv: Registering MapOutputTracker
[2025-05-22T13:07:01.943+0000] {spark_submit.py:492} INFO - 25/05/22 13:07:01 INFO SparkEnv: Registering BlockManagerMaster
[2025-05-22T13:07:01.956+0000] {spark_submit.py:492} INFO - 25/05/22 13:07:01 INFO BlockManagerMasterEndpoint: Using org.apache.spark.storage.DefaultTopologyMapper for getting topology information
[2025-05-22T13:07:01.958+0000] {spark_submit.py:492} INFO - 25/05/22 13:07:01 INFO BlockManagerMasterEndpoint: BlockManagerMasterEndpoint up
[2025-05-22T13:07:01.961+0000] {spark_submit.py:492} INFO - 25/05/22 13:07:01 INFO SparkEnv: Registering BlockManagerMasterHeartbeat
[2025-05-22T13:07:01.977+0000] {spark_submit.py:492} INFO - 25/05/22 13:07:01 INFO DiskBlockManager: Created local directory at /tmp/blockmgr-defcd3d3-7f33-48d4-bea8-6df13714a27a
[2025-05-22T13:07:01.983+0000] {spark_submit.py:492} INFO - 25/05/22 13:07:01 INFO MemoryStore: MemoryStore started with capacity 434.4 MiB
[2025-05-22T13:07:01.989+0000] {spark_submit.py:492} INFO - 25/05/22 13:07:01 INFO SparkEnv: Registering OutputCommitCoordinator
[2025-05-22T13:07:02.036+0000] {spark_submit.py:492} INFO - 25/05/22 13:07:02 INFO JettyUtils: Start Jetty 0.0.0.0:4040 for SparkUI
[2025-05-22T13:07:02.060+0000] {spark_submit.py:492} INFO - 25/05/22 13:07:02 INFO Utils: Successfully started service 'SparkUI' on port 4040.
[2025-05-22T13:07:02.073+0000] {spark_submit.py:492} INFO - 25/05/22 13:07:02 INFO SparkContext: Added JAR file:///opt/spark/jars/hadoop-aws-3.3.1.jar at spark://3337e7bd3891:35243/jars/hadoop-aws-3.3.1.jar with timestamp 1747919221596
[2025-05-22T13:07:02.074+0000] {spark_submit.py:492} INFO - 25/05/22 13:07:02 INFO SparkContext: Added JAR file:///opt/spark/jars/aws-java-sdk-bundle-1.11.901.jar at spark://3337e7bd3891:35243/jars/aws-java-sdk-bundle-1.11.901.jar with timestamp 1747919221596
[2025-05-22T13:07:02.075+0000] {spark_submit.py:492} INFO - 25/05/22 13:07:02 INFO SparkContext: Added JAR file:///opt/spark/jars/postgresql-42.7.4.jar at spark://3337e7bd3891:35243/jars/postgresql-42.7.4.jar with timestamp 1747919221596
[2025-05-22T13:07:02.095+0000] {spark_submit.py:492} INFO - 25/05/22 13:07:02 INFO Executor: Starting executor ID driver on host 3337e7bd3891
[2025-05-22T13:07:02.096+0000] {spark_submit.py:492} INFO - 25/05/22 13:07:02 INFO Executor: OS info Linux, 6.10.14-linuxkit, aarch64
[2025-05-22T13:07:02.097+0000] {spark_submit.py:492} INFO - 25/05/22 13:07:02 INFO Executor: Java version 17.0.15
[2025-05-22T13:07:02.097+0000] {spark_submit.py:492} INFO - 25/05/22 13:07:02 INFO Executor: Starting executor with user classpath (userClassPathFirst = false): ''
[2025-05-22T13:07:02.098+0000] {spark_submit.py:492} INFO - 25/05/22 13:07:02 INFO Executor: Created or updated repl class loader org.apache.spark.util.MutableURLClassLoader@4914595 for default.
[2025-05-22T13:07:02.101+0000] {spark_submit.py:492} INFO - 25/05/22 13:07:02 INFO Executor: Fetching spark://3337e7bd3891:35243/jars/aws-java-sdk-bundle-1.11.901.jar with timestamp 1747919221596
[2025-05-22T13:07:02.119+0000] {spark_submit.py:492} INFO - 25/05/22 13:07:02 INFO TransportClientFactory: Successfully created connection to 3337e7bd3891/172.27.0.4:35243 after 8 ms (0 ms spent in bootstraps)
[2025-05-22T13:07:02.122+0000] {spark_submit.py:492} INFO - 25/05/22 13:07:02 INFO Utils: Fetching spark://3337e7bd3891:35243/jars/aws-java-sdk-bundle-1.11.901.jar to /tmp/spark-2518d4a6-ae3d-46a7-b8dd-d5d620c5d7e7/userFiles-302f8037-42fd-4ff9-900a-3b59387a7381/fetchFileTemp13335693857285532222.tmp
[2025-05-22T13:07:02.315+0000] {spark_submit.py:492} INFO - 25/05/22 13:07:02 INFO Executor: Adding file:/tmp/spark-2518d4a6-ae3d-46a7-b8dd-d5d620c5d7e7/userFiles-302f8037-42fd-4ff9-900a-3b59387a7381/aws-java-sdk-bundle-1.11.901.jar to class loader default
[2025-05-22T13:07:02.315+0000] {spark_submit.py:492} INFO - 25/05/22 13:07:02 INFO Executor: Fetching spark://3337e7bd3891:35243/jars/hadoop-aws-3.3.1.jar with timestamp 1747919221596
[2025-05-22T13:07:02.316+0000] {spark_submit.py:492} INFO - 25/05/22 13:07:02 INFO Utils: Fetching spark://3337e7bd3891:35243/jars/hadoop-aws-3.3.1.jar to /tmp/spark-2518d4a6-ae3d-46a7-b8dd-d5d620c5d7e7/userFiles-302f8037-42fd-4ff9-900a-3b59387a7381/fetchFileTemp7041889862897110929.tmp
[2025-05-22T13:07:02.320+0000] {spark_submit.py:492} INFO - 25/05/22 13:07:02 INFO Executor: Adding file:/tmp/spark-2518d4a6-ae3d-46a7-b8dd-d5d620c5d7e7/userFiles-302f8037-42fd-4ff9-900a-3b59387a7381/hadoop-aws-3.3.1.jar to class loader default
[2025-05-22T13:07:02.321+0000] {spark_submit.py:492} INFO - 25/05/22 13:07:02 INFO Executor: Fetching spark://3337e7bd3891:35243/jars/postgresql-42.7.4.jar with timestamp 1747919221596
[2025-05-22T13:07:02.322+0000] {spark_submit.py:492} INFO - 25/05/22 13:07:02 INFO Utils: Fetching spark://3337e7bd3891:35243/jars/postgresql-42.7.4.jar to /tmp/spark-2518d4a6-ae3d-46a7-b8dd-d5d620c5d7e7/userFiles-302f8037-42fd-4ff9-900a-3b59387a7381/fetchFileTemp2053299754183475175.tmp
[2025-05-22T13:07:02.327+0000] {spark_submit.py:492} INFO - 25/05/22 13:07:02 INFO Executor: Adding file:/tmp/spark-2518d4a6-ae3d-46a7-b8dd-d5d620c5d7e7/userFiles-302f8037-42fd-4ff9-900a-3b59387a7381/postgresql-42.7.4.jar to class loader default
[2025-05-22T13:07:02.332+0000] {spark_submit.py:492} INFO - 25/05/22 13:07:02 INFO Utils: Successfully started service 'org.apache.spark.network.netty.NettyBlockTransferService' on port 33233.
[2025-05-22T13:07:02.332+0000] {spark_submit.py:492} INFO - 25/05/22 13:07:02 INFO NettyBlockTransferService: Server created on 3337e7bd3891:33233
[2025-05-22T13:07:02.333+0000] {spark_submit.py:492} INFO - 25/05/22 13:07:02 INFO BlockManager: Using org.apache.spark.storage.RandomBlockReplicationPolicy for block replication policy
[2025-05-22T13:07:02.337+0000] {spark_submit.py:492} INFO - 25/05/22 13:07:02 INFO BlockManagerMaster: Registering BlockManager BlockManagerId(driver, 3337e7bd3891, 33233, None)
[2025-05-22T13:07:02.339+0000] {spark_submit.py:492} INFO - 25/05/22 13:07:02 INFO BlockManagerMasterEndpoint: Registering block manager 3337e7bd3891:33233 with 434.4 MiB RAM, BlockManagerId(driver, 3337e7bd3891, 33233, None)
[2025-05-22T13:07:02.342+0000] {spark_submit.py:492} INFO - 25/05/22 13:07:02 INFO BlockManagerMaster: Registered BlockManager BlockManagerId(driver, 3337e7bd3891, 33233, None)
[2025-05-22T13:07:02.343+0000] {spark_submit.py:492} INFO - 25/05/22 13:07:02 INFO BlockManager: Initialized BlockManager: BlockManagerId(driver, 3337e7bd3891, 33233, None)
[2025-05-22T13:07:02.476+0000] {spark_submit.py:492} INFO - 25/05/22 13:07:02 INFO SharedState: Setting hive.metastore.warehouse.dir ('null') to the value of spark.sql.warehouse.dir.
[2025-05-22T13:07:02.477+0000] {spark_submit.py:492} INFO - 25/05/22 13:07:02 INFO SharedState: Warehouse path is 'file:/opt/***/spark-warehouse'.
[2025-05-22T13:07:02.829+0000] {spark_submit.py:492} INFO - 25/05/22 13:07:02 WARN MetricsConfig: Cannot locate configuration: tried hadoop-metrics2-s3a-file-system.properties,hadoop-metrics2.properties
[2025-05-22T13:07:02.834+0000] {spark_submit.py:492} INFO - 25/05/22 13:07:02 INFO MetricsSystemImpl: Scheduled Metric snapshot period at 10 second(s).
[2025-05-22T13:07:02.834+0000] {spark_submit.py:492} INFO - 25/05/22 13:07:02 INFO MetricsSystemImpl: s3a-file-system metrics system started
[2025-05-22T13:07:03.192+0000] {spark_submit.py:492} INFO - 25/05/22 13:07:03 INFO InMemoryFileIndex: It took 28 ms to list leaf files for 1 paths.
[2025-05-22T13:07:03.251+0000] {spark_submit.py:492} INFO - 25/05/22 13:07:03 INFO InMemoryFileIndex: It took 21 ms to list leaf files for 1 paths.
[2025-05-22T13:07:04.089+0000] {spark_submit.py:492} INFO - 25/05/22 13:07:04 INFO FileSourceStrategy: Pushed Filters:
[2025-05-22T13:07:04.092+0000] {spark_submit.py:492} INFO - 25/05/22 13:07:04 INFO FileSourceStrategy: Post-Scan Filters: (length(trim(value#0, None)) > 0)
[2025-05-22T13:07:04.261+0000] {spark_submit.py:492} INFO - 25/05/22 13:07:04 INFO CodeGenerator: Code generated in 66.810791 ms
[2025-05-22T13:07:04.279+0000] {spark_submit.py:492} INFO - 25/05/22 13:07:04 INFO MemoryStore: Block broadcast_0 stored as values in memory (estimated size 202.1 KiB, free 434.2 MiB)
[2025-05-22T13:07:04.303+0000] {spark_submit.py:492} INFO - 25/05/22 13:07:04 INFO MemoryStore: Block broadcast_0_piece0 stored as bytes in memory (estimated size 35.0 KiB, free 434.2 MiB)
[2025-05-22T13:07:04.304+0000] {spark_submit.py:492} INFO - 25/05/22 13:07:04 INFO BlockManagerInfo: Added broadcast_0_piece0 in memory on 3337e7bd3891:33233 (size: 35.0 KiB, free: 434.4 MiB)
[2025-05-22T13:07:04.309+0000] {spark_submit.py:492} INFO - 25/05/22 13:07:04 INFO SparkContext: Created broadcast 0 from csv at NativeMethodAccessorImpl.java:0
[2025-05-22T13:07:04.313+0000] {spark_submit.py:492} INFO - 25/05/22 13:07:04 INFO FileSourceScanExec: Planning scan with bin packing, max size: 4233153 bytes, open cost is considered as scanning 4194304 bytes.
[2025-05-22T13:07:04.354+0000] {spark_submit.py:492} INFO - 25/05/22 13:07:04 INFO SparkContext: Starting job: csv at NativeMethodAccessorImpl.java:0
[2025-05-22T13:07:04.362+0000] {spark_submit.py:492} INFO - 25/05/22 13:07:04 INFO DAGScheduler: Got job 0 (csv at NativeMethodAccessorImpl.java:0) with 1 output partitions
[2025-05-22T13:07:04.362+0000] {spark_submit.py:492} INFO - 25/05/22 13:07:04 INFO DAGScheduler: Final stage: ResultStage 0 (csv at NativeMethodAccessorImpl.java:0)
[2025-05-22T13:07:04.362+0000] {spark_submit.py:492} INFO - 25/05/22 13:07:04 INFO DAGScheduler: Parents of final stage: List()
[2025-05-22T13:07:04.362+0000] {spark_submit.py:492} INFO - 25/05/22 13:07:04 INFO DAGScheduler: Missing parents: List()
[2025-05-22T13:07:04.363+0000] {spark_submit.py:492} INFO - 25/05/22 13:07:04 INFO DAGScheduler: Submitting ResultStage 0 (MapPartitionsRDD[3] at csv at NativeMethodAccessorImpl.java:0), which has no missing parents
[2025-05-22T13:07:04.388+0000] {spark_submit.py:492} INFO - 25/05/22 13:07:04 INFO MemoryStore: Block broadcast_1 stored as values in memory (estimated size 13.5 KiB, free 434.2 MiB)
[2025-05-22T13:07:04.392+0000] {spark_submit.py:492} INFO - 25/05/22 13:07:04 INFO MemoryStore: Block broadcast_1_piece0 stored as bytes in memory (estimated size 6.4 KiB, free 434.1 MiB)
[2025-05-22T13:07:04.392+0000] {spark_submit.py:492} INFO - 25/05/22 13:07:04 INFO BlockManagerInfo: Added broadcast_1_piece0 in memory on 3337e7bd3891:33233 (size: 6.4 KiB, free: 434.4 MiB)
[2025-05-22T13:07:04.393+0000] {spark_submit.py:492} INFO - 25/05/22 13:07:04 INFO SparkContext: Created broadcast 1 from broadcast at DAGScheduler.scala:1585
[2025-05-22T13:07:04.399+0000] {spark_submit.py:492} INFO - 25/05/22 13:07:04 INFO DAGScheduler: Submitting 1 missing tasks from ResultStage 0 (MapPartitionsRDD[3] at csv at NativeMethodAccessorImpl.java:0) (first 15 tasks are for partitions Vector(0))
[2025-05-22T13:07:04.399+0000] {spark_submit.py:492} INFO - 25/05/22 13:07:04 INFO TaskSchedulerImpl: Adding task set 0.0 with 1 tasks resource profile 0
[2025-05-22T13:07:04.416+0000] {spark_submit.py:492} INFO - 25/05/22 13:07:04 INFO TaskSetManager: Starting task 0.0 in stage 0.0 (TID 0) (3337e7bd3891, executor driver, partition 0, PROCESS_LOCAL, 8601 bytes)
[2025-05-22T13:07:04.421+0000] {spark_submit.py:492} INFO - 25/05/22 13:07:04 INFO Executor: Running task 0.0 in stage 0.0 (TID 0)
[2025-05-22T13:07:04.471+0000] {spark_submit.py:492} INFO - 25/05/22 13:07:04 INFO CodeGenerator: Code generated in 20.516 ms
[2025-05-22T13:07:04.473+0000] {spark_submit.py:492} INFO - 25/05/22 13:07:04 INFO FileScanRDD: Reading File path: s3a://user-log-ml/2025-05-22_01-00-00.csv, range: 0-38849, partition values: [empty row]
[2025-05-22T13:07:04.482+0000] {spark_submit.py:492} INFO - 25/05/22 13:07:04 INFO CodeGenerator: Code generated in 5.722333 ms
[2025-05-22T13:07:04.544+0000] {spark_submit.py:492} INFO - 25/05/22 13:07:04 INFO Executor: Finished task 0.0 in stage 0.0 (TID 0). 1732 bytes result sent to driver
[2025-05-22T13:07:04.548+0000] {spark_submit.py:492} INFO - 25/05/22 13:07:04 INFO TaskSetManager: Finished task 0.0 in stage 0.0 (TID 0) in 135 ms on 3337e7bd3891 (executor driver) (1/1)
[2025-05-22T13:07:04.548+0000] {spark_submit.py:492} INFO - 25/05/22 13:07:04 INFO TaskSchedulerImpl: Removed TaskSet 0.0, whose tasks have all completed, from pool
[2025-05-22T13:07:04.550+0000] {spark_submit.py:492} INFO - 25/05/22 13:07:04 INFO DAGScheduler: ResultStage 0 (csv at NativeMethodAccessorImpl.java:0) finished in 0.182 s
[2025-05-22T13:07:04.551+0000] {spark_submit.py:492} INFO - 25/05/22 13:07:04 INFO DAGScheduler: Job 0 is finished. Cancelling potential speculative or zombie tasks for this job
[2025-05-22T13:07:04.551+0000] {spark_submit.py:492} INFO - 25/05/22 13:07:04 INFO TaskSchedulerImpl: Killing all running tasks in stage 0: Stage finished
[2025-05-22T13:07:04.551+0000] {spark_submit.py:492} INFO - 25/05/22 13:07:04 INFO DAGScheduler: Job 0 finished: csv at NativeMethodAccessorImpl.java:0, took 0.198799 s
[2025-05-22T13:07:04.560+0000] {spark_submit.py:492} INFO - 25/05/22 13:07:04 INFO CodeGenerator: Code generated in 4.190417 ms
[2025-05-22T13:07:04.587+0000] {spark_submit.py:492} INFO - 25/05/22 13:07:04 INFO BlockManagerInfo: Removed broadcast_1_piece0 on 3337e7bd3891:33233 in memory (size: 6.4 KiB, free: 434.4 MiB)
[2025-05-22T13:07:04.588+0000] {spark_submit.py:492} INFO - 25/05/22 13:07:04 INFO FileSourceStrategy: Pushed Filters:
[2025-05-22T13:07:04.589+0000] {spark_submit.py:492} INFO - 25/05/22 13:07:04 INFO FileSourceStrategy: Post-Scan Filters:
[2025-05-22T13:07:04.592+0000] {spark_submit.py:492} INFO - 25/05/22 13:07:04 INFO MemoryStore: Block broadcast_2 stored as values in memory (estimated size 202.1 KiB, free 434.0 MiB)
[2025-05-22T13:07:04.599+0000] {spark_submit.py:492} INFO - 25/05/22 13:07:04 INFO MemoryStore: Block broadcast_2_piece0 stored as bytes in memory (estimated size 35.0 KiB, free 433.9 MiB)
[2025-05-22T13:07:04.599+0000] {spark_submit.py:492} INFO - 25/05/22 13:07:04 INFO BlockManagerInfo: Added broadcast_2_piece0 in memory on 3337e7bd3891:33233 (size: 35.0 KiB, free: 434.3 MiB)
[2025-05-22T13:07:04.601+0000] {spark_submit.py:492} INFO - 25/05/22 13:07:04 INFO SparkContext: Created broadcast 2 from csv at NativeMethodAccessorImpl.java:0
[2025-05-22T13:07:04.601+0000] {spark_submit.py:492} INFO - 25/05/22 13:07:04 INFO FileSourceScanExec: Planning scan with bin packing, max size: 4233153 bytes, open cost is considered as scanning 4194304 bytes.
[2025-05-22T13:07:04.612+0000] {spark_submit.py:492} INFO - 25/05/22 13:07:04 INFO BlockManagerInfo: Removed broadcast_0_piece0 on 3337e7bd3891:33233 in memory (size: 35.0 KiB, free: 434.4 MiB)
[2025-05-22T13:07:04.636+0000] {spark_submit.py:492} INFO - 25/05/22 13:07:04 INFO SparkContext: Starting job: csv at NativeMethodAccessorImpl.java:0
[2025-05-22T13:07:04.637+0000] {spark_submit.py:492} INFO - 25/05/22 13:07:04 INFO DAGScheduler: Got job 1 (csv at NativeMethodAccessorImpl.java:0) with 1 output partitions
[2025-05-22T13:07:04.638+0000] {spark_submit.py:492} INFO - 25/05/22 13:07:04 INFO DAGScheduler: Final stage: ResultStage 1 (csv at NativeMethodAccessorImpl.java:0)
[2025-05-22T13:07:04.639+0000] {spark_submit.py:492} INFO - 25/05/22 13:07:04 INFO DAGScheduler: Parents of final stage: List()
[2025-05-22T13:07:04.639+0000] {spark_submit.py:492} INFO - 25/05/22 13:07:04 INFO DAGScheduler: Missing parents: List()
[2025-05-22T13:07:04.639+0000] {spark_submit.py:492} INFO - 25/05/22 13:07:04 INFO DAGScheduler: Submitting ResultStage 1 (MapPartitionsRDD[9] at csv at NativeMethodAccessorImpl.java:0), which has no missing parents
[2025-05-22T13:07:04.650+0000] {spark_submit.py:492} INFO - 25/05/22 13:07:04 INFO MemoryStore: Block broadcast_3 stored as values in memory (estimated size 28.5 KiB, free 434.1 MiB)
[2025-05-22T13:07:04.654+0000] {spark_submit.py:492} INFO - 25/05/22 13:07:04 INFO MemoryStore: Block broadcast_3_piece0 stored as bytes in memory (estimated size 13.1 KiB, free 434.1 MiB)
[2025-05-22T13:07:04.654+0000] {spark_submit.py:492} INFO - 25/05/22 13:07:04 INFO BlockManagerInfo: Added broadcast_3_piece0 in memory on 3337e7bd3891:33233 (size: 13.1 KiB, free: 434.4 MiB)
[2025-05-22T13:07:04.655+0000] {spark_submit.py:492} INFO - 25/05/22 13:07:04 INFO SparkContext: Created broadcast 3 from broadcast at DAGScheduler.scala:1585
[2025-05-22T13:07:04.655+0000] {spark_submit.py:492} INFO - 25/05/22 13:07:04 INFO DAGScheduler: Submitting 1 missing tasks from ResultStage 1 (MapPartitionsRDD[9] at csv at NativeMethodAccessorImpl.java:0) (first 15 tasks are for partitions Vector(0))
[2025-05-22T13:07:04.655+0000] {spark_submit.py:492} INFO - 25/05/22 13:07:04 INFO TaskSchedulerImpl: Adding task set 1.0 with 1 tasks resource profile 0
[2025-05-22T13:07:04.656+0000] {spark_submit.py:492} INFO - 25/05/22 13:07:04 INFO TaskSetManager: Starting task 0.0 in stage 1.0 (TID 1) (3337e7bd3891, executor driver, partition 0, PROCESS_LOCAL, 8601 bytes)
[2025-05-22T13:07:04.656+0000] {spark_submit.py:492} INFO - 25/05/22 13:07:04 INFO Executor: Running task 0.0 in stage 1.0 (TID 1)
[2025-05-22T13:07:04.690+0000] {spark_submit.py:492} INFO - 25/05/22 13:07:04 INFO CodeGenerator: Code generated in 5.652 ms
[2025-05-22T13:07:04.691+0000] {spark_submit.py:492} INFO - 25/05/22 13:07:04 INFO FileScanRDD: Reading File path: s3a://user-log-ml/2025-05-22_01-00-00.csv, range: 0-38849, partition values: [empty row]
[2025-05-22T13:07:04.880+0000] {spark_submit.py:492} INFO - 25/05/22 13:07:04 INFO Executor: Finished task 0.0 in stage 1.0 (TID 1). 1745 bytes result sent to driver
[2025-05-22T13:07:04.882+0000] {spark_submit.py:492} INFO - 25/05/22 13:07:04 INFO TaskSetManager: Finished task 0.0 in stage 1.0 (TID 1) in 227 ms on 3337e7bd3891 (executor driver) (1/1)
[2025-05-22T13:07:04.884+0000] {spark_submit.py:492} INFO - 25/05/22 13:07:04 INFO TaskSchedulerImpl: Removed TaskSet 1.0, whose tasks have all completed, from pool
[2025-05-22T13:07:04.885+0000] {spark_submit.py:492} INFO - 25/05/22 13:07:04 INFO DAGScheduler: ResultStage 1 (csv at NativeMethodAccessorImpl.java:0) finished in 0.243 s
[2025-05-22T13:07:04.886+0000] {spark_submit.py:492} INFO - 25/05/22 13:07:04 INFO DAGScheduler: Job 1 is finished. Cancelling potential speculative or zombie tasks for this job
[2025-05-22T13:07:04.886+0000] {spark_submit.py:492} INFO - 25/05/22 13:07:04 INFO TaskSchedulerImpl: Killing all running tasks in stage 1: Stage finished
[2025-05-22T13:07:04.886+0000] {spark_submit.py:492} INFO - 25/05/22 13:07:04 INFO DAGScheduler: Job 1 finished: csv at NativeMethodAccessorImpl.java:0, took 0.246588 s
[2025-05-22T13:07:04.919+0000] {spark_submit.py:492} INFO - Traceback (most recent call last):
[2025-05-22T13:07:04.919+0000] {spark_submit.py:492} INFO - File "/opt/spark/testlog_ml_spark.py", line 15, in <module>
[2025-05-22T13:07:04.919+0000] {spark_submit.py:492} INFO - .withColumn("like_score", when(col("event_type") == "like_click") & (col("liked") == 1, lit(3))
[2025-05-22T13:07:04.919+0000] {spark_submit.py:492} INFO - File "/home/***/.local/lib/python3.10/site-packages/pyspark/python/lib/pyspark.zip/pyspark/sql/utils.py", line 174, in wrapped
[2025-05-22T13:07:04.919+0000] {spark_submit.py:492} INFO - TypeError: when() missing 1 required positional argument: 'value'
[2025-05-22T13:07:04.941+0000] {spark_submit.py:492} INFO - 25/05/22 13:07:04 INFO SparkContext: Invoking stop() from shutdown hook
[2025-05-22T13:07:04.942+0000] {spark_submit.py:492} INFO - 25/05/22 13:07:04 INFO SparkContext: SparkContext is stopping with exitCode 0.
[2025-05-22T13:07:04.945+0000] {spark_submit.py:492} INFO - 25/05/22 13:07:04 INFO SparkUI: Stopped Spark web UI at http://3337e7bd3891:4040
[2025-05-22T13:07:04.949+0000] {spark_submit.py:492} INFO - 25/05/22 13:07:04 INFO MapOutputTrackerMasterEndpoint: MapOutputTrackerMasterEndpoint stopped!
[2025-05-22T13:07:04.953+0000] {spark_submit.py:492} INFO - 25/05/22 13:07:04 INFO MemoryStore: MemoryStore cleared
[2025-05-22T13:07:04.953+0000] {spark_submit.py:492} INFO - 25/05/22 13:07:04 INFO BlockManager: BlockManager stopped
[2025-05-22T13:07:04.954+0000] {spark_submit.py:492} INFO - 25/05/22 13:07:04 INFO BlockManagerMaster: BlockManagerMaster stopped
[2025-05-22T13:07:04.955+0000] {spark_submit.py:492} INFO - 25/05/22 13:07:04 INFO OutputCommitCoordinator$OutputCommitCoordinatorEndpoint: OutputCommitCoordinator stopped!
[2025-05-22T13:07:04.958+0000] {spark_submit.py:492} INFO - 25/05/22 13:07:04 INFO SparkContext: Successfully stopped SparkContext
[2025-05-22T13:07:04.958+0000] {spark_submit.py:492} INFO - 25/05/22 13:07:04 INFO ShutdownHookManager: Shutdown hook called
[2025-05-22T13:07:04.958+0000] {spark_submit.py:492} INFO - 25/05/22 13:07:04 INFO ShutdownHookManager: Deleting directory /tmp/spark-e5ce52fc-0ee8-4c03-8b29-8f1bc90a0b7c
[2025-05-22T13:07:04.960+0000] {spark_submit.py:492} INFO - 25/05/22 13:07:04 INFO ShutdownHookManager: Deleting directory /tmp/spark-2518d4a6-ae3d-46a7-b8dd-d5d620c5d7e7
[2025-05-22T13:07:04.961+0000] {spark_submit.py:492} INFO - 25/05/22 13:07:04 INFO ShutdownHookManager: Deleting directory /tmp/spark-2518d4a6-ae3d-46a7-b8dd-d5d620c5d7e7/pyspark-1a79915d-7d25-4f9f-b87f-c2e20c4c676c
[2025-05-22T13:07:04.964+0000] {spark_submit.py:492} INFO - 25/05/22 13:07:04 INFO MetricsSystemImpl: Stopping s3a-file-system metrics system...
[2025-05-22T13:07:04.964+0000] {spark_submit.py:492} INFO - 25/05/22 13:07:04 INFO MetricsSystemImpl: s3a-file-system metrics system stopped.
[2025-05-22T13:07:04.964+0000] {spark_submit.py:492} INFO - 25/05/22 13:07:04 INFO MetricsSystemImpl: s3a-file-system metrics system shutdown complete.
[2025-05-22T13:07:04.996+0000] {taskinstance.py:3310} ERROR - Task failed with exception
Traceback (most recent call last):
  File "/home/airflow/.local/lib/python3.10/site-packages/airflow/models/taskinstance.py", line 762, in _execute_task
    result = _execute_callable(context=context, **execute_callable_kwargs)
  File "/home/airflow/.local/lib/python3.10/site-packages/airflow/models/taskinstance.py", line 733, in _execute_callable
    return ExecutionCallableRunner(
  File "/home/airflow/.local/lib/python3.10/site-packages/airflow/utils/operator_helpers.py", line 252, in run
    return self.func(*args, **kwargs)
  File "/home/airflow/.local/lib/python3.10/site-packages/airflow/models/baseoperator.py", line 406, in wrapper
    return func(self, *args, **kwargs)
  File "/home/airflow/.local/lib/python3.10/site-packages/airflow/providers/apache/spark/operators/spark_submit.py", line 157, in execute
    self._hook.submit(self._application)
  File "/home/airflow/.local/lib/python3.10/site-packages/airflow/providers/apache/spark/hooks/spark_submit.py", line 423, in submit
    raise AirflowException(
airflow.exceptions.AirflowException: Cannot execute: spark-submit --master local --conf spark.hadoop.fs.s3a.endpoint=http://3.38.135.214:9000 --conf spark.hadoop.fs.s3a.access.key=minioadmin --conf spark.hadoop.fs.s3a.secret.key=****** --conf spark.hadoop.fs.s3a.impl=org.apache.hadoop.fs.s3a.S3AFileSystem --conf spark.hadoop.fs.s3a.path.style.access=true --conf spark.hadoop.fs.s3a.connection.ssl.enabled=false --conf spark.hadoop.fs.s3a.aws.credentials.provider= --jars /opt/spark/jars/hadoop-aws-3.3.1.jar,/opt/spark/jars/aws-java-sdk-bundle-1.11.901.jar,/opt/spark/jars/postgresql-42.7.4.jar --name arrow-spark /opt/spark/testlog_ml_spark.py. Error code is: 1.
[2025-05-22T13:07:04.999+0000] {taskinstance.py:1225} INFO - Marking task as UP_FOR_RETRY. dag_id=kafka_to_minio_to_spark, task_id=spark_etl, run_id=scheduled__2025-05-21T16:00:00+00:00, execution_date=20250521T160000, start_date=20250522T130659, end_date=20250522T130704
[2025-05-22T13:07:05.005+0000] {taskinstance.py:340} INFO - ::group::Post task execution logs
[2025-05-22T13:07:05.005+0000] {standard_task_runner.py:124} ERROR - Failed to execute job 326 for task spark_etl (Cannot execute: spark-submit --master local --conf spark.hadoop.fs.s3a.endpoint=http://3.38.135.214:9000 --conf spark.hadoop.fs.s3a.access.key=minioadmin --conf spark.hadoop.fs.s3a.secret.key=****** --conf spark.hadoop.fs.s3a.impl=org.apache.hadoop.fs.s3a.S3AFileSystem --conf spark.hadoop.fs.s3a.path.style.access=true --conf spark.hadoop.fs.s3a.connection.ssl.enabled=false --conf spark.hadoop.fs.s3a.aws.credentials.provider= --jars /opt/spark/jars/hadoop-aws-3.3.1.jar,/opt/spark/jars/aws-java-sdk-bundle-1.11.901.jar,/opt/spark/jars/postgresql-42.7.4.jar --name arrow-spark /opt/spark/testlog_ml_spark.py. Error code is: 1.; 1856)
Traceback (most recent call last):
  File "/home/airflow/.local/lib/python3.10/site-packages/airflow/task/task_runner/standard_task_runner.py", line 117, in _start_by_fork
    ret = args.func(args, dag=self.dag)
  File "/home/airflow/.local/lib/python3.10/site-packages/airflow/cli/cli_config.py", line 49, in command
    return func(*args, **kwargs)
  File "/home/airflow/.local/lib/python3.10/site-packages/airflow/utils/cli.py", line 115, in wrapper
    return f(*args, **kwargs)
  File "/home/airflow/.local/lib/python3.10/site-packages/airflow/cli/commands/task_command.py", line 483, in task_run
    task_return_code = _run_task_by_selected_method(args, _dag, ti)
  File "/home/airflow/.local/lib/python3.10/site-packages/airflow/cli/commands/task_command.py", line 256, in _run_task_by_selected_method
    return _run_raw_task(args, ti)
  File "/home/airflow/.local/lib/python3.10/site-packages/airflow/cli/commands/task_command.py", line 341, in _run_raw_task
    return ti._run_raw_task(
  File "/home/airflow/.local/lib/python3.10/site-packages/airflow/utils/session.py", line 97, in wrapper
    return func(*args, session=session, **kwargs)
  File "/home/airflow/.local/lib/python3.10/site-packages/airflow/models/taskinstance.py", line 3004, in _run_raw_task
    return _run_raw_task(
  File "/home/airflow/.local/lib/python3.10/site-packages/airflow/models/taskinstance.py", line 273, in _run_raw_task
    TaskInstance._execute_task_with_callbacks(
  File "/home/airflow/.local/lib/python3.10/site-packages/airflow/models/taskinstance.py", line 3158, in _execute_task_with_callbacks
    result = self._execute_task(context, task_orig)
  File "/home/airflow/.local/lib/python3.10/site-packages/airflow/models/taskinstance.py", line 3182, in _execute_task
    return _execute_task(self, context, task_orig)
  File "/home/airflow/.local/lib/python3.10/site-packages/airflow/models/taskinstance.py", line 762, in _execute_task
    result = _execute_callable(context=context, **execute_callable_kwargs)
  File "/home/airflow/.local/lib/python3.10/site-packages/airflow/models/taskinstance.py", line 733, in _execute_callable
    return ExecutionCallableRunner(
  File "/home/airflow/.local/lib/python3.10/site-packages/airflow/utils/operator_helpers.py", line 252, in run
    return self.func(*args, **kwargs)
  File "/home/airflow/.local/lib/python3.10/site-packages/airflow/models/baseoperator.py", line 406, in wrapper
    return func(self, *args, **kwargs)
  File "/home/airflow/.local/lib/python3.10/site-packages/airflow/providers/apache/spark/operators/spark_submit.py", line 157, in execute
    self._hook.submit(self._application)
  File "/home/airflow/.local/lib/python3.10/site-packages/airflow/providers/apache/spark/hooks/spark_submit.py", line 423, in submit
    raise AirflowException(
airflow.exceptions.AirflowException: Cannot execute: spark-submit --master local --conf spark.hadoop.fs.s3a.endpoint=http://3.38.135.214:9000 --conf spark.hadoop.fs.s3a.access.key=minioadmin --conf spark.hadoop.fs.s3a.secret.key=****** --conf spark.hadoop.fs.s3a.impl=org.apache.hadoop.fs.s3a.S3AFileSystem --conf spark.hadoop.fs.s3a.path.style.access=true --conf spark.hadoop.fs.s3a.connection.ssl.enabled=false --conf spark.hadoop.fs.s3a.aws.credentials.provider= --jars /opt/spark/jars/hadoop-aws-3.3.1.jar,/opt/spark/jars/aws-java-sdk-bundle-1.11.901.jar,/opt/spark/jars/postgresql-42.7.4.jar --name arrow-spark /opt/spark/testlog_ml_spark.py. Error code is: 1.
[2025-05-22T13:07:05.044+0000] {local_task_job_runner.py:266} INFO - Task exited with return code 1
[2025-05-22T13:07:05.050+0000] {taskinstance.py:3900} INFO - 0 downstream tasks scheduled from follow-on schedule check
[2025-05-22T13:07:05.051+0000] {local_task_job_runner.py:245} INFO - ::endgroup::
