[2025-05-22T12:48:35.432+0000] {local_task_job_runner.py:123} INFO - ::group::Pre task execution logs
[2025-05-22T12:48:35.442+0000] {taskinstance.py:2612} INFO - Dependencies all met for dep_context=non-requeueable deps ti=<TaskInstance: kafka_to_minio_to_spark.spark_etl scheduled__2025-05-21T16:00:00+00:00 [queued]>
[2025-05-22T12:48:35.446+0000] {taskinstance.py:2612} INFO - Dependencies all met for dep_context=requeueable deps ti=<TaskInstance: kafka_to_minio_to_spark.spark_etl scheduled__2025-05-21T16:00:00+00:00 [queued]>
[2025-05-22T12:48:35.446+0000] {taskinstance.py:2865} INFO - Starting attempt 43 of 45
[2025-05-22T12:48:35.451+0000] {taskinstance.py:2888} INFO - Executing <Task(SparkSubmitOperator): spark_etl> on 2025-05-21 16:00:00+00:00
[2025-05-22T12:48:35.453+0000] {standard_task_runner.py:72} INFO - Started process 132 to run task
[2025-05-22T12:48:35.455+0000] {standard_task_runner.py:104} INFO - Running: ['***', 'tasks', 'run', 'kafka_to_minio_to_spark', 'spark_etl', 'scheduled__2025-05-21T16:00:00+00:00', '--job-id', '317', '--raw', '--subdir', 'DAGS_FOLDER/testlog_ml.py', '--cfg-path', '/tmp/tmp3wnrrs9t']
[2025-05-22T12:48:35.456+0000] {standard_task_runner.py:105} INFO - Job 317: Subtask spark_etl
[2025-05-22T12:48:35.476+0000] {task_command.py:467} INFO - Running <TaskInstance: kafka_to_minio_to_spark.spark_etl scheduled__2025-05-21T16:00:00+00:00 [running]> on host 3337e7bd3891
[2025-05-22T12:48:35.503+0000] {taskinstance.py:3131} INFO - Exporting env vars: AIRFLOW_CTX_DAG_OWNER='***' AIRFLOW_CTX_DAG_ID='kafka_to_minio_to_spark' AIRFLOW_CTX_TASK_ID='spark_etl' AIRFLOW_CTX_EXECUTION_DATE='2025-05-21T16:00:00+00:00' AIRFLOW_CTX_TRY_NUMBER='43' AIRFLOW_CTX_DAG_RUN_ID='scheduled__2025-05-21T16:00:00+00:00'
[2025-05-22T12:48:35.505+0000] {taskinstance.py:731} INFO - ::endgroup::
[2025-05-22T12:48:35.520+0000] {base.py:84} INFO - Retrieving connection 'spark'
[2025-05-22T12:48:35.522+0000] {spark_submit.py:341} INFO - Spark-Submit cmd: spark-submit --master local --conf spark.hadoop.fs.s3a.endpoint=http://3.38.135.214:9000 --conf spark.hadoop.fs.s3a.access.key=minioadmin --conf spark.hadoop.fs.s3a.secret.key=****** --conf spark.hadoop.fs.s3a.impl=org.apache.hadoop.fs.s3a.S3AFileSystem --conf spark.hadoop.fs.s3a.path.style.access=true --conf spark.hadoop.fs.s3a.connection.ssl.enabled=false --conf spark.hadoop.fs.s3a.aws.credentials.provider= --jars /opt/spark/jars/hadoop-aws-3.3.1.jar,/opt/spark/jars/aws-java-sdk-bundle-1.11.901.jar,/opt/spark/jars/postgresql-42.7.4.jar --name arrow-spark /opt/spark/testlog_ml_spark.py
[2025-05-22T12:48:36.215+0000] {spark_submit.py:492} INFO - 25/05/22 12:48:36 WARN NativeCodeLoader: Unable to load native-hadoop library for your platform... using builtin-java classes where applicable
[2025-05-22T12:48:36.855+0000] {spark_submit.py:492} INFO - 25/05/22 12:48:36 INFO SparkContext: Running Spark version 3.5.1
[2025-05-22T12:48:36.855+0000] {spark_submit.py:492} INFO - 25/05/22 12:48:36 INFO SparkContext: OS info Linux, 6.10.14-linuxkit, aarch64
[2025-05-22T12:48:36.856+0000] {spark_submit.py:492} INFO - 25/05/22 12:48:36 INFO SparkContext: Java version 17.0.15
[2025-05-22T12:48:36.865+0000] {spark_submit.py:492} INFO - 25/05/22 12:48:36 INFO ResourceUtils: ==============================================================
[2025-05-22T12:48:36.865+0000] {spark_submit.py:492} INFO - 25/05/22 12:48:36 INFO ResourceUtils: No custom resources configured for spark.driver.
[2025-05-22T12:48:36.865+0000] {spark_submit.py:492} INFO - 25/05/22 12:48:36 INFO ResourceUtils: ==============================================================
[2025-05-22T12:48:36.866+0000] {spark_submit.py:492} INFO - 25/05/22 12:48:36 INFO SparkContext: Submitted application: arrow-spark
[2025-05-22T12:48:36.872+0000] {spark_submit.py:492} INFO - 25/05/22 12:48:36 INFO ResourceProfile: Default ResourceProfile created, executor resources: Map(cores -> name: cores, amount: 1, script: , vendor: , memory -> name: memory, amount: 1024, script: , vendor: , offHeap -> name: offHeap, amount: 0, script: , vendor: ), task resources: Map(cpus -> name: cpus, amount: 1.0)
[2025-05-22T12:48:36.875+0000] {spark_submit.py:492} INFO - 25/05/22 12:48:36 INFO ResourceProfile: Limiting resource is cpu
[2025-05-22T12:48:36.875+0000] {spark_submit.py:492} INFO - 25/05/22 12:48:36 INFO ResourceProfileManager: Added ResourceProfile id: 0
[2025-05-22T12:48:36.892+0000] {spark_submit.py:492} INFO - 25/05/22 12:48:36 INFO SecurityManager: Changing view acls to: ***
[2025-05-22T12:48:36.893+0000] {spark_submit.py:492} INFO - 25/05/22 12:48:36 INFO SecurityManager: Changing modify acls to: ***
[2025-05-22T12:48:36.897+0000] {spark_submit.py:492} INFO - 25/05/22 12:48:36 INFO SecurityManager: Changing view acls groups to:
[2025-05-22T12:48:36.897+0000] {spark_submit.py:492} INFO - 25/05/22 12:48:36 INFO SecurityManager: Changing modify acls groups to:
[2025-05-22T12:48:36.897+0000] {spark_submit.py:492} INFO - 25/05/22 12:48:36 INFO SecurityManager: SecurityManager: authentication disabled; ui acls disabled; users with view permissions: ***; groups with view permissions: EMPTY; users with modify permissions: ***; groups with modify permissions: EMPTY
[2025-05-22T12:48:36.972+0000] {spark_submit.py:492} INFO - 25/05/22 12:48:36 INFO Utils: Successfully started service 'sparkDriver' on port 41175.
[2025-05-22T12:48:36.986+0000] {spark_submit.py:492} INFO - 25/05/22 12:48:36 INFO SparkEnv: Registering MapOutputTracker
[2025-05-22T12:48:36.998+0000] {spark_submit.py:492} INFO - 25/05/22 12:48:36 INFO SparkEnv: Registering BlockManagerMaster
[2025-05-22T12:48:37.005+0000] {spark_submit.py:492} INFO - 25/05/22 12:48:37 INFO BlockManagerMasterEndpoint: Using org.apache.spark.storage.DefaultTopologyMapper for getting topology information
[2025-05-22T12:48:37.006+0000] {spark_submit.py:492} INFO - 25/05/22 12:48:37 INFO BlockManagerMasterEndpoint: BlockManagerMasterEndpoint up
[2025-05-22T12:48:37.007+0000] {spark_submit.py:492} INFO - 25/05/22 12:48:37 INFO SparkEnv: Registering BlockManagerMasterHeartbeat
[2025-05-22T12:48:37.015+0000] {spark_submit.py:492} INFO - 25/05/22 12:48:37 INFO DiskBlockManager: Created local directory at /tmp/blockmgr-844c4ac5-5a11-4836-b991-e6af41e35f8a
[2025-05-22T12:48:37.020+0000] {spark_submit.py:492} INFO - 25/05/22 12:48:37 INFO MemoryStore: MemoryStore started with capacity 434.4 MiB
[2025-05-22T12:48:37.026+0000] {spark_submit.py:492} INFO - 25/05/22 12:48:37 INFO SparkEnv: Registering OutputCommitCoordinator
[2025-05-22T12:48:37.069+0000] {spark_submit.py:492} INFO - 25/05/22 12:48:37 INFO JettyUtils: Start Jetty 0.0.0.0:4040 for SparkUI
[2025-05-22T12:48:37.096+0000] {spark_submit.py:492} INFO - 25/05/22 12:48:37 INFO Utils: Successfully started service 'SparkUI' on port 4040.
[2025-05-22T12:48:37.109+0000] {spark_submit.py:492} INFO - 25/05/22 12:48:37 INFO SparkContext: Added JAR file:///opt/spark/jars/hadoop-aws-3.3.1.jar at spark://3337e7bd3891:41175/jars/hadoop-aws-3.3.1.jar with timestamp 1747918116852
[2025-05-22T12:48:37.110+0000] {spark_submit.py:492} INFO - 25/05/22 12:48:37 INFO SparkContext: Added JAR file:///opt/spark/jars/aws-java-sdk-bundle-1.11.901.jar at spark://3337e7bd3891:41175/jars/aws-java-sdk-bundle-1.11.901.jar with timestamp 1747918116852
[2025-05-22T12:48:37.110+0000] {spark_submit.py:492} INFO - 25/05/22 12:48:37 INFO SparkContext: Added JAR file:///opt/spark/jars/postgresql-42.7.4.jar at spark://3337e7bd3891:41175/jars/postgresql-42.7.4.jar with timestamp 1747918116852
[2025-05-22T12:48:37.132+0000] {spark_submit.py:492} INFO - 25/05/22 12:48:37 INFO Executor: Starting executor ID driver on host 3337e7bd3891
[2025-05-22T12:48:37.135+0000] {spark_submit.py:492} INFO - 25/05/22 12:48:37 INFO Executor: OS info Linux, 6.10.14-linuxkit, aarch64
[2025-05-22T12:48:37.135+0000] {spark_submit.py:492} INFO - 25/05/22 12:48:37 INFO Executor: Java version 17.0.15
[2025-05-22T12:48:37.135+0000] {spark_submit.py:492} INFO - 25/05/22 12:48:37 INFO Executor: Starting executor with user classpath (userClassPathFirst = false): ''
[2025-05-22T12:48:37.135+0000] {spark_submit.py:492} INFO - 25/05/22 12:48:37 INFO Executor: Created or updated repl class loader org.apache.spark.util.MutableURLClassLoader@3603ce2c for default.
[2025-05-22T12:48:37.139+0000] {spark_submit.py:492} INFO - 25/05/22 12:48:37 INFO Executor: Fetching spark://3337e7bd3891:41175/jars/hadoop-aws-3.3.1.jar with timestamp 1747918116852
[2025-05-22T12:48:37.155+0000] {spark_submit.py:492} INFO - 25/05/22 12:48:37 INFO TransportClientFactory: Successfully created connection to 3337e7bd3891/172.27.0.4:41175 after 8 ms (0 ms spent in bootstraps)
[2025-05-22T12:48:37.158+0000] {spark_submit.py:492} INFO - 25/05/22 12:48:37 INFO Utils: Fetching spark://3337e7bd3891:41175/jars/hadoop-aws-3.3.1.jar to /tmp/spark-75074aa8-600c-4e4d-bdfe-1ee83c162a32/userFiles-3427f1b5-16ce-4733-9436-937db82f4e76/fetchFileTemp16967975188812109108.tmp
[2025-05-22T12:48:37.170+0000] {spark_submit.py:492} INFO - 25/05/22 12:48:37 INFO Executor: Adding file:/tmp/spark-75074aa8-600c-4e4d-bdfe-1ee83c162a32/userFiles-3427f1b5-16ce-4733-9436-937db82f4e76/hadoop-aws-3.3.1.jar to class loader default
[2025-05-22T12:48:37.171+0000] {spark_submit.py:492} INFO - 25/05/22 12:48:37 INFO Executor: Fetching spark://3337e7bd3891:41175/jars/aws-java-sdk-bundle-1.11.901.jar with timestamp 1747918116852
[2025-05-22T12:48:37.172+0000] {spark_submit.py:492} INFO - 25/05/22 12:48:37 INFO Utils: Fetching spark://3337e7bd3891:41175/jars/aws-java-sdk-bundle-1.11.901.jar to /tmp/spark-75074aa8-600c-4e4d-bdfe-1ee83c162a32/userFiles-3427f1b5-16ce-4733-9436-937db82f4e76/fetchFileTemp18307179411249167931.tmp
[2025-05-22T12:48:37.486+0000] {spark_submit.py:492} INFO - 25/05/22 12:48:37 INFO Executor: Adding file:/tmp/spark-75074aa8-600c-4e4d-bdfe-1ee83c162a32/userFiles-3427f1b5-16ce-4733-9436-937db82f4e76/aws-java-sdk-bundle-1.11.901.jar to class loader default
[2025-05-22T12:48:37.487+0000] {spark_submit.py:492} INFO - 25/05/22 12:48:37 INFO Executor: Fetching spark://3337e7bd3891:41175/jars/postgresql-42.7.4.jar with timestamp 1747918116852
[2025-05-22T12:48:37.488+0000] {spark_submit.py:492} INFO - 25/05/22 12:48:37 INFO Utils: Fetching spark://3337e7bd3891:41175/jars/postgresql-42.7.4.jar to /tmp/spark-75074aa8-600c-4e4d-bdfe-1ee83c162a32/userFiles-3427f1b5-16ce-4733-9436-937db82f4e76/fetchFileTemp2453651680722146679.tmp
[2025-05-22T12:48:37.507+0000] {spark_submit.py:492} INFO - 25/05/22 12:48:37 INFO Executor: Adding file:/tmp/spark-75074aa8-600c-4e4d-bdfe-1ee83c162a32/userFiles-3427f1b5-16ce-4733-9436-937db82f4e76/postgresql-42.7.4.jar to class loader default
[2025-05-22T12:48:37.514+0000] {spark_submit.py:492} INFO - 25/05/22 12:48:37 INFO Utils: Successfully started service 'org.apache.spark.network.netty.NettyBlockTransferService' on port 42621.
[2025-05-22T12:48:37.514+0000] {spark_submit.py:492} INFO - 25/05/22 12:48:37 INFO NettyBlockTransferService: Server created on 3337e7bd3891:42621
[2025-05-22T12:48:37.515+0000] {spark_submit.py:492} INFO - 25/05/22 12:48:37 INFO BlockManager: Using org.apache.spark.storage.RandomBlockReplicationPolicy for block replication policy
[2025-05-22T12:48:37.518+0000] {spark_submit.py:492} INFO - 25/05/22 12:48:37 INFO BlockManagerMaster: Registering BlockManager BlockManagerId(driver, 3337e7bd3891, 42621, None)
[2025-05-22T12:48:37.520+0000] {spark_submit.py:492} INFO - 25/05/22 12:48:37 INFO BlockManagerMasterEndpoint: Registering block manager 3337e7bd3891:42621 with 434.4 MiB RAM, BlockManagerId(driver, 3337e7bd3891, 42621, None)
[2025-05-22T12:48:37.521+0000] {spark_submit.py:492} INFO - 25/05/22 12:48:37 INFO BlockManagerMaster: Registered BlockManager BlockManagerId(driver, 3337e7bd3891, 42621, None)
[2025-05-22T12:48:37.521+0000] {spark_submit.py:492} INFO - 25/05/22 12:48:37 INFO BlockManager: Initialized BlockManager: BlockManagerId(driver, 3337e7bd3891, 42621, None)
[2025-05-22T12:48:37.653+0000] {spark_submit.py:492} INFO - 25/05/22 12:48:37 INFO SharedState: Setting hive.metastore.warehouse.dir ('null') to the value of spark.sql.warehouse.dir.
[2025-05-22T12:48:37.654+0000] {spark_submit.py:492} INFO - 25/05/22 12:48:37 INFO SharedState: Warehouse path is 'file:/opt/***/spark-warehouse'.
[2025-05-22T12:48:37.942+0000] {spark_submit.py:492} INFO - 25/05/22 12:48:37 WARN MetricsConfig: Cannot locate configuration: tried hadoop-metrics2-s3a-file-system.properties,hadoop-metrics2.properties
[2025-05-22T12:48:37.944+0000] {spark_submit.py:492} INFO - 25/05/22 12:48:37 INFO MetricsSystemImpl: Scheduled Metric snapshot period at 10 second(s).
[2025-05-22T12:48:37.944+0000] {spark_submit.py:492} INFO - 25/05/22 12:48:37 INFO MetricsSystemImpl: s3a-file-system metrics system started
[2025-05-22T12:48:38.326+0000] {spark_submit.py:492} INFO - 25/05/22 12:48:38 INFO InMemoryFileIndex: It took 28 ms to list leaf files for 1 paths.
[2025-05-22T12:48:38.383+0000] {spark_submit.py:492} INFO - 25/05/22 12:48:38 INFO InMemoryFileIndex: It took 21 ms to list leaf files for 1 paths.
[2025-05-22T12:48:39.260+0000] {spark_submit.py:492} INFO - 25/05/22 12:48:39 INFO FileSourceStrategy: Pushed Filters:
[2025-05-22T12:48:39.261+0000] {spark_submit.py:492} INFO - 25/05/22 12:48:39 INFO FileSourceStrategy: Post-Scan Filters: (length(trim(value#0, None)) > 0)
[2025-05-22T12:48:39.438+0000] {spark_submit.py:492} INFO - 25/05/22 12:48:39 INFO CodeGenerator: Code generated in 72.355041 ms
[2025-05-22T12:48:39.457+0000] {spark_submit.py:492} INFO - 25/05/22 12:48:39 INFO MemoryStore: Block broadcast_0 stored as values in memory (estimated size 202.1 KiB, free 434.2 MiB)
[2025-05-22T12:48:39.480+0000] {spark_submit.py:492} INFO - 25/05/22 12:48:39 INFO MemoryStore: Block broadcast_0_piece0 stored as bytes in memory (estimated size 35.0 KiB, free 434.2 MiB)
[2025-05-22T12:48:39.481+0000] {spark_submit.py:492} INFO - 25/05/22 12:48:39 INFO BlockManagerInfo: Added broadcast_0_piece0 in memory on 3337e7bd3891:42621 (size: 35.0 KiB, free: 434.4 MiB)
[2025-05-22T12:48:39.483+0000] {spark_submit.py:492} INFO - 25/05/22 12:48:39 INFO SparkContext: Created broadcast 0 from csv at NativeMethodAccessorImpl.java:0
[2025-05-22T12:48:39.488+0000] {spark_submit.py:492} INFO - 25/05/22 12:48:39 INFO FileSourceScanExec: Planning scan with bin packing, max size: 4233153 bytes, open cost is considered as scanning 4194304 bytes.
[2025-05-22T12:48:39.538+0000] {spark_submit.py:492} INFO - 25/05/22 12:48:39 INFO SparkContext: Starting job: csv at NativeMethodAccessorImpl.java:0
[2025-05-22T12:48:39.547+0000] {spark_submit.py:492} INFO - 25/05/22 12:48:39 INFO DAGScheduler: Got job 0 (csv at NativeMethodAccessorImpl.java:0) with 1 output partitions
[2025-05-22T12:48:39.547+0000] {spark_submit.py:492} INFO - 25/05/22 12:48:39 INFO DAGScheduler: Final stage: ResultStage 0 (csv at NativeMethodAccessorImpl.java:0)
[2025-05-22T12:48:39.547+0000] {spark_submit.py:492} INFO - 25/05/22 12:48:39 INFO DAGScheduler: Parents of final stage: List()
[2025-05-22T12:48:39.547+0000] {spark_submit.py:492} INFO - 25/05/22 12:48:39 INFO DAGScheduler: Missing parents: List()
[2025-05-22T12:48:39.548+0000] {spark_submit.py:492} INFO - 25/05/22 12:48:39 INFO DAGScheduler: Submitting ResultStage 0 (MapPartitionsRDD[3] at csv at NativeMethodAccessorImpl.java:0), which has no missing parents
[2025-05-22T12:48:39.576+0000] {spark_submit.py:492} INFO - 25/05/22 12:48:39 INFO MemoryStore: Block broadcast_1 stored as values in memory (estimated size 13.5 KiB, free 434.2 MiB)
[2025-05-22T12:48:39.580+0000] {spark_submit.py:492} INFO - 25/05/22 12:48:39 INFO MemoryStore: Block broadcast_1_piece0 stored as bytes in memory (estimated size 6.4 KiB, free 434.1 MiB)
[2025-05-22T12:48:39.584+0000] {spark_submit.py:492} INFO - 25/05/22 12:48:39 INFO BlockManagerInfo: Added broadcast_1_piece0 in memory on 3337e7bd3891:42621 (size: 6.4 KiB, free: 434.4 MiB)
[2025-05-22T12:48:39.584+0000] {spark_submit.py:492} INFO - 25/05/22 12:48:39 INFO SparkContext: Created broadcast 1 from broadcast at DAGScheduler.scala:1585
[2025-05-22T12:48:39.587+0000] {spark_submit.py:492} INFO - 25/05/22 12:48:39 INFO DAGScheduler: Submitting 1 missing tasks from ResultStage 0 (MapPartitionsRDD[3] at csv at NativeMethodAccessorImpl.java:0) (first 15 tasks are for partitions Vector(0))
[2025-05-22T12:48:39.588+0000] {spark_submit.py:492} INFO - 25/05/22 12:48:39 INFO TaskSchedulerImpl: Adding task set 0.0 with 1 tasks resource profile 0
[2025-05-22T12:48:39.609+0000] {spark_submit.py:492} INFO - 25/05/22 12:48:39 INFO TaskSetManager: Starting task 0.0 in stage 0.0 (TID 0) (3337e7bd3891, executor driver, partition 0, PROCESS_LOCAL, 8601 bytes)
[2025-05-22T12:48:39.615+0000] {spark_submit.py:492} INFO - 25/05/22 12:48:39 INFO Executor: Running task 0.0 in stage 0.0 (TID 0)
[2025-05-22T12:48:39.672+0000] {spark_submit.py:492} INFO - 25/05/22 12:48:39 INFO CodeGenerator: Code generated in 21.424792 ms
[2025-05-22T12:48:39.674+0000] {spark_submit.py:492} INFO - 25/05/22 12:48:39 INFO FileScanRDD: Reading File path: s3a://user-log-ml/2025-05-22_01-00-00.csv, range: 0-38849, partition values: [empty row]
[2025-05-22T12:48:39.684+0000] {spark_submit.py:492} INFO - 25/05/22 12:48:39 INFO CodeGenerator: Code generated in 5.31925 ms
[2025-05-22T12:48:39.745+0000] {spark_submit.py:492} INFO - 25/05/22 12:48:39 INFO Executor: Finished task 0.0 in stage 0.0 (TID 0). 1732 bytes result sent to driver
[2025-05-22T12:48:39.749+0000] {spark_submit.py:492} INFO - 25/05/22 12:48:39 INFO TaskSetManager: Finished task 0.0 in stage 0.0 (TID 0) in 143 ms on 3337e7bd3891 (executor driver) (1/1)
[2025-05-22T12:48:39.750+0000] {spark_submit.py:492} INFO - 25/05/22 12:48:39 INFO TaskSchedulerImpl: Removed TaskSet 0.0, whose tasks have all completed, from pool
[2025-05-22T12:48:39.752+0000] {spark_submit.py:492} INFO - 25/05/22 12:48:39 INFO DAGScheduler: ResultStage 0 (csv at NativeMethodAccessorImpl.java:0) finished in 0.199 s
[2025-05-22T12:48:39.753+0000] {spark_submit.py:492} INFO - 25/05/22 12:48:39 INFO DAGScheduler: Job 0 is finished. Cancelling potential speculative or zombie tasks for this job
[2025-05-22T12:48:39.753+0000] {spark_submit.py:492} INFO - 25/05/22 12:48:39 INFO TaskSchedulerImpl: Killing all running tasks in stage 0: Stage finished
[2025-05-22T12:48:39.757+0000] {spark_submit.py:492} INFO - 25/05/22 12:48:39 INFO DAGScheduler: Job 0 finished: csv at NativeMethodAccessorImpl.java:0, took 0.216083 s
[2025-05-22T12:48:39.764+0000] {spark_submit.py:492} INFO - 25/05/22 12:48:39 INFO CodeGenerator: Code generated in 5.91425 ms
[2025-05-22T12:48:39.798+0000] {spark_submit.py:492} INFO - 25/05/22 12:48:39 INFO FileSourceStrategy: Pushed Filters:
[2025-05-22T12:48:39.798+0000] {spark_submit.py:492} INFO - 25/05/22 12:48:39 INFO FileSourceStrategy: Post-Scan Filters:
[2025-05-22T12:48:39.801+0000] {spark_submit.py:492} INFO - 25/05/22 12:48:39 INFO MemoryStore: Block broadcast_2 stored as values in memory (estimated size 202.1 KiB, free 434.0 MiB)
[2025-05-22T12:48:39.808+0000] {spark_submit.py:492} INFO - 25/05/22 12:48:39 INFO MemoryStore: Block broadcast_2_piece0 stored as bytes in memory (estimated size 35.0 KiB, free 433.9 MiB)
[2025-05-22T12:48:39.809+0000] {spark_submit.py:492} INFO - 25/05/22 12:48:39 INFO BlockManagerInfo: Added broadcast_2_piece0 in memory on 3337e7bd3891:42621 (size: 35.0 KiB, free: 434.3 MiB)
[2025-05-22T12:48:39.810+0000] {spark_submit.py:492} INFO - 25/05/22 12:48:39 INFO SparkContext: Created broadcast 2 from csv at NativeMethodAccessorImpl.java:0
[2025-05-22T12:48:39.811+0000] {spark_submit.py:492} INFO - 25/05/22 12:48:39 INFO FileSourceScanExec: Planning scan with bin packing, max size: 4233153 bytes, open cost is considered as scanning 4194304 bytes.
[2025-05-22T12:48:39.848+0000] {spark_submit.py:492} INFO - 25/05/22 12:48:39 INFO SparkContext: Starting job: csv at NativeMethodAccessorImpl.java:0
[2025-05-22T12:48:39.849+0000] {spark_submit.py:492} INFO - 25/05/22 12:48:39 INFO DAGScheduler: Got job 1 (csv at NativeMethodAccessorImpl.java:0) with 1 output partitions
[2025-05-22T12:48:39.849+0000] {spark_submit.py:492} INFO - 25/05/22 12:48:39 INFO DAGScheduler: Final stage: ResultStage 1 (csv at NativeMethodAccessorImpl.java:0)
[2025-05-22T12:48:39.849+0000] {spark_submit.py:492} INFO - 25/05/22 12:48:39 INFO DAGScheduler: Parents of final stage: List()
[2025-05-22T12:48:39.850+0000] {spark_submit.py:492} INFO - 25/05/22 12:48:39 INFO DAGScheduler: Missing parents: List()
[2025-05-22T12:48:39.850+0000] {spark_submit.py:492} INFO - 25/05/22 12:48:39 INFO DAGScheduler: Submitting ResultStage 1 (MapPartitionsRDD[9] at csv at NativeMethodAccessorImpl.java:0), which has no missing parents
[2025-05-22T12:48:39.862+0000] {spark_submit.py:492} INFO - 25/05/22 12:48:39 INFO MemoryStore: Block broadcast_3 stored as values in memory (estimated size 28.5 KiB, free 433.9 MiB)
[2025-05-22T12:48:39.866+0000] {spark_submit.py:492} INFO - 25/05/22 12:48:39 INFO MemoryStore: Block broadcast_3_piece0 stored as bytes in memory (estimated size 13.1 KiB, free 433.9 MiB)
[2025-05-22T12:48:39.867+0000] {spark_submit.py:492} INFO - 25/05/22 12:48:39 INFO BlockManagerInfo: Added broadcast_3_piece0 in memory on 3337e7bd3891:42621 (size: 13.1 KiB, free: 434.3 MiB)
[2025-05-22T12:48:39.869+0000] {spark_submit.py:492} INFO - 25/05/22 12:48:39 INFO SparkContext: Created broadcast 3 from broadcast at DAGScheduler.scala:1585
[2025-05-22T12:48:39.871+0000] {spark_submit.py:492} INFO - 25/05/22 12:48:39 INFO DAGScheduler: Submitting 1 missing tasks from ResultStage 1 (MapPartitionsRDD[9] at csv at NativeMethodAccessorImpl.java:0) (first 15 tasks are for partitions Vector(0))
[2025-05-22T12:48:39.873+0000] {spark_submit.py:492} INFO - 25/05/22 12:48:39 INFO TaskSchedulerImpl: Adding task set 1.0 with 1 tasks resource profile 0
[2025-05-22T12:48:39.873+0000] {spark_submit.py:492} INFO - 25/05/22 12:48:39 INFO TaskSetManager: Starting task 0.0 in stage 1.0 (TID 1) (3337e7bd3891, executor driver, partition 0, PROCESS_LOCAL, 8601 bytes)
[2025-05-22T12:48:39.874+0000] {spark_submit.py:492} INFO - 25/05/22 12:48:39 INFO Executor: Running task 0.0 in stage 1.0 (TID 1)
[2025-05-22T12:48:39.892+0000] {spark_submit.py:492} INFO - 25/05/22 12:48:39 INFO BlockManagerInfo: Removed broadcast_0_piece0 on 3337e7bd3891:42621 in memory (size: 35.0 KiB, free: 434.3 MiB)
[2025-05-22T12:48:39.893+0000] {spark_submit.py:492} INFO - 25/05/22 12:48:39 INFO CodeGenerator: Code generated in 4.112417 ms
[2025-05-22T12:48:39.894+0000] {spark_submit.py:492} INFO - 25/05/22 12:48:39 INFO FileScanRDD: Reading File path: s3a://user-log-ml/2025-05-22_01-00-00.csv, range: 0-38849, partition values: [empty row]
[2025-05-22T12:48:40.111+0000] {spark_submit.py:492} INFO - 25/05/22 12:48:40 INFO Executor: Finished task 0.0 in stage 1.0 (TID 1). 1745 bytes result sent to driver
[2025-05-22T12:48:40.112+0000] {spark_submit.py:492} INFO - 25/05/22 12:48:40 INFO TaskSetManager: Finished task 0.0 in stage 1.0 (TID 1) in 244 ms on 3337e7bd3891 (executor driver) (1/1)
[2025-05-22T12:48:40.113+0000] {spark_submit.py:492} INFO - 25/05/22 12:48:40 INFO TaskSchedulerImpl: Removed TaskSet 1.0, whose tasks have all completed, from pool
[2025-05-22T12:48:40.114+0000] {spark_submit.py:492} INFO - 25/05/22 12:48:40 INFO DAGScheduler: ResultStage 1 (csv at NativeMethodAccessorImpl.java:0) finished in 0.263 s
[2025-05-22T12:48:40.114+0000] {spark_submit.py:492} INFO - 25/05/22 12:48:40 INFO DAGScheduler: Job 1 is finished. Cancelling potential speculative or zombie tasks for this job
[2025-05-22T12:48:40.114+0000] {spark_submit.py:492} INFO - 25/05/22 12:48:40 INFO TaskSchedulerImpl: Killing all running tasks in stage 1: Stage finished
[2025-05-22T12:48:40.118+0000] {spark_submit.py:492} INFO - 25/05/22 12:48:40 INFO DAGScheduler: Job 1 finished: csv at NativeMethodAccessorImpl.java:0, took 0.266713 s
[2025-05-22T12:48:40.146+0000] {spark_submit.py:492} INFO - Traceback (most recent call last):
[2025-05-22T12:48:40.147+0000] {spark_submit.py:492} INFO - File "/opt/spark/testlog_ml_spark.py", line 15, in <module>
[2025-05-22T12:48:40.147+0000] {spark_submit.py:492} INFO - .withColumn("like_score", when(col("event_type") == "like_click") & (col("liked") == 1, lit(3))
[2025-05-22T12:48:40.147+0000] {spark_submit.py:492} INFO - File "/home/***/.local/lib/python3.10/site-packages/pyspark/python/lib/pyspark.zip/pyspark/sql/utils.py", line 174, in wrapped
[2025-05-22T12:48:40.148+0000] {spark_submit.py:492} INFO - TypeError: when() missing 1 required positional argument: 'value'
[2025-05-22T12:48:40.170+0000] {spark_submit.py:492} INFO - 25/05/22 12:48:40 INFO SparkContext: Invoking stop() from shutdown hook
[2025-05-22T12:48:40.171+0000] {spark_submit.py:492} INFO - 25/05/22 12:48:40 INFO SparkContext: SparkContext is stopping with exitCode 0.
[2025-05-22T12:48:40.174+0000] {spark_submit.py:492} INFO - 25/05/22 12:48:40 INFO SparkUI: Stopped Spark web UI at http://3337e7bd3891:4040
[2025-05-22T12:48:40.178+0000] {spark_submit.py:492} INFO - 25/05/22 12:48:40 INFO MapOutputTrackerMasterEndpoint: MapOutputTrackerMasterEndpoint stopped!
[2025-05-22T12:48:40.182+0000] {spark_submit.py:492} INFO - 25/05/22 12:48:40 INFO MemoryStore: MemoryStore cleared
[2025-05-22T12:48:40.183+0000] {spark_submit.py:492} INFO - 25/05/22 12:48:40 INFO BlockManager: BlockManager stopped
[2025-05-22T12:48:40.183+0000] {spark_submit.py:492} INFO - 25/05/22 12:48:40 INFO BlockManagerMaster: BlockManagerMaster stopped
[2025-05-22T12:48:40.184+0000] {spark_submit.py:492} INFO - 25/05/22 12:48:40 INFO OutputCommitCoordinator$OutputCommitCoordinatorEndpoint: OutputCommitCoordinator stopped!
[2025-05-22T12:48:40.187+0000] {spark_submit.py:492} INFO - 25/05/22 12:48:40 INFO SparkContext: Successfully stopped SparkContext
[2025-05-22T12:48:40.187+0000] {spark_submit.py:492} INFO - 25/05/22 12:48:40 INFO ShutdownHookManager: Shutdown hook called
[2025-05-22T12:48:40.187+0000] {spark_submit.py:492} INFO - 25/05/22 12:48:40 INFO ShutdownHookManager: Deleting directory /tmp/spark-75074aa8-600c-4e4d-bdfe-1ee83c162a32/pyspark-44b5e4c3-b76c-43a2-bd02-498fd09a3732
[2025-05-22T12:48:40.188+0000] {spark_submit.py:492} INFO - 25/05/22 12:48:40 INFO ShutdownHookManager: Deleting directory /tmp/spark-ba831bba-0df9-4bdb-8246-82b0f451b81c
[2025-05-22T12:48:40.190+0000] {spark_submit.py:492} INFO - 25/05/22 12:48:40 INFO ShutdownHookManager: Deleting directory /tmp/spark-75074aa8-600c-4e4d-bdfe-1ee83c162a32
[2025-05-22T12:48:40.192+0000] {spark_submit.py:492} INFO - 25/05/22 12:48:40 INFO MetricsSystemImpl: Stopping s3a-file-system metrics system...
[2025-05-22T12:48:40.192+0000] {spark_submit.py:492} INFO - 25/05/22 12:48:40 INFO MetricsSystemImpl: s3a-file-system metrics system stopped.
[2025-05-22T12:48:40.193+0000] {spark_submit.py:492} INFO - 25/05/22 12:48:40 INFO MetricsSystemImpl: s3a-file-system metrics system shutdown complete.
[2025-05-22T12:48:40.221+0000] {taskinstance.py:3310} ERROR - Task failed with exception
Traceback (most recent call last):
  File "/home/airflow/.local/lib/python3.10/site-packages/airflow/models/taskinstance.py", line 762, in _execute_task
    result = _execute_callable(context=context, **execute_callable_kwargs)
  File "/home/airflow/.local/lib/python3.10/site-packages/airflow/models/taskinstance.py", line 733, in _execute_callable
    return ExecutionCallableRunner(
  File "/home/airflow/.local/lib/python3.10/site-packages/airflow/utils/operator_helpers.py", line 252, in run
    return self.func(*args, **kwargs)
  File "/home/airflow/.local/lib/python3.10/site-packages/airflow/models/baseoperator.py", line 406, in wrapper
    return func(self, *args, **kwargs)
  File "/home/airflow/.local/lib/python3.10/site-packages/airflow/providers/apache/spark/operators/spark_submit.py", line 157, in execute
    self._hook.submit(self._application)
  File "/home/airflow/.local/lib/python3.10/site-packages/airflow/providers/apache/spark/hooks/spark_submit.py", line 423, in submit
    raise AirflowException(
airflow.exceptions.AirflowException: Cannot execute: spark-submit --master local --conf spark.hadoop.fs.s3a.endpoint=http://3.38.135.214:9000 --conf spark.hadoop.fs.s3a.access.key=minioadmin --conf spark.hadoop.fs.s3a.secret.key=****** --conf spark.hadoop.fs.s3a.impl=org.apache.hadoop.fs.s3a.S3AFileSystem --conf spark.hadoop.fs.s3a.path.style.access=true --conf spark.hadoop.fs.s3a.connection.ssl.enabled=false --conf spark.hadoop.fs.s3a.aws.credentials.provider= --jars /opt/spark/jars/hadoop-aws-3.3.1.jar,/opt/spark/jars/aws-java-sdk-bundle-1.11.901.jar,/opt/spark/jars/postgresql-42.7.4.jar --name arrow-spark /opt/spark/testlog_ml_spark.py. Error code is: 1.
[2025-05-22T12:48:40.224+0000] {taskinstance.py:1225} INFO - Marking task as UP_FOR_RETRY. dag_id=kafka_to_minio_to_spark, task_id=spark_etl, run_id=scheduled__2025-05-21T16:00:00+00:00, execution_date=20250521T160000, start_date=20250522T124835, end_date=20250522T124840
[2025-05-22T12:48:40.230+0000] {taskinstance.py:340} INFO - ::group::Post task execution logs
[2025-05-22T12:48:40.230+0000] {standard_task_runner.py:124} ERROR - Failed to execute job 317 for task spark_etl (Cannot execute: spark-submit --master local --conf spark.hadoop.fs.s3a.endpoint=http://3.38.135.214:9000 --conf spark.hadoop.fs.s3a.access.key=minioadmin --conf spark.hadoop.fs.s3a.secret.key=****** --conf spark.hadoop.fs.s3a.impl=org.apache.hadoop.fs.s3a.S3AFileSystem --conf spark.hadoop.fs.s3a.path.style.access=true --conf spark.hadoop.fs.s3a.connection.ssl.enabled=false --conf spark.hadoop.fs.s3a.aws.credentials.provider= --jars /opt/spark/jars/hadoop-aws-3.3.1.jar,/opt/spark/jars/aws-java-sdk-bundle-1.11.901.jar,/opt/spark/jars/postgresql-42.7.4.jar --name arrow-spark /opt/spark/testlog_ml_spark.py. Error code is: 1.; 132)
Traceback (most recent call last):
  File "/home/airflow/.local/lib/python3.10/site-packages/airflow/task/task_runner/standard_task_runner.py", line 117, in _start_by_fork
    ret = args.func(args, dag=self.dag)
  File "/home/airflow/.local/lib/python3.10/site-packages/airflow/cli/cli_config.py", line 49, in command
    return func(*args, **kwargs)
  File "/home/airflow/.local/lib/python3.10/site-packages/airflow/utils/cli.py", line 115, in wrapper
    return f(*args, **kwargs)
  File "/home/airflow/.local/lib/python3.10/site-packages/airflow/cli/commands/task_command.py", line 483, in task_run
    task_return_code = _run_task_by_selected_method(args, _dag, ti)
  File "/home/airflow/.local/lib/python3.10/site-packages/airflow/cli/commands/task_command.py", line 256, in _run_task_by_selected_method
    return _run_raw_task(args, ti)
  File "/home/airflow/.local/lib/python3.10/site-packages/airflow/cli/commands/task_command.py", line 341, in _run_raw_task
    return ti._run_raw_task(
  File "/home/airflow/.local/lib/python3.10/site-packages/airflow/utils/session.py", line 97, in wrapper
    return func(*args, session=session, **kwargs)
  File "/home/airflow/.local/lib/python3.10/site-packages/airflow/models/taskinstance.py", line 3004, in _run_raw_task
    return _run_raw_task(
  File "/home/airflow/.local/lib/python3.10/site-packages/airflow/models/taskinstance.py", line 273, in _run_raw_task
    TaskInstance._execute_task_with_callbacks(
  File "/home/airflow/.local/lib/python3.10/site-packages/airflow/models/taskinstance.py", line 3158, in _execute_task_with_callbacks
    result = self._execute_task(context, task_orig)
  File "/home/airflow/.local/lib/python3.10/site-packages/airflow/models/taskinstance.py", line 3182, in _execute_task
    return _execute_task(self, context, task_orig)
  File "/home/airflow/.local/lib/python3.10/site-packages/airflow/models/taskinstance.py", line 762, in _execute_task
    result = _execute_callable(context=context, **execute_callable_kwargs)
  File "/home/airflow/.local/lib/python3.10/site-packages/airflow/models/taskinstance.py", line 733, in _execute_callable
    return ExecutionCallableRunner(
  File "/home/airflow/.local/lib/python3.10/site-packages/airflow/utils/operator_helpers.py", line 252, in run
    return self.func(*args, **kwargs)
  File "/home/airflow/.local/lib/python3.10/site-packages/airflow/models/baseoperator.py", line 406, in wrapper
    return func(self, *args, **kwargs)
  File "/home/airflow/.local/lib/python3.10/site-packages/airflow/providers/apache/spark/operators/spark_submit.py", line 157, in execute
    self._hook.submit(self._application)
  File "/home/airflow/.local/lib/python3.10/site-packages/airflow/providers/apache/spark/hooks/spark_submit.py", line 423, in submit
    raise AirflowException(
airflow.exceptions.AirflowException: Cannot execute: spark-submit --master local --conf spark.hadoop.fs.s3a.endpoint=http://3.38.135.214:9000 --conf spark.hadoop.fs.s3a.access.key=minioadmin --conf spark.hadoop.fs.s3a.secret.key=****** --conf spark.hadoop.fs.s3a.impl=org.apache.hadoop.fs.s3a.S3AFileSystem --conf spark.hadoop.fs.s3a.path.style.access=true --conf spark.hadoop.fs.s3a.connection.ssl.enabled=false --conf spark.hadoop.fs.s3a.aws.credentials.provider= --jars /opt/spark/jars/hadoop-aws-3.3.1.jar,/opt/spark/jars/aws-java-sdk-bundle-1.11.901.jar,/opt/spark/jars/postgresql-42.7.4.jar --name arrow-spark /opt/spark/testlog_ml_spark.py. Error code is: 1.
[2025-05-22T12:48:40.254+0000] {local_task_job_runner.py:266} INFO - Task exited with return code 1
[2025-05-22T12:48:40.263+0000] {taskinstance.py:3900} INFO - 0 downstream tasks scheduled from follow-on schedule check
[2025-05-22T12:48:40.263+0000] {local_task_job_runner.py:245} INFO - ::endgroup::
