[2025-05-22T12:56:07.834+0000] {local_task_job_runner.py:123} INFO - ::group::Pre task execution logs
[2025-05-22T12:56:07.842+0000] {taskinstance.py:2612} INFO - Dependencies all met for dep_context=non-requeueable deps ti=<TaskInstance: kafka_to_minio_to_spark.spark_etl scheduled__2025-05-21T16:00:00+00:00 [queued]>
[2025-05-22T12:56:07.845+0000] {taskinstance.py:2612} INFO - Dependencies all met for dep_context=requeueable deps ti=<TaskInstance: kafka_to_minio_to_spark.spark_etl scheduled__2025-05-21T16:00:00+00:00 [queued]>
[2025-05-22T12:56:07.845+0000] {taskinstance.py:2865} INFO - Starting attempt 48 of 50
[2025-05-22T12:56:07.849+0000] {taskinstance.py:2888} INFO - Executing <Task(SparkSubmitOperator): spark_etl> on 2025-05-21 16:00:00+00:00
[2025-05-22T12:56:07.852+0000] {standard_task_runner.py:72} INFO - Started process 1061 to run task
[2025-05-22T12:56:07.854+0000] {standard_task_runner.py:104} INFO - Running: ['***', 'tasks', 'run', 'kafka_to_minio_to_spark', 'spark_etl', 'scheduled__2025-05-21T16:00:00+00:00', '--job-id', '322', '--raw', '--subdir', 'DAGS_FOLDER/testlog_ml.py', '--cfg-path', '/tmp/tmpxcuaw5h8']
[2025-05-22T12:56:07.854+0000] {standard_task_runner.py:105} INFO - Job 322: Subtask spark_etl
[2025-05-22T12:56:07.873+0000] {task_command.py:467} INFO - Running <TaskInstance: kafka_to_minio_to_spark.spark_etl scheduled__2025-05-21T16:00:00+00:00 [running]> on host 3337e7bd3891
[2025-05-22T12:56:07.899+0000] {taskinstance.py:3131} INFO - Exporting env vars: AIRFLOW_CTX_DAG_OWNER='***' AIRFLOW_CTX_DAG_ID='kafka_to_minio_to_spark' AIRFLOW_CTX_TASK_ID='spark_etl' AIRFLOW_CTX_EXECUTION_DATE='2025-05-21T16:00:00+00:00' AIRFLOW_CTX_TRY_NUMBER='48' AIRFLOW_CTX_DAG_RUN_ID='scheduled__2025-05-21T16:00:00+00:00'
[2025-05-22T12:56:07.900+0000] {taskinstance.py:731} INFO - ::endgroup::
[2025-05-22T12:56:07.907+0000] {base.py:84} INFO - Retrieving connection 'spark'
[2025-05-22T12:56:07.908+0000] {spark_submit.py:341} INFO - Spark-Submit cmd: spark-submit --master local --conf spark.hadoop.fs.s3a.endpoint=http://3.38.135.214:9000 --conf spark.hadoop.fs.s3a.access.key=minioadmin --conf spark.hadoop.fs.s3a.secret.key=****** --conf spark.hadoop.fs.s3a.impl=org.apache.hadoop.fs.s3a.S3AFileSystem --conf spark.hadoop.fs.s3a.path.style.access=true --conf spark.hadoop.fs.s3a.connection.ssl.enabled=false --conf spark.hadoop.fs.s3a.aws.credentials.provider= --jars /opt/spark/jars/hadoop-aws-3.3.1.jar,/opt/spark/jars/aws-java-sdk-bundle-1.11.901.jar,/opt/spark/jars/postgresql-42.7.4.jar --name arrow-spark /opt/spark/testlog_ml_spark.py
[2025-05-22T12:56:08.657+0000] {spark_submit.py:492} INFO - 25/05/22 12:56:08 WARN NativeCodeLoader: Unable to load native-hadoop library for your platform... using builtin-java classes where applicable
[2025-05-22T12:56:09.312+0000] {spark_submit.py:492} INFO - 25/05/22 12:56:09 INFO SparkContext: Running Spark version 3.5.1
[2025-05-22T12:56:09.313+0000] {spark_submit.py:492} INFO - 25/05/22 12:56:09 INFO SparkContext: OS info Linux, 6.10.14-linuxkit, aarch64
[2025-05-22T12:56:09.313+0000] {spark_submit.py:492} INFO - 25/05/22 12:56:09 INFO SparkContext: Java version 17.0.15
[2025-05-22T12:56:09.324+0000] {spark_submit.py:492} INFO - 25/05/22 12:56:09 INFO ResourceUtils: ==============================================================
[2025-05-22T12:56:09.324+0000] {spark_submit.py:492} INFO - 25/05/22 12:56:09 INFO ResourceUtils: No custom resources configured for spark.driver.
[2025-05-22T12:56:09.325+0000] {spark_submit.py:492} INFO - 25/05/22 12:56:09 INFO ResourceUtils: ==============================================================
[2025-05-22T12:56:09.325+0000] {spark_submit.py:492} INFO - 25/05/22 12:56:09 INFO SparkContext: Submitted application: arrow-spark
[2025-05-22T12:56:09.332+0000] {spark_submit.py:492} INFO - 25/05/22 12:56:09 INFO ResourceProfile: Default ResourceProfile created, executor resources: Map(cores -> name: cores, amount: 1, script: , vendor: , memory -> name: memory, amount: 1024, script: , vendor: , offHeap -> name: offHeap, amount: 0, script: , vendor: ), task resources: Map(cpus -> name: cpus, amount: 1.0)
[2025-05-22T12:56:09.335+0000] {spark_submit.py:492} INFO - 25/05/22 12:56:09 INFO ResourceProfile: Limiting resource is cpu
[2025-05-22T12:56:09.335+0000] {spark_submit.py:492} INFO - 25/05/22 12:56:09 INFO ResourceProfileManager: Added ResourceProfile id: 0
[2025-05-22T12:56:09.352+0000] {spark_submit.py:492} INFO - 25/05/22 12:56:09 INFO SecurityManager: Changing view acls to: ***
[2025-05-22T12:56:09.352+0000] {spark_submit.py:492} INFO - 25/05/22 12:56:09 INFO SecurityManager: Changing modify acls to: ***
[2025-05-22T12:56:09.353+0000] {spark_submit.py:492} INFO - 25/05/22 12:56:09 INFO SecurityManager: Changing view acls groups to:
[2025-05-22T12:56:09.353+0000] {spark_submit.py:492} INFO - 25/05/22 12:56:09 INFO SecurityManager: Changing modify acls groups to:
[2025-05-22T12:56:09.353+0000] {spark_submit.py:492} INFO - 25/05/22 12:56:09 INFO SecurityManager: SecurityManager: authentication disabled; ui acls disabled; users with view permissions: ***; groups with view permissions: EMPTY; users with modify permissions: ***; groups with modify permissions: EMPTY
[2025-05-22T12:56:09.429+0000] {spark_submit.py:492} INFO - 25/05/22 12:56:09 INFO Utils: Successfully started service 'sparkDriver' on port 42655.
[2025-05-22T12:56:09.438+0000] {spark_submit.py:492} INFO - 25/05/22 12:56:09 INFO SparkEnv: Registering MapOutputTracker
[2025-05-22T12:56:09.451+0000] {spark_submit.py:492} INFO - 25/05/22 12:56:09 INFO SparkEnv: Registering BlockManagerMaster
[2025-05-22T12:56:09.461+0000] {spark_submit.py:492} INFO - 25/05/22 12:56:09 INFO BlockManagerMasterEndpoint: Using org.apache.spark.storage.DefaultTopologyMapper for getting topology information
[2025-05-22T12:56:09.462+0000] {spark_submit.py:492} INFO - 25/05/22 12:56:09 INFO BlockManagerMasterEndpoint: BlockManagerMasterEndpoint up
[2025-05-22T12:56:09.463+0000] {spark_submit.py:492} INFO - 25/05/22 12:56:09 INFO SparkEnv: Registering BlockManagerMasterHeartbeat
[2025-05-22T12:56:09.471+0000] {spark_submit.py:492} INFO - 25/05/22 12:56:09 INFO DiskBlockManager: Created local directory at /tmp/blockmgr-955aab4d-7fc5-4548-9b2f-116a888081ed
[2025-05-22T12:56:09.476+0000] {spark_submit.py:492} INFO - 25/05/22 12:56:09 INFO MemoryStore: MemoryStore started with capacity 434.4 MiB
[2025-05-22T12:56:09.481+0000] {spark_submit.py:492} INFO - 25/05/22 12:56:09 INFO SparkEnv: Registering OutputCommitCoordinator
[2025-05-22T12:56:09.525+0000] {spark_submit.py:492} INFO - 25/05/22 12:56:09 INFO JettyUtils: Start Jetty 0.0.0.0:4040 for SparkUI
[2025-05-22T12:56:09.549+0000] {spark_submit.py:492} INFO - 25/05/22 12:56:09 INFO Utils: Successfully started service 'SparkUI' on port 4040.
[2025-05-22T12:56:09.566+0000] {spark_submit.py:492} INFO - 25/05/22 12:56:09 INFO SparkContext: Added JAR file:///opt/spark/jars/hadoop-aws-3.3.1.jar at spark://3337e7bd3891:42655/jars/hadoop-aws-3.3.1.jar with timestamp 1747918569309
[2025-05-22T12:56:09.568+0000] {spark_submit.py:492} INFO - 25/05/22 12:56:09 INFO SparkContext: Added JAR file:///opt/spark/jars/aws-java-sdk-bundle-1.11.901.jar at spark://3337e7bd3891:42655/jars/aws-java-sdk-bundle-1.11.901.jar with timestamp 1747918569309
[2025-05-22T12:56:09.569+0000] {spark_submit.py:492} INFO - 25/05/22 12:56:09 INFO SparkContext: Added JAR file:///opt/spark/jars/postgresql-42.7.4.jar at spark://3337e7bd3891:42655/jars/postgresql-42.7.4.jar with timestamp 1747918569309
[2025-05-22T12:56:09.593+0000] {spark_submit.py:492} INFO - 25/05/22 12:56:09 INFO Executor: Starting executor ID driver on host 3337e7bd3891
[2025-05-22T12:56:09.593+0000] {spark_submit.py:492} INFO - 25/05/22 12:56:09 INFO Executor: OS info Linux, 6.10.14-linuxkit, aarch64
[2025-05-22T12:56:09.593+0000] {spark_submit.py:492} INFO - 25/05/22 12:56:09 INFO Executor: Java version 17.0.15
[2025-05-22T12:56:09.595+0000] {spark_submit.py:492} INFO - 25/05/22 12:56:09 INFO Executor: Starting executor with user classpath (userClassPathFirst = false): ''
[2025-05-22T12:56:09.596+0000] {spark_submit.py:492} INFO - 25/05/22 12:56:09 INFO Executor: Created or updated repl class loader org.apache.spark.util.MutableURLClassLoader@12f5f002 for default.
[2025-05-22T12:56:09.600+0000] {spark_submit.py:492} INFO - 25/05/22 12:56:09 INFO Executor: Fetching spark://3337e7bd3891:42655/jars/hadoop-aws-3.3.1.jar with timestamp 1747918569309
[2025-05-22T12:56:09.619+0000] {spark_submit.py:492} INFO - 25/05/22 12:56:09 INFO TransportClientFactory: Successfully created connection to 3337e7bd3891/172.27.0.4:42655 after 9 ms (0 ms spent in bootstraps)
[2025-05-22T12:56:09.622+0000] {spark_submit.py:492} INFO - 25/05/22 12:56:09 INFO Utils: Fetching spark://3337e7bd3891:42655/jars/hadoop-aws-3.3.1.jar to /tmp/spark-51271ea4-c764-400a-8389-c62320ac159d/userFiles-c71b72cb-0786-41c5-aba1-5f09c8c64b50/fetchFileTemp4306229722014308349.tmp
[2025-05-22T12:56:09.638+0000] {spark_submit.py:492} INFO - 25/05/22 12:56:09 INFO Executor: Adding file:/tmp/spark-51271ea4-c764-400a-8389-c62320ac159d/userFiles-c71b72cb-0786-41c5-aba1-5f09c8c64b50/hadoop-aws-3.3.1.jar to class loader default
[2025-05-22T12:56:09.639+0000] {spark_submit.py:492} INFO - 25/05/22 12:56:09 INFO Executor: Fetching spark://3337e7bd3891:42655/jars/postgresql-42.7.4.jar with timestamp 1747918569309
[2025-05-22T12:56:09.640+0000] {spark_submit.py:492} INFO - 25/05/22 12:56:09 INFO Utils: Fetching spark://3337e7bd3891:42655/jars/postgresql-42.7.4.jar to /tmp/spark-51271ea4-c764-400a-8389-c62320ac159d/userFiles-c71b72cb-0786-41c5-aba1-5f09c8c64b50/fetchFileTemp7843275168895034745.tmp
[2025-05-22T12:56:09.645+0000] {spark_submit.py:492} INFO - 25/05/22 12:56:09 INFO Executor: Adding file:/tmp/spark-51271ea4-c764-400a-8389-c62320ac159d/userFiles-c71b72cb-0786-41c5-aba1-5f09c8c64b50/postgresql-42.7.4.jar to class loader default
[2025-05-22T12:56:09.645+0000] {spark_submit.py:492} INFO - 25/05/22 12:56:09 INFO Executor: Fetching spark://3337e7bd3891:42655/jars/aws-java-sdk-bundle-1.11.901.jar with timestamp 1747918569309
[2025-05-22T12:56:09.645+0000] {spark_submit.py:492} INFO - 25/05/22 12:56:09 INFO Utils: Fetching spark://3337e7bd3891:42655/jars/aws-java-sdk-bundle-1.11.901.jar to /tmp/spark-51271ea4-c764-400a-8389-c62320ac159d/userFiles-c71b72cb-0786-41c5-aba1-5f09c8c64b50/fetchFileTemp14528449732134542774.tmp
[2025-05-22T12:56:09.847+0000] {spark_submit.py:492} INFO - 25/05/22 12:56:09 INFO Executor: Adding file:/tmp/spark-51271ea4-c764-400a-8389-c62320ac159d/userFiles-c71b72cb-0786-41c5-aba1-5f09c8c64b50/aws-java-sdk-bundle-1.11.901.jar to class loader default
[2025-05-22T12:56:09.851+0000] {spark_submit.py:492} INFO - 25/05/22 12:56:09 INFO Utils: Successfully started service 'org.apache.spark.network.netty.NettyBlockTransferService' on port 46529.
[2025-05-22T12:56:09.852+0000] {spark_submit.py:492} INFO - 25/05/22 12:56:09 INFO NettyBlockTransferService: Server created on 3337e7bd3891:46529
[2025-05-22T12:56:09.852+0000] {spark_submit.py:492} INFO - 25/05/22 12:56:09 INFO BlockManager: Using org.apache.spark.storage.RandomBlockReplicationPolicy for block replication policy
[2025-05-22T12:56:09.855+0000] {spark_submit.py:492} INFO - 25/05/22 12:56:09 INFO BlockManagerMaster: Registering BlockManager BlockManagerId(driver, 3337e7bd3891, 46529, None)
[2025-05-22T12:56:09.858+0000] {spark_submit.py:492} INFO - 25/05/22 12:56:09 INFO BlockManagerMasterEndpoint: Registering block manager 3337e7bd3891:46529 with 434.4 MiB RAM, BlockManagerId(driver, 3337e7bd3891, 46529, None)
[2025-05-22T12:56:09.859+0000] {spark_submit.py:492} INFO - 25/05/22 12:56:09 INFO BlockManagerMaster: Registered BlockManager BlockManagerId(driver, 3337e7bd3891, 46529, None)
[2025-05-22T12:56:09.859+0000] {spark_submit.py:492} INFO - 25/05/22 12:56:09 INFO BlockManager: Initialized BlockManager: BlockManagerId(driver, 3337e7bd3891, 46529, None)
[2025-05-22T12:56:10.002+0000] {spark_submit.py:492} INFO - 25/05/22 12:56:09 INFO SharedState: Setting hive.metastore.warehouse.dir ('null') to the value of spark.sql.warehouse.dir.
[2025-05-22T12:56:10.007+0000] {spark_submit.py:492} INFO - 25/05/22 12:56:10 INFO SharedState: Warehouse path is 'file:/opt/***/spark-warehouse'.
[2025-05-22T12:56:10.298+0000] {spark_submit.py:492} INFO - 25/05/22 12:56:10 WARN MetricsConfig: Cannot locate configuration: tried hadoop-metrics2-s3a-file-system.properties,hadoop-metrics2.properties
[2025-05-22T12:56:10.302+0000] {spark_submit.py:492} INFO - 25/05/22 12:56:10 INFO MetricsSystemImpl: Scheduled Metric snapshot period at 10 second(s).
[2025-05-22T12:56:10.302+0000] {spark_submit.py:492} INFO - 25/05/22 12:56:10 INFO MetricsSystemImpl: s3a-file-system metrics system started
[2025-05-22T12:56:11.195+0000] {spark_submit.py:492} INFO - 25/05/22 12:56:11 INFO InMemoryFileIndex: It took 245 ms to list leaf files for 1 paths.
[2025-05-22T12:56:11.663+0000] {spark_submit.py:492} INFO - 25/05/22 12:56:11 INFO InMemoryFileIndex: It took 339 ms to list leaf files for 1 paths.
[2025-05-22T12:56:12.517+0000] {spark_submit.py:492} INFO - 25/05/22 12:56:12 INFO FileSourceStrategy: Pushed Filters:
[2025-05-22T12:56:12.518+0000] {spark_submit.py:492} INFO - 25/05/22 12:56:12 INFO FileSourceStrategy: Post-Scan Filters: (length(trim(value#0, None)) > 0)
[2025-05-22T12:56:12.712+0000] {spark_submit.py:492} INFO - 25/05/22 12:56:12 INFO CodeGenerator: Code generated in 76.271708 ms
[2025-05-22T12:56:12.730+0000] {spark_submit.py:492} INFO - 25/05/22 12:56:12 INFO MemoryStore: Block broadcast_0 stored as values in memory (estimated size 202.1 KiB, free 434.2 MiB)
[2025-05-22T12:56:12.751+0000] {spark_submit.py:492} INFO - 25/05/22 12:56:12 INFO MemoryStore: Block broadcast_0_piece0 stored as bytes in memory (estimated size 35.0 KiB, free 434.2 MiB)
[2025-05-22T12:56:12.752+0000] {spark_submit.py:492} INFO - 25/05/22 12:56:12 INFO BlockManagerInfo: Added broadcast_0_piece0 in memory on 3337e7bd3891:46529 (size: 35.0 KiB, free: 434.4 MiB)
[2025-05-22T12:56:12.753+0000] {spark_submit.py:492} INFO - 25/05/22 12:56:12 INFO SparkContext: Created broadcast 0 from csv at NativeMethodAccessorImpl.java:0
[2025-05-22T12:56:12.759+0000] {spark_submit.py:492} INFO - 25/05/22 12:56:12 INFO FileSourceScanExec: Planning scan with bin packing, max size: 4233153 bytes, open cost is considered as scanning 4194304 bytes.
[2025-05-22T12:56:12.802+0000] {spark_submit.py:492} INFO - 25/05/22 12:56:12 INFO SparkContext: Starting job: csv at NativeMethodAccessorImpl.java:0
[2025-05-22T12:56:12.810+0000] {spark_submit.py:492} INFO - 25/05/22 12:56:12 INFO DAGScheduler: Got job 0 (csv at NativeMethodAccessorImpl.java:0) with 1 output partitions
[2025-05-22T12:56:12.810+0000] {spark_submit.py:492} INFO - 25/05/22 12:56:12 INFO DAGScheduler: Final stage: ResultStage 0 (csv at NativeMethodAccessorImpl.java:0)
[2025-05-22T12:56:12.811+0000] {spark_submit.py:492} INFO - 25/05/22 12:56:12 INFO DAGScheduler: Parents of final stage: List()
[2025-05-22T12:56:12.811+0000] {spark_submit.py:492} INFO - 25/05/22 12:56:12 INFO DAGScheduler: Missing parents: List()
[2025-05-22T12:56:12.812+0000] {spark_submit.py:492} INFO - 25/05/22 12:56:12 INFO DAGScheduler: Submitting ResultStage 0 (MapPartitionsRDD[3] at csv at NativeMethodAccessorImpl.java:0), which has no missing parents
[2025-05-22T12:56:12.839+0000] {spark_submit.py:492} INFO - 25/05/22 12:56:12 INFO MemoryStore: Block broadcast_1 stored as values in memory (estimated size 13.5 KiB, free 434.2 MiB)
[2025-05-22T12:56:12.842+0000] {spark_submit.py:492} INFO - 25/05/22 12:56:12 INFO MemoryStore: Block broadcast_1_piece0 stored as bytes in memory (estimated size 6.4 KiB, free 434.1 MiB)
[2025-05-22T12:56:12.843+0000] {spark_submit.py:492} INFO - 25/05/22 12:56:12 INFO BlockManagerInfo: Added broadcast_1_piece0 in memory on 3337e7bd3891:46529 (size: 6.4 KiB, free: 434.4 MiB)
[2025-05-22T12:56:12.844+0000] {spark_submit.py:492} INFO - 25/05/22 12:56:12 INFO SparkContext: Created broadcast 1 from broadcast at DAGScheduler.scala:1585
[2025-05-22T12:56:12.851+0000] {spark_submit.py:492} INFO - 25/05/22 12:56:12 INFO DAGScheduler: Submitting 1 missing tasks from ResultStage 0 (MapPartitionsRDD[3] at csv at NativeMethodAccessorImpl.java:0) (first 15 tasks are for partitions Vector(0))
[2025-05-22T12:56:12.852+0000] {spark_submit.py:492} INFO - 25/05/22 12:56:12 INFO TaskSchedulerImpl: Adding task set 0.0 with 1 tasks resource profile 0
[2025-05-22T12:56:12.871+0000] {spark_submit.py:492} INFO - 25/05/22 12:56:12 INFO TaskSetManager: Starting task 0.0 in stage 0.0 (TID 0) (3337e7bd3891, executor driver, partition 0, PROCESS_LOCAL, 8601 bytes)
[2025-05-22T12:56:12.876+0000] {spark_submit.py:492} INFO - 25/05/22 12:56:12 INFO Executor: Running task 0.0 in stage 0.0 (TID 0)
[2025-05-22T12:56:12.932+0000] {spark_submit.py:492} INFO - 25/05/22 12:56:12 INFO CodeGenerator: Code generated in 19.625583 ms
[2025-05-22T12:56:12.934+0000] {spark_submit.py:492} INFO - 25/05/22 12:56:12 INFO FileScanRDD: Reading File path: s3a://user-log-ml/2025-05-22_01-00-00.csv, range: 0-38849, partition values: [empty row]
[2025-05-22T12:56:12.943+0000] {spark_submit.py:492} INFO - 25/05/22 12:56:12 INFO CodeGenerator: Code generated in 5.599542 ms
[2025-05-22T12:56:13.704+0000] {spark_submit.py:492} INFO - 25/05/22 12:56:13 INFO Executor: Finished task 0.0 in stage 0.0 (TID 0). 1732 bytes result sent to driver
[2025-05-22T12:56:13.713+0000] {spark_submit.py:492} INFO - 25/05/22 12:56:13 INFO TaskSetManager: Finished task 0.0 in stage 0.0 (TID 0) in 845 ms on 3337e7bd3891 (executor driver) (1/1)
[2025-05-22T12:56:13.715+0000] {spark_submit.py:492} INFO - 25/05/22 12:56:13 INFO TaskSchedulerImpl: Removed TaskSet 0.0, whose tasks have all completed, from pool
[2025-05-22T12:56:13.721+0000] {spark_submit.py:492} INFO - 25/05/22 12:56:13 INFO DAGScheduler: ResultStage 0 (csv at NativeMethodAccessorImpl.java:0) finished in 0.905 s
[2025-05-22T12:56:13.722+0000] {spark_submit.py:492} INFO - 25/05/22 12:56:13 INFO DAGScheduler: Job 0 is finished. Cancelling potential speculative or zombie tasks for this job
[2025-05-22T12:56:13.723+0000] {spark_submit.py:492} INFO - 25/05/22 12:56:13 INFO TaskSchedulerImpl: Killing all running tasks in stage 0: Stage finished
[2025-05-22T12:56:13.724+0000] {spark_submit.py:492} INFO - 25/05/22 12:56:13 INFO DAGScheduler: Job 0 finished: csv at NativeMethodAccessorImpl.java:0, took 0.921921 s
[2025-05-22T12:56:13.740+0000] {spark_submit.py:492} INFO - 25/05/22 12:56:13 INFO CodeGenerator: Code generated in 5.633958 ms
[2025-05-22T12:56:13.769+0000] {spark_submit.py:492} INFO - 25/05/22 12:56:13 INFO FileSourceStrategy: Pushed Filters:
[2025-05-22T12:56:13.770+0000] {spark_submit.py:492} INFO - 25/05/22 12:56:13 INFO FileSourceStrategy: Post-Scan Filters:
[2025-05-22T12:56:13.774+0000] {spark_submit.py:492} INFO - 25/05/22 12:56:13 INFO MemoryStore: Block broadcast_2 stored as values in memory (estimated size 202.1 KiB, free 434.0 MiB)
[2025-05-22T12:56:13.780+0000] {spark_submit.py:492} INFO - 25/05/22 12:56:13 INFO MemoryStore: Block broadcast_2_piece0 stored as bytes in memory (estimated size 35.0 KiB, free 433.9 MiB)
[2025-05-22T12:56:13.781+0000] {spark_submit.py:492} INFO - 25/05/22 12:56:13 INFO BlockManagerInfo: Added broadcast_2_piece0 in memory on 3337e7bd3891:46529 (size: 35.0 KiB, free: 434.3 MiB)
[2025-05-22T12:56:13.781+0000] {spark_submit.py:492} INFO - 25/05/22 12:56:13 INFO SparkContext: Created broadcast 2 from csv at NativeMethodAccessorImpl.java:0
[2025-05-22T12:56:13.782+0000] {spark_submit.py:492} INFO - 25/05/22 12:56:13 INFO FileSourceScanExec: Planning scan with bin packing, max size: 4233153 bytes, open cost is considered as scanning 4194304 bytes.
[2025-05-22T12:56:13.815+0000] {spark_submit.py:492} INFO - 25/05/22 12:56:13 INFO SparkContext: Starting job: csv at NativeMethodAccessorImpl.java:0
[2025-05-22T12:56:13.816+0000] {spark_submit.py:492} INFO - 25/05/22 12:56:13 INFO DAGScheduler: Got job 1 (csv at NativeMethodAccessorImpl.java:0) with 1 output partitions
[2025-05-22T12:56:13.817+0000] {spark_submit.py:492} INFO - 25/05/22 12:56:13 INFO DAGScheduler: Final stage: ResultStage 1 (csv at NativeMethodAccessorImpl.java:0)
[2025-05-22T12:56:13.817+0000] {spark_submit.py:492} INFO - 25/05/22 12:56:13 INFO DAGScheduler: Parents of final stage: List()
[2025-05-22T12:56:13.817+0000] {spark_submit.py:492} INFO - 25/05/22 12:56:13 INFO DAGScheduler: Missing parents: List()
[2025-05-22T12:56:13.818+0000] {spark_submit.py:492} INFO - 25/05/22 12:56:13 INFO DAGScheduler: Submitting ResultStage 1 (MapPartitionsRDD[9] at csv at NativeMethodAccessorImpl.java:0), which has no missing parents
[2025-05-22T12:56:13.828+0000] {spark_submit.py:492} INFO - 25/05/22 12:56:13 INFO MemoryStore: Block broadcast_3 stored as values in memory (estimated size 28.5 KiB, free 433.9 MiB)
[2025-05-22T12:56:13.832+0000] {spark_submit.py:492} INFO - 25/05/22 12:56:13 INFO MemoryStore: Block broadcast_3_piece0 stored as bytes in memory (estimated size 13.1 KiB, free 433.9 MiB)
[2025-05-22T12:56:13.833+0000] {spark_submit.py:492} INFO - 25/05/22 12:56:13 INFO BlockManagerInfo: Added broadcast_3_piece0 in memory on 3337e7bd3891:46529 (size: 13.1 KiB, free: 434.3 MiB)
[2025-05-22T12:56:13.833+0000] {spark_submit.py:492} INFO - 25/05/22 12:56:13 INFO SparkContext: Created broadcast 3 from broadcast at DAGScheduler.scala:1585
[2025-05-22T12:56:13.834+0000] {spark_submit.py:492} INFO - 25/05/22 12:56:13 INFO DAGScheduler: Submitting 1 missing tasks from ResultStage 1 (MapPartitionsRDD[9] at csv at NativeMethodAccessorImpl.java:0) (first 15 tasks are for partitions Vector(0))
[2025-05-22T12:56:13.834+0000] {spark_submit.py:492} INFO - 25/05/22 12:56:13 INFO TaskSchedulerImpl: Adding task set 1.0 with 1 tasks resource profile 0
[2025-05-22T12:56:13.834+0000] {spark_submit.py:492} INFO - 25/05/22 12:56:13 INFO TaskSetManager: Starting task 0.0 in stage 1.0 (TID 1) (3337e7bd3891, executor driver, partition 0, PROCESS_LOCAL, 8601 bytes)
[2025-05-22T12:56:13.835+0000] {spark_submit.py:492} INFO - 25/05/22 12:56:13 INFO Executor: Running task 0.0 in stage 1.0 (TID 1)
[2025-05-22T12:56:13.858+0000] {spark_submit.py:492} INFO - 25/05/22 12:56:13 INFO BlockManagerInfo: Removed broadcast_0_piece0 on 3337e7bd3891:46529 in memory (size: 35.0 KiB, free: 434.3 MiB)
[2025-05-22T12:56:13.862+0000] {spark_submit.py:492} INFO - 25/05/22 12:56:13 INFO CodeGenerator: Code generated in 3.85675 ms
[2025-05-22T12:56:13.863+0000] {spark_submit.py:492} INFO - 25/05/22 12:56:13 INFO FileScanRDD: Reading File path: s3a://user-log-ml/2025-05-22_01-00-00.csv, range: 0-38849, partition values: [empty row]
[2025-05-22T12:56:14.617+0000] {spark_submit.py:492} INFO - 25/05/22 12:56:14 INFO Executor: Finished task 0.0 in stage 1.0 (TID 1). 1745 bytes result sent to driver
[2025-05-22T12:56:14.622+0000] {spark_submit.py:492} INFO - 25/05/22 12:56:14 INFO TaskSetManager: Finished task 0.0 in stage 1.0 (TID 1) in 787 ms on 3337e7bd3891 (executor driver) (1/1)
[2025-05-22T12:56:14.623+0000] {spark_submit.py:492} INFO - 25/05/22 12:56:14 INFO TaskSchedulerImpl: Removed TaskSet 1.0, whose tasks have all completed, from pool
[2025-05-22T12:56:14.626+0000] {spark_submit.py:492} INFO - 25/05/22 12:56:14 INFO DAGScheduler: ResultStage 1 (csv at NativeMethodAccessorImpl.java:0) finished in 0.806 s
[2025-05-22T12:56:14.626+0000] {spark_submit.py:492} INFO - 25/05/22 12:56:14 INFO DAGScheduler: Job 1 is finished. Cancelling potential speculative or zombie tasks for this job
[2025-05-22T12:56:14.627+0000] {spark_submit.py:492} INFO - 25/05/22 12:56:14 INFO TaskSchedulerImpl: Killing all running tasks in stage 1: Stage finished
[2025-05-22T12:56:14.628+0000] {spark_submit.py:492} INFO - 25/05/22 12:56:14 INFO DAGScheduler: Job 1 finished: csv at NativeMethodAccessorImpl.java:0, took 0.808927 s
[2025-05-22T12:56:14.674+0000] {spark_submit.py:492} INFO - Traceback (most recent call last):
[2025-05-22T12:56:14.674+0000] {spark_submit.py:492} INFO - File "/opt/spark/testlog_ml_spark.py", line 15, in <module>
[2025-05-22T12:56:14.678+0000] {spark_submit.py:492} INFO - .withColumn("like_score", when(col("event_type") == "like_click") & (col("liked") == 1, lit(3))
[2025-05-22T12:56:14.678+0000] {spark_submit.py:492} INFO - File "/home/***/.local/lib/python3.10/site-packages/pyspark/python/lib/pyspark.zip/pyspark/sql/utils.py", line 174, in wrapped
[2025-05-22T12:56:14.678+0000] {spark_submit.py:492} INFO - TypeError: when() missing 1 required positional argument: 'value'
[2025-05-22T12:56:14.728+0000] {spark_submit.py:492} INFO - 25/05/22 12:56:14 INFO SparkContext: Invoking stop() from shutdown hook
[2025-05-22T12:56:14.729+0000] {spark_submit.py:492} INFO - 25/05/22 12:56:14 INFO SparkContext: SparkContext is stopping with exitCode 0.
[2025-05-22T12:56:14.733+0000] {spark_submit.py:492} INFO - 25/05/22 12:56:14 INFO SparkUI: Stopped Spark web UI at http://3337e7bd3891:4040
[2025-05-22T12:56:14.737+0000] {spark_submit.py:492} INFO - 25/05/22 12:56:14 INFO MapOutputTrackerMasterEndpoint: MapOutputTrackerMasterEndpoint stopped!
[2025-05-22T12:56:14.743+0000] {spark_submit.py:492} INFO - 25/05/22 12:56:14 INFO MemoryStore: MemoryStore cleared
[2025-05-22T12:56:14.744+0000] {spark_submit.py:492} INFO - 25/05/22 12:56:14 INFO BlockManager: BlockManager stopped
[2025-05-22T12:56:14.747+0000] {spark_submit.py:492} INFO - 25/05/22 12:56:14 INFO BlockManagerMaster: BlockManagerMaster stopped
[2025-05-22T12:56:14.748+0000] {spark_submit.py:492} INFO - 25/05/22 12:56:14 INFO OutputCommitCoordinator$OutputCommitCoordinatorEndpoint: OutputCommitCoordinator stopped!
[2025-05-22T12:56:14.751+0000] {spark_submit.py:492} INFO - 25/05/22 12:56:14 INFO SparkContext: Successfully stopped SparkContext
[2025-05-22T12:56:14.752+0000] {spark_submit.py:492} INFO - 25/05/22 12:56:14 INFO ShutdownHookManager: Shutdown hook called
[2025-05-22T12:56:14.752+0000] {spark_submit.py:492} INFO - 25/05/22 12:56:14 INFO ShutdownHookManager: Deleting directory /tmp/spark-fdb2c43d-1be2-4a78-ada7-3bb71cf12442
[2025-05-22T12:56:14.754+0000] {spark_submit.py:492} INFO - 25/05/22 12:56:14 INFO ShutdownHookManager: Deleting directory /tmp/spark-51271ea4-c764-400a-8389-c62320ac159d
[2025-05-22T12:56:14.755+0000] {spark_submit.py:492} INFO - 25/05/22 12:56:14 INFO ShutdownHookManager: Deleting directory /tmp/spark-51271ea4-c764-400a-8389-c62320ac159d/pyspark-da7a2de8-22b4-4912-8170-c1ecbcc86276
[2025-05-22T12:56:14.759+0000] {spark_submit.py:492} INFO - 25/05/22 12:56:14 INFO MetricsSystemImpl: Stopping s3a-file-system metrics system...
[2025-05-22T12:56:14.762+0000] {spark_submit.py:492} INFO - 25/05/22 12:56:14 INFO MetricsSystemImpl: s3a-file-system metrics system stopped.
[2025-05-22T12:56:14.764+0000] {spark_submit.py:492} INFO - 25/05/22 12:56:14 INFO MetricsSystemImpl: s3a-file-system metrics system shutdown complete.
[2025-05-22T12:56:14.799+0000] {taskinstance.py:3310} ERROR - Task failed with exception
Traceback (most recent call last):
  File "/home/airflow/.local/lib/python3.10/site-packages/airflow/models/taskinstance.py", line 762, in _execute_task
    result = _execute_callable(context=context, **execute_callable_kwargs)
  File "/home/airflow/.local/lib/python3.10/site-packages/airflow/models/taskinstance.py", line 733, in _execute_callable
    return ExecutionCallableRunner(
  File "/home/airflow/.local/lib/python3.10/site-packages/airflow/utils/operator_helpers.py", line 252, in run
    return self.func(*args, **kwargs)
  File "/home/airflow/.local/lib/python3.10/site-packages/airflow/models/baseoperator.py", line 406, in wrapper
    return func(self, *args, **kwargs)
  File "/home/airflow/.local/lib/python3.10/site-packages/airflow/providers/apache/spark/operators/spark_submit.py", line 157, in execute
    self._hook.submit(self._application)
  File "/home/airflow/.local/lib/python3.10/site-packages/airflow/providers/apache/spark/hooks/spark_submit.py", line 423, in submit
    raise AirflowException(
airflow.exceptions.AirflowException: Cannot execute: spark-submit --master local --conf spark.hadoop.fs.s3a.endpoint=http://3.38.135.214:9000 --conf spark.hadoop.fs.s3a.access.key=minioadmin --conf spark.hadoop.fs.s3a.secret.key=****** --conf spark.hadoop.fs.s3a.impl=org.apache.hadoop.fs.s3a.S3AFileSystem --conf spark.hadoop.fs.s3a.path.style.access=true --conf spark.hadoop.fs.s3a.connection.ssl.enabled=false --conf spark.hadoop.fs.s3a.aws.credentials.provider= --jars /opt/spark/jars/hadoop-aws-3.3.1.jar,/opt/spark/jars/aws-java-sdk-bundle-1.11.901.jar,/opt/spark/jars/postgresql-42.7.4.jar --name arrow-spark /opt/spark/testlog_ml_spark.py. Error code is: 1.
[2025-05-22T12:56:14.802+0000] {taskinstance.py:1225} INFO - Marking task as UP_FOR_RETRY. dag_id=kafka_to_minio_to_spark, task_id=spark_etl, run_id=scheduled__2025-05-21T16:00:00+00:00, execution_date=20250521T160000, start_date=20250522T125607, end_date=20250522T125614
[2025-05-22T12:56:14.808+0000] {taskinstance.py:340} INFO - ::group::Post task execution logs
[2025-05-22T12:56:14.808+0000] {standard_task_runner.py:124} ERROR - Failed to execute job 322 for task spark_etl (Cannot execute: spark-submit --master local --conf spark.hadoop.fs.s3a.endpoint=http://3.38.135.214:9000 --conf spark.hadoop.fs.s3a.access.key=minioadmin --conf spark.hadoop.fs.s3a.secret.key=****** --conf spark.hadoop.fs.s3a.impl=org.apache.hadoop.fs.s3a.S3AFileSystem --conf spark.hadoop.fs.s3a.path.style.access=true --conf spark.hadoop.fs.s3a.connection.ssl.enabled=false --conf spark.hadoop.fs.s3a.aws.credentials.provider= --jars /opt/spark/jars/hadoop-aws-3.3.1.jar,/opt/spark/jars/aws-java-sdk-bundle-1.11.901.jar,/opt/spark/jars/postgresql-42.7.4.jar --name arrow-spark /opt/spark/testlog_ml_spark.py. Error code is: 1.; 1061)
Traceback (most recent call last):
  File "/home/airflow/.local/lib/python3.10/site-packages/airflow/task/task_runner/standard_task_runner.py", line 117, in _start_by_fork
    ret = args.func(args, dag=self.dag)
  File "/home/airflow/.local/lib/python3.10/site-packages/airflow/cli/cli_config.py", line 49, in command
    return func(*args, **kwargs)
  File "/home/airflow/.local/lib/python3.10/site-packages/airflow/utils/cli.py", line 115, in wrapper
    return f(*args, **kwargs)
  File "/home/airflow/.local/lib/python3.10/site-packages/airflow/cli/commands/task_command.py", line 483, in task_run
    task_return_code = _run_task_by_selected_method(args, _dag, ti)
  File "/home/airflow/.local/lib/python3.10/site-packages/airflow/cli/commands/task_command.py", line 256, in _run_task_by_selected_method
    return _run_raw_task(args, ti)
  File "/home/airflow/.local/lib/python3.10/site-packages/airflow/cli/commands/task_command.py", line 341, in _run_raw_task
    return ti._run_raw_task(
  File "/home/airflow/.local/lib/python3.10/site-packages/airflow/utils/session.py", line 97, in wrapper
    return func(*args, session=session, **kwargs)
  File "/home/airflow/.local/lib/python3.10/site-packages/airflow/models/taskinstance.py", line 3004, in _run_raw_task
    return _run_raw_task(
  File "/home/airflow/.local/lib/python3.10/site-packages/airflow/models/taskinstance.py", line 273, in _run_raw_task
    TaskInstance._execute_task_with_callbacks(
  File "/home/airflow/.local/lib/python3.10/site-packages/airflow/models/taskinstance.py", line 3158, in _execute_task_with_callbacks
    result = self._execute_task(context, task_orig)
  File "/home/airflow/.local/lib/python3.10/site-packages/airflow/models/taskinstance.py", line 3182, in _execute_task
    return _execute_task(self, context, task_orig)
  File "/home/airflow/.local/lib/python3.10/site-packages/airflow/models/taskinstance.py", line 762, in _execute_task
    result = _execute_callable(context=context, **execute_callable_kwargs)
  File "/home/airflow/.local/lib/python3.10/site-packages/airflow/models/taskinstance.py", line 733, in _execute_callable
    return ExecutionCallableRunner(
  File "/home/airflow/.local/lib/python3.10/site-packages/airflow/utils/operator_helpers.py", line 252, in run
    return self.func(*args, **kwargs)
  File "/home/airflow/.local/lib/python3.10/site-packages/airflow/models/baseoperator.py", line 406, in wrapper
    return func(self, *args, **kwargs)
  File "/home/airflow/.local/lib/python3.10/site-packages/airflow/providers/apache/spark/operators/spark_submit.py", line 157, in execute
    self._hook.submit(self._application)
  File "/home/airflow/.local/lib/python3.10/site-packages/airflow/providers/apache/spark/hooks/spark_submit.py", line 423, in submit
    raise AirflowException(
airflow.exceptions.AirflowException: Cannot execute: spark-submit --master local --conf spark.hadoop.fs.s3a.endpoint=http://3.38.135.214:9000 --conf spark.hadoop.fs.s3a.access.key=minioadmin --conf spark.hadoop.fs.s3a.secret.key=****** --conf spark.hadoop.fs.s3a.impl=org.apache.hadoop.fs.s3a.S3AFileSystem --conf spark.hadoop.fs.s3a.path.style.access=true --conf spark.hadoop.fs.s3a.connection.ssl.enabled=false --conf spark.hadoop.fs.s3a.aws.credentials.provider= --jars /opt/spark/jars/hadoop-aws-3.3.1.jar,/opt/spark/jars/aws-java-sdk-bundle-1.11.901.jar,/opt/spark/jars/postgresql-42.7.4.jar --name arrow-spark /opt/spark/testlog_ml_spark.py. Error code is: 1.
[2025-05-22T12:56:14.827+0000] {local_task_job_runner.py:266} INFO - Task exited with return code 1
[2025-05-22T12:56:14.833+0000] {taskinstance.py:3900} INFO - 0 downstream tasks scheduled from follow-on schedule check
[2025-05-22T12:56:14.833+0000] {local_task_job_runner.py:245} INFO - ::endgroup::
