[2025-05-22T12:52:20.081+0000] {local_task_job_runner.py:123} INFO - ::group::Pre task execution logs
[2025-05-22T12:52:20.088+0000] {taskinstance.py:2612} INFO - Dependencies all met for dep_context=non-requeueable deps ti=<TaskInstance: kafka_to_minio_to_spark.spark_etl scheduled__2025-05-21T16:00:00+00:00 [queued]>
[2025-05-22T12:52:20.091+0000] {taskinstance.py:2612} INFO - Dependencies all met for dep_context=requeueable deps ti=<TaskInstance: kafka_to_minio_to_spark.spark_etl scheduled__2025-05-21T16:00:00+00:00 [queued]>
[2025-05-22T12:52:20.092+0000] {taskinstance.py:2865} INFO - Starting attempt 45 of 47
[2025-05-22T12:52:20.096+0000] {taskinstance.py:2888} INFO - Executing <Task(SparkSubmitOperator): spark_etl> on 2025-05-21 16:00:00+00:00
[2025-05-22T12:52:20.098+0000] {standard_task_runner.py:72} INFO - Started process 508 to run task
[2025-05-22T12:52:20.100+0000] {standard_task_runner.py:104} INFO - Running: ['***', 'tasks', 'run', 'kafka_to_minio_to_spark', 'spark_etl', 'scheduled__2025-05-21T16:00:00+00:00', '--job-id', '319', '--raw', '--subdir', 'DAGS_FOLDER/testlog_ml.py', '--cfg-path', '/tmp/tmpshrz5hj5']
[2025-05-22T12:52:20.101+0000] {standard_task_runner.py:105} INFO - Job 319: Subtask spark_etl
[2025-05-22T12:52:20.118+0000] {task_command.py:467} INFO - Running <TaskInstance: kafka_to_minio_to_spark.spark_etl scheduled__2025-05-21T16:00:00+00:00 [running]> on host 3337e7bd3891
[2025-05-22T12:52:20.144+0000] {taskinstance.py:3131} INFO - Exporting env vars: AIRFLOW_CTX_DAG_OWNER='***' AIRFLOW_CTX_DAG_ID='kafka_to_minio_to_spark' AIRFLOW_CTX_TASK_ID='spark_etl' AIRFLOW_CTX_EXECUTION_DATE='2025-05-21T16:00:00+00:00' AIRFLOW_CTX_TRY_NUMBER='45' AIRFLOW_CTX_DAG_RUN_ID='scheduled__2025-05-21T16:00:00+00:00'
[2025-05-22T12:52:20.144+0000] {taskinstance.py:731} INFO - ::endgroup::
[2025-05-22T12:52:20.152+0000] {base.py:84} INFO - Retrieving connection 'spark'
[2025-05-22T12:52:20.153+0000] {spark_submit.py:341} INFO - Spark-Submit cmd: spark-submit --master local --conf spark.hadoop.fs.s3a.endpoint=http://3.38.135.214:9000 --conf spark.hadoop.fs.s3a.access.key=minioadmin --conf spark.hadoop.fs.s3a.secret.key=****** --conf spark.hadoop.fs.s3a.impl=org.apache.hadoop.fs.s3a.S3AFileSystem --conf spark.hadoop.fs.s3a.path.style.access=true --conf spark.hadoop.fs.s3a.connection.ssl.enabled=false --conf spark.hadoop.fs.s3a.aws.credentials.provider= --jars /opt/spark/jars/hadoop-aws-3.3.1.jar,/opt/spark/jars/aws-java-sdk-bundle-1.11.901.jar,/opt/spark/jars/postgresql-42.7.4.jar --name arrow-spark /opt/spark/testlog_ml_spark.py
[2025-05-22T12:52:20.815+0000] {spark_submit.py:492} INFO - 25/05/22 12:52:20 WARN NativeCodeLoader: Unable to load native-hadoop library for your platform... using builtin-java classes where applicable
[2025-05-22T12:52:21.480+0000] {spark_submit.py:492} INFO - 25/05/22 12:52:21 INFO SparkContext: Running Spark version 3.5.1
[2025-05-22T12:52:21.481+0000] {spark_submit.py:492} INFO - 25/05/22 12:52:21 INFO SparkContext: OS info Linux, 6.10.14-linuxkit, aarch64
[2025-05-22T12:52:21.482+0000] {spark_submit.py:492} INFO - 25/05/22 12:52:21 INFO SparkContext: Java version 17.0.15
[2025-05-22T12:52:21.491+0000] {spark_submit.py:492} INFO - 25/05/22 12:52:21 INFO ResourceUtils: ==============================================================
[2025-05-22T12:52:21.491+0000] {spark_submit.py:492} INFO - 25/05/22 12:52:21 INFO ResourceUtils: No custom resources configured for spark.driver.
[2025-05-22T12:52:21.492+0000] {spark_submit.py:492} INFO - 25/05/22 12:52:21 INFO ResourceUtils: ==============================================================
[2025-05-22T12:52:21.492+0000] {spark_submit.py:492} INFO - 25/05/22 12:52:21 INFO SparkContext: Submitted application: arrow-spark
[2025-05-22T12:52:21.499+0000] {spark_submit.py:492} INFO - 25/05/22 12:52:21 INFO ResourceProfile: Default ResourceProfile created, executor resources: Map(cores -> name: cores, amount: 1, script: , vendor: , memory -> name: memory, amount: 1024, script: , vendor: , offHeap -> name: offHeap, amount: 0, script: , vendor: ), task resources: Map(cpus -> name: cpus, amount: 1.0)
[2025-05-22T12:52:21.502+0000] {spark_submit.py:492} INFO - 25/05/22 12:52:21 INFO ResourceProfile: Limiting resource is cpu
[2025-05-22T12:52:21.502+0000] {spark_submit.py:492} INFO - 25/05/22 12:52:21 INFO ResourceProfileManager: Added ResourceProfile id: 0
[2025-05-22T12:52:21.520+0000] {spark_submit.py:492} INFO - 25/05/22 12:52:21 INFO SecurityManager: Changing view acls to: ***
[2025-05-22T12:52:21.520+0000] {spark_submit.py:492} INFO - 25/05/22 12:52:21 INFO SecurityManager: Changing modify acls to: ***
[2025-05-22T12:52:21.521+0000] {spark_submit.py:492} INFO - 25/05/22 12:52:21 INFO SecurityManager: Changing view acls groups to:
[2025-05-22T12:52:21.521+0000] {spark_submit.py:492} INFO - 25/05/22 12:52:21 INFO SecurityManager: Changing modify acls groups to:
[2025-05-22T12:52:21.521+0000] {spark_submit.py:492} INFO - 25/05/22 12:52:21 INFO SecurityManager: SecurityManager: authentication disabled; ui acls disabled; users with view permissions: ***; groups with view permissions: EMPTY; users with modify permissions: ***; groups with modify permissions: EMPTY
[2025-05-22T12:52:21.600+0000] {spark_submit.py:492} INFO - 25/05/22 12:52:21 INFO Utils: Successfully started service 'sparkDriver' on port 45227.
[2025-05-22T12:52:21.609+0000] {spark_submit.py:492} INFO - 25/05/22 12:52:21 INFO SparkEnv: Registering MapOutputTracker
[2025-05-22T12:52:21.622+0000] {spark_submit.py:492} INFO - 25/05/22 12:52:21 INFO SparkEnv: Registering BlockManagerMaster
[2025-05-22T12:52:21.632+0000] {spark_submit.py:492} INFO - 25/05/22 12:52:21 INFO BlockManagerMasterEndpoint: Using org.apache.spark.storage.DefaultTopologyMapper for getting topology information
[2025-05-22T12:52:21.632+0000] {spark_submit.py:492} INFO - 25/05/22 12:52:21 INFO BlockManagerMasterEndpoint: BlockManagerMasterEndpoint up
[2025-05-22T12:52:21.633+0000] {spark_submit.py:492} INFO - 25/05/22 12:52:21 INFO SparkEnv: Registering BlockManagerMasterHeartbeat
[2025-05-22T12:52:21.641+0000] {spark_submit.py:492} INFO - 25/05/22 12:52:21 INFO DiskBlockManager: Created local directory at /tmp/blockmgr-9f7abc86-9961-441d-a7dc-a7ebdb6a1675
[2025-05-22T12:52:21.646+0000] {spark_submit.py:492} INFO - 25/05/22 12:52:21 INFO MemoryStore: MemoryStore started with capacity 434.4 MiB
[2025-05-22T12:52:21.651+0000] {spark_submit.py:492} INFO - 25/05/22 12:52:21 INFO SparkEnv: Registering OutputCommitCoordinator
[2025-05-22T12:52:21.696+0000] {spark_submit.py:492} INFO - 25/05/22 12:52:21 INFO JettyUtils: Start Jetty 0.0.0.0:4040 for SparkUI
[2025-05-22T12:52:21.722+0000] {spark_submit.py:492} INFO - 25/05/22 12:52:21 INFO Utils: Successfully started service 'SparkUI' on port 4040.
[2025-05-22T12:52:21.735+0000] {spark_submit.py:492} INFO - 25/05/22 12:52:21 INFO SparkContext: Added JAR file:///opt/spark/jars/hadoop-aws-3.3.1.jar at spark://3337e7bd3891:45227/jars/hadoop-aws-3.3.1.jar with timestamp 1747918341477
[2025-05-22T12:52:21.737+0000] {spark_submit.py:492} INFO - 25/05/22 12:52:21 INFO SparkContext: Added JAR file:///opt/spark/jars/aws-java-sdk-bundle-1.11.901.jar at spark://3337e7bd3891:45227/jars/aws-java-sdk-bundle-1.11.901.jar with timestamp 1747918341477
[2025-05-22T12:52:21.739+0000] {spark_submit.py:492} INFO - 25/05/22 12:52:21 INFO SparkContext: Added JAR file:///opt/spark/jars/postgresql-42.7.4.jar at spark://3337e7bd3891:45227/jars/postgresql-42.7.4.jar with timestamp 1747918341477
[2025-05-22T12:52:21.760+0000] {spark_submit.py:492} INFO - 25/05/22 12:52:21 INFO Executor: Starting executor ID driver on host 3337e7bd3891
[2025-05-22T12:52:21.762+0000] {spark_submit.py:492} INFO - 25/05/22 12:52:21 INFO Executor: OS info Linux, 6.10.14-linuxkit, aarch64
[2025-05-22T12:52:21.762+0000] {spark_submit.py:492} INFO - 25/05/22 12:52:21 INFO Executor: Java version 17.0.15
[2025-05-22T12:52:21.764+0000] {spark_submit.py:492} INFO - 25/05/22 12:52:21 INFO Executor: Starting executor with user classpath (userClassPathFirst = false): ''
[2025-05-22T12:52:21.764+0000] {spark_submit.py:492} INFO - 25/05/22 12:52:21 INFO Executor: Created or updated repl class loader org.apache.spark.util.MutableURLClassLoader@5716071b for default.
[2025-05-22T12:52:21.770+0000] {spark_submit.py:492} INFO - 25/05/22 12:52:21 INFO Executor: Fetching spark://3337e7bd3891:45227/jars/aws-java-sdk-bundle-1.11.901.jar with timestamp 1747918341477
[2025-05-22T12:52:21.793+0000] {spark_submit.py:492} INFO - 25/05/22 12:52:21 INFO TransportClientFactory: Successfully created connection to 3337e7bd3891/172.27.0.4:45227 after 10 ms (0 ms spent in bootstraps)
[2025-05-22T12:52:21.795+0000] {spark_submit.py:492} INFO - 25/05/22 12:52:21 INFO Utils: Fetching spark://3337e7bd3891:45227/jars/aws-java-sdk-bundle-1.11.901.jar to /tmp/spark-5612efdb-5fd6-4fc5-9c0e-236b821b67ee/userFiles-dfa013c3-a00b-49b0-a748-2fea9fff0921/fetchFileTemp10530295393393360865.tmp
[2025-05-22T12:52:22.143+0000] {spark_submit.py:492} INFO - 25/05/22 12:52:22 INFO Executor: Adding file:/tmp/spark-5612efdb-5fd6-4fc5-9c0e-236b821b67ee/userFiles-dfa013c3-a00b-49b0-a748-2fea9fff0921/aws-java-sdk-bundle-1.11.901.jar to class loader default
[2025-05-22T12:52:22.147+0000] {spark_submit.py:492} INFO - 25/05/22 12:52:22 INFO Executor: Fetching spark://3337e7bd3891:45227/jars/postgresql-42.7.4.jar with timestamp 1747918341477
[2025-05-22T12:52:22.149+0000] {spark_submit.py:492} INFO - 25/05/22 12:52:22 INFO Utils: Fetching spark://3337e7bd3891:45227/jars/postgresql-42.7.4.jar to /tmp/spark-5612efdb-5fd6-4fc5-9c0e-236b821b67ee/userFiles-dfa013c3-a00b-49b0-a748-2fea9fff0921/fetchFileTemp11159647411765253641.tmp
[2025-05-22T12:52:22.163+0000] {spark_submit.py:492} INFO - 25/05/22 12:52:22 INFO Executor: Adding file:/tmp/spark-5612efdb-5fd6-4fc5-9c0e-236b821b67ee/userFiles-dfa013c3-a00b-49b0-a748-2fea9fff0921/postgresql-42.7.4.jar to class loader default
[2025-05-22T12:52:22.164+0000] {spark_submit.py:492} INFO - 25/05/22 12:52:22 INFO Executor: Fetching spark://3337e7bd3891:45227/jars/hadoop-aws-3.3.1.jar with timestamp 1747918341477
[2025-05-22T12:52:22.164+0000] {spark_submit.py:492} INFO - 25/05/22 12:52:22 INFO Utils: Fetching spark://3337e7bd3891:45227/jars/hadoop-aws-3.3.1.jar to /tmp/spark-5612efdb-5fd6-4fc5-9c0e-236b821b67ee/userFiles-dfa013c3-a00b-49b0-a748-2fea9fff0921/fetchFileTemp14967433937286365245.tmp
[2025-05-22T12:52:22.171+0000] {spark_submit.py:492} INFO - 25/05/22 12:52:22 INFO Executor: Adding file:/tmp/spark-5612efdb-5fd6-4fc5-9c0e-236b821b67ee/userFiles-dfa013c3-a00b-49b0-a748-2fea9fff0921/hadoop-aws-3.3.1.jar to class loader default
[2025-05-22T12:52:22.180+0000] {spark_submit.py:492} INFO - 25/05/22 12:52:22 INFO Utils: Successfully started service 'org.apache.spark.network.netty.NettyBlockTransferService' on port 38689.
[2025-05-22T12:52:22.180+0000] {spark_submit.py:492} INFO - 25/05/22 12:52:22 INFO NettyBlockTransferService: Server created on 3337e7bd3891:38689
[2025-05-22T12:52:22.181+0000] {spark_submit.py:492} INFO - 25/05/22 12:52:22 INFO BlockManager: Using org.apache.spark.storage.RandomBlockReplicationPolicy for block replication policy
[2025-05-22T12:52:22.183+0000] {spark_submit.py:492} INFO - 25/05/22 12:52:22 INFO BlockManagerMaster: Registering BlockManager BlockManagerId(driver, 3337e7bd3891, 38689, None)
[2025-05-22T12:52:22.186+0000] {spark_submit.py:492} INFO - 25/05/22 12:52:22 INFO BlockManagerMasterEndpoint: Registering block manager 3337e7bd3891:38689 with 434.4 MiB RAM, BlockManagerId(driver, 3337e7bd3891, 38689, None)
[2025-05-22T12:52:22.186+0000] {spark_submit.py:492} INFO - 25/05/22 12:52:22 INFO BlockManagerMaster: Registered BlockManager BlockManagerId(driver, 3337e7bd3891, 38689, None)
[2025-05-22T12:52:22.187+0000] {spark_submit.py:492} INFO - 25/05/22 12:52:22 INFO BlockManager: Initialized BlockManager: BlockManagerId(driver, 3337e7bd3891, 38689, None)
[2025-05-22T12:52:22.386+0000] {spark_submit.py:492} INFO - 25/05/22 12:52:22 INFO SharedState: Setting hive.metastore.warehouse.dir ('null') to the value of spark.sql.warehouse.dir.
[2025-05-22T12:52:22.387+0000] {spark_submit.py:492} INFO - 25/05/22 12:52:22 INFO SharedState: Warehouse path is 'file:/opt/***/spark-warehouse'.
[2025-05-22T12:52:22.739+0000] {spark_submit.py:492} INFO - 25/05/22 12:52:22 WARN MetricsConfig: Cannot locate configuration: tried hadoop-metrics2-s3a-file-system.properties,hadoop-metrics2.properties
[2025-05-22T12:52:22.746+0000] {spark_submit.py:492} INFO - 25/05/22 12:52:22 INFO MetricsSystemImpl: Scheduled Metric snapshot period at 10 second(s).
[2025-05-22T12:52:22.747+0000] {spark_submit.py:492} INFO - 25/05/22 12:52:22 INFO MetricsSystemImpl: s3a-file-system metrics system started
[2025-05-22T12:52:23.194+0000] {spark_submit.py:492} INFO - 25/05/22 12:52:23 INFO InMemoryFileIndex: It took 38 ms to list leaf files for 1 paths.
[2025-05-22T12:52:23.266+0000] {spark_submit.py:492} INFO - 25/05/22 12:52:23 INFO InMemoryFileIndex: It took 23 ms to list leaf files for 1 paths.
[2025-05-22T12:52:24.010+0000] {spark_submit.py:492} INFO - 25/05/22 12:52:24 INFO FileSourceStrategy: Pushed Filters:
[2025-05-22T12:52:24.011+0000] {spark_submit.py:492} INFO - 25/05/22 12:52:24 INFO FileSourceStrategy: Post-Scan Filters: (length(trim(value#0, None)) > 0)
[2025-05-22T12:52:24.182+0000] {spark_submit.py:492} INFO - 25/05/22 12:52:24 INFO CodeGenerator: Code generated in 71.856458 ms
[2025-05-22T12:52:24.199+0000] {spark_submit.py:492} INFO - 25/05/22 12:52:24 INFO MemoryStore: Block broadcast_0 stored as values in memory (estimated size 202.1 KiB, free 434.2 MiB)
[2025-05-22T12:52:24.222+0000] {spark_submit.py:492} INFO - 25/05/22 12:52:24 INFO MemoryStore: Block broadcast_0_piece0 stored as bytes in memory (estimated size 35.0 KiB, free 434.2 MiB)
[2025-05-22T12:52:24.223+0000] {spark_submit.py:492} INFO - 25/05/22 12:52:24 INFO BlockManagerInfo: Added broadcast_0_piece0 in memory on 3337e7bd3891:38689 (size: 35.0 KiB, free: 434.4 MiB)
[2025-05-22T12:52:24.225+0000] {spark_submit.py:492} INFO - 25/05/22 12:52:24 INFO SparkContext: Created broadcast 0 from csv at NativeMethodAccessorImpl.java:0
[2025-05-22T12:52:24.231+0000] {spark_submit.py:492} INFO - 25/05/22 12:52:24 INFO FileSourceScanExec: Planning scan with bin packing, max size: 4233153 bytes, open cost is considered as scanning 4194304 bytes.
[2025-05-22T12:52:24.275+0000] {spark_submit.py:492} INFO - 25/05/22 12:52:24 INFO SparkContext: Starting job: csv at NativeMethodAccessorImpl.java:0
[2025-05-22T12:52:24.282+0000] {spark_submit.py:492} INFO - 25/05/22 12:52:24 INFO DAGScheduler: Got job 0 (csv at NativeMethodAccessorImpl.java:0) with 1 output partitions
[2025-05-22T12:52:24.282+0000] {spark_submit.py:492} INFO - 25/05/22 12:52:24 INFO DAGScheduler: Final stage: ResultStage 0 (csv at NativeMethodAccessorImpl.java:0)
[2025-05-22T12:52:24.282+0000] {spark_submit.py:492} INFO - 25/05/22 12:52:24 INFO DAGScheduler: Parents of final stage: List()
[2025-05-22T12:52:24.283+0000] {spark_submit.py:492} INFO - 25/05/22 12:52:24 INFO DAGScheduler: Missing parents: List()
[2025-05-22T12:52:24.283+0000] {spark_submit.py:492} INFO - 25/05/22 12:52:24 INFO DAGScheduler: Submitting ResultStage 0 (MapPartitionsRDD[3] at csv at NativeMethodAccessorImpl.java:0), which has no missing parents
[2025-05-22T12:52:24.309+0000] {spark_submit.py:492} INFO - 25/05/22 12:52:24 INFO MemoryStore: Block broadcast_1 stored as values in memory (estimated size 13.5 KiB, free 434.2 MiB)
[2025-05-22T12:52:24.312+0000] {spark_submit.py:492} INFO - 25/05/22 12:52:24 INFO MemoryStore: Block broadcast_1_piece0 stored as bytes in memory (estimated size 6.4 KiB, free 434.1 MiB)
[2025-05-22T12:52:24.313+0000] {spark_submit.py:492} INFO - 25/05/22 12:52:24 INFO BlockManagerInfo: Added broadcast_1_piece0 in memory on 3337e7bd3891:38689 (size: 6.4 KiB, free: 434.4 MiB)
[2025-05-22T12:52:24.313+0000] {spark_submit.py:492} INFO - 25/05/22 12:52:24 INFO SparkContext: Created broadcast 1 from broadcast at DAGScheduler.scala:1585
[2025-05-22T12:52:24.320+0000] {spark_submit.py:492} INFO - 25/05/22 12:52:24 INFO DAGScheduler: Submitting 1 missing tasks from ResultStage 0 (MapPartitionsRDD[3] at csv at NativeMethodAccessorImpl.java:0) (first 15 tasks are for partitions Vector(0))
[2025-05-22T12:52:24.321+0000] {spark_submit.py:492} INFO - 25/05/22 12:52:24 INFO TaskSchedulerImpl: Adding task set 0.0 with 1 tasks resource profile 0
[2025-05-22T12:52:24.338+0000] {spark_submit.py:492} INFO - 25/05/22 12:52:24 INFO TaskSetManager: Starting task 0.0 in stage 0.0 (TID 0) (3337e7bd3891, executor driver, partition 0, PROCESS_LOCAL, 8601 bytes)
[2025-05-22T12:52:24.343+0000] {spark_submit.py:492} INFO - 25/05/22 12:52:24 INFO Executor: Running task 0.0 in stage 0.0 (TID 0)
[2025-05-22T12:52:24.397+0000] {spark_submit.py:492} INFO - 25/05/22 12:52:24 INFO CodeGenerator: Code generated in 22.127875 ms
[2025-05-22T12:52:24.400+0000] {spark_submit.py:492} INFO - 25/05/22 12:52:24 INFO FileScanRDD: Reading File path: s3a://user-log-ml/2025-05-22_01-00-00.csv, range: 0-38849, partition values: [empty row]
[2025-05-22T12:52:24.409+0000] {spark_submit.py:492} INFO - 25/05/22 12:52:24 INFO CodeGenerator: Code generated in 5.727333 ms
[2025-05-22T12:52:24.466+0000] {spark_submit.py:492} INFO - 25/05/22 12:52:24 INFO Executor: Finished task 0.0 in stage 0.0 (TID 0). 1732 bytes result sent to driver
[2025-05-22T12:52:24.469+0000] {spark_submit.py:492} INFO - 25/05/22 12:52:24 INFO TaskSetManager: Finished task 0.0 in stage 0.0 (TID 0) in 135 ms on 3337e7bd3891 (executor driver) (1/1)
[2025-05-22T12:52:24.470+0000] {spark_submit.py:492} INFO - 25/05/22 12:52:24 INFO TaskSchedulerImpl: Removed TaskSet 0.0, whose tasks have all completed, from pool
[2025-05-22T12:52:24.472+0000] {spark_submit.py:492} INFO - 25/05/22 12:52:24 INFO DAGScheduler: ResultStage 0 (csv at NativeMethodAccessorImpl.java:0) finished in 0.185 s
[2025-05-22T12:52:24.473+0000] {spark_submit.py:492} INFO - 25/05/22 12:52:24 INFO DAGScheduler: Job 0 is finished. Cancelling potential speculative or zombie tasks for this job
[2025-05-22T12:52:24.473+0000] {spark_submit.py:492} INFO - 25/05/22 12:52:24 INFO TaskSchedulerImpl: Killing all running tasks in stage 0: Stage finished
[2025-05-22T12:52:24.474+0000] {spark_submit.py:492} INFO - 25/05/22 12:52:24 INFO DAGScheduler: Job 0 finished: csv at NativeMethodAccessorImpl.java:0, took 0.200359 s
[2025-05-22T12:52:24.483+0000] {spark_submit.py:492} INFO - 25/05/22 12:52:24 INFO CodeGenerator: Code generated in 4.354708 ms
[2025-05-22T12:52:24.513+0000] {spark_submit.py:492} INFO - 25/05/22 12:52:24 INFO BlockManagerInfo: Removed broadcast_1_piece0 on 3337e7bd3891:38689 in memory (size: 6.4 KiB, free: 434.4 MiB)
[2025-05-22T12:52:24.515+0000] {spark_submit.py:492} INFO - 25/05/22 12:52:24 INFO FileSourceStrategy: Pushed Filters:
[2025-05-22T12:52:24.517+0000] {spark_submit.py:492} INFO - 25/05/22 12:52:24 INFO FileSourceStrategy: Post-Scan Filters:
[2025-05-22T12:52:24.521+0000] {spark_submit.py:492} INFO - 25/05/22 12:52:24 INFO MemoryStore: Block broadcast_2 stored as values in memory (estimated size 202.1 KiB, free 434.0 MiB)
[2025-05-22T12:52:24.526+0000] {spark_submit.py:492} INFO - 25/05/22 12:52:24 INFO MemoryStore: Block broadcast_2_piece0 stored as bytes in memory (estimated size 35.0 KiB, free 433.9 MiB)
[2025-05-22T12:52:24.530+0000] {spark_submit.py:492} INFO - 25/05/22 12:52:24 INFO BlockManagerInfo: Added broadcast_2_piece0 in memory on 3337e7bd3891:38689 (size: 35.0 KiB, free: 434.3 MiB)
[2025-05-22T12:52:24.531+0000] {spark_submit.py:492} INFO - 25/05/22 12:52:24 INFO SparkContext: Created broadcast 2 from csv at NativeMethodAccessorImpl.java:0
[2025-05-22T12:52:24.531+0000] {spark_submit.py:492} INFO - 25/05/22 12:52:24 INFO FileSourceScanExec: Planning scan with bin packing, max size: 4233153 bytes, open cost is considered as scanning 4194304 bytes.
[2025-05-22T12:52:24.542+0000] {spark_submit.py:492} INFO - 25/05/22 12:52:24 INFO BlockManagerInfo: Removed broadcast_0_piece0 on 3337e7bd3891:38689 in memory (size: 35.0 KiB, free: 434.4 MiB)
[2025-05-22T12:52:24.564+0000] {spark_submit.py:492} INFO - 25/05/22 12:52:24 INFO SparkContext: Starting job: csv at NativeMethodAccessorImpl.java:0
[2025-05-22T12:52:24.565+0000] {spark_submit.py:492} INFO - 25/05/22 12:52:24 INFO DAGScheduler: Got job 1 (csv at NativeMethodAccessorImpl.java:0) with 1 output partitions
[2025-05-22T12:52:24.565+0000] {spark_submit.py:492} INFO - 25/05/22 12:52:24 INFO DAGScheduler: Final stage: ResultStage 1 (csv at NativeMethodAccessorImpl.java:0)
[2025-05-22T12:52:24.565+0000] {spark_submit.py:492} INFO - 25/05/22 12:52:24 INFO DAGScheduler: Parents of final stage: List()
[2025-05-22T12:52:24.566+0000] {spark_submit.py:492} INFO - 25/05/22 12:52:24 INFO DAGScheduler: Missing parents: List()
[2025-05-22T12:52:24.566+0000] {spark_submit.py:492} INFO - 25/05/22 12:52:24 INFO DAGScheduler: Submitting ResultStage 1 (MapPartitionsRDD[9] at csv at NativeMethodAccessorImpl.java:0), which has no missing parents
[2025-05-22T12:52:24.577+0000] {spark_submit.py:492} INFO - 25/05/22 12:52:24 INFO MemoryStore: Block broadcast_3 stored as values in memory (estimated size 28.5 KiB, free 434.1 MiB)
[2025-05-22T12:52:24.582+0000] {spark_submit.py:492} INFO - 25/05/22 12:52:24 INFO MemoryStore: Block broadcast_3_piece0 stored as bytes in memory (estimated size 13.1 KiB, free 434.1 MiB)
[2025-05-22T12:52:24.582+0000] {spark_submit.py:492} INFO - 25/05/22 12:52:24 INFO BlockManagerInfo: Added broadcast_3_piece0 in memory on 3337e7bd3891:38689 (size: 13.1 KiB, free: 434.4 MiB)
[2025-05-22T12:52:24.583+0000] {spark_submit.py:492} INFO - 25/05/22 12:52:24 INFO SparkContext: Created broadcast 3 from broadcast at DAGScheduler.scala:1585
[2025-05-22T12:52:24.583+0000] {spark_submit.py:492} INFO - 25/05/22 12:52:24 INFO DAGScheduler: Submitting 1 missing tasks from ResultStage 1 (MapPartitionsRDD[9] at csv at NativeMethodAccessorImpl.java:0) (first 15 tasks are for partitions Vector(0))
[2025-05-22T12:52:24.584+0000] {spark_submit.py:492} INFO - 25/05/22 12:52:24 INFO TaskSchedulerImpl: Adding task set 1.0 with 1 tasks resource profile 0
[2025-05-22T12:52:24.585+0000] {spark_submit.py:492} INFO - 25/05/22 12:52:24 INFO TaskSetManager: Starting task 0.0 in stage 1.0 (TID 1) (3337e7bd3891, executor driver, partition 0, PROCESS_LOCAL, 8601 bytes)
[2025-05-22T12:52:24.585+0000] {spark_submit.py:492} INFO - 25/05/22 12:52:24 INFO Executor: Running task 0.0 in stage 1.0 (TID 1)
[2025-05-22T12:52:24.610+0000] {spark_submit.py:492} INFO - 25/05/22 12:52:24 INFO CodeGenerator: Code generated in 3.651292 ms
[2025-05-22T12:52:24.613+0000] {spark_submit.py:492} INFO - 25/05/22 12:52:24 INFO FileScanRDD: Reading File path: s3a://user-log-ml/2025-05-22_01-00-00.csv, range: 0-38849, partition values: [empty row]
[2025-05-22T12:52:24.751+0000] {spark_submit.py:492} INFO - 25/05/22 12:52:24 INFO Executor: Finished task 0.0 in stage 1.0 (TID 1). 1745 bytes result sent to driver
[2025-05-22T12:52:24.754+0000] {spark_submit.py:492} INFO - 25/05/22 12:52:24 INFO TaskSetManager: Finished task 0.0 in stage 1.0 (TID 1) in 169 ms on 3337e7bd3891 (executor driver) (1/1)
[2025-05-22T12:52:24.754+0000] {spark_submit.py:492} INFO - 25/05/22 12:52:24 INFO TaskSchedulerImpl: Removed TaskSet 1.0, whose tasks have all completed, from pool
[2025-05-22T12:52:24.755+0000] {spark_submit.py:492} INFO - 25/05/22 12:52:24 INFO DAGScheduler: ResultStage 1 (csv at NativeMethodAccessorImpl.java:0) finished in 0.188 s
[2025-05-22T12:52:24.755+0000] {spark_submit.py:492} INFO - 25/05/22 12:52:24 INFO DAGScheduler: Job 1 is finished. Cancelling potential speculative or zombie tasks for this job
[2025-05-22T12:52:24.756+0000] {spark_submit.py:492} INFO - 25/05/22 12:52:24 INFO TaskSchedulerImpl: Killing all running tasks in stage 1: Stage finished
[2025-05-22T12:52:24.761+0000] {spark_submit.py:492} INFO - 25/05/22 12:52:24 INFO DAGScheduler: Job 1 finished: csv at NativeMethodAccessorImpl.java:0, took 0.192022 s
[2025-05-22T12:52:24.782+0000] {spark_submit.py:492} INFO - Traceback (most recent call last):
[2025-05-22T12:52:24.784+0000] {spark_submit.py:492} INFO - File "/opt/spark/testlog_ml_spark.py", line 15, in <module>
[2025-05-22T12:52:24.784+0000] {spark_submit.py:492} INFO - .withColumn("like_score", when(col("event_type") == "like_click") & (col("liked") == 1, lit(3))
[2025-05-22T12:52:24.784+0000] {spark_submit.py:492} INFO - File "/home/***/.local/lib/python3.10/site-packages/pyspark/python/lib/pyspark.zip/pyspark/sql/utils.py", line 174, in wrapped
[2025-05-22T12:52:24.784+0000] {spark_submit.py:492} INFO - TypeError: when() missing 1 required positional argument: 'value'
[2025-05-22T12:52:24.810+0000] {spark_submit.py:492} INFO - 25/05/22 12:52:24 INFO SparkContext: Invoking stop() from shutdown hook
[2025-05-22T12:52:24.810+0000] {spark_submit.py:492} INFO - 25/05/22 12:52:24 INFO SparkContext: SparkContext is stopping with exitCode 0.
[2025-05-22T12:52:24.814+0000] {spark_submit.py:492} INFO - 25/05/22 12:52:24 INFO SparkUI: Stopped Spark web UI at http://3337e7bd3891:4040
[2025-05-22T12:52:24.817+0000] {spark_submit.py:492} INFO - 25/05/22 12:52:24 INFO MapOutputTrackerMasterEndpoint: MapOutputTrackerMasterEndpoint stopped!
[2025-05-22T12:52:24.821+0000] {spark_submit.py:492} INFO - 25/05/22 12:52:24 INFO MemoryStore: MemoryStore cleared
[2025-05-22T12:52:24.822+0000] {spark_submit.py:492} INFO - 25/05/22 12:52:24 INFO BlockManager: BlockManager stopped
[2025-05-22T12:52:24.823+0000] {spark_submit.py:492} INFO - 25/05/22 12:52:24 INFO BlockManagerMaster: BlockManagerMaster stopped
[2025-05-22T12:52:24.823+0000] {spark_submit.py:492} INFO - 25/05/22 12:52:24 INFO OutputCommitCoordinator$OutputCommitCoordinatorEndpoint: OutputCommitCoordinator stopped!
[2025-05-22T12:52:24.826+0000] {spark_submit.py:492} INFO - 25/05/22 12:52:24 INFO SparkContext: Successfully stopped SparkContext
[2025-05-22T12:52:24.826+0000] {spark_submit.py:492} INFO - 25/05/22 12:52:24 INFO ShutdownHookManager: Shutdown hook called
[2025-05-22T12:52:24.826+0000] {spark_submit.py:492} INFO - 25/05/22 12:52:24 INFO ShutdownHookManager: Deleting directory /tmp/spark-5612efdb-5fd6-4fc5-9c0e-236b821b67ee
[2025-05-22T12:52:24.827+0000] {spark_submit.py:492} INFO - 25/05/22 12:52:24 INFO ShutdownHookManager: Deleting directory /tmp/spark-5612efdb-5fd6-4fc5-9c0e-236b821b67ee/pyspark-4e29b351-73e8-4a91-b187-94afe5d82511
[2025-05-22T12:52:24.828+0000] {spark_submit.py:492} INFO - 25/05/22 12:52:24 INFO ShutdownHookManager: Deleting directory /tmp/spark-61ef7a82-65a1-4436-ab46-7946ec563c45
[2025-05-22T12:52:24.831+0000] {spark_submit.py:492} INFO - 25/05/22 12:52:24 INFO MetricsSystemImpl: Stopping s3a-file-system metrics system...
[2025-05-22T12:52:24.831+0000] {spark_submit.py:492} INFO - 25/05/22 12:52:24 INFO MetricsSystemImpl: s3a-file-system metrics system stopped.
[2025-05-22T12:52:24.831+0000] {spark_submit.py:492} INFO - 25/05/22 12:52:24 INFO MetricsSystemImpl: s3a-file-system metrics system shutdown complete.
[2025-05-22T12:52:24.856+0000] {taskinstance.py:3310} ERROR - Task failed with exception
Traceback (most recent call last):
  File "/home/airflow/.local/lib/python3.10/site-packages/airflow/models/taskinstance.py", line 762, in _execute_task
    result = _execute_callable(context=context, **execute_callable_kwargs)
  File "/home/airflow/.local/lib/python3.10/site-packages/airflow/models/taskinstance.py", line 733, in _execute_callable
    return ExecutionCallableRunner(
  File "/home/airflow/.local/lib/python3.10/site-packages/airflow/utils/operator_helpers.py", line 252, in run
    return self.func(*args, **kwargs)
  File "/home/airflow/.local/lib/python3.10/site-packages/airflow/models/baseoperator.py", line 406, in wrapper
    return func(self, *args, **kwargs)
  File "/home/airflow/.local/lib/python3.10/site-packages/airflow/providers/apache/spark/operators/spark_submit.py", line 157, in execute
    self._hook.submit(self._application)
  File "/home/airflow/.local/lib/python3.10/site-packages/airflow/providers/apache/spark/hooks/spark_submit.py", line 423, in submit
    raise AirflowException(
airflow.exceptions.AirflowException: Cannot execute: spark-submit --master local --conf spark.hadoop.fs.s3a.endpoint=http://3.38.135.214:9000 --conf spark.hadoop.fs.s3a.access.key=minioadmin --conf spark.hadoop.fs.s3a.secret.key=****** --conf spark.hadoop.fs.s3a.impl=org.apache.hadoop.fs.s3a.S3AFileSystem --conf spark.hadoop.fs.s3a.path.style.access=true --conf spark.hadoop.fs.s3a.connection.ssl.enabled=false --conf spark.hadoop.fs.s3a.aws.credentials.provider= --jars /opt/spark/jars/hadoop-aws-3.3.1.jar,/opt/spark/jars/aws-java-sdk-bundle-1.11.901.jar,/opt/spark/jars/postgresql-42.7.4.jar --name arrow-spark /opt/spark/testlog_ml_spark.py. Error code is: 1.
[2025-05-22T12:52:24.859+0000] {taskinstance.py:1225} INFO - Marking task as UP_FOR_RETRY. dag_id=kafka_to_minio_to_spark, task_id=spark_etl, run_id=scheduled__2025-05-21T16:00:00+00:00, execution_date=20250521T160000, start_date=20250522T125220, end_date=20250522T125224
[2025-05-22T12:52:24.865+0000] {taskinstance.py:340} INFO - ::group::Post task execution logs
[2025-05-22T12:52:24.865+0000] {standard_task_runner.py:124} ERROR - Failed to execute job 319 for task spark_etl (Cannot execute: spark-submit --master local --conf spark.hadoop.fs.s3a.endpoint=http://3.38.135.214:9000 --conf spark.hadoop.fs.s3a.access.key=minioadmin --conf spark.hadoop.fs.s3a.secret.key=****** --conf spark.hadoop.fs.s3a.impl=org.apache.hadoop.fs.s3a.S3AFileSystem --conf spark.hadoop.fs.s3a.path.style.access=true --conf spark.hadoop.fs.s3a.connection.ssl.enabled=false --conf spark.hadoop.fs.s3a.aws.credentials.provider= --jars /opt/spark/jars/hadoop-aws-3.3.1.jar,/opt/spark/jars/aws-java-sdk-bundle-1.11.901.jar,/opt/spark/jars/postgresql-42.7.4.jar --name arrow-spark /opt/spark/testlog_ml_spark.py. Error code is: 1.; 508)
Traceback (most recent call last):
  File "/home/airflow/.local/lib/python3.10/site-packages/airflow/task/task_runner/standard_task_runner.py", line 117, in _start_by_fork
    ret = args.func(args, dag=self.dag)
  File "/home/airflow/.local/lib/python3.10/site-packages/airflow/cli/cli_config.py", line 49, in command
    return func(*args, **kwargs)
  File "/home/airflow/.local/lib/python3.10/site-packages/airflow/utils/cli.py", line 115, in wrapper
    return f(*args, **kwargs)
  File "/home/airflow/.local/lib/python3.10/site-packages/airflow/cli/commands/task_command.py", line 483, in task_run
    task_return_code = _run_task_by_selected_method(args, _dag, ti)
  File "/home/airflow/.local/lib/python3.10/site-packages/airflow/cli/commands/task_command.py", line 256, in _run_task_by_selected_method
    return _run_raw_task(args, ti)
  File "/home/airflow/.local/lib/python3.10/site-packages/airflow/cli/commands/task_command.py", line 341, in _run_raw_task
    return ti._run_raw_task(
  File "/home/airflow/.local/lib/python3.10/site-packages/airflow/utils/session.py", line 97, in wrapper
    return func(*args, session=session, **kwargs)
  File "/home/airflow/.local/lib/python3.10/site-packages/airflow/models/taskinstance.py", line 3004, in _run_raw_task
    return _run_raw_task(
  File "/home/airflow/.local/lib/python3.10/site-packages/airflow/models/taskinstance.py", line 273, in _run_raw_task
    TaskInstance._execute_task_with_callbacks(
  File "/home/airflow/.local/lib/python3.10/site-packages/airflow/models/taskinstance.py", line 3158, in _execute_task_with_callbacks
    result = self._execute_task(context, task_orig)
  File "/home/airflow/.local/lib/python3.10/site-packages/airflow/models/taskinstance.py", line 3182, in _execute_task
    return _execute_task(self, context, task_orig)
  File "/home/airflow/.local/lib/python3.10/site-packages/airflow/models/taskinstance.py", line 762, in _execute_task
    result = _execute_callable(context=context, **execute_callable_kwargs)
  File "/home/airflow/.local/lib/python3.10/site-packages/airflow/models/taskinstance.py", line 733, in _execute_callable
    return ExecutionCallableRunner(
  File "/home/airflow/.local/lib/python3.10/site-packages/airflow/utils/operator_helpers.py", line 252, in run
    return self.func(*args, **kwargs)
  File "/home/airflow/.local/lib/python3.10/site-packages/airflow/models/baseoperator.py", line 406, in wrapper
    return func(self, *args, **kwargs)
  File "/home/airflow/.local/lib/python3.10/site-packages/airflow/providers/apache/spark/operators/spark_submit.py", line 157, in execute
    self._hook.submit(self._application)
  File "/home/airflow/.local/lib/python3.10/site-packages/airflow/providers/apache/spark/hooks/spark_submit.py", line 423, in submit
    raise AirflowException(
airflow.exceptions.AirflowException: Cannot execute: spark-submit --master local --conf spark.hadoop.fs.s3a.endpoint=http://3.38.135.214:9000 --conf spark.hadoop.fs.s3a.access.key=minioadmin --conf spark.hadoop.fs.s3a.secret.key=****** --conf spark.hadoop.fs.s3a.impl=org.apache.hadoop.fs.s3a.S3AFileSystem --conf spark.hadoop.fs.s3a.path.style.access=true --conf spark.hadoop.fs.s3a.connection.ssl.enabled=false --conf spark.hadoop.fs.s3a.aws.credentials.provider= --jars /opt/spark/jars/hadoop-aws-3.3.1.jar,/opt/spark/jars/aws-java-sdk-bundle-1.11.901.jar,/opt/spark/jars/postgresql-42.7.4.jar --name arrow-spark /opt/spark/testlog_ml_spark.py. Error code is: 1.
[2025-05-22T12:52:24.894+0000] {local_task_job_runner.py:266} INFO - Task exited with return code 1
[2025-05-22T12:52:24.902+0000] {taskinstance.py:3900} INFO - 0 downstream tasks scheduled from follow-on schedule check
[2025-05-22T12:52:24.902+0000] {local_task_job_runner.py:245} INFO - ::endgroup::
