[2025-05-22T00:17:22.855+0000] {local_task_job_runner.py:123} INFO - ::group::Pre task execution logs
[2025-05-22T00:17:22.862+0000] {taskinstance.py:2612} INFO - Dependencies all met for dep_context=non-requeueable deps ti=<TaskInstance: kafka_to_minio_to_spark.spark_etl scheduled__2025-05-21T16:00:00+00:00 [queued]>
[2025-05-22T00:17:22.865+0000] {taskinstance.py:2612} INFO - Dependencies all met for dep_context=requeueable deps ti=<TaskInstance: kafka_to_minio_to_spark.spark_etl scheduled__2025-05-21T16:00:00+00:00 [queued]>
[2025-05-22T00:17:22.865+0000] {taskinstance.py:2865} INFO - Starting attempt 5 of 7
[2025-05-22T00:17:22.869+0000] {taskinstance.py:2888} INFO - Executing <Task(SSHOperator): spark_etl> on 2025-05-21 16:00:00+00:00
[2025-05-22T00:17:22.871+0000] {standard_task_runner.py:72} INFO - Started process 494 to run task
[2025-05-22T00:17:22.873+0000] {standard_task_runner.py:104} INFO - Running: ['***', 'tasks', 'run', 'kafka_to_minio_to_spark', 'spark_etl', 'scheduled__2025-05-21T16:00:00+00:00', '--job-id', '198', '--raw', '--subdir', 'DAGS_FOLDER/testlog_ml.py', '--cfg-path', '/tmp/tmpzlz_b2af']
[2025-05-22T00:17:22.873+0000] {standard_task_runner.py:105} INFO - Job 198: Subtask spark_etl
[2025-05-22T00:17:22.890+0000] {task_command.py:467} INFO - Running <TaskInstance: kafka_to_minio_to_spark.spark_etl scheduled__2025-05-21T16:00:00+00:00 [running]> on host f901d5ffba09
[2025-05-22T00:17:23.050+0000] {taskinstance.py:3131} INFO - Exporting env vars: AIRFLOW_CTX_DAG_OWNER='***' AIRFLOW_CTX_DAG_ID='kafka_to_minio_to_spark' AIRFLOW_CTX_TASK_ID='spark_etl' AIRFLOW_CTX_EXECUTION_DATE='2025-05-21T16:00:00+00:00' AIRFLOW_CTX_TRY_NUMBER='5' AIRFLOW_CTX_DAG_RUN_ID='scheduled__2025-05-21T16:00:00+00:00'
[2025-05-22T00:17:23.051+0000] {taskinstance.py:731} INFO - ::endgroup::
[2025-05-22T00:17:23.058+0000] {ssh.py:124} INFO - ssh_hook is not provided or invalid. Trying ssh_conn_id to create SSHHook.
[2025-05-22T00:17:23.068+0000] {base.py:84} INFO - Retrieving connection 'local_ssh'
[2025-05-22T00:17:23.069+0000] {ssh.py:309} WARNING - No Host Key Verification. This won't protect against Man-In-The-Middle attacks
[2025-05-22T00:17:23.108+0000] {transport.py:1923} INFO - Connected (version 2.0, client OpenSSH_9.8)
[2025-05-22T00:17:23.306+0000] {transport.py:1923} INFO - Authentication (password) successful!
[2025-05-22T00:17:23.307+0000] {ssh.py:493} INFO - Running command: sh -c "/Users/jeongmieun/.pyenv/versions/airminio/bin/python /Users/jeongmieun/test/docker_***/dags/testlog_ml_spark.py"
[2025-05-22T00:17:24.135+0000] {ssh.py:544} WARNING - 25/05/22 09:17:24 WARN Utils: Your hostname, jeongmieun-ui-MacBookAir.local resolves to a loopback address: 127.0.0.1; using 172.16.24.224 instead (on interface en0)
[2025-05-22T00:17:24.138+0000] {ssh.py:544} WARNING - 25/05/22 09:17:24 WARN Utils: Set SPARK_LOCAL_IP if you need to bind to another address
[2025-05-22T00:17:24.368+0000] {ssh.py:544} WARNING - 25/05/22 09:17:24 WARN NativeCodeLoader: Unable to load native-hadoop library for your platform... using builtin-java classes where applicable
[2025-05-22T00:17:24.456+0000] {ssh.py:544} WARNING - Setting default log level to "WARN".
[2025-05-22T00:17:24.457+0000] {ssh.py:544} WARNING - To adjust logging level use sc.setLogLevel(newLevel). For SparkR, use setLogLevel(newLevel).
[2025-05-22T00:17:25.619+0000] {ssh.py:544} WARNING - 25/05/22 09:17:25 WARN MetricsConfig: Cannot locate configuration: tried hadoop-metrics2-s3a-file-system.properties,hadoop-metrics2.properties
[2025-05-22T00:17:29.892+0000] {ssh.py:539} INFO - +-------+--------+-----------+
[2025-05-22T00:17:29.892+0000] {ssh.py:539} INFO - |user_id|movie_id|total_score|
[2025-05-22T00:17:29.893+0000] {ssh.py:539} INFO - +-------+--------+-----------+
[2025-05-22T00:17:29.893+0000] {ssh.py:539} INFO - |    100|    M001|          4|
[2025-05-22T00:17:29.893+0000] {ssh.py:539} INFO - |    100|    M002|          2|
[2025-05-22T00:17:29.893+0000] {ssh.py:539} INFO - |    100|    M003|         -7|
[2025-05-22T00:17:29.893+0000] {ssh.py:539} INFO - |    100|    M004|          2|
[2025-05-22T00:17:29.893+0000] {ssh.py:539} INFO - |    100|    M005|         14|
[2025-05-22T00:17:29.894+0000] {ssh.py:539} INFO - |    100|    M006|          5|
[2025-05-22T00:17:29.894+0000] {ssh.py:539} INFO - |    100|    M007|          2|
[2025-05-22T00:17:29.894+0000] {ssh.py:539} INFO - |    100|    M008|         20|
[2025-05-22T00:17:29.894+0000] {ssh.py:539} INFO - |    100|    M009|         10|
[2025-05-22T00:17:29.894+0000] {ssh.py:539} INFO - |    100|    M010|          9|
[2025-05-22T00:17:29.894+0000] {ssh.py:539} INFO - |    101|    M001|          4|
[2025-05-22T00:17:29.894+0000] {ssh.py:539} INFO - |    101|    M002|          6|
[2025-05-22T00:17:29.894+0000] {ssh.py:539} INFO - |    101|    M003|          9|
[2025-05-22T00:17:29.894+0000] {ssh.py:539} INFO - |    101|    M004|         10|
[2025-05-22T00:17:29.895+0000] {ssh.py:539} INFO - |    101|    M005|          8|
[2025-05-22T00:17:29.895+0000] {ssh.py:539} INFO - |    101|    M006|          2|
[2025-05-22T00:17:29.895+0000] {ssh.py:539} INFO - |    101|    M007|          5|
[2025-05-22T00:17:29.895+0000] {ssh.py:539} INFO - |    101|    M008|          6|
[2025-05-22T00:17:29.895+0000] {ssh.py:539} INFO - |    101|    M009|         -2|
[2025-05-22T00:17:29.895+0000] {ssh.py:539} INFO - |    101|    M010|          9|
[2025-05-22T00:17:29.895+0000] {ssh.py:539} INFO - +-------+--------+-----------+
[2025-05-22T00:17:29.895+0000] {ssh.py:539} INFO - only showing top 20 rows
[2025-05-22T00:17:30.427+0000] {taskinstance.py:340} INFO - ::group::Post task execution logs
[2025-05-22T00:17:30.428+0000] {taskinstance.py:352} INFO - Marking task as SUCCESS. dag_id=kafka_to_minio_to_spark, task_id=spark_etl, run_id=scheduled__2025-05-21T16:00:00+00:00, execution_date=20250521T160000, start_date=20250522T001722, end_date=20250522T001730
[2025-05-22T00:17:30.468+0000] {local_task_job_runner.py:266} INFO - Task exited with return code 0
[2025-05-22T00:17:30.478+0000] {taskinstance.py:3900} INFO - 0 downstream tasks scheduled from follow-on schedule check
[2025-05-22T00:17:30.479+0000] {local_task_job_runner.py:245} INFO - ::endgroup::
