[2025-05-22T13:13:56.712+0000] {local_task_job_runner.py:123} INFO - ::group::Pre task execution logs
[2025-05-22T13:13:56.720+0000] {taskinstance.py:2612} INFO - Dependencies all met for dep_context=non-requeueable deps ti=<TaskInstance: kafka_to_minio_to_spark.spark_etl scheduled__2025-05-21T16:00:00+00:00 [queued]>
[2025-05-22T13:13:56.723+0000] {taskinstance.py:2612} INFO - Dependencies all met for dep_context=requeueable deps ti=<TaskInstance: kafka_to_minio_to_spark.spark_etl scheduled__2025-05-21T16:00:00+00:00 [queued]>
[2025-05-22T13:13:56.723+0000] {taskinstance.py:2865} INFO - Starting attempt 55 of 57
[2025-05-22T13:13:56.728+0000] {taskinstance.py:2888} INFO - Executing <Task(SparkSubmitOperator): spark_etl> on 2025-05-21 16:00:00+00:00
[2025-05-22T13:13:56.733+0000] {standard_task_runner.py:72} INFO - Started process 84 to run task
[2025-05-22T13:13:56.735+0000] {standard_task_runner.py:104} INFO - Running: ['***', 'tasks', 'run', 'kafka_to_minio_to_spark', 'spark_etl', 'scheduled__2025-05-21T16:00:00+00:00', '--job-id', '332', '--raw', '--subdir', 'DAGS_FOLDER/testlog_ml.py', '--cfg-path', '/tmp/tmpa478juyj']
[2025-05-22T13:13:56.736+0000] {standard_task_runner.py:105} INFO - Job 332: Subtask spark_etl
[2025-05-22T13:13:56.763+0000] {task_command.py:467} INFO - Running <TaskInstance: kafka_to_minio_to_spark.spark_etl scheduled__2025-05-21T16:00:00+00:00 [running]> on host 3f5ae39f1093
[2025-05-22T13:13:56.796+0000] {taskinstance.py:3131} INFO - Exporting env vars: AIRFLOW_CTX_DAG_OWNER='***' AIRFLOW_CTX_DAG_ID='kafka_to_minio_to_spark' AIRFLOW_CTX_TASK_ID='spark_etl' AIRFLOW_CTX_EXECUTION_DATE='2025-05-21T16:00:00+00:00' AIRFLOW_CTX_TRY_NUMBER='55' AIRFLOW_CTX_DAG_RUN_ID='scheduled__2025-05-21T16:00:00+00:00'
[2025-05-22T13:13:56.796+0000] {taskinstance.py:731} INFO - ::endgroup::
[2025-05-22T13:13:56.816+0000] {base.py:84} INFO - Retrieving connection 'spark'
[2025-05-22T13:13:56.818+0000] {spark_submit.py:341} INFO - Spark-Submit cmd: spark-submit --master local --conf spark.hadoop.fs.s3a.endpoint=http://3.38.135.214:9000 --conf spark.hadoop.fs.s3a.access.key=minioadmin --conf spark.hadoop.fs.s3a.secret.key=****** --conf spark.hadoop.fs.s3a.impl=org.apache.hadoop.fs.s3a.S3AFileSystem --conf spark.hadoop.fs.s3a.path.style.access=true --conf spark.hadoop.fs.s3a.connection.ssl.enabled=false --conf spark.hadoop.fs.s3a.aws.credentials.provider= --jars /opt/spark/jars/hadoop-aws-3.3.1.jar,/opt/spark/jars/aws-java-sdk-bundle-1.11.901.jar,/opt/spark/jars/postgresql-42.7.4.jar --name arrow-spark /opt/spark/testlog_ml_spark.py
[2025-05-22T13:13:57.881+0000] {spark_submit.py:492} INFO - 25/05/22 13:13:57 WARN NativeCodeLoader: Unable to load native-hadoop library for your platform... using builtin-java classes where applicable
[2025-05-22T13:13:58.621+0000] {spark_submit.py:492} INFO - 25/05/22 13:13:58 INFO SparkContext: Running Spark version 3.5.1
[2025-05-22T13:13:58.621+0000] {spark_submit.py:492} INFO - 25/05/22 13:13:58 INFO SparkContext: OS info Linux, 6.10.14-linuxkit, aarch64
[2025-05-22T13:13:58.622+0000] {spark_submit.py:492} INFO - 25/05/22 13:13:58 INFO SparkContext: Java version 17.0.15
[2025-05-22T13:13:58.640+0000] {spark_submit.py:492} INFO - 25/05/22 13:13:58 INFO ResourceUtils: ==============================================================
[2025-05-22T13:13:58.641+0000] {spark_submit.py:492} INFO - 25/05/22 13:13:58 INFO ResourceUtils: No custom resources configured for spark.driver.
[2025-05-22T13:13:58.641+0000] {spark_submit.py:492} INFO - 25/05/22 13:13:58 INFO ResourceUtils: ==============================================================
[2025-05-22T13:13:58.642+0000] {spark_submit.py:492} INFO - 25/05/22 13:13:58 INFO SparkContext: Submitted application: arrow-spark
[2025-05-22T13:13:58.653+0000] {spark_submit.py:492} INFO - 25/05/22 13:13:58 INFO ResourceProfile: Default ResourceProfile created, executor resources: Map(cores -> name: cores, amount: 1, script: , vendor: , memory -> name: memory, amount: 1024, script: , vendor: , offHeap -> name: offHeap, amount: 0, script: , vendor: ), task resources: Map(cpus -> name: cpus, amount: 1.0)
[2025-05-22T13:13:58.657+0000] {spark_submit.py:492} INFO - 25/05/22 13:13:58 INFO ResourceProfile: Limiting resource is cpu
[2025-05-22T13:13:58.658+0000] {spark_submit.py:492} INFO - 25/05/22 13:13:58 INFO ResourceProfileManager: Added ResourceProfile id: 0
[2025-05-22T13:13:58.694+0000] {spark_submit.py:492} INFO - 25/05/22 13:13:58 INFO SecurityManager: Changing view acls to: ***
[2025-05-22T13:13:58.694+0000] {spark_submit.py:492} INFO - 25/05/22 13:13:58 INFO SecurityManager: Changing modify acls to: ***
[2025-05-22T13:13:58.695+0000] {spark_submit.py:492} INFO - 25/05/22 13:13:58 INFO SecurityManager: Changing view acls groups to:
[2025-05-22T13:13:58.695+0000] {spark_submit.py:492} INFO - 25/05/22 13:13:58 INFO SecurityManager: Changing modify acls groups to:
[2025-05-22T13:13:58.695+0000] {spark_submit.py:492} INFO - 25/05/22 13:13:58 INFO SecurityManager: SecurityManager: authentication disabled; ui acls disabled; users with view permissions: ***; groups with view permissions: EMPTY; users with modify permissions: ***; groups with modify permissions: EMPTY
[2025-05-22T13:13:58.834+0000] {spark_submit.py:492} INFO - 25/05/22 13:13:58 INFO Utils: Successfully started service 'sparkDriver' on port 33339.
[2025-05-22T13:13:58.875+0000] {spark_submit.py:492} INFO - 25/05/22 13:13:58 INFO SparkEnv: Registering MapOutputTracker
[2025-05-22T13:13:58.902+0000] {spark_submit.py:492} INFO - 25/05/22 13:13:58 INFO SparkEnv: Registering BlockManagerMaster
[2025-05-22T13:13:58.924+0000] {spark_submit.py:492} INFO - 25/05/22 13:13:58 INFO BlockManagerMasterEndpoint: Using org.apache.spark.storage.DefaultTopologyMapper for getting topology information
[2025-05-22T13:13:58.925+0000] {spark_submit.py:492} INFO - 25/05/22 13:13:58 INFO BlockManagerMasterEndpoint: BlockManagerMasterEndpoint up
[2025-05-22T13:13:58.930+0000] {spark_submit.py:492} INFO - 25/05/22 13:13:58 INFO SparkEnv: Registering BlockManagerMasterHeartbeat
[2025-05-22T13:13:58.953+0000] {spark_submit.py:492} INFO - 25/05/22 13:13:58 INFO DiskBlockManager: Created local directory at /tmp/blockmgr-f592c187-b873-4baf-b2d0-118cd8b25232
[2025-05-22T13:13:58.961+0000] {spark_submit.py:492} INFO - 25/05/22 13:13:58 INFO MemoryStore: MemoryStore started with capacity 434.4 MiB
[2025-05-22T13:13:58.970+0000] {spark_submit.py:492} INFO - 25/05/22 13:13:58 INFO SparkEnv: Registering OutputCommitCoordinator
[2025-05-22T13:13:59.046+0000] {spark_submit.py:492} INFO - 25/05/22 13:13:59 INFO JettyUtils: Start Jetty 0.0.0.0:4040 for SparkUI
[2025-05-22T13:13:59.099+0000] {spark_submit.py:492} INFO - 25/05/22 13:13:59 INFO Utils: Successfully started service 'SparkUI' on port 4040.
[2025-05-22T13:13:59.125+0000] {spark_submit.py:492} INFO - 25/05/22 13:13:59 INFO SparkContext: Added JAR file:///opt/spark/jars/hadoop-aws-3.3.1.jar at spark://3f5ae39f1093:33339/jars/hadoop-aws-3.3.1.jar with timestamp 1747919638617
[2025-05-22T13:13:59.127+0000] {spark_submit.py:492} INFO - 25/05/22 13:13:59 INFO SparkContext: Added JAR file:///opt/spark/jars/aws-java-sdk-bundle-1.11.901.jar at spark://3f5ae39f1093:33339/jars/aws-java-sdk-bundle-1.11.901.jar with timestamp 1747919638617
[2025-05-22T13:13:59.128+0000] {spark_submit.py:492} INFO - 25/05/22 13:13:59 INFO SparkContext: Added JAR file:///opt/spark/jars/postgresql-42.7.4.jar at spark://3f5ae39f1093:33339/jars/postgresql-42.7.4.jar with timestamp 1747919638617
[2025-05-22T13:13:59.168+0000] {spark_submit.py:492} INFO - 25/05/22 13:13:59 INFO Executor: Starting executor ID driver on host 3f5ae39f1093
[2025-05-22T13:13:59.169+0000] {spark_submit.py:492} INFO - 25/05/22 13:13:59 INFO Executor: OS info Linux, 6.10.14-linuxkit, aarch64
[2025-05-22T13:13:59.169+0000] {spark_submit.py:492} INFO - 25/05/22 13:13:59 INFO Executor: Java version 17.0.15
[2025-05-22T13:13:59.172+0000] {spark_submit.py:492} INFO - 25/05/22 13:13:59 INFO Executor: Starting executor with user classpath (userClassPathFirst = false): ''
[2025-05-22T13:13:59.173+0000] {spark_submit.py:492} INFO - 25/05/22 13:13:59 INFO Executor: Created or updated repl class loader org.apache.spark.util.MutableURLClassLoader@33a25601 for default.
[2025-05-22T13:13:59.177+0000] {spark_submit.py:492} INFO - 25/05/22 13:13:59 INFO Executor: Fetching spark://3f5ae39f1093:33339/jars/aws-java-sdk-bundle-1.11.901.jar with timestamp 1747919638617
[2025-05-22T13:13:59.199+0000] {spark_submit.py:492} INFO - 25/05/22 13:13:59 INFO TransportClientFactory: Successfully created connection to 3f5ae39f1093/172.27.0.4:33339 after 10 ms (0 ms spent in bootstraps)
[2025-05-22T13:13:59.203+0000] {spark_submit.py:492} INFO - 25/05/22 13:13:59 INFO Utils: Fetching spark://3f5ae39f1093:33339/jars/aws-java-sdk-bundle-1.11.901.jar to /tmp/spark-4c22332f-c20b-4937-8cf0-3a13376a92cc/userFiles-0853b934-2017-4369-8270-5443105788ea/fetchFileTemp656612352428043417.tmp
[2025-05-22T13:13:59.470+0000] {spark_submit.py:492} INFO - 25/05/22 13:13:59 INFO Executor: Adding file:/tmp/spark-4c22332f-c20b-4937-8cf0-3a13376a92cc/userFiles-0853b934-2017-4369-8270-5443105788ea/aws-java-sdk-bundle-1.11.901.jar to class loader default
[2025-05-22T13:13:59.471+0000] {spark_submit.py:492} INFO - 25/05/22 13:13:59 INFO Executor: Fetching spark://3f5ae39f1093:33339/jars/hadoop-aws-3.3.1.jar with timestamp 1747919638617
[2025-05-22T13:13:59.471+0000] {spark_submit.py:492} INFO - 25/05/22 13:13:59 INFO Utils: Fetching spark://3f5ae39f1093:33339/jars/hadoop-aws-3.3.1.jar to /tmp/spark-4c22332f-c20b-4937-8cf0-3a13376a92cc/userFiles-0853b934-2017-4369-8270-5443105788ea/fetchFileTemp11973532740392515742.tmp
[2025-05-22T13:13:59.476+0000] {spark_submit.py:492} INFO - 25/05/22 13:13:59 INFO Executor: Adding file:/tmp/spark-4c22332f-c20b-4937-8cf0-3a13376a92cc/userFiles-0853b934-2017-4369-8270-5443105788ea/hadoop-aws-3.3.1.jar to class loader default
[2025-05-22T13:13:59.476+0000] {spark_submit.py:492} INFO - 25/05/22 13:13:59 INFO Executor: Fetching spark://3f5ae39f1093:33339/jars/postgresql-42.7.4.jar with timestamp 1747919638617
[2025-05-22T13:13:59.476+0000] {spark_submit.py:492} INFO - 25/05/22 13:13:59 INFO Utils: Fetching spark://3f5ae39f1093:33339/jars/postgresql-42.7.4.jar to /tmp/spark-4c22332f-c20b-4937-8cf0-3a13376a92cc/userFiles-0853b934-2017-4369-8270-5443105788ea/fetchFileTemp9086845690744641294.tmp
[2025-05-22T13:13:59.480+0000] {spark_submit.py:492} INFO - 25/05/22 13:13:59 INFO Executor: Adding file:/tmp/spark-4c22332f-c20b-4937-8cf0-3a13376a92cc/userFiles-0853b934-2017-4369-8270-5443105788ea/postgresql-42.7.4.jar to class loader default
[2025-05-22T13:13:59.484+0000] {spark_submit.py:492} INFO - 25/05/22 13:13:59 INFO Utils: Successfully started service 'org.apache.spark.network.netty.NettyBlockTransferService' on port 40063.
[2025-05-22T13:13:59.485+0000] {spark_submit.py:492} INFO - 25/05/22 13:13:59 INFO NettyBlockTransferService: Server created on 3f5ae39f1093:40063
[2025-05-22T13:13:59.485+0000] {spark_submit.py:492} INFO - 25/05/22 13:13:59 INFO BlockManager: Using org.apache.spark.storage.RandomBlockReplicationPolicy for block replication policy
[2025-05-22T13:13:59.488+0000] {spark_submit.py:492} INFO - 25/05/22 13:13:59 INFO BlockManagerMaster: Registering BlockManager BlockManagerId(driver, 3f5ae39f1093, 40063, None)
[2025-05-22T13:13:59.490+0000] {spark_submit.py:492} INFO - 25/05/22 13:13:59 INFO BlockManagerMasterEndpoint: Registering block manager 3f5ae39f1093:40063 with 434.4 MiB RAM, BlockManagerId(driver, 3f5ae39f1093, 40063, None)
[2025-05-22T13:13:59.491+0000] {spark_submit.py:492} INFO - 25/05/22 13:13:59 INFO BlockManagerMaster: Registered BlockManager BlockManagerId(driver, 3f5ae39f1093, 40063, None)
[2025-05-22T13:13:59.491+0000] {spark_submit.py:492} INFO - 25/05/22 13:13:59 INFO BlockManager: Initialized BlockManager: BlockManagerId(driver, 3f5ae39f1093, 40063, None)
[2025-05-22T13:13:59.634+0000] {spark_submit.py:492} INFO - 25/05/22 13:13:59 INFO SharedState: Setting hive.metastore.warehouse.dir ('null') to the value of spark.sql.warehouse.dir.
[2025-05-22T13:13:59.635+0000] {spark_submit.py:492} INFO - 25/05/22 13:13:59 INFO SharedState: Warehouse path is 'file:/opt/***/spark-warehouse'.
[2025-05-22T13:14:00.223+0000] {spark_submit.py:492} INFO - 25/05/22 13:14:00 WARN MetricsConfig: Cannot locate configuration: tried hadoop-metrics2-s3a-file-system.properties,hadoop-metrics2.properties
[2025-05-22T13:14:00.229+0000] {spark_submit.py:492} INFO - 25/05/22 13:14:00 INFO MetricsSystemImpl: Scheduled Metric snapshot period at 10 second(s).
[2025-05-22T13:14:00.230+0000] {spark_submit.py:492} INFO - 25/05/22 13:14:00 INFO MetricsSystemImpl: s3a-file-system metrics system started
[2025-05-22T13:14:00.616+0000] {spark_submit.py:492} INFO - 25/05/22 13:14:00 INFO InMemoryFileIndex: It took 26 ms to list leaf files for 1 paths.
[2025-05-22T13:14:00.665+0000] {spark_submit.py:492} INFO - 25/05/22 13:14:00 INFO InMemoryFileIndex: It took 21 ms to list leaf files for 1 paths.
[2025-05-22T13:14:01.425+0000] {spark_submit.py:492} INFO - 25/05/22 13:14:01 INFO FileSourceStrategy: Pushed Filters:
[2025-05-22T13:14:01.426+0000] {spark_submit.py:492} INFO - 25/05/22 13:14:01 INFO FileSourceStrategy: Post-Scan Filters: (length(trim(value#0, None)) > 0)
[2025-05-22T13:14:01.612+0000] {spark_submit.py:492} INFO - 25/05/22 13:14:01 INFO CodeGenerator: Code generated in 68.499208 ms
[2025-05-22T13:14:01.630+0000] {spark_submit.py:492} INFO - 25/05/22 13:14:01 INFO MemoryStore: Block broadcast_0 stored as values in memory (estimated size 202.1 KiB, free 434.2 MiB)
[2025-05-22T13:14:01.653+0000] {spark_submit.py:492} INFO - 25/05/22 13:14:01 INFO MemoryStore: Block broadcast_0_piece0 stored as bytes in memory (estimated size 35.0 KiB, free 434.2 MiB)
[2025-05-22T13:14:01.654+0000] {spark_submit.py:492} INFO - 25/05/22 13:14:01 INFO BlockManagerInfo: Added broadcast_0_piece0 in memory on 3f5ae39f1093:40063 (size: 35.0 KiB, free: 434.4 MiB)
[2025-05-22T13:14:01.656+0000] {spark_submit.py:492} INFO - 25/05/22 13:14:01 INFO SparkContext: Created broadcast 0 from csv at NativeMethodAccessorImpl.java:0
[2025-05-22T13:14:01.663+0000] {spark_submit.py:492} INFO - 25/05/22 13:14:01 INFO FileSourceScanExec: Planning scan with bin packing, max size: 4233153 bytes, open cost is considered as scanning 4194304 bytes.
[2025-05-22T13:14:01.707+0000] {spark_submit.py:492} INFO - 25/05/22 13:14:01 INFO SparkContext: Starting job: csv at NativeMethodAccessorImpl.java:0
[2025-05-22T13:14:01.716+0000] {spark_submit.py:492} INFO - 25/05/22 13:14:01 INFO DAGScheduler: Got job 0 (csv at NativeMethodAccessorImpl.java:0) with 1 output partitions
[2025-05-22T13:14:01.716+0000] {spark_submit.py:492} INFO - 25/05/22 13:14:01 INFO DAGScheduler: Final stage: ResultStage 0 (csv at NativeMethodAccessorImpl.java:0)
[2025-05-22T13:14:01.716+0000] {spark_submit.py:492} INFO - 25/05/22 13:14:01 INFO DAGScheduler: Parents of final stage: List()
[2025-05-22T13:14:01.717+0000] {spark_submit.py:492} INFO - 25/05/22 13:14:01 INFO DAGScheduler: Missing parents: List()
[2025-05-22T13:14:01.718+0000] {spark_submit.py:492} INFO - 25/05/22 13:14:01 INFO DAGScheduler: Submitting ResultStage 0 (MapPartitionsRDD[3] at csv at NativeMethodAccessorImpl.java:0), which has no missing parents
[2025-05-22T13:14:01.745+0000] {spark_submit.py:492} INFO - 25/05/22 13:14:01 INFO MemoryStore: Block broadcast_1 stored as values in memory (estimated size 13.5 KiB, free 434.2 MiB)
[2025-05-22T13:14:01.746+0000] {spark_submit.py:492} INFO - 25/05/22 13:14:01 INFO MemoryStore: Block broadcast_1_piece0 stored as bytes in memory (estimated size 6.4 KiB, free 434.1 MiB)
[2025-05-22T13:14:01.746+0000] {spark_submit.py:492} INFO - 25/05/22 13:14:01 INFO BlockManagerInfo: Added broadcast_1_piece0 in memory on 3f5ae39f1093:40063 (size: 6.4 KiB, free: 434.4 MiB)
[2025-05-22T13:14:01.746+0000] {spark_submit.py:492} INFO - 25/05/22 13:14:01 INFO SparkContext: Created broadcast 1 from broadcast at DAGScheduler.scala:1585
[2025-05-22T13:14:01.758+0000] {spark_submit.py:492} INFO - 25/05/22 13:14:01 INFO DAGScheduler: Submitting 1 missing tasks from ResultStage 0 (MapPartitionsRDD[3] at csv at NativeMethodAccessorImpl.java:0) (first 15 tasks are for partitions Vector(0))
[2025-05-22T13:14:01.760+0000] {spark_submit.py:492} INFO - 25/05/22 13:14:01 INFO TaskSchedulerImpl: Adding task set 0.0 with 1 tasks resource profile 0
[2025-05-22T13:14:01.788+0000] {spark_submit.py:492} INFO - 25/05/22 13:14:01 INFO TaskSetManager: Starting task 0.0 in stage 0.0 (TID 0) (3f5ae39f1093, executor driver, partition 0, PROCESS_LOCAL, 8601 bytes)
[2025-05-22T13:14:01.809+0000] {spark_submit.py:492} INFO - 25/05/22 13:14:01 INFO Executor: Running task 0.0 in stage 0.0 (TID 0)
[2025-05-22T13:14:01.886+0000] {spark_submit.py:492} INFO - 25/05/22 13:14:01 INFO CodeGenerator: Code generated in 17.275083 ms
[2025-05-22T13:14:01.892+0000] {spark_submit.py:492} INFO - 25/05/22 13:14:01 INFO FileScanRDD: Reading File path: s3a://user-log-ml/2025-05-22_01-00-00.csv, range: 0-38849, partition values: [empty row]
[2025-05-22T13:14:01.900+0000] {spark_submit.py:492} INFO - 25/05/22 13:14:01 INFO CodeGenerator: Code generated in 4.758959 ms
[2025-05-22T13:14:01.972+0000] {spark_submit.py:492} INFO - 25/05/22 13:14:01 INFO Executor: Finished task 0.0 in stage 0.0 (TID 0). 1732 bytes result sent to driver
[2025-05-22T13:14:01.977+0000] {spark_submit.py:492} INFO - 25/05/22 13:14:01 INFO TaskSetManager: Finished task 0.0 in stage 0.0 (TID 0) in 199 ms on 3f5ae39f1093 (executor driver) (1/1)
[2025-05-22T13:14:01.978+0000] {spark_submit.py:492} INFO - 25/05/22 13:14:01 INFO TaskSchedulerImpl: Removed TaskSet 0.0, whose tasks have all completed, from pool
[2025-05-22T13:14:01.979+0000] {spark_submit.py:492} INFO - 25/05/22 13:14:01 INFO DAGScheduler: ResultStage 0 (csv at NativeMethodAccessorImpl.java:0) finished in 0.258 s
[2025-05-22T13:14:01.980+0000] {spark_submit.py:492} INFO - 25/05/22 13:14:01 INFO DAGScheduler: Job 0 is finished. Cancelling potential speculative or zombie tasks for this job
[2025-05-22T13:14:01.980+0000] {spark_submit.py:492} INFO - 25/05/22 13:14:01 INFO TaskSchedulerImpl: Killing all running tasks in stage 0: Stage finished
[2025-05-22T13:14:01.980+0000] {spark_submit.py:492} INFO - 25/05/22 13:14:01 INFO DAGScheduler: Job 0 finished: csv at NativeMethodAccessorImpl.java:0, took 0.273048 s
[2025-05-22T13:14:01.989+0000] {spark_submit.py:492} INFO - 25/05/22 13:14:01 INFO CodeGenerator: Code generated in 4.630709 ms
[2025-05-22T13:14:02.008+0000] {spark_submit.py:492} INFO - 25/05/22 13:14:02 INFO FileSourceStrategy: Pushed Filters:
[2025-05-22T13:14:02.009+0000] {spark_submit.py:492} INFO - 25/05/22 13:14:02 INFO FileSourceStrategy: Post-Scan Filters:
[2025-05-22T13:14:02.012+0000] {spark_submit.py:492} INFO - 25/05/22 13:14:02 INFO MemoryStore: Block broadcast_2 stored as values in memory (estimated size 202.1 KiB, free 434.0 MiB)
[2025-05-22T13:14:02.016+0000] {spark_submit.py:492} INFO - 25/05/22 13:14:02 INFO MemoryStore: Block broadcast_2_piece0 stored as bytes in memory (estimated size 35.0 KiB, free 433.9 MiB)
[2025-05-22T13:14:02.017+0000] {spark_submit.py:492} INFO - 25/05/22 13:14:02 INFO BlockManagerInfo: Added broadcast_2_piece0 in memory on 3f5ae39f1093:40063 (size: 35.0 KiB, free: 434.3 MiB)
[2025-05-22T13:14:02.017+0000] {spark_submit.py:492} INFO - 25/05/22 13:14:02 INFO SparkContext: Created broadcast 2 from csv at NativeMethodAccessorImpl.java:0
[2025-05-22T13:14:02.018+0000] {spark_submit.py:492} INFO - 25/05/22 13:14:02 INFO FileSourceScanExec: Planning scan with bin packing, max size: 4233153 bytes, open cost is considered as scanning 4194304 bytes.
[2025-05-22T13:14:02.049+0000] {spark_submit.py:492} INFO - 25/05/22 13:14:02 INFO SparkContext: Starting job: csv at NativeMethodAccessorImpl.java:0
[2025-05-22T13:14:02.053+0000] {spark_submit.py:492} INFO - 25/05/22 13:14:02 INFO DAGScheduler: Got job 1 (csv at NativeMethodAccessorImpl.java:0) with 1 output partitions
[2025-05-22T13:14:02.053+0000] {spark_submit.py:492} INFO - 25/05/22 13:14:02 INFO DAGScheduler: Final stage: ResultStage 1 (csv at NativeMethodAccessorImpl.java:0)
[2025-05-22T13:14:02.054+0000] {spark_submit.py:492} INFO - 25/05/22 13:14:02 INFO DAGScheduler: Parents of final stage: List()
[2025-05-22T13:14:02.054+0000] {spark_submit.py:492} INFO - 25/05/22 13:14:02 INFO DAGScheduler: Missing parents: List()
[2025-05-22T13:14:02.054+0000] {spark_submit.py:492} INFO - 25/05/22 13:14:02 INFO DAGScheduler: Submitting ResultStage 1 (MapPartitionsRDD[9] at csv at NativeMethodAccessorImpl.java:0), which has no missing parents
[2025-05-22T13:14:02.062+0000] {spark_submit.py:492} INFO - 25/05/22 13:14:02 INFO MemoryStore: Block broadcast_3 stored as values in memory (estimated size 28.5 KiB, free 433.9 MiB)
[2025-05-22T13:14:02.063+0000] {spark_submit.py:492} INFO - 25/05/22 13:14:02 INFO MemoryStore: Block broadcast_3_piece0 stored as bytes in memory (estimated size 13.1 KiB, free 433.9 MiB)
[2025-05-22T13:14:02.063+0000] {spark_submit.py:492} INFO - 25/05/22 13:14:02 INFO BlockManagerInfo: Added broadcast_3_piece0 in memory on 3f5ae39f1093:40063 (size: 13.1 KiB, free: 434.3 MiB)
[2025-05-22T13:14:02.064+0000] {spark_submit.py:492} INFO - 25/05/22 13:14:02 INFO SparkContext: Created broadcast 3 from broadcast at DAGScheduler.scala:1585
[2025-05-22T13:14:02.064+0000] {spark_submit.py:492} INFO - 25/05/22 13:14:02 INFO DAGScheduler: Submitting 1 missing tasks from ResultStage 1 (MapPartitionsRDD[9] at csv at NativeMethodAccessorImpl.java:0) (first 15 tasks are for partitions Vector(0))
[2025-05-22T13:14:02.064+0000] {spark_submit.py:492} INFO - 25/05/22 13:14:02 INFO TaskSchedulerImpl: Adding task set 1.0 with 1 tasks resource profile 0
[2025-05-22T13:14:02.065+0000] {spark_submit.py:492} INFO - 25/05/22 13:14:02 INFO TaskSetManager: Starting task 0.0 in stage 1.0 (TID 1) (3f5ae39f1093, executor driver, partition 0, PROCESS_LOCAL, 8601 bytes)
[2025-05-22T13:14:02.065+0000] {spark_submit.py:492} INFO - 25/05/22 13:14:02 INFO Executor: Running task 0.0 in stage 1.0 (TID 1)
[2025-05-22T13:14:02.083+0000] {spark_submit.py:492} INFO - 25/05/22 13:14:02 INFO CodeGenerator: Code generated in 3.450333 ms
[2025-05-22T13:14:02.084+0000] {spark_submit.py:492} INFO - 25/05/22 13:14:02 INFO FileScanRDD: Reading File path: s3a://user-log-ml/2025-05-22_01-00-00.csv, range: 0-38849, partition values: [empty row]
[2025-05-22T13:14:02.203+0000] {spark_submit.py:492} INFO - 25/05/22 13:14:02 INFO Executor: Finished task 0.0 in stage 1.0 (TID 1). 1702 bytes result sent to driver
[2025-05-22T13:14:02.204+0000] {spark_submit.py:492} INFO - 25/05/22 13:14:02 INFO TaskSetManager: Finished task 0.0 in stage 1.0 (TID 1) in 139 ms on 3f5ae39f1093 (executor driver) (1/1)
[2025-05-22T13:14:02.204+0000] {spark_submit.py:492} INFO - 25/05/22 13:14:02 INFO TaskSchedulerImpl: Removed TaskSet 1.0, whose tasks have all completed, from pool
[2025-05-22T13:14:02.205+0000] {spark_submit.py:492} INFO - 25/05/22 13:14:02 INFO DAGScheduler: ResultStage 1 (csv at NativeMethodAccessorImpl.java:0) finished in 0.153 s
[2025-05-22T13:14:02.205+0000] {spark_submit.py:492} INFO - 25/05/22 13:14:02 INFO DAGScheduler: Job 1 is finished. Cancelling potential speculative or zombie tasks for this job
[2025-05-22T13:14:02.206+0000] {spark_submit.py:492} INFO - 25/05/22 13:14:02 INFO TaskSchedulerImpl: Killing all running tasks in stage 1: Stage finished
[2025-05-22T13:14:02.206+0000] {spark_submit.py:492} INFO - 25/05/22 13:14:02 INFO DAGScheduler: Job 1 finished: csv at NativeMethodAccessorImpl.java:0, took 0.155801 s
[2025-05-22T13:14:02.228+0000] {spark_submit.py:492} INFO - Traceback (most recent call last):
[2025-05-22T13:14:02.228+0000] {spark_submit.py:492} INFO - File "/opt/spark/testlog_ml_spark.py", line 15, in <module>
[2025-05-22T13:14:02.229+0000] {spark_submit.py:492} INFO - .withColumn("like_score", when(col("event_type") == "like_click") & (col("liked") == 1, lit(3))
[2025-05-22T13:14:02.229+0000] {spark_submit.py:492} INFO - File "/home/***/.local/lib/python3.10/site-packages/pyspark/python/lib/pyspark.zip/pyspark/sql/utils.py", line 174, in wrapped
[2025-05-22T13:14:02.229+0000] {spark_submit.py:492} INFO - TypeError: when() missing 1 required positional argument: 'value'
[2025-05-22T13:14:02.251+0000] {spark_submit.py:492} INFO - 25/05/22 13:14:02 INFO SparkContext: Invoking stop() from shutdown hook
[2025-05-22T13:14:02.251+0000] {spark_submit.py:492} INFO - 25/05/22 13:14:02 INFO SparkContext: SparkContext is stopping with exitCode 0.
[2025-05-22T13:14:02.254+0000] {spark_submit.py:492} INFO - 25/05/22 13:14:02 INFO SparkUI: Stopped Spark web UI at http://3f5ae39f1093:4040
[2025-05-22T13:14:02.259+0000] {spark_submit.py:492} INFO - 25/05/22 13:14:02 INFO MapOutputTrackerMasterEndpoint: MapOutputTrackerMasterEndpoint stopped!
[2025-05-22T13:14:02.264+0000] {spark_submit.py:492} INFO - 25/05/22 13:14:02 INFO MemoryStore: MemoryStore cleared
[2025-05-22T13:14:02.264+0000] {spark_submit.py:492} INFO - 25/05/22 13:14:02 INFO BlockManager: BlockManager stopped
[2025-05-22T13:14:02.266+0000] {spark_submit.py:492} INFO - 25/05/22 13:14:02 INFO BlockManagerMaster: BlockManagerMaster stopped
[2025-05-22T13:14:02.267+0000] {spark_submit.py:492} INFO - 25/05/22 13:14:02 INFO OutputCommitCoordinator$OutputCommitCoordinatorEndpoint: OutputCommitCoordinator stopped!
[2025-05-22T13:14:02.269+0000] {spark_submit.py:492} INFO - 25/05/22 13:14:02 INFO SparkContext: Successfully stopped SparkContext
[2025-05-22T13:14:02.270+0000] {spark_submit.py:492} INFO - 25/05/22 13:14:02 INFO ShutdownHookManager: Shutdown hook called
[2025-05-22T13:14:02.270+0000] {spark_submit.py:492} INFO - 25/05/22 13:14:02 INFO ShutdownHookManager: Deleting directory /tmp/spark-4c22332f-c20b-4937-8cf0-3a13376a92cc/pyspark-4fe9f11f-2c2f-4ccd-b78c-2374aee9de43
[2025-05-22T13:14:02.271+0000] {spark_submit.py:492} INFO - 25/05/22 13:14:02 INFO ShutdownHookManager: Deleting directory /tmp/spark-9343a5ba-13e4-42ed-aaf7-837500eaeac2
[2025-05-22T13:14:02.273+0000] {spark_submit.py:492} INFO - 25/05/22 13:14:02 INFO ShutdownHookManager: Deleting directory /tmp/spark-4c22332f-c20b-4937-8cf0-3a13376a92cc
[2025-05-22T13:14:02.276+0000] {spark_submit.py:492} INFO - 25/05/22 13:14:02 INFO MetricsSystemImpl: Stopping s3a-file-system metrics system...
[2025-05-22T13:14:02.276+0000] {spark_submit.py:492} INFO - 25/05/22 13:14:02 INFO MetricsSystemImpl: s3a-file-system metrics system stopped.
[2025-05-22T13:14:02.276+0000] {spark_submit.py:492} INFO - 25/05/22 13:14:02 INFO MetricsSystemImpl: s3a-file-system metrics system shutdown complete.
[2025-05-22T13:14:02.301+0000] {taskinstance.py:3310} ERROR - Task failed with exception
Traceback (most recent call last):
  File "/home/airflow/.local/lib/python3.10/site-packages/airflow/models/taskinstance.py", line 762, in _execute_task
    result = _execute_callable(context=context, **execute_callable_kwargs)
  File "/home/airflow/.local/lib/python3.10/site-packages/airflow/models/taskinstance.py", line 733, in _execute_callable
    return ExecutionCallableRunner(
  File "/home/airflow/.local/lib/python3.10/site-packages/airflow/utils/operator_helpers.py", line 252, in run
    return self.func(*args, **kwargs)
  File "/home/airflow/.local/lib/python3.10/site-packages/airflow/models/baseoperator.py", line 406, in wrapper
    return func(self, *args, **kwargs)
  File "/home/airflow/.local/lib/python3.10/site-packages/airflow/providers/apache/spark/operators/spark_submit.py", line 157, in execute
    self._hook.submit(self._application)
  File "/home/airflow/.local/lib/python3.10/site-packages/airflow/providers/apache/spark/hooks/spark_submit.py", line 423, in submit
    raise AirflowException(
airflow.exceptions.AirflowException: Cannot execute: spark-submit --master local --conf spark.hadoop.fs.s3a.endpoint=http://3.38.135.214:9000 --conf spark.hadoop.fs.s3a.access.key=minioadmin --conf spark.hadoop.fs.s3a.secret.key=****** --conf spark.hadoop.fs.s3a.impl=org.apache.hadoop.fs.s3a.S3AFileSystem --conf spark.hadoop.fs.s3a.path.style.access=true --conf spark.hadoop.fs.s3a.connection.ssl.enabled=false --conf spark.hadoop.fs.s3a.aws.credentials.provider= --jars /opt/spark/jars/hadoop-aws-3.3.1.jar,/opt/spark/jars/aws-java-sdk-bundle-1.11.901.jar,/opt/spark/jars/postgresql-42.7.4.jar --name arrow-spark /opt/spark/testlog_ml_spark.py. Error code is: 1.
[2025-05-22T13:14:02.304+0000] {taskinstance.py:1225} INFO - Marking task as UP_FOR_RETRY. dag_id=kafka_to_minio_to_spark, task_id=spark_etl, run_id=scheduled__2025-05-21T16:00:00+00:00, execution_date=20250521T160000, start_date=20250522T131356, end_date=20250522T131402
[2025-05-22T13:14:02.309+0000] {taskinstance.py:340} INFO - ::group::Post task execution logs
[2025-05-22T13:14:02.310+0000] {standard_task_runner.py:124} ERROR - Failed to execute job 332 for task spark_etl (Cannot execute: spark-submit --master local --conf spark.hadoop.fs.s3a.endpoint=http://3.38.135.214:9000 --conf spark.hadoop.fs.s3a.access.key=minioadmin --conf spark.hadoop.fs.s3a.secret.key=****** --conf spark.hadoop.fs.s3a.impl=org.apache.hadoop.fs.s3a.S3AFileSystem --conf spark.hadoop.fs.s3a.path.style.access=true --conf spark.hadoop.fs.s3a.connection.ssl.enabled=false --conf spark.hadoop.fs.s3a.aws.credentials.provider= --jars /opt/spark/jars/hadoop-aws-3.3.1.jar,/opt/spark/jars/aws-java-sdk-bundle-1.11.901.jar,/opt/spark/jars/postgresql-42.7.4.jar --name arrow-spark /opt/spark/testlog_ml_spark.py. Error code is: 1.; 84)
Traceback (most recent call last):
  File "/home/airflow/.local/lib/python3.10/site-packages/airflow/task/task_runner/standard_task_runner.py", line 117, in _start_by_fork
    ret = args.func(args, dag=self.dag)
  File "/home/airflow/.local/lib/python3.10/site-packages/airflow/cli/cli_config.py", line 49, in command
    return func(*args, **kwargs)
  File "/home/airflow/.local/lib/python3.10/site-packages/airflow/utils/cli.py", line 115, in wrapper
    return f(*args, **kwargs)
  File "/home/airflow/.local/lib/python3.10/site-packages/airflow/cli/commands/task_command.py", line 483, in task_run
    task_return_code = _run_task_by_selected_method(args, _dag, ti)
  File "/home/airflow/.local/lib/python3.10/site-packages/airflow/cli/commands/task_command.py", line 256, in _run_task_by_selected_method
    return _run_raw_task(args, ti)
  File "/home/airflow/.local/lib/python3.10/site-packages/airflow/cli/commands/task_command.py", line 341, in _run_raw_task
    return ti._run_raw_task(
  File "/home/airflow/.local/lib/python3.10/site-packages/airflow/utils/session.py", line 97, in wrapper
    return func(*args, session=session, **kwargs)
  File "/home/airflow/.local/lib/python3.10/site-packages/airflow/models/taskinstance.py", line 3004, in _run_raw_task
    return _run_raw_task(
  File "/home/airflow/.local/lib/python3.10/site-packages/airflow/models/taskinstance.py", line 273, in _run_raw_task
    TaskInstance._execute_task_with_callbacks(
  File "/home/airflow/.local/lib/python3.10/site-packages/airflow/models/taskinstance.py", line 3158, in _execute_task_with_callbacks
    result = self._execute_task(context, task_orig)
  File "/home/airflow/.local/lib/python3.10/site-packages/airflow/models/taskinstance.py", line 3182, in _execute_task
    return _execute_task(self, context, task_orig)
  File "/home/airflow/.local/lib/python3.10/site-packages/airflow/models/taskinstance.py", line 762, in _execute_task
    result = _execute_callable(context=context, **execute_callable_kwargs)
  File "/home/airflow/.local/lib/python3.10/site-packages/airflow/models/taskinstance.py", line 733, in _execute_callable
    return ExecutionCallableRunner(
  File "/home/airflow/.local/lib/python3.10/site-packages/airflow/utils/operator_helpers.py", line 252, in run
    return self.func(*args, **kwargs)
  File "/home/airflow/.local/lib/python3.10/site-packages/airflow/models/baseoperator.py", line 406, in wrapper
    return func(self, *args, **kwargs)
  File "/home/airflow/.local/lib/python3.10/site-packages/airflow/providers/apache/spark/operators/spark_submit.py", line 157, in execute
    self._hook.submit(self._application)
  File "/home/airflow/.local/lib/python3.10/site-packages/airflow/providers/apache/spark/hooks/spark_submit.py", line 423, in submit
    raise AirflowException(
airflow.exceptions.AirflowException: Cannot execute: spark-submit --master local --conf spark.hadoop.fs.s3a.endpoint=http://3.38.135.214:9000 --conf spark.hadoop.fs.s3a.access.key=minioadmin --conf spark.hadoop.fs.s3a.secret.key=****** --conf spark.hadoop.fs.s3a.impl=org.apache.hadoop.fs.s3a.S3AFileSystem --conf spark.hadoop.fs.s3a.path.style.access=true --conf spark.hadoop.fs.s3a.connection.ssl.enabled=false --conf spark.hadoop.fs.s3a.aws.credentials.provider= --jars /opt/spark/jars/hadoop-aws-3.3.1.jar,/opt/spark/jars/aws-java-sdk-bundle-1.11.901.jar,/opt/spark/jars/postgresql-42.7.4.jar --name arrow-spark /opt/spark/testlog_ml_spark.py. Error code is: 1.
[2025-05-22T13:14:02.320+0000] {local_task_job_runner.py:266} INFO - Task exited with return code 1
[2025-05-22T13:14:02.326+0000] {taskinstance.py:3900} INFO - 0 downstream tasks scheduled from follow-on schedule check
[2025-05-22T13:14:02.327+0000] {local_task_job_runner.py:245} INFO - ::endgroup::
