[2025-05-22T12:50:39.223+0000] {local_task_job_runner.py:123} INFO - ::group::Pre task execution logs
[2025-05-22T12:50:39.229+0000] {taskinstance.py:2612} INFO - Dependencies all met for dep_context=non-requeueable deps ti=<TaskInstance: kafka_to_minio_to_spark.spark_etl scheduled__2025-05-21T16:00:00+00:00 [queued]>
[2025-05-22T12:50:39.232+0000] {taskinstance.py:2612} INFO - Dependencies all met for dep_context=requeueable deps ti=<TaskInstance: kafka_to_minio_to_spark.spark_etl scheduled__2025-05-21T16:00:00+00:00 [queued]>
[2025-05-22T12:50:39.233+0000] {taskinstance.py:2865} INFO - Starting attempt 44 of 46
[2025-05-22T12:50:39.237+0000] {taskinstance.py:2888} INFO - Executing <Task(SparkSubmitOperator): spark_etl> on 2025-05-21 16:00:00+00:00
[2025-05-22T12:50:39.239+0000] {standard_task_runner.py:72} INFO - Started process 320 to run task
[2025-05-22T12:50:39.241+0000] {standard_task_runner.py:104} INFO - Running: ['***', 'tasks', 'run', 'kafka_to_minio_to_spark', 'spark_etl', 'scheduled__2025-05-21T16:00:00+00:00', '--job-id', '318', '--raw', '--subdir', 'DAGS_FOLDER/testlog_ml.py', '--cfg-path', '/tmp/tmpear3h8oz']
[2025-05-22T12:50:39.241+0000] {standard_task_runner.py:105} INFO - Job 318: Subtask spark_etl
[2025-05-22T12:50:39.257+0000] {task_command.py:467} INFO - Running <TaskInstance: kafka_to_minio_to_spark.spark_etl scheduled__2025-05-21T16:00:00+00:00 [running]> on host 3337e7bd3891
[2025-05-22T12:50:39.282+0000] {taskinstance.py:3131} INFO - Exporting env vars: AIRFLOW_CTX_DAG_OWNER='***' AIRFLOW_CTX_DAG_ID='kafka_to_minio_to_spark' AIRFLOW_CTX_TASK_ID='spark_etl' AIRFLOW_CTX_EXECUTION_DATE='2025-05-21T16:00:00+00:00' AIRFLOW_CTX_TRY_NUMBER='44' AIRFLOW_CTX_DAG_RUN_ID='scheduled__2025-05-21T16:00:00+00:00'
[2025-05-22T12:50:39.283+0000] {taskinstance.py:731} INFO - ::endgroup::
[2025-05-22T12:50:39.290+0000] {base.py:84} INFO - Retrieving connection 'spark'
[2025-05-22T12:50:39.291+0000] {spark_submit.py:341} INFO - Spark-Submit cmd: spark-submit --master local --conf spark.hadoop.fs.s3a.endpoint=http://3.38.135.214:9000 --conf spark.hadoop.fs.s3a.access.key=minioadmin --conf spark.hadoop.fs.s3a.secret.key=****** --conf spark.hadoop.fs.s3a.impl=org.apache.hadoop.fs.s3a.S3AFileSystem --conf spark.hadoop.fs.s3a.path.style.access=true --conf spark.hadoop.fs.s3a.connection.ssl.enabled=false --conf spark.hadoop.fs.s3a.aws.credentials.provider= --jars /opt/spark/jars/hadoop-aws-3.3.1.jar,/opt/spark/jars/aws-java-sdk-bundle-1.11.901.jar,/opt/spark/jars/postgresql-42.7.4.jar --name arrow-spark /opt/spark/testlog_ml_spark.py
[2025-05-22T12:50:40.007+0000] {spark_submit.py:492} INFO - 25/05/22 12:50:40 WARN NativeCodeLoader: Unable to load native-hadoop library for your platform... using builtin-java classes where applicable
[2025-05-22T12:50:40.586+0000] {spark_submit.py:492} INFO - 25/05/22 12:50:40 INFO SparkContext: Running Spark version 3.5.1
[2025-05-22T12:50:40.587+0000] {spark_submit.py:492} INFO - 25/05/22 12:50:40 INFO SparkContext: OS info Linux, 6.10.14-linuxkit, aarch64
[2025-05-22T12:50:40.588+0000] {spark_submit.py:492} INFO - 25/05/22 12:50:40 INFO SparkContext: Java version 17.0.15
[2025-05-22T12:50:40.596+0000] {spark_submit.py:492} INFO - 25/05/22 12:50:40 INFO ResourceUtils: ==============================================================
[2025-05-22T12:50:40.597+0000] {spark_submit.py:492} INFO - 25/05/22 12:50:40 INFO ResourceUtils: No custom resources configured for spark.driver.
[2025-05-22T12:50:40.597+0000] {spark_submit.py:492} INFO - 25/05/22 12:50:40 INFO ResourceUtils: ==============================================================
[2025-05-22T12:50:40.598+0000] {spark_submit.py:492} INFO - 25/05/22 12:50:40 INFO SparkContext: Submitted application: arrow-spark
[2025-05-22T12:50:40.603+0000] {spark_submit.py:492} INFO - 25/05/22 12:50:40 INFO ResourceProfile: Default ResourceProfile created, executor resources: Map(cores -> name: cores, amount: 1, script: , vendor: , memory -> name: memory, amount: 1024, script: , vendor: , offHeap -> name: offHeap, amount: 0, script: , vendor: ), task resources: Map(cpus -> name: cpus, amount: 1.0)
[2025-05-22T12:50:40.606+0000] {spark_submit.py:492} INFO - 25/05/22 12:50:40 INFO ResourceProfile: Limiting resource is cpu
[2025-05-22T12:50:40.607+0000] {spark_submit.py:492} INFO - 25/05/22 12:50:40 INFO ResourceProfileManager: Added ResourceProfile id: 0
[2025-05-22T12:50:40.625+0000] {spark_submit.py:492} INFO - 25/05/22 12:50:40 INFO SecurityManager: Changing view acls to: ***
[2025-05-22T12:50:40.626+0000] {spark_submit.py:492} INFO - 25/05/22 12:50:40 INFO SecurityManager: Changing modify acls to: ***
[2025-05-22T12:50:40.626+0000] {spark_submit.py:492} INFO - 25/05/22 12:50:40 INFO SecurityManager: Changing view acls groups to:
[2025-05-22T12:50:40.626+0000] {spark_submit.py:492} INFO - 25/05/22 12:50:40 INFO SecurityManager: Changing modify acls groups to:
[2025-05-22T12:50:40.626+0000] {spark_submit.py:492} INFO - 25/05/22 12:50:40 INFO SecurityManager: SecurityManager: authentication disabled; ui acls disabled; users with view permissions: ***; groups with view permissions: EMPTY; users with modify permissions: ***; groups with modify permissions: EMPTY
[2025-05-22T12:50:40.758+0000] {spark_submit.py:492} INFO - 25/05/22 12:50:40 INFO Utils: Successfully started service 'sparkDriver' on port 33859.
[2025-05-22T12:50:40.771+0000] {spark_submit.py:492} INFO - 25/05/22 12:50:40 INFO SparkEnv: Registering MapOutputTracker
[2025-05-22T12:50:40.785+0000] {spark_submit.py:492} INFO - 25/05/22 12:50:40 INFO SparkEnv: Registering BlockManagerMaster
[2025-05-22T12:50:40.795+0000] {spark_submit.py:492} INFO - 25/05/22 12:50:40 INFO BlockManagerMasterEndpoint: Using org.apache.spark.storage.DefaultTopologyMapper for getting topology information
[2025-05-22T12:50:40.796+0000] {spark_submit.py:492} INFO - 25/05/22 12:50:40 INFO BlockManagerMasterEndpoint: BlockManagerMasterEndpoint up
[2025-05-22T12:50:40.797+0000] {spark_submit.py:492} INFO - 25/05/22 12:50:40 INFO SparkEnv: Registering BlockManagerMasterHeartbeat
[2025-05-22T12:50:40.805+0000] {spark_submit.py:492} INFO - 25/05/22 12:50:40 INFO DiskBlockManager: Created local directory at /tmp/blockmgr-11e15048-cca3-4e4a-b5ef-d4cb200d4f5a
[2025-05-22T12:50:40.810+0000] {spark_submit.py:492} INFO - 25/05/22 12:50:40 INFO MemoryStore: MemoryStore started with capacity 434.4 MiB
[2025-05-22T12:50:40.816+0000] {spark_submit.py:492} INFO - 25/05/22 12:50:40 INFO SparkEnv: Registering OutputCommitCoordinator
[2025-05-22T12:50:40.859+0000] {spark_submit.py:492} INFO - 25/05/22 12:50:40 INFO JettyUtils: Start Jetty 0.0.0.0:4040 for SparkUI
[2025-05-22T12:50:40.885+0000] {spark_submit.py:492} INFO - 25/05/22 12:50:40 INFO Utils: Successfully started service 'SparkUI' on port 4040.
[2025-05-22T12:50:40.897+0000] {spark_submit.py:492} INFO - 25/05/22 12:50:40 INFO SparkContext: Added JAR file:///opt/spark/jars/hadoop-aws-3.3.1.jar at spark://3337e7bd3891:33859/jars/hadoop-aws-3.3.1.jar with timestamp 1747918240583
[2025-05-22T12:50:40.897+0000] {spark_submit.py:492} INFO - 25/05/22 12:50:40 INFO SparkContext: Added JAR file:///opt/spark/jars/aws-java-sdk-bundle-1.11.901.jar at spark://3337e7bd3891:33859/jars/aws-java-sdk-bundle-1.11.901.jar with timestamp 1747918240583
[2025-05-22T12:50:40.897+0000] {spark_submit.py:492} INFO - 25/05/22 12:50:40 INFO SparkContext: Added JAR file:///opt/spark/jars/postgresql-42.7.4.jar at spark://3337e7bd3891:33859/jars/postgresql-42.7.4.jar with timestamp 1747918240583
[2025-05-22T12:50:40.918+0000] {spark_submit.py:492} INFO - 25/05/22 12:50:40 INFO Executor: Starting executor ID driver on host 3337e7bd3891
[2025-05-22T12:50:40.918+0000] {spark_submit.py:492} INFO - 25/05/22 12:50:40 INFO Executor: OS info Linux, 6.10.14-linuxkit, aarch64
[2025-05-22T12:50:40.918+0000] {spark_submit.py:492} INFO - 25/05/22 12:50:40 INFO Executor: Java version 17.0.15
[2025-05-22T12:50:40.920+0000] {spark_submit.py:492} INFO - 25/05/22 12:50:40 INFO Executor: Starting executor with user classpath (userClassPathFirst = false): ''
[2025-05-22T12:50:40.920+0000] {spark_submit.py:492} INFO - 25/05/22 12:50:40 INFO Executor: Created or updated repl class loader org.apache.spark.util.MutableURLClassLoader@7c4de159 for default.
[2025-05-22T12:50:40.924+0000] {spark_submit.py:492} INFO - 25/05/22 12:50:40 INFO Executor: Fetching spark://3337e7bd3891:33859/jars/aws-java-sdk-bundle-1.11.901.jar with timestamp 1747918240583
[2025-05-22T12:50:40.941+0000] {spark_submit.py:492} INFO - 25/05/22 12:50:40 INFO TransportClientFactory: Successfully created connection to 3337e7bd3891/172.27.0.4:33859 after 8 ms (0 ms spent in bootstraps)
[2025-05-22T12:50:40.943+0000] {spark_submit.py:492} INFO - 25/05/22 12:50:40 INFO Utils: Fetching spark://3337e7bd3891:33859/jars/aws-java-sdk-bundle-1.11.901.jar to /tmp/spark-8bab3d0e-4c01-477c-8fe3-f070ea3bbe33/userFiles-b354f2a2-e32a-4521-88af-994a9bedf075/fetchFileTemp14424732693548555516.tmp
[2025-05-22T12:50:41.202+0000] {spark_submit.py:492} INFO - 25/05/22 12:50:41 INFO Executor: Adding file:/tmp/spark-8bab3d0e-4c01-477c-8fe3-f070ea3bbe33/userFiles-b354f2a2-e32a-4521-88af-994a9bedf075/aws-java-sdk-bundle-1.11.901.jar to class loader default
[2025-05-22T12:50:41.203+0000] {spark_submit.py:492} INFO - 25/05/22 12:50:41 INFO Executor: Fetching spark://3337e7bd3891:33859/jars/hadoop-aws-3.3.1.jar with timestamp 1747918240583
[2025-05-22T12:50:41.204+0000] {spark_submit.py:492} INFO - 25/05/22 12:50:41 INFO Utils: Fetching spark://3337e7bd3891:33859/jars/hadoop-aws-3.3.1.jar to /tmp/spark-8bab3d0e-4c01-477c-8fe3-f070ea3bbe33/userFiles-b354f2a2-e32a-4521-88af-994a9bedf075/fetchFileTemp5243635926248527861.tmp
[2025-05-22T12:50:41.218+0000] {spark_submit.py:492} INFO - 25/05/22 12:50:41 INFO Executor: Adding file:/tmp/spark-8bab3d0e-4c01-477c-8fe3-f070ea3bbe33/userFiles-b354f2a2-e32a-4521-88af-994a9bedf075/hadoop-aws-3.3.1.jar to class loader default
[2025-05-22T12:50:41.219+0000] {spark_submit.py:492} INFO - 25/05/22 12:50:41 INFO Executor: Fetching spark://3337e7bd3891:33859/jars/postgresql-42.7.4.jar with timestamp 1747918240583
[2025-05-22T12:50:41.220+0000] {spark_submit.py:492} INFO - 25/05/22 12:50:41 INFO Utils: Fetching spark://3337e7bd3891:33859/jars/postgresql-42.7.4.jar to /tmp/spark-8bab3d0e-4c01-477c-8fe3-f070ea3bbe33/userFiles-b354f2a2-e32a-4521-88af-994a9bedf075/fetchFileTemp18131981630429974699.tmp
[2025-05-22T12:50:41.225+0000] {spark_submit.py:492} INFO - 25/05/22 12:50:41 INFO Executor: Adding file:/tmp/spark-8bab3d0e-4c01-477c-8fe3-f070ea3bbe33/userFiles-b354f2a2-e32a-4521-88af-994a9bedf075/postgresql-42.7.4.jar to class loader default
[2025-05-22T12:50:41.229+0000] {spark_submit.py:492} INFO - 25/05/22 12:50:41 INFO Utils: Successfully started service 'org.apache.spark.network.netty.NettyBlockTransferService' on port 40123.
[2025-05-22T12:50:41.230+0000] {spark_submit.py:492} INFO - 25/05/22 12:50:41 INFO NettyBlockTransferService: Server created on 3337e7bd3891:40123
[2025-05-22T12:50:41.230+0000] {spark_submit.py:492} INFO - 25/05/22 12:50:41 INFO BlockManager: Using org.apache.spark.storage.RandomBlockReplicationPolicy for block replication policy
[2025-05-22T12:50:41.233+0000] {spark_submit.py:492} INFO - 25/05/22 12:50:41 INFO BlockManagerMaster: Registering BlockManager BlockManagerId(driver, 3337e7bd3891, 40123, None)
[2025-05-22T12:50:41.234+0000] {spark_submit.py:492} INFO - 25/05/22 12:50:41 INFO BlockManagerMasterEndpoint: Registering block manager 3337e7bd3891:40123 with 434.4 MiB RAM, BlockManagerId(driver, 3337e7bd3891, 40123, None)
[2025-05-22T12:50:41.235+0000] {spark_submit.py:492} INFO - 25/05/22 12:50:41 INFO BlockManagerMaster: Registered BlockManager BlockManagerId(driver, 3337e7bd3891, 40123, None)
[2025-05-22T12:50:41.236+0000] {spark_submit.py:492} INFO - 25/05/22 12:50:41 INFO BlockManager: Initialized BlockManager: BlockManagerId(driver, 3337e7bd3891, 40123, None)
[2025-05-22T12:50:41.366+0000] {spark_submit.py:492} INFO - 25/05/22 12:50:41 INFO SharedState: Setting hive.metastore.warehouse.dir ('null') to the value of spark.sql.warehouse.dir.
[2025-05-22T12:50:41.366+0000] {spark_submit.py:492} INFO - 25/05/22 12:50:41 INFO SharedState: Warehouse path is 'file:/opt/***/spark-warehouse'.
[2025-05-22T12:50:41.706+0000] {spark_submit.py:492} INFO - 25/05/22 12:50:41 WARN MetricsConfig: Cannot locate configuration: tried hadoop-metrics2-s3a-file-system.properties,hadoop-metrics2.properties
[2025-05-22T12:50:41.711+0000] {spark_submit.py:492} INFO - 25/05/22 12:50:41 INFO MetricsSystemImpl: Scheduled Metric snapshot period at 10 second(s).
[2025-05-22T12:50:41.712+0000] {spark_submit.py:492} INFO - 25/05/22 12:50:41 INFO MetricsSystemImpl: s3a-file-system metrics system started
[2025-05-22T12:50:42.057+0000] {spark_submit.py:492} INFO - 25/05/22 12:50:42 INFO InMemoryFileIndex: It took 27 ms to list leaf files for 1 paths.
[2025-05-22T12:50:42.114+0000] {spark_submit.py:492} INFO - 25/05/22 12:50:42 INFO InMemoryFileIndex: It took 21 ms to list leaf files for 1 paths.
[2025-05-22T12:50:42.929+0000] {spark_submit.py:492} INFO - 25/05/22 12:50:42 INFO FileSourceStrategy: Pushed Filters:
[2025-05-22T12:50:42.930+0000] {spark_submit.py:492} INFO - 25/05/22 12:50:42 INFO FileSourceStrategy: Post-Scan Filters: (length(trim(value#0, None)) > 0)
[2025-05-22T12:50:43.110+0000] {spark_submit.py:492} INFO - 25/05/22 12:50:43 INFO CodeGenerator: Code generated in 66.226667 ms
[2025-05-22T12:50:43.127+0000] {spark_submit.py:492} INFO - 25/05/22 12:50:43 INFO MemoryStore: Block broadcast_0 stored as values in memory (estimated size 202.1 KiB, free 434.2 MiB)
[2025-05-22T12:50:43.149+0000] {spark_submit.py:492} INFO - 25/05/22 12:50:43 INFO MemoryStore: Block broadcast_0_piece0 stored as bytes in memory (estimated size 35.0 KiB, free 434.2 MiB)
[2025-05-22T12:50:43.150+0000] {spark_submit.py:492} INFO - 25/05/22 12:50:43 INFO BlockManagerInfo: Added broadcast_0_piece0 in memory on 3337e7bd3891:40123 (size: 35.0 KiB, free: 434.4 MiB)
[2025-05-22T12:50:43.155+0000] {spark_submit.py:492} INFO - 25/05/22 12:50:43 INFO SparkContext: Created broadcast 0 from csv at NativeMethodAccessorImpl.java:0
[2025-05-22T12:50:43.159+0000] {spark_submit.py:492} INFO - 25/05/22 12:50:43 INFO FileSourceScanExec: Planning scan with bin packing, max size: 4233153 bytes, open cost is considered as scanning 4194304 bytes.
[2025-05-22T12:50:43.200+0000] {spark_submit.py:492} INFO - 25/05/22 12:50:43 INFO SparkContext: Starting job: csv at NativeMethodAccessorImpl.java:0
[2025-05-22T12:50:43.209+0000] {spark_submit.py:492} INFO - 25/05/22 12:50:43 INFO DAGScheduler: Got job 0 (csv at NativeMethodAccessorImpl.java:0) with 1 output partitions
[2025-05-22T12:50:43.210+0000] {spark_submit.py:492} INFO - 25/05/22 12:50:43 INFO DAGScheduler: Final stage: ResultStage 0 (csv at NativeMethodAccessorImpl.java:0)
[2025-05-22T12:50:43.210+0000] {spark_submit.py:492} INFO - 25/05/22 12:50:43 INFO DAGScheduler: Parents of final stage: List()
[2025-05-22T12:50:43.214+0000] {spark_submit.py:492} INFO - 25/05/22 12:50:43 INFO DAGScheduler: Missing parents: List()
[2025-05-22T12:50:43.214+0000] {spark_submit.py:492} INFO - 25/05/22 12:50:43 INFO DAGScheduler: Submitting ResultStage 0 (MapPartitionsRDD[3] at csv at NativeMethodAccessorImpl.java:0), which has no missing parents
[2025-05-22T12:50:43.236+0000] {spark_submit.py:492} INFO - 25/05/22 12:50:43 INFO MemoryStore: Block broadcast_1 stored as values in memory (estimated size 13.5 KiB, free 434.2 MiB)
[2025-05-22T12:50:43.240+0000] {spark_submit.py:492} INFO - 25/05/22 12:50:43 INFO MemoryStore: Block broadcast_1_piece0 stored as bytes in memory (estimated size 6.4 KiB, free 434.1 MiB)
[2025-05-22T12:50:43.241+0000] {spark_submit.py:492} INFO - 25/05/22 12:50:43 INFO BlockManagerInfo: Added broadcast_1_piece0 in memory on 3337e7bd3891:40123 (size: 6.4 KiB, free: 434.4 MiB)
[2025-05-22T12:50:43.245+0000] {spark_submit.py:492} INFO - 25/05/22 12:50:43 INFO SparkContext: Created broadcast 1 from broadcast at DAGScheduler.scala:1585
[2025-05-22T12:50:43.247+0000] {spark_submit.py:492} INFO - 25/05/22 12:50:43 INFO DAGScheduler: Submitting 1 missing tasks from ResultStage 0 (MapPartitionsRDD[3] at csv at NativeMethodAccessorImpl.java:0) (first 15 tasks are for partitions Vector(0))
[2025-05-22T12:50:43.248+0000] {spark_submit.py:492} INFO - 25/05/22 12:50:43 INFO TaskSchedulerImpl: Adding task set 0.0 with 1 tasks resource profile 0
[2025-05-22T12:50:43.265+0000] {spark_submit.py:492} INFO - 25/05/22 12:50:43 INFO TaskSetManager: Starting task 0.0 in stage 0.0 (TID 0) (3337e7bd3891, executor driver, partition 0, PROCESS_LOCAL, 8601 bytes)
[2025-05-22T12:50:43.270+0000] {spark_submit.py:492} INFO - 25/05/22 12:50:43 INFO Executor: Running task 0.0 in stage 0.0 (TID 0)
[2025-05-22T12:50:43.323+0000] {spark_submit.py:492} INFO - 25/05/22 12:50:43 INFO CodeGenerator: Code generated in 22.172 ms
[2025-05-22T12:50:43.326+0000] {spark_submit.py:492} INFO - 25/05/22 12:50:43 INFO FileScanRDD: Reading File path: s3a://user-log-ml/2025-05-22_01-00-00.csv, range: 0-38849, partition values: [empty row]
[2025-05-22T12:50:43.336+0000] {spark_submit.py:492} INFO - 25/05/22 12:50:43 INFO CodeGenerator: Code generated in 5.413792 ms
[2025-05-22T12:50:43.394+0000] {spark_submit.py:492} INFO - 25/05/22 12:50:43 INFO Executor: Finished task 0.0 in stage 0.0 (TID 0). 1732 bytes result sent to driver
[2025-05-22T12:50:43.399+0000] {spark_submit.py:492} INFO - 25/05/22 12:50:43 INFO TaskSetManager: Finished task 0.0 in stage 0.0 (TID 0) in 139 ms on 3337e7bd3891 (executor driver) (1/1)
[2025-05-22T12:50:43.400+0000] {spark_submit.py:492} INFO - 25/05/22 12:50:43 INFO TaskSchedulerImpl: Removed TaskSet 0.0, whose tasks have all completed, from pool
[2025-05-22T12:50:43.402+0000] {spark_submit.py:492} INFO - 25/05/22 12:50:43 INFO DAGScheduler: ResultStage 0 (csv at NativeMethodAccessorImpl.java:0) finished in 0.187 s
[2025-05-22T12:50:43.403+0000] {spark_submit.py:492} INFO - 25/05/22 12:50:43 INFO DAGScheduler: Job 0 is finished. Cancelling potential speculative or zombie tasks for this job
[2025-05-22T12:50:43.403+0000] {spark_submit.py:492} INFO - 25/05/22 12:50:43 INFO TaskSchedulerImpl: Killing all running tasks in stage 0: Stage finished
[2025-05-22T12:50:43.404+0000] {spark_submit.py:492} INFO - 25/05/22 12:50:43 INFO DAGScheduler: Job 0 finished: csv at NativeMethodAccessorImpl.java:0, took 0.203564 s
[2025-05-22T12:50:43.412+0000] {spark_submit.py:492} INFO - 25/05/22 12:50:43 INFO CodeGenerator: Code generated in 4.241334 ms
[2025-05-22T12:50:43.434+0000] {spark_submit.py:492} INFO - 25/05/22 12:50:43 INFO FileSourceStrategy: Pushed Filters:
[2025-05-22T12:50:43.435+0000] {spark_submit.py:492} INFO - 25/05/22 12:50:43 INFO FileSourceStrategy: Post-Scan Filters:
[2025-05-22T12:50:43.438+0000] {spark_submit.py:492} INFO - 25/05/22 12:50:43 INFO BlockManagerInfo: Removed broadcast_1_piece0 on 3337e7bd3891:40123 in memory (size: 6.4 KiB, free: 434.4 MiB)
[2025-05-22T12:50:43.444+0000] {spark_submit.py:492} INFO - 25/05/22 12:50:43 INFO MemoryStore: Block broadcast_2 stored as values in memory (estimated size 202.1 KiB, free 434.0 MiB)
[2025-05-22T12:50:43.444+0000] {spark_submit.py:492} INFO - 25/05/22 12:50:43 INFO MemoryStore: Block broadcast_2_piece0 stored as bytes in memory (estimated size 35.0 KiB, free 433.9 MiB)
[2025-05-22T12:50:43.445+0000] {spark_submit.py:492} INFO - 25/05/22 12:50:43 INFO BlockManagerInfo: Added broadcast_2_piece0 in memory on 3337e7bd3891:40123 (size: 35.0 KiB, free: 434.3 MiB)
[2025-05-22T12:50:43.445+0000] {spark_submit.py:492} INFO - 25/05/22 12:50:43 INFO SparkContext: Created broadcast 2 from csv at NativeMethodAccessorImpl.java:0
[2025-05-22T12:50:43.445+0000] {spark_submit.py:492} INFO - 25/05/22 12:50:43 INFO FileSourceScanExec: Planning scan with bin packing, max size: 4233153 bytes, open cost is considered as scanning 4194304 bytes.
[2025-05-22T12:50:43.473+0000] {spark_submit.py:492} INFO - 25/05/22 12:50:43 INFO SparkContext: Starting job: csv at NativeMethodAccessorImpl.java:0
[2025-05-22T12:50:43.474+0000] {spark_submit.py:492} INFO - 25/05/22 12:50:43 INFO DAGScheduler: Got job 1 (csv at NativeMethodAccessorImpl.java:0) with 1 output partitions
[2025-05-22T12:50:43.474+0000] {spark_submit.py:492} INFO - 25/05/22 12:50:43 INFO DAGScheduler: Final stage: ResultStage 1 (csv at NativeMethodAccessorImpl.java:0)
[2025-05-22T12:50:43.474+0000] {spark_submit.py:492} INFO - 25/05/22 12:50:43 INFO DAGScheduler: Parents of final stage: List()
[2025-05-22T12:50:43.475+0000] {spark_submit.py:492} INFO - 25/05/22 12:50:43 INFO DAGScheduler: Missing parents: List()
[2025-05-22T12:50:43.475+0000] {spark_submit.py:492} INFO - 25/05/22 12:50:43 INFO DAGScheduler: Submitting ResultStage 1 (MapPartitionsRDD[9] at csv at NativeMethodAccessorImpl.java:0), which has no missing parents
[2025-05-22T12:50:43.486+0000] {spark_submit.py:492} INFO - 25/05/22 12:50:43 INFO MemoryStore: Block broadcast_3 stored as values in memory (estimated size 28.5 KiB, free 433.9 MiB)
[2025-05-22T12:50:43.489+0000] {spark_submit.py:492} INFO - 25/05/22 12:50:43 INFO MemoryStore: Block broadcast_3_piece0 stored as bytes in memory (estimated size 13.1 KiB, free 433.9 MiB)
[2025-05-22T12:50:43.491+0000] {spark_submit.py:492} INFO - 25/05/22 12:50:43 INFO BlockManagerInfo: Added broadcast_3_piece0 in memory on 3337e7bd3891:40123 (size: 13.1 KiB, free: 434.3 MiB)
[2025-05-22T12:50:43.491+0000] {spark_submit.py:492} INFO - 25/05/22 12:50:43 INFO SparkContext: Created broadcast 3 from broadcast at DAGScheduler.scala:1585
[2025-05-22T12:50:43.492+0000] {spark_submit.py:492} INFO - 25/05/22 12:50:43 INFO DAGScheduler: Submitting 1 missing tasks from ResultStage 1 (MapPartitionsRDD[9] at csv at NativeMethodAccessorImpl.java:0) (first 15 tasks are for partitions Vector(0))
[2025-05-22T12:50:43.492+0000] {spark_submit.py:492} INFO - 25/05/22 12:50:43 INFO TaskSchedulerImpl: Adding task set 1.0 with 1 tasks resource profile 0
[2025-05-22T12:50:43.493+0000] {spark_submit.py:492} INFO - 25/05/22 12:50:43 INFO TaskSetManager: Starting task 0.0 in stage 1.0 (TID 1) (3337e7bd3891, executor driver, partition 0, PROCESS_LOCAL, 8601 bytes)
[2025-05-22T12:50:43.493+0000] {spark_submit.py:492} INFO - 25/05/22 12:50:43 INFO Executor: Running task 0.0 in stage 1.0 (TID 1)
[2025-05-22T12:50:43.508+0000] {spark_submit.py:492} INFO - 25/05/22 12:50:43 INFO BlockManagerInfo: Removed broadcast_0_piece0 on 3337e7bd3891:40123 in memory (size: 35.0 KiB, free: 434.4 MiB)
[2025-05-22T12:50:43.518+0000] {spark_submit.py:492} INFO - 25/05/22 12:50:43 INFO CodeGenerator: Code generated in 3.566125 ms
[2025-05-22T12:50:43.520+0000] {spark_submit.py:492} INFO - 25/05/22 12:50:43 INFO FileScanRDD: Reading File path: s3a://user-log-ml/2025-05-22_01-00-00.csv, range: 0-38849, partition values: [empty row]
[2025-05-22T12:50:43.646+0000] {spark_submit.py:492} INFO - 25/05/22 12:50:43 INFO Executor: Finished task 0.0 in stage 1.0 (TID 1). 1745 bytes result sent to driver
[2025-05-22T12:50:43.647+0000] {spark_submit.py:492} INFO - 25/05/22 12:50:43 INFO TaskSetManager: Finished task 0.0 in stage 1.0 (TID 1) in 156 ms on 3337e7bd3891 (executor driver) (1/1)
[2025-05-22T12:50:43.648+0000] {spark_submit.py:492} INFO - 25/05/22 12:50:43 INFO TaskSchedulerImpl: Removed TaskSet 1.0, whose tasks have all completed, from pool
[2025-05-22T12:50:43.649+0000] {spark_submit.py:492} INFO - 25/05/22 12:50:43 INFO DAGScheduler: ResultStage 1 (csv at NativeMethodAccessorImpl.java:0) finished in 0.173 s
[2025-05-22T12:50:43.649+0000] {spark_submit.py:492} INFO - 25/05/22 12:50:43 INFO DAGScheduler: Job 1 is finished. Cancelling potential speculative or zombie tasks for this job
[2025-05-22T12:50:43.649+0000] {spark_submit.py:492} INFO - 25/05/22 12:50:43 INFO TaskSchedulerImpl: Killing all running tasks in stage 1: Stage finished
[2025-05-22T12:50:43.650+0000] {spark_submit.py:492} INFO - 25/05/22 12:50:43 INFO DAGScheduler: Job 1 finished: csv at NativeMethodAccessorImpl.java:0, took 0.175987 s
[2025-05-22T12:50:43.683+0000] {spark_submit.py:492} INFO - Traceback (most recent call last):
[2025-05-22T12:50:43.683+0000] {spark_submit.py:492} INFO - File "/opt/spark/testlog_ml_spark.py", line 15, in <module>
[2025-05-22T12:50:43.683+0000] {spark_submit.py:492} INFO - .withColumn("like_score", when(col("event_type") == "like_click") & (col("liked") == 1, lit(3))
[2025-05-22T12:50:43.684+0000] {spark_submit.py:492} INFO - File "/home/***/.local/lib/python3.10/site-packages/pyspark/python/lib/pyspark.zip/pyspark/sql/utils.py", line 174, in wrapped
[2025-05-22T12:50:43.684+0000] {spark_submit.py:492} INFO - TypeError: when() missing 1 required positional argument: 'value'
[2025-05-22T12:50:43.710+0000] {spark_submit.py:492} INFO - 25/05/22 12:50:43 INFO SparkContext: Invoking stop() from shutdown hook
[2025-05-22T12:50:43.710+0000] {spark_submit.py:492} INFO - 25/05/22 12:50:43 INFO SparkContext: SparkContext is stopping with exitCode 0.
[2025-05-22T12:50:43.714+0000] {spark_submit.py:492} INFO - 25/05/22 12:50:43 INFO SparkUI: Stopped Spark web UI at http://3337e7bd3891:4040
[2025-05-22T12:50:43.717+0000] {spark_submit.py:492} INFO - 25/05/22 12:50:43 INFO MapOutputTrackerMasterEndpoint: MapOutputTrackerMasterEndpoint stopped!
[2025-05-22T12:50:43.722+0000] {spark_submit.py:492} INFO - 25/05/22 12:50:43 INFO MemoryStore: MemoryStore cleared
[2025-05-22T12:50:43.722+0000] {spark_submit.py:492} INFO - 25/05/22 12:50:43 INFO BlockManager: BlockManager stopped
[2025-05-22T12:50:43.723+0000] {spark_submit.py:492} INFO - 25/05/22 12:50:43 INFO BlockManagerMaster: BlockManagerMaster stopped
[2025-05-22T12:50:43.723+0000] {spark_submit.py:492} INFO - 25/05/22 12:50:43 INFO OutputCommitCoordinator$OutputCommitCoordinatorEndpoint: OutputCommitCoordinator stopped!
[2025-05-22T12:50:43.726+0000] {spark_submit.py:492} INFO - 25/05/22 12:50:43 INFO SparkContext: Successfully stopped SparkContext
[2025-05-22T12:50:43.726+0000] {spark_submit.py:492} INFO - 25/05/22 12:50:43 INFO ShutdownHookManager: Shutdown hook called
[2025-05-22T12:50:43.726+0000] {spark_submit.py:492} INFO - 25/05/22 12:50:43 INFO ShutdownHookManager: Deleting directory /tmp/spark-8bab3d0e-4c01-477c-8fe3-f070ea3bbe33/pyspark-31722fba-b332-4ba6-b28f-4f3b9a205402
[2025-05-22T12:50:43.728+0000] {spark_submit.py:492} INFO - 25/05/22 12:50:43 INFO ShutdownHookManager: Deleting directory /tmp/spark-8bab3d0e-4c01-477c-8fe3-f070ea3bbe33
[2025-05-22T12:50:43.729+0000] {spark_submit.py:492} INFO - 25/05/22 12:50:43 INFO ShutdownHookManager: Deleting directory /tmp/spark-d9db4401-8375-43d8-8478-0a86e035ead1
[2025-05-22T12:50:43.731+0000] {spark_submit.py:492} INFO - 25/05/22 12:50:43 INFO MetricsSystemImpl: Stopping s3a-file-system metrics system...
[2025-05-22T12:50:43.732+0000] {spark_submit.py:492} INFO - 25/05/22 12:50:43 INFO MetricsSystemImpl: s3a-file-system metrics system stopped.
[2025-05-22T12:50:43.732+0000] {spark_submit.py:492} INFO - 25/05/22 12:50:43 INFO MetricsSystemImpl: s3a-file-system metrics system shutdown complete.
[2025-05-22T12:50:43.759+0000] {taskinstance.py:3310} ERROR - Task failed with exception
Traceback (most recent call last):
  File "/home/airflow/.local/lib/python3.10/site-packages/airflow/models/taskinstance.py", line 762, in _execute_task
    result = _execute_callable(context=context, **execute_callable_kwargs)
  File "/home/airflow/.local/lib/python3.10/site-packages/airflow/models/taskinstance.py", line 733, in _execute_callable
    return ExecutionCallableRunner(
  File "/home/airflow/.local/lib/python3.10/site-packages/airflow/utils/operator_helpers.py", line 252, in run
    return self.func(*args, **kwargs)
  File "/home/airflow/.local/lib/python3.10/site-packages/airflow/models/baseoperator.py", line 406, in wrapper
    return func(self, *args, **kwargs)
  File "/home/airflow/.local/lib/python3.10/site-packages/airflow/providers/apache/spark/operators/spark_submit.py", line 157, in execute
    self._hook.submit(self._application)
  File "/home/airflow/.local/lib/python3.10/site-packages/airflow/providers/apache/spark/hooks/spark_submit.py", line 423, in submit
    raise AirflowException(
airflow.exceptions.AirflowException: Cannot execute: spark-submit --master local --conf spark.hadoop.fs.s3a.endpoint=http://3.38.135.214:9000 --conf spark.hadoop.fs.s3a.access.key=minioadmin --conf spark.hadoop.fs.s3a.secret.key=****** --conf spark.hadoop.fs.s3a.impl=org.apache.hadoop.fs.s3a.S3AFileSystem --conf spark.hadoop.fs.s3a.path.style.access=true --conf spark.hadoop.fs.s3a.connection.ssl.enabled=false --conf spark.hadoop.fs.s3a.aws.credentials.provider= --jars /opt/spark/jars/hadoop-aws-3.3.1.jar,/opt/spark/jars/aws-java-sdk-bundle-1.11.901.jar,/opt/spark/jars/postgresql-42.7.4.jar --name arrow-spark /opt/spark/testlog_ml_spark.py. Error code is: 1.
[2025-05-22T12:50:43.762+0000] {taskinstance.py:1225} INFO - Marking task as UP_FOR_RETRY. dag_id=kafka_to_minio_to_spark, task_id=spark_etl, run_id=scheduled__2025-05-21T16:00:00+00:00, execution_date=20250521T160000, start_date=20250522T125039, end_date=20250522T125043
[2025-05-22T12:50:43.767+0000] {taskinstance.py:340} INFO - ::group::Post task execution logs
[2025-05-22T12:50:43.768+0000] {standard_task_runner.py:124} ERROR - Failed to execute job 318 for task spark_etl (Cannot execute: spark-submit --master local --conf spark.hadoop.fs.s3a.endpoint=http://3.38.135.214:9000 --conf spark.hadoop.fs.s3a.access.key=minioadmin --conf spark.hadoop.fs.s3a.secret.key=****** --conf spark.hadoop.fs.s3a.impl=org.apache.hadoop.fs.s3a.S3AFileSystem --conf spark.hadoop.fs.s3a.path.style.access=true --conf spark.hadoop.fs.s3a.connection.ssl.enabled=false --conf spark.hadoop.fs.s3a.aws.credentials.provider= --jars /opt/spark/jars/hadoop-aws-3.3.1.jar,/opt/spark/jars/aws-java-sdk-bundle-1.11.901.jar,/opt/spark/jars/postgresql-42.7.4.jar --name arrow-spark /opt/spark/testlog_ml_spark.py. Error code is: 1.; 320)
Traceback (most recent call last):
  File "/home/airflow/.local/lib/python3.10/site-packages/airflow/task/task_runner/standard_task_runner.py", line 117, in _start_by_fork
    ret = args.func(args, dag=self.dag)
  File "/home/airflow/.local/lib/python3.10/site-packages/airflow/cli/cli_config.py", line 49, in command
    return func(*args, **kwargs)
  File "/home/airflow/.local/lib/python3.10/site-packages/airflow/utils/cli.py", line 115, in wrapper
    return f(*args, **kwargs)
  File "/home/airflow/.local/lib/python3.10/site-packages/airflow/cli/commands/task_command.py", line 483, in task_run
    task_return_code = _run_task_by_selected_method(args, _dag, ti)
  File "/home/airflow/.local/lib/python3.10/site-packages/airflow/cli/commands/task_command.py", line 256, in _run_task_by_selected_method
    return _run_raw_task(args, ti)
  File "/home/airflow/.local/lib/python3.10/site-packages/airflow/cli/commands/task_command.py", line 341, in _run_raw_task
    return ti._run_raw_task(
  File "/home/airflow/.local/lib/python3.10/site-packages/airflow/utils/session.py", line 97, in wrapper
    return func(*args, session=session, **kwargs)
  File "/home/airflow/.local/lib/python3.10/site-packages/airflow/models/taskinstance.py", line 3004, in _run_raw_task
    return _run_raw_task(
  File "/home/airflow/.local/lib/python3.10/site-packages/airflow/models/taskinstance.py", line 273, in _run_raw_task
    TaskInstance._execute_task_with_callbacks(
  File "/home/airflow/.local/lib/python3.10/site-packages/airflow/models/taskinstance.py", line 3158, in _execute_task_with_callbacks
    result = self._execute_task(context, task_orig)
  File "/home/airflow/.local/lib/python3.10/site-packages/airflow/models/taskinstance.py", line 3182, in _execute_task
    return _execute_task(self, context, task_orig)
  File "/home/airflow/.local/lib/python3.10/site-packages/airflow/models/taskinstance.py", line 762, in _execute_task
    result = _execute_callable(context=context, **execute_callable_kwargs)
  File "/home/airflow/.local/lib/python3.10/site-packages/airflow/models/taskinstance.py", line 733, in _execute_callable
    return ExecutionCallableRunner(
  File "/home/airflow/.local/lib/python3.10/site-packages/airflow/utils/operator_helpers.py", line 252, in run
    return self.func(*args, **kwargs)
  File "/home/airflow/.local/lib/python3.10/site-packages/airflow/models/baseoperator.py", line 406, in wrapper
    return func(self, *args, **kwargs)
  File "/home/airflow/.local/lib/python3.10/site-packages/airflow/providers/apache/spark/operators/spark_submit.py", line 157, in execute
    self._hook.submit(self._application)
  File "/home/airflow/.local/lib/python3.10/site-packages/airflow/providers/apache/spark/hooks/spark_submit.py", line 423, in submit
    raise AirflowException(
airflow.exceptions.AirflowException: Cannot execute: spark-submit --master local --conf spark.hadoop.fs.s3a.endpoint=http://3.38.135.214:9000 --conf spark.hadoop.fs.s3a.access.key=minioadmin --conf spark.hadoop.fs.s3a.secret.key=****** --conf spark.hadoop.fs.s3a.impl=org.apache.hadoop.fs.s3a.S3AFileSystem --conf spark.hadoop.fs.s3a.path.style.access=true --conf spark.hadoop.fs.s3a.connection.ssl.enabled=false --conf spark.hadoop.fs.s3a.aws.credentials.provider= --jars /opt/spark/jars/hadoop-aws-3.3.1.jar,/opt/spark/jars/aws-java-sdk-bundle-1.11.901.jar,/opt/spark/jars/postgresql-42.7.4.jar --name arrow-spark /opt/spark/testlog_ml_spark.py. Error code is: 1.
[2025-05-22T12:50:43.794+0000] {local_task_job_runner.py:266} INFO - Task exited with return code 1
[2025-05-22T12:50:43.801+0000] {taskinstance.py:3900} INFO - 0 downstream tasks scheduled from follow-on schedule check
[2025-05-22T12:50:43.801+0000] {local_task_job_runner.py:245} INFO - ::endgroup::
