[2025-05-22T13:01:15.956+0000] {local_task_job_runner.py:123} INFO - ::group::Pre task execution logs
[2025-05-22T13:01:15.980+0000] {taskinstance.py:2612} INFO - Dependencies all met for dep_context=non-requeueable deps ti=<TaskInstance: kafka_to_minio_to_spark.spark_etl scheduled__2025-05-21T16:00:00+00:00 [queued]>
[2025-05-22T13:01:15.989+0000] {taskinstance.py:2612} INFO - Dependencies all met for dep_context=requeueable deps ti=<TaskInstance: kafka_to_minio_to_spark.spark_etl scheduled__2025-05-21T16:00:00+00:00 [queued]>
[2025-05-22T13:01:15.990+0000] {taskinstance.py:2865} INFO - Starting attempt 49 of 50
[2025-05-22T13:01:16.034+0000] {taskinstance.py:2888} INFO - Executing <Task(SparkSubmitOperator): spark_etl> on 2025-05-21 16:00:00+00:00
[2025-05-22T13:01:16.040+0000] {standard_task_runner.py:72} INFO - Started process 1296 to run task
[2025-05-22T13:01:16.045+0000] {standard_task_runner.py:104} INFO - Running: ['***', 'tasks', 'run', 'kafka_to_minio_to_spark', 'spark_etl', 'scheduled__2025-05-21T16:00:00+00:00', '--job-id', '323', '--raw', '--subdir', 'DAGS_FOLDER/testlog_ml.py', '--cfg-path', '/tmp/tmpzoh97x3v']
[2025-05-22T13:01:16.046+0000] {standard_task_runner.py:105} INFO - Job 323: Subtask spark_etl
[2025-05-22T13:01:16.085+0000] {task_command.py:467} INFO - Running <TaskInstance: kafka_to_minio_to_spark.spark_etl scheduled__2025-05-21T16:00:00+00:00 [running]> on host 3337e7bd3891
[2025-05-22T13:01:16.133+0000] {taskinstance.py:3131} INFO - Exporting env vars: AIRFLOW_CTX_DAG_OWNER='***' AIRFLOW_CTX_DAG_ID='kafka_to_minio_to_spark' AIRFLOW_CTX_TASK_ID='spark_etl' AIRFLOW_CTX_EXECUTION_DATE='2025-05-21T16:00:00+00:00' AIRFLOW_CTX_TRY_NUMBER='49' AIRFLOW_CTX_DAG_RUN_ID='scheduled__2025-05-21T16:00:00+00:00'
[2025-05-22T13:01:16.134+0000] {taskinstance.py:731} INFO - ::endgroup::
[2025-05-22T13:01:16.147+0000] {base.py:84} INFO - Retrieving connection 'spark'
[2025-05-22T13:01:16.148+0000] {spark_submit.py:341} INFO - Spark-Submit cmd: spark-submit --master local --conf spark.hadoop.fs.s3a.endpoint=http://3.38.135.214:9000 --conf spark.hadoop.fs.s3a.access.key=minioadmin --conf spark.hadoop.fs.s3a.secret.key=****** --conf spark.hadoop.fs.s3a.impl=org.apache.hadoop.fs.s3a.S3AFileSystem --conf spark.hadoop.fs.s3a.path.style.access=true --conf spark.hadoop.fs.s3a.connection.ssl.enabled=false --conf spark.hadoop.fs.s3a.aws.credentials.provider= --jars /opt/spark/jars/hadoop-aws-3.3.1.jar,/opt/spark/jars/aws-java-sdk-bundle-1.11.901.jar,/opt/spark/jars/postgresql-42.7.4.jar --name arrow-spark /opt/spark/testlog_ml_spark.py
[2025-05-22T13:01:17.105+0000] {spark_submit.py:492} INFO - 25/05/22 13:01:17 WARN NativeCodeLoader: Unable to load native-hadoop library for your platform... using builtin-java classes where applicable
[2025-05-22T13:01:17.757+0000] {spark_submit.py:492} INFO - 25/05/22 13:01:17 INFO SparkContext: Running Spark version 3.5.1
[2025-05-22T13:01:17.758+0000] {spark_submit.py:492} INFO - 25/05/22 13:01:17 INFO SparkContext: OS info Linux, 6.10.14-linuxkit, aarch64
[2025-05-22T13:01:17.759+0000] {spark_submit.py:492} INFO - 25/05/22 13:01:17 INFO SparkContext: Java version 17.0.15
[2025-05-22T13:01:17.770+0000] {spark_submit.py:492} INFO - 25/05/22 13:01:17 INFO ResourceUtils: ==============================================================
[2025-05-22T13:01:17.771+0000] {spark_submit.py:492} INFO - 25/05/22 13:01:17 INFO ResourceUtils: No custom resources configured for spark.driver.
[2025-05-22T13:01:17.771+0000] {spark_submit.py:492} INFO - 25/05/22 13:01:17 INFO ResourceUtils: ==============================================================
[2025-05-22T13:01:17.771+0000] {spark_submit.py:492} INFO - 25/05/22 13:01:17 INFO SparkContext: Submitted application: arrow-spark
[2025-05-22T13:01:17.777+0000] {spark_submit.py:492} INFO - 25/05/22 13:01:17 INFO ResourceProfile: Default ResourceProfile created, executor resources: Map(cores -> name: cores, amount: 1, script: , vendor: , memory -> name: memory, amount: 1024, script: , vendor: , offHeap -> name: offHeap, amount: 0, script: , vendor: ), task resources: Map(cpus -> name: cpus, amount: 1.0)
[2025-05-22T13:01:17.780+0000] {spark_submit.py:492} INFO - 25/05/22 13:01:17 INFO ResourceProfile: Limiting resource is cpu
[2025-05-22T13:01:17.781+0000] {spark_submit.py:492} INFO - 25/05/22 13:01:17 INFO ResourceProfileManager: Added ResourceProfile id: 0
[2025-05-22T13:01:17.799+0000] {spark_submit.py:492} INFO - 25/05/22 13:01:17 INFO SecurityManager: Changing view acls to: ***
[2025-05-22T13:01:17.799+0000] {spark_submit.py:492} INFO - 25/05/22 13:01:17 INFO SecurityManager: Changing modify acls to: ***
[2025-05-22T13:01:17.800+0000] {spark_submit.py:492} INFO - 25/05/22 13:01:17 INFO SecurityManager: Changing view acls groups to:
[2025-05-22T13:01:17.800+0000] {spark_submit.py:492} INFO - 25/05/22 13:01:17 INFO SecurityManager: Changing modify acls groups to:
[2025-05-22T13:01:17.800+0000] {spark_submit.py:492} INFO - 25/05/22 13:01:17 INFO SecurityManager: SecurityManager: authentication disabled; ui acls disabled; users with view permissions: ***; groups with view permissions: EMPTY; users with modify permissions: ***; groups with modify permissions: EMPTY
[2025-05-22T13:01:17.885+0000] {spark_submit.py:492} INFO - 25/05/22 13:01:17 INFO Utils: Successfully started service 'sparkDriver' on port 39511.
[2025-05-22T13:01:17.900+0000] {spark_submit.py:492} INFO - 25/05/22 13:01:17 INFO SparkEnv: Registering MapOutputTracker
[2025-05-22T13:01:17.916+0000] {spark_submit.py:492} INFO - 25/05/22 13:01:17 INFO SparkEnv: Registering BlockManagerMaster
[2025-05-22T13:01:17.921+0000] {spark_submit.py:492} INFO - 25/05/22 13:01:17 INFO BlockManagerMasterEndpoint: Using org.apache.spark.storage.DefaultTopologyMapper for getting topology information
[2025-05-22T13:01:17.922+0000] {spark_submit.py:492} INFO - 25/05/22 13:01:17 INFO BlockManagerMasterEndpoint: BlockManagerMasterEndpoint up
[2025-05-22T13:01:17.923+0000] {spark_submit.py:492} INFO - 25/05/22 13:01:17 INFO SparkEnv: Registering BlockManagerMasterHeartbeat
[2025-05-22T13:01:17.930+0000] {spark_submit.py:492} INFO - 25/05/22 13:01:17 INFO DiskBlockManager: Created local directory at /tmp/blockmgr-16487a67-2f9b-4d0a-91e2-0d392bd0d71c
[2025-05-22T13:01:17.935+0000] {spark_submit.py:492} INFO - 25/05/22 13:01:17 INFO MemoryStore: MemoryStore started with capacity 434.4 MiB
[2025-05-22T13:01:17.940+0000] {spark_submit.py:492} INFO - 25/05/22 13:01:17 INFO SparkEnv: Registering OutputCommitCoordinator
[2025-05-22T13:01:17.981+0000] {spark_submit.py:492} INFO - 25/05/22 13:01:17 INFO JettyUtils: Start Jetty 0.0.0.0:4040 for SparkUI
[2025-05-22T13:01:18.003+0000] {spark_submit.py:492} INFO - 25/05/22 13:01:18 INFO Utils: Successfully started service 'SparkUI' on port 4040.
[2025-05-22T13:01:18.017+0000] {spark_submit.py:492} INFO - 25/05/22 13:01:18 INFO SparkContext: Added JAR file:///opt/spark/jars/hadoop-aws-3.3.1.jar at spark://3337e7bd3891:39511/jars/hadoop-aws-3.3.1.jar with timestamp 1747918877753
[2025-05-22T13:01:18.017+0000] {spark_submit.py:492} INFO - 25/05/22 13:01:18 INFO SparkContext: Added JAR file:///opt/spark/jars/aws-java-sdk-bundle-1.11.901.jar at spark://3337e7bd3891:39511/jars/aws-java-sdk-bundle-1.11.901.jar with timestamp 1747918877753
[2025-05-22T13:01:18.017+0000] {spark_submit.py:492} INFO - 25/05/22 13:01:18 INFO SparkContext: Added JAR file:///opt/spark/jars/postgresql-42.7.4.jar at spark://3337e7bd3891:39511/jars/postgresql-42.7.4.jar with timestamp 1747918877753
[2025-05-22T13:01:18.042+0000] {spark_submit.py:492} INFO - 25/05/22 13:01:18 INFO Executor: Starting executor ID driver on host 3337e7bd3891
[2025-05-22T13:01:18.043+0000] {spark_submit.py:492} INFO - 25/05/22 13:01:18 INFO Executor: OS info Linux, 6.10.14-linuxkit, aarch64
[2025-05-22T13:01:18.043+0000] {spark_submit.py:492} INFO - 25/05/22 13:01:18 INFO Executor: Java version 17.0.15
[2025-05-22T13:01:18.045+0000] {spark_submit.py:492} INFO - 25/05/22 13:01:18 INFO Executor: Starting executor with user classpath (userClassPathFirst = false): ''
[2025-05-22T13:01:18.045+0000] {spark_submit.py:492} INFO - 25/05/22 13:01:18 INFO Executor: Created or updated repl class loader org.apache.spark.util.MutableURLClassLoader@73131a52 for default.
[2025-05-22T13:01:18.050+0000] {spark_submit.py:492} INFO - 25/05/22 13:01:18 INFO Executor: Fetching spark://3337e7bd3891:39511/jars/postgresql-42.7.4.jar with timestamp 1747918877753
[2025-05-22T13:01:18.070+0000] {spark_submit.py:492} INFO - 25/05/22 13:01:18 INFO TransportClientFactory: Successfully created connection to 3337e7bd3891/172.27.0.4:39511 after 10 ms (0 ms spent in bootstraps)
[2025-05-22T13:01:18.073+0000] {spark_submit.py:492} INFO - 25/05/22 13:01:18 INFO Utils: Fetching spark://3337e7bd3891:39511/jars/postgresql-42.7.4.jar to /tmp/spark-6c1245c7-de90-47a1-9af7-e573956fb002/userFiles-f073ba04-c0f5-4833-840c-858dc839518d/fetchFileTemp14282932899900479889.tmp
[2025-05-22T13:01:18.095+0000] {spark_submit.py:492} INFO - 25/05/22 13:01:18 INFO Executor: Adding file:/tmp/spark-6c1245c7-de90-47a1-9af7-e573956fb002/userFiles-f073ba04-c0f5-4833-840c-858dc839518d/postgresql-42.7.4.jar to class loader default
[2025-05-22T13:01:18.096+0000] {spark_submit.py:492} INFO - 25/05/22 13:01:18 INFO Executor: Fetching spark://3337e7bd3891:39511/jars/hadoop-aws-3.3.1.jar with timestamp 1747918877753
[2025-05-22T13:01:18.096+0000] {spark_submit.py:492} INFO - 25/05/22 13:01:18 INFO Utils: Fetching spark://3337e7bd3891:39511/jars/hadoop-aws-3.3.1.jar to /tmp/spark-6c1245c7-de90-47a1-9af7-e573956fb002/userFiles-f073ba04-c0f5-4833-840c-858dc839518d/fetchFileTemp93859842739182494.tmp
[2025-05-22T13:01:18.101+0000] {spark_submit.py:492} INFO - 25/05/22 13:01:18 INFO Executor: Adding file:/tmp/spark-6c1245c7-de90-47a1-9af7-e573956fb002/userFiles-f073ba04-c0f5-4833-840c-858dc839518d/hadoop-aws-3.3.1.jar to class loader default
[2025-05-22T13:01:18.102+0000] {spark_submit.py:492} INFO - 25/05/22 13:01:18 INFO Executor: Fetching spark://3337e7bd3891:39511/jars/aws-java-sdk-bundle-1.11.901.jar with timestamp 1747918877753
[2025-05-22T13:01:18.102+0000] {spark_submit.py:492} INFO - 25/05/22 13:01:18 INFO Utils: Fetching spark://3337e7bd3891:39511/jars/aws-java-sdk-bundle-1.11.901.jar to /tmp/spark-6c1245c7-de90-47a1-9af7-e573956fb002/userFiles-f073ba04-c0f5-4833-840c-858dc839518d/fetchFileTemp4964494705480120514.tmp
[2025-05-22T13:01:18.330+0000] {spark_submit.py:492} INFO - 25/05/22 13:01:18 INFO Executor: Adding file:/tmp/spark-6c1245c7-de90-47a1-9af7-e573956fb002/userFiles-f073ba04-c0f5-4833-840c-858dc839518d/aws-java-sdk-bundle-1.11.901.jar to class loader default
[2025-05-22T13:01:18.338+0000] {spark_submit.py:492} INFO - 25/05/22 13:01:18 INFO Utils: Successfully started service 'org.apache.spark.network.netty.NettyBlockTransferService' on port 44119.
[2025-05-22T13:01:18.339+0000] {spark_submit.py:492} INFO - 25/05/22 13:01:18 INFO NettyBlockTransferService: Server created on 3337e7bd3891:44119
[2025-05-22T13:01:18.341+0000] {spark_submit.py:492} INFO - 25/05/22 13:01:18 INFO BlockManager: Using org.apache.spark.storage.RandomBlockReplicationPolicy for block replication policy
[2025-05-22T13:01:18.345+0000] {spark_submit.py:492} INFO - 25/05/22 13:01:18 INFO BlockManagerMaster: Registering BlockManager BlockManagerId(driver, 3337e7bd3891, 44119, None)
[2025-05-22T13:01:18.348+0000] {spark_submit.py:492} INFO - 25/05/22 13:01:18 INFO BlockManagerMasterEndpoint: Registering block manager 3337e7bd3891:44119 with 434.4 MiB RAM, BlockManagerId(driver, 3337e7bd3891, 44119, None)
[2025-05-22T13:01:18.350+0000] {spark_submit.py:492} INFO - 25/05/22 13:01:18 INFO BlockManagerMaster: Registered BlockManager BlockManagerId(driver, 3337e7bd3891, 44119, None)
[2025-05-22T13:01:18.350+0000] {spark_submit.py:492} INFO - 25/05/22 13:01:18 INFO BlockManager: Initialized BlockManager: BlockManagerId(driver, 3337e7bd3891, 44119, None)
[2025-05-22T13:01:18.497+0000] {spark_submit.py:492} INFO - 25/05/22 13:01:18 INFO SharedState: Setting hive.metastore.warehouse.dir ('null') to the value of spark.sql.warehouse.dir.
[2025-05-22T13:01:18.497+0000] {spark_submit.py:492} INFO - 25/05/22 13:01:18 INFO SharedState: Warehouse path is 'file:/opt/***/spark-warehouse'.
[2025-05-22T13:01:18.825+0000] {spark_submit.py:492} INFO - 25/05/22 13:01:18 WARN MetricsConfig: Cannot locate configuration: tried hadoop-metrics2-s3a-file-system.properties,hadoop-metrics2.properties
[2025-05-22T13:01:18.830+0000] {spark_submit.py:492} INFO - 25/05/22 13:01:18 INFO MetricsSystemImpl: Scheduled Metric snapshot period at 10 second(s).
[2025-05-22T13:01:18.830+0000] {spark_submit.py:492} INFO - 25/05/22 13:01:18 INFO MetricsSystemImpl: s3a-file-system metrics system started
[2025-05-22T13:01:19.506+0000] {spark_submit.py:492} INFO - 25/05/22 13:01:19 INFO InMemoryFileIndex: It took 76 ms to list leaf files for 1 paths.
[2025-05-22T13:01:19.819+0000] {spark_submit.py:492} INFO - 25/05/22 13:01:19 INFO InMemoryFileIndex: It took 140 ms to list leaf files for 1 paths.
[2025-05-22T13:01:20.752+0000] {spark_submit.py:492} INFO - 25/05/22 13:01:20 INFO FileSourceStrategy: Pushed Filters:
[2025-05-22T13:01:20.753+0000] {spark_submit.py:492} INFO - 25/05/22 13:01:20 INFO FileSourceStrategy: Post-Scan Filters: (length(trim(value#0, None)) > 0)
[2025-05-22T13:01:20.965+0000] {spark_submit.py:492} INFO - 25/05/22 13:01:20 INFO CodeGenerator: Code generated in 72.653042 ms
[2025-05-22T13:01:20.984+0000] {spark_submit.py:492} INFO - 25/05/22 13:01:20 INFO MemoryStore: Block broadcast_0 stored as values in memory (estimated size 202.1 KiB, free 434.2 MiB)
[2025-05-22T13:01:21.006+0000] {spark_submit.py:492} INFO - 25/05/22 13:01:21 INFO MemoryStore: Block broadcast_0_piece0 stored as bytes in memory (estimated size 35.0 KiB, free 434.2 MiB)
[2025-05-22T13:01:21.007+0000] {spark_submit.py:492} INFO - 25/05/22 13:01:21 INFO BlockManagerInfo: Added broadcast_0_piece0 in memory on 3337e7bd3891:44119 (size: 35.0 KiB, free: 434.4 MiB)
[2025-05-22T13:01:21.008+0000] {spark_submit.py:492} INFO - 25/05/22 13:01:21 INFO SparkContext: Created broadcast 0 from csv at NativeMethodAccessorImpl.java:0
[2025-05-22T13:01:21.012+0000] {spark_submit.py:492} INFO - 25/05/22 13:01:21 INFO FileSourceScanExec: Planning scan with bin packing, max size: 4233153 bytes, open cost is considered as scanning 4194304 bytes.
[2025-05-22T13:01:21.059+0000] {spark_submit.py:492} INFO - 25/05/22 13:01:21 INFO SparkContext: Starting job: csv at NativeMethodAccessorImpl.java:0
[2025-05-22T13:01:21.069+0000] {spark_submit.py:492} INFO - 25/05/22 13:01:21 INFO DAGScheduler: Got job 0 (csv at NativeMethodAccessorImpl.java:0) with 1 output partitions
[2025-05-22T13:01:21.070+0000] {spark_submit.py:492} INFO - 25/05/22 13:01:21 INFO DAGScheduler: Final stage: ResultStage 0 (csv at NativeMethodAccessorImpl.java:0)
[2025-05-22T13:01:21.070+0000] {spark_submit.py:492} INFO - 25/05/22 13:01:21 INFO DAGScheduler: Parents of final stage: List()
[2025-05-22T13:01:21.070+0000] {spark_submit.py:492} INFO - 25/05/22 13:01:21 INFO DAGScheduler: Missing parents: List()
[2025-05-22T13:01:21.071+0000] {spark_submit.py:492} INFO - 25/05/22 13:01:21 INFO DAGScheduler: Submitting ResultStage 0 (MapPartitionsRDD[3] at csv at NativeMethodAccessorImpl.java:0), which has no missing parents
[2025-05-22T13:01:21.103+0000] {spark_submit.py:492} INFO - 25/05/22 13:01:21 INFO MemoryStore: Block broadcast_1 stored as values in memory (estimated size 13.5 KiB, free 434.2 MiB)
[2025-05-22T13:01:21.103+0000] {spark_submit.py:492} INFO - 25/05/22 13:01:21 INFO MemoryStore: Block broadcast_1_piece0 stored as bytes in memory (estimated size 6.4 KiB, free 434.1 MiB)
[2025-05-22T13:01:21.104+0000] {spark_submit.py:492} INFO - 25/05/22 13:01:21 INFO BlockManagerInfo: Added broadcast_1_piece0 in memory on 3337e7bd3891:44119 (size: 6.4 KiB, free: 434.4 MiB)
[2025-05-22T13:01:21.104+0000] {spark_submit.py:492} INFO - 25/05/22 13:01:21 INFO SparkContext: Created broadcast 1 from broadcast at DAGScheduler.scala:1585
[2025-05-22T13:01:21.110+0000] {spark_submit.py:492} INFO - 25/05/22 13:01:21 INFO DAGScheduler: Submitting 1 missing tasks from ResultStage 0 (MapPartitionsRDD[3] at csv at NativeMethodAccessorImpl.java:0) (first 15 tasks are for partitions Vector(0))
[2025-05-22T13:01:21.110+0000] {spark_submit.py:492} INFO - 25/05/22 13:01:21 INFO TaskSchedulerImpl: Adding task set 0.0 with 1 tasks resource profile 0
[2025-05-22T13:01:21.124+0000] {spark_submit.py:492} INFO - 25/05/22 13:01:21 INFO TaskSetManager: Starting task 0.0 in stage 0.0 (TID 0) (3337e7bd3891, executor driver, partition 0, PROCESS_LOCAL, 8601 bytes)
[2025-05-22T13:01:21.129+0000] {spark_submit.py:492} INFO - 25/05/22 13:01:21 INFO Executor: Running task 0.0 in stage 0.0 (TID 0)
[2025-05-22T13:01:21.175+0000] {spark_submit.py:492} INFO - 25/05/22 13:01:21 INFO CodeGenerator: Code generated in 14.637167 ms
[2025-05-22T13:01:21.177+0000] {spark_submit.py:492} INFO - 25/05/22 13:01:21 INFO FileScanRDD: Reading File path: s3a://user-log-ml/2025-05-22_01-00-00.csv, range: 0-38849, partition values: [empty row]
[2025-05-22T13:01:21.184+0000] {spark_submit.py:492} INFO - 25/05/22 13:01:21 INFO CodeGenerator: Code generated in 4.879209 ms
[2025-05-22T13:01:21.251+0000] {spark_submit.py:492} INFO - 25/05/22 13:01:21 INFO Executor: Finished task 0.0 in stage 0.0 (TID 0). 1689 bytes result sent to driver
[2025-05-22T13:01:21.254+0000] {spark_submit.py:492} INFO - 25/05/22 13:01:21 INFO TaskSetManager: Finished task 0.0 in stage 0.0 (TID 0) in 134 ms on 3337e7bd3891 (executor driver) (1/1)
[2025-05-22T13:01:21.255+0000] {spark_submit.py:492} INFO - 25/05/22 13:01:21 INFO TaskSchedulerImpl: Removed TaskSet 0.0, whose tasks have all completed, from pool
[2025-05-22T13:01:21.257+0000] {spark_submit.py:492} INFO - 25/05/22 13:01:21 INFO DAGScheduler: ResultStage 0 (csv at NativeMethodAccessorImpl.java:0) finished in 0.182 s
[2025-05-22T13:01:21.259+0000] {spark_submit.py:492} INFO - 25/05/22 13:01:21 INFO DAGScheduler: Job 0 is finished. Cancelling potential speculative or zombie tasks for this job
[2025-05-22T13:01:21.260+0000] {spark_submit.py:492} INFO - 25/05/22 13:01:21 INFO TaskSchedulerImpl: Killing all running tasks in stage 0: Stage finished
[2025-05-22T13:01:21.261+0000] {spark_submit.py:492} INFO - 25/05/22 13:01:21 INFO DAGScheduler: Job 0 finished: csv at NativeMethodAccessorImpl.java:0, took 0.201568 s
[2025-05-22T13:01:21.273+0000] {spark_submit.py:492} INFO - 25/05/22 13:01:21 INFO CodeGenerator: Code generated in 4.667042 ms
[2025-05-22T13:01:21.299+0000] {spark_submit.py:492} INFO - 25/05/22 13:01:21 INFO BlockManagerInfo: Removed broadcast_1_piece0 on 3337e7bd3891:44119 in memory (size: 6.4 KiB, free: 434.4 MiB)
[2025-05-22T13:01:21.303+0000] {spark_submit.py:492} INFO - 25/05/22 13:01:21 INFO FileSourceStrategy: Pushed Filters:
[2025-05-22T13:01:21.304+0000] {spark_submit.py:492} INFO - 25/05/22 13:01:21 INFO FileSourceStrategy: Post-Scan Filters:
[2025-05-22T13:01:21.306+0000] {spark_submit.py:492} INFO - 25/05/22 13:01:21 INFO MemoryStore: Block broadcast_2 stored as values in memory (estimated size 202.1 KiB, free 434.0 MiB)
[2025-05-22T13:01:21.310+0000] {spark_submit.py:492} INFO - 25/05/22 13:01:21 INFO MemoryStore: Block broadcast_2_piece0 stored as bytes in memory (estimated size 35.0 KiB, free 433.9 MiB)
[2025-05-22T13:01:21.311+0000] {spark_submit.py:492} INFO - 25/05/22 13:01:21 INFO BlockManagerInfo: Added broadcast_2_piece0 in memory on 3337e7bd3891:44119 (size: 35.0 KiB, free: 434.3 MiB)
[2025-05-22T13:01:21.311+0000] {spark_submit.py:492} INFO - 25/05/22 13:01:21 INFO SparkContext: Created broadcast 2 from csv at NativeMethodAccessorImpl.java:0
[2025-05-22T13:01:21.312+0000] {spark_submit.py:492} INFO - 25/05/22 13:01:21 INFO FileSourceScanExec: Planning scan with bin packing, max size: 4233153 bytes, open cost is considered as scanning 4194304 bytes.
[2025-05-22T13:01:21.344+0000] {spark_submit.py:492} INFO - 25/05/22 13:01:21 INFO SparkContext: Starting job: csv at NativeMethodAccessorImpl.java:0
[2025-05-22T13:01:21.345+0000] {spark_submit.py:492} INFO - 25/05/22 13:01:21 INFO DAGScheduler: Got job 1 (csv at NativeMethodAccessorImpl.java:0) with 1 output partitions
[2025-05-22T13:01:21.345+0000] {spark_submit.py:492} INFO - 25/05/22 13:01:21 INFO DAGScheduler: Final stage: ResultStage 1 (csv at NativeMethodAccessorImpl.java:0)
[2025-05-22T13:01:21.346+0000] {spark_submit.py:492} INFO - 25/05/22 13:01:21 INFO DAGScheduler: Parents of final stage: List()
[2025-05-22T13:01:21.346+0000] {spark_submit.py:492} INFO - 25/05/22 13:01:21 INFO DAGScheduler: Missing parents: List()
[2025-05-22T13:01:21.347+0000] {spark_submit.py:492} INFO - 25/05/22 13:01:21 INFO DAGScheduler: Submitting ResultStage 1 (MapPartitionsRDD[9] at csv at NativeMethodAccessorImpl.java:0), which has no missing parents
[2025-05-22T13:01:21.358+0000] {spark_submit.py:492} INFO - 25/05/22 13:01:21 INFO MemoryStore: Block broadcast_3 stored as values in memory (estimated size 28.5 KiB, free 433.9 MiB)
[2025-05-22T13:01:21.359+0000] {spark_submit.py:492} INFO - 25/05/22 13:01:21 INFO MemoryStore: Block broadcast_3_piece0 stored as bytes in memory (estimated size 13.1 KiB, free 433.9 MiB)
[2025-05-22T13:01:21.360+0000] {spark_submit.py:492} INFO - 25/05/22 13:01:21 INFO BlockManagerInfo: Added broadcast_3_piece0 in memory on 3337e7bd3891:44119 (size: 13.1 KiB, free: 434.3 MiB)
[2025-05-22T13:01:21.360+0000] {spark_submit.py:492} INFO - 25/05/22 13:01:21 INFO SparkContext: Created broadcast 3 from broadcast at DAGScheduler.scala:1585
[2025-05-22T13:01:21.360+0000] {spark_submit.py:492} INFO - 25/05/22 13:01:21 INFO DAGScheduler: Submitting 1 missing tasks from ResultStage 1 (MapPartitionsRDD[9] at csv at NativeMethodAccessorImpl.java:0) (first 15 tasks are for partitions Vector(0))
[2025-05-22T13:01:21.361+0000] {spark_submit.py:492} INFO - 25/05/22 13:01:21 INFO TaskSchedulerImpl: Adding task set 1.0 with 1 tasks resource profile 0
[2025-05-22T13:01:21.361+0000] {spark_submit.py:492} INFO - 25/05/22 13:01:21 INFO TaskSetManager: Starting task 0.0 in stage 1.0 (TID 1) (3337e7bd3891, executor driver, partition 0, PROCESS_LOCAL, 8601 bytes)
[2025-05-22T13:01:21.362+0000] {spark_submit.py:492} INFO - 25/05/22 13:01:21 INFO Executor: Running task 0.0 in stage 1.0 (TID 1)
[2025-05-22T13:01:21.381+0000] {spark_submit.py:492} INFO - 25/05/22 13:01:21 INFO CodeGenerator: Code generated in 3.868208 ms
[2025-05-22T13:01:21.384+0000] {spark_submit.py:492} INFO - 25/05/22 13:01:21 INFO FileScanRDD: Reading File path: s3a://user-log-ml/2025-05-22_01-00-00.csv, range: 0-38849, partition values: [empty row]
[2025-05-22T13:01:21.532+0000] {spark_submit.py:492} INFO - 25/05/22 13:01:21 INFO Executor: Finished task 0.0 in stage 1.0 (TID 1). 1745 bytes result sent to driver
[2025-05-22T13:01:21.532+0000] {spark_submit.py:492} INFO - 25/05/22 13:01:21 INFO BlockManagerInfo: Removed broadcast_0_piece0 on 3337e7bd3891:44119 in memory (size: 35.0 KiB, free: 434.4 MiB)
[2025-05-22T13:01:21.533+0000] {spark_submit.py:492} INFO - 25/05/22 13:01:21 INFO TaskSetManager: Finished task 0.0 in stage 1.0 (TID 1) in 172 ms on 3337e7bd3891 (executor driver) (1/1)
[2025-05-22T13:01:21.534+0000] {spark_submit.py:492} INFO - 25/05/22 13:01:21 INFO TaskSchedulerImpl: Removed TaskSet 1.0, whose tasks have all completed, from pool
[2025-05-22T13:01:21.534+0000] {spark_submit.py:492} INFO - 25/05/22 13:01:21 INFO DAGScheduler: ResultStage 1 (csv at NativeMethodAccessorImpl.java:0) finished in 0.188 s
[2025-05-22T13:01:21.535+0000] {spark_submit.py:492} INFO - 25/05/22 13:01:21 INFO DAGScheduler: Job 1 is finished. Cancelling potential speculative or zombie tasks for this job
[2025-05-22T13:01:21.535+0000] {spark_submit.py:492} INFO - 25/05/22 13:01:21 INFO TaskSchedulerImpl: Killing all running tasks in stage 1: Stage finished
[2025-05-22T13:01:21.535+0000] {spark_submit.py:492} INFO - 25/05/22 13:01:21 INFO DAGScheduler: Job 1 finished: csv at NativeMethodAccessorImpl.java:0, took 0.191022 s
[2025-05-22T13:01:21.559+0000] {spark_submit.py:492} INFO - Traceback (most recent call last):
[2025-05-22T13:01:21.559+0000] {spark_submit.py:492} INFO - File "/opt/spark/testlog_ml_spark.py", line 15, in <module>
[2025-05-22T13:01:21.562+0000] {spark_submit.py:492} INFO - .withColumn("like_score", when(col("event_type") == "like_click") & (col("liked") == 1, lit(3))
[2025-05-22T13:01:21.563+0000] {spark_submit.py:492} INFO - File "/home/***/.local/lib/python3.10/site-packages/pyspark/python/lib/pyspark.zip/pyspark/sql/utils.py", line 174, in wrapped
[2025-05-22T13:01:21.563+0000] {spark_submit.py:492} INFO - TypeError: when() missing 1 required positional argument: 'value'
[2025-05-22T13:01:21.583+0000] {spark_submit.py:492} INFO - 25/05/22 13:01:21 INFO SparkContext: Invoking stop() from shutdown hook
[2025-05-22T13:01:21.583+0000] {spark_submit.py:492} INFO - 25/05/22 13:01:21 INFO SparkContext: SparkContext is stopping with exitCode 0.
[2025-05-22T13:01:21.587+0000] {spark_submit.py:492} INFO - 25/05/22 13:01:21 INFO SparkUI: Stopped Spark web UI at http://3337e7bd3891:4040
[2025-05-22T13:01:21.590+0000] {spark_submit.py:492} INFO - 25/05/22 13:01:21 INFO MapOutputTrackerMasterEndpoint: MapOutputTrackerMasterEndpoint stopped!
[2025-05-22T13:01:21.594+0000] {spark_submit.py:492} INFO - 25/05/22 13:01:21 INFO MemoryStore: MemoryStore cleared
[2025-05-22T13:01:21.595+0000] {spark_submit.py:492} INFO - 25/05/22 13:01:21 INFO BlockManager: BlockManager stopped
[2025-05-22T13:01:21.595+0000] {spark_submit.py:492} INFO - 25/05/22 13:01:21 INFO BlockManagerMaster: BlockManagerMaster stopped
[2025-05-22T13:01:21.596+0000] {spark_submit.py:492} INFO - 25/05/22 13:01:21 INFO OutputCommitCoordinator$OutputCommitCoordinatorEndpoint: OutputCommitCoordinator stopped!
[2025-05-22T13:01:21.598+0000] {spark_submit.py:492} INFO - 25/05/22 13:01:21 INFO SparkContext: Successfully stopped SparkContext
[2025-05-22T13:01:21.599+0000] {spark_submit.py:492} INFO - 25/05/22 13:01:21 INFO ShutdownHookManager: Shutdown hook called
[2025-05-22T13:01:21.599+0000] {spark_submit.py:492} INFO - 25/05/22 13:01:21 INFO ShutdownHookManager: Deleting directory /tmp/spark-6c1245c7-de90-47a1-9af7-e573956fb002
[2025-05-22T13:01:21.600+0000] {spark_submit.py:492} INFO - 25/05/22 13:01:21 INFO ShutdownHookManager: Deleting directory /tmp/spark-6c1245c7-de90-47a1-9af7-e573956fb002/pyspark-5668e47f-1a95-4407-9b7d-fe59be88f147
[2025-05-22T13:01:21.601+0000] {spark_submit.py:492} INFO - 25/05/22 13:01:21 INFO ShutdownHookManager: Deleting directory /tmp/spark-edf828be-aa3c-459a-ada7-54fd4af5d701
[2025-05-22T13:01:21.603+0000] {spark_submit.py:492} INFO - 25/05/22 13:01:21 INFO MetricsSystemImpl: Stopping s3a-file-system metrics system...
[2025-05-22T13:01:21.604+0000] {spark_submit.py:492} INFO - 25/05/22 13:01:21 INFO MetricsSystemImpl: s3a-file-system metrics system stopped.
[2025-05-22T13:01:21.604+0000] {spark_submit.py:492} INFO - 25/05/22 13:01:21 INFO MetricsSystemImpl: s3a-file-system metrics system shutdown complete.
[2025-05-22T13:01:21.638+0000] {taskinstance.py:3310} ERROR - Task failed with exception
Traceback (most recent call last):
  File "/home/airflow/.local/lib/python3.10/site-packages/airflow/models/taskinstance.py", line 762, in _execute_task
    result = _execute_callable(context=context, **execute_callable_kwargs)
  File "/home/airflow/.local/lib/python3.10/site-packages/airflow/models/taskinstance.py", line 733, in _execute_callable
    return ExecutionCallableRunner(
  File "/home/airflow/.local/lib/python3.10/site-packages/airflow/utils/operator_helpers.py", line 252, in run
    return self.func(*args, **kwargs)
  File "/home/airflow/.local/lib/python3.10/site-packages/airflow/models/baseoperator.py", line 406, in wrapper
    return func(self, *args, **kwargs)
  File "/home/airflow/.local/lib/python3.10/site-packages/airflow/providers/apache/spark/operators/spark_submit.py", line 157, in execute
    self._hook.submit(self._application)
  File "/home/airflow/.local/lib/python3.10/site-packages/airflow/providers/apache/spark/hooks/spark_submit.py", line 423, in submit
    raise AirflowException(
airflow.exceptions.AirflowException: Cannot execute: spark-submit --master local --conf spark.hadoop.fs.s3a.endpoint=http://3.38.135.214:9000 --conf spark.hadoop.fs.s3a.access.key=minioadmin --conf spark.hadoop.fs.s3a.secret.key=****** --conf spark.hadoop.fs.s3a.impl=org.apache.hadoop.fs.s3a.S3AFileSystem --conf spark.hadoop.fs.s3a.path.style.access=true --conf spark.hadoop.fs.s3a.connection.ssl.enabled=false --conf spark.hadoop.fs.s3a.aws.credentials.provider= --jars /opt/spark/jars/hadoop-aws-3.3.1.jar,/opt/spark/jars/aws-java-sdk-bundle-1.11.901.jar,/opt/spark/jars/postgresql-42.7.4.jar --name arrow-spark /opt/spark/testlog_ml_spark.py. Error code is: 1.
[2025-05-22T13:01:21.641+0000] {taskinstance.py:1225} INFO - Marking task as UP_FOR_RETRY. dag_id=kafka_to_minio_to_spark, task_id=spark_etl, run_id=scheduled__2025-05-21T16:00:00+00:00, execution_date=20250521T160000, start_date=20250522T130115, end_date=20250522T130121
[2025-05-22T13:01:21.646+0000] {taskinstance.py:340} INFO - ::group::Post task execution logs
[2025-05-22T13:01:21.647+0000] {standard_task_runner.py:124} ERROR - Failed to execute job 323 for task spark_etl (Cannot execute: spark-submit --master local --conf spark.hadoop.fs.s3a.endpoint=http://3.38.135.214:9000 --conf spark.hadoop.fs.s3a.access.key=minioadmin --conf spark.hadoop.fs.s3a.secret.key=****** --conf spark.hadoop.fs.s3a.impl=org.apache.hadoop.fs.s3a.S3AFileSystem --conf spark.hadoop.fs.s3a.path.style.access=true --conf spark.hadoop.fs.s3a.connection.ssl.enabled=false --conf spark.hadoop.fs.s3a.aws.credentials.provider= --jars /opt/spark/jars/hadoop-aws-3.3.1.jar,/opt/spark/jars/aws-java-sdk-bundle-1.11.901.jar,/opt/spark/jars/postgresql-42.7.4.jar --name arrow-spark /opt/spark/testlog_ml_spark.py. Error code is: 1.; 1296)
Traceback (most recent call last):
  File "/home/airflow/.local/lib/python3.10/site-packages/airflow/task/task_runner/standard_task_runner.py", line 117, in _start_by_fork
    ret = args.func(args, dag=self.dag)
  File "/home/airflow/.local/lib/python3.10/site-packages/airflow/cli/cli_config.py", line 49, in command
    return func(*args, **kwargs)
  File "/home/airflow/.local/lib/python3.10/site-packages/airflow/utils/cli.py", line 115, in wrapper
    return f(*args, **kwargs)
  File "/home/airflow/.local/lib/python3.10/site-packages/airflow/cli/commands/task_command.py", line 483, in task_run
    task_return_code = _run_task_by_selected_method(args, _dag, ti)
  File "/home/airflow/.local/lib/python3.10/site-packages/airflow/cli/commands/task_command.py", line 256, in _run_task_by_selected_method
    return _run_raw_task(args, ti)
  File "/home/airflow/.local/lib/python3.10/site-packages/airflow/cli/commands/task_command.py", line 341, in _run_raw_task
    return ti._run_raw_task(
  File "/home/airflow/.local/lib/python3.10/site-packages/airflow/utils/session.py", line 97, in wrapper
    return func(*args, session=session, **kwargs)
  File "/home/airflow/.local/lib/python3.10/site-packages/airflow/models/taskinstance.py", line 3004, in _run_raw_task
    return _run_raw_task(
  File "/home/airflow/.local/lib/python3.10/site-packages/airflow/models/taskinstance.py", line 273, in _run_raw_task
    TaskInstance._execute_task_with_callbacks(
  File "/home/airflow/.local/lib/python3.10/site-packages/airflow/models/taskinstance.py", line 3158, in _execute_task_with_callbacks
    result = self._execute_task(context, task_orig)
  File "/home/airflow/.local/lib/python3.10/site-packages/airflow/models/taskinstance.py", line 3182, in _execute_task
    return _execute_task(self, context, task_orig)
  File "/home/airflow/.local/lib/python3.10/site-packages/airflow/models/taskinstance.py", line 762, in _execute_task
    result = _execute_callable(context=context, **execute_callable_kwargs)
  File "/home/airflow/.local/lib/python3.10/site-packages/airflow/models/taskinstance.py", line 733, in _execute_callable
    return ExecutionCallableRunner(
  File "/home/airflow/.local/lib/python3.10/site-packages/airflow/utils/operator_helpers.py", line 252, in run
    return self.func(*args, **kwargs)
  File "/home/airflow/.local/lib/python3.10/site-packages/airflow/models/baseoperator.py", line 406, in wrapper
    return func(self, *args, **kwargs)
  File "/home/airflow/.local/lib/python3.10/site-packages/airflow/providers/apache/spark/operators/spark_submit.py", line 157, in execute
    self._hook.submit(self._application)
  File "/home/airflow/.local/lib/python3.10/site-packages/airflow/providers/apache/spark/hooks/spark_submit.py", line 423, in submit
    raise AirflowException(
airflow.exceptions.AirflowException: Cannot execute: spark-submit --master local --conf spark.hadoop.fs.s3a.endpoint=http://3.38.135.214:9000 --conf spark.hadoop.fs.s3a.access.key=minioadmin --conf spark.hadoop.fs.s3a.secret.key=****** --conf spark.hadoop.fs.s3a.impl=org.apache.hadoop.fs.s3a.S3AFileSystem --conf spark.hadoop.fs.s3a.path.style.access=true --conf spark.hadoop.fs.s3a.connection.ssl.enabled=false --conf spark.hadoop.fs.s3a.aws.credentials.provider= --jars /opt/spark/jars/hadoop-aws-3.3.1.jar,/opt/spark/jars/aws-java-sdk-bundle-1.11.901.jar,/opt/spark/jars/postgresql-42.7.4.jar --name arrow-spark /opt/spark/testlog_ml_spark.py. Error code is: 1.
[2025-05-22T13:01:21.683+0000] {local_task_job_runner.py:266} INFO - Task exited with return code 1
[2025-05-22T13:01:21.689+0000] {taskinstance.py:3900} INFO - 0 downstream tasks scheduled from follow-on schedule check
[2025-05-22T13:01:21.689+0000] {local_task_job_runner.py:245} INFO - ::endgroup::
