[2025-05-22T13:09:59.192+0000] {local_task_job_runner.py:123} INFO - ::group::Pre task execution logs
[2025-05-22T13:09:59.199+0000] {taskinstance.py:2612} INFO - Dependencies all met for dep_context=non-requeueable deps ti=<TaskInstance: kafka_to_minio_to_spark.spark_etl scheduled__2025-05-21T16:00:00+00:00 [queued]>
[2025-05-22T13:09:59.202+0000] {taskinstance.py:2612} INFO - Dependencies all met for dep_context=requeueable deps ti=<TaskInstance: kafka_to_minio_to_spark.spark_etl scheduled__2025-05-21T16:00:00+00:00 [queued]>
[2025-05-22T13:09:59.203+0000] {taskinstance.py:2865} INFO - Starting attempt 53 of 55
[2025-05-22T13:09:59.207+0000] {taskinstance.py:2888} INFO - Executing <Task(SparkSubmitOperator): spark_etl> on 2025-05-21 16:00:00+00:00
[2025-05-22T13:09:59.209+0000] {standard_task_runner.py:72} INFO - Started process 2056 to run task
[2025-05-22T13:09:59.211+0000] {standard_task_runner.py:104} INFO - Running: ['***', 'tasks', 'run', 'kafka_to_minio_to_spark', 'spark_etl', 'scheduled__2025-05-21T16:00:00+00:00', '--job-id', '327', '--raw', '--subdir', 'DAGS_FOLDER/testlog_ml.py', '--cfg-path', '/tmp/tmpp04z3oh0']
[2025-05-22T13:09:59.211+0000] {standard_task_runner.py:105} INFO - Job 327: Subtask spark_etl
[2025-05-22T13:09:59.228+0000] {task_command.py:467} INFO - Running <TaskInstance: kafka_to_minio_to_spark.spark_etl scheduled__2025-05-21T16:00:00+00:00 [running]> on host 3337e7bd3891
[2025-05-22T13:09:59.253+0000] {taskinstance.py:3131} INFO - Exporting env vars: AIRFLOW_CTX_DAG_OWNER='***' AIRFLOW_CTX_DAG_ID='kafka_to_minio_to_spark' AIRFLOW_CTX_TASK_ID='spark_etl' AIRFLOW_CTX_EXECUTION_DATE='2025-05-21T16:00:00+00:00' AIRFLOW_CTX_TRY_NUMBER='53' AIRFLOW_CTX_DAG_RUN_ID='scheduled__2025-05-21T16:00:00+00:00'
[2025-05-22T13:09:59.253+0000] {taskinstance.py:731} INFO - ::endgroup::
[2025-05-22T13:09:59.261+0000] {base.py:84} INFO - Retrieving connection 'spark'
[2025-05-22T13:09:59.262+0000] {spark_submit.py:341} INFO - Spark-Submit cmd: spark-submit --master local --conf spark.hadoop.fs.s3a.endpoint=http://3.38.135.214:9000 --conf spark.hadoop.fs.s3a.access.key=minioadmin --conf spark.hadoop.fs.s3a.secret.key=****** --conf spark.hadoop.fs.s3a.impl=org.apache.hadoop.fs.s3a.S3AFileSystem --conf spark.hadoop.fs.s3a.path.style.access=true --conf spark.hadoop.fs.s3a.connection.ssl.enabled=false --conf spark.hadoop.fs.s3a.aws.credentials.provider= --jars /opt/spark/jars/hadoop-aws-3.3.1.jar,/opt/spark/jars/aws-java-sdk-bundle-1.11.901.jar,/opt/spark/jars/postgresql-42.7.4.jar --name arrow-spark /opt/spark/testlog_ml_spark.py
[2025-05-22T13:09:59.922+0000] {spark_submit.py:492} INFO - 25/05/22 13:09:59 WARN NativeCodeLoader: Unable to load native-hadoop library for your platform... using builtin-java classes where applicable
[2025-05-22T13:10:00.576+0000] {spark_submit.py:492} INFO - 25/05/22 13:10:00 INFO SparkContext: Running Spark version 3.5.1
[2025-05-22T13:10:00.577+0000] {spark_submit.py:492} INFO - 25/05/22 13:10:00 INFO SparkContext: OS info Linux, 6.10.14-linuxkit, aarch64
[2025-05-22T13:10:00.578+0000] {spark_submit.py:492} INFO - 25/05/22 13:10:00 INFO SparkContext: Java version 17.0.15
[2025-05-22T13:10:00.588+0000] {spark_submit.py:492} INFO - 25/05/22 13:10:00 INFO ResourceUtils: ==============================================================
[2025-05-22T13:10:00.588+0000] {spark_submit.py:492} INFO - 25/05/22 13:10:00 INFO ResourceUtils: No custom resources configured for spark.driver.
[2025-05-22T13:10:00.588+0000] {spark_submit.py:492} INFO - 25/05/22 13:10:00 INFO ResourceUtils: ==============================================================
[2025-05-22T13:10:00.589+0000] {spark_submit.py:492} INFO - 25/05/22 13:10:00 INFO SparkContext: Submitted application: arrow-spark
[2025-05-22T13:10:00.595+0000] {spark_submit.py:492} INFO - 25/05/22 13:10:00 INFO ResourceProfile: Default ResourceProfile created, executor resources: Map(cores -> name: cores, amount: 1, script: , vendor: , memory -> name: memory, amount: 1024, script: , vendor: , offHeap -> name: offHeap, amount: 0, script: , vendor: ), task resources: Map(cpus -> name: cpus, amount: 1.0)
[2025-05-22T13:10:00.599+0000] {spark_submit.py:492} INFO - 25/05/22 13:10:00 INFO ResourceProfile: Limiting resource is cpu
[2025-05-22T13:10:00.599+0000] {spark_submit.py:492} INFO - 25/05/22 13:10:00 INFO ResourceProfileManager: Added ResourceProfile id: 0
[2025-05-22T13:10:00.626+0000] {spark_submit.py:492} INFO - 25/05/22 13:10:00 INFO SecurityManager: Changing view acls to: ***
[2025-05-22T13:10:00.627+0000] {spark_submit.py:492} INFO - 25/05/22 13:10:00 INFO SecurityManager: Changing modify acls to: ***
[2025-05-22T13:10:00.627+0000] {spark_submit.py:492} INFO - 25/05/22 13:10:00 INFO SecurityManager: Changing view acls groups to:
[2025-05-22T13:10:00.627+0000] {spark_submit.py:492} INFO - 25/05/22 13:10:00 INFO SecurityManager: Changing modify acls groups to:
[2025-05-22T13:10:00.628+0000] {spark_submit.py:492} INFO - 25/05/22 13:10:00 INFO SecurityManager: SecurityManager: authentication disabled; ui acls disabled; users with view permissions: ***; groups with view permissions: EMPTY; users with modify permissions: ***; groups with modify permissions: EMPTY
[2025-05-22T13:10:00.759+0000] {spark_submit.py:492} INFO - 25/05/22 13:10:00 INFO Utils: Successfully started service 'sparkDriver' on port 37935.
[2025-05-22T13:10:00.769+0000] {spark_submit.py:492} INFO - 25/05/22 13:10:00 INFO SparkEnv: Registering MapOutputTracker
[2025-05-22T13:10:00.783+0000] {spark_submit.py:492} INFO - 25/05/22 13:10:00 INFO SparkEnv: Registering BlockManagerMaster
[2025-05-22T13:10:00.790+0000] {spark_submit.py:492} INFO - 25/05/22 13:10:00 INFO BlockManagerMasterEndpoint: Using org.apache.spark.storage.DefaultTopologyMapper for getting topology information
[2025-05-22T13:10:00.791+0000] {spark_submit.py:492} INFO - 25/05/22 13:10:00 INFO BlockManagerMasterEndpoint: BlockManagerMasterEndpoint up
[2025-05-22T13:10:00.792+0000] {spark_submit.py:492} INFO - 25/05/22 13:10:00 INFO SparkEnv: Registering BlockManagerMasterHeartbeat
[2025-05-22T13:10:00.803+0000] {spark_submit.py:492} INFO - 25/05/22 13:10:00 INFO DiskBlockManager: Created local directory at /tmp/blockmgr-1cf80d3d-f00e-4cfc-8b46-9d986c76657e
[2025-05-22T13:10:00.808+0000] {spark_submit.py:492} INFO - 25/05/22 13:10:00 INFO MemoryStore: MemoryStore started with capacity 434.4 MiB
[2025-05-22T13:10:00.813+0000] {spark_submit.py:492} INFO - 25/05/22 13:10:00 INFO SparkEnv: Registering OutputCommitCoordinator
[2025-05-22T13:10:00.854+0000] {spark_submit.py:492} INFO - 25/05/22 13:10:00 INFO JettyUtils: Start Jetty 0.0.0.0:4040 for SparkUI
[2025-05-22T13:10:00.878+0000] {spark_submit.py:492} INFO - 25/05/22 13:10:00 INFO Utils: Successfully started service 'SparkUI' on port 4040.
[2025-05-22T13:10:00.890+0000] {spark_submit.py:492} INFO - 25/05/22 13:10:00 INFO SparkContext: Added JAR file:///opt/spark/jars/hadoop-aws-3.3.1.jar at spark://3337e7bd3891:37935/jars/hadoop-aws-3.3.1.jar with timestamp 1747919400573
[2025-05-22T13:10:00.891+0000] {spark_submit.py:492} INFO - 25/05/22 13:10:00 INFO SparkContext: Added JAR file:///opt/spark/jars/aws-java-sdk-bundle-1.11.901.jar at spark://3337e7bd3891:37935/jars/aws-java-sdk-bundle-1.11.901.jar with timestamp 1747919400573
[2025-05-22T13:10:00.891+0000] {spark_submit.py:492} INFO - 25/05/22 13:10:00 INFO SparkContext: Added JAR file:///opt/spark/jars/postgresql-42.7.4.jar at spark://3337e7bd3891:37935/jars/postgresql-42.7.4.jar with timestamp 1747919400573
[2025-05-22T13:10:00.912+0000] {spark_submit.py:492} INFO - 25/05/22 13:10:00 INFO Executor: Starting executor ID driver on host 3337e7bd3891
[2025-05-22T13:10:00.913+0000] {spark_submit.py:492} INFO - 25/05/22 13:10:00 INFO Executor: OS info Linux, 6.10.14-linuxkit, aarch64
[2025-05-22T13:10:00.913+0000] {spark_submit.py:492} INFO - 25/05/22 13:10:00 INFO Executor: Java version 17.0.15
[2025-05-22T13:10:00.914+0000] {spark_submit.py:492} INFO - 25/05/22 13:10:00 INFO Executor: Starting executor with user classpath (userClassPathFirst = false): ''
[2025-05-22T13:10:00.915+0000] {spark_submit.py:492} INFO - 25/05/22 13:10:00 INFO Executor: Created or updated repl class loader org.apache.spark.util.MutableURLClassLoader@2c456483 for default.
[2025-05-22T13:10:00.918+0000] {spark_submit.py:492} INFO - 25/05/22 13:10:00 INFO Executor: Fetching spark://3337e7bd3891:37935/jars/postgresql-42.7.4.jar with timestamp 1747919400573
[2025-05-22T13:10:00.939+0000] {spark_submit.py:492} INFO - 25/05/22 13:10:00 INFO TransportClientFactory: Successfully created connection to 3337e7bd3891/172.27.0.4:37935 after 11 ms (0 ms spent in bootstraps)
[2025-05-22T13:10:00.942+0000] {spark_submit.py:492} INFO - 25/05/22 13:10:00 INFO Utils: Fetching spark://3337e7bd3891:37935/jars/postgresql-42.7.4.jar to /tmp/spark-84e24a6e-fba3-43b1-944e-03ff8d5adc6e/userFiles-45dfce38-fd9c-4ed3-b60f-892762d0bf37/fetchFileTemp13183860554046297369.tmp
[2025-05-22T13:10:00.962+0000] {spark_submit.py:492} INFO - 25/05/22 13:10:00 INFO Executor: Adding file:/tmp/spark-84e24a6e-fba3-43b1-944e-03ff8d5adc6e/userFiles-45dfce38-fd9c-4ed3-b60f-892762d0bf37/postgresql-42.7.4.jar to class loader default
[2025-05-22T13:10:00.962+0000] {spark_submit.py:492} INFO - 25/05/22 13:10:00 INFO Executor: Fetching spark://3337e7bd3891:37935/jars/aws-java-sdk-bundle-1.11.901.jar with timestamp 1747919400573
[2025-05-22T13:10:00.963+0000] {spark_submit.py:492} INFO - 25/05/22 13:10:00 INFO Utils: Fetching spark://3337e7bd3891:37935/jars/aws-java-sdk-bundle-1.11.901.jar to /tmp/spark-84e24a6e-fba3-43b1-944e-03ff8d5adc6e/userFiles-45dfce38-fd9c-4ed3-b60f-892762d0bf37/fetchFileTemp15036354191067350726.tmp
[2025-05-22T13:10:01.302+0000] {spark_submit.py:492} INFO - 25/05/22 13:10:01 INFO Executor: Adding file:/tmp/spark-84e24a6e-fba3-43b1-944e-03ff8d5adc6e/userFiles-45dfce38-fd9c-4ed3-b60f-892762d0bf37/aws-java-sdk-bundle-1.11.901.jar to class loader default
[2025-05-22T13:10:01.302+0000] {spark_submit.py:492} INFO - 25/05/22 13:10:01 INFO Executor: Fetching spark://3337e7bd3891:37935/jars/hadoop-aws-3.3.1.jar with timestamp 1747919400573
[2025-05-22T13:10:01.303+0000] {spark_submit.py:492} INFO - 25/05/22 13:10:01 INFO Utils: Fetching spark://3337e7bd3891:37935/jars/hadoop-aws-3.3.1.jar to /tmp/spark-84e24a6e-fba3-43b1-944e-03ff8d5adc6e/userFiles-45dfce38-fd9c-4ed3-b60f-892762d0bf37/fetchFileTemp3404886672402094877.tmp
[2025-05-22T13:10:01.313+0000] {spark_submit.py:492} INFO - 25/05/22 13:10:01 INFO Executor: Adding file:/tmp/spark-84e24a6e-fba3-43b1-944e-03ff8d5adc6e/userFiles-45dfce38-fd9c-4ed3-b60f-892762d0bf37/hadoop-aws-3.3.1.jar to class loader default
[2025-05-22T13:10:01.322+0000] {spark_submit.py:492} INFO - 25/05/22 13:10:01 INFO Utils: Successfully started service 'org.apache.spark.network.netty.NettyBlockTransferService' on port 36317.
[2025-05-22T13:10:01.323+0000] {spark_submit.py:492} INFO - 25/05/22 13:10:01 INFO NettyBlockTransferService: Server created on 3337e7bd3891:36317
[2025-05-22T13:10:01.323+0000] {spark_submit.py:492} INFO - 25/05/22 13:10:01 INFO BlockManager: Using org.apache.spark.storage.RandomBlockReplicationPolicy for block replication policy
[2025-05-22T13:10:01.328+0000] {spark_submit.py:492} INFO - 25/05/22 13:10:01 INFO BlockManagerMaster: Registering BlockManager BlockManagerId(driver, 3337e7bd3891, 36317, None)
[2025-05-22T13:10:01.331+0000] {spark_submit.py:492} INFO - 25/05/22 13:10:01 INFO BlockManagerMasterEndpoint: Registering block manager 3337e7bd3891:36317 with 434.4 MiB RAM, BlockManagerId(driver, 3337e7bd3891, 36317, None)
[2025-05-22T13:10:01.333+0000] {spark_submit.py:492} INFO - 25/05/22 13:10:01 INFO BlockManagerMaster: Registered BlockManager BlockManagerId(driver, 3337e7bd3891, 36317, None)
[2025-05-22T13:10:01.334+0000] {spark_submit.py:492} INFO - 25/05/22 13:10:01 INFO BlockManager: Initialized BlockManager: BlockManagerId(driver, 3337e7bd3891, 36317, None)
[2025-05-22T13:10:01.530+0000] {spark_submit.py:492} INFO - 25/05/22 13:10:01 INFO SharedState: Setting hive.metastore.warehouse.dir ('null') to the value of spark.sql.warehouse.dir.
[2025-05-22T13:10:01.532+0000] {spark_submit.py:492} INFO - 25/05/22 13:10:01 INFO SharedState: Warehouse path is 'file:/opt/***/spark-warehouse'.
[2025-05-22T13:10:01.912+0000] {spark_submit.py:492} INFO - 25/05/22 13:10:01 WARN MetricsConfig: Cannot locate configuration: tried hadoop-metrics2-s3a-file-system.properties,hadoop-metrics2.properties
[2025-05-22T13:10:01.916+0000] {spark_submit.py:492} INFO - 25/05/22 13:10:01 INFO MetricsSystemImpl: Scheduled Metric snapshot period at 10 second(s).
[2025-05-22T13:10:01.917+0000] {spark_submit.py:492} INFO - 25/05/22 13:10:01 INFO MetricsSystemImpl: s3a-file-system metrics system started
[2025-05-22T13:10:02.260+0000] {spark_submit.py:492} INFO - 25/05/22 13:10:02 INFO InMemoryFileIndex: It took 25 ms to list leaf files for 1 paths.
[2025-05-22T13:10:02.319+0000] {spark_submit.py:492} INFO - 25/05/22 13:10:02 INFO InMemoryFileIndex: It took 21 ms to list leaf files for 1 paths.
[2025-05-22T13:10:03.282+0000] {spark_submit.py:492} INFO - 25/05/22 13:10:03 INFO FileSourceStrategy: Pushed Filters:
[2025-05-22T13:10:03.283+0000] {spark_submit.py:492} INFO - 25/05/22 13:10:03 INFO FileSourceStrategy: Post-Scan Filters: (length(trim(value#0, None)) > 0)
[2025-05-22T13:10:03.459+0000] {spark_submit.py:492} INFO - 25/05/22 13:10:03 INFO CodeGenerator: Code generated in 72.852167 ms
[2025-05-22T13:10:03.476+0000] {spark_submit.py:492} INFO - 25/05/22 13:10:03 INFO MemoryStore: Block broadcast_0 stored as values in memory (estimated size 202.1 KiB, free 434.2 MiB)
[2025-05-22T13:10:03.501+0000] {spark_submit.py:492} INFO - 25/05/22 13:10:03 INFO MemoryStore: Block broadcast_0_piece0 stored as bytes in memory (estimated size 35.0 KiB, free 434.2 MiB)
[2025-05-22T13:10:03.502+0000] {spark_submit.py:492} INFO - 25/05/22 13:10:03 INFO BlockManagerInfo: Added broadcast_0_piece0 in memory on 3337e7bd3891:36317 (size: 35.0 KiB, free: 434.4 MiB)
[2025-05-22T13:10:03.503+0000] {spark_submit.py:492} INFO - 25/05/22 13:10:03 INFO SparkContext: Created broadcast 0 from csv at NativeMethodAccessorImpl.java:0
[2025-05-22T13:10:03.512+0000] {spark_submit.py:492} INFO - 25/05/22 13:10:03 INFO FileSourceScanExec: Planning scan with bin packing, max size: 4233153 bytes, open cost is considered as scanning 4194304 bytes.
[2025-05-22T13:10:03.558+0000] {spark_submit.py:492} INFO - 25/05/22 13:10:03 INFO SparkContext: Starting job: csv at NativeMethodAccessorImpl.java:0
[2025-05-22T13:10:03.567+0000] {spark_submit.py:492} INFO - 25/05/22 13:10:03 INFO DAGScheduler: Got job 0 (csv at NativeMethodAccessorImpl.java:0) with 1 output partitions
[2025-05-22T13:10:03.567+0000] {spark_submit.py:492} INFO - 25/05/22 13:10:03 INFO DAGScheduler: Final stage: ResultStage 0 (csv at NativeMethodAccessorImpl.java:0)
[2025-05-22T13:10:03.567+0000] {spark_submit.py:492} INFO - 25/05/22 13:10:03 INFO DAGScheduler: Parents of final stage: List()
[2025-05-22T13:10:03.567+0000] {spark_submit.py:492} INFO - 25/05/22 13:10:03 INFO DAGScheduler: Missing parents: List()
[2025-05-22T13:10:03.569+0000] {spark_submit.py:492} INFO - 25/05/22 13:10:03 INFO DAGScheduler: Submitting ResultStage 0 (MapPartitionsRDD[3] at csv at NativeMethodAccessorImpl.java:0), which has no missing parents
[2025-05-22T13:10:03.596+0000] {spark_submit.py:492} INFO - 25/05/22 13:10:03 INFO MemoryStore: Block broadcast_1 stored as values in memory (estimated size 13.5 KiB, free 434.2 MiB)
[2025-05-22T13:10:03.599+0000] {spark_submit.py:492} INFO - 25/05/22 13:10:03 INFO MemoryStore: Block broadcast_1_piece0 stored as bytes in memory (estimated size 6.4 KiB, free 434.1 MiB)
[2025-05-22T13:10:03.604+0000] {spark_submit.py:492} INFO - 25/05/22 13:10:03 INFO BlockManagerInfo: Added broadcast_1_piece0 in memory on 3337e7bd3891:36317 (size: 6.4 KiB, free: 434.4 MiB)
[2025-05-22T13:10:03.604+0000] {spark_submit.py:492} INFO - 25/05/22 13:10:03 INFO SparkContext: Created broadcast 1 from broadcast at DAGScheduler.scala:1585
[2025-05-22T13:10:03.607+0000] {spark_submit.py:492} INFO - 25/05/22 13:10:03 INFO DAGScheduler: Submitting 1 missing tasks from ResultStage 0 (MapPartitionsRDD[3] at csv at NativeMethodAccessorImpl.java:0) (first 15 tasks are for partitions Vector(0))
[2025-05-22T13:10:03.607+0000] {spark_submit.py:492} INFO - 25/05/22 13:10:03 INFO TaskSchedulerImpl: Adding task set 0.0 with 1 tasks resource profile 0
[2025-05-22T13:10:03.626+0000] {spark_submit.py:492} INFO - 25/05/22 13:10:03 INFO TaskSetManager: Starting task 0.0 in stage 0.0 (TID 0) (3337e7bd3891, executor driver, partition 0, PROCESS_LOCAL, 8601 bytes)
[2025-05-22T13:10:03.631+0000] {spark_submit.py:492} INFO - 25/05/22 13:10:03 INFO Executor: Running task 0.0 in stage 0.0 (TID 0)
[2025-05-22T13:10:03.689+0000] {spark_submit.py:492} INFO - 25/05/22 13:10:03 INFO CodeGenerator: Code generated in 22.588125 ms
[2025-05-22T13:10:03.692+0000] {spark_submit.py:492} INFO - 25/05/22 13:10:03 INFO FileScanRDD: Reading File path: s3a://user-log-ml/2025-05-22_01-00-00.csv, range: 0-38849, partition values: [empty row]
[2025-05-22T13:10:03.702+0000] {spark_submit.py:492} INFO - 25/05/22 13:10:03 INFO CodeGenerator: Code generated in 6.936959 ms
[2025-05-22T13:10:03.763+0000] {spark_submit.py:492} INFO - 25/05/22 13:10:03 INFO Executor: Finished task 0.0 in stage 0.0 (TID 0). 1732 bytes result sent to driver
[2025-05-22T13:10:03.767+0000] {spark_submit.py:492} INFO - 25/05/22 13:10:03 INFO TaskSetManager: Finished task 0.0 in stage 0.0 (TID 0) in 145 ms on 3337e7bd3891 (executor driver) (1/1)
[2025-05-22T13:10:03.769+0000] {spark_submit.py:492} INFO - 25/05/22 13:10:03 INFO TaskSchedulerImpl: Removed TaskSet 0.0, whose tasks have all completed, from pool
[2025-05-22T13:10:03.770+0000] {spark_submit.py:492} INFO - 25/05/22 13:10:03 INFO DAGScheduler: ResultStage 0 (csv at NativeMethodAccessorImpl.java:0) finished in 0.198 s
[2025-05-22T13:10:03.771+0000] {spark_submit.py:492} INFO - 25/05/22 13:10:03 INFO DAGScheduler: Job 0 is finished. Cancelling potential speculative or zombie tasks for this job
[2025-05-22T13:10:03.772+0000] {spark_submit.py:492} INFO - 25/05/22 13:10:03 INFO TaskSchedulerImpl: Killing all running tasks in stage 0: Stage finished
[2025-05-22T13:10:03.773+0000] {spark_submit.py:492} INFO - 25/05/22 13:10:03 INFO DAGScheduler: Job 0 finished: csv at NativeMethodAccessorImpl.java:0, took 0.214676 s
[2025-05-22T13:10:03.782+0000] {spark_submit.py:492} INFO - 25/05/22 13:10:03 INFO CodeGenerator: Code generated in 5.23475 ms
[2025-05-22T13:10:03.811+0000] {spark_submit.py:492} INFO - 25/05/22 13:10:03 INFO FileSourceStrategy: Pushed Filters:
[2025-05-22T13:10:03.812+0000] {spark_submit.py:492} INFO - 25/05/22 13:10:03 INFO FileSourceStrategy: Post-Scan Filters:
[2025-05-22T13:10:03.815+0000] {spark_submit.py:492} INFO - 25/05/22 13:10:03 INFO MemoryStore: Block broadcast_2 stored as values in memory (estimated size 202.1 KiB, free 434.0 MiB)
[2025-05-22T13:10:03.823+0000] {spark_submit.py:492} INFO - 25/05/22 13:10:03 INFO MemoryStore: Block broadcast_2_piece0 stored as bytes in memory (estimated size 35.0 KiB, free 433.9 MiB)
[2025-05-22T13:10:03.824+0000] {spark_submit.py:492} INFO - 25/05/22 13:10:03 INFO BlockManagerInfo: Added broadcast_2_piece0 in memory on 3337e7bd3891:36317 (size: 35.0 KiB, free: 434.3 MiB)
[2025-05-22T13:10:03.824+0000] {spark_submit.py:492} INFO - 25/05/22 13:10:03 INFO SparkContext: Created broadcast 2 from csv at NativeMethodAccessorImpl.java:0
[2025-05-22T13:10:03.825+0000] {spark_submit.py:492} INFO - 25/05/22 13:10:03 INFO FileSourceScanExec: Planning scan with bin packing, max size: 4233153 bytes, open cost is considered as scanning 4194304 bytes.
[2025-05-22T13:10:03.866+0000] {spark_submit.py:492} INFO - 25/05/22 13:10:03 INFO SparkContext: Starting job: csv at NativeMethodAccessorImpl.java:0
[2025-05-22T13:10:03.867+0000] {spark_submit.py:492} INFO - 25/05/22 13:10:03 INFO DAGScheduler: Got job 1 (csv at NativeMethodAccessorImpl.java:0) with 1 output partitions
[2025-05-22T13:10:03.868+0000] {spark_submit.py:492} INFO - 25/05/22 13:10:03 INFO DAGScheduler: Final stage: ResultStage 1 (csv at NativeMethodAccessorImpl.java:0)
[2025-05-22T13:10:03.870+0000] {spark_submit.py:492} INFO - 25/05/22 13:10:03 INFO DAGScheduler: Parents of final stage: List()
[2025-05-22T13:10:03.871+0000] {spark_submit.py:492} INFO - 25/05/22 13:10:03 INFO DAGScheduler: Missing parents: List()
[2025-05-22T13:10:03.871+0000] {spark_submit.py:492} INFO - 25/05/22 13:10:03 INFO DAGScheduler: Submitting ResultStage 1 (MapPartitionsRDD[9] at csv at NativeMethodAccessorImpl.java:0), which has no missing parents
[2025-05-22T13:10:03.886+0000] {spark_submit.py:492} INFO - 25/05/22 13:10:03 INFO MemoryStore: Block broadcast_3 stored as values in memory (estimated size 28.5 KiB, free 433.9 MiB)
[2025-05-22T13:10:03.892+0000] {spark_submit.py:492} INFO - 25/05/22 13:10:03 INFO MemoryStore: Block broadcast_3_piece0 stored as bytes in memory (estimated size 13.1 KiB, free 433.9 MiB)
[2025-05-22T13:10:03.893+0000] {spark_submit.py:492} INFO - 25/05/22 13:10:03 INFO BlockManagerInfo: Added broadcast_3_piece0 in memory on 3337e7bd3891:36317 (size: 13.1 KiB, free: 434.3 MiB)
[2025-05-22T13:10:03.894+0000] {spark_submit.py:492} INFO - 25/05/22 13:10:03 INFO SparkContext: Created broadcast 3 from broadcast at DAGScheduler.scala:1585
[2025-05-22T13:10:03.895+0000] {spark_submit.py:492} INFO - 25/05/22 13:10:03 INFO DAGScheduler: Submitting 1 missing tasks from ResultStage 1 (MapPartitionsRDD[9] at csv at NativeMethodAccessorImpl.java:0) (first 15 tasks are for partitions Vector(0))
[2025-05-22T13:10:03.898+0000] {spark_submit.py:492} INFO - 25/05/22 13:10:03 INFO TaskSchedulerImpl: Adding task set 1.0 with 1 tasks resource profile 0
[2025-05-22T13:10:03.902+0000] {spark_submit.py:492} INFO - 25/05/22 13:10:03 INFO TaskSetManager: Starting task 0.0 in stage 1.0 (TID 1) (3337e7bd3891, executor driver, partition 0, PROCESS_LOCAL, 8601 bytes)
[2025-05-22T13:10:03.903+0000] {spark_submit.py:492} INFO - 25/05/22 13:10:03 INFO Executor: Running task 0.0 in stage 1.0 (TID 1)
[2025-05-22T13:10:03.946+0000] {spark_submit.py:492} INFO - 25/05/22 13:10:03 INFO CodeGenerator: Code generated in 5.555667 ms
[2025-05-22T13:10:03.951+0000] {spark_submit.py:492} INFO - 25/05/22 13:10:03 INFO FileScanRDD: Reading File path: s3a://user-log-ml/2025-05-22_01-00-00.csv, range: 0-38849, partition values: [empty row]
[2025-05-22T13:10:03.954+0000] {spark_submit.py:492} INFO - 25/05/22 13:10:03 INFO BlockManagerInfo: Removed broadcast_0_piece0 on 3337e7bd3891:36317 in memory (size: 35.0 KiB, free: 434.3 MiB)
[2025-05-22T13:10:04.117+0000] {spark_submit.py:492} INFO - 25/05/22 13:10:04 INFO Executor: Finished task 0.0 in stage 1.0 (TID 1). 1745 bytes result sent to driver
[2025-05-22T13:10:04.122+0000] {spark_submit.py:492} INFO - 25/05/22 13:10:04 INFO TaskSetManager: Finished task 0.0 in stage 1.0 (TID 1) in 227 ms on 3337e7bd3891 (executor driver) (1/1)
[2025-05-22T13:10:04.125+0000] {spark_submit.py:492} INFO - 25/05/22 13:10:04 INFO TaskSchedulerImpl: Removed TaskSet 1.0, whose tasks have all completed, from pool
[2025-05-22T13:10:04.126+0000] {spark_submit.py:492} INFO - 25/05/22 13:10:04 INFO DAGScheduler: ResultStage 1 (csv at NativeMethodAccessorImpl.java:0) finished in 0.253 s
[2025-05-22T13:10:04.132+0000] {spark_submit.py:492} INFO - 25/05/22 13:10:04 INFO DAGScheduler: Job 1 is finished. Cancelling potential speculative or zombie tasks for this job
[2025-05-22T13:10:04.133+0000] {spark_submit.py:492} INFO - 25/05/22 13:10:04 INFO TaskSchedulerImpl: Killing all running tasks in stage 1: Stage finished
[2025-05-22T13:10:04.134+0000] {spark_submit.py:492} INFO - 25/05/22 13:10:04 INFO DAGScheduler: Job 1 finished: csv at NativeMethodAccessorImpl.java:0, took 0.259843 s
[2025-05-22T13:10:04.186+0000] {spark_submit.py:492} INFO - Traceback (most recent call last):
[2025-05-22T13:10:04.187+0000] {spark_submit.py:492} INFO - File "/opt/spark/testlog_ml_spark.py", line 15, in <module>
[2025-05-22T13:10:04.189+0000] {spark_submit.py:492} INFO - .withColumn("like_score", when(col("event_type") == "like_click") & (col("liked") == 1, lit(3))
[2025-05-22T13:10:04.190+0000] {spark_submit.py:492} INFO - File "/home/***/.local/lib/python3.10/site-packages/pyspark/python/lib/pyspark.zip/pyspark/sql/utils.py", line 174, in wrapped
[2025-05-22T13:10:04.190+0000] {spark_submit.py:492} INFO - TypeError: when() missing 1 required positional argument: 'value'
[2025-05-22T13:10:04.240+0000] {spark_submit.py:492} INFO - 25/05/22 13:10:04 INFO SparkContext: Invoking stop() from shutdown hook
[2025-05-22T13:10:04.240+0000] {spark_submit.py:492} INFO - 25/05/22 13:10:04 INFO SparkContext: SparkContext is stopping with exitCode 0.
[2025-05-22T13:10:04.246+0000] {spark_submit.py:492} INFO - 25/05/22 13:10:04 INFO SparkUI: Stopped Spark web UI at http://3337e7bd3891:4040
[2025-05-22T13:10:04.250+0000] {spark_submit.py:492} INFO - 25/05/22 13:10:04 INFO MapOutputTrackerMasterEndpoint: MapOutputTrackerMasterEndpoint stopped!
[2025-05-22T13:10:04.256+0000] {spark_submit.py:492} INFO - 25/05/22 13:10:04 INFO MemoryStore: MemoryStore cleared
[2025-05-22T13:10:04.257+0000] {spark_submit.py:492} INFO - 25/05/22 13:10:04 INFO BlockManager: BlockManager stopped
[2025-05-22T13:10:04.258+0000] {spark_submit.py:492} INFO - 25/05/22 13:10:04 INFO BlockManagerMaster: BlockManagerMaster stopped
[2025-05-22T13:10:04.258+0000] {spark_submit.py:492} INFO - 25/05/22 13:10:04 INFO OutputCommitCoordinator$OutputCommitCoordinatorEndpoint: OutputCommitCoordinator stopped!
[2025-05-22T13:10:04.261+0000] {spark_submit.py:492} INFO - 25/05/22 13:10:04 INFO SparkContext: Successfully stopped SparkContext
[2025-05-22T13:10:04.262+0000] {spark_submit.py:492} INFO - 25/05/22 13:10:04 INFO ShutdownHookManager: Shutdown hook called
[2025-05-22T13:10:04.262+0000] {spark_submit.py:492} INFO - 25/05/22 13:10:04 INFO ShutdownHookManager: Deleting directory /tmp/spark-84e24a6e-fba3-43b1-944e-03ff8d5adc6e
[2025-05-22T13:10:04.264+0000] {spark_submit.py:492} INFO - 25/05/22 13:10:04 INFO ShutdownHookManager: Deleting directory /tmp/spark-84e24a6e-fba3-43b1-944e-03ff8d5adc6e/pyspark-011929a1-92c6-4534-9af3-4910b565e9f6
[2025-05-22T13:10:04.265+0000] {spark_submit.py:492} INFO - 25/05/22 13:10:04 INFO ShutdownHookManager: Deleting directory /tmp/spark-0aded700-4dde-4fe0-a4a1-76d8149edce2
[2025-05-22T13:10:04.269+0000] {spark_submit.py:492} INFO - 25/05/22 13:10:04 INFO MetricsSystemImpl: Stopping s3a-file-system metrics system...
[2025-05-22T13:10:04.269+0000] {spark_submit.py:492} INFO - 25/05/22 13:10:04 INFO MetricsSystemImpl: s3a-file-system metrics system stopped.
[2025-05-22T13:10:04.269+0000] {spark_submit.py:492} INFO - 25/05/22 13:10:04 INFO MetricsSystemImpl: s3a-file-system metrics system shutdown complete.
[2025-05-22T13:10:04.306+0000] {taskinstance.py:3310} ERROR - Task failed with exception
Traceback (most recent call last):
  File "/home/airflow/.local/lib/python3.10/site-packages/airflow/models/taskinstance.py", line 762, in _execute_task
    result = _execute_callable(context=context, **execute_callable_kwargs)
  File "/home/airflow/.local/lib/python3.10/site-packages/airflow/models/taskinstance.py", line 733, in _execute_callable
    return ExecutionCallableRunner(
  File "/home/airflow/.local/lib/python3.10/site-packages/airflow/utils/operator_helpers.py", line 252, in run
    return self.func(*args, **kwargs)
  File "/home/airflow/.local/lib/python3.10/site-packages/airflow/models/baseoperator.py", line 406, in wrapper
    return func(self, *args, **kwargs)
  File "/home/airflow/.local/lib/python3.10/site-packages/airflow/providers/apache/spark/operators/spark_submit.py", line 157, in execute
    self._hook.submit(self._application)
  File "/home/airflow/.local/lib/python3.10/site-packages/airflow/providers/apache/spark/hooks/spark_submit.py", line 423, in submit
    raise AirflowException(
airflow.exceptions.AirflowException: Cannot execute: spark-submit --master local --conf spark.hadoop.fs.s3a.endpoint=http://3.38.135.214:9000 --conf spark.hadoop.fs.s3a.access.key=minioadmin --conf spark.hadoop.fs.s3a.secret.key=****** --conf spark.hadoop.fs.s3a.impl=org.apache.hadoop.fs.s3a.S3AFileSystem --conf spark.hadoop.fs.s3a.path.style.access=true --conf spark.hadoop.fs.s3a.connection.ssl.enabled=false --conf spark.hadoop.fs.s3a.aws.credentials.provider= --jars /opt/spark/jars/hadoop-aws-3.3.1.jar,/opt/spark/jars/aws-java-sdk-bundle-1.11.901.jar,/opt/spark/jars/postgresql-42.7.4.jar --name arrow-spark /opt/spark/testlog_ml_spark.py. Error code is: 1.
[2025-05-22T13:10:04.311+0000] {taskinstance.py:1225} INFO - Marking task as UP_FOR_RETRY. dag_id=kafka_to_minio_to_spark, task_id=spark_etl, run_id=scheduled__2025-05-21T16:00:00+00:00, execution_date=20250521T160000, start_date=20250522T130959, end_date=20250522T131004
[2025-05-22T13:10:04.318+0000] {taskinstance.py:340} INFO - ::group::Post task execution logs
[2025-05-22T13:10:04.319+0000] {standard_task_runner.py:124} ERROR - Failed to execute job 327 for task spark_etl (Cannot execute: spark-submit --master local --conf spark.hadoop.fs.s3a.endpoint=http://3.38.135.214:9000 --conf spark.hadoop.fs.s3a.access.key=minioadmin --conf spark.hadoop.fs.s3a.secret.key=****** --conf spark.hadoop.fs.s3a.impl=org.apache.hadoop.fs.s3a.S3AFileSystem --conf spark.hadoop.fs.s3a.path.style.access=true --conf spark.hadoop.fs.s3a.connection.ssl.enabled=false --conf spark.hadoop.fs.s3a.aws.credentials.provider= --jars /opt/spark/jars/hadoop-aws-3.3.1.jar,/opt/spark/jars/aws-java-sdk-bundle-1.11.901.jar,/opt/spark/jars/postgresql-42.7.4.jar --name arrow-spark /opt/spark/testlog_ml_spark.py. Error code is: 1.; 2056)
Traceback (most recent call last):
  File "/home/airflow/.local/lib/python3.10/site-packages/airflow/task/task_runner/standard_task_runner.py", line 117, in _start_by_fork
    ret = args.func(args, dag=self.dag)
  File "/home/airflow/.local/lib/python3.10/site-packages/airflow/cli/cli_config.py", line 49, in command
    return func(*args, **kwargs)
  File "/home/airflow/.local/lib/python3.10/site-packages/airflow/utils/cli.py", line 115, in wrapper
    return f(*args, **kwargs)
  File "/home/airflow/.local/lib/python3.10/site-packages/airflow/cli/commands/task_command.py", line 483, in task_run
    task_return_code = _run_task_by_selected_method(args, _dag, ti)
  File "/home/airflow/.local/lib/python3.10/site-packages/airflow/cli/commands/task_command.py", line 256, in _run_task_by_selected_method
    return _run_raw_task(args, ti)
  File "/home/airflow/.local/lib/python3.10/site-packages/airflow/cli/commands/task_command.py", line 341, in _run_raw_task
    return ti._run_raw_task(
  File "/home/airflow/.local/lib/python3.10/site-packages/airflow/utils/session.py", line 97, in wrapper
    return func(*args, session=session, **kwargs)
  File "/home/airflow/.local/lib/python3.10/site-packages/airflow/models/taskinstance.py", line 3004, in _run_raw_task
    return _run_raw_task(
  File "/home/airflow/.local/lib/python3.10/site-packages/airflow/models/taskinstance.py", line 273, in _run_raw_task
    TaskInstance._execute_task_with_callbacks(
  File "/home/airflow/.local/lib/python3.10/site-packages/airflow/models/taskinstance.py", line 3158, in _execute_task_with_callbacks
    result = self._execute_task(context, task_orig)
  File "/home/airflow/.local/lib/python3.10/site-packages/airflow/models/taskinstance.py", line 3182, in _execute_task
    return _execute_task(self, context, task_orig)
  File "/home/airflow/.local/lib/python3.10/site-packages/airflow/models/taskinstance.py", line 762, in _execute_task
    result = _execute_callable(context=context, **execute_callable_kwargs)
  File "/home/airflow/.local/lib/python3.10/site-packages/airflow/models/taskinstance.py", line 733, in _execute_callable
    return ExecutionCallableRunner(
  File "/home/airflow/.local/lib/python3.10/site-packages/airflow/utils/operator_helpers.py", line 252, in run
    return self.func(*args, **kwargs)
  File "/home/airflow/.local/lib/python3.10/site-packages/airflow/models/baseoperator.py", line 406, in wrapper
    return func(self, *args, **kwargs)
  File "/home/airflow/.local/lib/python3.10/site-packages/airflow/providers/apache/spark/operators/spark_submit.py", line 157, in execute
    self._hook.submit(self._application)
  File "/home/airflow/.local/lib/python3.10/site-packages/airflow/providers/apache/spark/hooks/spark_submit.py", line 423, in submit
    raise AirflowException(
airflow.exceptions.AirflowException: Cannot execute: spark-submit --master local --conf spark.hadoop.fs.s3a.endpoint=http://3.38.135.214:9000 --conf spark.hadoop.fs.s3a.access.key=minioadmin --conf spark.hadoop.fs.s3a.secret.key=****** --conf spark.hadoop.fs.s3a.impl=org.apache.hadoop.fs.s3a.S3AFileSystem --conf spark.hadoop.fs.s3a.path.style.access=true --conf spark.hadoop.fs.s3a.connection.ssl.enabled=false --conf spark.hadoop.fs.s3a.aws.credentials.provider= --jars /opt/spark/jars/hadoop-aws-3.3.1.jar,/opt/spark/jars/aws-java-sdk-bundle-1.11.901.jar,/opt/spark/jars/postgresql-42.7.4.jar --name arrow-spark /opt/spark/testlog_ml_spark.py. Error code is: 1.
[2025-05-22T13:10:04.335+0000] {local_task_job_runner.py:266} INFO - Task exited with return code 1
[2025-05-22T13:10:04.345+0000] {taskinstance.py:3900} INFO - 0 downstream tasks scheduled from follow-on schedule check
[2025-05-22T13:10:04.346+0000] {local_task_job_runner.py:245} INFO - ::endgroup::
