[2025-05-22T12:54:43.535+0000] {local_task_job_runner.py:123} INFO - ::group::Pre task execution logs
[2025-05-22T12:54:43.541+0000] {taskinstance.py:2612} INFO - Dependencies all met for dep_context=non-requeueable deps ti=<TaskInstance: kafka_to_minio_to_spark.spark_etl scheduled__2025-05-21T16:00:00+00:00 [queued]>
[2025-05-22T12:54:43.545+0000] {taskinstance.py:2612} INFO - Dependencies all met for dep_context=requeueable deps ti=<TaskInstance: kafka_to_minio_to_spark.spark_etl scheduled__2025-05-21T16:00:00+00:00 [queued]>
[2025-05-22T12:54:43.545+0000] {taskinstance.py:2865} INFO - Starting attempt 47 of 49
[2025-05-22T12:54:43.549+0000] {taskinstance.py:2888} INFO - Executing <Task(SparkSubmitOperator): spark_etl> on 2025-05-21 16:00:00+00:00
[2025-05-22T12:54:43.551+0000] {standard_task_runner.py:72} INFO - Started process 874 to run task
[2025-05-22T12:54:43.553+0000] {standard_task_runner.py:104} INFO - Running: ['***', 'tasks', 'run', 'kafka_to_minio_to_spark', 'spark_etl', 'scheduled__2025-05-21T16:00:00+00:00', '--job-id', '321', '--raw', '--subdir', 'DAGS_FOLDER/testlog_ml.py', '--cfg-path', '/tmp/tmpl9d89240']
[2025-05-22T12:54:43.553+0000] {standard_task_runner.py:105} INFO - Job 321: Subtask spark_etl
[2025-05-22T12:54:43.571+0000] {task_command.py:467} INFO - Running <TaskInstance: kafka_to_minio_to_spark.spark_etl scheduled__2025-05-21T16:00:00+00:00 [running]> on host 3337e7bd3891
[2025-05-22T12:54:43.595+0000] {taskinstance.py:3131} INFO - Exporting env vars: AIRFLOW_CTX_DAG_OWNER='***' AIRFLOW_CTX_DAG_ID='kafka_to_minio_to_spark' AIRFLOW_CTX_TASK_ID='spark_etl' AIRFLOW_CTX_EXECUTION_DATE='2025-05-21T16:00:00+00:00' AIRFLOW_CTX_TRY_NUMBER='47' AIRFLOW_CTX_DAG_RUN_ID='scheduled__2025-05-21T16:00:00+00:00'
[2025-05-22T12:54:43.596+0000] {taskinstance.py:731} INFO - ::endgroup::
[2025-05-22T12:54:43.603+0000] {base.py:84} INFO - Retrieving connection 'spark'
[2025-05-22T12:54:43.604+0000] {spark_submit.py:341} INFO - Spark-Submit cmd: spark-submit --master local --conf spark.hadoop.fs.s3a.endpoint=http://3.38.135.214:9000 --conf spark.hadoop.fs.s3a.access.key=minioadmin --conf spark.hadoop.fs.s3a.secret.key=****** --conf spark.hadoop.fs.s3a.impl=org.apache.hadoop.fs.s3a.S3AFileSystem --conf spark.hadoop.fs.s3a.path.style.access=true --conf spark.hadoop.fs.s3a.connection.ssl.enabled=false --conf spark.hadoop.fs.s3a.aws.credentials.provider= --jars /opt/spark/jars/hadoop-aws-3.3.1.jar,/opt/spark/jars/aws-java-sdk-bundle-1.11.901.jar,/opt/spark/jars/postgresql-42.7.4.jar --name arrow-spark /opt/spark/testlog_ml_spark.py
[2025-05-22T12:54:44.313+0000] {spark_submit.py:492} INFO - 25/05/22 12:54:44 WARN NativeCodeLoader: Unable to load native-hadoop library for your platform... using builtin-java classes where applicable
[2025-05-22T12:54:44.979+0000] {spark_submit.py:492} INFO - 25/05/22 12:54:44 INFO SparkContext: Running Spark version 3.5.1
[2025-05-22T12:54:44.982+0000] {spark_submit.py:492} INFO - 25/05/22 12:54:44 INFO SparkContext: OS info Linux, 6.10.14-linuxkit, aarch64
[2025-05-22T12:54:44.983+0000] {spark_submit.py:492} INFO - 25/05/22 12:54:44 INFO SparkContext: Java version 17.0.15
[2025-05-22T12:54:45.003+0000] {spark_submit.py:492} INFO - 25/05/22 12:54:45 INFO ResourceUtils: ==============================================================
[2025-05-22T12:54:45.004+0000] {spark_submit.py:492} INFO - 25/05/22 12:54:45 INFO ResourceUtils: No custom resources configured for spark.driver.
[2025-05-22T12:54:45.006+0000] {spark_submit.py:492} INFO - 25/05/22 12:54:45 INFO ResourceUtils: ==============================================================
[2025-05-22T12:54:45.007+0000] {spark_submit.py:492} INFO - 25/05/22 12:54:45 INFO SparkContext: Submitted application: arrow-spark
[2025-05-22T12:54:45.017+0000] {spark_submit.py:492} INFO - 25/05/22 12:54:45 INFO ResourceProfile: Default ResourceProfile created, executor resources: Map(cores -> name: cores, amount: 1, script: , vendor: , memory -> name: memory, amount: 1024, script: , vendor: , offHeap -> name: offHeap, amount: 0, script: , vendor: ), task resources: Map(cpus -> name: cpus, amount: 1.0)
[2025-05-22T12:54:45.021+0000] {spark_submit.py:492} INFO - 25/05/22 12:54:45 INFO ResourceProfile: Limiting resource is cpu
[2025-05-22T12:54:45.022+0000] {spark_submit.py:492} INFO - 25/05/22 12:54:45 INFO ResourceProfileManager: Added ResourceProfile id: 0
[2025-05-22T12:54:45.051+0000] {spark_submit.py:492} INFO - 25/05/22 12:54:45 INFO SecurityManager: Changing view acls to: ***
[2025-05-22T12:54:45.052+0000] {spark_submit.py:492} INFO - 25/05/22 12:54:45 INFO SecurityManager: Changing modify acls to: ***
[2025-05-22T12:54:45.053+0000] {spark_submit.py:492} INFO - 25/05/22 12:54:45 INFO SecurityManager: Changing view acls groups to:
[2025-05-22T12:54:45.053+0000] {spark_submit.py:492} INFO - 25/05/22 12:54:45 INFO SecurityManager: Changing modify acls groups to:
[2025-05-22T12:54:45.054+0000] {spark_submit.py:492} INFO - 25/05/22 12:54:45 INFO SecurityManager: SecurityManager: authentication disabled; ui acls disabled; users with view permissions: ***; groups with view permissions: EMPTY; users with modify permissions: ***; groups with modify permissions: EMPTY
[2025-05-22T12:54:45.137+0000] {spark_submit.py:492} INFO - 25/05/22 12:54:45 INFO Utils: Successfully started service 'sparkDriver' on port 41795.
[2025-05-22T12:54:45.146+0000] {spark_submit.py:492} INFO - 25/05/22 12:54:45 INFO SparkEnv: Registering MapOutputTracker
[2025-05-22T12:54:45.159+0000] {spark_submit.py:492} INFO - 25/05/22 12:54:45 INFO SparkEnv: Registering BlockManagerMaster
[2025-05-22T12:54:45.168+0000] {spark_submit.py:492} INFO - 25/05/22 12:54:45 INFO BlockManagerMasterEndpoint: Using org.apache.spark.storage.DefaultTopologyMapper for getting topology information
[2025-05-22T12:54:45.169+0000] {spark_submit.py:492} INFO - 25/05/22 12:54:45 INFO BlockManagerMasterEndpoint: BlockManagerMasterEndpoint up
[2025-05-22T12:54:45.170+0000] {spark_submit.py:492} INFO - 25/05/22 12:54:45 INFO SparkEnv: Registering BlockManagerMasterHeartbeat
[2025-05-22T12:54:45.177+0000] {spark_submit.py:492} INFO - 25/05/22 12:54:45 INFO DiskBlockManager: Created local directory at /tmp/blockmgr-2f83eaba-7bc9-4c96-81fe-6bcae8e99cd5
[2025-05-22T12:54:45.182+0000] {spark_submit.py:492} INFO - 25/05/22 12:54:45 INFO MemoryStore: MemoryStore started with capacity 434.4 MiB
[2025-05-22T12:54:45.187+0000] {spark_submit.py:492} INFO - 25/05/22 12:54:45 INFO SparkEnv: Registering OutputCommitCoordinator
[2025-05-22T12:54:45.235+0000] {spark_submit.py:492} INFO - 25/05/22 12:54:45 INFO JettyUtils: Start Jetty 0.0.0.0:4040 for SparkUI
[2025-05-22T12:54:45.270+0000] {spark_submit.py:492} INFO - 25/05/22 12:54:45 INFO Utils: Successfully started service 'SparkUI' on port 4040.
[2025-05-22T12:54:45.301+0000] {spark_submit.py:492} INFO - 25/05/22 12:54:45 INFO SparkContext: Added JAR file:///opt/spark/jars/hadoop-aws-3.3.1.jar at spark://3337e7bd3891:41795/jars/hadoop-aws-3.3.1.jar with timestamp 1747918484973
[2025-05-22T12:54:45.302+0000] {spark_submit.py:492} INFO - 25/05/22 12:54:45 INFO SparkContext: Added JAR file:///opt/spark/jars/aws-java-sdk-bundle-1.11.901.jar at spark://3337e7bd3891:41795/jars/aws-java-sdk-bundle-1.11.901.jar with timestamp 1747918484973
[2025-05-22T12:54:45.302+0000] {spark_submit.py:492} INFO - 25/05/22 12:54:45 INFO SparkContext: Added JAR file:///opt/spark/jars/postgresql-42.7.4.jar at spark://3337e7bd3891:41795/jars/postgresql-42.7.4.jar with timestamp 1747918484973
[2025-05-22T12:54:45.345+0000] {spark_submit.py:492} INFO - 25/05/22 12:54:45 INFO Executor: Starting executor ID driver on host 3337e7bd3891
[2025-05-22T12:54:45.346+0000] {spark_submit.py:492} INFO - 25/05/22 12:54:45 INFO Executor: OS info Linux, 6.10.14-linuxkit, aarch64
[2025-05-22T12:54:45.346+0000] {spark_submit.py:492} INFO - 25/05/22 12:54:45 INFO Executor: Java version 17.0.15
[2025-05-22T12:54:45.350+0000] {spark_submit.py:492} INFO - 25/05/22 12:54:45 INFO Executor: Starting executor with user classpath (userClassPathFirst = false): ''
[2025-05-22T12:54:45.350+0000] {spark_submit.py:492} INFO - 25/05/22 12:54:45 INFO Executor: Created or updated repl class loader org.apache.spark.util.MutableURLClassLoader@17d362ba for default.
[2025-05-22T12:54:45.356+0000] {spark_submit.py:492} INFO - 25/05/22 12:54:45 INFO Executor: Fetching spark://3337e7bd3891:41795/jars/postgresql-42.7.4.jar with timestamp 1747918484973
[2025-05-22T12:54:45.377+0000] {spark_submit.py:492} INFO - 25/05/22 12:54:45 INFO TransportClientFactory: Successfully created connection to 3337e7bd3891/172.27.0.4:41795 after 9 ms (0 ms spent in bootstraps)
[2025-05-22T12:54:45.381+0000] {spark_submit.py:492} INFO - 25/05/22 12:54:45 INFO Utils: Fetching spark://3337e7bd3891:41795/jars/postgresql-42.7.4.jar to /tmp/spark-90ad140d-5bc1-4e60-9166-e79ef2e0a89c/userFiles-d1247950-1d8c-430e-87b0-1de9f512d648/fetchFileTemp6703296423142189967.tmp
[2025-05-22T12:54:45.393+0000] {spark_submit.py:492} INFO - 25/05/22 12:54:45 INFO Executor: Adding file:/tmp/spark-90ad140d-5bc1-4e60-9166-e79ef2e0a89c/userFiles-d1247950-1d8c-430e-87b0-1de9f512d648/postgresql-42.7.4.jar to class loader default
[2025-05-22T12:54:45.394+0000] {spark_submit.py:492} INFO - 25/05/22 12:54:45 INFO Executor: Fetching spark://3337e7bd3891:41795/jars/hadoop-aws-3.3.1.jar with timestamp 1747918484973
[2025-05-22T12:54:45.394+0000] {spark_submit.py:492} INFO - 25/05/22 12:54:45 INFO Utils: Fetching spark://3337e7bd3891:41795/jars/hadoop-aws-3.3.1.jar to /tmp/spark-90ad140d-5bc1-4e60-9166-e79ef2e0a89c/userFiles-d1247950-1d8c-430e-87b0-1de9f512d648/fetchFileTemp8057209897844137413.tmp
[2025-05-22T12:54:45.399+0000] {spark_submit.py:492} INFO - 25/05/22 12:54:45 INFO Executor: Adding file:/tmp/spark-90ad140d-5bc1-4e60-9166-e79ef2e0a89c/userFiles-d1247950-1d8c-430e-87b0-1de9f512d648/hadoop-aws-3.3.1.jar to class loader default
[2025-05-22T12:54:45.400+0000] {spark_submit.py:492} INFO - 25/05/22 12:54:45 INFO Executor: Fetching spark://3337e7bd3891:41795/jars/aws-java-sdk-bundle-1.11.901.jar with timestamp 1747918484973
[2025-05-22T12:54:45.400+0000] {spark_submit.py:492} INFO - 25/05/22 12:54:45 INFO Utils: Fetching spark://3337e7bd3891:41795/jars/aws-java-sdk-bundle-1.11.901.jar to /tmp/spark-90ad140d-5bc1-4e60-9166-e79ef2e0a89c/userFiles-d1247950-1d8c-430e-87b0-1de9f512d648/fetchFileTemp9260731792102125509.tmp
[2025-05-22T12:54:45.637+0000] {spark_submit.py:492} INFO - 25/05/22 12:54:45 INFO Executor: Adding file:/tmp/spark-90ad140d-5bc1-4e60-9166-e79ef2e0a89c/userFiles-d1247950-1d8c-430e-87b0-1de9f512d648/aws-java-sdk-bundle-1.11.901.jar to class loader default
[2025-05-22T12:54:45.643+0000] {spark_submit.py:492} INFO - 25/05/22 12:54:45 INFO Utils: Successfully started service 'org.apache.spark.network.netty.NettyBlockTransferService' on port 40443.
[2025-05-22T12:54:45.645+0000] {spark_submit.py:492} INFO - 25/05/22 12:54:45 INFO NettyBlockTransferService: Server created on 3337e7bd3891:40443
[2025-05-22T12:54:45.647+0000] {spark_submit.py:492} INFO - 25/05/22 12:54:45 INFO BlockManager: Using org.apache.spark.storage.RandomBlockReplicationPolicy for block replication policy
[2025-05-22T12:54:45.648+0000] {spark_submit.py:492} INFO - 25/05/22 12:54:45 INFO BlockManagerMaster: Registering BlockManager BlockManagerId(driver, 3337e7bd3891, 40443, None)
[2025-05-22T12:54:45.649+0000] {spark_submit.py:492} INFO - 25/05/22 12:54:45 INFO BlockManagerMasterEndpoint: Registering block manager 3337e7bd3891:40443 with 434.4 MiB RAM, BlockManagerId(driver, 3337e7bd3891, 40443, None)
[2025-05-22T12:54:45.651+0000] {spark_submit.py:492} INFO - 25/05/22 12:54:45 INFO BlockManagerMaster: Registered BlockManager BlockManagerId(driver, 3337e7bd3891, 40443, None)
[2025-05-22T12:54:45.652+0000] {spark_submit.py:492} INFO - 25/05/22 12:54:45 INFO BlockManager: Initialized BlockManager: BlockManagerId(driver, 3337e7bd3891, 40443, None)
[2025-05-22T12:54:45.799+0000] {spark_submit.py:492} INFO - 25/05/22 12:54:45 INFO SharedState: Setting hive.metastore.warehouse.dir ('null') to the value of spark.sql.warehouse.dir.
[2025-05-22T12:54:45.800+0000] {spark_submit.py:492} INFO - 25/05/22 12:54:45 INFO SharedState: Warehouse path is 'file:/opt/***/spark-warehouse'.
[2025-05-22T12:54:46.330+0000] {spark_submit.py:492} INFO - 25/05/22 12:54:46 WARN MetricsConfig: Cannot locate configuration: tried hadoop-metrics2-s3a-file-system.properties,hadoop-metrics2.properties
[2025-05-22T12:54:46.340+0000] {spark_submit.py:492} INFO - 25/05/22 12:54:46 INFO MetricsSystemImpl: Scheduled Metric snapshot period at 10 second(s).
[2025-05-22T12:54:46.340+0000] {spark_submit.py:492} INFO - 25/05/22 12:54:46 INFO MetricsSystemImpl: s3a-file-system metrics system started
[2025-05-22T12:54:46.901+0000] {spark_submit.py:492} INFO - 25/05/22 12:54:46 INFO InMemoryFileIndex: It took 42 ms to list leaf files for 1 paths.
[2025-05-22T12:54:46.978+0000] {spark_submit.py:492} INFO - 25/05/22 12:54:46 INFO InMemoryFileIndex: It took 28 ms to list leaf files for 1 paths.
[2025-05-22T12:54:48.288+0000] {spark_submit.py:492} INFO - 25/05/22 12:54:48 INFO FileSourceStrategy: Pushed Filters:
[2025-05-22T12:54:48.289+0000] {spark_submit.py:492} INFO - 25/05/22 12:54:48 INFO FileSourceStrategy: Post-Scan Filters: (length(trim(value#0, None)) > 0)
[2025-05-22T12:54:48.463+0000] {spark_submit.py:492} INFO - 25/05/22 12:54:48 INFO CodeGenerator: Code generated in 64.46575 ms
[2025-05-22T12:54:48.488+0000] {spark_submit.py:492} INFO - 25/05/22 12:54:48 INFO MemoryStore: Block broadcast_0 stored as values in memory (estimated size 202.1 KiB, free 434.2 MiB)
[2025-05-22T12:54:48.511+0000] {spark_submit.py:492} INFO - 25/05/22 12:54:48 INFO MemoryStore: Block broadcast_0_piece0 stored as bytes in memory (estimated size 35.0 KiB, free 434.2 MiB)
[2025-05-22T12:54:48.512+0000] {spark_submit.py:492} INFO - 25/05/22 12:54:48 INFO BlockManagerInfo: Added broadcast_0_piece0 in memory on 3337e7bd3891:40443 (size: 35.0 KiB, free: 434.4 MiB)
[2025-05-22T12:54:48.513+0000] {spark_submit.py:492} INFO - 25/05/22 12:54:48 INFO SparkContext: Created broadcast 0 from csv at NativeMethodAccessorImpl.java:0
[2025-05-22T12:54:48.520+0000] {spark_submit.py:492} INFO - 25/05/22 12:54:48 INFO FileSourceScanExec: Planning scan with bin packing, max size: 4233153 bytes, open cost is considered as scanning 4194304 bytes.
[2025-05-22T12:54:48.564+0000] {spark_submit.py:492} INFO - 25/05/22 12:54:48 INFO SparkContext: Starting job: csv at NativeMethodAccessorImpl.java:0
[2025-05-22T12:54:48.574+0000] {spark_submit.py:492} INFO - 25/05/22 12:54:48 INFO DAGScheduler: Got job 0 (csv at NativeMethodAccessorImpl.java:0) with 1 output partitions
[2025-05-22T12:54:48.574+0000] {spark_submit.py:492} INFO - 25/05/22 12:54:48 INFO DAGScheduler: Final stage: ResultStage 0 (csv at NativeMethodAccessorImpl.java:0)
[2025-05-22T12:54:48.575+0000] {spark_submit.py:492} INFO - 25/05/22 12:54:48 INFO DAGScheduler: Parents of final stage: List()
[2025-05-22T12:54:48.575+0000] {spark_submit.py:492} INFO - 25/05/22 12:54:48 INFO DAGScheduler: Missing parents: List()
[2025-05-22T12:54:48.575+0000] {spark_submit.py:492} INFO - 25/05/22 12:54:48 INFO DAGScheduler: Submitting ResultStage 0 (MapPartitionsRDD[3] at csv at NativeMethodAccessorImpl.java:0), which has no missing parents
[2025-05-22T12:54:48.602+0000] {spark_submit.py:492} INFO - 25/05/22 12:54:48 INFO MemoryStore: Block broadcast_1 stored as values in memory (estimated size 13.5 KiB, free 434.2 MiB)
[2025-05-22T12:54:48.605+0000] {spark_submit.py:492} INFO - 25/05/22 12:54:48 INFO MemoryStore: Block broadcast_1_piece0 stored as bytes in memory (estimated size 6.4 KiB, free 434.1 MiB)
[2025-05-22T12:54:48.606+0000] {spark_submit.py:492} INFO - 25/05/22 12:54:48 INFO BlockManagerInfo: Added broadcast_1_piece0 in memory on 3337e7bd3891:40443 (size: 6.4 KiB, free: 434.4 MiB)
[2025-05-22T12:54:48.606+0000] {spark_submit.py:492} INFO - 25/05/22 12:54:48 INFO SparkContext: Created broadcast 1 from broadcast at DAGScheduler.scala:1585
[2025-05-22T12:54:48.612+0000] {spark_submit.py:492} INFO - 25/05/22 12:54:48 INFO DAGScheduler: Submitting 1 missing tasks from ResultStage 0 (MapPartitionsRDD[3] at csv at NativeMethodAccessorImpl.java:0) (first 15 tasks are for partitions Vector(0))
[2025-05-22T12:54:48.613+0000] {spark_submit.py:492} INFO - 25/05/22 12:54:48 INFO TaskSchedulerImpl: Adding task set 0.0 with 1 tasks resource profile 0
[2025-05-22T12:54:48.630+0000] {spark_submit.py:492} INFO - 25/05/22 12:54:48 INFO TaskSetManager: Starting task 0.0 in stage 0.0 (TID 0) (3337e7bd3891, executor driver, partition 0, PROCESS_LOCAL, 8601 bytes)
[2025-05-22T12:54:48.635+0000] {spark_submit.py:492} INFO - 25/05/22 12:54:48 INFO Executor: Running task 0.0 in stage 0.0 (TID 0)
[2025-05-22T12:54:48.686+0000] {spark_submit.py:492} INFO - 25/05/22 12:54:48 INFO CodeGenerator: Code generated in 18.181 ms
[2025-05-22T12:54:48.688+0000] {spark_submit.py:492} INFO - 25/05/22 12:54:48 INFO FileScanRDD: Reading File path: s3a://user-log-ml/2025-05-22_01-00-00.csv, range: 0-38849, partition values: [empty row]
[2025-05-22T12:54:48.698+0000] {spark_submit.py:492} INFO - 25/05/22 12:54:48 INFO CodeGenerator: Code generated in 7.575458 ms
[2025-05-22T12:54:48.758+0000] {spark_submit.py:492} INFO - 25/05/22 12:54:48 INFO Executor: Finished task 0.0 in stage 0.0 (TID 0). 1732 bytes result sent to driver
[2025-05-22T12:54:48.761+0000] {spark_submit.py:492} INFO - 25/05/22 12:54:48 INFO TaskSetManager: Finished task 0.0 in stage 0.0 (TID 0) in 135 ms on 3337e7bd3891 (executor driver) (1/1)
[2025-05-22T12:54:48.762+0000] {spark_submit.py:492} INFO - 25/05/22 12:54:48 INFO TaskSchedulerImpl: Removed TaskSet 0.0, whose tasks have all completed, from pool
[2025-05-22T12:54:48.763+0000] {spark_submit.py:492} INFO - 25/05/22 12:54:48 INFO DAGScheduler: ResultStage 0 (csv at NativeMethodAccessorImpl.java:0) finished in 0.184 s
[2025-05-22T12:54:48.764+0000] {spark_submit.py:492} INFO - 25/05/22 12:54:48 INFO DAGScheduler: Job 0 is finished. Cancelling potential speculative or zombie tasks for this job
[2025-05-22T12:54:48.765+0000] {spark_submit.py:492} INFO - 25/05/22 12:54:48 INFO TaskSchedulerImpl: Killing all running tasks in stage 0: Stage finished
[2025-05-22T12:54:48.766+0000] {spark_submit.py:492} INFO - 25/05/22 12:54:48 INFO DAGScheduler: Job 0 finished: csv at NativeMethodAccessorImpl.java:0, took 0.200648 s
[2025-05-22T12:54:48.773+0000] {spark_submit.py:492} INFO - 25/05/22 12:54:48 INFO CodeGenerator: Code generated in 4.201375 ms
[2025-05-22T12:54:48.799+0000] {spark_submit.py:492} INFO - 25/05/22 12:54:48 INFO BlockManagerInfo: Removed broadcast_1_piece0 on 3337e7bd3891:40443 in memory (size: 6.4 KiB, free: 434.4 MiB)
[2025-05-22T12:54:48.804+0000] {spark_submit.py:492} INFO - 25/05/22 12:54:48 INFO FileSourceStrategy: Pushed Filters:
[2025-05-22T12:54:48.804+0000] {spark_submit.py:492} INFO - 25/05/22 12:54:48 INFO FileSourceStrategy: Post-Scan Filters:
[2025-05-22T12:54:48.806+0000] {spark_submit.py:492} INFO - 25/05/22 12:54:48 INFO MemoryStore: Block broadcast_2 stored as values in memory (estimated size 202.1 KiB, free 434.0 MiB)
[2025-05-22T12:54:48.812+0000] {spark_submit.py:492} INFO - 25/05/22 12:54:48 INFO MemoryStore: Block broadcast_2_piece0 stored as bytes in memory (estimated size 35.0 KiB, free 433.9 MiB)
[2025-05-22T12:54:48.813+0000] {spark_submit.py:492} INFO - 25/05/22 12:54:48 INFO BlockManagerInfo: Added broadcast_2_piece0 in memory on 3337e7bd3891:40443 (size: 35.0 KiB, free: 434.3 MiB)
[2025-05-22T12:54:48.814+0000] {spark_submit.py:492} INFO - 25/05/22 12:54:48 INFO SparkContext: Created broadcast 2 from csv at NativeMethodAccessorImpl.java:0
[2025-05-22T12:54:48.815+0000] {spark_submit.py:492} INFO - 25/05/22 12:54:48 INFO FileSourceScanExec: Planning scan with bin packing, max size: 4233153 bytes, open cost is considered as scanning 4194304 bytes.
[2025-05-22T12:54:48.828+0000] {spark_submit.py:492} INFO - 25/05/22 12:54:48 INFO BlockManagerInfo: Removed broadcast_0_piece0 on 3337e7bd3891:40443 in memory (size: 35.0 KiB, free: 434.4 MiB)
[2025-05-22T12:54:48.849+0000] {spark_submit.py:492} INFO - 25/05/22 12:54:48 INFO SparkContext: Starting job: csv at NativeMethodAccessorImpl.java:0
[2025-05-22T12:54:48.852+0000] {spark_submit.py:492} INFO - 25/05/22 12:54:48 INFO DAGScheduler: Got job 1 (csv at NativeMethodAccessorImpl.java:0) with 1 output partitions
[2025-05-22T12:54:48.856+0000] {spark_submit.py:492} INFO - 25/05/22 12:54:48 INFO DAGScheduler: Final stage: ResultStage 1 (csv at NativeMethodAccessorImpl.java:0)
[2025-05-22T12:54:48.856+0000] {spark_submit.py:492} INFO - 25/05/22 12:54:48 INFO DAGScheduler: Parents of final stage: List()
[2025-05-22T12:54:48.857+0000] {spark_submit.py:492} INFO - 25/05/22 12:54:48 INFO DAGScheduler: Missing parents: List()
[2025-05-22T12:54:48.857+0000] {spark_submit.py:492} INFO - 25/05/22 12:54:48 INFO DAGScheduler: Submitting ResultStage 1 (MapPartitionsRDD[9] at csv at NativeMethodAccessorImpl.java:0), which has no missing parents
[2025-05-22T12:54:48.862+0000] {spark_submit.py:492} INFO - 25/05/22 12:54:48 INFO MemoryStore: Block broadcast_3 stored as values in memory (estimated size 28.5 KiB, free 434.1 MiB)
[2025-05-22T12:54:48.865+0000] {spark_submit.py:492} INFO - 25/05/22 12:54:48 INFO MemoryStore: Block broadcast_3_piece0 stored as bytes in memory (estimated size 13.1 KiB, free 434.1 MiB)
[2025-05-22T12:54:48.865+0000] {spark_submit.py:492} INFO - 25/05/22 12:54:48 INFO BlockManagerInfo: Added broadcast_3_piece0 in memory on 3337e7bd3891:40443 (size: 13.1 KiB, free: 434.4 MiB)
[2025-05-22T12:54:48.866+0000] {spark_submit.py:492} INFO - 25/05/22 12:54:48 INFO SparkContext: Created broadcast 3 from broadcast at DAGScheduler.scala:1585
[2025-05-22T12:54:48.866+0000] {spark_submit.py:492} INFO - 25/05/22 12:54:48 INFO DAGScheduler: Submitting 1 missing tasks from ResultStage 1 (MapPartitionsRDD[9] at csv at NativeMethodAccessorImpl.java:0) (first 15 tasks are for partitions Vector(0))
[2025-05-22T12:54:48.867+0000] {spark_submit.py:492} INFO - 25/05/22 12:54:48 INFO TaskSchedulerImpl: Adding task set 1.0 with 1 tasks resource profile 0
[2025-05-22T12:54:48.868+0000] {spark_submit.py:492} INFO - 25/05/22 12:54:48 INFO TaskSetManager: Starting task 0.0 in stage 1.0 (TID 1) (3337e7bd3891, executor driver, partition 0, PROCESS_LOCAL, 8601 bytes)
[2025-05-22T12:54:48.869+0000] {spark_submit.py:492} INFO - 25/05/22 12:54:48 INFO Executor: Running task 0.0 in stage 1.0 (TID 1)
[2025-05-22T12:54:48.893+0000] {spark_submit.py:492} INFO - 25/05/22 12:54:48 INFO CodeGenerator: Code generated in 3.900833 ms
[2025-05-22T12:54:48.894+0000] {spark_submit.py:492} INFO - 25/05/22 12:54:48 INFO FileScanRDD: Reading File path: s3a://user-log-ml/2025-05-22_01-00-00.csv, range: 0-38849, partition values: [empty row]
[2025-05-22T12:54:49.031+0000] {spark_submit.py:492} INFO - 25/05/22 12:54:49 INFO Executor: Finished task 0.0 in stage 1.0 (TID 1). 1745 bytes result sent to driver
[2025-05-22T12:54:49.032+0000] {spark_submit.py:492} INFO - 25/05/22 12:54:49 INFO TaskSetManager: Finished task 0.0 in stage 1.0 (TID 1) in 165 ms on 3337e7bd3891 (executor driver) (1/1)
[2025-05-22T12:54:49.036+0000] {spark_submit.py:492} INFO - 25/05/22 12:54:49 INFO DAGScheduler: ResultStage 1 (csv at NativeMethodAccessorImpl.java:0) finished in 0.181 s
[2025-05-22T12:54:49.037+0000] {spark_submit.py:492} INFO - 25/05/22 12:54:49 INFO DAGScheduler: Job 1 is finished. Cancelling potential speculative or zombie tasks for this job
[2025-05-22T12:54:49.037+0000] {spark_submit.py:492} INFO - 25/05/22 12:54:49 INFO TaskSchedulerImpl: Removed TaskSet 1.0, whose tasks have all completed, from pool
[2025-05-22T12:54:49.037+0000] {spark_submit.py:492} INFO - 25/05/22 12:54:49 INFO TaskSchedulerImpl: Killing all running tasks in stage 1: Stage finished
[2025-05-22T12:54:49.038+0000] {spark_submit.py:492} INFO - 25/05/22 12:54:49 INFO DAGScheduler: Job 1 finished: csv at NativeMethodAccessorImpl.java:0, took 0.184071 s
[2025-05-22T12:54:49.062+0000] {spark_submit.py:492} INFO - Traceback (most recent call last):
[2025-05-22T12:54:49.062+0000] {spark_submit.py:492} INFO - File "/opt/spark/testlog_ml_spark.py", line 15, in <module>
[2025-05-22T12:54:49.063+0000] {spark_submit.py:492} INFO - .withColumn("like_score", when(col("event_type") == "like_click") & (col("liked") == 1, lit(3))
[2025-05-22T12:54:49.063+0000] {spark_submit.py:492} INFO - File "/home/***/.local/lib/python3.10/site-packages/pyspark/python/lib/pyspark.zip/pyspark/sql/utils.py", line 174, in wrapped
[2025-05-22T12:54:49.063+0000] {spark_submit.py:492} INFO - TypeError: when() missing 1 required positional argument: 'value'
[2025-05-22T12:54:49.084+0000] {spark_submit.py:492} INFO - 25/05/22 12:54:49 INFO SparkContext: Invoking stop() from shutdown hook
[2025-05-22T12:54:49.085+0000] {spark_submit.py:492} INFO - 25/05/22 12:54:49 INFO SparkContext: SparkContext is stopping with exitCode 0.
[2025-05-22T12:54:49.088+0000] {spark_submit.py:492} INFO - 25/05/22 12:54:49 INFO SparkUI: Stopped Spark web UI at http://3337e7bd3891:4040
[2025-05-22T12:54:49.091+0000] {spark_submit.py:492} INFO - 25/05/22 12:54:49 INFO MapOutputTrackerMasterEndpoint: MapOutputTrackerMasterEndpoint stopped!
[2025-05-22T12:54:49.095+0000] {spark_submit.py:492} INFO - 25/05/22 12:54:49 INFO MemoryStore: MemoryStore cleared
[2025-05-22T12:54:49.096+0000] {spark_submit.py:492} INFO - 25/05/22 12:54:49 INFO BlockManager: BlockManager stopped
[2025-05-22T12:54:49.096+0000] {spark_submit.py:492} INFO - 25/05/22 12:54:49 INFO BlockManagerMaster: BlockManagerMaster stopped
[2025-05-22T12:54:49.097+0000] {spark_submit.py:492} INFO - 25/05/22 12:54:49 INFO OutputCommitCoordinator$OutputCommitCoordinatorEndpoint: OutputCommitCoordinator stopped!
[2025-05-22T12:54:49.099+0000] {spark_submit.py:492} INFO - 25/05/22 12:54:49 INFO SparkContext: Successfully stopped SparkContext
[2025-05-22T12:54:49.099+0000] {spark_submit.py:492} INFO - 25/05/22 12:54:49 INFO ShutdownHookManager: Shutdown hook called
[2025-05-22T12:54:49.100+0000] {spark_submit.py:492} INFO - 25/05/22 12:54:49 INFO ShutdownHookManager: Deleting directory /tmp/spark-fc34a5e8-d58b-4622-897b-6da32cd7c4fe
[2025-05-22T12:54:49.101+0000] {spark_submit.py:492} INFO - 25/05/22 12:54:49 INFO ShutdownHookManager: Deleting directory /tmp/spark-90ad140d-5bc1-4e60-9166-e79ef2e0a89c
[2025-05-22T12:54:49.102+0000] {spark_submit.py:492} INFO - 25/05/22 12:54:49 INFO ShutdownHookManager: Deleting directory /tmp/spark-90ad140d-5bc1-4e60-9166-e79ef2e0a89c/pyspark-0a64e858-e5c8-4a32-a256-0b88a31189c7
[2025-05-22T12:54:49.105+0000] {spark_submit.py:492} INFO - 25/05/22 12:54:49 INFO MetricsSystemImpl: Stopping s3a-file-system metrics system...
[2025-05-22T12:54:49.105+0000] {spark_submit.py:492} INFO - 25/05/22 12:54:49 INFO MetricsSystemImpl: s3a-file-system metrics system stopped.
[2025-05-22T12:54:49.105+0000] {spark_submit.py:492} INFO - 25/05/22 12:54:49 INFO MetricsSystemImpl: s3a-file-system metrics system shutdown complete.
[2025-05-22T12:54:49.134+0000] {taskinstance.py:3310} ERROR - Task failed with exception
Traceback (most recent call last):
  File "/home/airflow/.local/lib/python3.10/site-packages/airflow/models/taskinstance.py", line 762, in _execute_task
    result = _execute_callable(context=context, **execute_callable_kwargs)
  File "/home/airflow/.local/lib/python3.10/site-packages/airflow/models/taskinstance.py", line 733, in _execute_callable
    return ExecutionCallableRunner(
  File "/home/airflow/.local/lib/python3.10/site-packages/airflow/utils/operator_helpers.py", line 252, in run
    return self.func(*args, **kwargs)
  File "/home/airflow/.local/lib/python3.10/site-packages/airflow/models/baseoperator.py", line 406, in wrapper
    return func(self, *args, **kwargs)
  File "/home/airflow/.local/lib/python3.10/site-packages/airflow/providers/apache/spark/operators/spark_submit.py", line 157, in execute
    self._hook.submit(self._application)
  File "/home/airflow/.local/lib/python3.10/site-packages/airflow/providers/apache/spark/hooks/spark_submit.py", line 423, in submit
    raise AirflowException(
airflow.exceptions.AirflowException: Cannot execute: spark-submit --master local --conf spark.hadoop.fs.s3a.endpoint=http://3.38.135.214:9000 --conf spark.hadoop.fs.s3a.access.key=minioadmin --conf spark.hadoop.fs.s3a.secret.key=****** --conf spark.hadoop.fs.s3a.impl=org.apache.hadoop.fs.s3a.S3AFileSystem --conf spark.hadoop.fs.s3a.path.style.access=true --conf spark.hadoop.fs.s3a.connection.ssl.enabled=false --conf spark.hadoop.fs.s3a.aws.credentials.provider= --jars /opt/spark/jars/hadoop-aws-3.3.1.jar,/opt/spark/jars/aws-java-sdk-bundle-1.11.901.jar,/opt/spark/jars/postgresql-42.7.4.jar --name arrow-spark /opt/spark/testlog_ml_spark.py. Error code is: 1.
[2025-05-22T12:54:49.136+0000] {taskinstance.py:1225} INFO - Marking task as UP_FOR_RETRY. dag_id=kafka_to_minio_to_spark, task_id=spark_etl, run_id=scheduled__2025-05-21T16:00:00+00:00, execution_date=20250521T160000, start_date=20250522T125443, end_date=20250522T125449
[2025-05-22T12:54:49.142+0000] {taskinstance.py:340} INFO - ::group::Post task execution logs
[2025-05-22T12:54:49.142+0000] {standard_task_runner.py:124} ERROR - Failed to execute job 321 for task spark_etl (Cannot execute: spark-submit --master local --conf spark.hadoop.fs.s3a.endpoint=http://3.38.135.214:9000 --conf spark.hadoop.fs.s3a.access.key=minioadmin --conf spark.hadoop.fs.s3a.secret.key=****** --conf spark.hadoop.fs.s3a.impl=org.apache.hadoop.fs.s3a.S3AFileSystem --conf spark.hadoop.fs.s3a.path.style.access=true --conf spark.hadoop.fs.s3a.connection.ssl.enabled=false --conf spark.hadoop.fs.s3a.aws.credentials.provider= --jars /opt/spark/jars/hadoop-aws-3.3.1.jar,/opt/spark/jars/aws-java-sdk-bundle-1.11.901.jar,/opt/spark/jars/postgresql-42.7.4.jar --name arrow-spark /opt/spark/testlog_ml_spark.py. Error code is: 1.; 874)
Traceback (most recent call last):
  File "/home/airflow/.local/lib/python3.10/site-packages/airflow/task/task_runner/standard_task_runner.py", line 117, in _start_by_fork
    ret = args.func(args, dag=self.dag)
  File "/home/airflow/.local/lib/python3.10/site-packages/airflow/cli/cli_config.py", line 49, in command
    return func(*args, **kwargs)
  File "/home/airflow/.local/lib/python3.10/site-packages/airflow/utils/cli.py", line 115, in wrapper
    return f(*args, **kwargs)
  File "/home/airflow/.local/lib/python3.10/site-packages/airflow/cli/commands/task_command.py", line 483, in task_run
    task_return_code = _run_task_by_selected_method(args, _dag, ti)
  File "/home/airflow/.local/lib/python3.10/site-packages/airflow/cli/commands/task_command.py", line 256, in _run_task_by_selected_method
    return _run_raw_task(args, ti)
  File "/home/airflow/.local/lib/python3.10/site-packages/airflow/cli/commands/task_command.py", line 341, in _run_raw_task
    return ti._run_raw_task(
  File "/home/airflow/.local/lib/python3.10/site-packages/airflow/utils/session.py", line 97, in wrapper
    return func(*args, session=session, **kwargs)
  File "/home/airflow/.local/lib/python3.10/site-packages/airflow/models/taskinstance.py", line 3004, in _run_raw_task
    return _run_raw_task(
  File "/home/airflow/.local/lib/python3.10/site-packages/airflow/models/taskinstance.py", line 273, in _run_raw_task
    TaskInstance._execute_task_with_callbacks(
  File "/home/airflow/.local/lib/python3.10/site-packages/airflow/models/taskinstance.py", line 3158, in _execute_task_with_callbacks
    result = self._execute_task(context, task_orig)
  File "/home/airflow/.local/lib/python3.10/site-packages/airflow/models/taskinstance.py", line 3182, in _execute_task
    return _execute_task(self, context, task_orig)
  File "/home/airflow/.local/lib/python3.10/site-packages/airflow/models/taskinstance.py", line 762, in _execute_task
    result = _execute_callable(context=context, **execute_callable_kwargs)
  File "/home/airflow/.local/lib/python3.10/site-packages/airflow/models/taskinstance.py", line 733, in _execute_callable
    return ExecutionCallableRunner(
  File "/home/airflow/.local/lib/python3.10/site-packages/airflow/utils/operator_helpers.py", line 252, in run
    return self.func(*args, **kwargs)
  File "/home/airflow/.local/lib/python3.10/site-packages/airflow/models/baseoperator.py", line 406, in wrapper
    return func(self, *args, **kwargs)
  File "/home/airflow/.local/lib/python3.10/site-packages/airflow/providers/apache/spark/operators/spark_submit.py", line 157, in execute
    self._hook.submit(self._application)
  File "/home/airflow/.local/lib/python3.10/site-packages/airflow/providers/apache/spark/hooks/spark_submit.py", line 423, in submit
    raise AirflowException(
airflow.exceptions.AirflowException: Cannot execute: spark-submit --master local --conf spark.hadoop.fs.s3a.endpoint=http://3.38.135.214:9000 --conf spark.hadoop.fs.s3a.access.key=minioadmin --conf spark.hadoop.fs.s3a.secret.key=****** --conf spark.hadoop.fs.s3a.impl=org.apache.hadoop.fs.s3a.S3AFileSystem --conf spark.hadoop.fs.s3a.path.style.access=true --conf spark.hadoop.fs.s3a.connection.ssl.enabled=false --conf spark.hadoop.fs.s3a.aws.credentials.provider= --jars /opt/spark/jars/hadoop-aws-3.3.1.jar,/opt/spark/jars/aws-java-sdk-bundle-1.11.901.jar,/opt/spark/jars/postgresql-42.7.4.jar --name arrow-spark /opt/spark/testlog_ml_spark.py. Error code is: 1.
[2025-05-22T12:54:49.172+0000] {local_task_job_runner.py:266} INFO - Task exited with return code 1
[2025-05-22T12:54:49.178+0000] {taskinstance.py:3900} INFO - 0 downstream tasks scheduled from follow-on schedule check
[2025-05-22T12:54:49.179+0000] {local_task_job_runner.py:245} INFO - ::endgroup::
