[2025-05-22T13:03:25.351+0000] {local_task_job_runner.py:123} INFO - ::group::Pre task execution logs
[2025-05-22T13:03:25.358+0000] {taskinstance.py:2612} INFO - Dependencies all met for dep_context=non-requeueable deps ti=<TaskInstance: kafka_to_minio_to_spark.spark_etl scheduled__2025-05-21T16:00:00+00:00 [queued]>
[2025-05-22T13:03:25.361+0000] {taskinstance.py:2612} INFO - Dependencies all met for dep_context=requeueable deps ti=<TaskInstance: kafka_to_minio_to_spark.spark_etl scheduled__2025-05-21T16:00:00+00:00 [queued]>
[2025-05-22T13:03:25.361+0000] {taskinstance.py:2865} INFO - Starting attempt 50 of 52
[2025-05-22T13:03:25.365+0000] {taskinstance.py:2888} INFO - Executing <Task(SparkSubmitOperator): spark_etl> on 2025-05-21 16:00:00+00:00
[2025-05-22T13:03:25.367+0000] {standard_task_runner.py:72} INFO - Started process 1489 to run task
[2025-05-22T13:03:25.369+0000] {standard_task_runner.py:104} INFO - Running: ['***', 'tasks', 'run', 'kafka_to_minio_to_spark', 'spark_etl', 'scheduled__2025-05-21T16:00:00+00:00', '--job-id', '324', '--raw', '--subdir', 'DAGS_FOLDER/testlog_ml.py', '--cfg-path', '/tmp/tmpiwf59unj']
[2025-05-22T13:03:25.370+0000] {standard_task_runner.py:105} INFO - Job 324: Subtask spark_etl
[2025-05-22T13:03:25.387+0000] {task_command.py:467} INFO - Running <TaskInstance: kafka_to_minio_to_spark.spark_etl scheduled__2025-05-21T16:00:00+00:00 [running]> on host 3337e7bd3891
[2025-05-22T13:03:25.427+0000] {taskinstance.py:3131} INFO - Exporting env vars: AIRFLOW_CTX_DAG_OWNER='***' AIRFLOW_CTX_DAG_ID='kafka_to_minio_to_spark' AIRFLOW_CTX_TASK_ID='spark_etl' AIRFLOW_CTX_EXECUTION_DATE='2025-05-21T16:00:00+00:00' AIRFLOW_CTX_TRY_NUMBER='50' AIRFLOW_CTX_DAG_RUN_ID='scheduled__2025-05-21T16:00:00+00:00'
[2025-05-22T13:03:25.428+0000] {taskinstance.py:731} INFO - ::endgroup::
[2025-05-22T13:03:25.439+0000] {base.py:84} INFO - Retrieving connection 'spark'
[2025-05-22T13:03:25.440+0000] {spark_submit.py:341} INFO - Spark-Submit cmd: spark-submit --master local --conf spark.hadoop.fs.s3a.endpoint=http://3.38.135.214:9000 --conf spark.hadoop.fs.s3a.access.key=minioadmin --conf spark.hadoop.fs.s3a.secret.key=****** --conf spark.hadoop.fs.s3a.impl=org.apache.hadoop.fs.s3a.S3AFileSystem --conf spark.hadoop.fs.s3a.path.style.access=true --conf spark.hadoop.fs.s3a.connection.ssl.enabled=false --conf spark.hadoop.fs.s3a.aws.credentials.provider= --jars /opt/spark/jars/hadoop-aws-3.3.1.jar,/opt/spark/jars/aws-java-sdk-bundle-1.11.901.jar,/opt/spark/jars/postgresql-42.7.4.jar --name arrow-spark /opt/spark/testlog_ml_spark.py
[2025-05-22T13:03:26.181+0000] {spark_submit.py:492} INFO - 25/05/22 13:03:26 WARN NativeCodeLoader: Unable to load native-hadoop library for your platform... using builtin-java classes where applicable
[2025-05-22T13:03:26.771+0000] {spark_submit.py:492} INFO - 25/05/22 13:03:26 INFO SparkContext: Running Spark version 3.5.1
[2025-05-22T13:03:26.772+0000] {spark_submit.py:492} INFO - 25/05/22 13:03:26 INFO SparkContext: OS info Linux, 6.10.14-linuxkit, aarch64
[2025-05-22T13:03:26.772+0000] {spark_submit.py:492} INFO - 25/05/22 13:03:26 INFO SparkContext: Java version 17.0.15
[2025-05-22T13:03:26.781+0000] {spark_submit.py:492} INFO - 25/05/22 13:03:26 INFO ResourceUtils: ==============================================================
[2025-05-22T13:03:26.781+0000] {spark_submit.py:492} INFO - 25/05/22 13:03:26 INFO ResourceUtils: No custom resources configured for spark.driver.
[2025-05-22T13:03:26.782+0000] {spark_submit.py:492} INFO - 25/05/22 13:03:26 INFO ResourceUtils: ==============================================================
[2025-05-22T13:03:26.782+0000] {spark_submit.py:492} INFO - 25/05/22 13:03:26 INFO SparkContext: Submitted application: arrow-spark
[2025-05-22T13:03:26.788+0000] {spark_submit.py:492} INFO - 25/05/22 13:03:26 INFO ResourceProfile: Default ResourceProfile created, executor resources: Map(cores -> name: cores, amount: 1, script: , vendor: , memory -> name: memory, amount: 1024, script: , vendor: , offHeap -> name: offHeap, amount: 0, script: , vendor: ), task resources: Map(cpus -> name: cpus, amount: 1.0)
[2025-05-22T13:03:26.792+0000] {spark_submit.py:492} INFO - 25/05/22 13:03:26 INFO ResourceProfile: Limiting resource is cpu
[2025-05-22T13:03:26.792+0000] {spark_submit.py:492} INFO - 25/05/22 13:03:26 INFO ResourceProfileManager: Added ResourceProfile id: 0
[2025-05-22T13:03:26.809+0000] {spark_submit.py:492} INFO - 25/05/22 13:03:26 INFO SecurityManager: Changing view acls to: ***
[2025-05-22T13:03:26.809+0000] {spark_submit.py:492} INFO - 25/05/22 13:03:26 INFO SecurityManager: Changing modify acls to: ***
[2025-05-22T13:03:26.810+0000] {spark_submit.py:492} INFO - 25/05/22 13:03:26 INFO SecurityManager: Changing view acls groups to:
[2025-05-22T13:03:26.810+0000] {spark_submit.py:492} INFO - 25/05/22 13:03:26 INFO SecurityManager: Changing modify acls groups to:
[2025-05-22T13:03:26.810+0000] {spark_submit.py:492} INFO - 25/05/22 13:03:26 INFO SecurityManager: SecurityManager: authentication disabled; ui acls disabled; users with view permissions: ***; groups with view permissions: EMPTY; users with modify permissions: ***; groups with modify permissions: EMPTY
[2025-05-22T13:03:26.890+0000] {spark_submit.py:492} INFO - 25/05/22 13:03:26 INFO Utils: Successfully started service 'sparkDriver' on port 39435.
[2025-05-22T13:03:26.900+0000] {spark_submit.py:492} INFO - 25/05/22 13:03:26 INFO SparkEnv: Registering MapOutputTracker
[2025-05-22T13:03:26.913+0000] {spark_submit.py:492} INFO - 25/05/22 13:03:26 INFO SparkEnv: Registering BlockManagerMaster
[2025-05-22T13:03:26.924+0000] {spark_submit.py:492} INFO - 25/05/22 13:03:26 INFO BlockManagerMasterEndpoint: Using org.apache.spark.storage.DefaultTopologyMapper for getting topology information
[2025-05-22T13:03:26.924+0000] {spark_submit.py:492} INFO - 25/05/22 13:03:26 INFO BlockManagerMasterEndpoint: BlockManagerMasterEndpoint up
[2025-05-22T13:03:26.925+0000] {spark_submit.py:492} INFO - 25/05/22 13:03:26 INFO SparkEnv: Registering BlockManagerMasterHeartbeat
[2025-05-22T13:03:26.933+0000] {spark_submit.py:492} INFO - 25/05/22 13:03:26 INFO DiskBlockManager: Created local directory at /tmp/blockmgr-027eb58a-76ac-4f10-9779-e5627eeeb075
[2025-05-22T13:03:26.937+0000] {spark_submit.py:492} INFO - 25/05/22 13:03:26 INFO MemoryStore: MemoryStore started with capacity 434.4 MiB
[2025-05-22T13:03:26.943+0000] {spark_submit.py:492} INFO - 25/05/22 13:03:26 INFO SparkEnv: Registering OutputCommitCoordinator
[2025-05-22T13:03:26.988+0000] {spark_submit.py:492} INFO - 25/05/22 13:03:26 INFO JettyUtils: Start Jetty 0.0.0.0:4040 for SparkUI
[2025-05-22T13:03:27.025+0000] {spark_submit.py:492} INFO - 25/05/22 13:03:27 INFO Utils: Successfully started service 'SparkUI' on port 4040.
[2025-05-22T13:03:27.044+0000] {spark_submit.py:492} INFO - 25/05/22 13:03:27 INFO SparkContext: Added JAR file:///opt/spark/jars/hadoop-aws-3.3.1.jar at spark://3337e7bd3891:39435/jars/hadoop-aws-3.3.1.jar with timestamp 1747919006768
[2025-05-22T13:03:27.045+0000] {spark_submit.py:492} INFO - 25/05/22 13:03:27 INFO SparkContext: Added JAR file:///opt/spark/jars/aws-java-sdk-bundle-1.11.901.jar at spark://3337e7bd3891:39435/jars/aws-java-sdk-bundle-1.11.901.jar with timestamp 1747919006768
[2025-05-22T13:03:27.045+0000] {spark_submit.py:492} INFO - 25/05/22 13:03:27 INFO SparkContext: Added JAR file:///opt/spark/jars/postgresql-42.7.4.jar at spark://3337e7bd3891:39435/jars/postgresql-42.7.4.jar with timestamp 1747919006768
[2025-05-22T13:03:27.081+0000] {spark_submit.py:492} INFO - 25/05/22 13:03:27 INFO Executor: Starting executor ID driver on host 3337e7bd3891
[2025-05-22T13:03:27.082+0000] {spark_submit.py:492} INFO - 25/05/22 13:03:27 INFO Executor: OS info Linux, 6.10.14-linuxkit, aarch64
[2025-05-22T13:03:27.082+0000] {spark_submit.py:492} INFO - 25/05/22 13:03:27 INFO Executor: Java version 17.0.15
[2025-05-22T13:03:27.084+0000] {spark_submit.py:492} INFO - 25/05/22 13:03:27 INFO Executor: Starting executor with user classpath (userClassPathFirst = false): ''
[2025-05-22T13:03:27.085+0000] {spark_submit.py:492} INFO - 25/05/22 13:03:27 INFO Executor: Created or updated repl class loader org.apache.spark.util.MutableURLClassLoader@3338c088 for default.
[2025-05-22T13:03:27.091+0000] {spark_submit.py:492} INFO - 25/05/22 13:03:27 INFO Executor: Fetching spark://3337e7bd3891:39435/jars/hadoop-aws-3.3.1.jar with timestamp 1747919006768
[2025-05-22T13:03:27.113+0000] {spark_submit.py:492} INFO - 25/05/22 13:03:27 INFO TransportClientFactory: Successfully created connection to 3337e7bd3891/172.27.0.4:39435 after 11 ms (0 ms spent in bootstraps)
[2025-05-22T13:03:27.115+0000] {spark_submit.py:492} INFO - 25/05/22 13:03:27 INFO Utils: Fetching spark://3337e7bd3891:39435/jars/hadoop-aws-3.3.1.jar to /tmp/spark-ee2322d8-d945-4ad1-913b-83840086b76a/userFiles-a70a1134-32f4-4581-8dcc-a8925822a46f/fetchFileTemp1876855917148107536.tmp
[2025-05-22T13:03:27.132+0000] {spark_submit.py:492} INFO - 25/05/22 13:03:27 INFO Executor: Adding file:/tmp/spark-ee2322d8-d945-4ad1-913b-83840086b76a/userFiles-a70a1134-32f4-4581-8dcc-a8925822a46f/hadoop-aws-3.3.1.jar to class loader default
[2025-05-22T13:03:27.132+0000] {spark_submit.py:492} INFO - 25/05/22 13:03:27 INFO Executor: Fetching spark://3337e7bd3891:39435/jars/aws-java-sdk-bundle-1.11.901.jar with timestamp 1747919006768
[2025-05-22T13:03:27.132+0000] {spark_submit.py:492} INFO - 25/05/22 13:03:27 INFO Utils: Fetching spark://3337e7bd3891:39435/jars/aws-java-sdk-bundle-1.11.901.jar to /tmp/spark-ee2322d8-d945-4ad1-913b-83840086b76a/userFiles-a70a1134-32f4-4581-8dcc-a8925822a46f/fetchFileTemp4910541690424888531.tmp
[2025-05-22T13:03:27.472+0000] {spark_submit.py:492} INFO - 25/05/22 13:03:27 INFO Executor: Adding file:/tmp/spark-ee2322d8-d945-4ad1-913b-83840086b76a/userFiles-a70a1134-32f4-4581-8dcc-a8925822a46f/aws-java-sdk-bundle-1.11.901.jar to class loader default
[2025-05-22T13:03:27.474+0000] {spark_submit.py:492} INFO - 25/05/22 13:03:27 INFO Executor: Fetching spark://3337e7bd3891:39435/jars/postgresql-42.7.4.jar with timestamp 1747919006768
[2025-05-22T13:03:27.477+0000] {spark_submit.py:492} INFO - 25/05/22 13:03:27 INFO Utils: Fetching spark://3337e7bd3891:39435/jars/postgresql-42.7.4.jar to /tmp/spark-ee2322d8-d945-4ad1-913b-83840086b76a/userFiles-a70a1134-32f4-4581-8dcc-a8925822a46f/fetchFileTemp16347810576967162787.tmp
[2025-05-22T13:03:27.488+0000] {spark_submit.py:492} INFO - 25/05/22 13:03:27 INFO Executor: Adding file:/tmp/spark-ee2322d8-d945-4ad1-913b-83840086b76a/userFiles-a70a1134-32f4-4581-8dcc-a8925822a46f/postgresql-42.7.4.jar to class loader default
[2025-05-22T13:03:27.501+0000] {spark_submit.py:492} INFO - 25/05/22 13:03:27 INFO Utils: Successfully started service 'org.apache.spark.network.netty.NettyBlockTransferService' on port 39563.
[2025-05-22T13:03:27.501+0000] {spark_submit.py:492} INFO - 25/05/22 13:03:27 INFO NettyBlockTransferService: Server created on 3337e7bd3891:39563
[2025-05-22T13:03:27.502+0000] {spark_submit.py:492} INFO - 25/05/22 13:03:27 INFO BlockManager: Using org.apache.spark.storage.RandomBlockReplicationPolicy for block replication policy
[2025-05-22T13:03:27.507+0000] {spark_submit.py:492} INFO - 25/05/22 13:03:27 INFO BlockManagerMaster: Registering BlockManager BlockManagerId(driver, 3337e7bd3891, 39563, None)
[2025-05-22T13:03:27.509+0000] {spark_submit.py:492} INFO - 25/05/22 13:03:27 INFO BlockManagerMasterEndpoint: Registering block manager 3337e7bd3891:39563 with 434.4 MiB RAM, BlockManagerId(driver, 3337e7bd3891, 39563, None)
[2025-05-22T13:03:27.510+0000] {spark_submit.py:492} INFO - 25/05/22 13:03:27 INFO BlockManagerMaster: Registered BlockManager BlockManagerId(driver, 3337e7bd3891, 39563, None)
[2025-05-22T13:03:27.511+0000] {spark_submit.py:492} INFO - 25/05/22 13:03:27 INFO BlockManager: Initialized BlockManager: BlockManagerId(driver, 3337e7bd3891, 39563, None)
[2025-05-22T13:03:27.660+0000] {spark_submit.py:492} INFO - 25/05/22 13:03:27 INFO SharedState: Setting hive.metastore.warehouse.dir ('null') to the value of spark.sql.warehouse.dir.
[2025-05-22T13:03:27.661+0000] {spark_submit.py:492} INFO - 25/05/22 13:03:27 INFO SharedState: Warehouse path is 'file:/opt/***/spark-warehouse'.
[2025-05-22T13:03:27.970+0000] {spark_submit.py:492} INFO - 25/05/22 13:03:27 WARN MetricsConfig: Cannot locate configuration: tried hadoop-metrics2-s3a-file-system.properties,hadoop-metrics2.properties
[2025-05-22T13:03:27.974+0000] {spark_submit.py:492} INFO - 25/05/22 13:03:27 INFO MetricsSystemImpl: Scheduled Metric snapshot period at 10 second(s).
[2025-05-22T13:03:27.974+0000] {spark_submit.py:492} INFO - 25/05/22 13:03:27 INFO MetricsSystemImpl: s3a-file-system metrics system started
[2025-05-22T13:03:28.336+0000] {spark_submit.py:492} INFO - 25/05/22 13:03:28 INFO InMemoryFileIndex: It took 26 ms to list leaf files for 1 paths.
[2025-05-22T13:03:28.396+0000] {spark_submit.py:492} INFO - 25/05/22 13:03:28 INFO InMemoryFileIndex: It took 22 ms to list leaf files for 1 paths.
[2025-05-22T13:03:29.272+0000] {spark_submit.py:492} INFO - 25/05/22 13:03:29 INFO FileSourceStrategy: Pushed Filters:
[2025-05-22T13:03:29.273+0000] {spark_submit.py:492} INFO - 25/05/22 13:03:29 INFO FileSourceStrategy: Post-Scan Filters: (length(trim(value#0, None)) > 0)
[2025-05-22T13:03:29.454+0000] {spark_submit.py:492} INFO - 25/05/22 13:03:29 INFO CodeGenerator: Code generated in 69.332791 ms
[2025-05-22T13:03:29.472+0000] {spark_submit.py:492} INFO - 25/05/22 13:03:29 INFO MemoryStore: Block broadcast_0 stored as values in memory (estimated size 202.1 KiB, free 434.2 MiB)
[2025-05-22T13:03:29.495+0000] {spark_submit.py:492} INFO - 25/05/22 13:03:29 INFO MemoryStore: Block broadcast_0_piece0 stored as bytes in memory (estimated size 35.0 KiB, free 434.2 MiB)
[2025-05-22T13:03:29.496+0000] {spark_submit.py:492} INFO - 25/05/22 13:03:29 INFO BlockManagerInfo: Added broadcast_0_piece0 in memory on 3337e7bd3891:39563 (size: 35.0 KiB, free: 434.4 MiB)
[2025-05-22T13:03:29.497+0000] {spark_submit.py:492} INFO - 25/05/22 13:03:29 INFO SparkContext: Created broadcast 0 from csv at NativeMethodAccessorImpl.java:0
[2025-05-22T13:03:29.503+0000] {spark_submit.py:492} INFO - 25/05/22 13:03:29 INFO FileSourceScanExec: Planning scan with bin packing, max size: 4233153 bytes, open cost is considered as scanning 4194304 bytes.
[2025-05-22T13:03:29.551+0000] {spark_submit.py:492} INFO - 25/05/22 13:03:29 INFO SparkContext: Starting job: csv at NativeMethodAccessorImpl.java:0
[2025-05-22T13:03:29.561+0000] {spark_submit.py:492} INFO - 25/05/22 13:03:29 INFO DAGScheduler: Got job 0 (csv at NativeMethodAccessorImpl.java:0) with 1 output partitions
[2025-05-22T13:03:29.562+0000] {spark_submit.py:492} INFO - 25/05/22 13:03:29 INFO DAGScheduler: Final stage: ResultStage 0 (csv at NativeMethodAccessorImpl.java:0)
[2025-05-22T13:03:29.562+0000] {spark_submit.py:492} INFO - 25/05/22 13:03:29 INFO DAGScheduler: Parents of final stage: List()
[2025-05-22T13:03:29.562+0000] {spark_submit.py:492} INFO - 25/05/22 13:03:29 INFO DAGScheduler: Missing parents: List()
[2025-05-22T13:03:29.564+0000] {spark_submit.py:492} INFO - 25/05/22 13:03:29 INFO DAGScheduler: Submitting ResultStage 0 (MapPartitionsRDD[3] at csv at NativeMethodAccessorImpl.java:0), which has no missing parents
[2025-05-22T13:03:29.661+0000] {spark_submit.py:492} INFO - 25/05/22 13:03:29 INFO MemoryStore: Block broadcast_1 stored as values in memory (estimated size 13.5 KiB, free 434.2 MiB)
[2025-05-22T13:03:29.665+0000] {spark_submit.py:492} INFO - 25/05/22 13:03:29 INFO MemoryStore: Block broadcast_1_piece0 stored as bytes in memory (estimated size 6.4 KiB, free 434.1 MiB)
[2025-05-22T13:03:29.665+0000] {spark_submit.py:492} INFO - 25/05/22 13:03:29 INFO BlockManagerInfo: Added broadcast_1_piece0 in memory on 3337e7bd3891:39563 (size: 6.4 KiB, free: 434.4 MiB)
[2025-05-22T13:03:29.667+0000] {spark_submit.py:492} INFO - 25/05/22 13:03:29 INFO SparkContext: Created broadcast 1 from broadcast at DAGScheduler.scala:1585
[2025-05-22T13:03:29.673+0000] {spark_submit.py:492} INFO - 25/05/22 13:03:29 INFO DAGScheduler: Submitting 1 missing tasks from ResultStage 0 (MapPartitionsRDD[3] at csv at NativeMethodAccessorImpl.java:0) (first 15 tasks are for partitions Vector(0))
[2025-05-22T13:03:29.674+0000] {spark_submit.py:492} INFO - 25/05/22 13:03:29 INFO TaskSchedulerImpl: Adding task set 0.0 with 1 tasks resource profile 0
[2025-05-22T13:03:29.692+0000] {spark_submit.py:492} INFO - 25/05/22 13:03:29 INFO TaskSetManager: Starting task 0.0 in stage 0.0 (TID 0) (3337e7bd3891, executor driver, partition 0, PROCESS_LOCAL, 8601 bytes)
[2025-05-22T13:03:29.698+0000] {spark_submit.py:492} INFO - 25/05/22 13:03:29 INFO Executor: Running task 0.0 in stage 0.0 (TID 0)
[2025-05-22T13:03:29.752+0000] {spark_submit.py:492} INFO - 25/05/22 13:03:29 INFO CodeGenerator: Code generated in 21.614333 ms
[2025-05-22T13:03:29.756+0000] {spark_submit.py:492} INFO - 25/05/22 13:03:29 INFO FileScanRDD: Reading File path: s3a://user-log-ml/2025-05-22_01-00-00.csv, range: 0-38849, partition values: [empty row]
[2025-05-22T13:03:29.764+0000] {spark_submit.py:492} INFO - 25/05/22 13:03:29 INFO CodeGenerator: Code generated in 5.644458 ms
[2025-05-22T13:03:29.818+0000] {spark_submit.py:492} INFO - 25/05/22 13:03:29 INFO Executor: Finished task 0.0 in stage 0.0 (TID 0). 1732 bytes result sent to driver
[2025-05-22T13:03:29.822+0000] {spark_submit.py:492} INFO - 25/05/22 13:03:29 INFO TaskSetManager: Finished task 0.0 in stage 0.0 (TID 0) in 134 ms on 3337e7bd3891 (executor driver) (1/1)
[2025-05-22T13:03:29.824+0000] {spark_submit.py:492} INFO - 25/05/22 13:03:29 INFO TaskSchedulerImpl: Removed TaskSet 0.0, whose tasks have all completed, from pool
[2025-05-22T13:03:29.826+0000] {spark_submit.py:492} INFO - 25/05/22 13:03:29 INFO DAGScheduler: ResultStage 0 (csv at NativeMethodAccessorImpl.java:0) finished in 0.226 s
[2025-05-22T13:03:29.827+0000] {spark_submit.py:492} INFO - 25/05/22 13:03:29 INFO DAGScheduler: Job 0 is finished. Cancelling potential speculative or zombie tasks for this job
[2025-05-22T13:03:29.827+0000] {spark_submit.py:492} INFO - 25/05/22 13:03:29 INFO TaskSchedulerImpl: Killing all running tasks in stage 0: Stage finished
[2025-05-22T13:03:29.828+0000] {spark_submit.py:492} INFO - 25/05/22 13:03:29 INFO DAGScheduler: Job 0 finished: csv at NativeMethodAccessorImpl.java:0, took 0.277013 s
[2025-05-22T13:03:29.836+0000] {spark_submit.py:492} INFO - 25/05/22 13:03:29 INFO CodeGenerator: Code generated in 4.616625 ms
[2025-05-22T13:03:29.872+0000] {spark_submit.py:492} INFO - 25/05/22 13:03:29 INFO FileSourceStrategy: Pushed Filters:
[2025-05-22T13:03:29.873+0000] {spark_submit.py:492} INFO - 25/05/22 13:03:29 INFO FileSourceStrategy: Post-Scan Filters:
[2025-05-22T13:03:29.876+0000] {spark_submit.py:492} INFO - 25/05/22 13:03:29 INFO MemoryStore: Block broadcast_2 stored as values in memory (estimated size 202.1 KiB, free 434.0 MiB)
[2025-05-22T13:03:29.882+0000] {spark_submit.py:492} INFO - 25/05/22 13:03:29 INFO MemoryStore: Block broadcast_2_piece0 stored as bytes in memory (estimated size 35.0 KiB, free 433.9 MiB)
[2025-05-22T13:03:29.883+0000] {spark_submit.py:492} INFO - 25/05/22 13:03:29 INFO BlockManagerInfo: Added broadcast_2_piece0 in memory on 3337e7bd3891:39563 (size: 35.0 KiB, free: 434.3 MiB)
[2025-05-22T13:03:29.884+0000] {spark_submit.py:492} INFO - 25/05/22 13:03:29 INFO SparkContext: Created broadcast 2 from csv at NativeMethodAccessorImpl.java:0
[2025-05-22T13:03:29.885+0000] {spark_submit.py:492} INFO - 25/05/22 13:03:29 INFO FileSourceScanExec: Planning scan with bin packing, max size: 4233153 bytes, open cost is considered as scanning 4194304 bytes.
[2025-05-22T13:03:29.920+0000] {spark_submit.py:492} INFO - 25/05/22 13:03:29 INFO SparkContext: Starting job: csv at NativeMethodAccessorImpl.java:0
[2025-05-22T13:03:29.922+0000] {spark_submit.py:492} INFO - 25/05/22 13:03:29 INFO DAGScheduler: Got job 1 (csv at NativeMethodAccessorImpl.java:0) with 1 output partitions
[2025-05-22T13:03:29.923+0000] {spark_submit.py:492} INFO - 25/05/22 13:03:29 INFO DAGScheduler: Final stage: ResultStage 1 (csv at NativeMethodAccessorImpl.java:0)
[2025-05-22T13:03:29.923+0000] {spark_submit.py:492} INFO - 25/05/22 13:03:29 INFO DAGScheduler: Parents of final stage: List()
[2025-05-22T13:03:29.923+0000] {spark_submit.py:492} INFO - 25/05/22 13:03:29 INFO DAGScheduler: Missing parents: List()
[2025-05-22T13:03:29.924+0000] {spark_submit.py:492} INFO - 25/05/22 13:03:29 INFO DAGScheduler: Submitting ResultStage 1 (MapPartitionsRDD[9] at csv at NativeMethodAccessorImpl.java:0), which has no missing parents
[2025-05-22T13:03:29.934+0000] {spark_submit.py:492} INFO - 25/05/22 13:03:29 INFO MemoryStore: Block broadcast_3 stored as values in memory (estimated size 28.5 KiB, free 433.9 MiB)
[2025-05-22T13:03:29.939+0000] {spark_submit.py:492} INFO - 25/05/22 13:03:29 INFO MemoryStore: Block broadcast_3_piece0 stored as bytes in memory (estimated size 13.1 KiB, free 433.9 MiB)
[2025-05-22T13:03:29.943+0000] {spark_submit.py:492} INFO - 25/05/22 13:03:29 INFO BlockManagerInfo: Added broadcast_3_piece0 in memory on 3337e7bd3891:39563 (size: 13.1 KiB, free: 434.3 MiB)
[2025-05-22T13:03:29.944+0000] {spark_submit.py:492} INFO - 25/05/22 13:03:29 INFO SparkContext: Created broadcast 3 from broadcast at DAGScheduler.scala:1585
[2025-05-22T13:03:29.948+0000] {spark_submit.py:492} INFO - 25/05/22 13:03:29 INFO DAGScheduler: Submitting 1 missing tasks from ResultStage 1 (MapPartitionsRDD[9] at csv at NativeMethodAccessorImpl.java:0) (first 15 tasks are for partitions Vector(0))
[2025-05-22T13:03:29.948+0000] {spark_submit.py:492} INFO - 25/05/22 13:03:29 INFO TaskSchedulerImpl: Adding task set 1.0 with 1 tasks resource profile 0
[2025-05-22T13:03:29.949+0000] {spark_submit.py:492} INFO - 25/05/22 13:03:29 INFO TaskSetManager: Starting task 0.0 in stage 1.0 (TID 1) (3337e7bd3891, executor driver, partition 0, PROCESS_LOCAL, 8601 bytes)
[2025-05-22T13:03:29.949+0000] {spark_submit.py:492} INFO - 25/05/22 13:03:29 INFO Executor: Running task 0.0 in stage 1.0 (TID 1)
[2025-05-22T13:03:29.972+0000] {spark_submit.py:492} INFO - 25/05/22 13:03:29 INFO CodeGenerator: Code generated in 5.06375 ms
[2025-05-22T13:03:29.973+0000] {spark_submit.py:492} INFO - 25/05/22 13:03:29 INFO BlockManagerInfo: Removed broadcast_0_piece0 on 3337e7bd3891:39563 in memory (size: 35.0 KiB, free: 434.3 MiB)
[2025-05-22T13:03:29.973+0000] {spark_submit.py:492} INFO - 25/05/22 13:03:29 INFO FileScanRDD: Reading File path: s3a://user-log-ml/2025-05-22_01-00-00.csv, range: 0-38849, partition values: [empty row]
[2025-05-22T13:03:30.114+0000] {spark_submit.py:492} INFO - 25/05/22 13:03:30 INFO Executor: Finished task 0.0 in stage 1.0 (TID 1). 1745 bytes result sent to driver
[2025-05-22T13:03:30.115+0000] {spark_submit.py:492} INFO - 25/05/22 13:03:30 INFO TaskSetManager: Finished task 0.0 in stage 1.0 (TID 1) in 175 ms on 3337e7bd3891 (executor driver) (1/1)
[2025-05-22T13:03:30.115+0000] {spark_submit.py:492} INFO - 25/05/22 13:03:30 INFO TaskSchedulerImpl: Removed TaskSet 1.0, whose tasks have all completed, from pool
[2025-05-22T13:03:30.116+0000] {spark_submit.py:492} INFO - 25/05/22 13:03:30 INFO DAGScheduler: ResultStage 1 (csv at NativeMethodAccessorImpl.java:0) finished in 0.193 s
[2025-05-22T13:03:30.117+0000] {spark_submit.py:492} INFO - 25/05/22 13:03:30 INFO DAGScheduler: Job 1 is finished. Cancelling potential speculative or zombie tasks for this job
[2025-05-22T13:03:30.117+0000] {spark_submit.py:492} INFO - 25/05/22 13:03:30 INFO TaskSchedulerImpl: Killing all running tasks in stage 1: Stage finished
[2025-05-22T13:03:30.117+0000] {spark_submit.py:492} INFO - 25/05/22 13:03:30 INFO DAGScheduler: Job 1 finished: csv at NativeMethodAccessorImpl.java:0, took 0.196841 s
[2025-05-22T13:03:30.147+0000] {spark_submit.py:492} INFO - Traceback (most recent call last):
[2025-05-22T13:03:30.147+0000] {spark_submit.py:492} INFO - File "/opt/spark/testlog_ml_spark.py", line 15, in <module>
[2025-05-22T13:03:30.148+0000] {spark_submit.py:492} INFO - .withColumn("like_score", when(col("event_type") == "like_click") & (col("liked") == 1, lit(3))
[2025-05-22T13:03:30.148+0000] {spark_submit.py:492} INFO - File "/home/***/.local/lib/python3.10/site-packages/pyspark/python/lib/pyspark.zip/pyspark/sql/utils.py", line 174, in wrapped
[2025-05-22T13:03:30.148+0000] {spark_submit.py:492} INFO - TypeError: when() missing 1 required positional argument: 'value'
[2025-05-22T13:03:30.176+0000] {spark_submit.py:492} INFO - 25/05/22 13:03:30 INFO SparkContext: Invoking stop() from shutdown hook
[2025-05-22T13:03:30.176+0000] {spark_submit.py:492} INFO - 25/05/22 13:03:30 INFO SparkContext: SparkContext is stopping with exitCode 0.
[2025-05-22T13:03:30.179+0000] {spark_submit.py:492} INFO - 25/05/22 13:03:30 INFO SparkUI: Stopped Spark web UI at http://3337e7bd3891:4040
[2025-05-22T13:03:30.183+0000] {spark_submit.py:492} INFO - 25/05/22 13:03:30 INFO MapOutputTrackerMasterEndpoint: MapOutputTrackerMasterEndpoint stopped!
[2025-05-22T13:03:30.187+0000] {spark_submit.py:492} INFO - 25/05/22 13:03:30 INFO MemoryStore: MemoryStore cleared
[2025-05-22T13:03:30.188+0000] {spark_submit.py:492} INFO - 25/05/22 13:03:30 INFO BlockManager: BlockManager stopped
[2025-05-22T13:03:30.188+0000] {spark_submit.py:492} INFO - 25/05/22 13:03:30 INFO BlockManagerMaster: BlockManagerMaster stopped
[2025-05-22T13:03:30.189+0000] {spark_submit.py:492} INFO - 25/05/22 13:03:30 INFO OutputCommitCoordinator$OutputCommitCoordinatorEndpoint: OutputCommitCoordinator stopped!
[2025-05-22T13:03:30.192+0000] {spark_submit.py:492} INFO - 25/05/22 13:03:30 INFO SparkContext: Successfully stopped SparkContext
[2025-05-22T13:03:30.192+0000] {spark_submit.py:492} INFO - 25/05/22 13:03:30 INFO ShutdownHookManager: Shutdown hook called
[2025-05-22T13:03:30.192+0000] {spark_submit.py:492} INFO - 25/05/22 13:03:30 INFO ShutdownHookManager: Deleting directory /tmp/spark-e75d7aa3-a8df-40a6-badf-0e463806ee3c
[2025-05-22T13:03:30.193+0000] {spark_submit.py:492} INFO - 25/05/22 13:03:30 INFO ShutdownHookManager: Deleting directory /tmp/spark-ee2322d8-d945-4ad1-913b-83840086b76a/pyspark-dde8e623-a15c-43fb-9ee7-5db5753e8ca0
[2025-05-22T13:03:30.195+0000] {spark_submit.py:492} INFO - 25/05/22 13:03:30 INFO ShutdownHookManager: Deleting directory /tmp/spark-ee2322d8-d945-4ad1-913b-83840086b76a
[2025-05-22T13:03:30.197+0000] {spark_submit.py:492} INFO - 25/05/22 13:03:30 INFO MetricsSystemImpl: Stopping s3a-file-system metrics system...
[2025-05-22T13:03:30.197+0000] {spark_submit.py:492} INFO - 25/05/22 13:03:30 INFO MetricsSystemImpl: s3a-file-system metrics system stopped.
[2025-05-22T13:03:30.197+0000] {spark_submit.py:492} INFO - 25/05/22 13:03:30 INFO MetricsSystemImpl: s3a-file-system metrics system shutdown complete.
[2025-05-22T13:03:30.234+0000] {taskinstance.py:3310} ERROR - Task failed with exception
Traceback (most recent call last):
  File "/home/airflow/.local/lib/python3.10/site-packages/airflow/models/taskinstance.py", line 762, in _execute_task
    result = _execute_callable(context=context, **execute_callable_kwargs)
  File "/home/airflow/.local/lib/python3.10/site-packages/airflow/models/taskinstance.py", line 733, in _execute_callable
    return ExecutionCallableRunner(
  File "/home/airflow/.local/lib/python3.10/site-packages/airflow/utils/operator_helpers.py", line 252, in run
    return self.func(*args, **kwargs)
  File "/home/airflow/.local/lib/python3.10/site-packages/airflow/models/baseoperator.py", line 406, in wrapper
    return func(self, *args, **kwargs)
  File "/home/airflow/.local/lib/python3.10/site-packages/airflow/providers/apache/spark/operators/spark_submit.py", line 157, in execute
    self._hook.submit(self._application)
  File "/home/airflow/.local/lib/python3.10/site-packages/airflow/providers/apache/spark/hooks/spark_submit.py", line 423, in submit
    raise AirflowException(
airflow.exceptions.AirflowException: Cannot execute: spark-submit --master local --conf spark.hadoop.fs.s3a.endpoint=http://3.38.135.214:9000 --conf spark.hadoop.fs.s3a.access.key=minioadmin --conf spark.hadoop.fs.s3a.secret.key=****** --conf spark.hadoop.fs.s3a.impl=org.apache.hadoop.fs.s3a.S3AFileSystem --conf spark.hadoop.fs.s3a.path.style.access=true --conf spark.hadoop.fs.s3a.connection.ssl.enabled=false --conf spark.hadoop.fs.s3a.aws.credentials.provider= --jars /opt/spark/jars/hadoop-aws-3.3.1.jar,/opt/spark/jars/aws-java-sdk-bundle-1.11.901.jar,/opt/spark/jars/postgresql-42.7.4.jar --name arrow-spark /opt/spark/testlog_ml_spark.py. Error code is: 1.
[2025-05-22T13:03:30.238+0000] {taskinstance.py:1225} INFO - Marking task as UP_FOR_RETRY. dag_id=kafka_to_minio_to_spark, task_id=spark_etl, run_id=scheduled__2025-05-21T16:00:00+00:00, execution_date=20250521T160000, start_date=20250522T130325, end_date=20250522T130330
[2025-05-22T13:03:30.245+0000] {taskinstance.py:340} INFO - ::group::Post task execution logs
[2025-05-22T13:03:30.245+0000] {standard_task_runner.py:124} ERROR - Failed to execute job 324 for task spark_etl (Cannot execute: spark-submit --master local --conf spark.hadoop.fs.s3a.endpoint=http://3.38.135.214:9000 --conf spark.hadoop.fs.s3a.access.key=minioadmin --conf spark.hadoop.fs.s3a.secret.key=****** --conf spark.hadoop.fs.s3a.impl=org.apache.hadoop.fs.s3a.S3AFileSystem --conf spark.hadoop.fs.s3a.path.style.access=true --conf spark.hadoop.fs.s3a.connection.ssl.enabled=false --conf spark.hadoop.fs.s3a.aws.credentials.provider= --jars /opt/spark/jars/hadoop-aws-3.3.1.jar,/opt/spark/jars/aws-java-sdk-bundle-1.11.901.jar,/opt/spark/jars/postgresql-42.7.4.jar --name arrow-spark /opt/spark/testlog_ml_spark.py. Error code is: 1.; 1489)
Traceback (most recent call last):
  File "/home/airflow/.local/lib/python3.10/site-packages/airflow/task/task_runner/standard_task_runner.py", line 117, in _start_by_fork
    ret = args.func(args, dag=self.dag)
  File "/home/airflow/.local/lib/python3.10/site-packages/airflow/cli/cli_config.py", line 49, in command
    return func(*args, **kwargs)
  File "/home/airflow/.local/lib/python3.10/site-packages/airflow/utils/cli.py", line 115, in wrapper
    return f(*args, **kwargs)
  File "/home/airflow/.local/lib/python3.10/site-packages/airflow/cli/commands/task_command.py", line 483, in task_run
    task_return_code = _run_task_by_selected_method(args, _dag, ti)
  File "/home/airflow/.local/lib/python3.10/site-packages/airflow/cli/commands/task_command.py", line 256, in _run_task_by_selected_method
    return _run_raw_task(args, ti)
  File "/home/airflow/.local/lib/python3.10/site-packages/airflow/cli/commands/task_command.py", line 341, in _run_raw_task
    return ti._run_raw_task(
  File "/home/airflow/.local/lib/python3.10/site-packages/airflow/utils/session.py", line 97, in wrapper
    return func(*args, session=session, **kwargs)
  File "/home/airflow/.local/lib/python3.10/site-packages/airflow/models/taskinstance.py", line 3004, in _run_raw_task
    return _run_raw_task(
  File "/home/airflow/.local/lib/python3.10/site-packages/airflow/models/taskinstance.py", line 273, in _run_raw_task
    TaskInstance._execute_task_with_callbacks(
  File "/home/airflow/.local/lib/python3.10/site-packages/airflow/models/taskinstance.py", line 3158, in _execute_task_with_callbacks
    result = self._execute_task(context, task_orig)
  File "/home/airflow/.local/lib/python3.10/site-packages/airflow/models/taskinstance.py", line 3182, in _execute_task
    return _execute_task(self, context, task_orig)
  File "/home/airflow/.local/lib/python3.10/site-packages/airflow/models/taskinstance.py", line 762, in _execute_task
    result = _execute_callable(context=context, **execute_callable_kwargs)
  File "/home/airflow/.local/lib/python3.10/site-packages/airflow/models/taskinstance.py", line 733, in _execute_callable
    return ExecutionCallableRunner(
  File "/home/airflow/.local/lib/python3.10/site-packages/airflow/utils/operator_helpers.py", line 252, in run
    return self.func(*args, **kwargs)
  File "/home/airflow/.local/lib/python3.10/site-packages/airflow/models/baseoperator.py", line 406, in wrapper
    return func(self, *args, **kwargs)
  File "/home/airflow/.local/lib/python3.10/site-packages/airflow/providers/apache/spark/operators/spark_submit.py", line 157, in execute
    self._hook.submit(self._application)
  File "/home/airflow/.local/lib/python3.10/site-packages/airflow/providers/apache/spark/hooks/spark_submit.py", line 423, in submit
    raise AirflowException(
airflow.exceptions.AirflowException: Cannot execute: spark-submit --master local --conf spark.hadoop.fs.s3a.endpoint=http://3.38.135.214:9000 --conf spark.hadoop.fs.s3a.access.key=minioadmin --conf spark.hadoop.fs.s3a.secret.key=****** --conf spark.hadoop.fs.s3a.impl=org.apache.hadoop.fs.s3a.S3AFileSystem --conf spark.hadoop.fs.s3a.path.style.access=true --conf spark.hadoop.fs.s3a.connection.ssl.enabled=false --conf spark.hadoop.fs.s3a.aws.credentials.provider= --jars /opt/spark/jars/hadoop-aws-3.3.1.jar,/opt/spark/jars/aws-java-sdk-bundle-1.11.901.jar,/opt/spark/jars/postgresql-42.7.4.jar --name arrow-spark /opt/spark/testlog_ml_spark.py. Error code is: 1.
[2025-05-22T13:03:30.290+0000] {local_task_job_runner.py:266} INFO - Task exited with return code 1
[2025-05-22T13:03:30.300+0000] {taskinstance.py:3900} INFO - 0 downstream tasks scheduled from follow-on schedule check
[2025-05-22T13:03:30.300+0000] {local_task_job_runner.py:245} INFO - ::endgroup::
