[2025-05-22T13:06:23.935+0000] {local_task_job_runner.py:123} INFO - ::group::Pre task execution logs
[2025-05-22T13:06:23.944+0000] {taskinstance.py:2612} INFO - Dependencies all met for dep_context=non-requeueable deps ti=<TaskInstance: kafka_to_minio_to_spark.spark_etl scheduled__2025-05-21T16:00:00+00:00 [queued]>
[2025-05-22T13:06:23.948+0000] {taskinstance.py:2612} INFO - Dependencies all met for dep_context=requeueable deps ti=<TaskInstance: kafka_to_minio_to_spark.spark_etl scheduled__2025-05-21T16:00:00+00:00 [queued]>
[2025-05-22T13:06:23.948+0000] {taskinstance.py:2865} INFO - Starting attempt 51 of 53
[2025-05-22T13:06:23.954+0000] {taskinstance.py:2888} INFO - Executing <Task(SparkSubmitOperator): spark_etl> on 2025-05-21 16:00:00+00:00
[2025-05-22T13:06:23.957+0000] {standard_task_runner.py:72} INFO - Started process 1686 to run task
[2025-05-22T13:06:23.959+0000] {standard_task_runner.py:104} INFO - Running: ['***', 'tasks', 'run', 'kafka_to_minio_to_spark', 'spark_etl', 'scheduled__2025-05-21T16:00:00+00:00', '--job-id', '325', '--raw', '--subdir', 'DAGS_FOLDER/testlog_ml.py', '--cfg-path', '/tmp/tmpp8m3p22e']
[2025-05-22T13:06:23.959+0000] {standard_task_runner.py:105} INFO - Job 325: Subtask spark_etl
[2025-05-22T13:06:23.980+0000] {task_command.py:467} INFO - Running <TaskInstance: kafka_to_minio_to_spark.spark_etl scheduled__2025-05-21T16:00:00+00:00 [running]> on host 3337e7bd3891
[2025-05-22T13:06:24.006+0000] {taskinstance.py:3131} INFO - Exporting env vars: AIRFLOW_CTX_DAG_OWNER='***' AIRFLOW_CTX_DAG_ID='kafka_to_minio_to_spark' AIRFLOW_CTX_TASK_ID='spark_etl' AIRFLOW_CTX_EXECUTION_DATE='2025-05-21T16:00:00+00:00' AIRFLOW_CTX_TRY_NUMBER='51' AIRFLOW_CTX_DAG_RUN_ID='scheduled__2025-05-21T16:00:00+00:00'
[2025-05-22T13:06:24.007+0000] {taskinstance.py:731} INFO - ::endgroup::
[2025-05-22T13:06:24.015+0000] {base.py:84} INFO - Retrieving connection 'spark'
[2025-05-22T13:06:24.016+0000] {spark_submit.py:341} INFO - Spark-Submit cmd: spark-submit --master local --conf spark.hadoop.fs.s3a.endpoint=http://3.38.135.214:9000 --conf spark.hadoop.fs.s3a.access.key=minioadmin --conf spark.hadoop.fs.s3a.secret.key=****** --conf spark.hadoop.fs.s3a.impl=org.apache.hadoop.fs.s3a.S3AFileSystem --conf spark.hadoop.fs.s3a.path.style.access=true --conf spark.hadoop.fs.s3a.connection.ssl.enabled=false --conf spark.hadoop.fs.s3a.aws.credentials.provider= --jars /opt/spark/jars/hadoop-aws-3.3.1.jar,/opt/spark/jars/aws-java-sdk-bundle-1.11.901.jar,/opt/spark/jars/postgresql-42.7.4.jar --name arrow-spark /opt/spark/testlog_ml_spark.py
[2025-05-22T13:06:24.701+0000] {spark_submit.py:492} INFO - 25/05/22 13:06:24 WARN NativeCodeLoader: Unable to load native-hadoop library for your platform... using builtin-java classes where applicable
[2025-05-22T13:06:25.305+0000] {spark_submit.py:492} INFO - 25/05/22 13:06:25 INFO SparkContext: Running Spark version 3.5.1
[2025-05-22T13:06:25.307+0000] {spark_submit.py:492} INFO - 25/05/22 13:06:25 INFO SparkContext: OS info Linux, 6.10.14-linuxkit, aarch64
[2025-05-22T13:06:25.307+0000] {spark_submit.py:492} INFO - 25/05/22 13:06:25 INFO SparkContext: Java version 17.0.15
[2025-05-22T13:06:25.316+0000] {spark_submit.py:492} INFO - 25/05/22 13:06:25 INFO ResourceUtils: ==============================================================
[2025-05-22T13:06:25.316+0000] {spark_submit.py:492} INFO - 25/05/22 13:06:25 INFO ResourceUtils: No custom resources configured for spark.driver.
[2025-05-22T13:06:25.317+0000] {spark_submit.py:492} INFO - 25/05/22 13:06:25 INFO ResourceUtils: ==============================================================
[2025-05-22T13:06:25.317+0000] {spark_submit.py:492} INFO - 25/05/22 13:06:25 INFO SparkContext: Submitted application: arrow-spark
[2025-05-22T13:06:25.323+0000] {spark_submit.py:492} INFO - 25/05/22 13:06:25 INFO ResourceProfile: Default ResourceProfile created, executor resources: Map(cores -> name: cores, amount: 1, script: , vendor: , memory -> name: memory, amount: 1024, script: , vendor: , offHeap -> name: offHeap, amount: 0, script: , vendor: ), task resources: Map(cpus -> name: cpus, amount: 1.0)
[2025-05-22T13:06:25.326+0000] {spark_submit.py:492} INFO - 25/05/22 13:06:25 INFO ResourceProfile: Limiting resource is cpu
[2025-05-22T13:06:25.327+0000] {spark_submit.py:492} INFO - 25/05/22 13:06:25 INFO ResourceProfileManager: Added ResourceProfile id: 0
[2025-05-22T13:06:25.345+0000] {spark_submit.py:492} INFO - 25/05/22 13:06:25 INFO SecurityManager: Changing view acls to: ***
[2025-05-22T13:06:25.345+0000] {spark_submit.py:492} INFO - 25/05/22 13:06:25 INFO SecurityManager: Changing modify acls to: ***
[2025-05-22T13:06:25.345+0000] {spark_submit.py:492} INFO - 25/05/22 13:06:25 INFO SecurityManager: Changing view acls groups to:
[2025-05-22T13:06:25.346+0000] {spark_submit.py:492} INFO - 25/05/22 13:06:25 INFO SecurityManager: Changing modify acls groups to:
[2025-05-22T13:06:25.346+0000] {spark_submit.py:492} INFO - 25/05/22 13:06:25 INFO SecurityManager: SecurityManager: authentication disabled; ui acls disabled; users with view permissions: ***; groups with view permissions: EMPTY; users with modify permissions: ***; groups with modify permissions: EMPTY
[2025-05-22T13:06:25.422+0000] {spark_submit.py:492} INFO - 25/05/22 13:06:25 INFO Utils: Successfully started service 'sparkDriver' on port 41833.
[2025-05-22T13:06:25.436+0000] {spark_submit.py:492} INFO - 25/05/22 13:06:25 INFO SparkEnv: Registering MapOutputTracker
[2025-05-22T13:06:25.449+0000] {spark_submit.py:492} INFO - 25/05/22 13:06:25 INFO SparkEnv: Registering BlockManagerMaster
[2025-05-22T13:06:25.455+0000] {spark_submit.py:492} INFO - 25/05/22 13:06:25 INFO BlockManagerMasterEndpoint: Using org.apache.spark.storage.DefaultTopologyMapper for getting topology information
[2025-05-22T13:06:25.456+0000] {spark_submit.py:492} INFO - 25/05/22 13:06:25 INFO BlockManagerMasterEndpoint: BlockManagerMasterEndpoint up
[2025-05-22T13:06:25.457+0000] {spark_submit.py:492} INFO - 25/05/22 13:06:25 INFO SparkEnv: Registering BlockManagerMasterHeartbeat
[2025-05-22T13:06:25.465+0000] {spark_submit.py:492} INFO - 25/05/22 13:06:25 INFO DiskBlockManager: Created local directory at /tmp/blockmgr-4591c1f8-1b51-4b43-bdc8-1fd3b5f9d37e
[2025-05-22T13:06:25.470+0000] {spark_submit.py:492} INFO - 25/05/22 13:06:25 INFO MemoryStore: MemoryStore started with capacity 434.4 MiB
[2025-05-22T13:06:25.475+0000] {spark_submit.py:492} INFO - 25/05/22 13:06:25 INFO SparkEnv: Registering OutputCommitCoordinator
[2025-05-22T13:06:25.520+0000] {spark_submit.py:492} INFO - 25/05/22 13:06:25 INFO JettyUtils: Start Jetty 0.0.0.0:4040 for SparkUI
[2025-05-22T13:06:25.550+0000] {spark_submit.py:492} INFO - 25/05/22 13:06:25 INFO Utils: Successfully started service 'SparkUI' on port 4040.
[2025-05-22T13:06:25.569+0000] {spark_submit.py:492} INFO - 25/05/22 13:06:25 INFO SparkContext: Added JAR file:///opt/spark/jars/hadoop-aws-3.3.1.jar at spark://3337e7bd3891:41833/jars/hadoop-aws-3.3.1.jar with timestamp 1747919185301
[2025-05-22T13:06:25.570+0000] {spark_submit.py:492} INFO - 25/05/22 13:06:25 INFO SparkContext: Added JAR file:///opt/spark/jars/aws-java-sdk-bundle-1.11.901.jar at spark://3337e7bd3891:41833/jars/aws-java-sdk-bundle-1.11.901.jar with timestamp 1747919185301
[2025-05-22T13:06:25.571+0000] {spark_submit.py:492} INFO - 25/05/22 13:06:25 INFO SparkContext: Added JAR file:///opt/spark/jars/postgresql-42.7.4.jar at spark://3337e7bd3891:41833/jars/postgresql-42.7.4.jar with timestamp 1747919185301
[2025-05-22T13:06:25.618+0000] {spark_submit.py:492} INFO - 25/05/22 13:06:25 INFO Executor: Starting executor ID driver on host 3337e7bd3891
[2025-05-22T13:06:25.621+0000] {spark_submit.py:492} INFO - 25/05/22 13:06:25 INFO Executor: OS info Linux, 6.10.14-linuxkit, aarch64
[2025-05-22T13:06:25.621+0000] {spark_submit.py:492} INFO - 25/05/22 13:06:25 INFO Executor: Java version 17.0.15
[2025-05-22T13:06:25.624+0000] {spark_submit.py:492} INFO - 25/05/22 13:06:25 INFO Executor: Starting executor with user classpath (userClassPathFirst = false): ''
[2025-05-22T13:06:25.624+0000] {spark_submit.py:492} INFO - 25/05/22 13:06:25 INFO Executor: Created or updated repl class loader org.apache.spark.util.MutableURLClassLoader@4f0a0746 for default.
[2025-05-22T13:06:25.631+0000] {spark_submit.py:492} INFO - 25/05/22 13:06:25 INFO Executor: Fetching spark://3337e7bd3891:41833/jars/hadoop-aws-3.3.1.jar with timestamp 1747919185301
[2025-05-22T13:06:25.661+0000] {spark_submit.py:492} INFO - 25/05/22 13:06:25 INFO TransportClientFactory: Successfully created connection to 3337e7bd3891/172.27.0.4:41833 after 11 ms (0 ms spent in bootstraps)
[2025-05-22T13:06:25.663+0000] {spark_submit.py:492} INFO - 25/05/22 13:06:25 INFO Utils: Fetching spark://3337e7bd3891:41833/jars/hadoop-aws-3.3.1.jar to /tmp/spark-96329f5a-8bf7-4e5b-a877-04274ee2a04a/userFiles-aecc0c65-c802-43e6-ba96-86f249d25228/fetchFileTemp2388875967625090512.tmp
[2025-05-22T13:06:25.684+0000] {spark_submit.py:492} INFO - 25/05/22 13:06:25 INFO Executor: Adding file:/tmp/spark-96329f5a-8bf7-4e5b-a877-04274ee2a04a/userFiles-aecc0c65-c802-43e6-ba96-86f249d25228/hadoop-aws-3.3.1.jar to class loader default
[2025-05-22T13:06:25.684+0000] {spark_submit.py:492} INFO - 25/05/22 13:06:25 INFO Executor: Fetching spark://3337e7bd3891:41833/jars/aws-java-sdk-bundle-1.11.901.jar with timestamp 1747919185301
[2025-05-22T13:06:25.684+0000] {spark_submit.py:492} INFO - 25/05/22 13:06:25 INFO Utils: Fetching spark://3337e7bd3891:41833/jars/aws-java-sdk-bundle-1.11.901.jar to /tmp/spark-96329f5a-8bf7-4e5b-a877-04274ee2a04a/userFiles-aecc0c65-c802-43e6-ba96-86f249d25228/fetchFileTemp13309407174018834242.tmp
[2025-05-22T13:06:25.888+0000] {spark_submit.py:492} INFO - 25/05/22 13:06:25 INFO Executor: Adding file:/tmp/spark-96329f5a-8bf7-4e5b-a877-04274ee2a04a/userFiles-aecc0c65-c802-43e6-ba96-86f249d25228/aws-java-sdk-bundle-1.11.901.jar to class loader default
[2025-05-22T13:06:25.889+0000] {spark_submit.py:492} INFO - 25/05/22 13:06:25 INFO Executor: Fetching spark://3337e7bd3891:41833/jars/postgresql-42.7.4.jar with timestamp 1747919185301
[2025-05-22T13:06:25.889+0000] {spark_submit.py:492} INFO - 25/05/22 13:06:25 INFO Utils: Fetching spark://3337e7bd3891:41833/jars/postgresql-42.7.4.jar to /tmp/spark-96329f5a-8bf7-4e5b-a877-04274ee2a04a/userFiles-aecc0c65-c802-43e6-ba96-86f249d25228/fetchFileTemp9179342070935774056.tmp
[2025-05-22T13:06:25.893+0000] {spark_submit.py:492} INFO - 25/05/22 13:06:25 INFO Executor: Adding file:/tmp/spark-96329f5a-8bf7-4e5b-a877-04274ee2a04a/userFiles-aecc0c65-c802-43e6-ba96-86f249d25228/postgresql-42.7.4.jar to class loader default
[2025-05-22T13:06:25.898+0000] {spark_submit.py:492} INFO - 25/05/22 13:06:25 INFO Utils: Successfully started service 'org.apache.spark.network.netty.NettyBlockTransferService' on port 36353.
[2025-05-22T13:06:25.900+0000] {spark_submit.py:492} INFO - 25/05/22 13:06:25 INFO NettyBlockTransferService: Server created on 3337e7bd3891:36353
[2025-05-22T13:06:25.900+0000] {spark_submit.py:492} INFO - 25/05/22 13:06:25 INFO BlockManager: Using org.apache.spark.storage.RandomBlockReplicationPolicy for block replication policy
[2025-05-22T13:06:25.901+0000] {spark_submit.py:492} INFO - 25/05/22 13:06:25 INFO BlockManagerMaster: Registering BlockManager BlockManagerId(driver, 3337e7bd3891, 36353, None)
[2025-05-22T13:06:25.904+0000] {spark_submit.py:492} INFO - 25/05/22 13:06:25 INFO BlockManagerMasterEndpoint: Registering block manager 3337e7bd3891:36353 with 434.4 MiB RAM, BlockManagerId(driver, 3337e7bd3891, 36353, None)
[2025-05-22T13:06:25.905+0000] {spark_submit.py:492} INFO - 25/05/22 13:06:25 INFO BlockManagerMaster: Registered BlockManager BlockManagerId(driver, 3337e7bd3891, 36353, None)
[2025-05-22T13:06:25.906+0000] {spark_submit.py:492} INFO - 25/05/22 13:06:25 INFO BlockManager: Initialized BlockManager: BlockManagerId(driver, 3337e7bd3891, 36353, None)
[2025-05-22T13:06:26.039+0000] {spark_submit.py:492} INFO - 25/05/22 13:06:26 INFO SharedState: Setting hive.metastore.warehouse.dir ('null') to the value of spark.sql.warehouse.dir.
[2025-05-22T13:06:26.043+0000] {spark_submit.py:492} INFO - 25/05/22 13:06:26 INFO SharedState: Warehouse path is 'file:/opt/***/spark-warehouse'.
[2025-05-22T13:06:26.333+0000] {spark_submit.py:492} INFO - 25/05/22 13:06:26 WARN MetricsConfig: Cannot locate configuration: tried hadoop-metrics2-s3a-file-system.properties,hadoop-metrics2.properties
[2025-05-22T13:06:26.338+0000] {spark_submit.py:492} INFO - 25/05/22 13:06:26 INFO MetricsSystemImpl: Scheduled Metric snapshot period at 10 second(s).
[2025-05-22T13:06:26.338+0000] {spark_submit.py:492} INFO - 25/05/22 13:06:26 INFO MetricsSystemImpl: s3a-file-system metrics system started
[2025-05-22T13:06:26.681+0000] {spark_submit.py:492} INFO - 25/05/22 13:06:26 INFO InMemoryFileIndex: It took 25 ms to list leaf files for 1 paths.
[2025-05-22T13:06:26.732+0000] {spark_submit.py:492} INFO - 25/05/22 13:06:26 INFO InMemoryFileIndex: It took 21 ms to list leaf files for 1 paths.
[2025-05-22T13:06:27.510+0000] {spark_submit.py:492} INFO - 25/05/22 13:06:27 INFO FileSourceStrategy: Pushed Filters:
[2025-05-22T13:06:27.511+0000] {spark_submit.py:492} INFO - 25/05/22 13:06:27 INFO FileSourceStrategy: Post-Scan Filters: (length(trim(value#0, None)) > 0)
[2025-05-22T13:06:27.686+0000] {spark_submit.py:492} INFO - 25/05/22 13:06:27 INFO CodeGenerator: Code generated in 70.195625 ms
[2025-05-22T13:06:27.703+0000] {spark_submit.py:492} INFO - 25/05/22 13:06:27 INFO MemoryStore: Block broadcast_0 stored as values in memory (estimated size 202.1 KiB, free 434.2 MiB)
[2025-05-22T13:06:27.725+0000] {spark_submit.py:492} INFO - 25/05/22 13:06:27 INFO MemoryStore: Block broadcast_0_piece0 stored as bytes in memory (estimated size 35.0 KiB, free 434.2 MiB)
[2025-05-22T13:06:27.727+0000] {spark_submit.py:492} INFO - 25/05/22 13:06:27 INFO BlockManagerInfo: Added broadcast_0_piece0 in memory on 3337e7bd3891:36353 (size: 35.0 KiB, free: 434.4 MiB)
[2025-05-22T13:06:27.729+0000] {spark_submit.py:492} INFO - 25/05/22 13:06:27 INFO SparkContext: Created broadcast 0 from csv at NativeMethodAccessorImpl.java:0
[2025-05-22T13:06:27.735+0000] {spark_submit.py:492} INFO - 25/05/22 13:06:27 INFO FileSourceScanExec: Planning scan with bin packing, max size: 4233153 bytes, open cost is considered as scanning 4194304 bytes.
[2025-05-22T13:06:27.783+0000] {spark_submit.py:492} INFO - 25/05/22 13:06:27 INFO SparkContext: Starting job: csv at NativeMethodAccessorImpl.java:0
[2025-05-22T13:06:27.792+0000] {spark_submit.py:492} INFO - 25/05/22 13:06:27 INFO DAGScheduler: Got job 0 (csv at NativeMethodAccessorImpl.java:0) with 1 output partitions
[2025-05-22T13:06:27.793+0000] {spark_submit.py:492} INFO - 25/05/22 13:06:27 INFO DAGScheduler: Final stage: ResultStage 0 (csv at NativeMethodAccessorImpl.java:0)
[2025-05-22T13:06:27.793+0000] {spark_submit.py:492} INFO - 25/05/22 13:06:27 INFO DAGScheduler: Parents of final stage: List()
[2025-05-22T13:06:27.793+0000] {spark_submit.py:492} INFO - 25/05/22 13:06:27 INFO DAGScheduler: Missing parents: List()
[2025-05-22T13:06:27.794+0000] {spark_submit.py:492} INFO - 25/05/22 13:06:27 INFO DAGScheduler: Submitting ResultStage 0 (MapPartitionsRDD[3] at csv at NativeMethodAccessorImpl.java:0), which has no missing parents
[2025-05-22T13:06:27.821+0000] {spark_submit.py:492} INFO - 25/05/22 13:06:27 INFO MemoryStore: Block broadcast_1 stored as values in memory (estimated size 13.5 KiB, free 434.2 MiB)
[2025-05-22T13:06:27.825+0000] {spark_submit.py:492} INFO - 25/05/22 13:06:27 INFO MemoryStore: Block broadcast_1_piece0 stored as bytes in memory (estimated size 6.4 KiB, free 434.1 MiB)
[2025-05-22T13:06:27.826+0000] {spark_submit.py:492} INFO - 25/05/22 13:06:27 INFO BlockManagerInfo: Added broadcast_1_piece0 in memory on 3337e7bd3891:36353 (size: 6.4 KiB, free: 434.4 MiB)
[2025-05-22T13:06:27.832+0000] {spark_submit.py:492} INFO - 25/05/22 13:06:27 INFO SparkContext: Created broadcast 1 from broadcast at DAGScheduler.scala:1585
[2025-05-22T13:06:27.835+0000] {spark_submit.py:492} INFO - 25/05/22 13:06:27 INFO DAGScheduler: Submitting 1 missing tasks from ResultStage 0 (MapPartitionsRDD[3] at csv at NativeMethodAccessorImpl.java:0) (first 15 tasks are for partitions Vector(0))
[2025-05-22T13:06:27.836+0000] {spark_submit.py:492} INFO - 25/05/22 13:06:27 INFO TaskSchedulerImpl: Adding task set 0.0 with 1 tasks resource profile 0
[2025-05-22T13:06:27.854+0000] {spark_submit.py:492} INFO - 25/05/22 13:06:27 INFO TaskSetManager: Starting task 0.0 in stage 0.0 (TID 0) (3337e7bd3891, executor driver, partition 0, PROCESS_LOCAL, 8601 bytes)
[2025-05-22T13:06:27.860+0000] {spark_submit.py:492} INFO - 25/05/22 13:06:27 INFO Executor: Running task 0.0 in stage 0.0 (TID 0)
[2025-05-22T13:06:27.918+0000] {spark_submit.py:492} INFO - 25/05/22 13:06:27 INFO CodeGenerator: Code generated in 22.261875 ms
[2025-05-22T13:06:27.919+0000] {spark_submit.py:492} INFO - 25/05/22 13:06:27 INFO FileScanRDD: Reading File path: s3a://user-log-ml/2025-05-22_01-00-00.csv, range: 0-38849, partition values: [empty row]
[2025-05-22T13:06:27.933+0000] {spark_submit.py:492} INFO - 25/05/22 13:06:27 INFO CodeGenerator: Code generated in 9.416166 ms
[2025-05-22T13:06:27.994+0000] {spark_submit.py:492} INFO - 25/05/22 13:06:27 INFO Executor: Finished task 0.0 in stage 0.0 (TID 0). 1732 bytes result sent to driver
[2025-05-22T13:06:27.998+0000] {spark_submit.py:492} INFO - 25/05/22 13:06:27 INFO TaskSetManager: Finished task 0.0 in stage 0.0 (TID 0) in 148 ms on 3337e7bd3891 (executor driver) (1/1)
[2025-05-22T13:06:27.999+0000] {spark_submit.py:492} INFO - 25/05/22 13:06:27 INFO TaskSchedulerImpl: Removed TaskSet 0.0, whose tasks have all completed, from pool
[2025-05-22T13:06:28.001+0000] {spark_submit.py:492} INFO - 25/05/22 13:06:28 INFO DAGScheduler: ResultStage 0 (csv at NativeMethodAccessorImpl.java:0) finished in 0.204 s
[2025-05-22T13:06:28.004+0000] {spark_submit.py:492} INFO - 25/05/22 13:06:28 INFO DAGScheduler: Job 0 is finished. Cancelling potential speculative or zombie tasks for this job
[2025-05-22T13:06:28.005+0000] {spark_submit.py:492} INFO - 25/05/22 13:06:28 INFO TaskSchedulerImpl: Killing all running tasks in stage 0: Stage finished
[2025-05-22T13:06:28.008+0000] {spark_submit.py:492} INFO - 25/05/22 13:06:28 INFO DAGScheduler: Job 0 finished: csv at NativeMethodAccessorImpl.java:0, took 0.221770 s
[2025-05-22T13:06:28.020+0000] {spark_submit.py:492} INFO - 25/05/22 13:06:28 INFO CodeGenerator: Code generated in 6.757167 ms
[2025-05-22T13:06:28.048+0000] {spark_submit.py:492} INFO - 25/05/22 13:06:28 INFO FileSourceStrategy: Pushed Filters:
[2025-05-22T13:06:28.053+0000] {spark_submit.py:492} INFO - 25/05/22 13:06:28 INFO FileSourceStrategy: Post-Scan Filters:
[2025-05-22T13:06:28.053+0000] {spark_submit.py:492} INFO - 25/05/22 13:06:28 INFO MemoryStore: Block broadcast_2 stored as values in memory (estimated size 202.1 KiB, free 434.0 MiB)
[2025-05-22T13:06:28.055+0000] {spark_submit.py:492} INFO - 25/05/22 13:06:28 INFO MemoryStore: Block broadcast_2_piece0 stored as bytes in memory (estimated size 35.0 KiB, free 433.9 MiB)
[2025-05-22T13:06:28.056+0000] {spark_submit.py:492} INFO - 25/05/22 13:06:28 INFO BlockManagerInfo: Added broadcast_2_piece0 in memory on 3337e7bd3891:36353 (size: 35.0 KiB, free: 434.3 MiB)
[2025-05-22T13:06:28.060+0000] {spark_submit.py:492} INFO - 25/05/22 13:06:28 INFO SparkContext: Created broadcast 2 from csv at NativeMethodAccessorImpl.java:0
[2025-05-22T13:06:28.060+0000] {spark_submit.py:492} INFO - 25/05/22 13:06:28 INFO FileSourceScanExec: Planning scan with bin packing, max size: 4233153 bytes, open cost is considered as scanning 4194304 bytes.
[2025-05-22T13:06:28.093+0000] {spark_submit.py:492} INFO - 25/05/22 13:06:28 INFO SparkContext: Starting job: csv at NativeMethodAccessorImpl.java:0
[2025-05-22T13:06:28.094+0000] {spark_submit.py:492} INFO - 25/05/22 13:06:28 INFO DAGScheduler: Got job 1 (csv at NativeMethodAccessorImpl.java:0) with 1 output partitions
[2025-05-22T13:06:28.094+0000] {spark_submit.py:492} INFO - 25/05/22 13:06:28 INFO DAGScheduler: Final stage: ResultStage 1 (csv at NativeMethodAccessorImpl.java:0)
[2025-05-22T13:06:28.095+0000] {spark_submit.py:492} INFO - 25/05/22 13:06:28 INFO DAGScheduler: Parents of final stage: List()
[2025-05-22T13:06:28.095+0000] {spark_submit.py:492} INFO - 25/05/22 13:06:28 INFO DAGScheduler: Missing parents: List()
[2025-05-22T13:06:28.095+0000] {spark_submit.py:492} INFO - 25/05/22 13:06:28 INFO DAGScheduler: Submitting ResultStage 1 (MapPartitionsRDD[9] at csv at NativeMethodAccessorImpl.java:0), which has no missing parents
[2025-05-22T13:06:28.108+0000] {spark_submit.py:492} INFO - 25/05/22 13:06:28 INFO MemoryStore: Block broadcast_3 stored as values in memory (estimated size 28.5 KiB, free 433.9 MiB)
[2025-05-22T13:06:28.110+0000] {spark_submit.py:492} INFO - 25/05/22 13:06:28 INFO MemoryStore: Block broadcast_3_piece0 stored as bytes in memory (estimated size 13.1 KiB, free 433.9 MiB)
[2025-05-22T13:06:28.110+0000] {spark_submit.py:492} INFO - 25/05/22 13:06:28 INFO BlockManagerInfo: Added broadcast_3_piece0 in memory on 3337e7bd3891:36353 (size: 13.1 KiB, free: 434.3 MiB)
[2025-05-22T13:06:28.111+0000] {spark_submit.py:492} INFO - 25/05/22 13:06:28 INFO SparkContext: Created broadcast 3 from broadcast at DAGScheduler.scala:1585
[2025-05-22T13:06:28.111+0000] {spark_submit.py:492} INFO - 25/05/22 13:06:28 INFO DAGScheduler: Submitting 1 missing tasks from ResultStage 1 (MapPartitionsRDD[9] at csv at NativeMethodAccessorImpl.java:0) (first 15 tasks are for partitions Vector(0))
[2025-05-22T13:06:28.111+0000] {spark_submit.py:492} INFO - 25/05/22 13:06:28 INFO TaskSchedulerImpl: Adding task set 1.0 with 1 tasks resource profile 0
[2025-05-22T13:06:28.112+0000] {spark_submit.py:492} INFO - 25/05/22 13:06:28 INFO TaskSetManager: Starting task 0.0 in stage 1.0 (TID 1) (3337e7bd3891, executor driver, partition 0, PROCESS_LOCAL, 8601 bytes)
[2025-05-22T13:06:28.112+0000] {spark_submit.py:492} INFO - 25/05/22 13:06:28 INFO Executor: Running task 0.0 in stage 1.0 (TID 1)
[2025-05-22T13:06:28.136+0000] {spark_submit.py:492} INFO - 25/05/22 13:06:28 INFO CodeGenerator: Code generated in 4.343917 ms
[2025-05-22T13:06:28.138+0000] {spark_submit.py:492} INFO - 25/05/22 13:06:28 INFO FileScanRDD: Reading File path: s3a://user-log-ml/2025-05-22_01-00-00.csv, range: 0-38849, partition values: [empty row]
[2025-05-22T13:06:28.319+0000] {spark_submit.py:492} INFO - 25/05/22 13:06:28 INFO Executor: Finished task 0.0 in stage 1.0 (TID 1). 1745 bytes result sent to driver
[2025-05-22T13:06:28.321+0000] {spark_submit.py:492} INFO - 25/05/22 13:06:28 INFO TaskSetManager: Finished task 0.0 in stage 1.0 (TID 1) in 209 ms on 3337e7bd3891 (executor driver) (1/1)
[2025-05-22T13:06:28.322+0000] {spark_submit.py:492} INFO - 25/05/22 13:06:28 INFO TaskSchedulerImpl: Removed TaskSet 1.0, whose tasks have all completed, from pool
[2025-05-22T13:06:28.323+0000] {spark_submit.py:492} INFO - 25/05/22 13:06:28 INFO DAGScheduler: ResultStage 1 (csv at NativeMethodAccessorImpl.java:0) finished in 0.226 s
[2025-05-22T13:06:28.323+0000] {spark_submit.py:492} INFO - 25/05/22 13:06:28 INFO DAGScheduler: Job 1 is finished. Cancelling potential speculative or zombie tasks for this job
[2025-05-22T13:06:28.323+0000] {spark_submit.py:492} INFO - 25/05/22 13:06:28 INFO TaskSchedulerImpl: Killing all running tasks in stage 1: Stage finished
[2025-05-22T13:06:28.323+0000] {spark_submit.py:492} INFO - 25/05/22 13:06:28 INFO DAGScheduler: Job 1 finished: csv at NativeMethodAccessorImpl.java:0, took 0.229524 s
[2025-05-22T13:06:28.378+0000] {spark_submit.py:492} INFO - Traceback (most recent call last):
[2025-05-22T13:06:28.379+0000] {spark_submit.py:492} INFO - File "/opt/spark/testlog_ml_spark.py", line 15, in <module>
[2025-05-22T13:06:28.379+0000] {spark_submit.py:492} INFO - .withColumn("like_score", when(col("event_type") == "like_click") & (col("liked") == 1, lit(3))
[2025-05-22T13:06:28.380+0000] {spark_submit.py:492} INFO - File "/home/***/.local/lib/python3.10/site-packages/pyspark/python/lib/pyspark.zip/pyspark/sql/utils.py", line 174, in wrapped
[2025-05-22T13:06:28.381+0000] {spark_submit.py:492} INFO - TypeError: when() missing 1 required positional argument: 'value'
[2025-05-22T13:06:28.422+0000] {spark_submit.py:492} INFO - 25/05/22 13:06:28 INFO SparkContext: Invoking stop() from shutdown hook
[2025-05-22T13:06:28.423+0000] {spark_submit.py:492} INFO - 25/05/22 13:06:28 INFO SparkContext: SparkContext is stopping with exitCode 0.
[2025-05-22T13:06:28.427+0000] {spark_submit.py:492} INFO - 25/05/22 13:06:28 INFO SparkUI: Stopped Spark web UI at http://3337e7bd3891:4040
[2025-05-22T13:06:28.434+0000] {spark_submit.py:492} INFO - 25/05/22 13:06:28 INFO MapOutputTrackerMasterEndpoint: MapOutputTrackerMasterEndpoint stopped!
[2025-05-22T13:06:28.439+0000] {spark_submit.py:492} INFO - 25/05/22 13:06:28 INFO MemoryStore: MemoryStore cleared
[2025-05-22T13:06:28.440+0000] {spark_submit.py:492} INFO - 25/05/22 13:06:28 INFO BlockManager: BlockManager stopped
[2025-05-22T13:06:28.442+0000] {spark_submit.py:492} INFO - 25/05/22 13:06:28 INFO BlockManagerMaster: BlockManagerMaster stopped
[2025-05-22T13:06:28.443+0000] {spark_submit.py:492} INFO - 25/05/22 13:06:28 INFO OutputCommitCoordinator$OutputCommitCoordinatorEndpoint: OutputCommitCoordinator stopped!
[2025-05-22T13:06:28.446+0000] {spark_submit.py:492} INFO - 25/05/22 13:06:28 INFO SparkContext: Successfully stopped SparkContext
[2025-05-22T13:06:28.446+0000] {spark_submit.py:492} INFO - 25/05/22 13:06:28 INFO ShutdownHookManager: Shutdown hook called
[2025-05-22T13:06:28.446+0000] {spark_submit.py:492} INFO - 25/05/22 13:06:28 INFO ShutdownHookManager: Deleting directory /tmp/spark-6b0e5c48-328d-41d3-8dc1-b8021686bb07
[2025-05-22T13:06:28.448+0000] {spark_submit.py:492} INFO - 25/05/22 13:06:28 INFO ShutdownHookManager: Deleting directory /tmp/spark-96329f5a-8bf7-4e5b-a877-04274ee2a04a/pyspark-4ad3b8be-91f2-445f-921e-ade4a1238a1f
[2025-05-22T13:06:28.449+0000] {spark_submit.py:492} INFO - 25/05/22 13:06:28 INFO ShutdownHookManager: Deleting directory /tmp/spark-96329f5a-8bf7-4e5b-a877-04274ee2a04a
[2025-05-22T13:06:28.451+0000] {spark_submit.py:492} INFO - 25/05/22 13:06:28 INFO MetricsSystemImpl: Stopping s3a-file-system metrics system...
[2025-05-22T13:06:28.452+0000] {spark_submit.py:492} INFO - 25/05/22 13:06:28 INFO MetricsSystemImpl: s3a-file-system metrics system stopped.
[2025-05-22T13:06:28.452+0000] {spark_submit.py:492} INFO - 25/05/22 13:06:28 INFO MetricsSystemImpl: s3a-file-system metrics system shutdown complete.
[2025-05-22T13:06:28.500+0000] {taskinstance.py:3310} ERROR - Task failed with exception
Traceback (most recent call last):
  File "/home/airflow/.local/lib/python3.10/site-packages/airflow/models/taskinstance.py", line 762, in _execute_task
    result = _execute_callable(context=context, **execute_callable_kwargs)
  File "/home/airflow/.local/lib/python3.10/site-packages/airflow/models/taskinstance.py", line 733, in _execute_callable
    return ExecutionCallableRunner(
  File "/home/airflow/.local/lib/python3.10/site-packages/airflow/utils/operator_helpers.py", line 252, in run
    return self.func(*args, **kwargs)
  File "/home/airflow/.local/lib/python3.10/site-packages/airflow/models/baseoperator.py", line 406, in wrapper
    return func(self, *args, **kwargs)
  File "/home/airflow/.local/lib/python3.10/site-packages/airflow/providers/apache/spark/operators/spark_submit.py", line 157, in execute
    self._hook.submit(self._application)
  File "/home/airflow/.local/lib/python3.10/site-packages/airflow/providers/apache/spark/hooks/spark_submit.py", line 423, in submit
    raise AirflowException(
airflow.exceptions.AirflowException: Cannot execute: spark-submit --master local --conf spark.hadoop.fs.s3a.endpoint=http://3.38.135.214:9000 --conf spark.hadoop.fs.s3a.access.key=minioadmin --conf spark.hadoop.fs.s3a.secret.key=****** --conf spark.hadoop.fs.s3a.impl=org.apache.hadoop.fs.s3a.S3AFileSystem --conf spark.hadoop.fs.s3a.path.style.access=true --conf spark.hadoop.fs.s3a.connection.ssl.enabled=false --conf spark.hadoop.fs.s3a.aws.credentials.provider= --jars /opt/spark/jars/hadoop-aws-3.3.1.jar,/opt/spark/jars/aws-java-sdk-bundle-1.11.901.jar,/opt/spark/jars/postgresql-42.7.4.jar --name arrow-spark /opt/spark/testlog_ml_spark.py. Error code is: 1.
[2025-05-22T13:06:28.506+0000] {taskinstance.py:1225} INFO - Marking task as UP_FOR_RETRY. dag_id=kafka_to_minio_to_spark, task_id=spark_etl, run_id=scheduled__2025-05-21T16:00:00+00:00, execution_date=20250521T160000, start_date=20250522T130623, end_date=20250522T130628
[2025-05-22T13:06:28.512+0000] {taskinstance.py:340} INFO - ::group::Post task execution logs
[2025-05-22T13:06:28.513+0000] {standard_task_runner.py:124} ERROR - Failed to execute job 325 for task spark_etl (Cannot execute: spark-submit --master local --conf spark.hadoop.fs.s3a.endpoint=http://3.38.135.214:9000 --conf spark.hadoop.fs.s3a.access.key=minioadmin --conf spark.hadoop.fs.s3a.secret.key=****** --conf spark.hadoop.fs.s3a.impl=org.apache.hadoop.fs.s3a.S3AFileSystem --conf spark.hadoop.fs.s3a.path.style.access=true --conf spark.hadoop.fs.s3a.connection.ssl.enabled=false --conf spark.hadoop.fs.s3a.aws.credentials.provider= --jars /opt/spark/jars/hadoop-aws-3.3.1.jar,/opt/spark/jars/aws-java-sdk-bundle-1.11.901.jar,/opt/spark/jars/postgresql-42.7.4.jar --name arrow-spark /opt/spark/testlog_ml_spark.py. Error code is: 1.; 1686)
Traceback (most recent call last):
  File "/home/airflow/.local/lib/python3.10/site-packages/airflow/task/task_runner/standard_task_runner.py", line 117, in _start_by_fork
    ret = args.func(args, dag=self.dag)
  File "/home/airflow/.local/lib/python3.10/site-packages/airflow/cli/cli_config.py", line 49, in command
    return func(*args, **kwargs)
  File "/home/airflow/.local/lib/python3.10/site-packages/airflow/utils/cli.py", line 115, in wrapper
    return f(*args, **kwargs)
  File "/home/airflow/.local/lib/python3.10/site-packages/airflow/cli/commands/task_command.py", line 483, in task_run
    task_return_code = _run_task_by_selected_method(args, _dag, ti)
  File "/home/airflow/.local/lib/python3.10/site-packages/airflow/cli/commands/task_command.py", line 256, in _run_task_by_selected_method
    return _run_raw_task(args, ti)
  File "/home/airflow/.local/lib/python3.10/site-packages/airflow/cli/commands/task_command.py", line 341, in _run_raw_task
    return ti._run_raw_task(
  File "/home/airflow/.local/lib/python3.10/site-packages/airflow/utils/session.py", line 97, in wrapper
    return func(*args, session=session, **kwargs)
  File "/home/airflow/.local/lib/python3.10/site-packages/airflow/models/taskinstance.py", line 3004, in _run_raw_task
    return _run_raw_task(
  File "/home/airflow/.local/lib/python3.10/site-packages/airflow/models/taskinstance.py", line 273, in _run_raw_task
    TaskInstance._execute_task_with_callbacks(
  File "/home/airflow/.local/lib/python3.10/site-packages/airflow/models/taskinstance.py", line 3158, in _execute_task_with_callbacks
    result = self._execute_task(context, task_orig)
  File "/home/airflow/.local/lib/python3.10/site-packages/airflow/models/taskinstance.py", line 3182, in _execute_task
    return _execute_task(self, context, task_orig)
  File "/home/airflow/.local/lib/python3.10/site-packages/airflow/models/taskinstance.py", line 762, in _execute_task
    result = _execute_callable(context=context, **execute_callable_kwargs)
  File "/home/airflow/.local/lib/python3.10/site-packages/airflow/models/taskinstance.py", line 733, in _execute_callable
    return ExecutionCallableRunner(
  File "/home/airflow/.local/lib/python3.10/site-packages/airflow/utils/operator_helpers.py", line 252, in run
    return self.func(*args, **kwargs)
  File "/home/airflow/.local/lib/python3.10/site-packages/airflow/models/baseoperator.py", line 406, in wrapper
    return func(self, *args, **kwargs)
  File "/home/airflow/.local/lib/python3.10/site-packages/airflow/providers/apache/spark/operators/spark_submit.py", line 157, in execute
    self._hook.submit(self._application)
  File "/home/airflow/.local/lib/python3.10/site-packages/airflow/providers/apache/spark/hooks/spark_submit.py", line 423, in submit
    raise AirflowException(
airflow.exceptions.AirflowException: Cannot execute: spark-submit --master local --conf spark.hadoop.fs.s3a.endpoint=http://3.38.135.214:9000 --conf spark.hadoop.fs.s3a.access.key=minioadmin --conf spark.hadoop.fs.s3a.secret.key=****** --conf spark.hadoop.fs.s3a.impl=org.apache.hadoop.fs.s3a.S3AFileSystem --conf spark.hadoop.fs.s3a.path.style.access=true --conf spark.hadoop.fs.s3a.connection.ssl.enabled=false --conf spark.hadoop.fs.s3a.aws.credentials.provider= --jars /opt/spark/jars/hadoop-aws-3.3.1.jar,/opt/spark/jars/aws-java-sdk-bundle-1.11.901.jar,/opt/spark/jars/postgresql-42.7.4.jar --name arrow-spark /opt/spark/testlog_ml_spark.py. Error code is: 1.
[2025-05-22T13:06:28.559+0000] {local_task_job_runner.py:266} INFO - Task exited with return code 1
[2025-05-22T13:06:28.566+0000] {taskinstance.py:3900} INFO - 0 downstream tasks scheduled from follow-on schedule check
[2025-05-22T13:06:28.567+0000] {local_task_job_runner.py:245} INFO - ::endgroup::
