[2025-05-22T13:11:02.019+0000] {local_task_job_runner.py:123} INFO - ::group::Pre task execution logs
[2025-05-22T13:11:02.026+0000] {taskinstance.py:2612} INFO - Dependencies all met for dep_context=non-requeueable deps ti=<TaskInstance: kafka_to_minio_to_spark.spark_etl scheduled__2025-05-21T16:00:00+00:00 [queued]>
[2025-05-22T13:11:02.029+0000] {taskinstance.py:2612} INFO - Dependencies all met for dep_context=requeueable deps ti=<TaskInstance: kafka_to_minio_to_spark.spark_etl scheduled__2025-05-21T16:00:00+00:00 [queued]>
[2025-05-22T13:11:02.029+0000] {taskinstance.py:2865} INFO - Starting attempt 54 of 56
[2025-05-22T13:11:02.034+0000] {taskinstance.py:2888} INFO - Executing <Task(SparkSubmitOperator): spark_etl> on 2025-05-21 16:00:00+00:00
[2025-05-22T13:11:02.035+0000] {standard_task_runner.py:72} INFO - Started process 2231 to run task
[2025-05-22T13:11:02.037+0000] {standard_task_runner.py:104} INFO - Running: ['***', 'tasks', 'run', 'kafka_to_minio_to_spark', 'spark_etl', 'scheduled__2025-05-21T16:00:00+00:00', '--job-id', '328', '--raw', '--subdir', 'DAGS_FOLDER/testlog_ml.py', '--cfg-path', '/tmp/tmp8ny12dkk']
[2025-05-22T13:11:02.038+0000] {standard_task_runner.py:105} INFO - Job 328: Subtask spark_etl
[2025-05-22T13:11:02.054+0000] {task_command.py:467} INFO - Running <TaskInstance: kafka_to_minio_to_spark.spark_etl scheduled__2025-05-21T16:00:00+00:00 [running]> on host 3337e7bd3891
[2025-05-22T13:11:02.079+0000] {taskinstance.py:3131} INFO - Exporting env vars: AIRFLOW_CTX_DAG_OWNER='***' AIRFLOW_CTX_DAG_ID='kafka_to_minio_to_spark' AIRFLOW_CTX_TASK_ID='spark_etl' AIRFLOW_CTX_EXECUTION_DATE='2025-05-21T16:00:00+00:00' AIRFLOW_CTX_TRY_NUMBER='54' AIRFLOW_CTX_DAG_RUN_ID='scheduled__2025-05-21T16:00:00+00:00'
[2025-05-22T13:11:02.079+0000] {taskinstance.py:731} INFO - ::endgroup::
[2025-05-22T13:11:02.087+0000] {base.py:84} INFO - Retrieving connection 'spark'
[2025-05-22T13:11:02.088+0000] {spark_submit.py:341} INFO - Spark-Submit cmd: spark-submit --master local --conf spark.hadoop.fs.s3a.endpoint=http://3.38.135.214:9000 --conf spark.hadoop.fs.s3a.access.key=minioadmin --conf spark.hadoop.fs.s3a.secret.key=****** --conf spark.hadoop.fs.s3a.impl=org.apache.hadoop.fs.s3a.S3AFileSystem --conf spark.hadoop.fs.s3a.path.style.access=true --conf spark.hadoop.fs.s3a.connection.ssl.enabled=false --conf spark.hadoop.fs.s3a.aws.credentials.provider= --jars /opt/spark/jars/hadoop-aws-3.3.1.jar,/opt/spark/jars/aws-java-sdk-bundle-1.11.901.jar,/opt/spark/jars/postgresql-42.7.4.jar --name arrow-spark /opt/spark/testlog_ml_spark.py
[2025-05-22T13:11:02.822+0000] {spark_submit.py:492} INFO - 25/05/22 13:11:02 WARN NativeCodeLoader: Unable to load native-hadoop library for your platform... using builtin-java classes where applicable
[2025-05-22T13:11:03.648+0000] {spark_submit.py:492} INFO - 25/05/22 13:11:03 INFO SparkContext: Running Spark version 3.5.1
[2025-05-22T13:11:03.648+0000] {spark_submit.py:492} INFO - 25/05/22 13:11:03 INFO SparkContext: OS info Linux, 6.10.14-linuxkit, aarch64
[2025-05-22T13:11:03.651+0000] {spark_submit.py:492} INFO - 25/05/22 13:11:03 INFO SparkContext: Java version 17.0.15
[2025-05-22T13:11:03.669+0000] {spark_submit.py:492} INFO - 25/05/22 13:11:03 INFO ResourceUtils: ==============================================================
[2025-05-22T13:11:03.670+0000] {spark_submit.py:492} INFO - 25/05/22 13:11:03 INFO ResourceUtils: No custom resources configured for spark.driver.
[2025-05-22T13:11:03.671+0000] {spark_submit.py:492} INFO - 25/05/22 13:11:03 INFO ResourceUtils: ==============================================================
[2025-05-22T13:11:03.671+0000] {spark_submit.py:492} INFO - 25/05/22 13:11:03 INFO SparkContext: Submitted application: arrow-spark
[2025-05-22T13:11:03.685+0000] {spark_submit.py:492} INFO - 25/05/22 13:11:03 INFO ResourceProfile: Default ResourceProfile created, executor resources: Map(cores -> name: cores, amount: 1, script: , vendor: , memory -> name: memory, amount: 1024, script: , vendor: , offHeap -> name: offHeap, amount: 0, script: , vendor: ), task resources: Map(cpus -> name: cpus, amount: 1.0)
[2025-05-22T13:11:03.692+0000] {spark_submit.py:492} INFO - 25/05/22 13:11:03 INFO ResourceProfile: Limiting resource is cpu
[2025-05-22T13:11:03.692+0000] {spark_submit.py:492} INFO - 25/05/22 13:11:03 INFO ResourceProfileManager: Added ResourceProfile id: 0
[2025-05-22T13:11:03.727+0000] {spark_submit.py:492} INFO - 25/05/22 13:11:03 INFO SecurityManager: Changing view acls to: ***
[2025-05-22T13:11:03.728+0000] {spark_submit.py:492} INFO - 25/05/22 13:11:03 INFO SecurityManager: Changing modify acls to: ***
[2025-05-22T13:11:03.729+0000] {spark_submit.py:492} INFO - 25/05/22 13:11:03 INFO SecurityManager: Changing view acls groups to:
[2025-05-22T13:11:03.729+0000] {spark_submit.py:492} INFO - 25/05/22 13:11:03 INFO SecurityManager: Changing modify acls groups to:
[2025-05-22T13:11:03.730+0000] {spark_submit.py:492} INFO - 25/05/22 13:11:03 INFO SecurityManager: SecurityManager: authentication disabled; ui acls disabled; users with view permissions: ***; groups with view permissions: EMPTY; users with modify permissions: ***; groups with modify permissions: EMPTY
[2025-05-22T13:11:03.837+0000] {spark_submit.py:492} INFO - 25/05/22 13:11:03 INFO Utils: Successfully started service 'sparkDriver' on port 40699.
[2025-05-22T13:11:03.850+0000] {spark_submit.py:492} INFO - 25/05/22 13:11:03 INFO SparkEnv: Registering MapOutputTracker
[2025-05-22T13:11:03.882+0000] {spark_submit.py:492} INFO - 25/05/22 13:11:03 INFO SparkEnv: Registering BlockManagerMaster
[2025-05-22T13:11:03.894+0000] {spark_submit.py:492} INFO - 25/05/22 13:11:03 INFO BlockManagerMasterEndpoint: Using org.apache.spark.storage.DefaultTopologyMapper for getting topology information
[2025-05-22T13:11:03.894+0000] {spark_submit.py:492} INFO - 25/05/22 13:11:03 INFO BlockManagerMasterEndpoint: BlockManagerMasterEndpoint up
[2025-05-22T13:11:03.897+0000] {spark_submit.py:492} INFO - 25/05/22 13:11:03 INFO SparkEnv: Registering BlockManagerMasterHeartbeat
[2025-05-22T13:11:03.927+0000] {spark_submit.py:492} INFO - 25/05/22 13:11:03 INFO DiskBlockManager: Created local directory at /tmp/blockmgr-7b3c35a4-5445-49fe-8235-58275607191a
[2025-05-22T13:11:03.936+0000] {spark_submit.py:492} INFO - 25/05/22 13:11:03 INFO MemoryStore: MemoryStore started with capacity 434.4 MiB
[2025-05-22T13:11:03.945+0000] {spark_submit.py:492} INFO - 25/05/22 13:11:03 INFO SparkEnv: Registering OutputCommitCoordinator
[2025-05-22T13:11:04.004+0000] {spark_submit.py:492} INFO - 25/05/22 13:11:04 INFO JettyUtils: Start Jetty 0.0.0.0:4040 for SparkUI
[2025-05-22T13:11:04.038+0000] {spark_submit.py:492} INFO - 25/05/22 13:11:04 INFO Utils: Successfully started service 'SparkUI' on port 4040.
[2025-05-22T13:11:04.069+0000] {spark_submit.py:492} INFO - 25/05/22 13:11:04 INFO SparkContext: Added JAR file:///opt/spark/jars/hadoop-aws-3.3.1.jar at spark://3337e7bd3891:40699/jars/hadoop-aws-3.3.1.jar with timestamp 1747919463644
[2025-05-22T13:11:04.069+0000] {spark_submit.py:492} INFO - 25/05/22 13:11:04 INFO SparkContext: Added JAR file:///opt/spark/jars/aws-java-sdk-bundle-1.11.901.jar at spark://3337e7bd3891:40699/jars/aws-java-sdk-bundle-1.11.901.jar with timestamp 1747919463644
[2025-05-22T13:11:04.070+0000] {spark_submit.py:492} INFO - 25/05/22 13:11:04 INFO SparkContext: Added JAR file:///opt/spark/jars/postgresql-42.7.4.jar at spark://3337e7bd3891:40699/jars/postgresql-42.7.4.jar with timestamp 1747919463644
[2025-05-22T13:11:04.113+0000] {spark_submit.py:492} INFO - 25/05/22 13:11:04 INFO Executor: Starting executor ID driver on host 3337e7bd3891
[2025-05-22T13:11:04.114+0000] {spark_submit.py:492} INFO - 25/05/22 13:11:04 INFO Executor: OS info Linux, 6.10.14-linuxkit, aarch64
[2025-05-22T13:11:04.117+0000] {spark_submit.py:492} INFO - 25/05/22 13:11:04 INFO Executor: Java version 17.0.15
[2025-05-22T13:11:04.120+0000] {spark_submit.py:492} INFO - 25/05/22 13:11:04 INFO Executor: Starting executor with user classpath (userClassPathFirst = false): ''
[2025-05-22T13:11:04.121+0000] {spark_submit.py:492} INFO - 25/05/22 13:11:04 INFO Executor: Created or updated repl class loader org.apache.spark.util.MutableURLClassLoader@36d48089 for default.
[2025-05-22T13:11:04.127+0000] {spark_submit.py:492} INFO - 25/05/22 13:11:04 INFO Executor: Fetching spark://3337e7bd3891:40699/jars/postgresql-42.7.4.jar with timestamp 1747919463644
[2025-05-22T13:11:04.155+0000] {spark_submit.py:492} INFO - 25/05/22 13:11:04 INFO TransportClientFactory: Successfully created connection to 3337e7bd3891/172.27.0.4:40699 after 11 ms (0 ms spent in bootstraps)
[2025-05-22T13:11:04.159+0000] {spark_submit.py:492} INFO - 25/05/22 13:11:04 INFO Utils: Fetching spark://3337e7bd3891:40699/jars/postgresql-42.7.4.jar to /tmp/spark-8a59b77e-4cce-406a-bb1e-a15329ad3a81/userFiles-bde001dd-ab3f-4185-a49b-470cc9ee400f/fetchFileTemp10276704147467703462.tmp
[2025-05-22T13:11:04.176+0000] {spark_submit.py:492} INFO - 25/05/22 13:11:04 INFO Executor: Adding file:/tmp/spark-8a59b77e-4cce-406a-bb1e-a15329ad3a81/userFiles-bde001dd-ab3f-4185-a49b-470cc9ee400f/postgresql-42.7.4.jar to class loader default
[2025-05-22T13:11:04.176+0000] {spark_submit.py:492} INFO - 25/05/22 13:11:04 INFO Executor: Fetching spark://3337e7bd3891:40699/jars/hadoop-aws-3.3.1.jar with timestamp 1747919463644
[2025-05-22T13:11:04.176+0000] {spark_submit.py:492} INFO - 25/05/22 13:11:04 INFO Utils: Fetching spark://3337e7bd3891:40699/jars/hadoop-aws-3.3.1.jar to /tmp/spark-8a59b77e-4cce-406a-bb1e-a15329ad3a81/userFiles-bde001dd-ab3f-4185-a49b-470cc9ee400f/fetchFileTemp16326504579627648850.tmp
[2025-05-22T13:11:04.181+0000] {spark_submit.py:492} INFO - 25/05/22 13:11:04 INFO Executor: Adding file:/tmp/spark-8a59b77e-4cce-406a-bb1e-a15329ad3a81/userFiles-bde001dd-ab3f-4185-a49b-470cc9ee400f/hadoop-aws-3.3.1.jar to class loader default
[2025-05-22T13:11:04.181+0000] {spark_submit.py:492} INFO - 25/05/22 13:11:04 INFO Executor: Fetching spark://3337e7bd3891:40699/jars/aws-java-sdk-bundle-1.11.901.jar with timestamp 1747919463644
[2025-05-22T13:11:04.181+0000] {spark_submit.py:492} INFO - 25/05/22 13:11:04 INFO Utils: Fetching spark://3337e7bd3891:40699/jars/aws-java-sdk-bundle-1.11.901.jar to /tmp/spark-8a59b77e-4cce-406a-bb1e-a15329ad3a81/userFiles-bde001dd-ab3f-4185-a49b-470cc9ee400f/fetchFileTemp17465900667307800575.tmp
[2025-05-22T13:11:04.445+0000] {spark_submit.py:492} INFO - 25/05/22 13:11:04 INFO Executor: Adding file:/tmp/spark-8a59b77e-4cce-406a-bb1e-a15329ad3a81/userFiles-bde001dd-ab3f-4185-a49b-470cc9ee400f/aws-java-sdk-bundle-1.11.901.jar to class loader default
[2025-05-22T13:11:04.475+0000] {spark_submit.py:492} INFO - 25/05/22 13:11:04 INFO Utils: Successfully started service 'org.apache.spark.network.netty.NettyBlockTransferService' on port 33097.
[2025-05-22T13:11:04.479+0000] {spark_submit.py:492} INFO - 25/05/22 13:11:04 INFO NettyBlockTransferService: Server created on 3337e7bd3891:33097
[2025-05-22T13:11:04.479+0000] {spark_submit.py:492} INFO - 25/05/22 13:11:04 INFO BlockManager: Using org.apache.spark.storage.RandomBlockReplicationPolicy for block replication policy
[2025-05-22T13:11:04.481+0000] {spark_submit.py:492} INFO - 25/05/22 13:11:04 INFO BlockManagerMaster: Registering BlockManager BlockManagerId(driver, 3337e7bd3891, 33097, None)
[2025-05-22T13:11:04.484+0000] {spark_submit.py:492} INFO - 25/05/22 13:11:04 INFO BlockManagerMasterEndpoint: Registering block manager 3337e7bd3891:33097 with 434.4 MiB RAM, BlockManagerId(driver, 3337e7bd3891, 33097, None)
[2025-05-22T13:11:04.486+0000] {spark_submit.py:492} INFO - 25/05/22 13:11:04 INFO BlockManagerMaster: Registered BlockManager BlockManagerId(driver, 3337e7bd3891, 33097, None)
[2025-05-22T13:11:04.486+0000] {spark_submit.py:492} INFO - 25/05/22 13:11:04 INFO BlockManager: Initialized BlockManager: BlockManagerId(driver, 3337e7bd3891, 33097, None)
[2025-05-22T13:11:04.715+0000] {spark_submit.py:492} INFO - 25/05/22 13:11:04 INFO SharedState: Setting hive.metastore.warehouse.dir ('null') to the value of spark.sql.warehouse.dir.
[2025-05-22T13:11:04.717+0000] {spark_submit.py:492} INFO - 25/05/22 13:11:04 INFO SharedState: Warehouse path is 'file:/opt/***/spark-warehouse'.
[2025-05-22T13:11:05.242+0000] {spark_submit.py:492} INFO - 25/05/22 13:11:05 WARN MetricsConfig: Cannot locate configuration: tried hadoop-metrics2-s3a-file-system.properties,hadoop-metrics2.properties
[2025-05-22T13:11:05.251+0000] {spark_submit.py:492} INFO - 25/05/22 13:11:05 INFO MetricsSystemImpl: Scheduled Metric snapshot period at 10 second(s).
[2025-05-22T13:11:05.252+0000] {spark_submit.py:492} INFO - 25/05/22 13:11:05 INFO MetricsSystemImpl: s3a-file-system metrics system started
[2025-05-22T13:11:05.808+0000] {spark_submit.py:492} INFO - 25/05/22 13:11:05 INFO InMemoryFileIndex: It took 44 ms to list leaf files for 1 paths.
[2025-05-22T13:11:05.870+0000] {spark_submit.py:492} INFO - 25/05/22 13:11:05 INFO InMemoryFileIndex: It took 27 ms to list leaf files for 1 paths.
[2025-05-22T13:11:06.952+0000] {spark_submit.py:492} INFO - 25/05/22 13:11:06 INFO FileSourceStrategy: Pushed Filters:
[2025-05-22T13:11:06.953+0000] {spark_submit.py:492} INFO - 25/05/22 13:11:06 INFO FileSourceStrategy: Post-Scan Filters: (length(trim(value#0, None)) > 0)
[2025-05-22T13:11:07.174+0000] {spark_submit.py:492} INFO - 25/05/22 13:11:07 INFO CodeGenerator: Code generated in 112.646375 ms
[2025-05-22T13:11:07.197+0000] {spark_submit.py:492} INFO - 25/05/22 13:11:07 INFO MemoryStore: Block broadcast_0 stored as values in memory (estimated size 202.1 KiB, free 434.2 MiB)
[2025-05-22T13:11:07.228+0000] {spark_submit.py:492} INFO - 25/05/22 13:11:07 INFO MemoryStore: Block broadcast_0_piece0 stored as bytes in memory (estimated size 35.0 KiB, free 434.2 MiB)
[2025-05-22T13:11:07.231+0000] {spark_submit.py:492} INFO - 25/05/22 13:11:07 INFO BlockManagerInfo: Added broadcast_0_piece0 in memory on 3337e7bd3891:33097 (size: 35.0 KiB, free: 434.4 MiB)
[2025-05-22T13:11:07.233+0000] {spark_submit.py:492} INFO - 25/05/22 13:11:07 INFO SparkContext: Created broadcast 0 from csv at NativeMethodAccessorImpl.java:0
[2025-05-22T13:11:07.239+0000] {spark_submit.py:492} INFO - 25/05/22 13:11:07 INFO FileSourceScanExec: Planning scan with bin packing, max size: 4233153 bytes, open cost is considered as scanning 4194304 bytes.
[2025-05-22T13:11:07.303+0000] {spark_submit.py:492} INFO - 25/05/22 13:11:07 INFO SparkContext: Starting job: csv at NativeMethodAccessorImpl.java:0
[2025-05-22T13:11:07.324+0000] {spark_submit.py:492} INFO - 25/05/22 13:11:07 INFO DAGScheduler: Got job 0 (csv at NativeMethodAccessorImpl.java:0) with 1 output partitions
[2025-05-22T13:11:07.325+0000] {spark_submit.py:492} INFO - 25/05/22 13:11:07 INFO DAGScheduler: Final stage: ResultStage 0 (csv at NativeMethodAccessorImpl.java:0)
[2025-05-22T13:11:07.325+0000] {spark_submit.py:492} INFO - 25/05/22 13:11:07 INFO DAGScheduler: Parents of final stage: List()
[2025-05-22T13:11:07.326+0000] {spark_submit.py:492} INFO - 25/05/22 13:11:07 INFO DAGScheduler: Missing parents: List()
[2025-05-22T13:11:07.327+0000] {spark_submit.py:492} INFO - 25/05/22 13:11:07 INFO DAGScheduler: Submitting ResultStage 0 (MapPartitionsRDD[3] at csv at NativeMethodAccessorImpl.java:0), which has no missing parents
[2025-05-22T13:11:07.377+0000] {spark_submit.py:492} INFO - 25/05/22 13:11:07 INFO MemoryStore: Block broadcast_1 stored as values in memory (estimated size 13.5 KiB, free 434.2 MiB)
[2025-05-22T13:11:07.382+0000] {spark_submit.py:492} INFO - 25/05/22 13:11:07 INFO MemoryStore: Block broadcast_1_piece0 stored as bytes in memory (estimated size 6.4 KiB, free 434.1 MiB)
[2025-05-22T13:11:07.383+0000] {spark_submit.py:492} INFO - 25/05/22 13:11:07 INFO BlockManagerInfo: Added broadcast_1_piece0 in memory on 3337e7bd3891:33097 (size: 6.4 KiB, free: 434.4 MiB)
[2025-05-22T13:11:07.387+0000] {spark_submit.py:492} INFO - 25/05/22 13:11:07 INFO SparkContext: Created broadcast 1 from broadcast at DAGScheduler.scala:1585
[2025-05-22T13:11:07.393+0000] {spark_submit.py:492} INFO - 25/05/22 13:11:07 INFO DAGScheduler: Submitting 1 missing tasks from ResultStage 0 (MapPartitionsRDD[3] at csv at NativeMethodAccessorImpl.java:0) (first 15 tasks are for partitions Vector(0))
[2025-05-22T13:11:07.394+0000] {spark_submit.py:492} INFO - 25/05/22 13:11:07 INFO TaskSchedulerImpl: Adding task set 0.0 with 1 tasks resource profile 0
[2025-05-22T13:11:07.419+0000] {spark_submit.py:492} INFO - 25/05/22 13:11:07 INFO TaskSetManager: Starting task 0.0 in stage 0.0 (TID 0) (3337e7bd3891, executor driver, partition 0, PROCESS_LOCAL, 8601 bytes)
[2025-05-22T13:11:07.429+0000] {spark_submit.py:492} INFO - 25/05/22 13:11:07 INFO Executor: Running task 0.0 in stage 0.0 (TID 0)
[2025-05-22T13:11:07.507+0000] {spark_submit.py:492} INFO - 25/05/22 13:11:07 INFO CodeGenerator: Code generated in 28.98125 ms
[2025-05-22T13:11:07.515+0000] {spark_submit.py:492} INFO - 25/05/22 13:11:07 INFO FileScanRDD: Reading File path: s3a://user-log-ml/2025-05-22_01-00-00.csv, range: 0-38849, partition values: [empty row]
[2025-05-22T13:11:07.529+0000] {spark_submit.py:492} INFO - 25/05/22 13:11:07 INFO CodeGenerator: Code generated in 9.844333 ms
[2025-05-22T13:11:07.634+0000] {spark_submit.py:492} INFO - 25/05/22 13:11:07 INFO Executor: Finished task 0.0 in stage 0.0 (TID 0). 1732 bytes result sent to driver
[2025-05-22T13:11:07.643+0000] {spark_submit.py:492} INFO - 25/05/22 13:11:07 INFO TaskSetManager: Finished task 0.0 in stage 0.0 (TID 0) in 228 ms on 3337e7bd3891 (executor driver) (1/1)
[2025-05-22T13:11:07.644+0000] {spark_submit.py:492} INFO - 25/05/22 13:11:07 INFO TaskSchedulerImpl: Removed TaskSet 0.0, whose tasks have all completed, from pool
[2025-05-22T13:11:07.649+0000] {spark_submit.py:492} INFO - 25/05/22 13:11:07 INFO DAGScheduler: ResultStage 0 (csv at NativeMethodAccessorImpl.java:0) finished in 0.310 s
[2025-05-22T13:11:07.654+0000] {spark_submit.py:492} INFO - 25/05/22 13:11:07 INFO DAGScheduler: Job 0 is finished. Cancelling potential speculative or zombie tasks for this job
[2025-05-22T13:11:07.655+0000] {spark_submit.py:492} INFO - 25/05/22 13:11:07 INFO TaskSchedulerImpl: Killing all running tasks in stage 0: Stage finished
[2025-05-22T13:11:07.656+0000] {spark_submit.py:492} INFO - 25/05/22 13:11:07 INFO DAGScheduler: Job 0 finished: csv at NativeMethodAccessorImpl.java:0, took 0.353103 s
[2025-05-22T13:11:07.680+0000] {spark_submit.py:492} INFO - 25/05/22 13:11:07 INFO CodeGenerator: Code generated in 11.148458 ms
[2025-05-22T13:11:07.747+0000] {spark_submit.py:492} INFO - 25/05/22 13:11:07 INFO FileSourceStrategy: Pushed Filters:
[2025-05-22T13:11:07.747+0000] {spark_submit.py:492} INFO - 25/05/22 13:11:07 INFO FileSourceStrategy: Post-Scan Filters:
[2025-05-22T13:11:07.766+0000] {spark_submit.py:492} INFO - 25/05/22 13:11:07 INFO MemoryStore: Block broadcast_2 stored as values in memory (estimated size 202.1 KiB, free 434.0 MiB)
[2025-05-22T13:11:07.782+0000] {spark_submit.py:492} INFO - 25/05/22 13:11:07 INFO MemoryStore: Block broadcast_2_piece0 stored as bytes in memory (estimated size 35.0 KiB, free 433.9 MiB)
[2025-05-22T13:11:07.787+0000] {spark_submit.py:492} INFO - 25/05/22 13:11:07 INFO BlockManagerInfo: Added broadcast_2_piece0 in memory on 3337e7bd3891:33097 (size: 35.0 KiB, free: 434.3 MiB)
[2025-05-22T13:11:07.789+0000] {spark_submit.py:492} INFO - 25/05/22 13:11:07 INFO SparkContext: Created broadcast 2 from csv at NativeMethodAccessorImpl.java:0
[2025-05-22T13:11:07.789+0000] {spark_submit.py:492} INFO - 25/05/22 13:11:07 INFO FileSourceScanExec: Planning scan with bin packing, max size: 4233153 bytes, open cost is considered as scanning 4194304 bytes.
[2025-05-22T13:11:07.891+0000] {spark_submit.py:492} INFO - 25/05/22 13:11:07 INFO SparkContext: Starting job: csv at NativeMethodAccessorImpl.java:0
[2025-05-22T13:11:07.893+0000] {spark_submit.py:492} INFO - 25/05/22 13:11:07 INFO DAGScheduler: Got job 1 (csv at NativeMethodAccessorImpl.java:0) with 1 output partitions
[2025-05-22T13:11:07.894+0000] {spark_submit.py:492} INFO - 25/05/22 13:11:07 INFO DAGScheduler: Final stage: ResultStage 1 (csv at NativeMethodAccessorImpl.java:0)
[2025-05-22T13:11:07.895+0000] {spark_submit.py:492} INFO - 25/05/22 13:11:07 INFO DAGScheduler: Parents of final stage: List()
[2025-05-22T13:11:07.895+0000] {spark_submit.py:492} INFO - 25/05/22 13:11:07 INFO DAGScheduler: Missing parents: List()
[2025-05-22T13:11:07.895+0000] {spark_submit.py:492} INFO - 25/05/22 13:11:07 INFO DAGScheduler: Submitting ResultStage 1 (MapPartitionsRDD[9] at csv at NativeMethodAccessorImpl.java:0), which has no missing parents
[2025-05-22T13:11:07.914+0000] {spark_submit.py:492} INFO - 25/05/22 13:11:07 INFO MemoryStore: Block broadcast_3 stored as values in memory (estimated size 28.5 KiB, free 433.9 MiB)
[2025-05-22T13:11:07.922+0000] {spark_submit.py:492} INFO - 25/05/22 13:11:07 INFO MemoryStore: Block broadcast_3_piece0 stored as bytes in memory (estimated size 13.1 KiB, free 433.9 MiB)
[2025-05-22T13:11:07.923+0000] {spark_submit.py:492} INFO - 25/05/22 13:11:07 INFO BlockManagerInfo: Added broadcast_3_piece0 in memory on 3337e7bd3891:33097 (size: 13.1 KiB, free: 434.3 MiB)
[2025-05-22T13:11:07.927+0000] {spark_submit.py:492} INFO - 25/05/22 13:11:07 INFO SparkContext: Created broadcast 3 from broadcast at DAGScheduler.scala:1585
[2025-05-22T13:11:07.930+0000] {spark_submit.py:492} INFO - 25/05/22 13:11:07 INFO DAGScheduler: Submitting 1 missing tasks from ResultStage 1 (MapPartitionsRDD[9] at csv at NativeMethodAccessorImpl.java:0) (first 15 tasks are for partitions Vector(0))
[2025-05-22T13:11:07.932+0000] {spark_submit.py:492} INFO - 25/05/22 13:11:07 INFO TaskSchedulerImpl: Adding task set 1.0 with 1 tasks resource profile 0
[2025-05-22T13:11:07.932+0000] {spark_submit.py:492} INFO - 25/05/22 13:11:07 INFO TaskSetManager: Starting task 0.0 in stage 1.0 (TID 1) (3337e7bd3891, executor driver, partition 0, PROCESS_LOCAL, 8601 bytes)
[2025-05-22T13:11:07.933+0000] {spark_submit.py:492} INFO - 25/05/22 13:11:07 INFO Executor: Running task 0.0 in stage 1.0 (TID 1)
[2025-05-22T13:11:07.965+0000] {spark_submit.py:492} INFO - 25/05/22 13:11:07 INFO BlockManagerInfo: Removed broadcast_0_piece0 on 3337e7bd3891:33097 in memory (size: 35.0 KiB, free: 434.3 MiB)
[2025-05-22T13:11:07.971+0000] {spark_submit.py:492} INFO - 25/05/22 13:11:07 INFO CodeGenerator: Code generated in 5.023125 ms
[2025-05-22T13:11:07.972+0000] {spark_submit.py:492} INFO - 25/05/22 13:11:07 INFO FileScanRDD: Reading File path: s3a://user-log-ml/2025-05-22_01-00-00.csv, range: 0-38849, partition values: [empty row]
[2025-05-22T13:11:08.114+0000] {spark_submit.py:492} INFO - 25/05/22 13:11:08 INFO Executor: Finished task 0.0 in stage 1.0 (TID 1). 1745 bytes result sent to driver
[2025-05-22T13:11:08.115+0000] {spark_submit.py:492} INFO - 25/05/22 13:11:08 INFO TaskSetManager: Finished task 0.0 in stage 1.0 (TID 1) in 189 ms on 3337e7bd3891 (executor driver) (1/1)
[2025-05-22T13:11:08.116+0000] {spark_submit.py:492} INFO - 25/05/22 13:11:08 INFO TaskSchedulerImpl: Removed TaskSet 1.0, whose tasks have all completed, from pool
[2025-05-22T13:11:08.116+0000] {spark_submit.py:492} INFO - 25/05/22 13:11:08 INFO DAGScheduler: ResultStage 1 (csv at NativeMethodAccessorImpl.java:0) finished in 0.222 s
[2025-05-22T13:11:08.117+0000] {spark_submit.py:492} INFO - 25/05/22 13:11:08 INFO DAGScheduler: Job 1 is finished. Cancelling potential speculative or zombie tasks for this job
[2025-05-22T13:11:08.117+0000] {spark_submit.py:492} INFO - 25/05/22 13:11:08 INFO TaskSchedulerImpl: Killing all running tasks in stage 1: Stage finished
[2025-05-22T13:11:08.117+0000] {spark_submit.py:492} INFO - 25/05/22 13:11:08 INFO DAGScheduler: Job 1 finished: csv at NativeMethodAccessorImpl.java:0, took 0.225574 s
[2025-05-22T13:11:08.147+0000] {spark_submit.py:492} INFO - Traceback (most recent call last):
[2025-05-22T13:11:08.148+0000] {spark_submit.py:492} INFO - File "/opt/spark/testlog_ml_spark.py", line 15, in <module>
[2025-05-22T13:11:08.148+0000] {spark_submit.py:492} INFO - .withColumn("like_score", when(col("event_type") == "like_click") & (col("liked") == 1, lit(3))
[2025-05-22T13:11:08.148+0000] {spark_submit.py:492} INFO - File "/home/***/.local/lib/python3.10/site-packages/pyspark/python/lib/pyspark.zip/pyspark/sql/utils.py", line 174, in wrapped
[2025-05-22T13:11:08.149+0000] {spark_submit.py:492} INFO - TypeError: when() missing 1 required positional argument: 'value'
[2025-05-22T13:11:08.173+0000] {spark_submit.py:492} INFO - 25/05/22 13:11:08 INFO SparkContext: Invoking stop() from shutdown hook
[2025-05-22T13:11:08.173+0000] {spark_submit.py:492} INFO - 25/05/22 13:11:08 INFO SparkContext: SparkContext is stopping with exitCode 0.
[2025-05-22T13:11:08.178+0000] {spark_submit.py:492} INFO - 25/05/22 13:11:08 INFO SparkUI: Stopped Spark web UI at http://3337e7bd3891:4040
[2025-05-22T13:11:08.183+0000] {spark_submit.py:492} INFO - 25/05/22 13:11:08 INFO MapOutputTrackerMasterEndpoint: MapOutputTrackerMasterEndpoint stopped!
[2025-05-22T13:11:08.188+0000] {spark_submit.py:492} INFO - 25/05/22 13:11:08 INFO MemoryStore: MemoryStore cleared
[2025-05-22T13:11:08.189+0000] {spark_submit.py:492} INFO - 25/05/22 13:11:08 INFO BlockManager: BlockManager stopped
[2025-05-22T13:11:08.189+0000] {spark_submit.py:492} INFO - 25/05/22 13:11:08 INFO BlockManagerMaster: BlockManagerMaster stopped
[2025-05-22T13:11:08.190+0000] {spark_submit.py:492} INFO - 25/05/22 13:11:08 INFO OutputCommitCoordinator$OutputCommitCoordinatorEndpoint: OutputCommitCoordinator stopped!
[2025-05-22T13:11:08.193+0000] {spark_submit.py:492} INFO - 25/05/22 13:11:08 INFO SparkContext: Successfully stopped SparkContext
[2025-05-22T13:11:08.194+0000] {spark_submit.py:492} INFO - 25/05/22 13:11:08 INFO ShutdownHookManager: Shutdown hook called
[2025-05-22T13:11:08.194+0000] {spark_submit.py:492} INFO - 25/05/22 13:11:08 INFO ShutdownHookManager: Deleting directory /tmp/spark-8a59b77e-4cce-406a-bb1e-a15329ad3a81
[2025-05-22T13:11:08.195+0000] {spark_submit.py:492} INFO - 25/05/22 13:11:08 INFO ShutdownHookManager: Deleting directory /tmp/spark-f10c2435-c9ee-4751-bb59-eb928c6d1795
[2025-05-22T13:11:08.196+0000] {spark_submit.py:492} INFO - 25/05/22 13:11:08 INFO ShutdownHookManager: Deleting directory /tmp/spark-8a59b77e-4cce-406a-bb1e-a15329ad3a81/pyspark-0d448803-c6a7-4012-bb51-29b4a6ebe084
[2025-05-22T13:11:08.199+0000] {spark_submit.py:492} INFO - 25/05/22 13:11:08 INFO MetricsSystemImpl: Stopping s3a-file-system metrics system...
[2025-05-22T13:11:08.200+0000] {spark_submit.py:492} INFO - 25/05/22 13:11:08 INFO MetricsSystemImpl: s3a-file-system metrics system stopped.
[2025-05-22T13:11:08.200+0000] {spark_submit.py:492} INFO - 25/05/22 13:11:08 INFO MetricsSystemImpl: s3a-file-system metrics system shutdown complete.
[2025-05-22T13:11:08.232+0000] {taskinstance.py:3310} ERROR - Task failed with exception
Traceback (most recent call last):
  File "/home/airflow/.local/lib/python3.10/site-packages/airflow/models/taskinstance.py", line 762, in _execute_task
    result = _execute_callable(context=context, **execute_callable_kwargs)
  File "/home/airflow/.local/lib/python3.10/site-packages/airflow/models/taskinstance.py", line 733, in _execute_callable
    return ExecutionCallableRunner(
  File "/home/airflow/.local/lib/python3.10/site-packages/airflow/utils/operator_helpers.py", line 252, in run
    return self.func(*args, **kwargs)
  File "/home/airflow/.local/lib/python3.10/site-packages/airflow/models/baseoperator.py", line 406, in wrapper
    return func(self, *args, **kwargs)
  File "/home/airflow/.local/lib/python3.10/site-packages/airflow/providers/apache/spark/operators/spark_submit.py", line 157, in execute
    self._hook.submit(self._application)
  File "/home/airflow/.local/lib/python3.10/site-packages/airflow/providers/apache/spark/hooks/spark_submit.py", line 423, in submit
    raise AirflowException(
airflow.exceptions.AirflowException: Cannot execute: spark-submit --master local --conf spark.hadoop.fs.s3a.endpoint=http://3.38.135.214:9000 --conf spark.hadoop.fs.s3a.access.key=minioadmin --conf spark.hadoop.fs.s3a.secret.key=****** --conf spark.hadoop.fs.s3a.impl=org.apache.hadoop.fs.s3a.S3AFileSystem --conf spark.hadoop.fs.s3a.path.style.access=true --conf spark.hadoop.fs.s3a.connection.ssl.enabled=false --conf spark.hadoop.fs.s3a.aws.credentials.provider= --jars /opt/spark/jars/hadoop-aws-3.3.1.jar,/opt/spark/jars/aws-java-sdk-bundle-1.11.901.jar,/opt/spark/jars/postgresql-42.7.4.jar --name arrow-spark /opt/spark/testlog_ml_spark.py. Error code is: 1.
[2025-05-22T13:11:08.237+0000] {taskinstance.py:1225} INFO - Marking task as UP_FOR_RETRY. dag_id=kafka_to_minio_to_spark, task_id=spark_etl, run_id=scheduled__2025-05-21T16:00:00+00:00, execution_date=20250521T160000, start_date=20250522T131102, end_date=20250522T131108
[2025-05-22T13:11:08.245+0000] {taskinstance.py:340} INFO - ::group::Post task execution logs
[2025-05-22T13:11:08.247+0000] {standard_task_runner.py:124} ERROR - Failed to execute job 328 for task spark_etl (Cannot execute: spark-submit --master local --conf spark.hadoop.fs.s3a.endpoint=http://3.38.135.214:9000 --conf spark.hadoop.fs.s3a.access.key=minioadmin --conf spark.hadoop.fs.s3a.secret.key=****** --conf spark.hadoop.fs.s3a.impl=org.apache.hadoop.fs.s3a.S3AFileSystem --conf spark.hadoop.fs.s3a.path.style.access=true --conf spark.hadoop.fs.s3a.connection.ssl.enabled=false --conf spark.hadoop.fs.s3a.aws.credentials.provider= --jars /opt/spark/jars/hadoop-aws-3.3.1.jar,/opt/spark/jars/aws-java-sdk-bundle-1.11.901.jar,/opt/spark/jars/postgresql-42.7.4.jar --name arrow-spark /opt/spark/testlog_ml_spark.py. Error code is: 1.; 2231)
Traceback (most recent call last):
  File "/home/airflow/.local/lib/python3.10/site-packages/airflow/task/task_runner/standard_task_runner.py", line 117, in _start_by_fork
    ret = args.func(args, dag=self.dag)
  File "/home/airflow/.local/lib/python3.10/site-packages/airflow/cli/cli_config.py", line 49, in command
    return func(*args, **kwargs)
  File "/home/airflow/.local/lib/python3.10/site-packages/airflow/utils/cli.py", line 115, in wrapper
    return f(*args, **kwargs)
  File "/home/airflow/.local/lib/python3.10/site-packages/airflow/cli/commands/task_command.py", line 483, in task_run
    task_return_code = _run_task_by_selected_method(args, _dag, ti)
  File "/home/airflow/.local/lib/python3.10/site-packages/airflow/cli/commands/task_command.py", line 256, in _run_task_by_selected_method
    return _run_raw_task(args, ti)
  File "/home/airflow/.local/lib/python3.10/site-packages/airflow/cli/commands/task_command.py", line 341, in _run_raw_task
    return ti._run_raw_task(
  File "/home/airflow/.local/lib/python3.10/site-packages/airflow/utils/session.py", line 97, in wrapper
    return func(*args, session=session, **kwargs)
  File "/home/airflow/.local/lib/python3.10/site-packages/airflow/models/taskinstance.py", line 3004, in _run_raw_task
    return _run_raw_task(
  File "/home/airflow/.local/lib/python3.10/site-packages/airflow/models/taskinstance.py", line 273, in _run_raw_task
    TaskInstance._execute_task_with_callbacks(
  File "/home/airflow/.local/lib/python3.10/site-packages/airflow/models/taskinstance.py", line 3158, in _execute_task_with_callbacks
    result = self._execute_task(context, task_orig)
  File "/home/airflow/.local/lib/python3.10/site-packages/airflow/models/taskinstance.py", line 3182, in _execute_task
    return _execute_task(self, context, task_orig)
  File "/home/airflow/.local/lib/python3.10/site-packages/airflow/models/taskinstance.py", line 762, in _execute_task
    result = _execute_callable(context=context, **execute_callable_kwargs)
  File "/home/airflow/.local/lib/python3.10/site-packages/airflow/models/taskinstance.py", line 733, in _execute_callable
    return ExecutionCallableRunner(
  File "/home/airflow/.local/lib/python3.10/site-packages/airflow/utils/operator_helpers.py", line 252, in run
    return self.func(*args, **kwargs)
  File "/home/airflow/.local/lib/python3.10/site-packages/airflow/models/baseoperator.py", line 406, in wrapper
    return func(self, *args, **kwargs)
  File "/home/airflow/.local/lib/python3.10/site-packages/airflow/providers/apache/spark/operators/spark_submit.py", line 157, in execute
    self._hook.submit(self._application)
  File "/home/airflow/.local/lib/python3.10/site-packages/airflow/providers/apache/spark/hooks/spark_submit.py", line 423, in submit
    raise AirflowException(
airflow.exceptions.AirflowException: Cannot execute: spark-submit --master local --conf spark.hadoop.fs.s3a.endpoint=http://3.38.135.214:9000 --conf spark.hadoop.fs.s3a.access.key=minioadmin --conf spark.hadoop.fs.s3a.secret.key=****** --conf spark.hadoop.fs.s3a.impl=org.apache.hadoop.fs.s3a.S3AFileSystem --conf spark.hadoop.fs.s3a.path.style.access=true --conf spark.hadoop.fs.s3a.connection.ssl.enabled=false --conf spark.hadoop.fs.s3a.aws.credentials.provider= --jars /opt/spark/jars/hadoop-aws-3.3.1.jar,/opt/spark/jars/aws-java-sdk-bundle-1.11.901.jar,/opt/spark/jars/postgresql-42.7.4.jar --name arrow-spark /opt/spark/testlog_ml_spark.py. Error code is: 1.
[2025-05-22T13:11:08.279+0000] {local_task_job_runner.py:266} INFO - Task exited with return code 1
[2025-05-22T13:11:08.291+0000] {taskinstance.py:3900} INFO - 0 downstream tasks scheduled from follow-on schedule check
[2025-05-22T13:11:08.292+0000] {local_task_job_runner.py:245} INFO - ::endgroup::
