[2025-05-19T06:37:05.371+0000] {local_task_job_runner.py:123} INFO - ::group::Pre task execution logs
[2025-05-19T06:37:05.376+0000] {taskinstance.py:2612} INFO - Dependencies all met for dep_context=non-requeueable deps ti=<TaskInstance: csv_to_parquet.kafka_producer scheduled__2025-05-19T06:02:00+00:00 [queued]>
[2025-05-19T06:37:05.379+0000] {taskinstance.py:2612} INFO - Dependencies all met for dep_context=requeueable deps ti=<TaskInstance: csv_to_parquet.kafka_producer scheduled__2025-05-19T06:02:00+00:00 [queued]>
[2025-05-19T06:37:05.379+0000] {taskinstance.py:2865} INFO - Starting attempt 5 of 6
[2025-05-19T06:37:05.382+0000] {taskinstance.py:2888} INFO - Executing <Task(PythonOperator): kafka_producer> on 2025-05-19 06:02:00+00:00
[2025-05-19T06:37:05.384+0000] {standard_task_runner.py:72} INFO - Started process 337 to run task
[2025-05-19T06:37:05.386+0000] {standard_task_runner.py:104} INFO - Running: ['***', 'tasks', 'run', 'csv_to_parquet', 'kafka_producer', 'scheduled__2025-05-19T06:02:00+00:00', '--job-id', '16', '--raw', '--subdir', 'DAGS_FOLDER/csv_to_parquet.py', '--cfg-path', '/tmp/tmp4n1mugx2']
[2025-05-19T06:37:05.387+0000] {standard_task_runner.py:105} INFO - Job 16: Subtask kafka_producer
[2025-05-19T06:37:05.403+0000] {task_command.py:467} INFO - Running <TaskInstance: csv_to_parquet.kafka_producer scheduled__2025-05-19T06:02:00+00:00 [running]> on host 8b6a4ce3396b
[2025-05-19T06:37:05.525+0000] {taskinstance.py:3131} INFO - Exporting env vars: AIRFLOW_CTX_DAG_OWNER='***' AIRFLOW_CTX_DAG_ID='csv_to_parquet' AIRFLOW_CTX_TASK_ID='kafka_producer' AIRFLOW_CTX_EXECUTION_DATE='2025-05-19T06:02:00+00:00' AIRFLOW_CTX_TRY_NUMBER='5' AIRFLOW_CTX_DAG_RUN_ID='scheduled__2025-05-19T06:02:00+00:00'
[2025-05-19T06:37:05.526+0000] {taskinstance.py:731} INFO - ::endgroup::
[2025-05-19T06:37:05.531+0000] {conn.py:396} INFO - <BrokerConnection client_id=kafka-python-producer-1, node_id=bootstrap-0 host=host.docker.internal:9092 <connecting> [IPv4 ('192.168.65.254', 9092)]>: connecting to host.docker.internal:9092 [('192.168.65.254', 9092) IPv4]
[2025-05-19T06:37:05.536+0000] {conn.py:618} INFO - <BrokerConnection client_id=kafka-python-producer-1, node_id=bootstrap-0 host=host.docker.internal:9092 <checking_api_versions_recv> [IPv4 ('192.168.65.254', 9092)]>: Broker version identified as 2.6
[2025-05-19T06:37:05.536+0000] {conn.py:457} INFO - <BrokerConnection client_id=kafka-python-producer-1, node_id=bootstrap-0 host=host.docker.internal:9092 <connected> [IPv4 ('192.168.65.254', 9092)]>: Connection complete.
[2025-05-19T06:37:05.644+0000] {conn.py:396} INFO - <BrokerConnection client_id=kafka-python-producer-1, node_id=1 host=172.16.24.224:9092 <connecting> [IPv4 ('172.16.24.224', 9092)]>: connecting to 172.16.24.224:9092 [('172.16.24.224', 9092) IPv4]
[2025-05-19T06:37:05.645+0000] {conn.py:457} INFO - <BrokerConnection client_id=kafka-python-producer-1, node_id=1 host=172.16.24.224:9092 <connected> [IPv4 ('172.16.24.224', 9092)]>: Connection complete.
[2025-05-19T06:37:05.645+0000] {conn.py:945} INFO - <BrokerConnection client_id=kafka-python-producer-1, node_id=bootstrap-0 host=host.docker.internal:9092 <connected> [IPv4 ('192.168.65.254', 9092)]>: Closing connection. 
[2025-05-19T06:37:05.651+0000] {logging_mixin.py:190} INFO - ✅ Sent: play_complete from instagram
[2025-05-19T06:37:05.705+0000] {logging_mixin.py:190} INFO - ✅ Sent: play_start from instagram
[2025-05-19T06:37:05.757+0000] {logging_mixin.py:190} INFO - ✅ Sent: ad_click from youtube
[2025-05-19T06:37:05.813+0000] {logging_mixin.py:190} INFO - ✅ Sent: movie_click from naver
[2025-05-19T06:37:05.866+0000] {logging_mixin.py:190} INFO - ✅ Sent: ad_click from youtube
[2025-05-19T06:37:05.918+0000] {logging_mixin.py:190} INFO - ✅ Sent: like_click from naver
[2025-05-19T06:37:05.972+0000] {logging_mixin.py:190} INFO - ✅ Sent: play_complete from naver
[2025-05-19T06:37:06.028+0000] {logging_mixin.py:190} INFO - ✅ Sent: movie_click from youtube
[2025-05-19T06:37:06.086+0000] {logging_mixin.py:190} INFO - ✅ Sent: like_click from youtube
[2025-05-19T06:37:06.140+0000] {logging_mixin.py:190} INFO - ✅ Sent: movie_click from naver
[2025-05-19T06:37:06.193+0000] {logging_mixin.py:190} INFO - ✅ Sent: ad_click from youtube
[2025-05-19T06:37:06.248+0000] {logging_mixin.py:190} INFO - ✅ Sent: ad_click from naver
[2025-05-19T06:37:06.306+0000] {logging_mixin.py:190} INFO - ✅ Sent: like_click from naver
[2025-05-19T06:37:06.361+0000] {logging_mixin.py:190} INFO - ✅ Sent: play_start from naver
[2025-05-19T06:37:06.419+0000] {logging_mixin.py:190} INFO - ✅ Sent: play_start from instagram
[2025-05-19T06:37:06.476+0000] {logging_mixin.py:190} INFO - ✅ Sent: play_start from naver
[2025-05-19T06:37:06.531+0000] {logging_mixin.py:190} INFO - ✅ Sent: like_click from naver
[2025-05-19T06:37:06.586+0000] {logging_mixin.py:190} INFO - ✅ Sent: ad_click from naver
[2025-05-19T06:37:06.640+0000] {logging_mixin.py:190} INFO - ✅ Sent: ad_click from instagram
[2025-05-19T06:37:06.694+0000] {logging_mixin.py:190} INFO - ✅ Sent: movie_click from youtube
[2025-05-19T06:37:06.751+0000] {logging_mixin.py:190} INFO - ✅ Sent: ad_click from youtube
[2025-05-19T06:37:06.806+0000] {logging_mixin.py:190} INFO - ✅ Sent: movie_click from naver
[2025-05-19T06:37:06.859+0000] {logging_mixin.py:190} INFO - ✅ Sent: play_complete from naver
[2025-05-19T06:37:06.916+0000] {logging_mixin.py:190} INFO - ✅ Sent: movie_click from youtube
[2025-05-19T06:37:06.973+0000] {logging_mixin.py:190} INFO - ✅ Sent: like_click from youtube
[2025-05-19T06:37:07.029+0000] {logging_mixin.py:190} INFO - ✅ Sent: like_click from instagram
[2025-05-19T06:37:07.084+0000] {logging_mixin.py:190} INFO - ✅ Sent: play_start from youtube
[2025-05-19T06:37:07.141+0000] {logging_mixin.py:190} INFO - ✅ Sent: movie_click from youtube
[2025-05-19T06:37:07.200+0000] {logging_mixin.py:190} INFO - ✅ Sent: play_complete from youtube
[2025-05-19T06:37:07.253+0000] {logging_mixin.py:190} INFO - ✅ Sent: like_click from naver
[2025-05-19T06:37:07.310+0000] {logging_mixin.py:190} INFO - ✅ Sent: play_start from naver
[2025-05-19T06:37:07.361+0000] {logging_mixin.py:190} INFO - ✅ Sent: play_complete from instagram
[2025-05-19T06:37:07.413+0000] {logging_mixin.py:190} INFO - ✅ Sent: movie_click from naver
[2025-05-19T06:37:07.469+0000] {logging_mixin.py:190} INFO - ✅ Sent: movie_click from naver
[2025-05-19T06:37:07.523+0000] {logging_mixin.py:190} INFO - ✅ Sent: play_complete from youtube
[2025-05-19T06:37:07.576+0000] {logging_mixin.py:190} INFO - ✅ Sent: movie_click from instagram
[2025-05-19T06:37:07.632+0000] {logging_mixin.py:190} INFO - ✅ Sent: ad_click from naver
[2025-05-19T06:37:07.689+0000] {logging_mixin.py:190} INFO - ✅ Sent: ad_click from instagram
[2025-05-19T06:37:07.745+0000] {logging_mixin.py:190} INFO - ✅ Sent: play_complete from instagram
[2025-05-19T06:37:07.800+0000] {logging_mixin.py:190} INFO - ✅ Sent: like_click from naver
[2025-05-19T06:37:07.858+0000] {logging_mixin.py:190} INFO - ✅ Sent: movie_click from naver
[2025-05-19T06:37:07.915+0000] {logging_mixin.py:190} INFO - ✅ Sent: ad_click from youtube
[2025-05-19T06:37:07.967+0000] {logging_mixin.py:190} INFO - ✅ Sent: ad_click from instagram
[2025-05-19T06:37:08.019+0000] {logging_mixin.py:190} INFO - ✅ Sent: movie_click from youtube
[2025-05-19T06:37:08.072+0000] {logging_mixin.py:190} INFO - ✅ Sent: play_start from youtube
[2025-05-19T06:37:08.129+0000] {logging_mixin.py:190} INFO - ✅ Sent: play_start from youtube
[2025-05-19T06:37:08.182+0000] {logging_mixin.py:190} INFO - ✅ Sent: like_click from instagram
[2025-05-19T06:37:08.235+0000] {logging_mixin.py:190} INFO - ✅ Sent: play_start from naver
[2025-05-19T06:37:08.291+0000] {logging_mixin.py:190} INFO - ✅ Sent: play_complete from instagram
[2025-05-19T06:37:08.348+0000] {logging_mixin.py:190} INFO - ✅ Sent: ad_click from naver
[2025-05-19T06:37:08.405+0000] {logging_mixin.py:190} INFO - ✅ Sent: like_click from naver
[2025-05-19T06:37:08.461+0000] {logging_mixin.py:190} INFO - ✅ Sent: movie_click from youtube
[2025-05-19T06:37:08.516+0000] {logging_mixin.py:190} INFO - ✅ Sent: like_click from naver
[2025-05-19T06:37:08.574+0000] {logging_mixin.py:190} INFO - ✅ Sent: ad_click from instagram
[2025-05-19T06:37:08.630+0000] {logging_mixin.py:190} INFO - ✅ Sent: play_start from youtube
[2025-05-19T06:37:08.686+0000] {logging_mixin.py:190} INFO - ✅ Sent: play_complete from youtube
[2025-05-19T06:37:08.742+0000] {logging_mixin.py:190} INFO - ✅ Sent: like_click from instagram
[2025-05-19T06:37:08.796+0000] {logging_mixin.py:190} INFO - ✅ Sent: ad_click from youtube
[2025-05-19T06:37:08.852+0000] {logging_mixin.py:190} INFO - ✅ Sent: play_complete from youtube
[2025-05-19T06:37:08.907+0000] {logging_mixin.py:190} INFO - ✅ Sent: ad_click from naver
[2025-05-19T06:37:08.962+0000] {logging_mixin.py:190} INFO - ✅ Sent: play_start from naver
[2025-05-19T06:37:09.018+0000] {logging_mixin.py:190} INFO - ✅ Sent: play_start from instagram
[2025-05-19T06:37:09.074+0000] {logging_mixin.py:190} INFO - ✅ Sent: play_complete from instagram
[2025-05-19T06:37:09.127+0000] {logging_mixin.py:190} INFO - ✅ Sent: play_complete from naver
[2025-05-19T06:37:09.181+0000] {logging_mixin.py:190} INFO - ✅ Sent: movie_click from naver
[2025-05-19T06:37:09.235+0000] {logging_mixin.py:190} INFO - ✅ Sent: like_click from instagram
[2025-05-19T06:37:09.292+0000] {logging_mixin.py:190} INFO - ✅ Sent: play_complete from naver
[2025-05-19T06:37:09.348+0000] {logging_mixin.py:190} INFO - ✅ Sent: play_complete from youtube
[2025-05-19T06:37:09.403+0000] {logging_mixin.py:190} INFO - ✅ Sent: ad_click from youtube
[2025-05-19T06:37:09.459+0000] {logging_mixin.py:190} INFO - ✅ Sent: movie_click from youtube
[2025-05-19T06:37:09.517+0000] {logging_mixin.py:190} INFO - ✅ Sent: like_click from youtube
[2025-05-19T06:37:09.573+0000] {logging_mixin.py:190} INFO - ✅ Sent: ad_click from naver
[2025-05-19T06:37:09.628+0000] {logging_mixin.py:190} INFO - ✅ Sent: play_start from naver
[2025-05-19T06:37:09.684+0000] {logging_mixin.py:190} INFO - ✅ Sent: ad_click from naver
[2025-05-19T06:37:09.740+0000] {logging_mixin.py:190} INFO - ✅ Sent: like_click from instagram
[2025-05-19T06:37:09.799+0000] {logging_mixin.py:190} INFO - ✅ Sent: play_start from instagram
[2025-05-19T06:37:09.857+0000] {logging_mixin.py:190} INFO - ✅ Sent: like_click from naver
[2025-05-19T06:37:09.913+0000] {logging_mixin.py:190} INFO - ✅ Sent: ad_click from youtube
[2025-05-19T06:37:09.967+0000] {logging_mixin.py:190} INFO - ✅ Sent: movie_click from naver
[2025-05-19T06:37:10.021+0000] {logging_mixin.py:190} INFO - ✅ Sent: play_start from youtube
[2025-05-19T06:37:10.079+0000] {logging_mixin.py:190} INFO - ✅ Sent: play_start from instagram
[2025-05-19T06:37:10.134+0000] {logging_mixin.py:190} INFO - ✅ Sent: movie_click from instagram
[2025-05-19T06:37:10.187+0000] {logging_mixin.py:190} INFO - ✅ Sent: ad_click from youtube
[2025-05-19T06:37:10.240+0000] {logging_mixin.py:190} INFO - ✅ Sent: ad_click from youtube
[2025-05-19T06:37:10.295+0000] {logging_mixin.py:190} INFO - ✅ Sent: play_start from youtube
[2025-05-19T06:37:10.352+0000] {logging_mixin.py:190} INFO - ✅ Sent: movie_click from youtube
[2025-05-19T06:37:10.407+0000] {logging_mixin.py:190} INFO - ✅ Sent: like_click from youtube
[2025-05-19T06:37:10.459+0000] {logging_mixin.py:190} INFO - ✅ Sent: play_start from instagram
[2025-05-19T06:37:10.514+0000] {logging_mixin.py:190} INFO - ✅ Sent: ad_click from youtube
[2025-05-19T06:37:10.567+0000] {logging_mixin.py:190} INFO - ✅ Sent: play_start from youtube
[2025-05-19T06:37:10.621+0000] {logging_mixin.py:190} INFO - ✅ Sent: play_start from instagram
[2025-05-19T06:37:10.678+0000] {logging_mixin.py:190} INFO - ✅ Sent: ad_click from youtube
[2025-05-19T06:37:10.735+0000] {logging_mixin.py:190} INFO - ✅ Sent: like_click from instagram
[2025-05-19T06:37:10.792+0000] {logging_mixin.py:190} INFO - ✅ Sent: like_click from naver
[2025-05-19T06:37:10.848+0000] {logging_mixin.py:190} INFO - ✅ Sent: like_click from youtube
[2025-05-19T06:37:10.904+0000] {logging_mixin.py:190} INFO - ✅ Sent: play_complete from instagram
[2025-05-19T06:37:10.966+0000] {logging_mixin.py:190} INFO - ✅ Sent: ad_click from youtube
[2025-05-19T06:37:11.018+0000] {logging_mixin.py:190} INFO - ✅ Sent: like_click from naver
[2025-05-19T06:37:11.072+0000] {logging_mixin.py:190} INFO - ✅ Sent: ad_click from youtube
[2025-05-19T06:37:11.125+0000] {logging_mixin.py:190} INFO - ✅ Sent: play_start from youtube
[2025-05-19T06:37:11.178+0000] {conn.py:945} INFO - <BrokerConnection client_id=kafka-python-producer-1, node_id=1 host=172.16.24.224:9092 <connected> [IPv4 ('172.16.24.224', 9092)]>: Closing connection. 
[2025-05-19T06:37:11.179+0000] {python.py:240} INFO - Done. Returned value was: None
[2025-05-19T06:37:11.184+0000] {taskinstance.py:340} INFO - ::group::Post task execution logs
[2025-05-19T06:37:11.185+0000] {taskinstance.py:352} INFO - Marking task as SUCCESS. dag_id=csv_to_parquet, task_id=kafka_producer, run_id=scheduled__2025-05-19T06:02:00+00:00, execution_date=20250519T060200, start_date=20250519T063705, end_date=20250519T063711
[2025-05-19T06:37:11.200+0000] {local_task_job_runner.py:266} INFO - Task exited with return code 0
[2025-05-19T06:37:11.210+0000] {taskinstance.py:3900} INFO - 1 downstream tasks scheduled from follow-on schedule check
[2025-05-19T06:37:11.211+0000] {local_task_job_runner.py:245} INFO - ::endgroup::
