[2025-05-20T09:16:17.036+0000] {local_task_job_runner.py:123} INFO - ::group::Pre task execution logs
[2025-05-20T09:16:17.041+0000] {taskinstance.py:2612} INFO - Dependencies all met for dep_context=non-requeueable deps ti=<TaskInstance: kafka_to_minio_to_spark.kafka_producer scheduled__2025-05-19T16:00:00+00:00 [queued]>
[2025-05-20T09:16:17.044+0000] {taskinstance.py:2612} INFO - Dependencies all met for dep_context=requeueable deps ti=<TaskInstance: kafka_to_minio_to_spark.kafka_producer scheduled__2025-05-19T16:00:00+00:00 [queued]>
[2025-05-20T09:16:17.044+0000] {taskinstance.py:2865} INFO - Starting attempt 1 of 3
[2025-05-20T09:16:17.048+0000] {taskinstance.py:2888} INFO - Executing <Task(PythonOperator): kafka_producer> on 2025-05-19 16:00:00+00:00
[2025-05-20T09:16:17.050+0000] {standard_task_runner.py:72} INFO - Started process 407 to run task
[2025-05-20T09:16:17.052+0000] {standard_task_runner.py:104} INFO - Running: ['***', 'tasks', 'run', 'kafka_to_minio_to_spark', 'kafka_producer', 'scheduled__2025-05-19T16:00:00+00:00', '--job-id', '4', '--raw', '--subdir', 'DAGS_FOLDER/testlog_ml.py', '--cfg-path', '/tmp/tmpg25gts5g']
[2025-05-20T09:16:17.052+0000] {standard_task_runner.py:105} INFO - Job 4: Subtask kafka_producer
[2025-05-20T09:16:17.159+0000] {task_command.py:467} INFO - Running <TaskInstance: kafka_to_minio_to_spark.kafka_producer scheduled__2025-05-19T16:00:00+00:00 [running]> on host 6a89a243c286
[2025-05-20T09:16:17.180+0000] {taskinstance.py:3131} INFO - Exporting env vars: AIRFLOW_CTX_DAG_OWNER='***' AIRFLOW_CTX_DAG_ID='kafka_to_minio_to_spark' AIRFLOW_CTX_TASK_ID='kafka_producer' AIRFLOW_CTX_EXECUTION_DATE='2025-05-19T16:00:00+00:00' AIRFLOW_CTX_TRY_NUMBER='1' AIRFLOW_CTX_DAG_RUN_ID='scheduled__2025-05-19T16:00:00+00:00'
[2025-05-20T09:16:17.180+0000] {taskinstance.py:731} INFO - ::endgroup::
[2025-05-20T09:16:17.192+0000] {conn.py:396} INFO - <BrokerConnection client_id=kafka-python-producer-1, node_id=bootstrap-0 host=host.docker.internal:9092 <connecting> [IPv4 ('192.168.65.254', 9092)]>: connecting to host.docker.internal:9092 [('192.168.65.254', 9092) IPv4]
[2025-05-20T09:16:17.198+0000] {conn.py:618} INFO - <BrokerConnection client_id=kafka-python-producer-1, node_id=bootstrap-0 host=host.docker.internal:9092 <checking_api_versions_recv> [IPv4 ('192.168.65.254', 9092)]>: Broker version identified as 2.6
[2025-05-20T09:16:17.198+0000] {conn.py:457} INFO - <BrokerConnection client_id=kafka-python-producer-1, node_id=bootstrap-0 host=host.docker.internal:9092 <connected> [IPv4 ('192.168.65.254', 9092)]>: Connection complete.
[2025-05-20T09:16:17.305+0000] {conn.py:396} INFO - <BrokerConnection client_id=kafka-python-producer-1, node_id=1 host=172.16.24.224:9092 <connecting> [IPv4 ('172.16.24.224', 9092)]>: connecting to 172.16.24.224:9092 [('172.16.24.224', 9092) IPv4]
[2025-05-20T09:16:17.306+0000] {conn.py:457} INFO - <BrokerConnection client_id=kafka-python-producer-1, node_id=1 host=172.16.24.224:9092 <connected> [IPv4 ('172.16.24.224', 9092)]>: Connection complete.
[2025-05-20T09:16:17.306+0000] {conn.py:945} INFO - <BrokerConnection client_id=kafka-python-producer-1, node_id=bootstrap-0 host=host.docker.internal:9092 <connected> [IPv4 ('192.168.65.254', 9092)]>: Closing connection. 
[2025-05-20T09:16:17.313+0000] {logging_mixin.py:190} INFO - 💌message is sending....
[2025-05-20T09:16:17.366+0000] {logging_mixin.py:190} INFO - 💌message is sending....
[2025-05-20T09:16:17.418+0000] {logging_mixin.py:190} INFO - 💌message is sending....
[2025-05-20T09:16:17.476+0000] {logging_mixin.py:190} INFO - 💌message is sending....
[2025-05-20T09:16:17.536+0000] {logging_mixin.py:190} INFO - 💌message is sending....
[2025-05-20T09:16:17.591+0000] {logging_mixin.py:190} INFO - 💌message is sending....
[2025-05-20T09:16:17.646+0000] {logging_mixin.py:190} INFO - 💌message is sending....
[2025-05-20T09:16:17.698+0000] {logging_mixin.py:190} INFO - 💌message is sending....
[2025-05-20T09:16:17.751+0000] {logging_mixin.py:190} INFO - 💌message is sending....
[2025-05-20T09:16:17.802+0000] {logging_mixin.py:190} INFO - 💌message is sending....
[2025-05-20T09:16:17.854+0000] {logging_mixin.py:190} INFO - 💌message is sending....
[2025-05-20T09:16:17.907+0000] {logging_mixin.py:190} INFO - 💌message is sending....
[2025-05-20T09:16:17.961+0000] {logging_mixin.py:190} INFO - 💌message is sending....
[2025-05-20T09:16:18.015+0000] {logging_mixin.py:190} INFO - 💌message is sending....
[2025-05-20T09:16:18.070+0000] {logging_mixin.py:190} INFO - 💌message is sending....
[2025-05-20T09:16:18.125+0000] {logging_mixin.py:190} INFO - 💌message is sending....
[2025-05-20T09:16:18.183+0000] {logging_mixin.py:190} INFO - 💌message is sending....
[2025-05-20T09:16:18.238+0000] {logging_mixin.py:190} INFO - 💌message is sending....
[2025-05-20T09:16:18.296+0000] {logging_mixin.py:190} INFO - 💌message is sending....
[2025-05-20T09:16:18.352+0000] {logging_mixin.py:190} INFO - 💌message is sending....
[2025-05-20T09:16:18.408+0000] {logging_mixin.py:190} INFO - 💌message is sending....
[2025-05-20T09:16:18.464+0000] {logging_mixin.py:190} INFO - 💌message is sending....
[2025-05-20T09:16:18.521+0000] {logging_mixin.py:190} INFO - 💌message is sending....
[2025-05-20T09:16:18.576+0000] {logging_mixin.py:190} INFO - 💌message is sending....
[2025-05-20T09:16:18.633+0000] {logging_mixin.py:190} INFO - 💌message is sending....
[2025-05-20T09:16:18.687+0000] {logging_mixin.py:190} INFO - 💌message is sending....
[2025-05-20T09:16:18.740+0000] {logging_mixin.py:190} INFO - 💌message is sending....
[2025-05-20T09:16:18.794+0000] {logging_mixin.py:190} INFO - 💌message is sending....
[2025-05-20T09:16:18.848+0000] {logging_mixin.py:190} INFO - 💌message is sending....
[2025-05-20T09:16:18.906+0000] {logging_mixin.py:190} INFO - 💌message is sending....
[2025-05-20T09:16:18.965+0000] {logging_mixin.py:190} INFO - 💌message is sending....
[2025-05-20T09:16:19.017+0000] {logging_mixin.py:190} INFO - 💌message is sending....
[2025-05-20T09:16:19.071+0000] {logging_mixin.py:190} INFO - 💌message is sending....
[2025-05-20T09:16:19.123+0000] {logging_mixin.py:190} INFO - 💌message is sending....
[2025-05-20T09:16:19.176+0000] {logging_mixin.py:190} INFO - 💌message is sending....
[2025-05-20T09:16:19.232+0000] {logging_mixin.py:190} INFO - 💌message is sending....
[2025-05-20T09:16:19.284+0000] {logging_mixin.py:190} INFO - 💌message is sending....
[2025-05-20T09:16:19.338+0000] {logging_mixin.py:190} INFO - 💌message is sending....
[2025-05-20T09:16:19.393+0000] {logging_mixin.py:190} INFO - 💌message is sending....
[2025-05-20T09:16:19.450+0000] {logging_mixin.py:190} INFO - 💌message is sending....
[2025-05-20T09:16:19.508+0000] {logging_mixin.py:190} INFO - 💌message is sending....
[2025-05-20T09:16:19.564+0000] {logging_mixin.py:190} INFO - 💌message is sending....
[2025-05-20T09:16:19.619+0000] {logging_mixin.py:190} INFO - 💌message is sending....
[2025-05-20T09:16:19.674+0000] {logging_mixin.py:190} INFO - 💌message is sending....
[2025-05-20T09:16:19.732+0000] {logging_mixin.py:190} INFO - 💌message is sending....
[2025-05-20T09:16:19.787+0000] {logging_mixin.py:190} INFO - 💌message is sending....
[2025-05-20T09:16:19.846+0000] {logging_mixin.py:190} INFO - 💌message is sending....
[2025-05-20T09:16:19.901+0000] {logging_mixin.py:190} INFO - 💌message is sending....
[2025-05-20T09:16:19.956+0000] {logging_mixin.py:190} INFO - 💌message is sending....
[2025-05-20T09:16:20.009+0000] {logging_mixin.py:190} INFO - 💌message is sending....
[2025-05-20T09:16:20.061+0000] {logging_mixin.py:190} INFO - 💌message is sending....
[2025-05-20T09:16:20.113+0000] {logging_mixin.py:190} INFO - 💌message is sending....
[2025-05-20T09:16:20.165+0000] {logging_mixin.py:190} INFO - 💌message is sending....
[2025-05-20T09:16:20.216+0000] {logging_mixin.py:190} INFO - 💌message is sending....
[2025-05-20T09:16:20.268+0000] {logging_mixin.py:190} INFO - 💌message is sending....
[2025-05-20T09:16:20.321+0000] {logging_mixin.py:190} INFO - 💌message is sending....
[2025-05-20T09:16:20.373+0000] {logging_mixin.py:190} INFO - 💌message is sending....
[2025-05-20T09:16:20.426+0000] {logging_mixin.py:190} INFO - 💌message is sending....
[2025-05-20T09:16:20.480+0000] {logging_mixin.py:190} INFO - 💌message is sending....
[2025-05-20T09:16:20.535+0000] {logging_mixin.py:190} INFO - 💌message is sending....
[2025-05-20T09:16:20.589+0000] {logging_mixin.py:190} INFO - 💌message is sending....
[2025-05-20T09:16:20.646+0000] {logging_mixin.py:190} INFO - 💌message is sending....
[2025-05-20T09:16:20.700+0000] {logging_mixin.py:190} INFO - 💌message is sending....
[2025-05-20T09:16:20.757+0000] {logging_mixin.py:190} INFO - 💌message is sending....
[2025-05-20T09:16:20.815+0000] {logging_mixin.py:190} INFO - 💌message is sending....
[2025-05-20T09:16:20.873+0000] {logging_mixin.py:190} INFO - 💌message is sending....
[2025-05-20T09:16:20.930+0000] {logging_mixin.py:190} INFO - 💌message is sending....
[2025-05-20T09:16:20.985+0000] {logging_mixin.py:190} INFO - 💌message is sending....
[2025-05-20T09:16:21.040+0000] {logging_mixin.py:190} INFO - 💌message is sending....
[2025-05-20T09:16:21.093+0000] {logging_mixin.py:190} INFO - 💌message is sending....
[2025-05-20T09:16:21.145+0000] {logging_mixin.py:190} INFO - 💌message is sending....
[2025-05-20T09:16:21.197+0000] {logging_mixin.py:190} INFO - 💌message is sending....
[2025-05-20T09:16:21.250+0000] {logging_mixin.py:190} INFO - 💌message is sending....
[2025-05-20T09:16:21.301+0000] {logging_mixin.py:190} INFO - 💌message is sending....
[2025-05-20T09:16:21.355+0000] {logging_mixin.py:190} INFO - 💌message is sending....
[2025-05-20T09:16:21.407+0000] {logging_mixin.py:190} INFO - 💌message is sending....
[2025-05-20T09:16:21.463+0000] {logging_mixin.py:190} INFO - 💌message is sending....
[2025-05-20T09:16:21.516+0000] {logging_mixin.py:190} INFO - 💌message is sending....
[2025-05-20T09:16:21.572+0000] {logging_mixin.py:190} INFO - 💌message is sending....
[2025-05-20T09:16:21.627+0000] {logging_mixin.py:190} INFO - 💌message is sending....
[2025-05-20T09:16:21.688+0000] {logging_mixin.py:190} INFO - 💌message is sending....
[2025-05-20T09:16:21.743+0000] {logging_mixin.py:190} INFO - 💌message is sending....
[2025-05-20T09:16:21.797+0000] {logging_mixin.py:190} INFO - 💌message is sending....
[2025-05-20T09:16:21.849+0000] {logging_mixin.py:190} INFO - 💌message is sending....
[2025-05-20T09:16:21.902+0000] {logging_mixin.py:190} INFO - 💌message is sending....
[2025-05-20T09:16:21.953+0000] {logging_mixin.py:190} INFO - 💌message is sending....
[2025-05-20T09:16:22.005+0000] {logging_mixin.py:190} INFO - 💌message is sending....
[2025-05-20T09:16:22.059+0000] {logging_mixin.py:190} INFO - 💌message is sending....
[2025-05-20T09:16:22.111+0000] {logging_mixin.py:190} INFO - 💌message is sending....
[2025-05-20T09:16:22.162+0000] {logging_mixin.py:190} INFO - 💌message is sending....
[2025-05-20T09:16:22.215+0000] {logging_mixin.py:190} INFO - 💌message is sending....
[2025-05-20T09:16:22.268+0000] {logging_mixin.py:190} INFO - 💌message is sending....
[2025-05-20T09:16:22.320+0000] {logging_mixin.py:190} INFO - 💌message is sending....
[2025-05-20T09:16:22.373+0000] {logging_mixin.py:190} INFO - 💌message is sending....
[2025-05-20T09:16:22.429+0000] {logging_mixin.py:190} INFO - 💌message is sending....
[2025-05-20T09:16:22.485+0000] {logging_mixin.py:190} INFO - 💌message is sending....
[2025-05-20T09:16:22.539+0000] {logging_mixin.py:190} INFO - 💌message is sending....
[2025-05-20T09:16:22.595+0000] {logging_mixin.py:190} INFO - 💌message is sending....
[2025-05-20T09:16:22.650+0000] {logging_mixin.py:190} INFO - 💌message is sending....
[2025-05-20T09:16:22.708+0000] {logging_mixin.py:190} INFO - 💌message is sending....
[2025-05-20T09:16:22.766+0000] {logging_mixin.py:190} INFO - 💌message is sending....
[2025-05-20T09:16:22.824+0000] {logging_mixin.py:190} INFO - 💌message is sending....
[2025-05-20T09:16:22.886+0000] {logging_mixin.py:190} INFO - 💌message is sending....
[2025-05-20T09:16:22.938+0000] {logging_mixin.py:190} INFO - 💌message is sending....
[2025-05-20T09:16:22.991+0000] {logging_mixin.py:190} INFO - 💌message is sending....
[2025-05-20T09:16:23.044+0000] {logging_mixin.py:190} INFO - 💌message is sending....
[2025-05-20T09:16:23.099+0000] {logging_mixin.py:190} INFO - 💌message is sending....
[2025-05-20T09:16:23.158+0000] {logging_mixin.py:190} INFO - 💌message is sending....
[2025-05-20T09:16:23.209+0000] {logging_mixin.py:190} INFO - 💌message is sending....
[2025-05-20T09:16:23.261+0000] {logging_mixin.py:190} INFO - 💌message is sending....
[2025-05-20T09:16:23.313+0000] {logging_mixin.py:190} INFO - 💌message is sending....
[2025-05-20T09:16:23.366+0000] {logging_mixin.py:190} INFO - 💌message is sending....
[2025-05-20T09:16:23.420+0000] {logging_mixin.py:190} INFO - 💌message is sending....
[2025-05-20T09:16:23.473+0000] {logging_mixin.py:190} INFO - 💌message is sending....
[2025-05-20T09:16:23.527+0000] {logging_mixin.py:190} INFO - 💌message is sending....
[2025-05-20T09:16:23.584+0000] {logging_mixin.py:190} INFO - 💌message is sending....
[2025-05-20T09:16:23.640+0000] {logging_mixin.py:190} INFO - 💌message is sending....
[2025-05-20T09:16:23.696+0000] {logging_mixin.py:190} INFO - 💌message is sending....
[2025-05-20T09:16:23.752+0000] {logging_mixin.py:190} INFO - 💌message is sending....
[2025-05-20T09:16:23.809+0000] {logging_mixin.py:190} INFO - 💌message is sending....
[2025-05-20T09:16:23.861+0000] {logging_mixin.py:190} INFO - 💌message is sending....
[2025-05-20T09:16:23.914+0000] {logging_mixin.py:190} INFO - 💌message is sending....
[2025-05-20T09:16:23.966+0000] {logging_mixin.py:190} INFO - 💌message is sending....
[2025-05-20T09:16:24.018+0000] {logging_mixin.py:190} INFO - 💌message is sending....
[2025-05-20T09:16:24.073+0000] {logging_mixin.py:190} INFO - 💌message is sending....
[2025-05-20T09:16:24.124+0000] {logging_mixin.py:190} INFO - 💌message is sending....
[2025-05-20T09:16:24.178+0000] {logging_mixin.py:190} INFO - 💌message is sending....
[2025-05-20T09:16:24.231+0000] {logging_mixin.py:190} INFO - 💌message is sending....
[2025-05-20T09:16:24.288+0000] {logging_mixin.py:190} INFO - 💌message is sending....
[2025-05-20T09:16:24.344+0000] {logging_mixin.py:190} INFO - 💌message is sending....
[2025-05-20T09:16:24.398+0000] {logging_mixin.py:190} INFO - 💌message is sending....
[2025-05-20T09:16:24.452+0000] {logging_mixin.py:190} INFO - 💌message is sending....
[2025-05-20T09:16:24.507+0000] {logging_mixin.py:190} INFO - 💌message is sending....
[2025-05-20T09:16:24.559+0000] {logging_mixin.py:190} INFO - 💌message is sending....
[2025-05-20T09:16:24.612+0000] {logging_mixin.py:190} INFO - 💌message is sending....
[2025-05-20T09:16:24.665+0000] {logging_mixin.py:190} INFO - 💌message is sending....
[2025-05-20T09:16:24.721+0000] {logging_mixin.py:190} INFO - 💌message is sending....
[2025-05-20T09:16:24.776+0000] {logging_mixin.py:190} INFO - 💌message is sending....
[2025-05-20T09:16:24.830+0000] {logging_mixin.py:190} INFO - 💌message is sending....
[2025-05-20T09:16:24.886+0000] {logging_mixin.py:190} INFO - 💌message is sending....
[2025-05-20T09:16:24.942+0000] {logging_mixin.py:190} INFO - 💌message is sending....
[2025-05-20T09:16:24.997+0000] {logging_mixin.py:190} INFO - 💌message is sending....
[2025-05-20T09:16:25.055+0000] {logging_mixin.py:190} INFO - 💌message is sending....
[2025-05-20T09:16:25.107+0000] {logging_mixin.py:190} INFO - 💌message is sending....
[2025-05-20T09:16:25.160+0000] {logging_mixin.py:190} INFO - 💌message is sending....
[2025-05-20T09:16:25.212+0000] {logging_mixin.py:190} INFO - 💌message is sending....
[2025-05-20T09:16:25.265+0000] {logging_mixin.py:190} INFO - 💌message is sending....
[2025-05-20T09:16:25.317+0000] {logging_mixin.py:190} INFO - 💌message is sending....
[2025-05-20T09:16:25.373+0000] {logging_mixin.py:190} INFO - 💌message is sending....
[2025-05-20T09:16:25.429+0000] {logging_mixin.py:190} INFO - 💌message is sending....
[2025-05-20T09:16:25.488+0000] {logging_mixin.py:190} INFO - 💌message is sending....
[2025-05-20T09:16:25.540+0000] {logging_mixin.py:190} INFO - 💌message is sending....
[2025-05-20T09:16:25.592+0000] {logging_mixin.py:190} INFO - 💌message is sending....
[2025-05-20T09:16:25.646+0000] {logging_mixin.py:190} INFO - 💌message is sending....
[2025-05-20T09:16:25.701+0000] {logging_mixin.py:190} INFO - 💌message is sending....
[2025-05-20T09:16:25.754+0000] {logging_mixin.py:190} INFO - 💌message is sending....
[2025-05-20T09:16:25.808+0000] {logging_mixin.py:190} INFO - 💌message is sending....
[2025-05-20T09:16:25.860+0000] {logging_mixin.py:190} INFO - 💌message is sending....
[2025-05-20T09:16:25.913+0000] {logging_mixin.py:190} INFO - 💌message is sending....
[2025-05-20T09:16:25.965+0000] {logging_mixin.py:190} INFO - 💌message is sending....
[2025-05-20T09:16:26.019+0000] {logging_mixin.py:190} INFO - 💌message is sending....
[2025-05-20T09:16:26.071+0000] {logging_mixin.py:190} INFO - 💌message is sending....
[2025-05-20T09:16:26.128+0000] {logging_mixin.py:190} INFO - 💌message is sending....
[2025-05-20T09:16:26.181+0000] {logging_mixin.py:190} INFO - 💌message is sending....
[2025-05-20T09:16:26.234+0000] {logging_mixin.py:190} INFO - 💌message is sending....
[2025-05-20T09:16:26.287+0000] {logging_mixin.py:190} INFO - 💌message is sending....
[2025-05-20T09:16:26.339+0000] {logging_mixin.py:190} INFO - 💌message is sending....
[2025-05-20T09:16:26.392+0000] {logging_mixin.py:190} INFO - 💌message is sending....
[2025-05-20T09:16:26.444+0000] {logging_mixin.py:190} INFO - 💌message is sending....
[2025-05-20T09:16:26.496+0000] {logging_mixin.py:190} INFO - 💌message is sending....
[2025-05-20T09:16:26.547+0000] {logging_mixin.py:190} INFO - 💌message is sending....
[2025-05-20T09:16:26.600+0000] {logging_mixin.py:190} INFO - 💌message is sending....
[2025-05-20T09:16:26.651+0000] {logging_mixin.py:190} INFO - 💌message is sending....
[2025-05-20T09:16:26.703+0000] {logging_mixin.py:190} INFO - 💌message is sending....
[2025-05-20T09:16:26.758+0000] {logging_mixin.py:190} INFO - 💌message is sending....
[2025-05-20T09:16:26.811+0000] {logging_mixin.py:190} INFO - 💌message is sending....
[2025-05-20T09:16:26.865+0000] {logging_mixin.py:190} INFO - 💌message is sending....
[2025-05-20T09:16:26.920+0000] {logging_mixin.py:190} INFO - 💌message is sending....
[2025-05-20T09:16:26.972+0000] {logging_mixin.py:190} INFO - 💌message is sending....
[2025-05-20T09:16:27.027+0000] {logging_mixin.py:190} INFO - 💌message is sending....
[2025-05-20T09:16:27.080+0000] {logging_mixin.py:190} INFO - 💌message is sending....
[2025-05-20T09:16:27.133+0000] {logging_mixin.py:190} INFO - 💌message is sending....
[2025-05-20T09:16:27.186+0000] {logging_mixin.py:190} INFO - 💌message is sending....
[2025-05-20T09:16:27.240+0000] {logging_mixin.py:190} INFO - 💌message is sending....
[2025-05-20T09:16:27.292+0000] {logging_mixin.py:190} INFO - 💌message is sending....
[2025-05-20T09:16:27.349+0000] {logging_mixin.py:190} INFO - 💌message is sending....
[2025-05-20T09:16:27.408+0000] {logging_mixin.py:190} INFO - 💌message is sending....
[2025-05-20T09:16:27.464+0000] {logging_mixin.py:190} INFO - 💌message is sending....
[2025-05-20T09:16:27.516+0000] {logging_mixin.py:190} INFO - 💌message is sending....
[2025-05-20T09:16:27.568+0000] {logging_mixin.py:190} INFO - 💌message is sending....
[2025-05-20T09:16:27.620+0000] {logging_mixin.py:190} INFO - 💌message is sending....
[2025-05-20T09:16:27.674+0000] {logging_mixin.py:190} INFO - 💌message is sending....
[2025-05-20T09:16:27.727+0000] {logging_mixin.py:190} INFO - 💌message is sending....
[2025-05-20T09:16:27.781+0000] {logging_mixin.py:190} INFO - 💌message is sending....
[2025-05-20T09:16:27.834+0000] {logging_mixin.py:190} INFO - 💌message is sending....
[2025-05-20T09:16:27.890+0000] {logging_mixin.py:190} INFO - 💌message is sending....
[2025-05-20T09:16:27.942+0000] {logging_mixin.py:190} INFO - 💌message is sending....
[2025-05-20T09:16:27.994+0000] {logging_mixin.py:190} INFO - 💌message is sending....
[2025-05-20T09:16:28.047+0000] {logging_mixin.py:190} INFO - 💌message is sending....
[2025-05-20T09:16:28.102+0000] {logging_mixin.py:190} INFO - 💌message is sending....
[2025-05-20T09:16:28.153+0000] {logging_mixin.py:190} INFO - 💌message is sending....
[2025-05-20T09:16:28.208+0000] {logging_mixin.py:190} INFO - 💌message is sending....
[2025-05-20T09:16:28.259+0000] {logging_mixin.py:190} INFO - 💌message is sending....
[2025-05-20T09:16:28.315+0000] {logging_mixin.py:190} INFO - 💌message is sending....
[2025-05-20T09:16:28.367+0000] {logging_mixin.py:190} INFO - 💌message is sending....
[2025-05-20T09:16:28.419+0000] {logging_mixin.py:190} INFO - 💌message is sending....
[2025-05-20T09:16:28.473+0000] {logging_mixin.py:190} INFO - 💌message is sending....
[2025-05-20T09:16:28.525+0000] {logging_mixin.py:190} INFO - 💌message is sending....
[2025-05-20T09:16:28.578+0000] {logging_mixin.py:190} INFO - 💌message is sending....
[2025-05-20T09:16:28.629+0000] {logging_mixin.py:190} INFO - 💌message is sending....
[2025-05-20T09:16:28.683+0000] {logging_mixin.py:190} INFO - 💌message is sending....
[2025-05-20T09:16:28.735+0000] {logging_mixin.py:190} INFO - 💌message is sending....
[2025-05-20T09:16:28.792+0000] {logging_mixin.py:190} INFO - 💌message is sending....
[2025-05-20T09:16:28.844+0000] {logging_mixin.py:190} INFO - 💌message is sending....
[2025-05-20T09:16:28.896+0000] {logging_mixin.py:190} INFO - 💌message is sending....
[2025-05-20T09:16:28.949+0000] {logging_mixin.py:190} INFO - 💌message is sending....
[2025-05-20T09:16:29.003+0000] {logging_mixin.py:190} INFO - 💌message is sending....
[2025-05-20T09:16:29.055+0000] {logging_mixin.py:190} INFO - 💌message is sending....
[2025-05-20T09:16:29.108+0000] {logging_mixin.py:190} INFO - 💌message is sending....
[2025-05-20T09:16:29.161+0000] {logging_mixin.py:190} INFO - 💌message is sending....
[2025-05-20T09:16:29.213+0000] {logging_mixin.py:190} INFO - 💌message is sending....
[2025-05-20T09:16:29.278+0000] {logging_mixin.py:190} INFO - 💌message is sending....
[2025-05-20T09:16:29.345+0000] {logging_mixin.py:190} INFO - 💌message is sending....
[2025-05-20T09:16:29.399+0000] {logging_mixin.py:190} INFO - 💌message is sending....
[2025-05-20T09:16:29.452+0000] {logging_mixin.py:190} INFO - 💌message is sending....
[2025-05-20T09:16:29.503+0000] {logging_mixin.py:190} INFO - 💌message is sending....
[2025-05-20T09:16:29.556+0000] {logging_mixin.py:190} INFO - 💌message is sending....
[2025-05-20T09:16:29.608+0000] {logging_mixin.py:190} INFO - 💌message is sending....
[2025-05-20T09:16:29.665+0000] {logging_mixin.py:190} INFO - 💌message is sending....
[2025-05-20T09:16:29.719+0000] {logging_mixin.py:190} INFO - 💌message is sending....
[2025-05-20T09:16:29.778+0000] {logging_mixin.py:190} INFO - 💌message is sending....
[2025-05-20T09:16:29.835+0000] {logging_mixin.py:190} INFO - 💌message is sending....
[2025-05-20T09:16:29.891+0000] {logging_mixin.py:190} INFO - 💌message is sending....
[2025-05-20T09:16:29.952+0000] {logging_mixin.py:190} INFO - 💌message is sending....
[2025-05-20T09:16:30.005+0000] {logging_mixin.py:190} INFO - 💌message is sending....
[2025-05-20T09:16:30.057+0000] {logging_mixin.py:190} INFO - 💌message is sending....
[2025-05-20T09:16:30.109+0000] {logging_mixin.py:190} INFO - 💌message is sending....
[2025-05-20T09:16:30.161+0000] {logging_mixin.py:190} INFO - 💌message is sending....
[2025-05-20T09:16:30.250+0000] {logging_mixin.py:190} INFO - 💌message is sending....
[2025-05-20T09:16:30.302+0000] {logging_mixin.py:190} INFO - 💌message is sending....
[2025-05-20T09:16:30.359+0000] {logging_mixin.py:190} INFO - 💌message is sending....
[2025-05-20T09:16:30.411+0000] {logging_mixin.py:190} INFO - 💌message is sending....
[2025-05-20T09:16:30.465+0000] {logging_mixin.py:190} INFO - 💌message is sending....
[2025-05-20T09:16:30.517+0000] {logging_mixin.py:190} INFO - 💌message is sending....
[2025-05-20T09:16:30.573+0000] {logging_mixin.py:190} INFO - 💌message is sending....
[2025-05-20T09:16:30.626+0000] {logging_mixin.py:190} INFO - 💌message is sending....
[2025-05-20T09:16:30.683+0000] {logging_mixin.py:190} INFO - 💌message is sending....
[2025-05-20T09:16:30.743+0000] {logging_mixin.py:190} INFO - 💌message is sending....
[2025-05-20T09:16:30.799+0000] {logging_mixin.py:190} INFO - 💌message is sending....
[2025-05-20T09:16:30.853+0000] {logging_mixin.py:190} INFO - 💌message is sending....
[2025-05-20T09:16:30.911+0000] {logging_mixin.py:190} INFO - 💌message is sending....
[2025-05-20T09:16:30.967+0000] {logging_mixin.py:190} INFO - 💌message is sending....
[2025-05-20T09:16:31.022+0000] {logging_mixin.py:190} INFO - 💌message is sending....
[2025-05-20T09:16:31.075+0000] {logging_mixin.py:190} INFO - 💌message is sending....
[2025-05-20T09:16:31.132+0000] {logging_mixin.py:190} INFO - 💌message is sending....
[2025-05-20T09:16:31.186+0000] {logging_mixin.py:190} INFO - 💌message is sending....
[2025-05-20T09:16:31.243+0000] {logging_mixin.py:190} INFO - 💌message is sending....
[2025-05-20T09:16:31.301+0000] {logging_mixin.py:190} INFO - 💌message is sending....
[2025-05-20T09:16:31.357+0000] {logging_mixin.py:190} INFO - 💌message is sending....
[2025-05-20T09:16:31.414+0000] {logging_mixin.py:190} INFO - 💌message is sending....
[2025-05-20T09:16:31.469+0000] {logging_mixin.py:190} INFO - 💌message is sending....
[2025-05-20T09:16:31.526+0000] {logging_mixin.py:190} INFO - 💌message is sending....
[2025-05-20T09:16:31.581+0000] {logging_mixin.py:190} INFO - 💌message is sending....
[2025-05-20T09:16:31.634+0000] {logging_mixin.py:190} INFO - 💌message is sending....
[2025-05-20T09:16:31.689+0000] {logging_mixin.py:190} INFO - 💌message is sending....
[2025-05-20T09:16:31.744+0000] {logging_mixin.py:190} INFO - 💌message is sending....
[2025-05-20T09:16:31.802+0000] {logging_mixin.py:190} INFO - 💌message is sending....
[2025-05-20T09:16:31.863+0000] {logging_mixin.py:190} INFO - 💌message is sending....
[2025-05-20T09:16:31.918+0000] {logging_mixin.py:190} INFO - 💌message is sending....
[2025-05-20T09:16:31.974+0000] {logging_mixin.py:190} INFO - 💌message is sending....
[2025-05-20T09:16:32.030+0000] {logging_mixin.py:190} INFO - 💌message is sending....
[2025-05-20T09:16:32.087+0000] {logging_mixin.py:190} INFO - 💌message is sending....
[2025-05-20T09:16:32.141+0000] {logging_mixin.py:190} INFO - 💌message is sending....
[2025-05-20T09:16:32.193+0000] {logging_mixin.py:190} INFO - 💌message is sending....
[2025-05-20T09:16:32.244+0000] {logging_mixin.py:190} INFO - 💌message is sending....
[2025-05-20T09:16:32.300+0000] {logging_mixin.py:190} INFO - 💌message is sending....
[2025-05-20T09:16:32.352+0000] {logging_mixin.py:190} INFO - 💌message is sending....
[2025-05-20T09:16:32.405+0000] {logging_mixin.py:190} INFO - 💌message is sending....
[2025-05-20T09:16:32.462+0000] {logging_mixin.py:190} INFO - 💌message is sending....
[2025-05-20T09:16:32.518+0000] {logging_mixin.py:190} INFO - 💌message is sending....
[2025-05-20T09:16:32.574+0000] {logging_mixin.py:190} INFO - 💌message is sending....
[2025-05-20T09:16:32.631+0000] {logging_mixin.py:190} INFO - 💌message is sending....
[2025-05-20T09:16:32.686+0000] {logging_mixin.py:190} INFO - 💌message is sending....
[2025-05-20T09:16:32.742+0000] {logging_mixin.py:190} INFO - 💌message is sending....
[2025-05-20T09:16:32.800+0000] {logging_mixin.py:190} INFO - 💌message is sending....
[2025-05-20T09:16:32.857+0000] {logging_mixin.py:190} INFO - 💌message is sending....
[2025-05-20T09:16:32.919+0000] {logging_mixin.py:190} INFO - 💌message is sending....
[2025-05-20T09:16:32.971+0000] {logging_mixin.py:190} INFO - 💌message is sending....
[2025-05-20T09:16:33.024+0000] {logging_mixin.py:190} INFO - 💌message is sending....
[2025-05-20T09:16:33.077+0000] {logging_mixin.py:190} INFO - 💌message is sending....
[2025-05-20T09:16:33.132+0000] {logging_mixin.py:190} INFO - 💌message is sending....
[2025-05-20T09:16:33.186+0000] {logging_mixin.py:190} INFO - 💌message is sending....
[2025-05-20T09:16:33.238+0000] {logging_mixin.py:190} INFO - 💌message is sending....
[2025-05-20T09:16:33.292+0000] {logging_mixin.py:190} INFO - 💌message is sending....
[2025-05-20T09:16:33.345+0000] {logging_mixin.py:190} INFO - 💌message is sending....
[2025-05-20T09:16:33.399+0000] {logging_mixin.py:190} INFO - 💌message is sending....
[2025-05-20T09:16:33.457+0000] {logging_mixin.py:190} INFO - 💌message is sending....
[2025-05-20T09:16:33.511+0000] {logging_mixin.py:190} INFO - 💌message is sending....
[2025-05-20T09:16:33.569+0000] {logging_mixin.py:190} INFO - 💌message is sending....
[2025-05-20T09:16:33.623+0000] {logging_mixin.py:190} INFO - 💌message is sending....
[2025-05-20T09:16:33.676+0000] {logging_mixin.py:190} INFO - 💌message is sending....
[2025-05-20T09:16:33.731+0000] {logging_mixin.py:190} INFO - 💌message is sending....
[2025-05-20T09:16:33.789+0000] {logging_mixin.py:190} INFO - 💌message is sending....
[2025-05-20T09:16:33.844+0000] {logging_mixin.py:190} INFO - 💌message is sending....
[2025-05-20T09:16:33.902+0000] {logging_mixin.py:190} INFO - 💌message is sending....
[2025-05-20T09:16:33.954+0000] {logging_mixin.py:190} INFO - 💌message is sending....
[2025-05-20T09:16:34.007+0000] {logging_mixin.py:190} INFO - 💌message is sending....
[2025-05-20T09:16:34.062+0000] {logging_mixin.py:190} INFO - 💌message is sending....
[2025-05-20T09:16:34.114+0000] {logging_mixin.py:190} INFO - 💌message is sending....
[2025-05-20T09:16:34.169+0000] {logging_mixin.py:190} INFO - 💌message is sending....
[2025-05-20T09:16:34.221+0000] {logging_mixin.py:190} INFO - 💌message is sending....
[2025-05-20T09:16:34.278+0000] {logging_mixin.py:190} INFO - 💌message is sending....
[2025-05-20T09:16:34.332+0000] {logging_mixin.py:190} INFO - 💌message is sending....
[2025-05-20T09:16:34.386+0000] {logging_mixin.py:190} INFO - 💌message is sending....
[2025-05-20T09:16:34.438+0000] {logging_mixin.py:190} INFO - 💌message is sending....
[2025-05-20T09:16:34.489+0000] {logging_mixin.py:190} INFO - 💌message is sending....
[2025-05-20T09:16:34.543+0000] {logging_mixin.py:190} INFO - 💌message is sending....
[2025-05-20T09:16:34.598+0000] {logging_mixin.py:190} INFO - 💌message is sending....
[2025-05-20T09:16:34.652+0000] {logging_mixin.py:190} INFO - 💌message is sending....
[2025-05-20T09:16:34.703+0000] {logging_mixin.py:190} INFO - 💌message is sending....
[2025-05-20T09:16:34.755+0000] {logging_mixin.py:190} INFO - 💌message is sending....
[2025-05-20T09:16:34.809+0000] {logging_mixin.py:190} INFO - 💌message is sending....
[2025-05-20T09:16:34.861+0000] {logging_mixin.py:190} INFO - 💌message is sending....
[2025-05-20T09:16:34.913+0000] {logging_mixin.py:190} INFO - 💌message is sending....
[2025-05-20T09:16:34.966+0000] {logging_mixin.py:190} INFO - 💌message is sending....
[2025-05-20T09:16:35.018+0000] {logging_mixin.py:190} INFO - 💌message is sending....
[2025-05-20T09:16:35.072+0000] {logging_mixin.py:190} INFO - 💌message is sending....
[2025-05-20T09:16:35.124+0000] {logging_mixin.py:190} INFO - 💌message is sending....
[2025-05-20T09:16:35.176+0000] {logging_mixin.py:190} INFO - 💌message is sending....
[2025-05-20T09:16:35.230+0000] {logging_mixin.py:190} INFO - 💌message is sending....
[2025-05-20T09:16:35.282+0000] {logging_mixin.py:190} INFO - 💌message is sending....
[2025-05-20T09:16:35.334+0000] {logging_mixin.py:190} INFO - 💌message is sending....
[2025-05-20T09:16:35.388+0000] {logging_mixin.py:190} INFO - 💌message is sending....
[2025-05-20T09:16:35.441+0000] {logging_mixin.py:190} INFO - 💌message is sending....
[2025-05-20T09:16:35.493+0000] {logging_mixin.py:190} INFO - 💌message is sending....
[2025-05-20T09:16:35.544+0000] {logging_mixin.py:190} INFO - 💌message is sending....
[2025-05-20T09:16:35.598+0000] {logging_mixin.py:190} INFO - 💌message is sending....
[2025-05-20T09:16:35.657+0000] {logging_mixin.py:190} INFO - 💌message is sending....
[2025-05-20T09:16:35.710+0000] {logging_mixin.py:190} INFO - 💌message is sending....
[2025-05-20T09:16:35.762+0000] {logging_mixin.py:190} INFO - 💌message is sending....
[2025-05-20T09:16:35.815+0000] {logging_mixin.py:190} INFO - 💌message is sending....
[2025-05-20T09:16:35.867+0000] {logging_mixin.py:190} INFO - 💌message is sending....
[2025-05-20T09:16:35.920+0000] {logging_mixin.py:190} INFO - 💌message is sending....
[2025-05-20T09:16:35.972+0000] {logging_mixin.py:190} INFO - 💌message is sending....
[2025-05-20T09:16:36.025+0000] {logging_mixin.py:190} INFO - 💌message is sending....
[2025-05-20T09:16:36.080+0000] {logging_mixin.py:190} INFO - 💌message is sending....
[2025-05-20T09:16:36.136+0000] {logging_mixin.py:190} INFO - 💌message is sending....
[2025-05-20T09:16:36.190+0000] {logging_mixin.py:190} INFO - 💌message is sending....
[2025-05-20T09:16:36.243+0000] {logging_mixin.py:190} INFO - 💌message is sending....
[2025-05-20T09:16:36.296+0000] {logging_mixin.py:190} INFO - 💌message is sending....
[2025-05-20T09:16:36.348+0000] {logging_mixin.py:190} INFO - 💌message is sending....
[2025-05-20T09:16:36.400+0000] {logging_mixin.py:190} INFO - 💌message is sending....
[2025-05-20T09:16:36.452+0000] {logging_mixin.py:190} INFO - 💌message is sending....
[2025-05-20T09:16:36.503+0000] {logging_mixin.py:190} INFO - 💌message is sending....
[2025-05-20T09:16:36.558+0000] {logging_mixin.py:190} INFO - 💌message is sending....
[2025-05-20T09:16:36.616+0000] {logging_mixin.py:190} INFO - 💌message is sending....
[2025-05-20T09:16:36.667+0000] {logging_mixin.py:190} INFO - 💌message is sending....
[2025-05-20T09:16:36.719+0000] {logging_mixin.py:190} INFO - 💌message is sending....
[2025-05-20T09:16:36.773+0000] {logging_mixin.py:190} INFO - 💌message is sending....
[2025-05-20T09:16:36.825+0000] {logging_mixin.py:190} INFO - 💌message is sending....
[2025-05-20T09:16:36.878+0000] {logging_mixin.py:190} INFO - 💌message is sending....
[2025-05-20T09:16:36.929+0000] {logging_mixin.py:190} INFO - 💌message is sending....
[2025-05-20T09:16:36.982+0000] {logging_mixin.py:190} INFO - 💌message is sending....
[2025-05-20T09:16:37.034+0000] {logging_mixin.py:190} INFO - 💌message is sending....
[2025-05-20T09:16:37.086+0000] {logging_mixin.py:190} INFO - 💌message is sending....
[2025-05-20T09:16:37.137+0000] {logging_mixin.py:190} INFO - 💌message is sending....
[2025-05-20T09:16:37.189+0000] {logging_mixin.py:190} INFO - 💌message is sending....
[2025-05-20T09:16:37.241+0000] {logging_mixin.py:190} INFO - 💌message is sending....
[2025-05-20T09:16:37.295+0000] {logging_mixin.py:190} INFO - 💌message is sending....
[2025-05-20T09:16:37.354+0000] {logging_mixin.py:190} INFO - 💌message is sending....
[2025-05-20T09:16:37.414+0000] {logging_mixin.py:190} INFO - 💌message is sending....
[2025-05-20T09:16:37.470+0000] {logging_mixin.py:190} INFO - 💌message is sending....
[2025-05-20T09:16:37.526+0000] {logging_mixin.py:190} INFO - 💌message is sending....
[2025-05-20T09:16:37.578+0000] {logging_mixin.py:190} INFO - 💌message is sending....
[2025-05-20T09:16:37.629+0000] {logging_mixin.py:190} INFO - 💌message is sending....
[2025-05-20T09:16:37.686+0000] {logging_mixin.py:190} INFO - 💌message is sending....
[2025-05-20T09:16:37.738+0000] {logging_mixin.py:190} INFO - 💌message is sending....
[2025-05-20T09:16:37.792+0000] {logging_mixin.py:190} INFO - 💌message is sending....
[2025-05-20T09:16:37.847+0000] {logging_mixin.py:190} INFO - 💌message is sending....
[2025-05-20T09:16:37.900+0000] {logging_mixin.py:190} INFO - 💌message is sending....
[2025-05-20T09:16:37.952+0000] {logging_mixin.py:190} INFO - 💌message is sending....
[2025-05-20T09:16:38.006+0000] {logging_mixin.py:190} INFO - 💌message is sending....
[2025-05-20T09:16:38.059+0000] {logging_mixin.py:190} INFO - 💌message is sending....
[2025-05-20T09:16:38.111+0000] {logging_mixin.py:190} INFO - 💌message is sending....
[2025-05-20T09:16:38.164+0000] {logging_mixin.py:190} INFO - 💌message is sending....
[2025-05-20T09:16:38.217+0000] {logging_mixin.py:190} INFO - 💌message is sending....
[2025-05-20T09:16:38.269+0000] {logging_mixin.py:190} INFO - 💌message is sending....
[2025-05-20T09:16:38.323+0000] {logging_mixin.py:190} INFO - 💌message is sending....
[2025-05-20T09:16:38.375+0000] {logging_mixin.py:190} INFO - 💌message is sending....
[2025-05-20T09:16:38.430+0000] {logging_mixin.py:190} INFO - 💌message is sending....
[2025-05-20T09:16:38.481+0000] {logging_mixin.py:190} INFO - 💌message is sending....
[2025-05-20T09:16:38.533+0000] {logging_mixin.py:190} INFO - 💌message is sending....
[2025-05-20T09:16:38.584+0000] {logging_mixin.py:190} INFO - 💌message is sending....
[2025-05-20T09:16:38.636+0000] {logging_mixin.py:190} INFO - 💌message is sending....
[2025-05-20T09:16:38.688+0000] {logging_mixin.py:190} INFO - 💌message is sending....
[2025-05-20T09:16:38.742+0000] {logging_mixin.py:190} INFO - 💌message is sending....
[2025-05-20T09:16:38.794+0000] {logging_mixin.py:190} INFO - 💌message is sending....
[2025-05-20T09:16:38.848+0000] {logging_mixin.py:190} INFO - 💌message is sending....
[2025-05-20T09:16:38.902+0000] {logging_mixin.py:190} INFO - 💌message is sending....
[2025-05-20T09:16:38.959+0000] {logging_mixin.py:190} INFO - 💌message is sending....
[2025-05-20T09:16:39.013+0000] {logging_mixin.py:190} INFO - 💌message is sending....
[2025-05-20T09:16:39.066+0000] {logging_mixin.py:190} INFO - 💌message is sending....
[2025-05-20T09:16:39.118+0000] {logging_mixin.py:190} INFO - 💌message is sending....
[2025-05-20T09:16:39.171+0000] {logging_mixin.py:190} INFO - 💌message is sending....
[2025-05-20T09:16:39.225+0000] {logging_mixin.py:190} INFO - 💌message is sending....
[2025-05-20T09:16:39.277+0000] {logging_mixin.py:190} INFO - 💌message is sending....
[2025-05-20T09:16:39.331+0000] {logging_mixin.py:190} INFO - 💌message is sending....
[2025-05-20T09:16:39.382+0000] {logging_mixin.py:190} INFO - 💌message is sending....
[2025-05-20T09:16:39.434+0000] {logging_mixin.py:190} INFO - 💌message is sending....
[2025-05-20T09:16:39.486+0000] {logging_mixin.py:190} INFO - 💌message is sending....
[2025-05-20T09:16:39.540+0000] {logging_mixin.py:190} INFO - 💌message is sending....
[2025-05-20T09:16:39.593+0000] {logging_mixin.py:190} INFO - 💌message is sending....
[2025-05-20T09:16:39.648+0000] {logging_mixin.py:190} INFO - 💌message is sending....
[2025-05-20T09:16:39.701+0000] {logging_mixin.py:190} INFO - 💌message is sending....
[2025-05-20T09:16:39.753+0000] {logging_mixin.py:190} INFO - 💌message is sending....
[2025-05-20T09:16:39.809+0000] {logging_mixin.py:190} INFO - 💌message is sending....
[2025-05-20T09:16:39.864+0000] {logging_mixin.py:190} INFO - 💌message is sending....
[2025-05-20T09:16:39.916+0000] {logging_mixin.py:190} INFO - 💌message is sending....
[2025-05-20T09:16:39.971+0000] {logging_mixin.py:190} INFO - 💌message is sending....
[2025-05-20T09:16:40.023+0000] {logging_mixin.py:190} INFO - 💌message is sending....
[2025-05-20T09:16:40.074+0000] {logging_mixin.py:190} INFO - 💌message is sending....
[2025-05-20T09:16:40.130+0000] {logging_mixin.py:190} INFO - 💌message is sending....
[2025-05-20T09:16:40.182+0000] {logging_mixin.py:190} INFO - 💌message is sending....
[2025-05-20T09:16:40.234+0000] {logging_mixin.py:190} INFO - 💌message is sending....
[2025-05-20T09:16:40.288+0000] {logging_mixin.py:190} INFO - 💌message is sending....
[2025-05-20T09:16:40.339+0000] {logging_mixin.py:190} INFO - 💌message is sending....
[2025-05-20T09:16:40.390+0000] {logging_mixin.py:190} INFO - 💌message is sending....
[2025-05-20T09:16:40.445+0000] {logging_mixin.py:190} INFO - 💌message is sending....
[2025-05-20T09:16:40.496+0000] {logging_mixin.py:190} INFO - 💌message is sending....
[2025-05-20T09:16:40.549+0000] {logging_mixin.py:190} INFO - 💌message is sending....
[2025-05-20T09:16:40.599+0000] {logging_mixin.py:190} INFO - 💌message is sending....
[2025-05-20T09:16:40.653+0000] {logging_mixin.py:190} INFO - 💌message is sending....
[2025-05-20T09:16:40.704+0000] {logging_mixin.py:190} INFO - 💌message is sending....
[2025-05-20T09:16:40.755+0000] {logging_mixin.py:190} INFO - 💌message is sending....
[2025-05-20T09:16:40.807+0000] {logging_mixin.py:190} INFO - 💌message is sending....
[2025-05-20T09:16:40.861+0000] {logging_mixin.py:190} INFO - 💌message is sending....
[2025-05-20T09:16:40.917+0000] {logging_mixin.py:190} INFO - 💌message is sending....
[2025-05-20T09:16:40.969+0000] {logging_mixin.py:190} INFO - 💌message is sending....
[2025-05-20T09:16:41.021+0000] {logging_mixin.py:190} INFO - 💌message is sending....
[2025-05-20T09:16:41.072+0000] {logging_mixin.py:190} INFO - 💌message is sending....
[2025-05-20T09:16:41.125+0000] {logging_mixin.py:190} INFO - 💌message is sending....
[2025-05-20T09:16:41.177+0000] {logging_mixin.py:190} INFO - 💌message is sending....
[2025-05-20T09:16:41.230+0000] {logging_mixin.py:190} INFO - 💌message is sending....
[2025-05-20T09:16:41.282+0000] {logging_mixin.py:190} INFO - 💌message is sending....
[2025-05-20T09:16:41.333+0000] {logging_mixin.py:190} INFO - 💌message is sending....
[2025-05-20T09:16:41.385+0000] {logging_mixin.py:190} INFO - 💌message is sending....
[2025-05-20T09:16:41.437+0000] {logging_mixin.py:190} INFO - 💌message is sending....
[2025-05-20T09:16:41.489+0000] {logging_mixin.py:190} INFO - 💌message is sending....
[2025-05-20T09:16:41.543+0000] {logging_mixin.py:190} INFO - 💌message is sending....
[2025-05-20T09:16:41.598+0000] {logging_mixin.py:190} INFO - 💌message is sending....
[2025-05-20T09:16:41.652+0000] {logging_mixin.py:190} INFO - 💌message is sending....
[2025-05-20T09:16:41.707+0000] {logging_mixin.py:190} INFO - 💌message is sending....
[2025-05-20T09:16:41.759+0000] {logging_mixin.py:190} INFO - 💌message is sending....
[2025-05-20T09:16:41.814+0000] {logging_mixin.py:190} INFO - 💌message is sending....
[2025-05-20T09:16:41.869+0000] {logging_mixin.py:190} INFO - 💌message is sending....
[2025-05-20T09:16:41.929+0000] {logging_mixin.py:190} INFO - 💌message is sending....
[2025-05-20T09:16:41.983+0000] {logging_mixin.py:190} INFO - 💌message is sending....
[2025-05-20T09:16:42.041+0000] {logging_mixin.py:190} INFO - 💌message is sending....
[2025-05-20T09:16:42.099+0000] {logging_mixin.py:190} INFO - 💌message is sending....
[2025-05-20T09:16:42.154+0000] {logging_mixin.py:190} INFO - 💌message is sending....
[2025-05-20T09:16:42.207+0000] {logging_mixin.py:190} INFO - 💌message is sending....
[2025-05-20T09:16:42.260+0000] {logging_mixin.py:190} INFO - 💌message is sending....
[2025-05-20T09:16:42.315+0000] {logging_mixin.py:190} INFO - 💌message is sending....
[2025-05-20T09:16:42.370+0000] {logging_mixin.py:190} INFO - 💌message is sending....
[2025-05-20T09:16:42.422+0000] {logging_mixin.py:190} INFO - 💌message is sending....
[2025-05-20T09:16:42.477+0000] {logging_mixin.py:190} INFO - 💌message is sending....
[2025-05-20T09:16:42.536+0000] {logging_mixin.py:190} INFO - 💌message is sending....
[2025-05-20T09:16:42.594+0000] {logging_mixin.py:190} INFO - 💌message is sending....
[2025-05-20T09:16:42.652+0000] {logging_mixin.py:190} INFO - 💌message is sending....
[2025-05-20T09:16:42.706+0000] {logging_mixin.py:190} INFO - 💌message is sending....
[2025-05-20T09:16:42.765+0000] {logging_mixin.py:190} INFO - 💌message is sending....
[2025-05-20T09:16:42.820+0000] {logging_mixin.py:190} INFO - 💌message is sending....
[2025-05-20T09:16:42.876+0000] {logging_mixin.py:190} INFO - 💌message is sending....
[2025-05-20T09:16:42.929+0000] {logging_mixin.py:190} INFO - 💌message is sending....
[2025-05-20T09:16:42.983+0000] {logging_mixin.py:190} INFO - 💌message is sending....
[2025-05-20T09:16:43.036+0000] {logging_mixin.py:190} INFO - 💌message is sending....
[2025-05-20T09:16:43.093+0000] {logging_mixin.py:190} INFO - 💌message is sending....
[2025-05-20T09:16:43.149+0000] {logging_mixin.py:190} INFO - 💌message is sending....
[2025-05-20T09:16:43.204+0000] {logging_mixin.py:190} INFO - 💌message is sending....
[2025-05-20T09:16:43.256+0000] {logging_mixin.py:190} INFO - 💌message is sending....
[2025-05-20T09:16:43.311+0000] {logging_mixin.py:190} INFO - 💌message is sending....
[2025-05-20T09:16:43.367+0000] {logging_mixin.py:190} INFO - 💌message is sending....
[2025-05-20T09:16:43.422+0000] {logging_mixin.py:190} INFO - 💌message is sending....
[2025-05-20T09:16:43.477+0000] {logging_mixin.py:190} INFO - 💌message is sending....
[2025-05-20T09:16:43.535+0000] {logging_mixin.py:190} INFO - 💌message is sending....
[2025-05-20T09:16:43.595+0000] {logging_mixin.py:190} INFO - 💌message is sending....
[2025-05-20T09:16:43.653+0000] {logging_mixin.py:190} INFO - 💌message is sending....
[2025-05-20T09:16:43.713+0000] {logging_mixin.py:190} INFO - 💌message is sending....
[2025-05-20T09:16:43.766+0000] {logging_mixin.py:190} INFO - 💌message is sending....
[2025-05-20T09:16:43.818+0000] {logging_mixin.py:190} INFO - 💌message is sending....
[2025-05-20T09:16:43.870+0000] {logging_mixin.py:190} INFO - 💌message is sending....
[2025-05-20T09:16:43.924+0000] {logging_mixin.py:190} INFO - 💌message is sending....
[2025-05-20T09:16:43.978+0000] {logging_mixin.py:190} INFO - 💌message is sending....
[2025-05-20T09:16:44.032+0000] {logging_mixin.py:190} INFO - 💌message is sending....
[2025-05-20T09:16:44.084+0000] {logging_mixin.py:190} INFO - 💌message is sending....
[2025-05-20T09:16:44.137+0000] {logging_mixin.py:190} INFO - 💌message is sending....
[2025-05-20T09:16:44.188+0000] {logging_mixin.py:190} INFO - 💌message is sending....
[2025-05-20T09:16:44.243+0000] {logging_mixin.py:190} INFO - 💌message is sending....
[2025-05-20T09:16:44.296+0000] {logging_mixin.py:190} INFO - 💌message is sending....
[2025-05-20T09:16:44.349+0000] {logging_mixin.py:190} INFO - 💌message is sending....
[2025-05-20T09:16:44.403+0000] {logging_mixin.py:190} INFO - 💌message is sending....
[2025-05-20T09:16:44.453+0000] {logging_mixin.py:190} INFO - 💌message is sending....
[2025-05-20T09:16:44.507+0000] {logging_mixin.py:190} INFO - 💌message is sending....
[2025-05-20T09:16:44.559+0000] {logging_mixin.py:190} INFO - 💌message is sending....
[2025-05-20T09:16:44.612+0000] {logging_mixin.py:190} INFO - 💌message is sending....
[2025-05-20T09:16:44.664+0000] {logging_mixin.py:190} INFO - 💌message is sending....
[2025-05-20T09:16:44.716+0000] {logging_mixin.py:190} INFO - 💌message is sending....
[2025-05-20T09:16:44.769+0000] {logging_mixin.py:190} INFO - 💌message is sending....
[2025-05-20T09:16:44.822+0000] {logging_mixin.py:190} INFO - 💌message is sending....
[2025-05-20T09:16:44.873+0000] {logging_mixin.py:190} INFO - 💌message is sending....
[2025-05-20T09:16:44.926+0000] {logging_mixin.py:190} INFO - 💌message is sending....
[2025-05-20T09:16:44.978+0000] {logging_mixin.py:190} INFO - 💌message is sending....
[2025-05-20T09:16:45.031+0000] {logging_mixin.py:190} INFO - 💌message is sending....
[2025-05-20T09:16:45.084+0000] {logging_mixin.py:190} INFO - 💌message is sending....
[2025-05-20T09:16:45.138+0000] {logging_mixin.py:190} INFO - 💌message is sending....
[2025-05-20T09:16:45.189+0000] {logging_mixin.py:190} INFO - 💌message is sending....
[2025-05-20T09:16:45.242+0000] {logging_mixin.py:190} INFO - 💌message is sending....
[2025-05-20T09:16:45.294+0000] {logging_mixin.py:190} INFO - 💌message is sending....
[2025-05-20T09:16:45.346+0000] {logging_mixin.py:190} INFO - 💌message is sending....
[2025-05-20T09:16:45.400+0000] {logging_mixin.py:190} INFO - 💌message is sending....
[2025-05-20T09:16:45.453+0000] {logging_mixin.py:190} INFO - 💌message is sending....
[2025-05-20T09:16:45.505+0000] {logging_mixin.py:190} INFO - 💌message is sending....
[2025-05-20T09:16:45.556+0000] {logging_mixin.py:190} INFO - 💌message is sending....
[2025-05-20T09:16:45.607+0000] {logging_mixin.py:190} INFO - 💌message is sending....
[2025-05-20T09:16:45.661+0000] {logging_mixin.py:190} INFO - 💌message is sending....
[2025-05-20T09:16:45.718+0000] {logging_mixin.py:190} INFO - 💌message is sending....
[2025-05-20T09:16:45.770+0000] {logging_mixin.py:190} INFO - 💌message is sending....
[2025-05-20T09:16:45.823+0000] {logging_mixin.py:190} INFO - 💌message is sending....
[2025-05-20T09:16:45.879+0000] {logging_mixin.py:190} INFO - 💌message is sending....
[2025-05-20T09:16:45.935+0000] {logging_mixin.py:190} INFO - 💌message is sending....
[2025-05-20T09:16:45.994+0000] {logging_mixin.py:190} INFO - 💌message is sending....
[2025-05-20T09:16:46.050+0000] {logging_mixin.py:190} INFO - 💌message is sending....
[2025-05-20T09:16:46.105+0000] {logging_mixin.py:190} INFO - 💌message is sending....
[2025-05-20T09:16:46.160+0000] {logging_mixin.py:190} INFO - 💌message is sending....
[2025-05-20T09:16:46.215+0000] {logging_mixin.py:190} INFO - 💌message is sending....
[2025-05-20T09:16:46.272+0000] {logging_mixin.py:190} INFO - 💌message is sending....
[2025-05-20T09:16:46.327+0000] {logging_mixin.py:190} INFO - 💌message is sending....
[2025-05-20T09:16:46.384+0000] {logging_mixin.py:190} INFO - 💌message is sending....
[2025-05-20T09:16:46.441+0000] {logging_mixin.py:190} INFO - 💌message is sending....
[2025-05-20T09:16:46.497+0000] {logging_mixin.py:190} INFO - 💌message is sending....
[2025-05-20T09:16:46.555+0000] {logging_mixin.py:190} INFO - 💌message is sending....
[2025-05-20T09:16:46.609+0000] {logging_mixin.py:190} INFO - 💌message is sending....
[2025-05-20T09:16:46.665+0000] {logging_mixin.py:190} INFO - 💌message is sending....
[2025-05-20T09:16:46.721+0000] {logging_mixin.py:190} INFO - 💌message is sending....
[2025-05-20T09:16:46.777+0000] {logging_mixin.py:190} INFO - 💌message is sending....
[2025-05-20T09:16:46.832+0000] {logging_mixin.py:190} INFO - 💌message is sending....
[2025-05-20T09:16:46.888+0000] {logging_mixin.py:190} INFO - 💌message is sending....
[2025-05-20T09:16:46.942+0000] {logging_mixin.py:190} INFO - 💌message is sending....
[2025-05-20T09:16:47.000+0000] {logging_mixin.py:190} INFO - 💌message is sending....
[2025-05-20T09:16:47.056+0000] {logging_mixin.py:190} INFO - 💌message is sending....
[2025-05-20T09:16:47.113+0000] {logging_mixin.py:190} INFO - 💌message is sending....
[2025-05-20T09:16:47.167+0000] {logging_mixin.py:190} INFO - 💌message is sending....
[2025-05-20T09:16:47.222+0000] {logging_mixin.py:190} INFO - 💌message is sending....
[2025-05-20T09:16:47.276+0000] {logging_mixin.py:190} INFO - 💌message is sending....
[2025-05-20T09:16:47.331+0000] {logging_mixin.py:190} INFO - 💌message is sending....
[2025-05-20T09:16:47.385+0000] {logging_mixin.py:190} INFO - 💌message is sending....
[2025-05-20T09:16:47.438+0000] {logging_mixin.py:190} INFO - 💌message is sending....
[2025-05-20T09:16:47.494+0000] {logging_mixin.py:190} INFO - 💌message is sending....
[2025-05-20T09:16:47.549+0000] {logging_mixin.py:190} INFO - 💌message is sending....
[2025-05-20T09:16:47.604+0000] {logging_mixin.py:190} INFO - 💌message is sending....
[2025-05-20T09:16:47.657+0000] {logging_mixin.py:190} INFO - 💌message is sending....
[2025-05-20T09:16:47.711+0000] {logging_mixin.py:190} INFO - 💌message is sending....
[2025-05-20T09:16:47.766+0000] {logging_mixin.py:190} INFO - 💌message is sending....
[2025-05-20T09:16:47.826+0000] {logging_mixin.py:190} INFO - 💌message is sending....
[2025-05-20T09:16:47.883+0000] {logging_mixin.py:190} INFO - 💌message is sending....
[2025-05-20T09:16:47.938+0000] {logging_mixin.py:190} INFO - 💌message is sending....
[2025-05-20T09:16:47.993+0000] {logging_mixin.py:190} INFO - 💌message is sending....
[2025-05-20T09:16:48.047+0000] {logging_mixin.py:190} INFO - 💌message is sending....
[2025-05-20T09:16:48.102+0000] {logging_mixin.py:190} INFO - 💌message is sending....
[2025-05-20T09:16:48.159+0000] {logging_mixin.py:190} INFO - 💌message is sending....
[2025-05-20T09:16:48.213+0000] {logging_mixin.py:190} INFO - 💌message is sending....
[2025-05-20T09:16:48.269+0000] {logging_mixin.py:190} INFO - 💌message is sending....
[2025-05-20T09:16:48.326+0000] {logging_mixin.py:190} INFO - 💌message is sending....
[2025-05-20T09:16:48.381+0000] {logging_mixin.py:190} INFO - 💌message is sending....
[2025-05-20T09:16:48.437+0000] {logging_mixin.py:190} INFO - 💌message is sending....
[2025-05-20T09:16:48.493+0000] {logging_mixin.py:190} INFO - 💌message is sending....
[2025-05-20T09:16:48.547+0000] {logging_mixin.py:190} INFO - 💌message is sending....
[2025-05-20T09:16:48.601+0000] {logging_mixin.py:190} INFO - 💌message is sending....
[2025-05-20T09:16:48.653+0000] {logging_mixin.py:190} INFO - 💌message is sending....
[2025-05-20T09:16:48.707+0000] {logging_mixin.py:190} INFO - 💌message is sending....
[2025-05-20T09:16:48.761+0000] {logging_mixin.py:190} INFO - 💌message is sending....
[2025-05-20T09:16:48.816+0000] {logging_mixin.py:190} INFO - 💌message is sending....
[2025-05-20T09:16:48.869+0000] {logging_mixin.py:190} INFO - 💌message is sending....
[2025-05-20T09:16:48.926+0000] {logging_mixin.py:190} INFO - 💌message is sending....
[2025-05-20T09:16:48.980+0000] {logging_mixin.py:190} INFO - 💌message is sending....
[2025-05-20T09:16:49.033+0000] {logging_mixin.py:190} INFO - 💌message is sending....
[2025-05-20T09:16:49.088+0000] {logging_mixin.py:190} INFO - 💌message is sending....
[2025-05-20T09:16:49.141+0000] {logging_mixin.py:190} INFO - 💌message is sending....
[2025-05-20T09:16:49.195+0000] {logging_mixin.py:190} INFO - 💌message is sending....
[2025-05-20T09:16:49.247+0000] {logging_mixin.py:190} INFO - 💌message is sending....
[2025-05-20T09:16:49.302+0000] {logging_mixin.py:190} INFO - 💌message is sending....
[2025-05-20T09:16:49.357+0000] {logging_mixin.py:190} INFO - 💌message is sending....
[2025-05-20T09:16:49.416+0000] {logging_mixin.py:190} INFO - 💌message is sending....
[2025-05-20T09:16:49.471+0000] {logging_mixin.py:190} INFO - 💌message is sending....
[2025-05-20T09:16:49.526+0000] {logging_mixin.py:190} INFO - 💌message is sending....
[2025-05-20T09:16:49.581+0000] {logging_mixin.py:190} INFO - 💌message is sending....
[2025-05-20T09:16:49.638+0000] {logging_mixin.py:190} INFO - 💌message is sending....
[2025-05-20T09:16:49.694+0000] {logging_mixin.py:190} INFO - 💌message is sending....
[2025-05-20T09:16:49.749+0000] {logging_mixin.py:190} INFO - 💌message is sending....
[2025-05-20T09:16:49.806+0000] {logging_mixin.py:190} INFO - 💌message is sending....
[2025-05-20T09:16:49.862+0000] {logging_mixin.py:190} INFO - 💌message is sending....
[2025-05-20T09:16:49.917+0000] {logging_mixin.py:190} INFO - 💌message is sending....
[2025-05-20T09:16:49.973+0000] {logging_mixin.py:190} INFO - 💌message is sending....
[2025-05-20T09:16:50.029+0000] {logging_mixin.py:190} INFO - 💌message is sending....
[2025-05-20T09:16:50.086+0000] {logging_mixin.py:190} INFO - 💌message is sending....
[2025-05-20T09:16:50.142+0000] {logging_mixin.py:190} INFO - 💌message is sending....
[2025-05-20T09:16:50.194+0000] {logging_mixin.py:190} INFO - 💌message is sending....
[2025-05-20T09:16:50.245+0000] {logging_mixin.py:190} INFO - 💌message is sending....
[2025-05-20T09:16:50.298+0000] {logging_mixin.py:190} INFO - 💌message is sending....
[2025-05-20T09:16:50.352+0000] {logging_mixin.py:190} INFO - 💌message is sending....
[2025-05-20T09:16:50.404+0000] {logging_mixin.py:190} INFO - 💌message is sending....
[2025-05-20T09:16:50.456+0000] {logging_mixin.py:190} INFO - 💌message is sending....
[2025-05-20T09:16:50.509+0000] {logging_mixin.py:190} INFO - 💌message is sending....
[2025-05-20T09:16:50.561+0000] {logging_mixin.py:190} INFO - 💌message is sending....
[2025-05-20T09:16:50.619+0000] {logging_mixin.py:190} INFO - 💌message is sending....
[2025-05-20T09:16:50.675+0000] {logging_mixin.py:190} INFO - 💌message is sending....
[2025-05-20T09:16:50.734+0000] {logging_mixin.py:190} INFO - 💌message is sending....
[2025-05-20T09:16:50.795+0000] {logging_mixin.py:190} INFO - 💌message is sending....
[2025-05-20T09:16:50.849+0000] {logging_mixin.py:190} INFO - 💌message is sending....
[2025-05-20T09:16:50.902+0000] {logging_mixin.py:190} INFO - 💌message is sending....
[2025-05-20T09:16:50.958+0000] {logging_mixin.py:190} INFO - 💌message is sending....
[2025-05-20T09:16:51.014+0000] {logging_mixin.py:190} INFO - 💌message is sending....
[2025-05-20T09:16:51.069+0000] {logging_mixin.py:190} INFO - 💌message is sending....
[2025-05-20T09:16:51.129+0000] {logging_mixin.py:190} INFO - 💌message is sending....
[2025-05-20T09:16:51.184+0000] {logging_mixin.py:190} INFO - 💌message is sending....
[2025-05-20T09:16:51.240+0000] {logging_mixin.py:190} INFO - 💌message is sending....
[2025-05-20T09:16:51.292+0000] {logging_mixin.py:190} INFO - 💌message is sending....
[2025-05-20T09:16:51.347+0000] {logging_mixin.py:190} INFO - 💌message is sending....
[2025-05-20T09:16:51.402+0000] {logging_mixin.py:190} INFO - 💌message is sending....
[2025-05-20T09:16:51.457+0000] {logging_mixin.py:190} INFO - 💌message is sending....
[2025-05-20T09:16:51.512+0000] {logging_mixin.py:190} INFO - 💌message is sending....
[2025-05-20T09:16:51.567+0000] {logging_mixin.py:190} INFO - 💌message is sending....
[2025-05-20T09:16:51.621+0000] {logging_mixin.py:190} INFO - 💌message is sending....
[2025-05-20T09:16:51.676+0000] {logging_mixin.py:190} INFO - 💌message is sending....
[2025-05-20T09:16:51.729+0000] {logging_mixin.py:190} INFO - 💌message is sending....
[2025-05-20T09:16:51.782+0000] {logging_mixin.py:190} INFO - 💌message is sending....
[2025-05-20T09:16:51.837+0000] {logging_mixin.py:190} INFO - 💌message is sending....
[2025-05-20T09:16:51.897+0000] {logging_mixin.py:190} INFO - 💌message is sending....
[2025-05-20T09:16:51.952+0000] {logging_mixin.py:190} INFO - 💌message is sending....
[2025-05-20T09:16:52.009+0000] {logging_mixin.py:190} INFO - 💌message is sending....
[2025-05-20T09:16:52.065+0000] {logging_mixin.py:190} INFO - 💌message is sending....
[2025-05-20T09:16:52.121+0000] {logging_mixin.py:190} INFO - 💌message is sending....
[2025-05-20T09:16:52.177+0000] {logging_mixin.py:190} INFO - 💌message is sending....
[2025-05-20T09:16:52.232+0000] {logging_mixin.py:190} INFO - 💌message is sending....
[2025-05-20T09:16:52.286+0000] {logging_mixin.py:190} INFO - 💌message is sending....
[2025-05-20T09:16:52.341+0000] {logging_mixin.py:190} INFO - 💌message is sending....
[2025-05-20T09:16:52.395+0000] {logging_mixin.py:190} INFO - 💌message is sending....
[2025-05-20T09:16:52.446+0000] {logging_mixin.py:190} INFO - 💌message is sending....
[2025-05-20T09:16:52.502+0000] {logging_mixin.py:190} INFO - 💌message is sending....
[2025-05-20T09:16:52.558+0000] {logging_mixin.py:190} INFO - 💌message is sending....
[2025-05-20T09:16:52.611+0000] {logging_mixin.py:190} INFO - 💌message is sending....
[2025-05-20T09:16:52.665+0000] {logging_mixin.py:190} INFO - 💌message is sending....
[2025-05-20T09:16:52.723+0000] {logging_mixin.py:190} INFO - 💌message is sending....
[2025-05-20T09:16:52.779+0000] {logging_mixin.py:190} INFO - 💌message is sending....
[2025-05-20T09:16:52.835+0000] {logging_mixin.py:190} INFO - 💌message is sending....
[2025-05-20T09:16:52.890+0000] {logging_mixin.py:190} INFO - 💌message is sending....
[2025-05-20T09:16:52.942+0000] {logging_mixin.py:190} INFO - 💌message is sending....
[2025-05-20T09:16:52.995+0000] {logging_mixin.py:190} INFO - 💌message is sending....
[2025-05-20T09:16:53.048+0000] {logging_mixin.py:190} INFO - 💌message is sending....
[2025-05-20T09:16:53.104+0000] {logging_mixin.py:190} INFO - 💌message is sending....
[2025-05-20T09:16:53.160+0000] {logging_mixin.py:190} INFO - 💌message is sending....
[2025-05-20T09:16:53.216+0000] {logging_mixin.py:190} INFO - 💌message is sending....
[2025-05-20T09:16:53.273+0000] {logging_mixin.py:190} INFO - 💌message is sending....
[2025-05-20T09:16:53.328+0000] {logging_mixin.py:190} INFO - 💌message is sending....
[2025-05-20T09:16:53.382+0000] {logging_mixin.py:190} INFO - 💌message is sending....
[2025-05-20T09:16:53.435+0000] {logging_mixin.py:190} INFO - 💌message is sending....
[2025-05-20T09:16:53.489+0000] {logging_mixin.py:190} INFO - 💌message is sending....
[2025-05-20T09:16:53.547+0000] {logging_mixin.py:190} INFO - 💌message is sending....
[2025-05-20T09:16:53.602+0000] {logging_mixin.py:190} INFO - 💌message is sending....
[2025-05-20T09:16:53.658+0000] {logging_mixin.py:190} INFO - 💌message is sending....
[2025-05-20T09:16:53.714+0000] {logging_mixin.py:190} INFO - 💌message is sending....
[2025-05-20T09:16:53.769+0000] {logging_mixin.py:190} INFO - 💌message is sending....
[2025-05-20T09:16:53.826+0000] {logging_mixin.py:190} INFO - 💌message is sending....
[2025-05-20T09:16:53.882+0000] {logging_mixin.py:190} INFO - 💌message is sending....
[2025-05-20T09:16:53.937+0000] {logging_mixin.py:190} INFO - 💌message is sending....
[2025-05-20T09:16:54.004+0000] {logging_mixin.py:190} INFO - 💌message is sending....
[2025-05-20T09:16:54.060+0000] {logging_mixin.py:190} INFO - 💌message is sending....
[2025-05-20T09:16:54.116+0000] {logging_mixin.py:190} INFO - 💌message is sending....
[2025-05-20T09:16:54.171+0000] {logging_mixin.py:190} INFO - 💌message is sending....
[2025-05-20T09:16:54.224+0000] {logging_mixin.py:190} INFO - 💌message is sending....
[2025-05-20T09:16:54.278+0000] {logging_mixin.py:190} INFO - 💌message is sending....
[2025-05-20T09:16:54.334+0000] {logging_mixin.py:190} INFO - 💌message is sending....
[2025-05-20T09:16:54.387+0000] {logging_mixin.py:190} INFO - 💌message is sending....
[2025-05-20T09:16:54.443+0000] {logging_mixin.py:190} INFO - 💌message is sending....
[2025-05-20T09:16:54.497+0000] {logging_mixin.py:190} INFO - 💌message is sending....
[2025-05-20T09:16:54.549+0000] {logging_mixin.py:190} INFO - 💌message is sending....
[2025-05-20T09:16:54.603+0000] {logging_mixin.py:190} INFO - 💌message is sending....
[2025-05-20T09:16:54.657+0000] {logging_mixin.py:190} INFO - 💌message is sending....
[2025-05-20T09:16:54.709+0000] {logging_mixin.py:190} INFO - 💌message is sending....
[2025-05-20T09:16:54.767+0000] {logging_mixin.py:190} INFO - 💌message is sending....
[2025-05-20T09:16:54.820+0000] {logging_mixin.py:190} INFO - 💌message is sending....
[2025-05-20T09:16:54.874+0000] {logging_mixin.py:190} INFO - 💌message is sending....
[2025-05-20T09:16:54.930+0000] {logging_mixin.py:190} INFO - 💌message is sending....
[2025-05-20T09:16:54.984+0000] {logging_mixin.py:190} INFO - 💌message is sending....
[2025-05-20T09:16:55.041+0000] {logging_mixin.py:190} INFO - 💌message is sending....
[2025-05-20T09:16:55.098+0000] {logging_mixin.py:190} INFO - 💌message is sending....
[2025-05-20T09:16:55.153+0000] {logging_mixin.py:190} INFO - 💌message is sending....
[2025-05-20T09:16:55.207+0000] {logging_mixin.py:190} INFO - 💌message is sending....
[2025-05-20T09:16:55.263+0000] {logging_mixin.py:190} INFO - 💌message is sending....
[2025-05-20T09:16:55.319+0000] {logging_mixin.py:190} INFO - 💌message is sending....
[2025-05-20T09:16:55.375+0000] {logging_mixin.py:190} INFO - 💌message is sending....
[2025-05-20T09:16:55.430+0000] {logging_mixin.py:190} INFO - 💌message is sending....
[2025-05-20T09:16:55.485+0000] {logging_mixin.py:190} INFO - 💌message is sending....
[2025-05-20T09:16:55.539+0000] {logging_mixin.py:190} INFO - 💌message is sending....
[2025-05-20T09:16:55.593+0000] {logging_mixin.py:190} INFO - 💌message is sending....
[2025-05-20T09:16:55.646+0000] {logging_mixin.py:190} INFO - 💌message is sending....
[2025-05-20T09:16:55.702+0000] {logging_mixin.py:190} INFO - 💌message is sending....
[2025-05-20T09:16:55.759+0000] {logging_mixin.py:190} INFO - 💌message is sending....
[2025-05-20T09:16:55.814+0000] {logging_mixin.py:190} INFO - 💌message is sending....
[2025-05-20T09:16:55.870+0000] {logging_mixin.py:190} INFO - 💌message is sending....
[2025-05-20T09:16:55.924+0000] {logging_mixin.py:190} INFO - 💌message is sending....
[2025-05-20T09:16:55.979+0000] {logging_mixin.py:190} INFO - 💌message is sending....
[2025-05-20T09:16:56.033+0000] {logging_mixin.py:190} INFO - 💌message is sending....
[2025-05-20T09:16:56.089+0000] {logging_mixin.py:190} INFO - 💌message is sending....
[2025-05-20T09:16:56.146+0000] {logging_mixin.py:190} INFO - 💌message is sending....
[2025-05-20T09:16:56.200+0000] {logging_mixin.py:190} INFO - 💌message is sending....
[2025-05-20T09:16:56.258+0000] {logging_mixin.py:190} INFO - 💌message is sending....
[2025-05-20T09:16:56.315+0000] {logging_mixin.py:190} INFO - 💌message is sending....
[2025-05-20T09:16:56.373+0000] {logging_mixin.py:190} INFO - 💌message is sending....
[2025-05-20T09:16:56.429+0000] {logging_mixin.py:190} INFO - 💌message is sending....
[2025-05-20T09:16:56.484+0000] {logging_mixin.py:190} INFO - 💌message is sending....
[2025-05-20T09:16:56.539+0000] {logging_mixin.py:190} INFO - 💌message is sending....
[2025-05-20T09:16:56.593+0000] {logging_mixin.py:190} INFO - 💌message is sending....
[2025-05-20T09:16:56.646+0000] {logging_mixin.py:190} INFO - 💌message is sending....
[2025-05-20T09:16:56.699+0000] {logging_mixin.py:190} INFO - 💌message is sending....
[2025-05-20T09:16:56.755+0000] {logging_mixin.py:190} INFO - 💌message is sending....
[2025-05-20T09:16:56.814+0000] {logging_mixin.py:190} INFO - 💌message is sending....
[2025-05-20T09:16:56.871+0000] {logging_mixin.py:190} INFO - 💌message is sending....
[2025-05-20T09:16:56.927+0000] {logging_mixin.py:190} INFO - 💌message is sending....
[2025-05-20T09:16:56.984+0000] {logging_mixin.py:190} INFO - 💌message is sending....
[2025-05-20T09:16:57.038+0000] {logging_mixin.py:190} INFO - 💌message is sending....
[2025-05-20T09:16:57.093+0000] {logging_mixin.py:190} INFO - 💌message is sending....
[2025-05-20T09:16:57.148+0000] {logging_mixin.py:190} INFO - 💌message is sending....
[2025-05-20T09:16:57.205+0000] {logging_mixin.py:190} INFO - 💌message is sending....
[2025-05-20T09:16:57.259+0000] {logging_mixin.py:190} INFO - 💌message is sending....
[2025-05-20T09:16:57.315+0000] {logging_mixin.py:190} INFO - 💌message is sending....
[2025-05-20T09:16:57.369+0000] {logging_mixin.py:190} INFO - 💌message is sending....
[2025-05-20T09:16:57.422+0000] {logging_mixin.py:190} INFO - 💌message is sending....
[2025-05-20T09:16:57.475+0000] {logging_mixin.py:190} INFO - 💌message is sending....
[2025-05-20T09:16:57.535+0000] {logging_mixin.py:190} INFO - 💌message is sending....
[2025-05-20T09:16:57.590+0000] {logging_mixin.py:190} INFO - 💌message is sending....
[2025-05-20T09:16:57.644+0000] {logging_mixin.py:190} INFO - 💌message is sending....
[2025-05-20T09:16:57.697+0000] {logging_mixin.py:190} INFO - 💌message is sending....
[2025-05-20T09:16:57.749+0000] {logging_mixin.py:190} INFO - 💌message is sending....
[2025-05-20T09:16:57.805+0000] {logging_mixin.py:190} INFO - 💌message is sending....
[2025-05-20T09:16:57.859+0000] {logging_mixin.py:190} INFO - 💌message is sending....
[2025-05-20T09:16:57.911+0000] {logging_mixin.py:190} INFO - 💌message is sending....
[2025-05-20T09:16:57.964+0000] {logging_mixin.py:190} INFO - 💌message is sending....
[2025-05-20T09:16:58.019+0000] {logging_mixin.py:190} INFO - 💌message is sending....
[2025-05-20T09:16:58.073+0000] {logging_mixin.py:190} INFO - 💌message is sending....
[2025-05-20T09:16:58.131+0000] {logging_mixin.py:190} INFO - 💌message is sending....
[2025-05-20T09:16:58.187+0000] {logging_mixin.py:190} INFO - 💌message is sending....
[2025-05-20T09:16:58.241+0000] {logging_mixin.py:190} INFO - 💌message is sending....
[2025-05-20T09:16:58.293+0000] {logging_mixin.py:190} INFO - 💌message is sending....
[2025-05-20T09:16:58.345+0000] {logging_mixin.py:190} INFO - 💌message is sending....
[2025-05-20T09:16:58.398+0000] {logging_mixin.py:190} INFO - 💌message is sending....
[2025-05-20T09:16:58.454+0000] {logging_mixin.py:190} INFO - 💌message is sending....
[2025-05-20T09:16:58.506+0000] {logging_mixin.py:190} INFO - 💌message is sending....
[2025-05-20T09:16:58.558+0000] {logging_mixin.py:190} INFO - 💌message is sending....
[2025-05-20T09:16:58.612+0000] {logging_mixin.py:190} INFO - 💌message is sending....
[2025-05-20T09:16:58.665+0000] {logging_mixin.py:190} INFO - 💌message is sending....
[2025-05-20T09:16:58.718+0000] {logging_mixin.py:190} INFO - 💌message is sending....
[2025-05-20T09:16:58.773+0000] {logging_mixin.py:190} INFO - 💌message is sending....
[2025-05-20T09:16:58.829+0000] {logging_mixin.py:190} INFO - 💌message is sending....
[2025-05-20T09:16:58.885+0000] {logging_mixin.py:190} INFO - 💌message is sending....
[2025-05-20T09:16:58.941+0000] {logging_mixin.py:190} INFO - 💌message is sending....
[2025-05-20T09:16:58.996+0000] {logging_mixin.py:190} INFO - 💌message is sending....
[2025-05-20T09:16:59.051+0000] {logging_mixin.py:190} INFO - 💌message is sending....
[2025-05-20T09:16:59.106+0000] {logging_mixin.py:190} INFO - 💌message is sending....
[2025-05-20T09:16:59.162+0000] {logging_mixin.py:190} INFO - 💌message is sending....
[2025-05-20T09:16:59.217+0000] {logging_mixin.py:190} INFO - 💌message is sending....
[2025-05-20T09:16:59.275+0000] {logging_mixin.py:190} INFO - 💌message is sending....
[2025-05-20T09:16:59.328+0000] {logging_mixin.py:190} INFO - 💌message is sending....
[2025-05-20T09:16:59.381+0000] {logging_mixin.py:190} INFO - 💌message is sending....
[2025-05-20T09:16:59.434+0000] {logging_mixin.py:190} INFO - 💌message is sending....
[2025-05-20T09:16:59.486+0000] {logging_mixin.py:190} INFO - 💌message is sending....
[2025-05-20T09:16:59.538+0000] {logging_mixin.py:190} INFO - 💌message is sending....
[2025-05-20T09:16:59.593+0000] {logging_mixin.py:190} INFO - 💌message is sending....
[2025-05-20T09:16:59.652+0000] {logging_mixin.py:190} INFO - 💌message is sending....
[2025-05-20T09:16:59.707+0000] {logging_mixin.py:190} INFO - 💌message is sending....
[2025-05-20T09:16:59.765+0000] {logging_mixin.py:190} INFO - 💌message is sending....
[2025-05-20T09:16:59.821+0000] {logging_mixin.py:190} INFO - 💌message is sending....
[2025-05-20T09:16:59.878+0000] {logging_mixin.py:190} INFO - 💌message is sending....
[2025-05-20T09:16:59.936+0000] {logging_mixin.py:190} INFO - 💌message is sending....
[2025-05-20T09:16:59.993+0000] {logging_mixin.py:190} INFO - 💌message is sending....
[2025-05-20T09:17:00.050+0000] {logging_mixin.py:190} INFO - 💌message is sending....
[2025-05-20T09:17:00.106+0000] {logging_mixin.py:190} INFO - 💌message is sending....
[2025-05-20T09:17:00.161+0000] {logging_mixin.py:190} INFO - 💌message is sending....
[2025-05-20T09:17:00.218+0000] {logging_mixin.py:190} INFO - 💌message is sending....
[2025-05-20T09:17:00.271+0000] {logging_mixin.py:190} INFO - 💌message is sending....
[2025-05-20T09:17:00.323+0000] {logging_mixin.py:190} INFO - 💌message is sending....
[2025-05-20T09:17:00.374+0000] {logging_mixin.py:190} INFO - 💌message is sending....
[2025-05-20T09:17:00.427+0000] {logging_mixin.py:190} INFO - 💌message is sending....
[2025-05-20T09:17:00.480+0000] {logging_mixin.py:190} INFO - 💌message is sending....
[2025-05-20T09:17:00.532+0000] {logging_mixin.py:190} INFO - 💌message is sending....
[2025-05-20T09:17:00.587+0000] {logging_mixin.py:190} INFO - 💌message is sending....
[2025-05-20T09:17:00.643+0000] {logging_mixin.py:190} INFO - 💌message is sending....
[2025-05-20T09:17:00.702+0000] {logging_mixin.py:190} INFO - 💌message is sending....
[2025-05-20T09:17:00.760+0000] {logging_mixin.py:190} INFO - 💌message is sending....
[2025-05-20T09:17:00.819+0000] {logging_mixin.py:190} INFO - 💌message is sending....
[2025-05-20T09:17:00.875+0000] {logging_mixin.py:190} INFO - 💌message is sending....
[2025-05-20T09:17:00.928+0000] {logging_mixin.py:190} INFO - 💌message is sending....
[2025-05-20T09:17:00.983+0000] {logging_mixin.py:190} INFO - 💌message is sending....
[2025-05-20T09:17:01.038+0000] {logging_mixin.py:190} INFO - 💌message is sending....
[2025-05-20T09:17:01.093+0000] {logging_mixin.py:190} INFO - 💌message is sending....
[2025-05-20T09:17:01.145+0000] {logging_mixin.py:190} INFO - 💌message is sending....
[2025-05-20T09:17:01.197+0000] {logging_mixin.py:190} INFO - 💌message is sending....
[2025-05-20T09:17:01.250+0000] {logging_mixin.py:190} INFO - 💌message is sending....
[2025-05-20T09:17:01.304+0000] {logging_mixin.py:190} INFO - 💌message is sending....
[2025-05-20T09:17:01.358+0000] {logging_mixin.py:190} INFO - 💌message is sending....
[2025-05-20T09:17:01.410+0000] {logging_mixin.py:190} INFO - 💌message is sending....
[2025-05-20T09:17:01.463+0000] {logging_mixin.py:190} INFO - 💌message is sending....
[2025-05-20T09:17:01.515+0000] {logging_mixin.py:190} INFO - 💌message is sending....
[2025-05-20T09:17:01.568+0000] {logging_mixin.py:190} INFO - 💌message is sending....
[2025-05-20T09:17:01.621+0000] {logging_mixin.py:190} INFO - 💌message is sending....
[2025-05-20T09:17:01.676+0000] {logging_mixin.py:190} INFO - 💌message is sending....
[2025-05-20T09:17:01.731+0000] {logging_mixin.py:190} INFO - 💌message is sending....
[2025-05-20T09:17:01.786+0000] {logging_mixin.py:190} INFO - 💌message is sending....
[2025-05-20T09:17:01.841+0000] {logging_mixin.py:190} INFO - 💌message is sending....
[2025-05-20T09:17:01.898+0000] {logging_mixin.py:190} INFO - 💌message is sending....
[2025-05-20T09:17:01.953+0000] {logging_mixin.py:190} INFO - 💌message is sending....
[2025-05-20T09:17:02.011+0000] {logging_mixin.py:190} INFO - 💌message is sending....
[2025-05-20T09:17:02.066+0000] {logging_mixin.py:190} INFO - 💌message is sending....
[2025-05-20T09:17:02.122+0000] {logging_mixin.py:190} INFO - 💌message is sending....
[2025-05-20T09:17:02.179+0000] {logging_mixin.py:190} INFO - 💌message is sending....
[2025-05-20T09:17:02.235+0000] {logging_mixin.py:190} INFO - 💌message is sending....
[2025-05-20T09:17:02.290+0000] {logging_mixin.py:190} INFO - 💌message is sending....
[2025-05-20T09:17:02.345+0000] {logging_mixin.py:190} INFO - 💌message is sending....
[2025-05-20T09:17:02.400+0000] {logging_mixin.py:190} INFO - 💌message is sending....
[2025-05-20T09:17:02.452+0000] {logging_mixin.py:190} INFO - 💌message is sending....
[2025-05-20T09:17:02.505+0000] {logging_mixin.py:190} INFO - 💌message is sending....
[2025-05-20T09:17:02.558+0000] {logging_mixin.py:190} INFO - 💌message is sending....
[2025-05-20T09:17:02.614+0000] {logging_mixin.py:190} INFO - 💌message is sending....
[2025-05-20T09:17:02.673+0000] {logging_mixin.py:190} INFO - 💌message is sending....
[2025-05-20T09:17:02.729+0000] {logging_mixin.py:190} INFO - 💌message is sending....
[2025-05-20T09:17:02.783+0000] {logging_mixin.py:190} INFO - 💌message is sending....
[2025-05-20T09:17:02.839+0000] {logging_mixin.py:190} INFO - 💌message is sending....
[2025-05-20T09:17:02.893+0000] {logging_mixin.py:190} INFO - 💌message is sending....
[2025-05-20T09:17:02.946+0000] {logging_mixin.py:190} INFO - 💌message is sending....
[2025-05-20T09:17:03.000+0000] {logging_mixin.py:190} INFO - 💌message is sending....
[2025-05-20T09:17:03.054+0000] {logging_mixin.py:190} INFO - 💌message is sending....
[2025-05-20T09:17:03.113+0000] {logging_mixin.py:190} INFO - 💌message is sending....
[2025-05-20T09:17:03.170+0000] {logging_mixin.py:190} INFO - 💌message is sending....
[2025-05-20T09:17:03.226+0000] {logging_mixin.py:190} INFO - 💌message is sending....
[2025-05-20T09:17:03.283+0000] {logging_mixin.py:190} INFO - 💌message is sending....
[2025-05-20T09:17:03.339+0000] {logging_mixin.py:190} INFO - 💌message is sending....
[2025-05-20T09:17:03.394+0000] {logging_mixin.py:190} INFO - 💌message is sending....
[2025-05-20T09:17:03.449+0000] {logging_mixin.py:190} INFO - 💌message is sending....
[2025-05-20T09:17:03.502+0000] {logging_mixin.py:190} INFO - 💌message is sending....
[2025-05-20T09:17:03.557+0000] {logging_mixin.py:190} INFO - 💌message is sending....
[2025-05-20T09:17:03.611+0000] {logging_mixin.py:190} INFO - 💌message is sending....
[2025-05-20T09:17:03.667+0000] {logging_mixin.py:190} INFO - 💌message is sending....
[2025-05-20T09:17:03.722+0000] {logging_mixin.py:190} INFO - 💌message is sending....
[2025-05-20T09:17:03.777+0000] {logging_mixin.py:190} INFO - 💌message is sending....
[2025-05-20T09:17:03.832+0000] {logging_mixin.py:190} INFO - 💌message is sending....
[2025-05-20T09:17:03.886+0000] {logging_mixin.py:190} INFO - 💌message is sending....
[2025-05-20T09:17:03.943+0000] {logging_mixin.py:190} INFO - 💌message is sending....
[2025-05-20T09:17:03.997+0000] {logging_mixin.py:190} INFO - 💌message is sending....
[2025-05-20T09:17:04.054+0000] {logging_mixin.py:190} INFO - 💌message is sending....
[2025-05-20T09:17:04.111+0000] {logging_mixin.py:190} INFO - 💌message is sending....
[2025-05-20T09:17:04.167+0000] {logging_mixin.py:190} INFO - 💌message is sending....
[2025-05-20T09:17:04.223+0000] {logging_mixin.py:190} INFO - 💌message is sending....
[2025-05-20T09:17:04.278+0000] {logging_mixin.py:190} INFO - 💌message is sending....
[2025-05-20T09:17:04.333+0000] {logging_mixin.py:190} INFO - 💌message is sending....
[2025-05-20T09:17:04.388+0000] {logging_mixin.py:190} INFO - 💌message is sending....
[2025-05-20T09:17:04.441+0000] {logging_mixin.py:190} INFO - 💌message is sending....
[2025-05-20T09:17:04.493+0000] {logging_mixin.py:190} INFO - 💌message is sending....
[2025-05-20T09:17:04.545+0000] {logging_mixin.py:190} INFO - 💌message is sending....
[2025-05-20T09:17:04.598+0000] {logging_mixin.py:190} INFO - 💌message is sending....
[2025-05-20T09:17:04.650+0000] {logging_mixin.py:190} INFO - 💌message is sending....
[2025-05-20T09:17:04.704+0000] {logging_mixin.py:190} INFO - 💌message is sending....
[2025-05-20T09:17:04.761+0000] {logging_mixin.py:190} INFO - 💌message is sending....
[2025-05-20T09:17:04.818+0000] {logging_mixin.py:190} INFO - 💌message is sending....
[2025-05-20T09:17:04.876+0000] {logging_mixin.py:190} INFO - 💌message is sending....
[2025-05-20T09:17:04.931+0000] {logging_mixin.py:190} INFO - 💌message is sending....
[2025-05-20T09:17:04.986+0000] {logging_mixin.py:190} INFO - 💌message is sending....
[2025-05-20T09:17:05.040+0000] {logging_mixin.py:190} INFO - 💌message is sending....
[2025-05-20T09:17:05.097+0000] {logging_mixin.py:190} INFO - 💌message is sending....
[2025-05-20T09:17:05.152+0000] {logging_mixin.py:190} INFO - 💌message is sending....
[2025-05-20T09:17:05.207+0000] {logging_mixin.py:190} INFO - 💌message is sending....
[2025-05-20T09:17:05.276+0000] {logging_mixin.py:190} INFO - 💌message is sending....
[2025-05-20T09:17:05.330+0000] {logging_mixin.py:190} INFO - 💌message is sending....
[2025-05-20T09:17:05.387+0000] {logging_mixin.py:190} INFO - 💌message is sending....
[2025-05-20T09:17:05.441+0000] {logging_mixin.py:190} INFO - 💌message is sending....
[2025-05-20T09:17:05.497+0000] {logging_mixin.py:190} INFO - 💌message is sending....
[2025-05-20T09:17:05.552+0000] {logging_mixin.py:190} INFO - 💌message is sending....
[2025-05-20T09:17:05.607+0000] {logging_mixin.py:190} INFO - 💌message is sending....
[2025-05-20T09:17:05.661+0000] {logging_mixin.py:190} INFO - 💌message is sending....
[2025-05-20T09:17:05.714+0000] {logging_mixin.py:190} INFO - 💌message is sending....
[2025-05-20T09:17:05.770+0000] {logging_mixin.py:190} INFO - 💌message is sending....
[2025-05-20T09:17:05.826+0000] {logging_mixin.py:190} INFO - 💌message is sending....
[2025-05-20T09:17:05.883+0000] {logging_mixin.py:190} INFO - 💌message is sending....
[2025-05-20T09:17:05.939+0000] {logging_mixin.py:190} INFO - 💌message is sending....
[2025-05-20T09:17:05.994+0000] {logging_mixin.py:190} INFO - 💌message is sending....
[2025-05-20T09:17:06.051+0000] {logging_mixin.py:190} INFO - 💌message is sending....
[2025-05-20T09:17:06.107+0000] {logging_mixin.py:190} INFO - 💌message is sending....
[2025-05-20T09:17:06.164+0000] {logging_mixin.py:190} INFO - 💌message is sending....
[2025-05-20T09:17:06.220+0000] {logging_mixin.py:190} INFO - 💌message is sending....
[2025-05-20T09:17:06.278+0000] {logging_mixin.py:190} INFO - 💌message is sending....
[2025-05-20T09:17:06.333+0000] {logging_mixin.py:190} INFO - 💌message is sending....
[2025-05-20T09:17:06.390+0000] {logging_mixin.py:190} INFO - 💌message is sending....
[2025-05-20T09:17:06.444+0000] {logging_mixin.py:190} INFO - 💌message is sending....
[2025-05-20T09:17:06.498+0000] {logging_mixin.py:190} INFO - 💌message is sending....
[2025-05-20T09:17:06.555+0000] {logging_mixin.py:190} INFO - 💌message is sending....
[2025-05-20T09:17:06.610+0000] {logging_mixin.py:190} INFO - 💌message is sending....
[2025-05-20T09:17:06.666+0000] {logging_mixin.py:190} INFO - 💌message is sending....
[2025-05-20T09:17:06.720+0000] {logging_mixin.py:190} INFO - 💌message is sending....
[2025-05-20T09:17:06.775+0000] {logging_mixin.py:190} INFO - 💌message is sending....
[2025-05-20T09:17:06.833+0000] {logging_mixin.py:190} INFO - 💌message is sending....
[2025-05-20T09:17:06.892+0000] {logging_mixin.py:190} INFO - 💌message is sending....
[2025-05-20T09:17:06.946+0000] {logging_mixin.py:190} INFO - 💌message is sending....
[2025-05-20T09:17:07.003+0000] {logging_mixin.py:190} INFO - 💌message is sending....
[2025-05-20T09:17:07.059+0000] {logging_mixin.py:190} INFO - 💌message is sending....
[2025-05-20T09:17:07.115+0000] {logging_mixin.py:190} INFO - 💌message is sending....
[2025-05-20T09:17:07.171+0000] {logging_mixin.py:190} INFO - 💌message is sending....
[2025-05-20T09:17:07.228+0000] {logging_mixin.py:190} INFO - 💌message is sending....
[2025-05-20T09:17:07.284+0000] {logging_mixin.py:190} INFO - 💌message is sending....
[2025-05-20T09:17:07.338+0000] {logging_mixin.py:190} INFO - 💌message is sending....
[2025-05-20T09:17:07.390+0000] {logging_mixin.py:190} INFO - 💌message is sending....
[2025-05-20T09:17:07.443+0000] {logging_mixin.py:190} INFO - 💌message is sending....
[2025-05-20T09:17:07.502+0000] {logging_mixin.py:190} INFO - 💌message is sending....
[2025-05-20T09:17:07.558+0000] {logging_mixin.py:190} INFO - 💌message is sending....
[2025-05-20T09:17:07.611+0000] {logging_mixin.py:190} INFO - 💌message is sending....
[2025-05-20T09:17:07.662+0000] {logging_mixin.py:190} INFO - 💌message is sending....
[2025-05-20T09:17:07.714+0000] {logging_mixin.py:190} INFO - 💌message is sending....
[2025-05-20T09:17:07.766+0000] {logging_mixin.py:190} INFO - 💌message is sending....
[2025-05-20T09:17:07.819+0000] {logging_mixin.py:190} INFO - 💌message is sending....
[2025-05-20T09:17:07.875+0000] {logging_mixin.py:190} INFO - 💌message is sending....
[2025-05-20T09:17:07.927+0000] {logging_mixin.py:190} INFO - 💌message is sending....
[2025-05-20T09:17:07.979+0000] {logging_mixin.py:190} INFO - 💌message is sending....
[2025-05-20T09:17:08.030+0000] {logging_mixin.py:190} INFO - 💌message is sending....
[2025-05-20T09:17:08.082+0000] {logging_mixin.py:190} INFO - 💌message is sending....
[2025-05-20T09:17:08.134+0000] {logging_mixin.py:190} INFO - 💌message is sending....
[2025-05-20T09:17:08.185+0000] {logging_mixin.py:190} INFO - 💌message is sending....
[2025-05-20T09:17:08.243+0000] {logging_mixin.py:190} INFO - 💌message is sending....
[2025-05-20T09:17:08.298+0000] {logging_mixin.py:190} INFO - 💌message is sending....
[2025-05-20T09:17:08.351+0000] {logging_mixin.py:190} INFO - 💌message is sending....
[2025-05-20T09:17:08.402+0000] {logging_mixin.py:190} INFO - 💌message is sending....
[2025-05-20T09:17:08.455+0000] {logging_mixin.py:190} INFO - 💌message is sending....
[2025-05-20T09:17:08.511+0000] {logging_mixin.py:190} INFO - 💌message is sending....
[2025-05-20T09:17:08.562+0000] {logging_mixin.py:190} INFO - 💌message is sending....
[2025-05-20T09:17:08.616+0000] {logging_mixin.py:190} INFO - 💌message is sending....
[2025-05-20T09:17:08.667+0000] {logging_mixin.py:190} INFO - 💌message is sending....
[2025-05-20T09:17:08.719+0000] {logging_mixin.py:190} INFO - 💌message is sending....
[2025-05-20T09:17:08.773+0000] {logging_mixin.py:190} INFO - 💌message is sending....
[2025-05-20T09:17:08.827+0000] {logging_mixin.py:190} INFO - 💌message is sending....
[2025-05-20T09:17:08.883+0000] {logging_mixin.py:190} INFO - 💌message is sending....
[2025-05-20T09:17:08.939+0000] {logging_mixin.py:190} INFO - 💌message is sending....
[2025-05-20T09:17:08.996+0000] {logging_mixin.py:190} INFO - 💌message is sending....
[2025-05-20T09:17:09.052+0000] {logging_mixin.py:190} INFO - 💌message is sending....
[2025-05-20T09:17:09.109+0000] {logging_mixin.py:190} INFO - 💌message is sending....
[2025-05-20T09:17:09.166+0000] {logging_mixin.py:190} INFO - 💌message is sending....
[2025-05-20T09:17:09.223+0000] {logging_mixin.py:190} INFO - 💌message is sending....
[2025-05-20T09:17:09.278+0000] {logging_mixin.py:190} INFO - 💌message is sending....
[2025-05-20T09:17:09.334+0000] {logging_mixin.py:190} INFO - 💌message is sending....
[2025-05-20T09:17:09.387+0000] {logging_mixin.py:190} INFO - 💌message is sending....
[2025-05-20T09:17:09.439+0000] {logging_mixin.py:190} INFO - 💌message is sending....
[2025-05-20T09:17:09.492+0000] {logging_mixin.py:190} INFO - 💌message is sending....
[2025-05-20T09:17:09.546+0000] {logging_mixin.py:190} INFO - 💌message is sending....
[2025-05-20T09:17:09.599+0000] {logging_mixin.py:190} INFO - 💌message is sending....
[2025-05-20T09:17:09.652+0000] {logging_mixin.py:190} INFO - 💌message is sending....
[2025-05-20T09:17:09.709+0000] {logging_mixin.py:190} INFO - 💌message is sending....
[2025-05-20T09:17:09.765+0000] {logging_mixin.py:190} INFO - 💌message is sending....
[2025-05-20T09:17:09.821+0000] {logging_mixin.py:190} INFO - 💌message is sending....
[2025-05-20T09:17:09.878+0000] {logging_mixin.py:190} INFO - 💌message is sending....
[2025-05-20T09:17:09.936+0000] {logging_mixin.py:190} INFO - 💌message is sending....
[2025-05-20T09:17:09.988+0000] {logging_mixin.py:190} INFO - 💌message is sending....
[2025-05-20T09:17:10.041+0000] {logging_mixin.py:190} INFO - 💌message is sending....
[2025-05-20T09:17:10.096+0000] {logging_mixin.py:190} INFO - 💌message is sending....
[2025-05-20T09:17:10.149+0000] {logging_mixin.py:190} INFO - 💌message is sending....
[2025-05-20T09:17:10.202+0000] {logging_mixin.py:190} INFO - 💌message is sending....
[2025-05-20T09:17:10.254+0000] {logging_mixin.py:190} INFO - 💌message is sending....
[2025-05-20T09:17:10.306+0000] {logging_mixin.py:190} INFO - 💌message is sending....
[2025-05-20T09:17:10.358+0000] {logging_mixin.py:190} INFO - 💌message is sending....
[2025-05-20T09:17:10.411+0000] {logging_mixin.py:190} INFO - 💌message is sending....
[2025-05-20T09:17:10.464+0000] {logging_mixin.py:190} INFO - 💌message is sending....
[2025-05-20T09:17:10.515+0000] {logging_mixin.py:190} INFO - 💌message is sending....
[2025-05-20T09:17:10.571+0000] {logging_mixin.py:190} INFO - 💌message is sending....
[2025-05-20T09:17:10.628+0000] {logging_mixin.py:190} INFO - 💌message is sending....
[2025-05-20T09:17:10.680+0000] {logging_mixin.py:190} INFO - 💌message is sending....
[2025-05-20T09:17:10.733+0000] {logging_mixin.py:190} INFO - 💌message is sending....
[2025-05-20T09:17:10.789+0000] {logging_mixin.py:190} INFO - 💌message is sending....
[2025-05-20T09:17:10.845+0000] {logging_mixin.py:190} INFO - 💌message is sending....
[2025-05-20T09:17:10.899+0000] {logging_mixin.py:190} INFO - 💌message is sending....
[2025-05-20T09:17:10.954+0000] {logging_mixin.py:190} INFO - 💌message is sending....
[2025-05-20T09:17:11.010+0000] {logging_mixin.py:190} INFO - 💌message is sending....
[2025-05-20T09:17:11.065+0000] {logging_mixin.py:190} INFO - 💌message is sending....
[2025-05-20T09:17:11.120+0000] {logging_mixin.py:190} INFO - 💌message is sending....
[2025-05-20T09:17:11.174+0000] {logging_mixin.py:190} INFO - 💌message is sending....
[2025-05-20T09:17:11.230+0000] {logging_mixin.py:190} INFO - 💌message is sending....
[2025-05-20T09:17:11.284+0000] {logging_mixin.py:190} INFO - 💌message is sending....
[2025-05-20T09:17:11.337+0000] {logging_mixin.py:190} INFO - 💌message is sending....
[2025-05-20T09:17:11.396+0000] {logging_mixin.py:190} INFO - 💌message is sending....
[2025-05-20T09:17:11.450+0000] {logging_mixin.py:190} INFO - 💌message is sending....
[2025-05-20T09:17:11.502+0000] {logging_mixin.py:190} INFO - 💌message is sending....
[2025-05-20T09:17:11.554+0000] {logging_mixin.py:190} INFO - 💌message is sending....
[2025-05-20T09:17:11.605+0000] {logging_mixin.py:190} INFO - 💌message is sending....
[2025-05-20T09:17:11.656+0000] {logging_mixin.py:190} INFO - 💌message is sending....
[2025-05-20T09:17:11.707+0000] {logging_mixin.py:190} INFO - 💌message is sending....
[2025-05-20T09:17:11.759+0000] {logging_mixin.py:190} INFO - 💌message is sending....
[2025-05-20T09:17:11.810+0000] {logging_mixin.py:190} INFO - ✅All messages sent
[2025-05-20T09:17:11.810+0000] {conn.py:945} INFO - <BrokerConnection client_id=kafka-python-producer-1, node_id=1 host=172.16.24.224:9092 <connected> [IPv4 ('172.16.24.224', 9092)]>: Closing connection. 
[2025-05-20T09:17:11.811+0000] {python.py:240} INFO - Done. Returned value was: None
[2025-05-20T09:17:11.815+0000] {taskinstance.py:340} INFO - ::group::Post task execution logs
[2025-05-20T09:17:11.816+0000] {taskinstance.py:352} INFO - Marking task as SUCCESS. dag_id=kafka_to_minio_to_spark, task_id=kafka_producer, run_id=scheduled__2025-05-19T16:00:00+00:00, execution_date=20250519T160000, start_date=20250520T091617, end_date=20250520T091711
[2025-05-20T09:17:11.838+0000] {local_task_job_runner.py:266} INFO - Task exited with return code 0
[2025-05-20T09:17:11.848+0000] {taskinstance.py:3900} INFO - 1 downstream tasks scheduled from follow-on schedule check
[2025-05-20T09:17:11.848+0000] {local_task_job_runner.py:245} INFO - ::endgroup::
