[2025-05-22T00:00:29.087+0000] {processor.py:186} INFO - Started process (PID=240) to work on /opt/airflow/dags/log_to_csv.py
[2025-05-22T00:00:29.089+0000] {processor.py:914} INFO - Processing file /opt/airflow/dags/log_to_csv.py for tasks to queue
[2025-05-22T00:00:29.090+0000] {logging_mixin.py:190} INFO - [2025-05-22T00:00:29.089+0000] {dagbag.py:587} INFO - Filling up the DagBag from /opt/airflow/dags/log_to_csv.py
[2025-05-22T00:00:29.160+0000] {processor.py:925} INFO - DAG(s) 'csv_to_parquet' retrieved from /opt/airflow/dags/log_to_csv.py
[2025-05-22T00:00:29.174+0000] {logging_mixin.py:190} INFO - [2025-05-22T00:00:29.174+0000] {dag.py:3229} INFO - Sync 1 DAGs
[2025-05-22T00:00:29.185+0000] {logging_mixin.py:190} INFO - [2025-05-22T00:00:29.185+0000] {dag.py:4156} INFO - Setting next_dagrun for csv_to_parquet to 2025-05-21 23:05:00+00:00, run_after=2025-05-21 23:05:00+00:00
[2025-05-22T00:00:29.192+0000] {processor.py:208} INFO - Processing /opt/airflow/dags/log_to_csv.py took 0.111 seconds
[2025-05-22T00:00:59.773+0000] {processor.py:186} INFO - Started process (PID=250) to work on /opt/airflow/dags/log_to_csv.py
[2025-05-22T00:00:59.775+0000] {processor.py:914} INFO - Processing file /opt/airflow/dags/log_to_csv.py for tasks to queue
[2025-05-22T00:00:59.776+0000] {logging_mixin.py:190} INFO - [2025-05-22T00:00:59.776+0000] {dagbag.py:587} INFO - Filling up the DagBag from /opt/airflow/dags/log_to_csv.py
[2025-05-22T00:00:59.850+0000] {processor.py:925} INFO - DAG(s) 'csv_to_parquet' retrieved from /opt/airflow/dags/log_to_csv.py
[2025-05-22T00:00:59.900+0000] {logging_mixin.py:190} INFO - [2025-05-22T00:00:59.900+0000] {dag.py:3229} INFO - Sync 1 DAGs
[2025-05-22T00:00:59.908+0000] {logging_mixin.py:190} INFO - [2025-05-22T00:00:59.908+0000] {dag.py:4156} INFO - Setting next_dagrun for csv_to_parquet to 2025-05-21 23:05:00+00:00, run_after=2025-05-21 23:05:00+00:00
[2025-05-22T00:00:59.997+0000] {processor.py:208} INFO - Processing /opt/airflow/dags/log_to_csv.py took 0.231 seconds
[2025-05-22T00:01:30.527+0000] {processor.py:186} INFO - Started process (PID=260) to work on /opt/airflow/dags/log_to_csv.py
[2025-05-22T00:01:30.528+0000] {processor.py:914} INFO - Processing file /opt/airflow/dags/log_to_csv.py for tasks to queue
[2025-05-22T00:01:30.530+0000] {logging_mixin.py:190} INFO - [2025-05-22T00:01:30.529+0000] {dagbag.py:587} INFO - Filling up the DagBag from /opt/airflow/dags/log_to_csv.py
[2025-05-22T00:01:30.605+0000] {processor.py:925} INFO - DAG(s) 'csv_to_parquet' retrieved from /opt/airflow/dags/log_to_csv.py
[2025-05-22T00:01:30.616+0000] {logging_mixin.py:190} INFO - [2025-05-22T00:01:30.616+0000] {dag.py:3229} INFO - Sync 1 DAGs
[2025-05-22T00:01:30.625+0000] {logging_mixin.py:190} INFO - [2025-05-22T00:01:30.625+0000] {dag.py:4156} INFO - Setting next_dagrun for csv_to_parquet to 2025-05-21 23:05:00+00:00, run_after=2025-05-21 23:05:00+00:00
[2025-05-22T00:01:30.631+0000] {processor.py:208} INFO - Processing /opt/airflow/dags/log_to_csv.py took 0.112 seconds
[2025-05-22T00:02:01.124+0000] {processor.py:186} INFO - Started process (PID=270) to work on /opt/airflow/dags/log_to_csv.py
[2025-05-22T00:02:01.126+0000] {processor.py:914} INFO - Processing file /opt/airflow/dags/log_to_csv.py for tasks to queue
[2025-05-22T00:02:01.127+0000] {logging_mixin.py:190} INFO - [2025-05-22T00:02:01.126+0000] {dagbag.py:587} INFO - Filling up the DagBag from /opt/airflow/dags/log_to_csv.py
[2025-05-22T00:02:01.200+0000] {processor.py:925} INFO - DAG(s) 'csv_to_parquet' retrieved from /opt/airflow/dags/log_to_csv.py
[2025-05-22T00:02:01.330+0000] {logging_mixin.py:190} INFO - [2025-05-22T00:02:01.330+0000] {dag.py:3229} INFO - Sync 1 DAGs
[2025-05-22T00:02:01.337+0000] {logging_mixin.py:190} INFO - [2025-05-22T00:02:01.337+0000] {dag.py:4156} INFO - Setting next_dagrun for csv_to_parquet to 2025-05-21 23:05:00+00:00, run_after=2025-05-21 23:05:00+00:00
[2025-05-22T00:02:01.343+0000] {processor.py:208} INFO - Processing /opt/airflow/dags/log_to_csv.py took 0.226 seconds
[2025-05-22T00:02:31.829+0000] {processor.py:186} INFO - Started process (PID=279) to work on /opt/airflow/dags/log_to_csv.py
[2025-05-22T00:02:31.831+0000] {processor.py:914} INFO - Processing file /opt/airflow/dags/log_to_csv.py for tasks to queue
[2025-05-22T00:02:31.832+0000] {logging_mixin.py:190} INFO - [2025-05-22T00:02:31.832+0000] {dagbag.py:587} INFO - Filling up the DagBag from /opt/airflow/dags/log_to_csv.py
[2025-05-22T00:02:31.910+0000] {processor.py:925} INFO - DAG(s) 'csv_to_parquet' retrieved from /opt/airflow/dags/log_to_csv.py
[2025-05-22T00:02:31.920+0000] {logging_mixin.py:190} INFO - [2025-05-22T00:02:31.920+0000] {dag.py:3229} INFO - Sync 1 DAGs
[2025-05-22T00:02:31.930+0000] {logging_mixin.py:190} INFO - [2025-05-22T00:02:31.929+0000] {dag.py:4156} INFO - Setting next_dagrun for csv_to_parquet to 2025-05-21 23:05:00+00:00, run_after=2025-05-21 23:05:00+00:00
[2025-05-22T00:02:31.936+0000] {processor.py:208} INFO - Processing /opt/airflow/dags/log_to_csv.py took 0.115 seconds
[2025-05-22T00:03:02.532+0000] {processor.py:186} INFO - Started process (PID=289) to work on /opt/airflow/dags/log_to_csv.py
[2025-05-22T00:03:02.533+0000] {processor.py:914} INFO - Processing file /opt/airflow/dags/log_to_csv.py for tasks to queue
[2025-05-22T00:03:02.535+0000] {logging_mixin.py:190} INFO - [2025-05-22T00:03:02.535+0000] {dagbag.py:587} INFO - Filling up the DagBag from /opt/airflow/dags/log_to_csv.py
[2025-05-22T00:03:02.600+0000] {processor.py:925} INFO - DAG(s) 'csv_to_parquet' retrieved from /opt/airflow/dags/log_to_csv.py
[2025-05-22T00:03:02.722+0000] {logging_mixin.py:190} INFO - [2025-05-22T00:03:02.721+0000] {dag.py:3229} INFO - Sync 1 DAGs
[2025-05-22T00:03:02.728+0000] {logging_mixin.py:190} INFO - [2025-05-22T00:03:02.728+0000] {dag.py:4156} INFO - Setting next_dagrun for csv_to_parquet to 2025-05-21 23:05:00+00:00, run_after=2025-05-21 23:05:00+00:00
[2025-05-22T00:03:02.734+0000] {processor.py:208} INFO - Processing /opt/airflow/dags/log_to_csv.py took 0.207 seconds
[2025-05-22T00:03:33.116+0000] {processor.py:186} INFO - Started process (PID=299) to work on /opt/airflow/dags/log_to_csv.py
[2025-05-22T00:03:33.117+0000] {processor.py:914} INFO - Processing file /opt/airflow/dags/log_to_csv.py for tasks to queue
[2025-05-22T00:03:33.118+0000] {logging_mixin.py:190} INFO - [2025-05-22T00:03:33.118+0000] {dagbag.py:587} INFO - Filling up the DagBag from /opt/airflow/dags/log_to_csv.py
[2025-05-22T00:03:33.184+0000] {processor.py:925} INFO - DAG(s) 'csv_to_parquet' retrieved from /opt/airflow/dags/log_to_csv.py
[2025-05-22T00:03:33.197+0000] {logging_mixin.py:190} INFO - [2025-05-22T00:03:33.196+0000] {dag.py:3229} INFO - Sync 1 DAGs
[2025-05-22T00:03:33.206+0000] {logging_mixin.py:190} INFO - [2025-05-22T00:03:33.206+0000] {dag.py:4156} INFO - Setting next_dagrun for csv_to_parquet to 2025-05-21 23:05:00+00:00, run_after=2025-05-21 23:05:00+00:00
[2025-05-22T00:03:33.215+0000] {processor.py:208} INFO - Processing /opt/airflow/dags/log_to_csv.py took 0.105 seconds
[2025-05-22T00:04:03.756+0000] {processor.py:186} INFO - Started process (PID=309) to work on /opt/airflow/dags/log_to_csv.py
[2025-05-22T00:04:03.758+0000] {processor.py:914} INFO - Processing file /opt/airflow/dags/log_to_csv.py for tasks to queue
[2025-05-22T00:04:03.759+0000] {logging_mixin.py:190} INFO - [2025-05-22T00:04:03.758+0000] {dagbag.py:587} INFO - Filling up the DagBag from /opt/airflow/dags/log_to_csv.py
[2025-05-22T00:04:03.832+0000] {processor.py:925} INFO - DAG(s) 'csv_to_parquet' retrieved from /opt/airflow/dags/log_to_csv.py
[2025-05-22T00:04:03.932+0000] {logging_mixin.py:190} INFO - [2025-05-22T00:04:03.932+0000] {dag.py:3229} INFO - Sync 1 DAGs
[2025-05-22T00:04:03.939+0000] {logging_mixin.py:190} INFO - [2025-05-22T00:04:03.939+0000] {dag.py:4156} INFO - Setting next_dagrun for csv_to_parquet to 2025-05-21 23:05:00+00:00, run_after=2025-05-21 23:05:00+00:00
[2025-05-22T00:04:03.945+0000] {processor.py:208} INFO - Processing /opt/airflow/dags/log_to_csv.py took 0.196 seconds
[2025-05-22T00:04:34.482+0000] {processor.py:186} INFO - Started process (PID=319) to work on /opt/airflow/dags/log_to_csv.py
[2025-05-22T00:04:34.484+0000] {processor.py:914} INFO - Processing file /opt/airflow/dags/log_to_csv.py for tasks to queue
[2025-05-22T00:04:34.485+0000] {logging_mixin.py:190} INFO - [2025-05-22T00:04:34.485+0000] {dagbag.py:587} INFO - Filling up the DagBag from /opt/airflow/dags/log_to_csv.py
[2025-05-22T00:04:34.553+0000] {processor.py:925} INFO - DAG(s) 'csv_to_parquet' retrieved from /opt/airflow/dags/log_to_csv.py
[2025-05-22T00:04:34.565+0000] {logging_mixin.py:190} INFO - [2025-05-22T00:04:34.565+0000] {dag.py:3229} INFO - Sync 1 DAGs
[2025-05-22T00:04:34.573+0000] {logging_mixin.py:190} INFO - [2025-05-22T00:04:34.573+0000] {dag.py:4156} INFO - Setting next_dagrun for csv_to_parquet to 2025-05-21 23:05:00+00:00, run_after=2025-05-21 23:05:00+00:00
[2025-05-22T00:04:34.580+0000] {processor.py:208} INFO - Processing /opt/airflow/dags/log_to_csv.py took 0.105 seconds
[2025-05-22T00:05:05.140+0000] {processor.py:186} INFO - Started process (PID=329) to work on /opt/airflow/dags/log_to_csv.py
[2025-05-22T00:05:05.141+0000] {processor.py:914} INFO - Processing file /opt/airflow/dags/log_to_csv.py for tasks to queue
[2025-05-22T00:05:05.144+0000] {logging_mixin.py:190} INFO - [2025-05-22T00:05:05.144+0000] {dagbag.py:587} INFO - Filling up the DagBag from /opt/airflow/dags/log_to_csv.py
[2025-05-22T00:05:05.217+0000] {processor.py:925} INFO - DAG(s) 'csv_to_parquet' retrieved from /opt/airflow/dags/log_to_csv.py
[2025-05-22T00:05:05.322+0000] {logging_mixin.py:190} INFO - [2025-05-22T00:05:05.322+0000] {dag.py:3229} INFO - Sync 1 DAGs
[2025-05-22T00:05:05.329+0000] {logging_mixin.py:190} INFO - [2025-05-22T00:05:05.329+0000] {dag.py:4156} INFO - Setting next_dagrun for csv_to_parquet to 2025-05-22 00:05:00+00:00, run_after=2025-05-22 00:05:00+00:00
[2025-05-22T00:05:05.336+0000] {processor.py:208} INFO - Processing /opt/airflow/dags/log_to_csv.py took 0.203 seconds
[2025-05-22T00:05:35.885+0000] {processor.py:186} INFO - Started process (PID=340) to work on /opt/airflow/dags/log_to_csv.py
[2025-05-22T00:05:35.886+0000] {processor.py:914} INFO - Processing file /opt/airflow/dags/log_to_csv.py for tasks to queue
[2025-05-22T00:05:35.887+0000] {logging_mixin.py:190} INFO - [2025-05-22T00:05:35.887+0000] {dagbag.py:587} INFO - Filling up the DagBag from /opt/airflow/dags/log_to_csv.py
[2025-05-22T00:05:35.961+0000] {processor.py:925} INFO - DAG(s) 'csv_to_parquet' retrieved from /opt/airflow/dags/log_to_csv.py
[2025-05-22T00:05:36.068+0000] {logging_mixin.py:190} INFO - [2025-05-22T00:05:36.068+0000] {dag.py:3229} INFO - Sync 1 DAGs
[2025-05-22T00:05:36.085+0000] {logging_mixin.py:190} INFO - [2025-05-22T00:05:36.085+0000] {dag.py:4156} INFO - Setting next_dagrun for csv_to_parquet to 2025-05-22 00:05:00+00:00, run_after=2025-05-22 00:05:00+00:00
[2025-05-22T00:05:36.104+0000] {processor.py:208} INFO - Processing /opt/airflow/dags/log_to_csv.py took 0.226 seconds
[2025-05-22T00:06:06.606+0000] {processor.py:186} INFO - Started process (PID=350) to work on /opt/airflow/dags/log_to_csv.py
[2025-05-22T00:06:06.607+0000] {processor.py:914} INFO - Processing file /opt/airflow/dags/log_to_csv.py for tasks to queue
[2025-05-22T00:06:06.609+0000] {logging_mixin.py:190} INFO - [2025-05-22T00:06:06.608+0000] {dagbag.py:587} INFO - Filling up the DagBag from /opt/airflow/dags/log_to_csv.py
[2025-05-22T00:06:06.683+0000] {processor.py:925} INFO - DAG(s) 'csv_to_parquet' retrieved from /opt/airflow/dags/log_to_csv.py
[2025-05-22T00:06:06.815+0000] {logging_mixin.py:190} INFO - [2025-05-22T00:06:06.815+0000] {dag.py:3229} INFO - Sync 1 DAGs
[2025-05-22T00:06:06.831+0000] {logging_mixin.py:190} INFO - [2025-05-22T00:06:06.831+0000] {dag.py:4156} INFO - Setting next_dagrun for csv_to_parquet to 2025-05-22 00:05:00+00:00, run_after=2025-05-22 00:05:00+00:00
[2025-05-22T00:06:06.840+0000] {processor.py:208} INFO - Processing /opt/airflow/dags/log_to_csv.py took 0.240 seconds
[2025-05-22T00:06:37.304+0000] {processor.py:186} INFO - Started process (PID=360) to work on /opt/airflow/dags/log_to_csv.py
[2025-05-22T00:06:37.305+0000] {processor.py:914} INFO - Processing file /opt/airflow/dags/log_to_csv.py for tasks to queue
[2025-05-22T00:06:37.306+0000] {logging_mixin.py:190} INFO - [2025-05-22T00:06:37.306+0000] {dagbag.py:587} INFO - Filling up the DagBag from /opt/airflow/dags/log_to_csv.py
[2025-05-22T00:06:37.379+0000] {processor.py:925} INFO - DAG(s) 'csv_to_parquet' retrieved from /opt/airflow/dags/log_to_csv.py
[2025-05-22T00:06:37.389+0000] {logging_mixin.py:190} INFO - [2025-05-22T00:06:37.389+0000] {dag.py:3229} INFO - Sync 1 DAGs
[2025-05-22T00:06:37.486+0000] {logging_mixin.py:190} INFO - [2025-05-22T00:06:37.486+0000] {dag.py:4156} INFO - Setting next_dagrun for csv_to_parquet to 2025-05-22 00:05:00+00:00, run_after=2025-05-22 00:05:00+00:00
[2025-05-22T00:06:37.492+0000] {processor.py:208} INFO - Processing /opt/airflow/dags/log_to_csv.py took 0.195 seconds
[2025-05-22T00:07:08.044+0000] {processor.py:186} INFO - Started process (PID=370) to work on /opt/airflow/dags/log_to_csv.py
[2025-05-22T00:07:08.045+0000] {processor.py:914} INFO - Processing file /opt/airflow/dags/log_to_csv.py for tasks to queue
[2025-05-22T00:07:08.045+0000] {logging_mixin.py:190} INFO - [2025-05-22T00:07:08.045+0000] {dagbag.py:587} INFO - Filling up the DagBag from /opt/airflow/dags/log_to_csv.py
[2025-05-22T00:07:08.186+0000] {processor.py:925} INFO - DAG(s) 'csv_to_parquet' retrieved from /opt/airflow/dags/log_to_csv.py
[2025-05-22T00:07:08.222+0000] {logging_mixin.py:190} INFO - [2025-05-22T00:07:08.222+0000] {dag.py:3229} INFO - Sync 1 DAGs
[2025-05-22T00:07:08.228+0000] {logging_mixin.py:190} INFO - [2025-05-22T00:07:08.228+0000] {dag.py:4156} INFO - Setting next_dagrun for csv_to_parquet to 2025-05-22 00:05:00+00:00, run_after=2025-05-22 00:05:00+00:00
[2025-05-22T00:07:08.234+0000] {processor.py:208} INFO - Processing /opt/airflow/dags/log_to_csv.py took 0.195 seconds
[2025-05-22T00:07:38.820+0000] {processor.py:186} INFO - Started process (PID=381) to work on /opt/airflow/dags/log_to_csv.py
[2025-05-22T00:07:38.822+0000] {processor.py:914} INFO - Processing file /opt/airflow/dags/log_to_csv.py for tasks to queue
[2025-05-22T00:07:38.823+0000] {logging_mixin.py:190} INFO - [2025-05-22T00:07:38.822+0000] {dagbag.py:587} INFO - Filling up the DagBag from /opt/airflow/dags/log_to_csv.py
[2025-05-22T00:07:38.910+0000] {processor.py:925} INFO - DAG(s) 'csv_to_parquet' retrieved from /opt/airflow/dags/log_to_csv.py
[2025-05-22T00:07:38.928+0000] {logging_mixin.py:190} INFO - [2025-05-22T00:07:38.928+0000] {dag.py:3229} INFO - Sync 1 DAGs
[2025-05-22T00:07:39.069+0000] {logging_mixin.py:190} INFO - [2025-05-22T00:07:39.069+0000] {dag.py:4156} INFO - Setting next_dagrun for csv_to_parquet to 2025-05-22 00:05:00+00:00, run_after=2025-05-22 00:05:00+00:00
[2025-05-22T00:07:39.077+0000] {processor.py:208} INFO - Processing /opt/airflow/dags/log_to_csv.py took 0.264 seconds
[2025-05-22T00:08:09.563+0000] {processor.py:186} INFO - Started process (PID=390) to work on /opt/airflow/dags/log_to_csv.py
[2025-05-22T00:08:09.564+0000] {processor.py:914} INFO - Processing file /opt/airflow/dags/log_to_csv.py for tasks to queue
[2025-05-22T00:08:09.565+0000] {logging_mixin.py:190} INFO - [2025-05-22T00:08:09.564+0000] {dagbag.py:587} INFO - Filling up the DagBag from /opt/airflow/dags/log_to_csv.py
[2025-05-22T00:08:09.732+0000] {processor.py:925} INFO - DAG(s) 'csv_to_parquet' retrieved from /opt/airflow/dags/log_to_csv.py
[2025-05-22T00:08:09.771+0000] {logging_mixin.py:190} INFO - [2025-05-22T00:08:09.771+0000] {dag.py:3229} INFO - Sync 1 DAGs
[2025-05-22T00:08:09.778+0000] {logging_mixin.py:190} INFO - [2025-05-22T00:08:09.778+0000] {dag.py:4156} INFO - Setting next_dagrun for csv_to_parquet to 2025-05-22 00:05:00+00:00, run_after=2025-05-22 00:05:00+00:00
[2025-05-22T00:08:09.784+0000] {processor.py:208} INFO - Processing /opt/airflow/dags/log_to_csv.py took 0.227 seconds
[2025-05-22T00:08:40.310+0000] {processor.py:186} INFO - Started process (PID=399) to work on /opt/airflow/dags/log_to_csv.py
[2025-05-22T00:08:40.311+0000] {processor.py:914} INFO - Processing file /opt/airflow/dags/log_to_csv.py for tasks to queue
[2025-05-22T00:08:40.312+0000] {logging_mixin.py:190} INFO - [2025-05-22T00:08:40.311+0000] {dagbag.py:587} INFO - Filling up the DagBag from /opt/airflow/dags/log_to_csv.py
[2025-05-22T00:08:40.370+0000] {processor.py:925} INFO - DAG(s) 'csv_to_parquet' retrieved from /opt/airflow/dags/log_to_csv.py
[2025-05-22T00:08:40.381+0000] {logging_mixin.py:190} INFO - [2025-05-22T00:08:40.381+0000] {dag.py:3229} INFO - Sync 1 DAGs
[2025-05-22T00:08:40.517+0000] {logging_mixin.py:190} INFO - [2025-05-22T00:08:40.516+0000] {dag.py:4156} INFO - Setting next_dagrun for csv_to_parquet to 2025-05-22 00:05:00+00:00, run_after=2025-05-22 00:05:00+00:00
[2025-05-22T00:08:40.543+0000] {processor.py:208} INFO - Processing /opt/airflow/dags/log_to_csv.py took 0.239 seconds
[2025-05-22T00:09:11.047+0000] {processor.py:186} INFO - Started process (PID=409) to work on /opt/airflow/dags/log_to_csv.py
[2025-05-22T00:09:11.049+0000] {processor.py:914} INFO - Processing file /opt/airflow/dags/log_to_csv.py for tasks to queue
[2025-05-22T00:09:11.050+0000] {logging_mixin.py:190} INFO - [2025-05-22T00:09:11.050+0000] {dagbag.py:587} INFO - Filling up the DagBag from /opt/airflow/dags/log_to_csv.py
[2025-05-22T00:09:11.199+0000] {processor.py:925} INFO - DAG(s) 'csv_to_parquet' retrieved from /opt/airflow/dags/log_to_csv.py
[2025-05-22T00:09:11.236+0000] {logging_mixin.py:190} INFO - [2025-05-22T00:09:11.236+0000] {dag.py:3229} INFO - Sync 1 DAGs
[2025-05-22T00:09:11.242+0000] {logging_mixin.py:190} INFO - [2025-05-22T00:09:11.242+0000] {dag.py:4156} INFO - Setting next_dagrun for csv_to_parquet to 2025-05-22 00:05:00+00:00, run_after=2025-05-22 00:05:00+00:00
[2025-05-22T00:09:11.248+0000] {processor.py:208} INFO - Processing /opt/airflow/dags/log_to_csv.py took 0.209 seconds
[2025-05-22T00:09:41.866+0000] {processor.py:186} INFO - Started process (PID=418) to work on /opt/airflow/dags/log_to_csv.py
[2025-05-22T00:09:41.867+0000] {processor.py:914} INFO - Processing file /opt/airflow/dags/log_to_csv.py for tasks to queue
[2025-05-22T00:09:41.868+0000] {logging_mixin.py:190} INFO - [2025-05-22T00:09:41.868+0000] {dagbag.py:587} INFO - Filling up the DagBag from /opt/airflow/dags/log_to_csv.py
[2025-05-22T00:09:42.054+0000] {processor.py:925} INFO - DAG(s) 'csv_to_parquet' retrieved from /opt/airflow/dags/log_to_csv.py
[2025-05-22T00:09:42.066+0000] {logging_mixin.py:190} INFO - [2025-05-22T00:09:42.066+0000] {dag.py:3229} INFO - Sync 1 DAGs
[2025-05-22T00:09:42.079+0000] {logging_mixin.py:190} INFO - [2025-05-22T00:09:42.079+0000] {dag.py:4156} INFO - Setting next_dagrun for csv_to_parquet to 2025-05-22 00:05:00+00:00, run_after=2025-05-22 00:05:00+00:00
[2025-05-22T00:09:42.087+0000] {processor.py:208} INFO - Processing /opt/airflow/dags/log_to_csv.py took 0.228 seconds
[2025-05-22T00:10:12.649+0000] {processor.py:186} INFO - Started process (PID=428) to work on /opt/airflow/dags/log_to_csv.py
[2025-05-22T00:10:12.650+0000] {processor.py:914} INFO - Processing file /opt/airflow/dags/log_to_csv.py for tasks to queue
[2025-05-22T00:10:12.651+0000] {logging_mixin.py:190} INFO - [2025-05-22T00:10:12.650+0000] {dagbag.py:587} INFO - Filling up the DagBag from /opt/airflow/dags/log_to_csv.py
[2025-05-22T00:10:12.797+0000] {processor.py:925} INFO - DAG(s) 'csv_to_parquet' retrieved from /opt/airflow/dags/log_to_csv.py
[2025-05-22T00:10:12.841+0000] {logging_mixin.py:190} INFO - [2025-05-22T00:10:12.840+0000] {dag.py:3229} INFO - Sync 1 DAGs
[2025-05-22T00:10:12.847+0000] {logging_mixin.py:190} INFO - [2025-05-22T00:10:12.847+0000] {dag.py:4156} INFO - Setting next_dagrun for csv_to_parquet to 2025-05-22 00:05:00+00:00, run_after=2025-05-22 00:05:00+00:00
[2025-05-22T00:10:12.853+0000] {processor.py:208} INFO - Processing /opt/airflow/dags/log_to_csv.py took 0.210 seconds
[2025-05-22T00:10:43.419+0000] {processor.py:186} INFO - Started process (PID=438) to work on /opt/airflow/dags/log_to_csv.py
[2025-05-22T00:10:43.420+0000] {processor.py:914} INFO - Processing file /opt/airflow/dags/log_to_csv.py for tasks to queue
[2025-05-22T00:10:43.421+0000] {logging_mixin.py:190} INFO - [2025-05-22T00:10:43.421+0000] {dagbag.py:587} INFO - Filling up the DagBag from /opt/airflow/dags/log_to_csv.py
[2025-05-22T00:10:43.566+0000] {processor.py:925} INFO - DAG(s) 'csv_to_parquet' retrieved from /opt/airflow/dags/log_to_csv.py
[2025-05-22T00:10:43.576+0000] {logging_mixin.py:190} INFO - [2025-05-22T00:10:43.576+0000] {dag.py:3229} INFO - Sync 1 DAGs
[2025-05-22T00:10:43.588+0000] {logging_mixin.py:190} INFO - [2025-05-22T00:10:43.588+0000] {dag.py:4156} INFO - Setting next_dagrun for csv_to_parquet to 2025-05-22 00:05:00+00:00, run_after=2025-05-22 00:05:00+00:00
[2025-05-22T00:10:43.593+0000] {processor.py:208} INFO - Processing /opt/airflow/dags/log_to_csv.py took 0.181 seconds
[2025-05-22T00:11:14.142+0000] {processor.py:186} INFO - Started process (PID=448) to work on /opt/airflow/dags/log_to_csv.py
[2025-05-22T00:11:14.143+0000] {processor.py:914} INFO - Processing file /opt/airflow/dags/log_to_csv.py for tasks to queue
[2025-05-22T00:11:14.144+0000] {logging_mixin.py:190} INFO - [2025-05-22T00:11:14.144+0000] {dagbag.py:587} INFO - Filling up the DagBag from /opt/airflow/dags/log_to_csv.py
[2025-05-22T00:11:14.295+0000] {processor.py:925} INFO - DAG(s) 'csv_to_parquet' retrieved from /opt/airflow/dags/log_to_csv.py
[2025-05-22T00:11:14.336+0000] {logging_mixin.py:190} INFO - [2025-05-22T00:11:14.335+0000] {dag.py:3229} INFO - Sync 1 DAGs
[2025-05-22T00:11:14.342+0000] {logging_mixin.py:190} INFO - [2025-05-22T00:11:14.342+0000] {dag.py:4156} INFO - Setting next_dagrun for csv_to_parquet to 2025-05-22 00:05:00+00:00, run_after=2025-05-22 00:05:00+00:00
[2025-05-22T00:11:14.348+0000] {processor.py:208} INFO - Processing /opt/airflow/dags/log_to_csv.py took 0.214 seconds
[2025-05-22T00:11:44.912+0000] {processor.py:186} INFO - Started process (PID=458) to work on /opt/airflow/dags/log_to_csv.py
[2025-05-22T00:11:44.912+0000] {processor.py:914} INFO - Processing file /opt/airflow/dags/log_to_csv.py for tasks to queue
[2025-05-22T00:11:44.913+0000] {logging_mixin.py:190} INFO - [2025-05-22T00:11:44.913+0000] {dagbag.py:587} INFO - Filling up the DagBag from /opt/airflow/dags/log_to_csv.py
[2025-05-22T00:11:45.085+0000] {processor.py:925} INFO - DAG(s) 'csv_to_parquet' retrieved from /opt/airflow/dags/log_to_csv.py
[2025-05-22T00:11:45.097+0000] {logging_mixin.py:190} INFO - [2025-05-22T00:11:45.096+0000] {dag.py:3229} INFO - Sync 1 DAGs
[2025-05-22T00:11:45.108+0000] {logging_mixin.py:190} INFO - [2025-05-22T00:11:45.108+0000] {dag.py:4156} INFO - Setting next_dagrun for csv_to_parquet to 2025-05-22 00:05:00+00:00, run_after=2025-05-22 00:05:00+00:00
[2025-05-22T00:11:45.114+0000] {processor.py:208} INFO - Processing /opt/airflow/dags/log_to_csv.py took 0.209 seconds
[2025-05-22T00:12:15.654+0000] {processor.py:186} INFO - Started process (PID=468) to work on /opt/airflow/dags/log_to_csv.py
[2025-05-22T00:12:15.655+0000] {processor.py:914} INFO - Processing file /opt/airflow/dags/log_to_csv.py for tasks to queue
[2025-05-22T00:12:15.656+0000] {logging_mixin.py:190} INFO - [2025-05-22T00:12:15.655+0000] {dagbag.py:587} INFO - Filling up the DagBag from /opt/airflow/dags/log_to_csv.py
[2025-05-22T00:12:15.810+0000] {processor.py:925} INFO - DAG(s) 'csv_to_parquet' retrieved from /opt/airflow/dags/log_to_csv.py
[2025-05-22T00:12:15.849+0000] {logging_mixin.py:190} INFO - [2025-05-22T00:12:15.849+0000] {dag.py:3229} INFO - Sync 1 DAGs
[2025-05-22T00:12:15.855+0000] {logging_mixin.py:190} INFO - [2025-05-22T00:12:15.855+0000] {dag.py:4156} INFO - Setting next_dagrun for csv_to_parquet to 2025-05-22 00:05:00+00:00, run_after=2025-05-22 00:05:00+00:00
[2025-05-22T00:12:15.861+0000] {processor.py:208} INFO - Processing /opt/airflow/dags/log_to_csv.py took 0.214 seconds
[2025-05-22T00:12:46.423+0000] {processor.py:186} INFO - Started process (PID=478) to work on /opt/airflow/dags/log_to_csv.py
[2025-05-22T00:12:46.424+0000] {processor.py:914} INFO - Processing file /opt/airflow/dags/log_to_csv.py for tasks to queue
[2025-05-22T00:12:46.425+0000] {logging_mixin.py:190} INFO - [2025-05-22T00:12:46.425+0000] {dagbag.py:587} INFO - Filling up the DagBag from /opt/airflow/dags/log_to_csv.py
[2025-05-22T00:12:46.585+0000] {processor.py:925} INFO - DAG(s) 'csv_to_parquet' retrieved from /opt/airflow/dags/log_to_csv.py
[2025-05-22T00:12:46.599+0000] {logging_mixin.py:190} INFO - [2025-05-22T00:12:46.598+0000] {dag.py:3229} INFO - Sync 1 DAGs
[2025-05-22T00:12:46.608+0000] {logging_mixin.py:190} INFO - [2025-05-22T00:12:46.608+0000] {dag.py:4156} INFO - Setting next_dagrun for csv_to_parquet to 2025-05-22 00:05:00+00:00, run_after=2025-05-22 00:05:00+00:00
[2025-05-22T00:12:46.614+0000] {processor.py:208} INFO - Processing /opt/airflow/dags/log_to_csv.py took 0.203 seconds
[2025-05-22T00:13:17.144+0000] {processor.py:186} INFO - Started process (PID=487) to work on /opt/airflow/dags/log_to_csv.py
[2025-05-22T00:13:17.145+0000] {processor.py:914} INFO - Processing file /opt/airflow/dags/log_to_csv.py for tasks to queue
[2025-05-22T00:13:17.145+0000] {logging_mixin.py:190} INFO - [2025-05-22T00:13:17.145+0000] {dagbag.py:587} INFO - Filling up the DagBag from /opt/airflow/dags/log_to_csv.py
[2025-05-22T00:13:17.298+0000] {processor.py:925} INFO - DAG(s) 'csv_to_parquet' retrieved from /opt/airflow/dags/log_to_csv.py
[2025-05-22T00:13:17.337+0000] {logging_mixin.py:190} INFO - [2025-05-22T00:13:17.337+0000] {dag.py:3229} INFO - Sync 1 DAGs
[2025-05-22T00:13:17.344+0000] {logging_mixin.py:190} INFO - [2025-05-22T00:13:17.344+0000] {dag.py:4156} INFO - Setting next_dagrun for csv_to_parquet to 2025-05-22 00:05:00+00:00, run_after=2025-05-22 00:05:00+00:00
[2025-05-22T00:13:17.350+0000] {processor.py:208} INFO - Processing /opt/airflow/dags/log_to_csv.py took 0.211 seconds
[2025-05-22T00:13:47.951+0000] {processor.py:186} INFO - Started process (PID=497) to work on /opt/airflow/dags/log_to_csv.py
[2025-05-22T00:13:47.952+0000] {processor.py:914} INFO - Processing file /opt/airflow/dags/log_to_csv.py for tasks to queue
[2025-05-22T00:13:47.953+0000] {logging_mixin.py:190} INFO - [2025-05-22T00:13:47.953+0000] {dagbag.py:587} INFO - Filling up the DagBag from /opt/airflow/dags/log_to_csv.py
[2025-05-22T00:13:48.111+0000] {processor.py:925} INFO - DAG(s) 'csv_to_parquet' retrieved from /opt/airflow/dags/log_to_csv.py
[2025-05-22T00:13:48.124+0000] {logging_mixin.py:190} INFO - [2025-05-22T00:13:48.124+0000] {dag.py:3229} INFO - Sync 1 DAGs
[2025-05-22T00:13:48.132+0000] {logging_mixin.py:190} INFO - [2025-05-22T00:13:48.132+0000] {dag.py:4156} INFO - Setting next_dagrun for csv_to_parquet to 2025-05-22 00:05:00+00:00, run_after=2025-05-22 00:05:00+00:00
[2025-05-22T00:13:48.138+0000] {processor.py:208} INFO - Processing /opt/airflow/dags/log_to_csv.py took 0.194 seconds
[2025-05-22T00:14:18.738+0000] {processor.py:186} INFO - Started process (PID=507) to work on /opt/airflow/dags/log_to_csv.py
[2025-05-22T00:14:18.739+0000] {processor.py:914} INFO - Processing file /opt/airflow/dags/log_to_csv.py for tasks to queue
[2025-05-22T00:14:18.740+0000] {logging_mixin.py:190} INFO - [2025-05-22T00:14:18.740+0000] {dagbag.py:587} INFO - Filling up the DagBag from /opt/airflow/dags/log_to_csv.py
[2025-05-22T00:14:18.892+0000] {processor.py:925} INFO - DAG(s) 'csv_to_parquet' retrieved from /opt/airflow/dags/log_to_csv.py
[2025-05-22T00:14:18.927+0000] {logging_mixin.py:190} INFO - [2025-05-22T00:14:18.927+0000] {dag.py:3229} INFO - Sync 1 DAGs
[2025-05-22T00:14:18.933+0000] {logging_mixin.py:190} INFO - [2025-05-22T00:14:18.933+0000] {dag.py:4156} INFO - Setting next_dagrun for csv_to_parquet to 2025-05-22 00:05:00+00:00, run_after=2025-05-22 00:05:00+00:00
[2025-05-22T00:14:18.939+0000] {processor.py:208} INFO - Processing /opt/airflow/dags/log_to_csv.py took 0.207 seconds
[2025-05-22T00:14:49.462+0000] {processor.py:186} INFO - Started process (PID=517) to work on /opt/airflow/dags/log_to_csv.py
[2025-05-22T00:14:49.463+0000] {processor.py:914} INFO - Processing file /opt/airflow/dags/log_to_csv.py for tasks to queue
[2025-05-22T00:14:49.464+0000] {logging_mixin.py:190} INFO - [2025-05-22T00:14:49.464+0000] {dagbag.py:587} INFO - Filling up the DagBag from /opt/airflow/dags/log_to_csv.py
[2025-05-22T00:14:49.651+0000] {processor.py:925} INFO - DAG(s) 'csv_to_parquet' retrieved from /opt/airflow/dags/log_to_csv.py
[2025-05-22T00:14:49.665+0000] {logging_mixin.py:190} INFO - [2025-05-22T00:14:49.665+0000] {dag.py:3229} INFO - Sync 1 DAGs
[2025-05-22T00:14:49.677+0000] {logging_mixin.py:190} INFO - [2025-05-22T00:14:49.677+0000] {dag.py:4156} INFO - Setting next_dagrun for csv_to_parquet to 2025-05-22 00:05:00+00:00, run_after=2025-05-22 00:05:00+00:00
[2025-05-22T00:14:49.684+0000] {processor.py:208} INFO - Processing /opt/airflow/dags/log_to_csv.py took 0.230 seconds
[2025-05-22T00:15:20.343+0000] {processor.py:186} INFO - Started process (PID=527) to work on /opt/airflow/dags/log_to_csv.py
[2025-05-22T00:15:20.344+0000] {processor.py:914} INFO - Processing file /opt/airflow/dags/log_to_csv.py for tasks to queue
[2025-05-22T00:15:20.345+0000] {logging_mixin.py:190} INFO - [2025-05-22T00:15:20.345+0000] {dagbag.py:587} INFO - Filling up the DagBag from /opt/airflow/dags/log_to_csv.py
[2025-05-22T00:15:20.407+0000] {processor.py:925} INFO - DAG(s) 'csv_to_parquet' retrieved from /opt/airflow/dags/log_to_csv.py
[2025-05-22T00:15:20.446+0000] {logging_mixin.py:190} INFO - [2025-05-22T00:15:20.446+0000] {dag.py:3229} INFO - Sync 1 DAGs
[2025-05-22T00:15:20.454+0000] {logging_mixin.py:190} INFO - [2025-05-22T00:15:20.454+0000] {dag.py:4156} INFO - Setting next_dagrun for csv_to_parquet to 2025-05-22 00:05:00+00:00, run_after=2025-05-22 00:05:00+00:00
[2025-05-22T00:15:20.460+0000] {processor.py:208} INFO - Processing /opt/airflow/dags/log_to_csv.py took 0.120 seconds
[2025-05-22T00:15:51.043+0000] {processor.py:186} INFO - Started process (PID=537) to work on /opt/airflow/dags/log_to_csv.py
[2025-05-22T00:15:51.043+0000] {processor.py:914} INFO - Processing file /opt/airflow/dags/log_to_csv.py for tasks to queue
[2025-05-22T00:15:51.044+0000] {logging_mixin.py:190} INFO - [2025-05-22T00:15:51.044+0000] {dagbag.py:587} INFO - Filling up the DagBag from /opt/airflow/dags/log_to_csv.py
[2025-05-22T00:15:51.113+0000] {processor.py:925} INFO - DAG(s) 'csv_to_parquet' retrieved from /opt/airflow/dags/log_to_csv.py
[2025-05-22T00:15:51.125+0000] {logging_mixin.py:190} INFO - [2025-05-22T00:15:51.125+0000] {dag.py:3229} INFO - Sync 1 DAGs
[2025-05-22T00:15:51.135+0000] {logging_mixin.py:190} INFO - [2025-05-22T00:15:51.134+0000] {dag.py:4156} INFO - Setting next_dagrun for csv_to_parquet to 2025-05-22 00:05:00+00:00, run_after=2025-05-22 00:05:00+00:00
[2025-05-22T00:15:51.141+0000] {processor.py:208} INFO - Processing /opt/airflow/dags/log_to_csv.py took 0.106 seconds
[2025-05-22T00:16:21.664+0000] {processor.py:186} INFO - Started process (PID=547) to work on /opt/airflow/dags/log_to_csv.py
[2025-05-22T00:16:21.665+0000] {processor.py:914} INFO - Processing file /opt/airflow/dags/log_to_csv.py for tasks to queue
[2025-05-22T00:16:21.666+0000] {logging_mixin.py:190} INFO - [2025-05-22T00:16:21.665+0000] {dagbag.py:587} INFO - Filling up the DagBag from /opt/airflow/dags/log_to_csv.py
[2025-05-22T00:16:21.732+0000] {processor.py:925} INFO - DAG(s) 'csv_to_parquet' retrieved from /opt/airflow/dags/log_to_csv.py
[2025-05-22T00:16:21.774+0000] {logging_mixin.py:190} INFO - [2025-05-22T00:16:21.774+0000] {dag.py:3229} INFO - Sync 1 DAGs
[2025-05-22T00:16:21.783+0000] {logging_mixin.py:190} INFO - [2025-05-22T00:16:21.783+0000] {dag.py:4156} INFO - Setting next_dagrun for csv_to_parquet to 2025-05-22 00:05:00+00:00, run_after=2025-05-22 00:05:00+00:00
[2025-05-22T00:16:21.792+0000] {processor.py:208} INFO - Processing /opt/airflow/dags/log_to_csv.py took 0.132 seconds
[2025-05-22T00:16:52.347+0000] {processor.py:186} INFO - Started process (PID=557) to work on /opt/airflow/dags/log_to_csv.py
[2025-05-22T00:16:52.347+0000] {processor.py:914} INFO - Processing file /opt/airflow/dags/log_to_csv.py for tasks to queue
[2025-05-22T00:16:52.348+0000] {logging_mixin.py:190} INFO - [2025-05-22T00:16:52.348+0000] {dagbag.py:587} INFO - Filling up the DagBag from /opt/airflow/dags/log_to_csv.py
[2025-05-22T00:16:52.409+0000] {processor.py:925} INFO - DAG(s) 'csv_to_parquet' retrieved from /opt/airflow/dags/log_to_csv.py
[2025-05-22T00:16:52.421+0000] {logging_mixin.py:190} INFO - [2025-05-22T00:16:52.421+0000] {dag.py:3229} INFO - Sync 1 DAGs
[2025-05-22T00:16:52.435+0000] {logging_mixin.py:190} INFO - [2025-05-22T00:16:52.435+0000] {dag.py:4156} INFO - Setting next_dagrun for csv_to_parquet to 2025-05-22 00:05:00+00:00, run_after=2025-05-22 00:05:00+00:00
[2025-05-22T00:16:52.444+0000] {processor.py:208} INFO - Processing /opt/airflow/dags/log_to_csv.py took 0.100 seconds
[2025-05-22T00:17:23.011+0000] {processor.py:186} INFO - Started process (PID=560) to work on /opt/airflow/dags/log_to_csv.py
[2025-05-22T00:17:23.012+0000] {processor.py:914} INFO - Processing file /opt/airflow/dags/log_to_csv.py for tasks to queue
[2025-05-22T00:17:23.013+0000] {logging_mixin.py:190} INFO - [2025-05-22T00:17:23.013+0000] {dagbag.py:587} INFO - Filling up the DagBag from /opt/airflow/dags/log_to_csv.py
[2025-05-22T00:17:23.100+0000] {processor.py:925} INFO - DAG(s) 'csv_to_parquet' retrieved from /opt/airflow/dags/log_to_csv.py
[2025-05-22T00:17:23.142+0000] {logging_mixin.py:190} INFO - [2025-05-22T00:17:23.142+0000] {dag.py:3229} INFO - Sync 1 DAGs
[2025-05-22T00:17:23.150+0000] {logging_mixin.py:190} INFO - [2025-05-22T00:17:23.150+0000] {dag.py:4156} INFO - Setting next_dagrun for csv_to_parquet to 2025-05-22 00:05:00+00:00, run_after=2025-05-22 00:05:00+00:00
[2025-05-22T00:17:23.158+0000] {processor.py:208} INFO - Processing /opt/airflow/dags/log_to_csv.py took 0.154 seconds
[2025-05-22T00:17:53.735+0000] {processor.py:186} INFO - Started process (PID=570) to work on /opt/airflow/dags/log_to_csv.py
[2025-05-22T00:17:53.736+0000] {processor.py:914} INFO - Processing file /opt/airflow/dags/log_to_csv.py for tasks to queue
[2025-05-22T00:17:53.736+0000] {logging_mixin.py:190} INFO - [2025-05-22T00:17:53.736+0000] {dagbag.py:587} INFO - Filling up the DagBag from /opt/airflow/dags/log_to_csv.py
[2025-05-22T00:17:53.806+0000] {processor.py:925} INFO - DAG(s) 'csv_to_parquet' retrieved from /opt/airflow/dags/log_to_csv.py
[2025-05-22T00:17:53.817+0000] {logging_mixin.py:190} INFO - [2025-05-22T00:17:53.817+0000] {dag.py:3229} INFO - Sync 1 DAGs
[2025-05-22T00:17:53.830+0000] {logging_mixin.py:190} INFO - [2025-05-22T00:17:53.830+0000] {dag.py:4156} INFO - Setting next_dagrun for csv_to_parquet to 2025-05-22 00:05:00+00:00, run_after=2025-05-22 00:05:00+00:00
[2025-05-22T00:17:53.837+0000] {processor.py:208} INFO - Processing /opt/airflow/dags/log_to_csv.py took 0.108 seconds
[2025-05-22T00:18:24.464+0000] {processor.py:186} INFO - Started process (PID=580) to work on /opt/airflow/dags/log_to_csv.py
[2025-05-22T00:18:24.465+0000] {processor.py:914} INFO - Processing file /opt/airflow/dags/log_to_csv.py for tasks to queue
[2025-05-22T00:18:24.466+0000] {logging_mixin.py:190} INFO - [2025-05-22T00:18:24.466+0000] {dagbag.py:587} INFO - Filling up the DagBag from /opt/airflow/dags/log_to_csv.py
[2025-05-22T00:18:24.534+0000] {processor.py:925} INFO - DAG(s) 'csv_to_parquet' retrieved from /opt/airflow/dags/log_to_csv.py
[2025-05-22T00:18:24.575+0000] {logging_mixin.py:190} INFO - [2025-05-22T00:18:24.575+0000] {dag.py:3229} INFO - Sync 1 DAGs
[2025-05-22T00:18:24.582+0000] {logging_mixin.py:190} INFO - [2025-05-22T00:18:24.582+0000] {dag.py:4156} INFO - Setting next_dagrun for csv_to_parquet to 2025-05-22 00:05:00+00:00, run_after=2025-05-22 00:05:00+00:00
[2025-05-22T00:18:24.589+0000] {processor.py:208} INFO - Processing /opt/airflow/dags/log_to_csv.py took 0.132 seconds
[2025-05-22T00:18:55.197+0000] {processor.py:186} INFO - Started process (PID=590) to work on /opt/airflow/dags/log_to_csv.py
[2025-05-22T00:18:55.198+0000] {processor.py:914} INFO - Processing file /opt/airflow/dags/log_to_csv.py for tasks to queue
[2025-05-22T00:18:55.200+0000] {logging_mixin.py:190} INFO - [2025-05-22T00:18:55.200+0000] {dagbag.py:587} INFO - Filling up the DagBag from /opt/airflow/dags/log_to_csv.py
[2025-05-22T00:18:55.295+0000] {processor.py:925} INFO - DAG(s) 'csv_to_parquet' retrieved from /opt/airflow/dags/log_to_csv.py
[2025-05-22T00:18:55.311+0000] {logging_mixin.py:190} INFO - [2025-05-22T00:18:55.311+0000] {dag.py:3229} INFO - Sync 1 DAGs
[2025-05-22T00:18:55.323+0000] {logging_mixin.py:190} INFO - [2025-05-22T00:18:55.322+0000] {dag.py:4156} INFO - Setting next_dagrun for csv_to_parquet to 2025-05-22 00:05:00+00:00, run_after=2025-05-22 00:05:00+00:00
[2025-05-22T00:18:55.330+0000] {processor.py:208} INFO - Processing /opt/airflow/dags/log_to_csv.py took 0.140 seconds
